JobId thies-vm Mon Jan 29 13:52:57 2018
wavepi 670f434d
Release-Build, compiled on 2018-01-19T14:12:01Z
from git commit 670f434de8c7a38f5d1bc9bb4a7f3c64400acab6 on branch master
initialize_mesh::Number of active cells: 4096
initialize_mesh::Number of degrees of freedom in the first spatial mesh: 4225
initialize_mesh::cell diameters: minimal = 0.0442, maximal = 0.0442
initialize_mesh::dt: 0.0235
parameters:WaveEquation::theta: 0.5
parameters:WaveEquation::tol: 1e-8
parameters:constraints::lower bound: 0.1
parameters:constraints::upper bound: 1e300
parameters:general::dimension: 2
parameters:general::finite element degree: 1
parameters:general::quadrature order: 3
parameters:inversion::method: REGINN
parameters:inversion::tau: 2
parameters:log::console depth: 2
parameters:log::file: wavepi.log
parameters:log::file depth: 100
parameters:mesh::end time: 6
parameters:mesh::initial refines: 6
parameters:mesh::initial time steps: 256
parameters:output::data: true
parameters:output::destination: ./step-{{i}}/
parameters:output::discrepancy decrease: 0.5
parameters:output::estimate: true
parameters:output::exact: true
parameters:output::interval: 50
parameters:output::last: true
parameters:output::residual: true
parameters:output::statistics: history
parameters:problem::constants: 
parameters:problem::epsilon: 1e-2
parameters:problem::initial guess: 0.5
parameters:problem::norm of codomain: L2L2
parameters:problem::norm of domain: H1L2
parameters:problem::parameter a: 1.0
parameters:problem::parameter c: 2.0
parameters:problem::parameter nu: 0.0
parameters:problem::parameter q: 0.0
parameters:problem::type: c
parameters:watchdog::discrepancy increasing: false
parameters:watchdog::discrepancy slope min values: 40
parameters:watchdog::discrepancy slope percentage: 0.25
parameters:watchdog::discrepancy slope threshold: 0.0
parameters:watchdog::discrepancy threshold: 10.0
parameters:watchdog::maximum iteration count: 0
REGINN::i=0 : rdisc=0.619, rnorm=0.250, rerr=0.750
REGINN::Saving exact parameter in ./step-0000/
REGINN::Saving data in ./step-0000/
REGINN::Saving current residual in ./step-0000/
REGINN::Saving current estimate in ./step-0000/
REGINN::0.500 ≤ estimate ≤ 0.500
REGINN::Solving linear problem using rtol=0.700 and max_iter=0
REGINN:CGLS::k=0 : rdisc=1.00, norm=0.00
REGINN:CGLS::k=1 : rdisc=0.920, norm=0.757
REGINN:CGLS::k=2 : rdisc=0.891, norm=1.05
REGINN:CGLS::k=3 : rdisc=0.852, norm=1.69
REGINN:CGLS::k=4 : rdisc=0.736, norm=5.40
REGINN:CGLS::k=5 : rdisc=0.703, norm=6.51
REGINN:CGLS::k=6 : rdisc=0.671, norm=7.59
REGINN:CGLS::Target discrepancy reached after 6 iterations.
REGINN:post_processing::Adjusted lower bound of estimate from -5.39 to 0.100
REGINN::i=1 : rdisc=0.457, rnorm=0.835, rerr=0.933
REGINN::0.100 ≤ estimate ≤ 10.2
REGINN::Solving linear problem using rtol=0.700 and max_iter=0
REGINN:CGLS::k=0 : rdisc=1.00, norm=0.00
REGINN:CGLS::k=1 : rdisc=0.942, norm=0.0815
REGINN:CGLS::k=2 : rdisc=0.847, norm=0.368
REGINN:CGLS::k=3 : rdisc=0.791, norm=0.619
REGINN:CGLS::k=4 : rdisc=0.776, norm=0.702
REGINN:CGLS::k=5 : rdisc=0.731, norm=0.975
REGINN:CGLS::k=6 : rdisc=0.699, norm=1.20
REGINN:CGLS::Target discrepancy reached after 6 iterations.
REGINN:post_processing::Adjusted lower bound of estimate from -0.561 to 0.100
REGINN::i=2 : rdisc=0.432, rnorm=0.756, rerr=0.932
REGINN::0.100 ≤ estimate ≤ 10.0
REGINN::Solving linear problem using rtol=0.665 and max_iter=0
REGINN:CGLS::k=0 : rdisc=1.00, norm=0.00
REGINN:CGLS::k=1 : rdisc=0.886, norm=0.167
REGINN:CGLS::k=2 : rdisc=0.858, norm=0.218
REGINN:CGLS::k=3 : rdisc=0.841, norm=0.261
REGINN:CGLS::k=4 : rdisc=0.825, norm=0.319
REGINN:CGLS::k=5 : rdisc=0.815, norm=0.363
REGINN:CGLS::k=6 : rdisc=0.789, norm=0.531
REGINN:CGLS::k=7 : rdisc=0.784, norm=0.569
REGINN:CGLS::k=8 : rdisc=0.771, norm=0.681
REGINN:CGLS::k=9 : rdisc=0.755, norm=0.839
REGINN:CGLS::k=10: rdisc=0.742, norm=0.969
REGINN:CGLS::k=11: rdisc=0.731, norm=1.09
REGINN:CGLS::k=12: rdisc=0.725, norm=1.16
REGINN:CGLS::k=13: rdisc=0.710, norm=1.34
REGINN:CGLS::k=14: rdisc=0.706, norm=1.40
REGINN:CGLS::k=15: rdisc=0.690, norm=1.60
REGINN:CGLS::k=16: rdisc=0.676, norm=1.81
REGINN:CGLS::k=17: rdisc=0.667, norm=1.94
REGINN:CGLS::k=18: rdisc=0.654, norm=2.14
REGINN:CGLS::Target discrepancy reached after 18 iterations.
REGINN:post_processing::Adjusted lower bound of estimate from -4.69 to 0.100
REGINN::i=3 : rdisc=33.7, rnorm=0.795, rerr=0.933
REGINN::0.100 ≤ estimate ≤ 9.89
REGINN:Watchdog::current discrepancy > 10.0 ⋅ initial discrepancy
REGINN:Watchdog::Aborting Iteration!
REGINN::Unsuccessful termination after 3 iterations!
REGINN::Saving current residual in ./step-0003/
REGINN::Saving current estimate in ./step-0003/
REGINN::0.100 ≤ estimate ≤ 9.89
stats::forward              : 5 calls, average 11.7 s per call
stats::linearization forward: 30 calls, average 9.05 s per call
stats::linearization adjoint: 30 calls, average 10.0 s per call
stats::measure forward      : 35 calls, average 0.00225 s per call
stats::measure adjoint      : 30 calls, average 0.00304 s per call
