JobId thies-vm Mon Jan 29 14:44:29 2018
wavepi 670f434d
Release-Build, compiled on 2018-01-19T14:12:01Z
from git commit 670f434de8c7a38f5d1bc9bb4a7f3c64400acab6 on branch master
initialize_mesh::Number of active cells: 4096
initialize_mesh::Number of degrees of freedom in the first spatial mesh: 4225
initialize_mesh::cell diameters: minimal = 0.177, maximal = 0.177
initialize_mesh::dt: 0.0235
parameters:WaveEquation::theta: 0.5
parameters:WaveEquation::tol: 1e-8
parameters:constraints::lower bound: 0.1
parameters:constraints::upper bound: 1e300
parameters:general::dimension: 2
parameters:general::finite element degree: 1
parameters:general::quadrature order: 3
parameters:inversion::method: REGINN
parameters:inversion::tau: 2
parameters:log::console depth: 2
parameters:log::file: wavepi.log
parameters:log::file depth: 100
parameters:mesh::end time: 6
parameters:mesh::initial refines: 6
parameters:mesh::initial time steps: 256
parameters:output::data: true
parameters:output::destination: ./step-{{i}}/
parameters:output::discrepancy decrease: 0.5
parameters:output::estimate: true
parameters:output::exact: true
parameters:output::interval: 50
parameters:output::last: true
parameters:output::residual: true
parameters:output::statistics: history
parameters:problem::constants: 
parameters:problem::epsilon: 1e-2
parameters:problem::initial guess: 1.0
parameters:problem::norm of codomain: L2L2
parameters:problem::norm of domain: H1L2
parameters:problem::parameter a: 1.0
parameters:problem::parameter c: 1.5
parameters:problem::parameter nu: 0.0
parameters:problem::parameter q: 0.0
parameters:problem::type: c
parameters:watchdog::discrepancy increasing: false
parameters:watchdog::discrepancy slope min values: 40
parameters:watchdog::discrepancy slope percentage: 0.25
parameters:watchdog::discrepancy slope threshold: 0.0
parameters:watchdog::discrepancy threshold: 10.0
parameters:watchdog::maximum iteration count: 0
REGINN::i=0 : rdisc=1.21, rnorm=0.667, rerr=0.333
REGINN::Saving exact parameter in ./step-0000/
REGINN::Saving data in ./step-0000/
REGINN::Saving current residual in ./step-0000/
REGINN::Saving current estimate in ./step-0000/
REGINN::1.00 ≤ estimate ≤ 1.00
REGINN::Solving linear problem using rtol=0.900 and max_iter=1
REGINN:CGLS::k=0 : rdisc=1.00, norm=0.00
REGINN:CGLS::k=1 : rdisc=0.774, norm=1.36
REGINN:CGLS::Safeguarding: λ=0.726 ⇒ rdisc=0.900
REGINN:CGLS::Target discrepancy reached after 1 iteration.
REGINN::i=1 : rdisc=1.08, rnorm=0.671, rerr=0.330
REGINN::0.963 ≤ estimate ≤ 1.25
REGINN::Solving linear problem using rtol=0.900 and max_iter=2
REGINN:CGLS::k=0 : rdisc=1.00, norm=0.00
REGINN:CGLS::k=1 : rdisc=0.761, norm=1.36
REGINN:CGLS::Safeguarding: λ=0.741 ⇒ rdisc=0.900
REGINN:CGLS::Target discrepancy reached after 1 iteration.
REGINN::i=2 : rdisc=0.967, rnorm=0.675, rerr=0.326
REGINN::0.990 ≤ estimate ≤ 1.51
REGINN::Solving linear problem using rtol=0.854 and max_iter=2
REGINN:CGLS::k=0 : rdisc=1.00, norm=0.00
REGINN:CGLS::k=1 : rdisc=0.750, norm=1.34
REGINN:CGLS::Safeguarding: λ=0.618 ⇒ rdisc=0.854
REGINN:CGLS::Target discrepancy reached after 1 iteration.
REGINN::i=3 : rdisc=0.815, rnorm=0.682, rerr=0.322
REGINN::0.994 ≤ estimate ≤ 1.90
REGINN::Solving linear problem using rtol=0.811 and max_iter=2
REGINN:CGLS::k=0 : rdisc=1.00, norm=0.00
REGINN:CGLS::k=1 : rdisc=0.744, norm=1.28
REGINN:CGLS::Safeguarding: λ=0.481 ⇒ rdisc=0.811
REGINN:CGLS::Target discrepancy reached after 1 iteration.
REGINN::i=4 : rdisc=0.642, rnorm=0.692, rerr=0.316
REGINN::0.997 ≤ estimate ≤ 2.41
REGINN::Solving linear problem using rtol=0.769 and max_iter=2
REGINN:CGLS::k=0 : rdisc=1.00, norm=0.00
REGINN:CGLS::k=1 : rdisc=0.764, norm=1.12
REGINN:CGLS::Safeguarding: λ=0.138 ⇒ rdisc=0.769
REGINN:CGLS::Target discrepancy reached after 1 iteration.
REGINN::i=5 : rdisc=0.456, rnorm=0.710, rerr=0.308
REGINN::Saving current residual in ./step-0005/
REGINN::Saving current estimate in ./step-0005/
REGINN::0.996 ≤ estimate ≤ 3.08
REGINN::Solving linear problem using rtol=0.730 and max_iter=2
REGINN:CGLS::k=0 : rdisc=1.00, norm=0.00
REGINN:CGLS::k=1 : rdisc=0.854, norm=0.832
REGINN:CGLS::k=2 : rdisc=0.542, norm=3.16
REGINN:CGLS::Safeguarding: λ=0.741 ⇒ rdisc=0.730
REGINN:CGLS::Target discrepancy reached after 2 iterations.
REGINN::i=6 : rdisc=0.319, rnorm=0.739, rerr=0.289
REGINN::0.989 ≤ estimate ≤ 3.45
REGINN::Solving linear problem using rtol=0.693 and max_iter=3
REGINN:CGLS::k=0 : rdisc=1.00, norm=0.00
REGINN:CGLS::k=1 : rdisc=0.667, norm=2.09
REGINN:CGLS::Safeguarding: λ=0.253 ⇒ rdisc=0.693
REGINN:CGLS::Target discrepancy reached after 1 iteration.
REGINN::i=7 : rdisc=0.230, rnorm=0.764, rerr=0.271
REGINN::0.797 ≤ estimate ≤ 2.92
REGINN::Solving linear problem using rtol=0.658 and max_iter=3
REGINN:CGLS::k=0 : rdisc=1.00, norm=0.00
REGINN:CGLS::k=1 : rdisc=0.869, norm=0.372
REGINN:CGLS::k=2 : rdisc=0.678, norm=1.21
REGINN:CGLS::k=3 : rdisc=0.412, norm=2.30
REGINN:CGLS::Safeguarding: λ=0.953 ⇒ rdisc=0.658
REGINN:CGLS::Target discrepancy reached after 3 iterations.
REGINN::i=8 : rdisc=0.157, rnorm=0.787, rerr=0.259
REGINN::Saving current residual in ./step-0008/
REGINN::Saving current estimate in ./step-0008/
REGINN::0.303 ≤ estimate ≤ 2.46
REGINN::Solving linear problem using rtol=0.624 and max_iter=4
REGINN:CGLS::k=0 : rdisc=1.00, norm=0.00
REGINN:CGLS::k=1 : rdisc=0.820, norm=0.339
REGINN:CGLS::k=2 : rdisc=0.761, norm=0.475
REGINN:CGLS::k=3 : rdisc=0.528, norm=1.31
REGINN:CGLS::Safeguarding: λ=0.609 ⇒ rdisc=0.624
REGINN:CGLS::Target discrepancy reached after 3 iterations.
REGINN::i=9 : rdisc=0.0982, rnorm=0.802, rerr=0.254
REGINN::0.925 ≤ estimate ≤ 2.12
REGINN::Solving linear problem using rtol=0.592 and max_iter=6
REGINN:CGLS::k=0 : rdisc=1.00, norm=0.00
REGINN:CGLS::k=1 : rdisc=0.953, norm=0.117
REGINN:CGLS::k=2 : rdisc=0.828, norm=0.472
REGINN:CGLS::k=3 : rdisc=0.631, norm=1.00
REGINN:CGLS::k=4 : rdisc=0.574, norm=1.15
REGINN:CGLS::Safeguarding: λ=0.556 ⇒ rdisc=0.592
REGINN:CGLS::Target discrepancy reached after 4 iterations.
REGINN::i=10: rdisc=0.0573, rnorm=0.822, rerr=0.248
REGINN::Saving current residual in ./step-0010/
REGINN::Saving current estimate in ./step-0010/
REGINN::0.958 ≤ estimate ≤ 2.95
REGINN::Solving linear problem using rtol=0.562 and max_iter=7
REGINN:CGLS::k=0 : rdisc=1.00, norm=0.00
REGINN:CGLS::k=1 : rdisc=0.979, norm=0.0319
REGINN:CGLS::k=2 : rdisc=0.925, norm=0.162
REGINN:CGLS::k=3 : rdisc=0.843, norm=0.390
REGINN:CGLS::k=4 : rdisc=0.747, norm=0.659
REGINN:CGLS::k=5 : rdisc=0.648, norm=0.942
REGINN:CGLS::k=6 : rdisc=0.628, norm=1.00
REGINN:CGLS::k=7 : rdisc=0.567, norm=1.18
REGINN:CGLS::Unsuccessful termination after 7 iterations!
REGINN::Linear solver did not achieve desired discrepancy due to max_iter.
REGINN::i=11: rdisc=0.0326, rnorm=0.837, rerr=0.241
REGINN::0.826 ≤ estimate ≤ 2.14
REGINN::Solving linear problem using rtol=0.612 and max_iter=11
REGINN:CGLS::k=0 : rdisc=1.00, norm=0.00
REGINN:CGLS::k=1 : rdisc=0.959, norm=0.0389
REGINN:CGLS::k=2 : rdisc=0.929, norm=0.0708
REGINN:CGLS::k=3 : rdisc=0.878, norm=0.171
REGINN:CGLS::k=4 : rdisc=0.853, norm=0.230
REGINN:CGLS::k=5 : rdisc=0.805, norm=0.358
REGINN:CGLS::k=6 : rdisc=0.780, norm=0.428
REGINN:CGLS::k=7 : rdisc=0.751, norm=0.513
REGINN:CGLS::k=8 : rdisc=0.734, norm=0.565
REGINN:CGLS::k=9 : rdisc=0.690, norm=0.700
REGINN:CGLS::k=10: rdisc=0.610, norm=0.954
REGINN:CGLS::Safeguarding: λ=0.153 ⇒ rdisc=0.612
REGINN:CGLS::Target discrepancy reached after 10 iterations.
REGINN:post_processing::Adjusted lower bound of estimate from -0.123 to 0.100
REGINN::i=12: rdisc=0.0204, rnorm=0.843, rerr=0.237
REGINN::Saving current residual in ./step-0012/
REGINN::Saving current estimate in ./step-0012/
REGINN::0.100 ≤ estimate ≤ 2.45
REGINN::Solving linear problem using rtol=0.980 and max_iter=17
REGINN:CGLS::k=0 : rdisc=1.00, norm=0.00
REGINN:CGLS::k=1 : rdisc=0.972, norm=0.0195
REGINN:CGLS::Safeguarding: λ=0.506 ⇒ rdisc=0.980
REGINN:CGLS::Target discrepancy reached after 1 iteration.
REGINN:post_processing::Adjusted lower bound of estimate from 0.0788 to 0.100
REGINN::i=13: rdisc=0.0200, rnorm=0.843, rerr=0.237
REGINN::0.100 ≤ estimate ≤ 2.43
REGINN::Solving linear problem using rtol=0.997 and max_iter=11
REGINN:CGLS::k=0 : rdisc=1.00, norm=0.00
REGINN:CGLS::k=1 : rdisc=0.980, norm=0.0214
REGINN:CGLS::Safeguarding: λ=0.929 ⇒ rdisc=0.997
REGINN:CGLS::Target discrepancy reached after 1 iteration.
REGINN:post_processing::Adjusted lower bound of estimate from 0.0968 to 0.100
REGINN::i=14: rdisc=0.0200, rnorm=0.843, rerr=0.237
REGINN::0.100 ≤ estimate ≤ 2.43
REGINN::Target discrepancy reached after 14 iterations.
REGINN::Saving current residual in ./step-0014/
REGINN::Saving current estimate in ./step-0014/
REGINN::0.100 ≤ estimate ≤ 2.43
stats::forward              : 16 calls, average 10.9 s per call
stats::linearization forward: 37 calls, average 9.76 s per call
stats::linearization adjoint: 37 calls, average 11.0 s per call
stats::measure forward      : 53 calls, average 0.00335 s per call
stats::measure adjoint      : 37 calls, average 0.00501 s per call
