JobId thies-laptop Tue Mar 27 15:26:37 2018
wavepi b5eb776e
Release-Build, compiled on 2018-03-27T10:44:27Z from commit b5eb776eadab4327ea609b8e9b0c49f72c157ae6 ("new mpi allreduce") on branch master

initialize_mesh::Number of active cells: 1024
initialize_mesh::Number of degrees of freedom in the first spatial mesh: 1089
initialize_mesh::cell diameters: minimal = 0.354, maximal = 0.354
initialize_mesh::dt: 0.0235
initialize_mesh::expected size of a DiscretizedFunction<2>: 2.13 MiB
Initializing problem
Generating synthetic data (inverse crime)
wall time for data synthesis        : 1.6s
wall time for mesh and problem init : 34.4ms
parameters:LogTransform::lower bound: 0.0
parameters:WaveEquation::max iter: 10000
parameters:WaveEquation::theta: 0.5
parameters:WaveEquation::tol: 1e-8
parameters:constraints::lower bound: -1e300
parameters:constraints::upper bound: 1e300
parameters:general::dimension: 2
parameters:general::finite element degree: 1
parameters:general::quadrature order: 3
parameters:inversion::method: REGINN
parameters:inversion::tau: 2
parameters:log::console depth: 2
parameters:log::file: wavepi.log
parameters:log::file depth: 6
parameters:log::file depth mpi: 4
parameters:mesh::end time: 6
parameters:mesh::initial refines: 5
parameters:mesh::initial time steps: 256
parameters:output::data: true
parameters:output::destination: ./step-{{i}}/
parameters:output::discrepancy decrease: 0.25
parameters:output::estimate: true
parameters:output::estimate transformed: false
parameters:output::exact: true
parameters:output::exact transformed: false
parameters:output::interval: 10
parameters:output::last: true
parameters:output::residual: true
parameters:output::statistics: history
parameters:problem::H1H1 beta: 0.25
parameters:problem::H1H1 gamma: 5
parameters:problem::H1L2 alpha: 0.5
parameters:problem::H2L2 alpha: 0.5
parameters:problem::H2L2 beta: 0.25
parameters:problem::H2L2+L2H1 alpha: 0.5
parameters:problem::H2L2+L2H1 beta: 0.25
parameters:problem::H2L2+L2H1 gamma: 0.5
parameters:problem::constants: 
parameters:problem::domain lp wrapping: true
parameters:problem::domain p: 1.5
parameters:problem::epsilon: 5e-3
parameters:problem::initial guess: 0.0
parameters:problem::norm of codomain: L2L2
parameters:problem::norm of domain: Coefficients
parameters:problem::parameter a: 1.0
parameters:problem::parameter c: 2.0
parameters:problem::parameter nu: 0.0
parameters:problem::parameter q: 2*if(norm{x|y|z} < 1.5, 2.0+abs(sin(t)), 0.0)
parameters:problem::transform: Identity
parameters:problem::type: q
parameters:watchdog::discrepancy increasing: false
parameters:watchdog::discrepancy slope min values: 40
parameters:watchdog::discrepancy slope percentage: 0.25
parameters:watchdog::discrepancy slope threshold: 0.0
parameters:watchdog::discrepancy threshold: 10.0
parameters:watchdog::maximum iteration count: 0
REGINN::Saving exact parameter in ./step-0000/
REGINN::Saving data in ./step-0000/
REGINN::Saving current residual in ./step-0000/
REGINN::Saving current estimate in ./step-0000/
REGINN::i=0 : rdisc=1.63 , rnorm=0.00 , rerr=1.00 
REGINN::0.00 ≤ estimate ≤ 0.00
REGINN::Solving linear problem using rtol=0.900 and max_iter=1
REGINN:Gradient::k=0 : rdisc=1.00 , norm=0.00 
REGINN:Gradient::k=1 : rdisc=0.698, norm=384. 
REGINN:Gradient::Target discrepancy reached after 1 iteration.
REGINN::i=1 : rdisc=1.15 , rnorm=0.0783, rerr=0.958
REGINN::-0.127 ≤ estimate ≤ 5.58
REGINN::
REGINN::Solving linear problem using rtol=0.900 and max_iter=2
REGINN:Gradient::k=0 : rdisc=1.00 , norm=0.00 
REGINN:Gradient::k=1 : rdisc=0.796, norm=612. 
REGINN:Gradient::Target discrepancy reached after 1 iteration.
REGINN::i=2 : rdisc=0.913, rnorm=0.189, rerr=0.921
REGINN::-0.378 ≤ estimate ≤ 12.7
REGINN::
REGINN::Solving linear problem using rtol=0.855 and max_iter=2
REGINN:Gradient::k=0 : rdisc=1.00 , norm=0.00 
REGINN:Gradient::k=1 : rdisc=0.801, norm=315. 
REGINN:Gradient::Target discrepancy reached after 1 iteration.
REGINN::i=3 : rdisc=0.736, rnorm=0.210, rerr=0.917
REGINN::-0.324 ≤ estimate ≤ 16.3
REGINN::
REGINN::Solving linear problem using rtol=0.812 and max_iter=2
REGINN:Gradient::k=0 : rdisc=1.00 , norm=0.00 
REGINN:Gradient::k=1 : rdisc=0.732, norm=600. 
REGINN:Gradient::Target discrepancy reached after 1 iteration.
REGINN::i=4 : rdisc=0.536, rnorm=0.314, rerr=0.901
REGINN::-0.449 ≤ estimate ≤ 21.7
REGINN::
REGINN::Solving linear problem using rtol=0.772 and max_iter=2
REGINN:Gradient::k=0 : rdisc=1.00 , norm=0.00 
REGINN:Gradient::k=1 : rdisc=0.878, norm=242. 
REGINN:Gradient::k=2 : rdisc=0.783, norm=408. 
REGINN:Gradient::Unsuccessful termination after 2 iterations!
REGINN::Linear solver did not achieve desired discrepancy due to max_iter.
REGINN::i=5 : rdisc=0.422, rnorm=0.361, rerr=0.877
REGINN::-4.62 ≤ estimate ≤ 20.7
REGINN::
REGINN::Solving linear problem using rtol=0.733 and max_iter=3
REGINN:Gradient::k=0 : rdisc=1.00 , norm=0.00 
REGINN:Gradient::k=1 : rdisc=0.909, norm=195. 
REGINN:Gradient::k=2 : rdisc=0.853, norm=264. 
REGINN:Gradient::k=3 : rdisc=0.799, norm=382. 
REGINN:Gradient::Unsuccessful termination after 3 iterations!
REGINN::Linear solver did not achieve desired discrepancy due to max_iter.
REGINN::Saving current residual in ./step-0006/
REGINN::Saving current estimate in ./step-0006/
REGINN::i=6 : rdisc=0.339, rnorm=0.408, rerr=0.856
REGINN::-8.97 ≤ estimate ≤ 19.5
REGINN::
REGINN::Solving linear problem using rtol=0.696 and max_iter=5
REGINN:Gradient::k=0 : rdisc=1.00 , norm=0.00 
REGINN:Gradient::k=1 : rdisc=0.955, norm=121. 
REGINN:Gradient::k=2 : rdisc=0.912, norm=162. 
REGINN:Gradient::k=3 : rdisc=0.881, norm=235. 
REGINN:Gradient::k=4 : rdisc=0.846, norm=293. 
REGINN:Gradient::k=5 : rdisc=0.822, norm=341. 
REGINN:Gradient::Unsuccessful termination after 5 iterations!
REGINN::Linear solver did not achieve desired discrepancy due to max_iter.
REGINN::i=7 : rdisc=0.283, rnorm=0.439, rerr=0.834
REGINN::-12.5 ≤ estimate ≤ 16.8
REGINN::
REGINN::Solving linear problem using rtol=0.662 and max_iter=8
REGINN:Gradient::k=0 : rdisc=1.00 , norm=0.00 
REGINN:Gradient::k=1 : rdisc=0.971, norm=68.6 
REGINN:Gradient::k=2 : rdisc=0.950, norm=86.5 
REGINN:Gradient::k=3 : rdisc=0.921, norm=156. 
REGINN:Gradient::k=4 : rdisc=0.902, norm=171. 
REGINN:Gradient::k=5 : rdisc=0.859, norm=304. 
REGINN:Gradient::k=6 : rdisc=0.828, norm=314. 
REGINN:Gradient::k=7 : rdisc=0.727, norm=664. 
REGINN:Gradient::k=8 : rdisc=0.658, norm=671. 
REGINN:Gradient::Target discrepancy reached after 8 iterations.
REGINN::i=8 : rdisc=0.191, rnorm=0.507, rerr=0.778
REGINN::-7.73 ≤ estimate ≤ 13.3
REGINN::
REGINN::Solving linear problem using rtol=0.629 and max_iter=13
REGINN:Gradient::k=0 : rdisc=1.00 , norm=0.00 
REGINN:Gradient::k=1 : rdisc=0.984, norm=29.2 
REGINN:Gradient::k=2 : rdisc=0.969, norm=47.9 
REGINN:Gradient::k=3 : rdisc=0.955, norm=68.0 
REGINN:Gradient::k=4 : rdisc=0.939, norm=93.2 
REGINN:Gradient::k=5 : rdisc=0.926, norm=110. 
REGINN:Gradient::k=6 : rdisc=0.909, norm=144. 
REGINN:Gradient::k=7 : rdisc=0.895, norm=156. 
REGINN:Gradient::k=8 : rdisc=0.864, norm=231. 
REGINN:Gradient::k=9 : rdisc=0.840, norm=239. 
REGINN:Gradient::k=10: rdisc=0.690, norm=643. 
REGINN:Gradient::k=11: rdisc=0.604, norm=647. 
REGINN:Gradient::Target discrepancy reached after 11 iterations.
REGINN::i=9 : rdisc=0.117, rnorm=0.567, rerr=0.734
REGINN::-4.09 ≤ estimate ≤ 12.1
REGINN::
REGINN::Solving linear problem using rtol=0.730 and max_iter=19
REGINN:Gradient::k=0 : rdisc=1.00 , norm=0.00 
REGINN:Gradient::k=1 : rdisc=0.989, norm=14.0 
REGINN:Gradient::k=2 : rdisc=0.980, norm=20.8 
REGINN:Gradient::k=3 : rdisc=0.972, norm=30.1 
REGINN:Gradient::k=4 : rdisc=0.963, norm=39.5 
REGINN:Gradient::k=5 : rdisc=0.956, norm=47.1 
REGINN:Gradient::k=6 : rdisc=0.947, norm=60.2 
REGINN:Gradient::k=7 : rdisc=0.939, norm=65.9 
REGINN:Gradient::k=8 : rdisc=0.923, norm=94.3 
REGINN:Gradient::k=9 : rdisc=0.911, norm=98.1 
REGINN:Gradient::k=10: rdisc=0.814, norm=302. 
REGINN:Gradient::k=11: rdisc=0.747, norm=303. 
REGINN:Gradient::k=12: rdisc=0.676, norm=477. 
REGINN:Gradient::Target discrepancy reached after 12 iterations.
REGINN::Saving current residual in ./step-0010/
REGINN::Saving current estimate in ./step-0010/
REGINN::i=10: rdisc=0.0804, rnorm=0.614, rerr=0.709
REGINN::-4.21 ≤ estimate ≤ 11.8
REGINN::
REGINN::Solving linear problem using rtol=0.752 and max_iter=23
REGINN:Gradient::k=0 : rdisc=1.00 , norm=0.00 
REGINN:Gradient::k=1 : rdisc=0.944, norm=31.2 
REGINN:Gradient::k=2 : rdisc=0.940, norm=33.3 
REGINN:Gradient::k=3 : rdisc=0.933, norm=36.6 
REGINN:Gradient::k=4 : rdisc=0.929, norm=38.3 
REGINN:Gradient::k=5 : rdisc=0.903, norm=81.7 
REGINN:Gradient::k=6 : rdisc=0.885, norm=82.6 
REGINN:Gradient::k=7 : rdisc=0.864, norm=107. 
REGINN:Gradient::k=8 : rdisc=0.853, norm=116. 
REGINN:Gradient::k=9 : rdisc=0.849, norm=116. 
REGINN:Gradient::k=10: rdisc=0.834, norm=151. 
REGINN:Gradient::k=11: rdisc=0.823, norm=150. 
REGINN:Gradient::k=12: rdisc=0.814, norm=164. 
REGINN:Gradient::k=13: rdisc=0.810, norm=165. 
REGINN:Gradient::k=14: rdisc=0.805, norm=175. 
REGINN:Gradient::k=15: rdisc=0.802, norm=175. 
REGINN:Gradient::k=16: rdisc=0.714, norm=392. 
REGINN:Gradient::Target discrepancy reached after 16 iterations.
REGINN::i=11: rdisc=0.0580, rnorm=0.651, rerr=0.686
REGINN::-3.22 ≤ estimate ≤ 11.9
REGINN::
REGINN::Solving linear problem using rtol=0.814 and max_iter=28
REGINN:Gradient::k=0 : rdisc=1.00 , norm=0.00 
REGINN:Gradient::k=1 : rdisc=0.948, norm=10.7 
REGINN:Gradient::k=2 : rdisc=0.938, norm=24.1 
