JobId arch-vm0 Thu Feb  8 14:42:27 2018
parallel job on 2 nodes
wavepi f4712ae2-dirty
Release-Build, compiled on 2018-02-08T13:38:09Z
from git commit f4712ae2f9140caf456b60314b22c989052527f7 on branch master
working dir was dirty
 D examples/problem_c_h1l2_9/history.csv
 D examples/problem_c_h1l2_9/history.gplot
 D examples/problem_c_h1l2_9/history.png
 D examples/problem_c_h1l2_9/history.svg
 D examples/problem_c_h1l2_9/history_reginn.csv
 D examples/problem_c_h1l2_9/history_reginn.gplot
 D examples/problem_c_h1l2_9/history_reginn.png
 D examples/problem_c_h1l2_9/history_reginn.svg
 D examples/problem_c_h1l2_9/step-0010/stats.csv
 D examples/problem_c_h1l2_9/step-0010/stats.gplot
 D examples/problem_c_h1l2_9/step-0010/stats.png
 D examples/problem_c_h1l2_9/step-0010/stats.svg
 M examples/problem_c_h1l2_9/wavepi.2.log
 M examples/problem_c_h1l2_9/wavepi.4.log.xz
 M examples/problem_c_h1l2_9/wavepi.cfg
 M examples/problem_c_h1l2_9/wavepi_exported.cfg
?? examples/problem_c_h1l2_8_allreduce/
?? examples/problem_c_h1l2_8_mpi/
?? examples/problem_c_h1l2_8_seq/
?? examples/problem_c_h1l2_9_seq/
initialize_mesh::Number of active cells: 4096
initialize_mesh::Number of degrees of freedom in the first spatial mesh: 4225
initialize_mesh::cell diameters: minimal = 0.177, maximal = 0.177
initialize_mesh::dt: 0.0235
initialize_mesh::expected size of a DiscretizedFunction<dim>: 8.25 MiB
parameters:WaveEquation::theta: 0.5
parameters:WaveEquation::tol: 1e-8
parameters:constraints::lower bound: 0.1
parameters:constraints::upper bound: 1e300
parameters:general::dimension: 2
parameters:general::finite element degree: 1
parameters:general::quadrature order: 3
parameters:inversion::method: REGINN
parameters:inversion::tau: 2
parameters:log::console depth: 2
parameters:log::file: wavepi.log
parameters:log::file depth: 4
parameters:mesh::end time: 6
parameters:mesh::initial refines: 6
parameters:mesh::initial time steps: 256
parameters:output::data: true
parameters:output::destination: ./step-{{i}}/
parameters:output::discrepancy decrease: 0.5
parameters:output::estimate: true
parameters:output::exact: true
parameters:output::interval: 50
parameters:output::last: true
parameters:output::residual: true
parameters:output::statistics: history
parameters:problem::H1L2 alpha: 0.5
parameters:problem::H2L2 alpha: 0.5
parameters:problem::H2L2 beta: 0.25
parameters:problem::constants: 
parameters:problem::epsilon: 1e-2
parameters:problem::initial guess: 1.0
parameters:problem::norm of codomain: L2L2
parameters:problem::norm of domain: H1L2
parameters:problem::parameter a: 1.0
parameters:problem::parameter c: 1.5
parameters:problem::parameter nu: 0.0
parameters:problem::parameter q: 0.0
parameters:problem::type: c
parameters:watchdog::discrepancy increasing: false
parameters:watchdog::discrepancy slope min values: 40
parameters:watchdog::discrepancy slope percentage: 0.25
parameters:watchdog::discrepancy slope threshold: 0.0
parameters:watchdog::discrepancy threshold: 10.0
parameters:watchdog::maximum iteration count: 0
REGINN::Saving exact parameter in ./step-0000/
REGINN::Saving data in ./step-0000/
REGINN::Saving current residual in ./step-0000/
REGINN::Saving current estimate in ./step-0000/
REGINN::i=0 : rdisc=1.25, rnorm=0.667, rerr=0.333
REGINN::1.00 ≤ estimate ≤ 1.00
REGINN::Solving linear problem using rtol=0.900 and max_iter=1
REGINN:CGLS::k=0 : rdisc=1.00, norm=0.00
REGINN:CGLS::k=1 : rdisc=0.784, norm=2.21
REGINN:CGLS::Safeguarding: λ=0.712 ⇒ rdisc=0.900
REGINN:CGLS::Target discrepancy reached after 1 iteration.
REGINN::i=1 : rdisc=1.11, rnorm=0.678, rerr=0.323
REGINN::0.992 ≤ estimate ≤ 1.22
REGINN::
REGINN::Solving linear problem using rtol=0.900 and max_iter=2
REGINN:CGLS::k=0 : rdisc=1.00, norm=0.00
REGINN:CGLS::k=1 : rdisc=0.757, norm=2.22
REGINN:CGLS::Safeguarding: λ=0.745 ⇒ rdisc=0.900
REGINN:CGLS::Target discrepancy reached after 1 iteration.
REGINN::i=2 : rdisc=0.995, rnorm=0.690, rerr=0.313
REGINN::0.990 ≤ estimate ≤ 1.40
REGINN::
REGINN::Solving linear problem using rtol=0.854 and max_iter=2
REGINN:CGLS::k=0 : rdisc=1.00, norm=0.00
REGINN:CGLS::k=1 : rdisc=0.728, norm=2.22
REGINN:CGLS::Safeguarding: λ=0.651 ⇒ rdisc=0.854
REGINN:CGLS::Target discrepancy reached after 1 iteration.
REGINN::i=3 : rdisc=0.836, rnorm=0.706, rerr=0.301
REGINN::0.989 ≤ estimate ≤ 1.66
REGINN::
REGINN::Solving linear problem using rtol=0.811 and max_iter=2
REGINN:CGLS::k=0 : rdisc=1.00, norm=0.00
REGINN:CGLS::k=1 : rdisc=0.692, norm=2.15
REGINN:CGLS::Safeguarding: λ=0.585 ⇒ rdisc=0.811
REGINN:CGLS::Target discrepancy reached after 1 iteration.
REGINN::i=4 : rdisc=0.662, rnorm=0.727, rerr=0.288
REGINN::0.992 ≤ estimate ≤ 1.95
REGINN::
REGINN::Solving linear problem using rtol=0.769 and max_iter=2
REGINN:CGLS::k=0 : rdisc=1.00, norm=0.00
REGINN:CGLS::k=1 : rdisc=0.667, norm=1.95
REGINN:CGLS::Safeguarding: λ=0.515 ⇒ rdisc=0.769
REGINN:CGLS::Target discrepancy reached after 1 iteration.
REGINN::Saving current residual in ./step-0005/
REGINN::Saving current estimate in ./step-0005/
REGINN::i=5 : rdisc=0.496, rnorm=0.750, rerr=0.276
REGINN::0.989 ≤ estimate ≤ 2.27
REGINN::
REGINN::Solving linear problem using rtol=0.730 and max_iter=2
REGINN:CGLS::k=0 : rdisc=1.00, norm=0.00
REGINN:CGLS::k=1 : rdisc=0.686, norm=1.63
REGINN:CGLS::Safeguarding: λ=0.344 ⇒ rdisc=0.730
REGINN:CGLS::Target discrepancy reached after 1 iteration.
REGINN::i=6 : rdisc=0.352, rnorm=0.778, rerr=0.263
REGINN::0.984 ≤ estimate ≤ 2.66
REGINN::
REGINN::Solving linear problem using rtol=0.693 and max_iter=2
REGINN:CGLS::k=0 : rdisc=1.00, norm=0.00
REGINN:CGLS::k=1 : rdisc=0.762, norm=1.32
REGINN:CGLS::k=2 : rdisc=0.540, norm=2.74
REGINN:CGLS::Safeguarding: λ=0.808 ⇒ rdisc=0.693
REGINN:CGLS::Target discrepancy reached after 2 iterations.
REGINN::Saving current residual in ./step-0007/
REGINN::Saving current estimate in ./step-0007/
REGINN::i=7 : rdisc=0.236, rnorm=0.819, rerr=0.241
REGINN::0.975 ≤ estimate ≤ 3.20
REGINN::
REGINN::Solving linear problem using rtol=0.658 and max_iter=3
REGINN:CGLS::k=0 : rdisc=1.00, norm=0.00
REGINN:CGLS::k=1 : rdisc=0.794, norm=1.18
REGINN:CGLS::k=2 : rdisc=0.488, norm=2.71
REGINN:CGLS::Safeguarding: λ=0.703 ⇒ rdisc=0.658
REGINN:CGLS::Target discrepancy reached after 2 iterations.
REGINN::i=8 : rdisc=0.158, rnorm=0.838, rerr=0.222
REGINN::0.966 ≤ estimate ≤ 2.49
REGINN::
REGINN::Solving linear problem using rtol=0.624 and max_iter=4
REGINN:CGLS::k=0 : rdisc=1.00, norm=0.00
REGINN:CGLS::k=1 : rdisc=0.856, norm=0.433
REGINN:CGLS::k=2 : rdisc=0.481, norm=1.90
REGINN:CGLS::Safeguarding: λ=0.561 ⇒ rdisc=0.624
REGINN:CGLS::Target discrepancy reached after 2 iterations.
REGINN::Saving current residual in ./step-0009/
REGINN::Saving current estimate in ./step-0009/
REGINN::i=9 : rdisc=0.0998, rnorm=0.860, rerr=0.211
REGINN::0.959 ≤ estimate ≤ 2.34
REGINN::
REGINN::Solving linear problem using rtol=0.592 and max_iter=4
REGINN:CGLS::k=0 : rdisc=1.00, norm=0.00
REGINN:CGLS::k=1 : rdisc=0.878, norm=0.384
REGINN:CGLS::k=2 : rdisc=0.629, norm=1.14
REGINN:CGLS::k=3 : rdisc=0.490, norm=1.51
REGINN:CGLS::Safeguarding: λ=0.842 ⇒ rdisc=0.592
REGINN:CGLS::Target discrepancy reached after 3 iterations.
REGINN::i=10: rdisc=0.0596, rnorm=0.884, rerr=0.202
REGINN::0.951 ≤ estimate ≤ 2.06
REGINN::
REGINN::Solving linear problem using rtol=0.562 and max_iter=5
REGINN:CGLS::k=0 : rdisc=1.00, norm=0.00
REGINN:CGLS::k=1 : rdisc=0.859, norm=0.192
REGINN:CGLS::k=2 : rdisc=0.735, norm=0.546
REGINN:CGLS::k=3 : rdisc=0.628, norm=0.886
REGINN:CGLS::k=4 : rdisc=0.590, norm=1.00
REGINN:CGLS::k=5 : rdisc=0.548, norm=1.14
REGINN:CGLS::Safeguarding: λ=0.572 ⇒ rdisc=0.562
REGINN:CGLS::Target discrepancy reached after 5 iterations.
REGINN::Saving current residual in ./step-0011/
REGINN::Saving current estimate in ./step-0011/
REGINN::i=11: rdisc=0.0335, rnorm=0.898, rerr=0.194
REGINN::0.795 ≤ estimate ≤ 1.97
REGINN::
REGINN::Solving linear problem using rtol=0.597 and max_iter=8
REGINN:CGLS::k=0 : rdisc=1.00, norm=0.00
REGINN:CGLS::k=1 : rdisc=0.975, norm=0.0483
REGINN:CGLS::k=2 : rdisc=0.903, norm=0.219
REGINN:CGLS::k=3 : rdisc=0.850, norm=0.353
REGINN:CGLS::k=4 : rdisc=0.762, norm=0.597
REGINN:CGLS::k=5 : rdisc=0.690, norm=0.808
REGINN:CGLS::k=6 : rdisc=0.649, norm=0.926
REGINN:CGLS::k=7 : rdisc=0.589, norm=1.10
REGINN:CGLS::Safeguarding: λ=0.360 ⇒ rdisc=0.597
REGINN:CGLS::Target discrepancy reached after 7 iterations.
REGINN::i=12: rdisc=0.0202, rnorm=0.904, rerr=0.187
REGINN::0.197 ≤ estimate ≤ 1.94
REGINN::
REGINN::Solving linear problem using rtol=0.987 and max_iter=12
REGINN:CGLS::k=0 : rdisc=1.00, norm=0.00
REGINN:CGLS::k=1 : rdisc=0.961, norm=0.0372
REGINN:CGLS::Safeguarding: λ=0.820 ⇒ rdisc=0.987
REGINN:CGLS::Target discrepancy reached after 1 iteration.
REGINN::i=13: rdisc=0.0200, rnorm=0.904, rerr=0.187
REGINN::0.196 ≤ estimate ≤ 1.94
REGINN::
REGINN::Saving current residual in ./step-0013/
REGINN::Saving current estimate in ./step-0013/
REGINN::Target discrepancy reached after 13 iterations.
REGINN::0.196 ≤ estimate ≤ 1.94
stats::forward              : 15 calls, average 5.56 s per call
stats::linearization forward: 28 calls, average 4.97 s per call
stats::linearization adjoint: 28 calls, average 5.43 s per call
stats::measure forward      : 43 calls, average 0.00752 s per call
stats::measure adjoint      : 28 calls, average 0.00309 s per call
stats::mpi communication    : 178. s, average 2.50 s per pde solution
Wall: 970. User: 3.01e+03 System: 199. Child-User: 0.850 Child-System: 0.220
