JobId thies-laptop Fri Dec 15 15:20:35 2017
wavepi 2a1bc2ec-dirty
Release-Build, compiled on 2017-12-15T14:14:26Z
from git commit 2a1bc2ec283b15e4035a9d8ef5d2bb0b8623a004 on branch master
working dir was dirty
   modified: include/forward/DiscretizedFunction.h include/inversion/ConjugateGradients.h include/inversion/GradientDescent.h 
   untracked: examples/problem_c_3_old/ 
initialize_mesh::Number of active cells: 1024
initialize_mesh::Number of degrees of freedom in the first spatial mesh: 1089
initialize_mesh::cell diameters: minimal = 0.354, maximal = 0.354
initialize_mesh::dt: 0.0235
parameters:WaveEquation::theta: 0.5
parameters:WaveEquation::tol: 1e-8
parameters:constraints::lower bound: 0.1
parameters:constraints::upper bound: 1e300
parameters:general::dimension: 2
parameters:general::finite element degree: 1
parameters:general::quadrature order: 3
parameters:inversion::method: REGINN
parameters:inversion::tau: 2
parameters:log::console depth: 2
parameters:log::file: wavepi.log
parameters:log::file depth: 100
parameters:mesh::end time: 6
parameters:mesh::initial refines: 5
parameters:mesh::initial time steps: 256
parameters:output::data: true
parameters:output::destination: ./step-{{i}}/
parameters:output::discrepancy decrease: 0.5
parameters:output::estimate: true
parameters:output::exact: true
parameters:output::interval: 50
parameters:output::last: true
parameters:output::residual: true
parameters:output::statistics: history
parameters:problem::constants: 
parameters:problem::epsilon: 1e-2
parameters:problem::initial guess: 1.0
parameters:problem::parameter a: 1.0
parameters:problem::parameter c: 1.5
parameters:problem::parameter nu: 0.0
parameters:problem::parameter q: 0.0
parameters:problem::type: L2C
parameters:watchdog::discrepancy increasing: false
parameters:watchdog::discrepancy slope min values: 40
parameters:watchdog::discrepancy slope percentage: 0.25
parameters:watchdog::discrepancy slope threshold: 0.0
parameters:watchdog::discrepancy threshold: 10.0
parameters:watchdog::maximum iteration count: 0
REGINN::i=0: rdisc=1.20, rnorm=0.667, rerr=0.333
REGINN::Saving exact parameter in ./step-0000/
REGINN::Saving data in ./step-0000/
REGINN::Saving current residual in ./step-0000/
REGINN::Saving current estimate in ./step-0000/
REGINN::1.00 <= estimate <= 1.00
REGINN:StatOutput::gnuplot exited with status code != 0 
REGINN::Solving linear problem using rtol=0.900 and max_iter=1
REGINN:CGLS::k=0: rdisc=1.00, norm=0.00
REGINN:CGLS::k=1: rdisc=0.549, norm=1.17
REGINN:CGLS::Target discrepancy reached after 1 iteration.
REGINN:post_processing::Adjusted lower bound of estimate from -2.91 to 0.100
REGINN::i=1: rdisc=0.754, rnorm=0.674, rerr=0.329
REGINN::0.100 <= estimate <= 2.74
REGINN::Solving linear problem using rtol=0.900 and max_iter=2
REGINN:CGLS::k=0: rdisc=1.00, norm=0.00
REGINN:CGLS::k=1: rdisc=0.872, norm=0.179
REGINN:CGLS::compute_safeguarding_factor: x1 = 0.454, x2 = -0.454
REGINN:CGLS::safeguarding: rdisc = 0.900
REGINN:CGLS::Target discrepancy reached after 1 iteration.
REGINN:post_processing::Adjusted lower bound of estimate from -4.55 to 0.100
REGINN::i=2: rdisc=0.707, rnorm=0.675, rerr=0.329
REGINN::0.100 <= estimate <= 2.98
REGINN::Solving linear problem using rtol=0.854 and max_iter=2
REGINN:CGLS::k=0: rdisc=1.00, norm=0.00
REGINN:CGLS::k=1: rdisc=0.777, norm=0.318
REGINN:CGLS::compute_safeguarding_factor: x1 = 0.563, x2 = -0.563
REGINN:CGLS::safeguarding: rdisc = 0.854
REGINN:CGLS::Target discrepancy reached after 1 iteration.
REGINN:post_processing::Adjusted lower bound of estimate from -2.87 to 0.100
REGINN::i=3: rdisc=0.621, rnorm=0.677, rerr=0.328
REGINN::0.100 <= estimate <= 6.68
REGINN::Solving linear problem using rtol=0.811 and max_iter=2
REGINN:CGLS::k=0: rdisc=1.00, norm=0.00
REGINN:CGLS::k=1: rdisc=0.845, norm=0.179
REGINN:CGLS::k=2: rdisc=0.807, norm=0.220
REGINN:CGLS::Target discrepancy reached after 2 iterations.
REGINN:post_processing::Adjusted lower bound of estimate from -2.82 to 0.100
REGINN::i=4: rdisc=0.583, rnorm=0.678, rerr=0.327
REGINN::Saving current residual in ./step-0004/
REGINN::Saving current estimate in ./step-0004/
REGINN::0.100 <= estimate <= 6.68
REGINN::Solving linear problem using rtol=0.769 and max_iter=3
REGINN:CGLS::k=0: rdisc=1.00, norm=0.00
REGINN:CGLS::k=1: rdisc=0.829, norm=0.205
REGINN:CGLS::k=2: rdisc=0.756, norm=0.304
REGINN:CGLS::compute_safeguarding_factor: x1 = 0.424, x2 = -0.424
REGINN:CGLS::safeguarding: rdisc = 0.769
REGINN:CGLS::Target discrepancy reached after 2 iterations.
REGINN:post_processing::Adjusted lower bound of estimate from -2.35 to 0.100
REGINN::i=5: rdisc=0.516, rnorm=0.680, rerr=0.327
REGINN::0.100 <= estimate <= 6.70
REGINN::Solving linear problem using rtol=0.730 and max_iter=4
REGINN:CGLS::k=0: rdisc=1.00, norm=0.00
REGINN:CGLS::k=1: rdisc=0.887, norm=0.111
REGINN:CGLS::k=2: rdisc=0.786, norm=0.260
REGINN:CGLS::k=3: rdisc=0.711, norm=0.396
REGINN:CGLS::compute_safeguarding_factor: x1 = 0.495, x2 = -0.495
REGINN:CGLS::safeguarding: rdisc = 0.730
REGINN:CGLS::Target discrepancy reached after 3 iterations.
REGINN:post_processing::Adjusted lower bound of estimate from -0.692 to 0.100
REGINN::i=6: rdisc=0.456, rnorm=0.683, rerr=0.326
REGINN::0.100 <= estimate <= 6.87
REGINN::Solving linear problem using rtol=0.693 and max_iter=5
REGINN:CGLS::k=0: rdisc=1.00, norm=0.00
REGINN:CGLS::k=1: rdisc=0.915, norm=0.0619
REGINN:CGLS::k=2: rdisc=0.864, norm=0.123
REGINN:CGLS::k=3: rdisc=0.784, norm=0.261
REGINN:CGLS::k=4: rdisc=0.681, norm=0.452
REGINN:CGLS::compute_safeguarding_factor: x1 = 0.328, x2 = -0.329
REGINN:CGLS::safeguarding: rdisc = 0.693
REGINN:CGLS::Target discrepancy reached after 4 iterations.
REGINN:post_processing::Adjusted lower bound of estimate from -0.694 to 0.100
REGINN::i=7: rdisc=0.428, rnorm=0.686, rerr=0.326
REGINN::0.100 <= estimate <= 6.80
REGINN::Solving linear problem using rtol=0.658 and max_iter=7
REGINN:CGLS::k=0: rdisc=1.00, norm=0.00
REGINN:CGLS::k=1: rdisc=0.893, norm=0.0700
REGINN:CGLS::k=2: rdisc=0.830, norm=0.138
REGINN:CGLS::k=3: rdisc=0.780, norm=0.215
REGINN:CGLS::k=4: rdisc=0.659, norm=0.450
REGINN:CGLS::k=5: rdisc=0.585, norm=0.590
REGINN:CGLS::compute_safeguarding_factor: x1 = 0.988, x2 = -0.989
REGINN:CGLS::safeguarding: rdisc = 0.658
REGINN:CGLS::Target discrepancy reached after 5 iterations.
REGINN:post_processing::Adjusted lower bound of estimate from -1.94 to 0.100
REGINN::i=8: rdisc=0.407, rnorm=0.688, rerr=0.326
REGINN::0.100 <= estimate <= 6.73
REGINN::Solving linear problem using rtol=0.624 and max_iter=9
REGINN:CGLS::k=0: rdisc=1.00, norm=0.00
REGINN:CGLS::k=1: rdisc=0.852, norm=0.0795
REGINN:CGLS::k=2: rdisc=0.777, norm=0.135
REGINN:CGLS::k=3: rdisc=0.752, norm=0.160
REGINN:CGLS::k=4: rdisc=0.670, norm=0.296
REGINN:CGLS::k=5: rdisc=0.585, norm=0.459
REGINN:CGLS::compute_safeguarding_factor: x1 = 0.666, x2 = -0.666
REGINN:CGLS::safeguarding: rdisc = 0.624
REGINN:CGLS::Target discrepancy reached after 5 iterations.
REGINN:post_processing::Adjusted lower bound of estimate from -1.62 to 0.100
REGINN::i=9: rdisc=0.379, rnorm=0.690, rerr=0.326
REGINN::0.100 <= estimate <= 6.65
REGINN::Solving linear problem using rtol=0.592 and max_iter=10
REGINN:CGLS::k=0: rdisc=1.00, norm=0.00
REGINN:CGLS::k=1: rdisc=0.829, norm=0.0828
REGINN:CGLS::k=2: rdisc=0.762, norm=0.123
REGINN:CGLS::k=3: rdisc=0.734, norm=0.150
REGINN:CGLS::k=4: rdisc=0.675, norm=0.242
REGINN:CGLS::k=5: rdisc=0.605, norm=0.371
REGINN:CGLS::k=6: rdisc=0.545, norm=0.491
REGINN:CGLS::compute_safeguarding_factor: x1 = 0.881, x2 = -0.882
REGINN:CGLS::safeguarding: rdisc = 0.592
REGINN:CGLS::Target discrepancy reached after 6 iterations.
REGINN:post_processing::Adjusted lower bound of estimate from -1.14 to 0.100
REGINN::i=10: rdisc=0.384, rnorm=0.693, rerr=0.327
REGINN::0.100 <= estimate <= 6.56
REGINN::Solving linear problem using rtol=0.562 and max_iter=11
REGINN:CGLS::k=0: rdisc=1.00, norm=0.00
REGINN:CGLS::k=1: rdisc=0.776, norm=0.0869
REGINN:CGLS::k=2: rdisc=0.704, norm=0.120
REGINN:CGLS::k=3: rdisc=0.665, norm=0.151
REGINN:CGLS::k=4: rdisc=0.634, norm=0.188
REGINN:CGLS::k=5: rdisc=0.603, norm=0.239
REGINN:CGLS::k=6: rdisc=0.549, norm=0.346
REGINN:CGLS::compute_safeguarding_factor: x1 = 0.486, x2 = -0.487
REGINN:CGLS::safeguarding: rdisc = 0.562
REGINN:CGLS::Target discrepancy reached after 6 iterations.
REGINN:post_processing::Adjusted lower bound of estimate from -0.631 to 0.100
REGINN::i=11: rdisc=0.364, rnorm=0.695, rerr=0.327
REGINN::0.100 <= estimate <= 6.47
REGINN::Solving linear problem using rtol=0.562 and max_iter=12
REGINN:CGLS::k=0: rdisc=1.00, norm=0.00
REGINN:CGLS::k=1: rdisc=0.791, norm=0.0722
REGINN:CGLS::k=2: rdisc=0.717, norm=0.102
REGINN:CGLS::k=3: rdisc=0.685, norm=0.125
REGINN:CGLS::k=4: rdisc=0.655, norm=0.161
REGINN:CGLS::k=5: rdisc=0.630, norm=0.201
REGINN:CGLS::k=6: rdisc=0.589, norm=0.280
REGINN:CGLS::k=7: rdisc=0.562, norm=0.338
REGINN:CGLS::k=8: rdisc=0.532, norm=0.402
REGINN:CGLS::compute_safeguarding_factor: x1 = 0.998, x2 = -0.999
REGINN:CGLS::safeguarding: rdisc = 0.562
REGINN:CGLS::Target discrepancy reached after 8 iterations.
REGINN:post_processing::Adjusted lower bound of estimate from -0.804 to 0.100
REGINN::i=12: rdisc=0.367, rnorm=0.697, rerr=0.327
REGINN::0.100 <= estimate <= 6.42
REGINN::Solving linear problem using rtol=0.671 and max_iter=14
REGINN:CGLS::k=0: rdisc=1.00, norm=0.00
REGINN:CGLS::k=1: rdisc=0.758, norm=0.0750
REGINN:CGLS::k=2: rdisc=0.686, norm=0.101
REGINN:CGLS::k=3: rdisc=0.650, norm=0.125
REGINN:CGLS::compute_safeguarding_factor: x1 = 0.751, x2 = -0.752
REGINN:CGLS::safeguarding: rdisc = 0.671
REGINN:CGLS::Target discrepancy reached after 3 iterations.
REGINN:post_processing::Adjusted lower bound of estimate from -0.179 to 0.100
REGINN::i=13: rdisc=0.329, rnorm=0.699, rerr=0.327
REGINN::0.100 <= estimate <= 6.39
REGINN::Solving linear problem using rtol=0.636 and max_iter=11
REGINN:CGLS::k=0: rdisc=1.00, norm=0.00
REGINN:CGLS::k=1: rdisc=0.822, norm=0.0539
REGINN:CGLS::k=2: rdisc=0.763, norm=0.0770
REGINN:CGLS::k=3: rdisc=0.736, norm=0.0966
REGINN:CGLS::k=4: rdisc=0.713, norm=0.125
REGINN:CGLS::k=5: rdisc=0.681, norm=0.174
REGINN:CGLS::k=6: rdisc=0.655, norm=0.224
REGINN:CGLS::k=7: rdisc=0.623, norm=0.288
REGINN:CGLS::compute_safeguarding_factor: x1 = 0.651, x2 = -0.652
REGINN:CGLS::safeguarding: rdisc = 0.636
REGINN:CGLS::Target discrepancy reached after 7 iterations.
REGINN:post_processing::Adjusted lower bound of estimate from -0.364 to 0.100
REGINN::i=14: rdisc=0.335, rnorm=0.700, rerr=0.327
REGINN::0.100 <= estimate <= 6.33
REGINN::Solving linear problem using rtol=0.604 and max_iter=10
REGINN:CGLS::k=0: rdisc=1.00, norm=0.00
REGINN:CGLS::k=1: rdisc=0.801, norm=0.0561
REGINN:CGLS::k=2: rdisc=0.736, norm=0.0788
REGINN:CGLS::k=3: rdisc=0.712, norm=0.0932
REGINN:CGLS::k=4: rdisc=0.696, norm=0.109
REGINN:CGLS::k=5: rdisc=0.678, norm=0.133
REGINN:CGLS::k=6: rdisc=0.650, norm=0.182
REGINN:CGLS::k=7: rdisc=0.617, norm=0.252
REGINN:CGLS::k=8: rdisc=0.592, norm=0.307
REGINN:CGLS::compute_safeguarding_factor: x1 = 0.687, x2 = -0.690
REGINN:CGLS::safeguarding: rdisc = 0.604
REGINN:CGLS::Target discrepancy reached after 8 iterations.
REGINN:post_processing::Adjusted lower bound of estimate from -0.406 to 0.100
REGINN::i=15: rdisc=0.338, rnorm=0.702, rerr=0.327
REGINN::0.100 <= estimate <= 6.34
REGINN::Solving linear problem using rtol=0.653 and max_iter=15
REGINN:CGLS::k=0: rdisc=1.00, norm=0.00
REGINN:CGLS::k=1: rdisc=0.785, norm=0.0573
REGINN:CGLS::k=2: rdisc=0.717, norm=0.0791
REGINN:CGLS::k=3: rdisc=0.696, norm=0.0901
REGINN:CGLS::k=4: rdisc=0.682, norm=0.103
REGINN:CGLS::k=5: rdisc=0.664, norm=0.124
REGINN:CGLS::k=6: rdisc=0.641, norm=0.163
REGINN:CGLS::compute_safeguarding_factor: x1 = 0.706, x2 = -0.709
REGINN:CGLS::safeguarding: rdisc = 0.653
REGINN:CGLS::Target discrepancy reached after 6 iterations.
REGINN:post_processing::Adjusted lower bound of estimate from -0.343 to 0.100
REGINN::i=16: rdisc=0.320, rnorm=0.704, rerr=0.327
REGINN::0.100 <= estimate <= 6.32
REGINN::Solving linear problem using rtol=0.620 and max_iter=14
REGINN:CGLS::k=0: rdisc=1.00, norm=0.00
REGINN:CGLS::k=1: rdisc=0.816, norm=0.0477
REGINN:CGLS::k=2: rdisc=0.752, norm=0.0686
REGINN:CGLS::k=3: rdisc=0.738, norm=0.0750
REGINN:CGLS::k=4: rdisc=0.726, norm=0.0840
REGINN:CGLS::k=5: rdisc=0.706, norm=0.108
REGINN:CGLS::k=6: rdisc=0.691, norm=0.132
REGINN:CGLS::k=7: rdisc=0.663, norm=0.187
REGINN:CGLS::k=8: rdisc=0.636, norm=0.245
REGINN:CGLS::k=9: rdisc=0.612, norm=0.298
REGINN:CGLS::compute_safeguarding_factor: x1 = 0.566, x2 = -0.569
REGINN:CGLS::safeguarding: rdisc = 0.620
REGINN:CGLS::Target discrepancy reached after 9 iterations.
REGINN:post_processing::Adjusted lower bound of estimate from -0.325 to 0.100
REGINN::i=17: rdisc=0.324, rnorm=0.705, rerr=0.328
REGINN::0.100 <= estimate <= 6.31
REGINN::Solving linear problem using rtol=0.746 and max_iter=15
REGINN:CGLS::k=0: rdisc=1.00, norm=0.00
REGINN:CGLS::k=1: rdisc=0.802, norm=0.0510
REGINN:CGLS::k=2: rdisc=0.738, norm=0.0704
REGINN:CGLS::compute_safeguarding_factor: x1 = 0.348, x2 = -0.349
REGINN:CGLS::safeguarding: rdisc = 0.746
REGINN:CGLS::Target discrepancy reached after 2 iterations.
REGINN:post_processing::Adjusted lower bound of estimate from -0.152 to 0.100
REGINN::i=18: rdisc=0.298, rnorm=0.707, rerr=0.327
REGINN::0.100 <= estimate <= 6.30
REGINN::Solving linear problem using rtol=0.708 and max_iter=11
REGINN:CGLS::k=0: rdisc=1.00, norm=0.00
REGINN:CGLS::k=1: rdisc=0.853, norm=0.0408
REGINN:CGLS::k=2: rdisc=0.802, norm=0.0596
REGINN:CGLS::k=3: rdisc=0.787, norm=0.0686
REGINN:CGLS::k=4: rdisc=0.772, norm=0.0820
REGINN:CGLS::k=5: rdisc=0.753, norm=0.107
REGINN:CGLS::k=6: rdisc=0.739, norm=0.130
REGINN:CGLS::k=7: rdisc=0.709, norm=0.183
REGINN:CGLS::k=8: rdisc=0.690, norm=0.221
REGINN:CGLS::compute_safeguarding_factor: x1 = 0.956, x2 = -0.959
REGINN:CGLS::safeguarding: rdisc = 0.708
REGINN:CGLS::Target discrepancy reached after 8 iterations.
REGINN:post_processing::Adjusted lower bound of estimate from -0.303 to 0.100
REGINN::i=19: rdisc=0.303, rnorm=0.708, rerr=0.328
REGINN::0.100 <= estimate <= 6.29
REGINN::Solving linear problem using rtol=0.672 and max_iter=10
REGINN:CGLS::k=0: rdisc=1.00, norm=0.00
REGINN:CGLS::k=1: rdisc=0.834, norm=0.0432
REGINN:CGLS::k=2: rdisc=0.780, norm=0.0614
REGINN:CGLS::k=3: rdisc=0.765, norm=0.0692
REGINN:CGLS::k=4: rdisc=0.755, norm=0.0776
REGINN:CGLS::k=5: rdisc=0.737, norm=0.0996
REGINN:CGLS::k=6: rdisc=0.724, norm=0.121
REGINN:CGLS::k=7: rdisc=0.694, norm=0.178
REGINN:CGLS::k=8: rdisc=0.674, norm=0.220
REGINN:CGLS::k=9: rdisc=0.647, norm=0.278
REGINN:CGLS::compute_safeguarding_factor: x1 = 0.955, x2 = -0.958
REGINN:CGLS::safeguarding: rdisc = 0.672
REGINN:CGLS::Target discrepancy reached after 9 iterations.
REGINN:post_processing::Adjusted lower bound of estimate from -0.397 to 0.100
REGINN::i=20: rdisc=0.308, rnorm=0.709, rerr=0.328
REGINN::0.100 <= estimate <= 6.26
REGINN::Solving linear problem using rtol=0.707 and max_iter=17
REGINN:CGLS::k=0: rdisc=1.00, norm=0.00
REGINN:CGLS::k=1: rdisc=0.812, norm=0.0481
REGINN:CGLS::k=2: rdisc=0.758, norm=0.0651
REGINN:CGLS::k=3: rdisc=0.740, norm=0.0746
REGINN:CGLS::k=4: rdisc=0.725, norm=0.0877
REGINN:CGLS::k=5: rdisc=0.713, norm=0.103
REGINN:CGLS::k=6: rdisc=0.692, norm=0.138
REGINN:CGLS::compute_safeguarding_factor: x1 = 0.853, x2 = -0.856
REGINN:CGLS::safeguarding: rdisc = 0.707
REGINN:CGLS::Target discrepancy reached after 6 iterations.
REGINN:post_processing::Adjusted lower bound of estimate from -0.207 to 0.100
REGINN::i=21: rdisc=0.293, rnorm=0.711, rerr=0.328
REGINN::0.100 <= estimate <= 6.25
REGINN::Solving linear problem using rtol=0.671 and max_iter=15
REGINN:CGLS::k=0: rdisc=1.00, norm=0.00
REGINN:CGLS::k=1: rdisc=0.839, norm=0.0412
REGINN:CGLS::k=2: rdisc=0.791, norm=0.0571
REGINN:CGLS::k=3: rdisc=0.776, norm=0.0655
REGINN:CGLS::k=4: rdisc=0.760, norm=0.0803
REGINN:CGLS::k=5: rdisc=0.747, norm=0.0975
REGINN:CGLS::k=6: rdisc=0.722, norm=0.142
REGINN:CGLS::k=7: rdisc=0.699, norm=0.189
REGINN:CGLS::k=8: rdisc=0.675, norm=0.238
REGINN:CGLS::k=9: rdisc=0.648, norm=0.298
REGINN:CGLS::compute_safeguarding_factor: x1 = 0.925, x2 = -0.928
REGINN:CGLS::safeguarding: rdisc = 0.671
REGINN:CGLS::Target discrepancy reached after 9 iterations.
REGINN:post_processing::Adjusted lower bound of estimate from -0.362 to 0.100
REGINN::i=22: rdisc=0.302, rnorm=0.713, rerr=0.328
REGINN::0.100 <= estimate <= 6.22
REGINN::Solving linear problem using rtol=0.780 and max_iter=15
REGINN:CGLS::k=0: rdisc=1.00, norm=0.00
REGINN:CGLS::k=1: rdisc=0.817, norm=0.0457
REGINN:CGLS::k=2: rdisc=0.766, norm=0.0619
REGINN:CGLS::compute_safeguarding_factor: x1 = 0.517, x2 = -0.517
REGINN:CGLS::safeguarding: rdisc = 0.780
REGINN:CGLS::Target discrepancy reached after 2 iterations.
REGINN:post_processing::Adjusted lower bound of estimate from -0.0598 to 0.100
REGINN::i=23: rdisc=0.282, rnorm=0.715, rerr=0.328
REGINN::Saving current residual in ./step-0023/
REGINN::Saving current estimate in ./step-0023/
REGINN::0.100 <= estimate <= 6.23
REGINN::Solving linear problem using rtol=0.740 and max_iter=11
REGINN:CGLS::k=0: rdisc=1.00, norm=0.00
REGINN:CGLS::k=1: rdisc=0.868, norm=0.0351
REGINN:CGLS::k=2: rdisc=0.824, norm=0.0518
REGINN:CGLS::k=3: rdisc=0.804, norm=0.0650
REGINN:CGLS::k=4: rdisc=0.785, norm=0.0838
REGINN:CGLS::k=5: rdisc=0.770, norm=0.104
REGINN:CGLS::k=6: rdisc=0.748, norm=0.139
REGINN:CGLS::k=7: rdisc=0.725, norm=0.181
REGINN:CGLS::compute_safeguarding_factor: x1 = 0.812, x2 = -0.815
REGINN:CGLS::safeguarding: rdisc = 0.740
REGINN:CGLS::Target discrepancy reached after 7 iterations.
REGINN:post_processing::Adjusted lower bound of estimate from -0.370 to 0.100
REGINN::i=24: rdisc=0.282, rnorm=0.715, rerr=0.328
REGINN::0.100 <= estimate <= 6.22
REGINN::Solving linear problem using rtol=0.703 and max_iter=9
REGINN:CGLS::k=0: rdisc=1.00, norm=0.00
REGINN:CGLS::k=1: rdisc=0.862, norm=0.0352
REGINN:CGLS::k=2: rdisc=0.816, norm=0.0519
REGINN:CGLS::k=3: rdisc=0.797, norm=0.0631
REGINN:CGLS::k=4: rdisc=0.783, norm=0.0763
REGINN:CGLS::k=5: rdisc=0.768, norm=0.0956
REGINN:CGLS::k=6: rdisc=0.749, norm=0.127
REGINN:CGLS::k=7: rdisc=0.721, norm=0.181
REGINN:CGLS::k=8: rdisc=0.697, norm=0.229
REGINN:CGLS::compute_safeguarding_factor: x1 = 0.469, x2 = -0.472
REGINN:CGLS::safeguarding: rdisc = 0.703
REGINN:CGLS::Target discrepancy reached after 8 iterations.
REGINN:post_processing::Adjusted lower bound of estimate from -0.213 to 0.100
REGINN::i=25: rdisc=0.286, rnorm=0.716, rerr=0.328
REGINN::0.100 <= estimate <= 6.21
REGINN::Solving linear problem using rtol=0.739 and max_iter=15
REGINN:CGLS::k=0: rdisc=1.00, norm=0.00
REGINN:CGLS::k=1: rdisc=0.850, norm=0.0375
REGINN:CGLS::k=2: rdisc=0.802, norm=0.0539
REGINN:CGLS::k=3: rdisc=0.780, norm=0.0670
REGINN:CGLS::k=4: rdisc=0.768, norm=0.0784
REGINN:CGLS::k=5: rdisc=0.753, norm=0.0972
REGINN:CGLS::k=6: rdisc=0.733, norm=0.128
REGINN:CGLS::compute_safeguarding_factor: x1 = 0.539, x2 = -0.541
REGINN:CGLS::safeguarding: rdisc = 0.739
REGINN:CGLS::Target discrepancy reached after 6 iterations.
REGINN:post_processing::Adjusted lower bound of estimate from -0.131 to 0.100
REGINN::i=26: rdisc=0.278, rnorm=0.718, rerr=0.329
REGINN::0.100 <= estimate <= 6.20
REGINN::Solving linear problem using rtol=0.701 and max_iter=14
REGINN:CGLS::k=0: rdisc=1.00, norm=0.00
REGINN:CGLS::k=1: rdisc=0.863, norm=0.0343
REGINN:CGLS::k=2: rdisc=0.820, norm=0.0500
REGINN:CGLS::k=3: rdisc=0.800, norm=0.0628
REGINN:CGLS::k=4: rdisc=0.786, norm=0.0772
REGINN:CGLS::k=5: rdisc=0.770, norm=0.0996
REGINN:CGLS::k=6: rdisc=0.746, norm=0.140
REGINN:CGLS::k=7: rdisc=0.717, norm=0.196
REGINN:CGLS::k=8: rdisc=0.696, norm=0.239
REGINN:CGLS::compute_safeguarding_factor: x1 = 0.496, x2 = -0.499
REGINN:CGLS::safeguarding: rdisc = 0.701
REGINN:CGLS::Target discrepancy reached after 8 iterations.
REGINN:post_processing::Adjusted lower bound of estimate from -0.267 to 0.100
REGINN::i=27: rdisc=0.286, rnorm=0.719, rerr=0.329
REGINN::0.100 <= estimate <= 6.19
REGINN::Solving linear problem using rtol=0.775 and max_iter=14
REGINN:CGLS::k=0: rdisc=1.00, norm=0.00
REGINN:CGLS::k=1: rdisc=0.845, norm=0.0375
REGINN:CGLS::k=2: rdisc=0.798, norm=0.0534
REGINN:CGLS::k=3: rdisc=0.774, norm=0.0679
REGINN:CGLS::compute_safeguarding_factor: x1 = 0.202, x2 = -0.203
REGINN:CGLS::safeguarding: rdisc = 0.775
REGINN:CGLS::Target discrepancy reached after 3 iterations.
REGINN:post_processing::Adjusted lower bound of estimate from -0.148 to 0.100
REGINN::i=28: rdisc=0.272, rnorm=0.721, rerr=0.329
REGINN::0.100 <= estimate <= 6.20
REGINN::Solving linear problem using rtol=0.736 and max_iter=11
REGINN:CGLS::k=0: rdisc=1.00, norm=0.00
REGINN:CGLS::k=1: rdisc=0.875, norm=0.0315
REGINN:CGLS::k=2: rdisc=0.839, norm=0.0455
REGINN:CGLS::k=3: rdisc=0.816, norm=0.0616
REGINN:CGLS::k=4: rdisc=0.804, norm=0.0740
REGINN:CGLS::k=5: rdisc=0.783, norm=0.102
REGINN:CGLS::k=6: rdisc=0.764, norm=0.134
REGINN:CGLS::k=7: rdisc=0.735, norm=0.188
REGINN:CGLS::compute_safeguarding_factor: x1 = 0.185, x2 = -0.188
REGINN:CGLS::safeguarding: rdisc = 0.736
REGINN:CGLS::Target discrepancy reached after 7 iterations.
REGINN:post_processing::Adjusted lower bound of estimate from -0.219 to 0.100
REGINN::i=29: rdisc=0.274, rnorm=0.721, rerr=0.329
REGINN::0.100 <= estimate <= 6.20
REGINN::Solving linear problem using rtol=0.698 and max_iter=10
REGINN:CGLS::k=0: rdisc=1.00, norm=0.00
REGINN:CGLS::k=1: rdisc=0.867, norm=0.0323
REGINN:CGLS::k=2: rdisc=0.828, norm=0.0469
REGINN:CGLS::k=3: rdisc=0.806, norm=0.0617
REGINN:CGLS::k=4: rdisc=0.797, norm=0.0701
REGINN:CGLS::k=5: rdisc=0.777, norm=0.0975
REGINN:CGLS::k=6: rdisc=0.760, norm=0.124
REGINN:CGLS::k=7: rdisc=0.732, norm=0.176
REGINN:CGLS::k=8: rdisc=0.710, norm=0.221
REGINN:CGLS::k=9: rdisc=0.677, norm=0.290
REGINN:CGLS::compute_safeguarding_factor: x1 = 0.796, x2 = -0.799
REGINN:CGLS::safeguarding: rdisc = 0.698
REGINN:CGLS::Target discrepancy reached after 9 iterations.
REGINN:post_processing::Adjusted lower bound of estimate from -0.399 to 0.100
REGINN::i=30: rdisc=0.298, rnorm=0.722, rerr=0.330
REGINN::0.100 <= estimate <= 6.18
REGINN::Solving linear problem using rtol=0.765 and max_iter=16
REGINN:CGLS::k=0: rdisc=1.00, norm=0.00
REGINN:CGLS::k=1: rdisc=0.819, norm=0.0414
REGINN:CGLS::k=2: rdisc=0.769, norm=0.0573
REGINN:CGLS::k=3: rdisc=0.738, norm=0.0749
REGINN:CGLS::compute_safeguarding_factor: x1 = 0.928, x2 = -0.929
REGINN:CGLS::safeguarding: rdisc = 0.765
REGINN:CGLS::Target discrepancy reached after 3 iterations.
REGINN:post_processing::Adjusted lower bound of estimate from -0.153 to 0.100
REGINN::i=31: rdisc=0.280, rnorm=0.725, rerr=0.330
REGINN::0.100 <= estimate <= 6.19
REGINN::Solving linear problem using rtol=0.726 and max_iter=12
REGINN:CGLS::k=0: rdisc=1.00, norm=0.00
REGINN:CGLS::k=1: rdisc=0.852, norm=0.0344
REGINN:CGLS::k=2: rdisc=0.815, norm=0.0474
REGINN:CGLS::k=3: rdisc=0.790, norm=0.0637
REGINN:CGLS::k=4: rdisc=0.777, norm=0.0751
REGINN:CGLS::k=5: rdisc=0.757, norm=0.0997
REGINN:CGLS::k=6: rdisc=0.741, norm=0.124
REGINN:CGLS::k=7: rdisc=0.716, norm=0.169
REGINN:CGLS::compute_safeguarding_factor: x1 = 0.612, x2 = -0.615
REGINN:CGLS::safeguarding: rdisc = 0.726
REGINN:CGLS::Target discrepancy reached after 7 iterations.
REGINN:post_processing::Adjusted lower bound of estimate from -0.207 to 0.100
REGINN::i=32: rdisc=0.283, rnorm=0.725, rerr=0.330
REGINN::0.100 <= estimate <= 6.20
REGINN::Solving linear problem using rtol=0.689 and max_iter=10
REGINN:CGLS::k=0: rdisc=1.00, norm=0.00
REGINN:CGLS::k=1: rdisc=0.844, norm=0.0348
REGINN:CGLS::k=2: rdisc=0.802, norm=0.0495
REGINN:CGLS::k=3: rdisc=0.778, norm=0.0643
REGINN:CGLS::k=4: rdisc=0.768, norm=0.0725
REGINN:CGLS::k=5: rdisc=0.748, norm=0.0966
REGINN:CGLS::k=6: rdisc=0.727, norm=0.130
REGINN:CGLS::k=7: rdisc=0.706, norm=0.170
REGINN:CGLS::k=8: rdisc=0.688, norm=0.206
REGINN:CGLS::compute_safeguarding_factor: x1 = 0.239, x2 = -0.242
REGINN:CGLS::safeguarding: rdisc = 0.689
REGINN:CGLS::Target discrepancy reached after 8 iterations.
REGINN:post_processing::Adjusted lower bound of estimate from -0.232 to 0.100
REGINN::i=33: rdisc=0.289, rnorm=0.727, rerr=0.330
REGINN::0.100 <= estimate <= 6.20
REGINN::Solving linear problem using rtol=0.727 and max_iter=15
REGINN:CGLS::k=0: rdisc=1.00, norm=0.00
REGINN:CGLS::k=1: rdisc=0.830, norm=0.0365
REGINN:CGLS::k=2: rdisc=0.785, norm=0.0514
REGINN:CGLS::k=3: rdisc=0.762, norm=0.0649
REGINN:CGLS::k=4: rdisc=0.750, norm=0.0739
REGINN:CGLS::k=5: rdisc=0.733, norm=0.0931
REGINN:CGLS::k=6: rdisc=0.715, norm=0.120
REGINN:CGLS::compute_safeguarding_factor: x1 = 0.808, x2 = -0.810
REGINN:CGLS::safeguarding: rdisc = 0.727
REGINN:CGLS::Target discrepancy reached after 6 iterations.
REGINN:post_processing::Adjusted lower bound of estimate from -0.136 to 0.100
REGINN::i=34: rdisc=0.283, rnorm=0.728, rerr=0.330
REGINN::0.100 <= estimate <= 6.20
REGINN::Solving linear problem using rtol=0.690 and max_iter=14
REGINN:CGLS::k=0: rdisc=1.00, norm=0.00
REGINN:CGLS::k=1: rdisc=0.837, norm=0.0345
REGINN:CGLS::k=2: rdisc=0.797, norm=0.0479
REGINN:CGLS::k=3: rdisc=0.776, norm=0.0597
REGINN:CGLS::k=4: rdisc=0.765, norm=0.0693
REGINN:CGLS::k=5: rdisc=0.749, norm=0.0871
REGINN:CGLS::k=6: rdisc=0.729, norm=0.119
REGINN:CGLS::k=7: rdisc=0.709, norm=0.156
REGINN:CGLS::k=8: rdisc=0.690, norm=0.192
REGINN:CGLS::k=9: rdisc=0.663, norm=0.250
REGINN:CGLS::compute_safeguarding_factor: x1 = 0.987, x2 = -0.990
REGINN:CGLS::safeguarding: rdisc = 0.690
REGINN:CGLS::Target discrepancy reached after 9 iterations.
REGINN:post_processing::Adjusted lower bound of estimate from -0.379 to 0.100
REGINN::i=35: rdisc=0.309, rnorm=0.729, rerr=0.331
REGINN::0.100 <= estimate <= 6.24
REGINN::Solving linear problem using rtol=0.792 and max_iter=15
REGINN:CGLS::k=0: rdisc=1.00, norm=0.00
REGINN:CGLS::k=1: rdisc=0.790, norm=0.0427
REGINN:CGLS::compute_safeguarding_factor: x1 = 0.0973, x2 = -0.0977
REGINN:CGLS::safeguarding: rdisc = 0.792
REGINN:CGLS::Target discrepancy reached after 1 iteration.
REGINN:post_processing::Adjusted lower bound of estimate from -0.139 to 0.100
REGINN::i=36: rdisc=0.295, rnorm=0.731, rerr=0.331
REGINN::0.100 <= estimate <= 6.22
REGINN::Solving linear problem using rtol=0.752 and max_iter=10
REGINN:CGLS::k=0: rdisc=1.00, norm=0.00
REGINN:CGLS::k=1: rdisc=0.824, norm=0.0387
REGINN:CGLS::k=2: rdisc=0.778, norm=0.0531
REGINN:CGLS::k=3: rdisc=0.749, norm=0.0689
REGINN:CGLS::compute_safeguarding_factor: x1 = 0.327, x2 = -0.328
REGINN:CGLS::safeguarding: rdisc = 0.752
REGINN:CGLS::Target discrepancy reached after 3 iterations.
REGINN:post_processing::Adjusted lower bound of estimate from -0.144 to 0.100
REGINN::i=37: rdisc=0.286, rnorm=0.731, rerr=0.331
REGINN::0.100 <= estimate <= 6.26
REGINN::Solving linear problem using rtol=0.714 and max_iter=4
REGINN:CGLS::k=0: rdisc=1.00, norm=0.00
REGINN:CGLS::k=1: rdisc=0.840, norm=0.0355
REGINN:CGLS::k=2: rdisc=0.801, norm=0.0484
REGINN:CGLS::k=3: rdisc=0.774, norm=0.0643
REGINN:CGLS::k=4: rdisc=0.756, norm=0.0790
REGINN:CGLS::Unsuccessful termination after 4 iterations!
REGINN::Linear solver did not achieve desired discrepancy due to max_iter.
REGINN:post_processing::Adjusted lower bound of estimate from -0.0991 to 0.100
REGINN::i=38: rdisc=0.281, rnorm=0.732, rerr=0.331
REGINN::0.100 <= estimate <= 6.30
REGINN::Solving linear problem using rtol=0.677 and max_iter=7
REGINN:CGLS::k=0: rdisc=1.00, norm=0.00
REGINN:CGLS::k=1: rdisc=0.851, norm=0.0333
REGINN:CGLS::k=2: rdisc=0.816, norm=0.0451
REGINN:CGLS::k=3: rdisc=0.791, norm=0.0598
REGINN:CGLS::k=4: rdisc=0.773, norm=0.0766
REGINN:CGLS::k=5: rdisc=0.755, norm=0.0982
REGINN:CGLS::k=6: rdisc=0.737, norm=0.126
REGINN:CGLS::k=7: rdisc=0.715, norm=0.167
REGINN:CGLS::Unsuccessful termination after 7 iterations!
REGINN::Linear solver did not achieve desired discrepancy due to max_iter.
REGINN:post_processing::Adjusted lower bound of estimate from -0.185 to 0.100
REGINN::i=39: rdisc=0.283, rnorm=0.732, rerr=0.331
REGINN::0.100 <= estimate <= 6.29
REGINN::Solving linear problem using rtol=0.643 and max_iter=11
REGINN:CGLS::k=0: rdisc=1.00, norm=0.00
REGINN:CGLS::k=1: rdisc=0.842, norm=0.0344
REGINN:CGLS::k=2: rdisc=0.802, norm=0.0474
REGINN:CGLS::k=3: rdisc=0.778, norm=0.0607
REGINN:CGLS::k=4: rdisc=0.763, norm=0.0741
REGINN:CGLS::k=5: rdisc=0.746, norm=0.0938
REGINN:CGLS::k=6: rdisc=0.731, norm=0.118
REGINN:CGLS::k=7: rdisc=0.707, norm=0.164
REGINN:CGLS::k=8: rdisc=0.683, norm=0.212
REGINN:CGLS::k=9: rdisc=0.661, norm=0.260
REGINN:CGLS::k=10: rdisc=0.637, norm=0.315
REGINN:CGLS::compute_safeguarding_factor: x1 = 0.494, x2 = -0.497
REGINN:CGLS::safeguarding: rdisc = 0.643
REGINN:CGLS::Target discrepancy reached after 10 iterations.
REGINN:post_processing::Adjusted lower bound of estimate from -0.386 to 0.100
REGINN::i=40: rdisc=0.327, rnorm=0.733, rerr=0.331
REGINN::0.100 <= estimate <= 6.46
REGINN::Solving linear problem using rtol=0.749 and max_iter=17
REGINN:CGLS::k=0: rdisc=1.00, norm=0.00
REGINN:CGLS::k=1: rdisc=0.762, norm=0.0495
REGINN:CGLS::k=2: rdisc=0.709, norm=0.0646
REGINN:CGLS::compute_safeguarding_factor: x1 = 0.868, x2 = -0.868
REGINN:CGLS::safeguarding: rdisc = 0.749
REGINN:CGLS::Target discrepancy reached after 2 iterations.
REGINN:post_processing::Adjusted lower bound of estimate from -0.140 to 0.100
REGINN::i=41: rdisc=0.312, rnorm=0.736, rerr=0.331
REGINN::0.100 <= estimate <= 6.49
REGINN::Solving linear problem using rtol=0.711 and max_iter=12
REGINN:CGLS::k=0: rdisc=1.00, norm=0.00
REGINN:CGLS::k=1: rdisc=0.795, norm=0.0421
REGINN:CGLS::k=2: rdisc=0.742, norm=0.0593
REGINN:CGLS::k=3: rdisc=0.711, norm=0.0764
REGINN:CGLS::k=4: rdisc=0.691, norm=0.0923
REGINN:CGLS::compute_safeguarding_factor: x1 = 0.997, x2 = -0.997
REGINN:CGLS::safeguarding: rdisc = 0.711
REGINN:CGLS::Target discrepancy reached after 4 iterations.
REGINN:post_processing::Adjusted lower bound of estimate from -0.221 to 0.100
REGINN::i=42: rdisc=0.304, rnorm=0.736, rerr=0.331
REGINN::0.100 <= estimate <= 6.48
REGINN::Solving linear problem using rtol=0.675 and max_iter=6
REGINN:CGLS::k=0: rdisc=1.00, norm=0.00
REGINN:CGLS::k=1: rdisc=0.804, norm=0.0400
REGINN:CGLS::k=2: rdisc=0.757, norm=0.0546
REGINN:CGLS::k=3: rdisc=0.730, norm=0.0701
REGINN:CGLS::k=4: rdisc=0.709, norm=0.0870
REGINN:CGLS::k=5: rdisc=0.692, norm=0.107
REGINN:CGLS::k=6: rdisc=0.677, norm=0.130
REGINN:CGLS::Unsuccessful termination after 6 iterations!
REGINN::Linear solver did not achieve desired discrepancy due to max_iter.
REGINN:post_processing::Adjusted lower bound of estimate from -0.159 to 0.100
REGINN::i=43: rdisc=0.299, rnorm=0.736, rerr=0.331
REGINN::0.100 <= estimate <= 6.54
REGINN::Solving linear problem using rtol=0.640 and max_iter=10
REGINN:CGLS::k=0: rdisc=1.00, norm=0.00
REGINN:CGLS::k=1: rdisc=0.814, norm=0.0386
REGINN:CGLS::k=2: rdisc=0.767, norm=0.0530
REGINN:CGLS::k=3: rdisc=0.741, norm=0.0676
REGINN:CGLS::k=4: rdisc=0.721, norm=0.0837
REGINN:CGLS::k=5: rdisc=0.705, norm=0.103
REGINN:CGLS::k=6: rdisc=0.690, norm=0.126
