JobId thies-vm Fri Jan 19 16:03:16 2018
wavepi 670f434d
Release-Build, compiled on 2018-01-19T14:12:01Z
from git commit 670f434de8c7a38f5d1bc9bb4a7f3c64400acab6 on branch master
initialize_mesh::Number of active cells: 4096
initialize_mesh::Number of degrees of freedom in the first spatial mesh: 4225
initialize_mesh::cell diameters: minimal = 0.177, maximal = 0.177
initialize_mesh::dt: 0.0235
parameters:WaveEquation::theta: 0.5
parameters:WaveEquation::tol: 1e-8
parameters:constraints::lower bound: 0.1
parameters:constraints::upper bound: 1e300
parameters:general::dimension: 2
parameters:general::finite element degree: 1
parameters:general::quadrature order: 3
parameters:inversion::method: REGINN
parameters:inversion::tau: 2
parameters:log::console depth: 2
parameters:log::file: wavepi.log
parameters:log::file depth: 100
parameters:mesh::end time: 6
parameters:mesh::initial refines: 6
parameters:mesh::initial time steps: 256
parameters:output::data: true
parameters:output::destination: ./step-{{i}}/
parameters:output::discrepancy decrease: 0.5
parameters:output::estimate: true
parameters:output::exact: true
parameters:output::interval: 50
parameters:output::last: true
parameters:output::residual: true
parameters:output::statistics: history
parameters:problem::constants: 
parameters:problem::epsilon: 1e-2
parameters:problem::initial guess: 1.0
parameters:problem::norm of codomain: H1L2
parameters:problem::norm of domain: H1L2
parameters:problem::parameter a: 1.0
parameters:problem::parameter c: 1.5
parameters:problem::parameter nu: 0.0
parameters:problem::parameter q: 0.0
parameters:problem::type: c
parameters:watchdog::discrepancy increasing: false
parameters:watchdog::discrepancy slope min values: 40
parameters:watchdog::discrepancy slope percentage: 0.25
parameters:watchdog::discrepancy slope threshold: 0.0
parameters:watchdog::discrepancy threshold: 10.0
parameters:watchdog::maximum iteration count: 0
REGINN::i=0 : rdisc=1.46, rnorm=0.667, rerr=0.333
REGINN::Saving exact parameter in ./step-0000/
REGINN::Saving data in ./step-0000/
REGINN::Saving current residual in ./step-0000/
REGINN::Saving current estimate in ./step-0000/
REGINN::1.00 ≤ estimate ≤ 1.00
REGINN::Solving linear problem using rtol=0.900 and max_iter=1
REGINN:CGLS::k=0 : rdisc=1.00, norm=0.00
REGINN:CGLS::k=1 : rdisc=0.773, norm=1.77
REGINN:CGLS::Safeguarding: λ=0.725 ⇒ rdisc=0.900
REGINN:CGLS::Target discrepancy reached after 1 iteration.
REGINN::i=1 : rdisc=1.30, rnorm=0.673, rerr=0.328
REGINN::0.895 ≤ estimate ≤ 1.24
REGINN::Solving linear problem using rtol=0.900 and max_iter=2
REGINN:CGLS::k=0 : rdisc=1.00, norm=0.00
REGINN:CGLS::k=1 : rdisc=0.750, norm=1.82
REGINN:CGLS::Safeguarding: λ=0.751 ⇒ rdisc=0.900
REGINN:CGLS::Target discrepancy reached after 1 iteration.
REGINN::i=2 : rdisc=1.17, rnorm=0.680, rerr=0.322
REGINN::0.843 ≤ estimate ≤ 1.47
REGINN::Solving linear problem using rtol=0.854 and max_iter=2
REGINN:CGLS::k=0 : rdisc=1.00, norm=0.00
REGINN:CGLS::k=1 : rdisc=0.733, norm=1.83
REGINN:CGLS::Safeguarding: λ=0.643 ⇒ rdisc=0.854
REGINN:CGLS::Target discrepancy reached after 1 iteration.
REGINN::i=3 : rdisc=0.987, rnorm=0.690, rerr=0.315
REGINN::0.827 ≤ estimate ≤ 1.80
REGINN::Solving linear problem using rtol=0.811 and max_iter=2
REGINN:CGLS::k=0 : rdisc=1.00, norm=0.00
REGINN:CGLS::k=1 : rdisc=0.721, norm=1.78
REGINN:CGLS::Safeguarding: λ=0.533 ⇒ rdisc=0.811
REGINN:CGLS::Target discrepancy reached after 1 iteration.
REGINN::i=4 : rdisc=0.784, rnorm=0.706, rerr=0.307
REGINN::0.910 ≤ estimate ≤ 2.19
REGINN::Solving linear problem using rtol=0.769 and max_iter=2
REGINN:CGLS::k=0 : rdisc=1.00, norm=0.00
REGINN:CGLS::k=1 : rdisc=0.730, norm=1.60
REGINN:CGLS::Safeguarding: λ=0.353 ⇒ rdisc=0.769
REGINN:CGLS::Target discrepancy reached after 1 iteration.
REGINN::i=5 : rdisc=0.578, rnorm=0.727, rerr=0.297
REGINN::Saving current residual in ./step-0005/
REGINN::Saving current estimate in ./step-0005/
REGINN::0.923 ≤ estimate ≤ 2.65
REGINN::Solving linear problem using rtol=0.730 and max_iter=2
REGINN:CGLS::k=0 : rdisc=1.00, norm=0.00
REGINN:CGLS::k=1 : rdisc=0.783, norm=1.28
REGINN:CGLS::k=2 : rdisc=0.582, norm=3.27
REGINN:CGLS::Safeguarding: λ=0.841 ⇒ rdisc=0.730
REGINN:CGLS::Target discrepancy reached after 2 iterations.
REGINN::i=6 : rdisc=0.397, rnorm=0.762, rerr=0.280
REGINN::0.956 ≤ estimate ≤ 3.10
REGINN::Solving linear problem using rtol=0.693 and max_iter=3
REGINN:CGLS::k=0 : rdisc=1.00, norm=0.00
REGINN:CGLS::k=1 : rdisc=0.755, norm=1.81
REGINN:CGLS::k=2 : rdisc=0.544, norm=3.26
REGINN:CGLS::Safeguarding: λ=0.820 ⇒ rdisc=0.693
REGINN:CGLS::Target discrepancy reached after 2 iterations.
REGINN::i=7 : rdisc=0.270, rnorm=0.796, rerr=0.258
REGINN::Saving current residual in ./step-0007/
REGINN::Saving current estimate in ./step-0007/
REGINN::0.963 ≤ estimate ≤ 3.10
REGINN::Solving linear problem using rtol=0.658 and max_iter=4
REGINN:CGLS::k=0 : rdisc=1.00, norm=0.00
REGINN:CGLS::k=1 : rdisc=0.845, norm=0.703
REGINN:CGLS::k=2 : rdisc=0.674, norm=1.61
REGINN:CGLS::k=3 : rdisc=0.516, norm=2.42
REGINN:CGLS::Safeguarding: λ=0.942 ⇒ rdisc=0.658
REGINN:CGLS::Target discrepancy reached after 3 iterations.
REGINN::i=8 : rdisc=0.174, rnorm=0.826, rerr=0.241
REGINN::0.719 ≤ estimate ≤ 2.56
REGINN::Solving linear problem using rtol=0.624 and max_iter=5
REGINN:CGLS::k=0 : rdisc=1.00, norm=0.00
REGINN:CGLS::k=1 : rdisc=0.850, norm=0.389
REGINN:CGLS::k=2 : rdisc=0.737, norm=0.740
REGINN:CGLS::k=3 : rdisc=0.566, norm=1.44
REGINN:CGLS::Safeguarding: λ=0.557 ⇒ rdisc=0.624
REGINN:CGLS::Target discrepancy reached after 3 iterations.
REGINN::i=9 : rdisc=0.114, rnorm=0.840, rerr=0.234
REGINN::Saving current residual in ./step-0009/
REGINN::Saving current estimate in ./step-0009/
REGINN::0.946 ≤ estimate ≤ 2.23
REGINN::Solving linear problem using rtol=0.592 and max_iter=6
REGINN:CGLS::k=0 : rdisc=1.00, norm=0.00
REGINN:CGLS::k=1 : rdisc=0.872, norm=0.292
REGINN:CGLS::k=2 : rdisc=0.725, norm=0.767
REGINN:CGLS::k=3 : rdisc=0.637, norm=1.06
REGINN:CGLS::k=4 : rdisc=0.577, norm=1.26
REGINN:CGLS::Safeguarding: λ=0.494 ⇒ rdisc=0.592
REGINN:CGLS::Target discrepancy reached after 4 iterations.
REGINN:post_processing::Adjusted lower bound of estimate from 0.0556 to 0.100
REGINN::i=10: rdisc=0.0671, rnorm=0.861, rerr=0.227
REGINN::0.100 ≤ estimate ≤ 2.30
REGINN::Solving linear problem using rtol=0.562 and max_iter=7
REGINN:CGLS::k=0 : rdisc=1.00, norm=0.00
REGINN:CGLS::k=1 : rdisc=0.955, norm=0.0670
REGINN:CGLS::k=2 : rdisc=0.907, norm=0.164
REGINN:CGLS::k=3 : rdisc=0.827, norm=0.405
REGINN:CGLS::k=4 : rdisc=0.743, norm=0.686
REGINN:CGLS::k=5 : rdisc=0.680, norm=0.898
REGINN:CGLS::k=6 : rdisc=0.641, norm=1.03
REGINN:CGLS::k=7 : rdisc=0.612, norm=1.13
REGINN:CGLS::Unsuccessful termination after 7 iterations!
REGINN::Linear solver did not achieve desired discrepancy due to max_iter.
REGINN:post_processing::Adjusted lower bound of estimate from -0.405 to 0.100
REGINN::i=11: rdisc=0.0453, rnorm=0.870, rerr=0.220
REGINN::Saving current residual in ./step-0011/
REGINN::Saving current estimate in ./step-0011/
REGINN::0.100 ≤ estimate ≤ 2.74
REGINN::Solving linear problem using rtol=0.533 and max_iter=11
REGINN:CGLS::k=0 : rdisc=1.00, norm=0.00
REGINN:CGLS::k=1 : rdisc=0.885, norm=0.0980
REGINN:CGLS::k=2 : rdisc=0.854, norm=0.131
REGINN:CGLS::k=3 : rdisc=0.839, norm=0.153
REGINN:CGLS::k=4 : rdisc=0.809, norm=0.217
REGINN:CGLS::k=5 : rdisc=0.780, norm=0.301
REGINN:CGLS::k=6 : rdisc=0.748, norm=0.413
REGINN:CGLS::k=7 : rdisc=0.729, norm=0.487
REGINN:CGLS::k=8 : rdisc=0.689, norm=0.649
REGINN:CGLS::k=9 : rdisc=0.659, norm=0.772
REGINN:CGLS::k=10: rdisc=0.643, norm=0.843
REGINN:CGLS::k=11: rdisc=0.612, norm=0.976
REGINN:CGLS::Unsuccessful termination after 11 iterations!
REGINN::Linear solver did not achieve desired discrepancy due to max_iter.
REGINN:post_processing::Adjusted lower bound of estimate from -0.659 to 0.100
REGINN::i=12: rdisc=0.0308, rnorm=0.878, rerr=0.214
REGINN::0.100 ≤ estimate ≤ 2.82
REGINN::Solving linear problem using rtol=0.702 and max_iter=18
REGINN:CGLS::k=0 : rdisc=1.00, norm=0.00
REGINN:CGLS::k=1 : rdisc=0.919, norm=0.0545
REGINN:CGLS::k=2 : rdisc=0.870, norm=0.0912
REGINN:CGLS::k=3 : rdisc=0.854, norm=0.107
REGINN:CGLS::k=4 : rdisc=0.834, norm=0.138
REGINN:CGLS::k=5 : rdisc=0.818, norm=0.174
REGINN:CGLS::k=6 : rdisc=0.811, norm=0.194
REGINN:CGLS::k=7 : rdisc=0.799, norm=0.231
REGINN:CGLS::k=8 : rdisc=0.785, norm=0.282
REGINN:CGLS::k=9 : rdisc=0.773, norm=0.331
REGINN:CGLS::k=10: rdisc=0.765, norm=0.368
REGINN:CGLS::k=11: rdisc=0.743, norm=0.472
REGINN:CGLS::k=12: rdisc=0.712, norm=0.625
REGINN:CGLS::k=13: rdisc=0.686, norm=0.755
REGINN:CGLS::Safeguarding: λ=0.791 ⇒ rdisc=0.702
REGINN:CGLS::Target discrepancy reached after 13 iterations.
REGINN:post_processing::Adjusted lower bound of estimate from -0.276 to 0.100
REGINN::i=13: rdisc=0.0226, rnorm=0.883, rerr=0.210
REGINN::Saving current residual in ./step-0013/
REGINN::Saving current estimate in ./step-0013/
REGINN::0.100 ≤ estimate ≤ 2.69
REGINN::Solving linear problem using rtol=0.883 and max_iter=24
REGINN:CGLS::k=0 : rdisc=1.00, norm=0.00
REGINN:CGLS::k=1 : rdisc=0.943, norm=0.0502
REGINN:CGLS::k=2 : rdisc=0.925, norm=0.0681
REGINN:CGLS::k=3 : rdisc=0.916, norm=0.0801
REGINN:CGLS::k=4 : rdisc=0.905, norm=0.0969
REGINN:CGLS::k=5 : rdisc=0.896, norm=0.115
REGINN:CGLS::k=6 : rdisc=0.892, norm=0.125
REGINN:CGLS::k=7 : rdisc=0.883, norm=0.150
REGINN:CGLS::Safeguarding: λ=0.192 ⇒ rdisc=0.883
REGINN:CGLS::Target discrepancy reached after 7 iterations.
REGINN:post_processing::Adjusted lower bound of estimate from -0.0619 to 0.100
REGINN::i=14: rdisc=0.0201, rnorm=0.884, rerr=0.210
REGINN::0.100 ≤ estimate ≤ 2.68
REGINN::Solving linear problem using rtol=0.993 and max_iter=20
REGINN:CGLS::k=0 : rdisc=1.00, norm=0.00
REGINN:CGLS::k=1 : rdisc=0.989, norm=0.0204
REGINN:CGLS::Safeguarding: λ=0.620 ⇒ rdisc=0.993
REGINN:CGLS::Target discrepancy reached after 1 iteration.
REGINN:post_processing::Adjusted lower bound of estimate from 0.0943 to 0.100
REGINN::i=15: rdisc=0.0200, rnorm=0.884, rerr=0.210
REGINN::0.100 ≤ estimate ≤ 2.68
REGINN::Target discrepancy reached after 15 iterations.
REGINN::Saving current residual in ./step-0015/
REGINN::Saving current estimate in ./step-0015/
REGINN::0.100 ≤ estimate ≤ 2.68
stats::forward              : 17 calls, average 25.8 s per call
stats::linearization forward: 58 calls, average 19.6 s per call
stats::linearization adjoint: 58 calls, average 24.4 s per call
stats::measure forward      : 75 calls, average 0.0128 s per call
stats::measure adjoint      : 58 calls, average 0.00863 s per call
