JobId thies-laptop Fri Apr  6 19:12:19 2018
wavepi 087d1ae7-dirty
Release-Build, compiled on 2018-03-28T15:04:23Z from commit 087d1ae7e72c007921a76b0bf5d9cd0ed59da909 ("fix background") on branch master

working directory was dirty, git status: 
 M include/base/DiscretizedFunction.h
 M include/measurements/SensorValues.h
 M lib/WavePI.cpp
 M lib/base/DiscretizedFunction.cpp
 M lib/measurements/SensorValues.cpp

initialize_mesh::Number of active cells: 1024
initialize_mesh::Number of degrees of freedom in the first spatial mesh: 1089
initialize_mesh::cell diameters: minimal = 0.354, maximal = 0.354
initialize_mesh::dt: 0.0235
initialize_mesh::expected size of a DiscretizedFunction<2>: 2.13 MiB
Initializing problem
Generating synthetic data (inverse crime)
generate_data:run::distributing noisy data to other nodes
wall time for data synthesis        : 1.4s
wall time for mesh and problem init : 128.7ms
parameters:LogTransform::lower bound: 0.0
parameters:WaveEquation::max iter: 10000
parameters:WaveEquation::theta: 0.5
parameters:WaveEquation::tol: 1e-8
parameters:constraints::lower bound: -1e300
parameters:constraints::upper bound: 1e300
parameters:general::dimension: 2
parameters:general::finite element degree: 1
parameters:general::quadrature order: 3
parameters:inversion::method: REGINN
parameters:inversion::tau: 2
parameters:log::console depth: 2
parameters:log::file: wavepi.log
parameters:log::file depth: 3
parameters:log::file depth mpi: 3
parameters:mesh::end time: 6
parameters:mesh::initial refines: 5
parameters:mesh::initial time steps: 256
parameters:output::data: true
parameters:output::destination: ./step-{{i}}/
parameters:output::discrepancy decrease: 0.25
parameters:output::estimate: true
parameters:output::estimate transformed: false
parameters:output::exact: true
parameters:output::exact transformed: false
parameters:output::interval: 10
parameters:output::last: true
parameters:output::residual: true
parameters:output::statistics: history
parameters:problem::H1H1 beta: 0.5
parameters:problem::H1H1 gamma: 0.5
parameters:problem::H1L2 alpha: 0.5
parameters:problem::H2L2 alpha: 0.5
parameters:problem::H2L2 beta: 0.25
parameters:problem::H2L2+L2H1 alpha: 0.5
parameters:problem::H2L2+L2H1 beta: 0.25
parameters:problem::H2L2+L2H1 gamma: 0.5
parameters:problem::background parameter: 0.0
parameters:problem::constants: 
parameters:problem::domain lp wrapping: true
parameters:problem::domain p: 2.0
parameters:problem::epsilon: 5e-3
parameters:problem::initial guess: 0.0
parameters:problem::norm of codomain: L2L2
parameters:problem::norm of domain: H1L2
parameters:problem::parameter a: 1.0
parameters:problem::parameter c: 2.0
parameters:problem::parameter nu: 0.0
parameters:problem::parameter q: 2*if(norm{x|y|z} < 1.5, 2.0+abs(sin(t)), 0.0)
parameters:problem::transform: Identity
parameters:problem::type: q
parameters:watchdog::discrepancy increasing: false
parameters:watchdog::discrepancy slope min values: 40
parameters:watchdog::discrepancy slope percentage: 0.25
parameters:watchdog::discrepancy slope threshold: 0.0
parameters:watchdog::discrepancy threshold: 10.0
parameters:watchdog::maximum iteration count: 0
REGINN::Saving exact parameter in ./step-0000/
REGINN::Saving data in ./step-0000/
REGINN::Saving current residual in ./step-0000/
REGINN::Saving current estimate in ./step-0000/
REGINN::i=0 : rdisc=1.63 , rnorm=0.00 , rerr=1.00 
REGINN::0.00 ≤ estimate ≤ 0.00
REGINN::Solving linear problem using rtol=0.900 and max_iter=1
REGINN:Gradient::k=0 : rdisc=1.00 , norm=0.00 
REGINN:Gradient::k=1 : rdisc=0.669, norm=0.169
REGINN:Gradient::Target discrepancy reached after 1 iteration.
REGINN::i=1 : rdisc=1.12 , rnorm=0.0982, rerr=0.944
REGINN::-0.00729 ≤ estimate ≤ 1.62
REGINN::
REGINN::Solving linear problem using rtol=0.900 and max_iter=2
REGINN:Gradient::k=0 : rdisc=1.00 , norm=0.00 
REGINN:Gradient::k=1 : rdisc=0.829, norm=0.207
REGINN:Gradient::Target discrepancy reached after 1 iteration.
REGINN::i=2 : rdisc=0.877, rnorm=0.215, rerr=0.893
REGINN::-0.0321 ≤ estimate ≤ 3.79
REGINN::
REGINN::Solving linear problem using rtol=0.855 and max_iter=2
REGINN:Gradient::k=0 : rdisc=1.00 , norm=0.00 
REGINN:Gradient::k=1 : rdisc=0.701, norm=0.379
REGINN:Gradient::Target discrepancy reached after 1 iteration.
REGINN::i=3 : rdisc=0.508, rnorm=0.407, rerr=0.857
REGINN::-0.172 ≤ estimate ≤ 9.95
REGINN::
REGINN::Solving linear problem using rtol=0.812 and max_iter=2
REGINN:Gradient::k=0 : rdisc=1.00 , norm=0.00 
REGINN:Gradient::k=1 : rdisc=0.692, norm=0.300
REGINN:Gradient::Target discrepancy reached after 1 iteration.
REGINN::Saving current residual in ./step-0004/
REGINN::Saving current estimate in ./step-0004/
REGINN::i=4 : rdisc=0.341, rnorm=0.534, rerr=0.822
REGINN::-0.0914 ≤ estimate ≤ 9.64
REGINN::
REGINN::Solving linear problem using rtol=0.772 and max_iter=2
REGINN:Gradient::k=0 : rdisc=1.00 , norm=0.00 
REGINN:Gradient::k=1 : rdisc=0.725, norm=0.182
REGINN:Gradient::Target discrepancy reached after 1 iteration.
REGINN::i=5 : rdisc=0.258, rnorm=0.505, rerr=0.801
REGINN::-0.0901 ≤ estimate ≤ 7.20
REGINN::
REGINN::Solving linear problem using rtol=0.733 and max_iter=2
REGINN:Gradient::k=0 : rdisc=1.00 , norm=0.00 
REGINN:Gradient::k=1 : rdisc=0.832, norm=0.0898
REGINN:Gradient::k=2 : rdisc=0.723, norm=0.124
REGINN:Gradient::Target discrepancy reached after 2 iterations.
REGINN::i=6 : rdisc=0.189, rnorm=0.549, rerr=0.781
REGINN::-0.0889 ≤ estimate ≤ 7.35
REGINN::
REGINN::Solving linear problem using rtol=0.696 and max_iter=3
REGINN:Gradient::k=0 : rdisc=1.00 , norm=0.00 
REGINN:Gradient::k=1 : rdisc=0.901, norm=0.0517
REGINN:Gradient::k=2 : rdisc=0.824, norm=0.0734
REGINN:Gradient::k=3 : rdisc=0.762, norm=0.103
REGINN:Gradient::Unsuccessful termination after 3 iterations!
REGINN::Linear solver did not achieve desired discrepancy due to max_iter.
REGINN::i=7 : rdisc=0.146, rnorm=0.593, rerr=0.764
REGINN::-0.0871 ≤ estimate ≤ 7.55
REGINN::
REGINN::Solving linear problem using rtol=0.662 and max_iter=5
REGINN:Gradient::k=0 : rdisc=1.00 , norm=0.00 
REGINN:Gradient::k=1 : rdisc=0.930, norm=0.0420
REGINN:Gradient::k=2 : rdisc=0.870, norm=0.0518
REGINN:Gradient::k=3 : rdisc=0.818, norm=0.0819
REGINN:Gradient::k=4 : rdisc=0.771, norm=0.0940
REGINN:Gradient::k=5 : rdisc=0.730, norm=0.118
REGINN:Gradient::Unsuccessful termination after 5 iterations!
REGINN::Linear solver did not achieve desired discrepancy due to max_iter.
REGINN::i=8 : rdisc=0.109, rnorm=0.615, rerr=0.744
REGINN::-0.0955 ≤ estimate ≤ 7.32
REGINN::
REGINN::Solving linear problem using rtol=0.629 and max_iter=8
REGINN:Gradient::k=0 : rdisc=1.00 , norm=0.00 
REGINN:Gradient::k=1 : rdisc=0.956, norm=0.0205
REGINN:Gradient::k=2 : rdisc=0.915, norm=0.0303
REGINN:Gradient::k=3 : rdisc=0.877, norm=0.0447
REGINN:Gradient::k=4 : rdisc=0.842, norm=0.0572
REGINN:Gradient::k=5 : rdisc=0.809, norm=0.0692
REGINN:Gradient::k=6 : rdisc=0.778, norm=0.0812
REGINN:Gradient::k=7 : rdisc=0.750, norm=0.0916
REGINN:Gradient::k=8 : rdisc=0.723, norm=0.103
REGINN:Gradient::Unsuccessful termination after 8 iterations!
REGINN::Linear solver did not achieve desired discrepancy due to max_iter.
REGINN::Saving current residual in ./step-0009/
REGINN::Saving current estimate in ./step-0009/
REGINN::i=9 : rdisc=0.0807, rnorm=0.640, rerr=0.727
REGINN::-0.128 ≤ estimate ≤ 7.31
REGINN::
REGINN::Solving linear problem using rtol=0.597 and max_iter=13
REGINN:Gradient::k=0 : rdisc=1.00 , norm=0.00 
REGINN:Gradient::k=1 : rdisc=0.964, norm=0.0135
REGINN:Gradient::k=2 : rdisc=0.931, norm=0.0207
REGINN:Gradient::k=3 : rdisc=0.900, norm=0.0301
REGINN:Gradient::k=4 : rdisc=0.871, norm=0.0394
REGINN:Gradient::k=5 : rdisc=0.843, norm=0.0474
REGINN:Gradient::k=6 : rdisc=0.817, norm=0.0564
REGINN:Gradient::k=7 : rdisc=0.793, norm=0.0635
REGINN:Gradient::k=8 : rdisc=0.770, norm=0.0719
REGINN:Gradient::k=9 : rdisc=0.748, norm=0.0783
REGINN:Gradient::k=10: rdisc=0.728, norm=0.0862
REGINN:Gradient::k=11: rdisc=0.708, norm=0.0919
REGINN:Gradient::k=12: rdisc=0.690, norm=0.0992
REGINN:Gradient::k=13: rdisc=0.672, norm=0.105
REGINN:Gradient::Unsuccessful termination after 13 iterations!
REGINN::Linear solver did not achieve desired discrepancy due to max_iter.
REGINN::Saving current residual in ./step-0010/
REGINN::Saving current estimate in ./step-0010/
REGINN::i=10: rdisc=0.0558, rnorm=0.667, rerr=0.713
REGINN::-0.333 ≤ estimate ≤ 7.24
REGINN::
REGINN::Solving linear problem using rtol=0.752 and max_iter=21
REGINN:Gradient::k=0 : rdisc=1.00 , norm=0.00 
REGINN:Gradient::k=1 : rdisc=0.964, norm=0.0155
REGINN:Gradient::k=2 : rdisc=0.932, norm=0.0173
REGINN:Gradient::k=3 : rdisc=0.902, norm=0.0302
REGINN:Gradient::k=4 : rdisc=0.874, norm=0.0327
REGINN:Gradient::k=5 : rdisc=0.848, norm=0.0440
REGINN:Gradient::k=6 : rdisc=0.824, norm=0.0465
REGINN:Gradient::k=7 : rdisc=0.802, norm=0.0567
REGINN:Gradient::k=8 : rdisc=0.781, norm=0.0591
REGINN:Gradient::k=9 : rdisc=0.761, norm=0.0683
REGINN:Gradient::k=10: rdisc=0.743, norm=0.0705
REGINN:Gradient::Target discrepancy reached after 10 iterations.
REGINN::i=11: rdisc=0.0424, rnorm=0.682, rerr=0.705
REGINN::-0.498 ≤ estimate ≤ 7.22
REGINN::
REGINN::Solving linear problem using rtol=0.714 and max_iter=23
REGINN:Gradient::k=0 : rdisc=1.00 , norm=0.00 
REGINN:Gradient::k=1 : rdisc=0.974, norm=0.0107
REGINN:Gradient::k=2 : rdisc=0.950, norm=0.0118
REGINN:Gradient::k=3 : rdisc=0.928, norm=0.0209
REGINN:Gradient::k=4 : rdisc=0.907, norm=0.0225
REGINN:Gradient::k=5 : rdisc=0.887, norm=0.0308
REGINN:Gradient::k=6 : rdisc=0.869, norm=0.0324
REGINN:Gradient::k=7 : rdisc=0.851, norm=0.0399
REGINN:Gradient::k=8 : rdisc=0.834, norm=0.0415
REGINN:Gradient::k=9 : rdisc=0.818, norm=0.0485
REGINN:Gradient::k=10: rdisc=0.803, norm=0.0500
REGINN:Gradient::k=11: rdisc=0.789, norm=0.0565
REGINN:Gradient::k=12: rdisc=0.775, norm=0.0579
REGINN:Gradient::k=13: rdisc=0.762, norm=0.0640
REGINN:Gradient::k=14: rdisc=0.749, norm=0.0653
REGINN:Gradient::k=15: rdisc=0.737, norm=0.0710
REGINN:Gradient::k=16: rdisc=0.725, norm=0.0723
REGINN:Gradient::k=17: rdisc=0.714, norm=0.0776
REGINN:Gradient::Target discrepancy reached after 17 iterations.
REGINN::i=12: rdisc=0.0310, rnorm=0.698, rerr=0.696
REGINN::-0.642 ≤ estimate ≤ 7.33
REGINN::
REGINN::Solving linear problem using rtol=0.832 and max_iter=27
REGINN:Gradient::k=0 : rdisc=1.00 , norm=0.00 
REGINN:Gradient::k=1 : rdisc=0.987, norm=0.00291
REGINN:Gradient::k=2 : rdisc=0.975, norm=0.00551
REGINN:Gradient::k=3 : rdisc=0.963, norm=0.00732
REGINN:Gradient::k=4 : rdisc=0.952, norm=0.0107
REGINN:Gradient::k=5 : rdisc=0.941, norm=0.0123
REGINN:Gradient::k=6 : rdisc=0.930, norm=0.0157
REGINN:Gradient::k=7 : rdisc=0.920, norm=0.0171
REGINN:Gradient::k=8 : rdisc=0.909, norm=0.0205
REGINN:Gradient::k=9 : rdisc=0.899, norm=0.0219
REGINN:Gradient::k=10: rdisc=0.890, norm=0.0251
REGINN:Gradient::k=11: rdisc=0.880, norm=0.0264
REGINN:Gradient::k=12: rdisc=0.871, norm=0.0296
REGINN:Gradient::k=13: rdisc=0.862, norm=0.0308
REGINN:Gradient::k=14: rdisc=0.853, norm=0.0339
REGINN:Gradient::k=15: rdisc=0.845, norm=0.0351
REGINN:Gradient::k=16: rdisc=0.836, norm=0.0381
REGINN:Gradient::k=17: rdisc=0.828, norm=0.0393
REGINN:Gradient::Target discrepancy reached after 17 iterations.
REGINN::i=13: rdisc=0.0260, rnorm=0.705, rerr=0.692
REGINN::-0.698 ≤ estimate ≤ 7.32
REGINN::
REGINN::Solving linear problem using rtol=0.832 and max_iter=34
REGINN:Gradient::k=0 : rdisc=1.00 , norm=0.00 
REGINN:Gradient::k=1 : rdisc=0.991, norm=0.00310
REGINN:Gradient::k=2 : rdisc=0.982, norm=0.00373
REGINN:Gradient::k=3 : rdisc=0.974, norm=0.00644
REGINN:Gradient::k=4 : rdisc=0.966, norm=0.00734
REGINN:Gradient::k=5 : rdisc=0.957, norm=0.00991
REGINN:Gradient::k=6 : rdisc=0.949, norm=0.0109
REGINN:Gradient::k=7 : rdisc=0.941, norm=0.0133
REGINN:Gradient::k=8 : rdisc=0.934, norm=0.0143
REGINN:Gradient::k=9 : rdisc=0.926, norm=0.0167
REGINN:Gradient::k=10: rdisc=0.919, norm=0.0176
REGINN:Gradient::k=11: rdisc=0.911, norm=0.0199
REGINN:Gradient::k=12: rdisc=0.904, norm=0.0209
REGINN:Gradient::k=13: rdisc=0.897, norm=0.0231
REGINN:Gradient::k=14: rdisc=0.890, norm=0.0240
REGINN:Gradient::k=15: rdisc=0.883, norm=0.0262
REGINN:Gradient::k=16: rdisc=0.876, norm=0.0271
REGINN:Gradient::k=17: rdisc=0.870, norm=0.0292
REGINN:Gradient::k=18: rdisc=0.863, norm=0.0301
REGINN:Gradient::k=19: rdisc=0.857, norm=0.0322
REGINN:Gradient::k=20: rdisc=0.850, norm=0.0331
REGINN:Gradient::k=21: rdisc=0.844, norm=0.0351
REGINN:Gradient::k=22: rdisc=0.838, norm=0.0359
REGINN:Gradient::k=23: rdisc=0.832, norm=0.0379
REGINN:Gradient::k=24: rdisc=0.826, norm=0.0387
REGINN:Gradient::Target discrepancy reached after 24 iterations.
REGINN::i=14: rdisc=0.0218, rnorm=0.710, rerr=0.688
REGINN::-0.730 ≤ estimate ≤ 7.24
REGINN::
REGINN::Solving linear problem using rtol=0.881 and max_iter=41
REGINN:Gradient::k=0 : rdisc=1.00 , norm=0.00 
REGINN:Gradient::k=1 : rdisc=0.994, norm=0.00182
REGINN:Gradient::k=2 : rdisc=0.988, norm=0.00244
REGINN:Gradient::k=3 : rdisc=0.982, norm=0.00395
REGINN:Gradient::k=4 : rdisc=0.976, norm=0.00483
REGINN:Gradient::k=5 : rdisc=0.970, norm=0.00624
REGINN:Gradient::k=6 : rdisc=0.964, norm=0.00717
REGINN:Gradient::k=7 : rdisc=0.958, norm=0.00852
REGINN:Gradient::k=8 : rdisc=0.953, norm=0.00946
REGINN:Gradient::k=9 : rdisc=0.947, norm=0.0108
REGINN:Gradient::k=10: rdisc=0.942, norm=0.0117
REGINN:Gradient::k=11: rdisc=0.936, norm=0.0130
REGINN:Gradient::k=12: rdisc=0.931, norm=0.0139
REGINN:Gradient::k=13: rdisc=0.926, norm=0.0152
REGINN:Gradient::k=14: rdisc=0.921, norm=0.0161
REGINN:Gradient::k=15: rdisc=0.915, norm=0.0173
REGINN:Gradient::k=16: rdisc=0.910, norm=0.0182
REGINN:Gradient::k=17: rdisc=0.905, norm=0.0194
REGINN:Gradient::k=18: rdisc=0.901, norm=0.0203
REGINN:Gradient::k=19: rdisc=0.896, norm=0.0214
REGINN:Gradient::k=20: rdisc=0.891, norm=0.0223
REGINN:Gradient::k=21: rdisc=0.886, norm=0.0235
REGINN:Gradient::k=22: rdisc=0.882, norm=0.0243
REGINN:Gradient::k=23: rdisc=0.877, norm=0.0254
REGINN:Gradient::Target discrepancy reached after 23 iterations.
REGINN::i=15: rdisc=0.0193, rnorm=0.713, rerr=0.686
REGINN::-0.739 ≤ estimate ≤ 7.14
REGINN::
REGINN::Solving linear problem using rtol=0.837 and max_iter=47
REGINN:Gradient::k=0 : rdisc=1.00 , norm=0.00 
REGINN:Gradient::k=1 : rdisc=0.995, norm=0.00158
REGINN:Gradient::k=2 : rdisc=0.989, norm=0.00204
REGINN:Gradient::k=3 : rdisc=0.984, norm=0.00338
REGINN:Gradient::k=4 : rdisc=0.979, norm=0.00404
REGINN:Gradient::k=5 : rdisc=0.974, norm=0.00530
REGINN:Gradient::k=6 : rdisc=0.969, norm=0.00600
REGINN:Gradient::k=7 : rdisc=0.964, norm=0.00722
REGINN:Gradient::k=8 : rdisc=0.959, norm=0.00792
REGINN:Gradient::k=9 : rdisc=0.954, norm=0.00910
REGINN:Gradient::k=10: rdisc=0.949, norm=0.00981
REGINN:Gradient::k=11: rdisc=0.945, norm=0.0110
REGINN:Gradient::k=12: rdisc=0.940, norm=0.0117
REGINN:Gradient::k=13: rdisc=0.935, norm=0.0128
REGINN:Gradient::k=14: rdisc=0.931, norm=0.0135
REGINN:Gradient::k=15: rdisc=0.926, norm=0.0146
REGINN:Gradient::k=16: rdisc=0.922, norm=0.0153
REGINN:Gradient::k=17: rdisc=0.918, norm=0.0164
REGINN:Gradient::k=18: rdisc=0.913, norm=0.0170
REGINN:Gradient::k=19: rdisc=0.909, norm=0.0181
REGINN:Gradient::k=20: rdisc=0.905, norm=0.0188
REGINN:Gradient::k=21: rdisc=0.901, norm=0.0198
REGINN:Gradient::k=22: rdisc=0.897, norm=0.0205
REGINN:Gradient::k=23: rdisc=0.893, norm=0.0215
REGINN:Gradient::k=24: rdisc=0.889, norm=0.0221
REGINN:Gradient::k=25: rdisc=0.885, norm=0.0231
REGINN:Gradient::k=26: rdisc=0.881, norm=0.0238
REGINN:Gradient::k=27: rdisc=0.877, norm=0.0248
REGINN:Gradient::k=28: rdisc=0.873, norm=0.0254
REGINN:Gradient::k=29: rdisc=0.870, norm=0.0264
REGINN:Gradient::k=30: rdisc=0.866, norm=0.0270
REGINN:Gradient::k=31: rdisc=0.862, norm=0.0279
REGINN:Gradient::k=32: rdisc=0.859, norm=0.0285
REGINN:Gradient::k=33: rdisc=0.855, norm=0.0295
REGINN:Gradient::k=34: rdisc=0.851, norm=0.0301
REGINN:Gradient::k=35: rdisc=0.848, norm=0.0310
REGINN:Gradient::k=36: rdisc=0.844, norm=0.0316
REGINN:Gradient::k=37: rdisc=0.841, norm=0.0325
REGINN:Gradient::k=38: rdisc=0.838, norm=0.0331
REGINN:Gradient::k=39: rdisc=0.834, norm=0.0340
REGINN:Gradient::Target discrepancy reached after 39 iterations.
REGINN::i=16: rdisc=0.0163, rnorm=0.718, rerr=0.683
REGINN::-0.737 ≤ estimate ≤ 7.12
REGINN::
REGINN::Solving linear problem using rtol=0.904 and max_iter=62
REGINN:Gradient::k=0 : rdisc=1.00 , norm=0.00 
REGINN:Gradient::k=1 : rdisc=0.995, norm=0.000955
REGINN:Gradient::k=2 : rdisc=0.991, norm=0.00173
REGINN:Gradient::k=3 : rdisc=0.986, norm=0.00237
REGINN:Gradient::k=4 : rdisc=0.982, norm=0.00341
REGINN:Gradient::k=5 : rdisc=0.977, norm=0.00399
REGINN:Gradient::k=6 : rdisc=0.973, norm=0.00507
REGINN:Gradient::k=7 : rdisc=0.969, norm=0.00561
REGINN:Gradient::k=8 : rdisc=0.964, norm=0.00669
REGINN:Gradient::k=9 : rdisc=0.960, norm=0.00721
REGINN:Gradient::k=10: rdisc=0.956, norm=0.00828
REGINN:Gradient::k=11: rdisc=0.952, norm=0.00878
REGINN:Gradient::k=12: rdisc=0.948, norm=0.00984
REGINN:Gradient::k=13: rdisc=0.944, norm=0.0103
REGINN:Gradient::k=14: rdisc=0.940, norm=0.0114
REGINN:Gradient::k=15: rdisc=0.936, norm=0.0119
REGINN:Gradient::k=16: rdisc=0.933, norm=0.0129
REGINN:Gradient::k=17: rdisc=0.929, norm=0.0134
REGINN:Gradient::k=18: rdisc=0.925, norm=0.0144
REGINN:Gradient::k=19: rdisc=0.921, norm=0.0148
REGINN:Gradient::k=20: rdisc=0.918, norm=0.0158
REGINN:Gradient::k=21: rdisc=0.914, norm=0.0163
REGINN:Gradient::k=22: rdisc=0.911, norm=0.0173
REGINN:Gradient::k=23: rdisc=0.907, norm=0.0177
REGINN:Gradient::k=24: rdisc=0.904, norm=0.0187
REGINN:Gradient::k=25: rdisc=0.901, norm=0.0191
REGINN:Gradient::Target discrepancy reached after 25 iterations.
REGINN::i=17: rdisc=0.0148, rnorm=0.720, rerr=0.681
REGINN::-0.731 ≤ estimate ≤ 7.24
REGINN::
REGINN::Solving linear problem using rtol=0.859 and max_iter=64
REGINN:Gradient::k=0 : rdisc=1.00 , norm=0.00 
REGINN:Gradient::k=1 : rdisc=0.986, norm=0.00501
REGINN:Gradient::k=2 : rdisc=0.973, norm=0.00516
REGINN:Gradient::k=3 : rdisc=0.961, norm=0.00958
REGINN:Gradient::k=4 : rdisc=0.949, norm=0.00980
REGINN:Gradient::k=5 : rdisc=0.939, norm=0.0134
REGINN:Gradient::k=6 : rdisc=0.930, norm=0.0137
REGINN:Gradient::k=7 : rdisc=0.923, norm=0.0161
REGINN:Gradient::k=8 : rdisc=0.917, norm=0.0163
REGINN:Gradient::k=9 : rdisc=0.913, norm=0.0179
REGINN:Gradient::k=10: rdisc=0.908, norm=0.0182
REGINN:Gradient::k=11: rdisc=0.904, norm=0.0196
REGINN:Gradient::k=12: rdisc=0.900, norm=0.0199
REGINN:Gradient::k=13: rdisc=0.896, norm=0.0213
REGINN:Gradient::k=14: rdisc=0.893, norm=0.0215
REGINN:Gradient::k=15: rdisc=0.889, norm=0.0229
REGINN:Gradient::k=16: rdisc=0.885, norm=0.0231
REGINN:Gradient::k=17: rdisc=0.882, norm=0.0244
REGINN:Gradient::k=18: rdisc=0.878, norm=0.0247
REGINN:Gradient::k=19: rdisc=0.875, norm=0.0260
REGINN:Gradient::k=20: rdisc=0.871, norm=0.0262
REGINN:Gradient::k=21: rdisc=0.868, norm=0.0275
REGINN:Gradient::k=22: rdisc=0.864, norm=0.0277
REGINN:Gradient::k=23: rdisc=0.861, norm=0.0290
REGINN:Gradient::k=24: rdisc=0.858, norm=0.0292
REGINN:Gradient::Target discrepancy reached after 24 iterations.
REGINN::Saving current residual in ./step-0018/
REGINN::Saving current estimate in ./step-0018/
REGINN::i=18: rdisc=0.0129, rnorm=0.724, rerr=0.679
REGINN::-0.717 ≤ estimate ≤ 7.42
REGINN::
REGINN::Solving linear problem using rtol=0.816 and max_iter=49
REGINN:Gradient::k=0 : rdisc=1.00 , norm=0.00 
REGINN:Gradient::k=1 : rdisc=0.988, norm=0.00460
REGINN:Gradient::k=2 : rdisc=0.976, norm=0.00471
REGINN:Gradient::k=3 : rdisc=0.967, norm=0.00835
REGINN:Gradient::k=4 : rdisc=0.958, norm=0.00851
REGINN:Gradient::k=5 : rdisc=0.951, norm=0.0109
REGINN:Gradient::k=6 : rdisc=0.945, norm=0.0111
REGINN:Gradient::k=7 : rdisc=0.942, norm=0.0124
REGINN:Gradient::k=8 : rdisc=0.938, norm=0.0126
REGINN:Gradient::k=9 : rdisc=0.935, norm=0.0136
REGINN:Gradient::k=10: rdisc=0.932, norm=0.0138
REGINN:Gradient::k=11: rdisc=0.930, norm=0.0148
REGINN:Gradient::k=12: rdisc=0.927, norm=0.0150
REGINN:Gradient::k=13: rdisc=0.924, norm=0.0160
REGINN:Gradient::k=14: rdisc=0.922, norm=0.0162
REGINN:Gradient::k=15: rdisc=0.919, norm=0.0172
REGINN:Gradient::k=16: rdisc=0.916, norm=0.0174
REGINN:Gradient::k=17: rdisc=0.914, norm=0.0183
REGINN:Gradient::k=18: rdisc=0.911, norm=0.0185
REGINN:Gradient::k=19: rdisc=0.909, norm=0.0194
REGINN:Gradient::k=20: rdisc=0.906, norm=0.0196
REGINN:Gradient::k=21: rdisc=0.904, norm=0.0205
REGINN:Gradient::k=22: rdisc=0.901, norm=0.0207
REGINN:Gradient::k=23: rdisc=0.899, norm=0.0216
REGINN:Gradient::k=24: rdisc=0.896, norm=0.0218
REGINN:Gradient::k=25: rdisc=0.894, norm=0.0227
REGINN:Gradient::k=26: rdisc=0.892, norm=0.0229
REGINN:Gradient::k=27: rdisc=0.889, norm=0.0238
REGINN:Gradient::k=28: rdisc=0.887, norm=0.0240
REGINN:Gradient::k=29: rdisc=0.885, norm=0.0248
REGINN:Gradient::k=30: rdisc=0.883, norm=0.0250
REGINN:Gradient::k=31: rdisc=0.880, norm=0.0259
REGINN:Gradient::k=32: rdisc=0.878, norm=0.0261
REGINN:Gradient::k=33: rdisc=0.876, norm=0.0269
REGINN:Gradient::k=34: rdisc=0.874, norm=0.0271
REGINN:Gradient::k=35: rdisc=0.872, norm=0.0279
REGINN:Gradient::k=36: rdisc=0.870, norm=0.0281
REGINN:Gradient::k=37: rdisc=0.868, norm=0.0289
REGINN:Gradient::k=38: rdisc=0.866, norm=0.0291
REGINN:Gradient::k=39: rdisc=0.863, norm=0.0299
REGINN:Gradient::k=40: rdisc=0.861, norm=0.0301
REGINN:Gradient::k=41: rdisc=0.859, norm=0.0309
REGINN:Gradient::k=42: rdisc=0.857, norm=0.0310
REGINN:Gradient::k=43: rdisc=0.855, norm=0.0318
REGINN:Gradient::k=44: rdisc=0.854, norm=0.0320
REGINN:Gradient::k=45: rdisc=0.852, norm=0.0328
REGINN:Gradient::k=46: rdisc=0.850, norm=0.0329
REGINN:Gradient::k=47: rdisc=0.848, norm=0.0337
REGINN:Gradient::k=48: rdisc=0.846, norm=0.0339
REGINN:Gradient::k=49: rdisc=0.844, norm=0.0346
REGINN:Gradient::Unsuccessful termination after 49 iterations!
REGINN::Linear solver did not achieve desired discrepancy due to max_iter.
REGINN::i=19: rdisc=0.0111, rnorm=0.728, rerr=0.676
REGINN::-0.697 ≤ estimate ≤ 7.60
REGINN::
REGINN::Solving linear problem using rtol=0.910 and max_iter=73
REGINN:Gradient::k=0 : rdisc=1.00 , norm=0.00 
REGINN:Gradient::k=1 : rdisc=0.998, norm=0.000472
REGINN:Gradient::k=2 : rdisc=0.997, norm=0.000620
REGINN:Gradient::k=3 : rdisc=0.995, norm=0.00102
REGINN:Gradient::k=4 : rdisc=0.994, norm=0.00123
REGINN:Gradient::k=5 : rdisc=0.993, norm=0.00160
REGINN:Gradient::k=6 : rdisc=0.991, norm=0.00183
REGINN:Gradient::k=7 : rdisc=0.990, norm=0.00219
REGINN:Gradient::k=8 : rdisc=0.988, norm=0.00242
REGINN:Gradient::k=9 : rdisc=0.987, norm=0.00277
REGINN:Gradient::k=10: rdisc=0.986, norm=0.00300
REGINN:Gradient::k=11: rdisc=0.984, norm=0.00335
REGINN:Gradient::k=12: rdisc=0.983, norm=0.00358
REGINN:Gradient::k=13: rdisc=0.982, norm=0.00392
REGINN:Gradient::k=14: rdisc=0.980, norm=0.00416
REGINN:Gradient::k=15: rdisc=0.979, norm=0.00449
REGINN:Gradient::k=16: rdisc=0.978, norm=0.00473
REGINN:Gradient::k=17: rdisc=0.976, norm=0.00506
REGINN:Gradient::k=18: rdisc=0.975, norm=0.00529
REGINN:Gradient::k=19: rdisc=0.974, norm=0.00562
REGINN:Gradient::k=20: rdisc=0.972, norm=0.00585
REGINN:Gradient::k=21: rdisc=0.971, norm=0.00618
REGINN:Gradient::k=22: rdisc=0.970, norm=0.00641
REGINN:Gradient::k=23: rdisc=0.969, norm=0.00674
REGINN:Gradient::k=24: rdisc=0.967, norm=0.00697
REGINN:Gradient::k=25: rdisc=0.966, norm=0.00729
REGINN:Gradient::k=26: rdisc=0.965, norm=0.00752
REGINN:Gradient::k=27: rdisc=0.964, norm=0.00783
REGINN:Gradient::k=28: rdisc=0.962, norm=0.00806
REGINN:Gradient::k=29: rdisc=0.961, norm=0.00838
REGINN:Gradient::k=30: rdisc=0.960, norm=0.00860
REGINN:Gradient::k=31: rdisc=0.959, norm=0.00892
REGINN:Gradient::k=32: rdisc=0.958, norm=0.00914
REGINN:Gradient::k=33: rdisc=0.956, norm=0.00945
REGINN:Gradient::k=34: rdisc=0.955, norm=0.00968
REGINN:Gradient::k=35: rdisc=0.954, norm=0.00999
REGINN:Gradient::k=36: rdisc=0.953, norm=0.0102
REGINN:Gradient::k=37: rdisc=0.952, norm=0.0105
REGINN:Gradient::k=38: rdisc=0.950, norm=0.0107
REGINN:Gradient::k=39: rdisc=0.949, norm=0.0110
REGINN:Gradient::k=40: rdisc=0.948, norm=0.0113
REGINN:Gradient::k=41: rdisc=0.947, norm=0.0116
REGINN:Gradient::k=42: rdisc=0.946, norm=0.0118
REGINN:Gradient::k=43: rdisc=0.945, norm=0.0121
REGINN:Gradient::k=44: rdisc=0.944, norm=0.0123
REGINN:Gradient::k=45: rdisc=0.942, norm=0.0126
REGINN:Gradient::k=46: rdisc=0.941, norm=0.0128
REGINN:Gradient::k=47: rdisc=0.940, norm=0.0131
REGINN:Gradient::k=48: rdisc=0.939, norm=0.0133
REGINN:Gradient::k=49: rdisc=0.938, norm=0.0136
REGINN:Gradient::k=50: rdisc=0.937, norm=0.0138
REGINN:Gradient::k=51: rdisc=0.936, norm=0.0141
REGINN:Gradient::k=52: rdisc=0.935, norm=0.0143
REGINN:Gradient::k=53: rdisc=0.934, norm=0.0146
REGINN:Gradient::k=54: rdisc=0.933, norm=0.0148
REGINN:Gradient::k=55: rdisc=0.932, norm=0.0151
REGINN:Gradient::k=56: rdisc=0.931, norm=0.0153
REGINN:Gradient::k=57: rdisc=0.929, norm=0.0156
REGINN:Gradient::k=58: rdisc=0.928, norm=0.0158
REGINN:Gradient::k=59: rdisc=0.927, norm=0.0161
REGINN:Gradient::k=60: rdisc=0.926, norm=0.0163
REGINN:Gradient::k=61: rdisc=0.925, norm=0.0166
REGINN:Gradient::k=62: rdisc=0.924, norm=0.0168
REGINN:Gradient::k=63: rdisc=0.923, norm=0.0171
REGINN:Gradient::k=64: rdisc=0.922, norm=0.0173
REGINN:Gradient::k=65: rdisc=0.921, norm=0.0176
REGINN:Gradient::k=66: rdisc=0.920, norm=0.0178
REGINN:Gradient::k=67: rdisc=0.919, norm=0.0181
REGINN:Gradient::k=68: rdisc=0.918, norm=0.0183
REGINN:Gradient::k=69: rdisc=0.917, norm=0.0186
REGINN:Gradient::k=70: rdisc=0.916, norm=0.0188
REGINN:Gradient::k=71: rdisc=0.915, norm=0.0190
REGINN:Gradient::k=72: rdisc=0.914, norm=0.0192
REGINN:Gradient::k=73: rdisc=0.913, norm=0.0195
REGINN:Gradient::Unsuccessful termination after 73 iterations!
REGINN::Linear solver did not achieve desired discrepancy due to max_iter.
REGINN::Saving current residual in ./step-0020/
REGINN::Saving current estimate in ./step-0020/
REGINN::i=20: rdisc=0.0102, rnorm=0.730, rerr=0.674
REGINN::-0.682 ≤ estimate ≤ 7.67
REGINN::
REGINN::Solving linear problem using rtol=0.979 and max_iter=122
REGINN:Gradient::k=0 : rdisc=1.00 , norm=0.00 
REGINN:Gradient::k=1 : rdisc=0.999, norm=0.000324
REGINN:Gradient::k=2 : rdisc=0.997, norm=0.000636
REGINN:Gradient::k=3 : rdisc=0.996, norm=0.000844
REGINN:Gradient::k=4 : rdisc=0.994, norm=0.00126
REGINN:Gradient::k=5 : rdisc=0.993, norm=0.00145
REGINN:Gradient::k=6 : rdisc=0.991, norm=0.00188
REGINN:Gradient::k=7 : rdisc=0.990, norm=0.00206
REGINN:Gradient::k=8 : rdisc=0.989, norm=0.00250
REGINN:Gradient::k=9 : rdisc=0.987, norm=0.00267
REGINN:Gradient::k=10: rdisc=0.986, norm=0.00311
REGINN:Gradient::k=11: rdisc=0.985, norm=0.00327
REGINN:Gradient::k=12: rdisc=0.983, norm=0.00371
REGINN:Gradient::k=13: rdisc=0.982, norm=0.00387
REGINN:Gradient::k=14: rdisc=0.981, norm=0.00431
REGINN:Gradient::k=15: rdisc=0.979, norm=0.00447
REGINN:Gradient::k=16: rdisc=0.978, norm=0.00491
REGINN:Gradient::Target discrepancy reached after 16 iterations.
REGINN::i=21: rdisc=0.0100, rnorm=0.731, rerr=0.674
REGINN::-0.677 ≤ estimate ≤ 7.69
REGINN::
REGINN::Solving linear problem using rtol=0.999 and max_iter=89
REGINN:Gradient::k=0 : rdisc=1.00 , norm=0.00 
REGINN:Gradient::k=1 : rdisc=0.999, norm=0.000311
REGINN:Gradient::Target discrepancy reached after 1 iteration.
REGINN::i=22: rdisc=0.0100, rnorm=0.731, rerr=0.674
REGINN::-0.677 ≤ estimate ≤ 7.69
REGINN::
REGINN::Saving current residual in ./step-0022/
REGINN::Saving current estimate in ./step-0022/
REGINN::Target discrepancy reached after 22 iterations.
REGINN::-0.677 ≤ estimate ≤ 7.69
Relative p-norm on top of H¹([0,T], L²(Ω)) with p=2.000000 error of the reconstruction: 0.674
reconstruction error in other norms: 
Relative (ℝⁿ, ‖·‖₂) error of the reconstruction: 0.217
Relative L²([0,T], L²(Ω)) error of the reconstruction: 0.148
Relative H¹([0,T], L²(Ω)) error of the reconstruction: 0.200
Relative H¹([0, T], H¹(Ω)) error of the reconstruction: 0.563
Relative H²([0,T], L²(Ω)) error of the reconstruction: 0.609
Relative p-norm on top of H¹([0,T], L²(Ω)) with p=2.000000 error of (reconstruction - initial guess): 0.674
reconstruction error in other norms: 
Relative (ℝⁿ, ‖·‖₂) error of (reconstruction - initial guess): 0.217
Relative L²([0,T], L²(Ω)) error of (reconstruction - initial guess): 0.148
Relative H¹([0,T], L²(Ω)) error of (reconstruction - initial guess): 0.200
Relative H¹([0, T], H¹(Ω)) error of (reconstruction - initial guess): 0.563
Relative H²([0,T], L²(Ω)) error of (reconstruction - initial guess): 0.609
stats::forward              : 24 calls, average 1.2s per call
stats::linearization forward: 354 calls, average 1.1s per call
stats::linearization adjoint: 354 calls, average 1.1s per call
stats::measure forward      : 378 calls, average 357.7µs per call
stats::measure adjoint      : 354 calls, average 278.4µs per call
stats::total wall time      : 17min 36s
