JobId thies-vm Mon Jan 29 13:52:29 2018
wavepi 670f434d
Release-Build, compiled on 2018-01-19T14:12:01Z
from git commit 670f434de8c7a38f5d1bc9bb4a7f3c64400acab6 on branch master
initialize_mesh::Number of active cells: 4096
initialize_mesh::Number of degrees of freedom in the first spatial mesh: 4225
initialize_mesh::cell diameters: minimal = 0.177, maximal = 0.177
initialize_mesh::dt: 0.0235
parameters:WaveEquation::theta: 0.5
parameters:WaveEquation::tol: 1e-8
parameters:constraints::lower bound: 0.1
parameters:constraints::upper bound: 1e300
parameters:general::dimension: 2
parameters:general::finite element degree: 1
parameters:general::quadrature order: 3
parameters:inversion::method: REGINN
parameters:inversion::tau: 2
parameters:log::console depth: 2
parameters:log::file: wavepi.log
parameters:log::file depth: 100
parameters:mesh::end time: 6
parameters:mesh::initial refines: 6
parameters:mesh::initial time steps: 256
parameters:output::data: true
parameters:output::destination: ./step-{{i}}/
parameters:output::discrepancy decrease: 0.5
parameters:output::estimate: true
parameters:output::exact: true
parameters:output::interval: 50
parameters:output::last: true
parameters:output::residual: true
parameters:output::statistics: history
parameters:problem::constants: 
parameters:problem::epsilon: 1e-2
parameters:problem::initial guess: 1.0
parameters:problem::norm of codomain: L2L2
parameters:problem::norm of domain: H1L2
parameters:problem::parameter a: 1.5
parameters:problem::parameter c: 1.5
parameters:problem::parameter nu: 0.0
parameters:problem::parameter q: 0.0
parameters:problem::type: a
parameters:watchdog::discrepancy increasing: false
parameters:watchdog::discrepancy slope min values: 40
parameters:watchdog::discrepancy slope percentage: 0.25
parameters:watchdog::discrepancy slope threshold: 0.0
parameters:watchdog::discrepancy threshold: 10.0
parameters:watchdog::maximum iteration count: 0
REGINN::i=0 : rdisc=1.21, rnorm=0.667, rerr=0.333
REGINN::Saving exact parameter in ./step-0000/
REGINN::Saving data in ./step-0000/
REGINN::Saving current residual in ./step-0000/
REGINN::Saving current estimate in ./step-0000/
REGINN::1.00 ≤ estimate ≤ 1.00
REGINN::Solving linear problem using rtol=0.700 and max_iter=0
REGINN:CGLS::k=0 : rdisc=1.00, norm=0.00
REGINN:CGLS::k=1 : rdisc=29.5, norm=60.6
REGINN:CGLS::Unsuccessful termination after 1 iteration!
REGINN::Linear solver did not achieve desired discrepancy due to max_iter.
REGINN:post_processing::Adjusted lower bound of estimate from -5.67 to 0.100
REGINN::i=1 : rdisc=0.982, rnorm=2.32, rerr=2.00
REGINN::0.100 ≤ estimate ≤ 48.3
REGINN::Solving linear problem using rtol=0.700 and max_iter=0
REGINN:CGLS::k=0 : rdisc=1.00, norm=0.00
REGINN:CGLS::k=1 : rdisc=18.0, norm=284.
REGINN:CGLS::Unsuccessful termination after 1 iteration!
REGINN::Linear solver did not achieve desired discrepancy due to max_iter.
REGINN:post_processing::Adjusted lower bound of estimate from -53.5 to 0.100
REGINN::i=2 : rdisc=1.39, rnorm=9.30, rerr=2.86
REGINN::0.100 ≤ estimate ≤ 48.5
REGINN::Solving linear problem using rtol=0.598 and max_iter=0
REGINN:CGLS::k=0 : rdisc=1.00, norm=0.00
REGINN:CGLS::k=1 : rdisc=15.4, norm=11.1
REGINN:CGLS::Unsuccessful termination after 1 iteration!
REGINN::Linear solver did not achieve desired discrepancy due to max_iter.
REGINN:post_processing::Adjusted lower bound of estimate from -1.23 to 0.100
REGINN::i=3 : rdisc=1.02, rnorm=2.95, rerr=2.86
REGINN::0.100 ≤ estimate ≤ 48.5
REGINN::Solving linear problem using rtol=0.512 and max_iter=0
REGINN:CGLS::k=0 : rdisc=1.00, norm=0.00
REGINN:CGLS::k=1 : rdisc=8.64, norm=22.7
REGINN:CGLS::Unsuccessful termination after 1 iteration!
REGINN::Linear solver did not achieve desired discrepancy due to max_iter.
REGINN:post_processing::Adjusted lower bound of estimate from -5.28 to 0.100
REGINN::i=4 : rdisc=0.945, rnorm=3.04, rerr=2.89
REGINN::0.100 ≤ estimate ≤ 48.5
REGINN::Solving linear problem using rtol=0.438 and max_iter=0
REGINN:CGLS::k=0 : rdisc=1.00, norm=0.00
REGINN:CGLS::k=1 : rdisc=7.01, norm=18.5
REGINN:CGLS::Unsuccessful termination after 1 iteration!
REGINN::Linear solver did not achieve desired discrepancy due to max_iter.
REGINN:post_processing::Adjusted lower bound of estimate from -3.01 to 0.100
REGINN::i=5 : rdisc=0.914, rnorm=3.10, rerr=2.91
REGINN::0.100 ≤ estimate ≤ 48.5
REGINN::Solving linear problem using rtol=0.374 and max_iter=0
REGINN:CGLS::k=0 : rdisc=1.00, norm=0.00
REGINN:CGLS::k=1 : rdisc=9.95, norm=24.2
REGINN:CGLS::Unsuccessful termination after 1 iteration!
REGINN::Linear solver did not achieve desired discrepancy due to max_iter.
REGINN:post_processing::Adjusted lower bound of estimate from -6.65 to 0.100
REGINN::i=6 : rdisc=0.828, rnorm=3.20, rerr=2.94
REGINN::0.100 ≤ estimate ≤ 48.5
REGINN::Solving linear problem using rtol=0.320 and max_iter=0
REGINN:CGLS::k=0 : rdisc=1.00, norm=0.00
REGINN:CGLS::k=1 : rdisc=12.2, norm=10.8
REGINN:CGLS::Unsuccessful termination after 1 iteration!
REGINN::Linear solver did not achieve desired discrepancy due to max_iter.
REGINN:post_processing::Adjusted lower bound of estimate from -1.81 to 0.100
REGINN::i=7 : rdisc=0.882, rnorm=3.21, rerr=2.95
REGINN::0.100 ≤ estimate ≤ 48.5
REGINN::Solving linear problem using rtol=0.273 and max_iter=0
REGINN:CGLS::k=0 : rdisc=1.00, norm=0.00
REGINN:CGLS::k=1 : rdisc=18.0, norm=102.
REGINN:CGLS::Unsuccessful termination after 1 iteration!
REGINN::Linear solver did not achieve desired discrepancy due to max_iter.
REGINN:post_processing::Adjusted lower bound of estimate from -58.2 to 0.100
REGINN::i=8 : rdisc=1.06, rnorm=4.50, rerr=2.89
REGINN::0.100 ≤ estimate ≤ 48.6
REGINN::Solving linear problem using rtol=0.234 and max_iter=0
REGINN:CGLS::k=0 : rdisc=1.00, norm=0.00
REGINN:CGLS::k=1 : rdisc=12.5, norm=12.0
REGINN:CGLS::Unsuccessful termination after 1 iteration!
REGINN::Linear solver did not achieve desired discrepancy due to max_iter.
REGINN:post_processing::Adjusted lower bound of estimate from -9.32 to 0.100
REGINN::i=9 : rdisc=0.872, rnorm=3.15, rerr=2.89
REGINN::0.100 ≤ estimate ≤ 48.6
REGINN::Solving linear problem using rtol=0.200 and max_iter=0
REGINN:CGLS::k=0 : rdisc=1.00, norm=0.00
REGINN:CGLS::k=1 : rdisc=11.3, norm=14.9
REGINN:CGLS::Unsuccessful termination after 1 iteration!
REGINN::Linear solver did not achieve desired discrepancy due to max_iter.
REGINN:post_processing::Adjusted lower bound of estimate from -4.74 to 0.100
REGINN::i=10: rdisc=0.870, rnorm=3.18, rerr=2.89
REGINN::0.100 ≤ estimate ≤ 48.6
REGINN::Solving linear problem using rtol=0.171 and max_iter=0
REGINN:CGLS::k=0 : rdisc=1.00, norm=0.00
REGINN:CGLS::k=1 : rdisc=11.0, norm=23.2
REGINN:CGLS::Unsuccessful termination after 1 iteration!
REGINN::Linear solver did not achieve desired discrepancy due to max_iter.
REGINN:post_processing::Adjusted lower bound of estimate from -4.27 to 0.100
REGINN::i=11: rdisc=0.831, rnorm=3.25, rerr=2.94
REGINN::0.100 ≤ estimate ≤ 48.6
REGINN::Solving linear problem using rtol=0.146 and max_iter=0
REGINN:CGLS::k=0 : rdisc=1.00, norm=0.00
REGINN:CGLS::k=1 : rdisc=19.0, norm=135.
REGINN:CGLS::Unsuccessful termination after 1 iteration!
REGINN::Linear solver did not achieve desired discrepancy due to max_iter.
REGINN:post_processing::Adjusted lower bound of estimate from -83.9 to 0.100
REGINN::i=12: rdisc=0.985, rnorm=5.43, rerr=3.24
REGINN::0.100 ≤ estimate ≤ 48.6
REGINN::Solving linear problem using rtol=0.125 and max_iter=0
REGINN:CGLS::k=0 : rdisc=1.00, norm=0.00
REGINN:CGLS::k=1 : rdisc=13.3, norm=24.7
REGINN:CGLS::Unsuccessful termination after 1 iteration!
REGINN::Linear solver did not achieve desired discrepancy due to max_iter.
REGINN:post_processing::Adjusted lower bound of estimate from -6.64 to 0.100
REGINN::i=13: rdisc=0.856, rnorm=3.63, rerr=3.29
REGINN::0.100 ≤ estimate ≤ 48.6
REGINN::Solving linear problem using rtol=0.107 and max_iter=0
REGINN:CGLS::k=0 : rdisc=1.00, norm=0.00
REGINN:CGLS::k=1 : rdisc=22.5, norm=102.
REGINN:CGLS::Unsuccessful termination after 1 iteration!
REGINN::Linear solver did not achieve desired discrepancy due to max_iter.
REGINN:post_processing::Adjusted lower bound of estimate from -85.6 to 0.100
REGINN::i=14: rdisc=0.917, rnorm=4.88, rerr=3.28
REGINN::0.100 ≤ estimate ≤ 48.6
REGINN::Solving linear problem using rtol=0.0913 and max_iter=0
REGINN:CGLS::k=0 : rdisc=1.00, norm=0.00
REGINN:CGLS::k=1 : rdisc=19.2, norm=25.1
REGINN:CGLS::Unsuccessful termination after 1 iteration!
REGINN::Linear solver did not achieve desired discrepancy due to max_iter.
REGINN:post_processing::Adjusted lower bound of estimate from -9.23 to 0.100
REGINN::i=15: rdisc=0.876, rnorm=3.68, rerr=3.34
REGINN::0.100 ≤ estimate ≤ 48.6
REGINN::Solving linear problem using rtol=0.0781 and max_iter=0
REGINN:CGLS::k=0 : rdisc=1.00, norm=0.00
REGINN:CGLS::k=1 : rdisc=25.2, norm=94.5
REGINN:CGLS::Unsuccessful termination after 1 iteration!
REGINN::Linear solver did not achieve desired discrepancy due to max_iter.
REGINN:post_processing::Adjusted lower bound of estimate from -82.4 to 0.100
REGINN::i=16: rdisc=0.789, rnorm=4.80, rerr=3.52
REGINN::0.100 ≤ estimate ≤ 49.1
REGINN::Solving linear problem using rtol=0.0668 and max_iter=0
REGINN:CGLS::k=0 : rdisc=1.00, norm=0.00
REGINN:CGLS::k=1 : rdisc=13.4, norm=32.4
REGINN:CGLS::Unsuccessful termination after 1 iteration!
REGINN::Linear solver did not achieve desired discrepancy due to max_iter.
REGINN:post_processing::Adjusted lower bound of estimate from -10.1 to 0.100
REGINN::i=17: rdisc=1.03, rnorm=4.01, rerr=3.64
REGINN::0.100 ≤ estimate ≤ 51.8
REGINN::Solving linear problem using rtol=0.0571 and max_iter=0
REGINN:CGLS::k=0 : rdisc=1.00, norm=0.00
REGINN:CGLS::k=1 : rdisc=20.2, norm=110.
REGINN:CGLS::Unsuccessful termination after 1 iteration!
REGINN::Linear solver did not achieve desired discrepancy due to max_iter.
REGINN:post_processing::Adjusted lower bound of estimate from -80.4 to 0.100
REGINN::i=18: rdisc=0.846, rnorm=5.38, rerr=3.99
REGINN::0.100 ≤ estimate ≤ 73.0
REGINN::Solving linear problem using rtol=0.0488 and max_iter=0
REGINN:CGLS::k=0 : rdisc=1.00, norm=0.00
REGINN:CGLS::k=1 : rdisc=16.0, norm=51.1
REGINN:CGLS::Unsuccessful termination after 1 iteration!
REGINN::Linear solver did not achieve desired discrepancy due to max_iter.
REGINN:post_processing::Adjusted lower bound of estimate from -27.5 to 0.100
REGINN::i=19: rdisc=0.924, rnorm=4.64, rerr=4.21
REGINN::0.100 ≤ estimate ≤ 80.3
REGINN::Solving linear problem using rtol=0.0417 and max_iter=0
REGINN:CGLS::k=0 : rdisc=1.00, norm=0.00
REGINN:CGLS::k=1 : rdisc=15.8, norm=58.7
REGINN:CGLS::Unsuccessful termination after 1 iteration!
REGINN::Linear solver did not achieve desired discrepancy due to max_iter.
REGINN:post_processing::Adjusted lower bound of estimate from -35.5 to 0.100
REGINN::i=20: rdisc=0.922, rnorm=4.93, rerr=4.42
REGINN::0.100 ≤ estimate ≤ 88.4
REGINN::Solving linear problem using rtol=0.0357 and max_iter=0
REGINN:CGLS::k=0 : rdisc=1.00, norm=0.00
REGINN:CGLS::k=1 : rdisc=14.0, norm=50.7
REGINN:CGLS::Unsuccessful termination after 1 iteration!
REGINN::Linear solver did not achieve desired discrepancy due to max_iter.
REGINN:post_processing::Adjusted lower bound of estimate from -29.4 to 0.100
REGINN::i=21: rdisc=0.930, rnorm=5.03, rerr=4.61
REGINN::0.100 ≤ estimate ≤ 94.4
REGINN::Solving linear problem using rtol=0.0305 and max_iter=0
REGINN:CGLS::k=0 : rdisc=1.00, norm=0.00
REGINN:CGLS::k=1 : rdisc=13.8, norm=49.4
REGINN:CGLS::Unsuccessful termination after 1 iteration!
REGINN::Linear solver did not achieve desired discrepancy due to max_iter.
REGINN:post_processing::Adjusted lower bound of estimate from -24.1 to 0.100
REGINN::i=22: rdisc=0.940, rnorm=5.19, rerr=4.81
REGINN::0.100 ≤ estimate ≤ 99.9
REGINN::Solving linear problem using rtol=0.0261 and max_iter=0
REGINN:CGLS::k=0 : rdisc=1.00, norm=0.00
REGINN:CGLS::k=1 : rdisc=14.0, norm=51.0
REGINN:CGLS::Unsuccessful termination after 1 iteration!
REGINN::Linear solver did not achieve desired discrepancy due to max_iter.
REGINN:post_processing::Adjusted lower bound of estimate from -32.5 to 0.100
REGINN::i=23: rdisc=0.955, rnorm=5.39, rerr=5.01
REGINN::0.100 ≤ estimate ≤ 105.
REGINN::Solving linear problem using rtol=0.0223 and max_iter=0
REGINN:CGLS::k=0 : rdisc=1.00, norm=0.00
REGINN:CGLS::k=1 : rdisc=13.5, norm=46.6
REGINN:CGLS::Unsuccessful termination after 1 iteration!
REGINN::Linear solver did not achieve desired discrepancy due to max_iter.
REGINN:post_processing::Adjusted lower bound of estimate from -28.4 to 0.100
REGINN::i=24: rdisc=0.963, rnorm=5.55, rerr=5.20
REGINN::0.100 ≤ estimate ≤ 109.
REGINN::Solving linear problem using rtol=0.0197 and max_iter=0
REGINN:CGLS::k=0 : rdisc=1.00, norm=0.00
REGINN:CGLS::k=1 : rdisc=13.2, norm=47.0
REGINN:CGLS::Unsuccessful termination after 1 iteration!
REGINN::Linear solver did not achieve desired discrepancy due to max_iter.
REGINN:post_processing::Adjusted lower bound of estimate from -25.7 to 0.100
REGINN::i=25: rdisc=0.971, rnorm=5.74, rerr=5.40
REGINN::0.100 ≤ estimate ≤ 113.
REGINN::Solving linear problem using rtol=0.0196 and max_iter=0
REGINN:CGLS::k=0 : rdisc=1.00, norm=0.00
REGINN:CGLS::k=1 : rdisc=12.1, norm=38.4
REGINN:CGLS::Unsuccessful termination after 1 iteration!
REGINN::Linear solver did not achieve desired discrepancy due to max_iter.
REGINN:post_processing::Adjusted lower bound of estimate from -25.6 to 0.100
REGINN::i=26: rdisc=0.988, rnorm=5.87, rerr=5.56
REGINN::0.100 ≤ estimate ≤ 116.
REGINN::Solving linear problem using rtol=0.0192 and max_iter=0
REGINN:CGLS::k=0 : rdisc=1.00, norm=0.00
REGINN:CGLS::k=1 : rdisc=12.2, norm=36.2
REGINN:CGLS::Unsuccessful termination after 1 iteration!
REGINN::Linear solver did not achieve desired discrepancy due to max_iter.
REGINN:post_processing::Adjusted lower bound of estimate from -23.1 to 0.100
REGINN::i=27: rdisc=0.985, rnorm=6.02, rerr=5.72
REGINN::0.100 ≤ estimate ≤ 119.
REGINN::Solving linear problem using rtol=0.0193 and max_iter=0
REGINN:CGLS::k=0 : rdisc=1.00, norm=0.00
REGINN:CGLS::k=1 : rdisc=9.71, norm=19.7
REGINN:CGLS::Unsuccessful termination after 1 iteration!
REGINN::Linear solver did not achieve desired discrepancy due to max_iter.
REGINN:post_processing::Adjusted lower bound of estimate from -15.3 to 0.100
REGINN::i=28: rdisc=0.984, rnorm=6.11, rerr=5.80
REGINN::0.100 ≤ estimate ≤ 120.
REGINN::Solving linear problem using rtol=0.0193 and max_iter=0
REGINN:CGLS::k=0 : rdisc=1.00, norm=0.00
REGINN:CGLS::k=1 : rdisc=9.92, norm=20.7
REGINN:CGLS::Unsuccessful termination after 1 iteration!
REGINN::Linear solver did not achieve desired discrepancy due to max_iter.
REGINN:post_processing::Adjusted lower bound of estimate from -15.4 to 0.100
REGINN::i=29: rdisc=0.985, rnorm=6.19, rerr=5.88
REGINN::0.100 ≤ estimate ≤ 121.
REGINN::Solving linear problem using rtol=0.0193 and max_iter=0
REGINN:CGLS::k=0 : rdisc=1.00, norm=0.00
REGINN:CGLS::k=1 : rdisc=10.3, norm=23.4
REGINN:CGLS::Unsuccessful termination after 1 iteration!
REGINN::Linear solver did not achieve desired discrepancy due to max_iter.
REGINN:post_processing::Adjusted lower bound of estimate from -16.9 to 0.100
REGINN::i=30: rdisc=0.986, rnorm=6.29, rerr=5.98
REGINN::0.100 ≤ estimate ≤ 122.
REGINN::Solving linear problem using rtol=0.0193 and max_iter=0
REGINN:CGLS::k=0 : rdisc=1.00, norm=0.00
REGINN:CGLS::k=1 : rdisc=10.7, norm=24.9
REGINN:CGLS::Unsuccessful termination after 1 iteration!
REGINN::Linear solver did not achieve desired discrepancy due to max_iter.
REGINN:post_processing::Adjusted lower bound of estimate from -17.3 to 0.100
REGINN::i=31: rdisc=0.990, rnorm=6.40, rerr=6.09
REGINN::0.100 ≤ estimate ≤ 123.
REGINN::Solving linear problem using rtol=0.0192 and max_iter=0
REGINN:CGLS::k=0 : rdisc=1.00, norm=0.00
REGINN:CGLS::k=1 : rdisc=11.4, norm=29.6
REGINN:CGLS::Unsuccessful termination after 1 iteration!
REGINN::Linear solver did not achieve desired discrepancy due to max_iter.
REGINN:post_processing::Adjusted lower bound of estimate from -20.1 to 0.100
REGINN::i=32: rdisc=0.993, rnorm=6.53, rerr=6.23
REGINN::0.100 ≤ estimate ≤ 124.
REGINN::Solving linear problem using rtol=0.0191 and max_iter=0
REGINN:CGLS::k=0 : rdisc=1.00, norm=0.00
REGINN:CGLS::k=1 : rdisc=11.8, norm=29.8
REGINN:CGLS::Unsuccessful termination after 1 iteration!
REGINN::Linear solver did not achieve desired discrepancy due to max_iter.
REGINN:post_processing::Adjusted lower bound of estimate from -19.2 to 0.100
REGINN::i=33: rdisc=0.998, rnorm=6.67, rerr=6.37
REGINN::0.100 ≤ estimate ≤ 125.
REGINN::Solving linear problem using rtol=0.0190 and max_iter=0
REGINN:CGLS::k=0 : rdisc=1.00, norm=0.00
REGINN:CGLS::k=1 : rdisc=12.3, norm=35.2
REGINN:CGLS::Unsuccessful termination after 1 iteration!
REGINN::Linear solver did not achieve desired discrepancy due to max_iter.
REGINN:post_processing::Adjusted lower bound of estimate from -22.5 to 0.100
REGINN::i=34: rdisc=1.00, rnorm=6.84, rerr=6.54
REGINN::0.100 ≤ estimate ≤ 126.
REGINN::Solving linear problem using rtol=0.0190 and max_iter=0
REGINN:CGLS::k=0 : rdisc=1.00, norm=0.00
REGINN:CGLS::k=1 : rdisc=12.4, norm=32.2
REGINN:CGLS::Unsuccessful termination after 1 iteration!
REGINN::Linear solver did not achieve desired discrepancy due to max_iter.
REGINN:post_processing::Adjusted lower bound of estimate from -19.6 to 0.100
REGINN::i=35: rdisc=1.01, rnorm=6.99, rerr=6.70
REGINN::0.100 ≤ estimate ≤ 127.
REGINN::Solving linear problem using rtol=0.0189 and max_iter=0
REGINN:CGLS::k=0 : rdisc=1.00, norm=0.00
REGINN:CGLS::k=1 : rdisc=12.3, norm=33.6
REGINN:CGLS::Unsuccessful termination after 1 iteration!
REGINN::Linear solver did not achieve desired discrepancy due to max_iter.
REGINN:post_processing::Adjusted lower bound of estimate from -21.2 to 0.100
REGINN::i=36: rdisc=1.01, rnorm=7.16, rerr=6.87
REGINN::0.100 ≤ estimate ≤ 132.
REGINN::Solving linear problem using rtol=0.0188 and max_iter=0
REGINN:CGLS::k=0 : rdisc=1.00, norm=0.00
REGINN:CGLS::k=1 : rdisc=12.9, norm=38.5
REGINN:CGLS::Unsuccessful termination after 1 iteration!
REGINN::Linear solver did not achieve desired discrepancy due to max_iter.
REGINN:post_processing::Adjusted lower bound of estimate from -22.6 to 0.100
REGINN::i=37: rdisc=1.01, rnorm=7.36, rerr=7.08
REGINN::0.100 ≤ estimate ≤ 141.
REGINN::Solving linear problem using rtol=0.0187 and max_iter=0
REGINN:CGLS::k=0 : rdisc=1.00, norm=0.00
REGINN:CGLS::k=1 : rdisc=12.6, norm=34.0
REGINN:CGLS::Unsuccessful termination after 1 iteration!
REGINN::Linear solver did not achieve desired discrepancy due to max_iter.
REGINN:post_processing::Adjusted lower bound of estimate from -21.8 to 0.100
REGINN::i=38: rdisc=1.02, rnorm=7.54, rerr=7.26
REGINN::0.100 ≤ estimate ≤ 149.
REGINN::Solving linear problem using rtol=0.0187 and max_iter=0
REGINN:CGLS::k=0 : rdisc=1.00, norm=0.00
REGINN:CGLS::k=1 : rdisc=13.2, norm=39.1
REGINN:CGLS::Unsuccessful termination after 1 iteration!
REGINN::Linear solver did not achieve desired discrepancy due to max_iter.
REGINN:post_processing::Adjusted lower bound of estimate from -22.7 to 0.100
REGINN::i=39: rdisc=1.02, rnorm=7.75, rerr=7.48
REGINN::0.100 ≤ estimate ≤ 158.
REGINN::Solving linear problem using rtol=0.0187 and max_iter=0
REGINN:CGLS::k=0 : rdisc=1.00, norm=0.00
REGINN:CGLS::k=1 : rdisc=12.7, norm=40.1
REGINN:CGLS::Unsuccessful termination after 1 iteration!
REGINN::Linear solver did not achieve desired discrepancy due to max_iter.
REGINN:post_processing::Adjusted lower bound of estimate from -24.3 to 0.100
REGINN::i=40: rdisc=1.02, rnorm=7.97, rerr=7.71
REGINN::0.100 ≤ estimate ≤ 167.
REGINN::Solving linear problem using rtol=0.0187 and max_iter=0
REGINN:CGLS::k=0 : rdisc=1.00, norm=0.00
REGINN:CGLS::k=1 : rdisc=12.9, norm=37.4
REGINN:CGLS::Unsuccessful termination after 1 iteration!
REGINN::Linear solver did not achieve desired discrepancy due to max_iter.
REGINN:post_processing::Adjusted lower bound of estimate from -19.9 to 0.100
REGINN::i=41: rdisc=1.02, rnorm=8.19, rerr=7.93
REGINN::0.100 ≤ estimate ≤ 174.
REGINN::Solving linear problem using rtol=0.0186 and max_iter=0
REGINN:CGLS::k=0 : rdisc=1.00, norm=0.00
REGINN:CGLS::k=1 : rdisc=12.1, norm=39.3
REGINN:CGLS::Unsuccessful termination after 1 iteration!
REGINN::Linear solver did not achieve desired discrepancy due to max_iter.
REGINN:post_processing::Adjusted lower bound of estimate from -19.7 to 0.100
REGINN::i=42: rdisc=1.03, rnorm=8.41, rerr=8.15
REGINN::0.100 ≤ estimate ≤ 180.
REGINN::Solving linear problem using rtol=0.0185 and max_iter=0
REGINN:CGLS::k=0 : rdisc=1.00, norm=0.00
REGINN:CGLS::k=1 : rdisc=14.1, norm=51.9
REGINN:CGLS::Unsuccessful termination after 1 iteration!
REGINN::Linear solver did not achieve desired discrepancy due to max_iter.
REGINN:post_processing::Adjusted lower bound of estimate from -26.0 to 0.100
REGINN::i=43: rdisc=1.02, rnorm=8.71, rerr=8.46
REGINN::0.100 ≤ estimate ≤ 189.
REGINN::Solving linear problem using rtol=0.0185 and max_iter=0
REGINN:CGLS::k=0 : rdisc=1.00, norm=0.00
REGINN:CGLS::k=1 : rdisc=11.6, norm=37.7
REGINN:CGLS::Unsuccessful termination after 1 iteration!
REGINN::Linear solver did not achieve desired discrepancy due to max_iter.
REGINN:post_processing::Adjusted lower bound of estimate from -18.8 to 0.100
REGINN::i=44: rdisc=1.02, rnorm=8.94, rerr=8.68
REGINN::0.100 ≤ estimate ≤ 195.
REGINN::Solving linear problem using rtol=0.0186 and max_iter=0
REGINN:CGLS::k=0 : rdisc=1.00, norm=0.00
REGINN:CGLS::k=1 : rdisc=11.0, norm=31.9
REGINN:CGLS::Unsuccessful termination after 1 iteration!
REGINN::Linear solver did not achieve desired discrepancy due to max_iter.
REGINN:post_processing::Adjusted lower bound of estimate from -18.2 to 0.100
REGINN::i=45: rdisc=1.02, rnorm=9.13, rerr=8.85
REGINN::0.100 ≤ estimate ≤ 199.
REGINN::Solving linear problem using rtol=0.0187 and max_iter=0
REGINN:CGLS::k=0 : rdisc=1.00, norm=0.00
REGINN:CGLS::k=1 : rdisc=10.5, norm=28.7
REGINN:CGLS::Unsuccessful termination after 1 iteration!
REGINN::Linear solver did not achieve desired discrepancy due to max_iter.
REGINN:post_processing::Adjusted lower bound of estimate from -17.1 to 0.100
REGINN::i=46: rdisc=1.01, rnorm=9.30, rerr=9.01
REGINN::0.100 ≤ estimate ≤ 202.
REGINN::Solving linear problem using rtol=0.0188 and max_iter=0
REGINN:CGLS::k=0 : rdisc=1.00, norm=0.00
REGINN:CGLS::k=1 : rdisc=10.1, norm=25.6
REGINN:CGLS::Unsuccessful termination after 1 iteration!
REGINN::Linear solver did not achieve desired discrepancy due to max_iter.
REGINN:post_processing::Adjusted lower bound of estimate from -15.4 to 0.100
REGINN::i=47: rdisc=1.01, rnorm=9.45, rerr=9.15
REGINN::0.100 ≤ estimate ≤ 205.
REGINN::Solving linear problem using rtol=0.0189 and max_iter=0
REGINN:CGLS::k=0 : rdisc=1.00, norm=0.00
REGINN:CGLS::k=1 : rdisc=9.77, norm=25.3
REGINN:CGLS::Unsuccessful termination after 1 iteration!
REGINN::Linear solver did not achieve desired discrepancy due to max_iter.
REGINN:post_processing::Adjusted lower bound of estimate from -14.9 to 0.100
REGINN::i=48: rdisc=1.01, rnorm=9.59, rerr=9.30
REGINN::0.100 ≤ estimate ≤ 208.
REGINN::Solving linear problem using rtol=0.0189 and max_iter=0
REGINN:CGLS::k=0 : rdisc=1.00, norm=0.00
REGINN:CGLS::k=1 : rdisc=9.87, norm=26.2
REGINN:CGLS::Unsuccessful termination after 1 iteration!
REGINN::Linear solver did not achieve desired discrepancy due to max_iter.
REGINN:post_processing::Adjusted lower bound of estimate from -16.3 to 0.100
REGINN::i=49: rdisc=1.01, rnorm=9.73, rerr=9.44
REGINN::0.100 ≤ estimate ≤ 211.
REGINN::Solving linear problem using rtol=0.0189 and max_iter=0
REGINN:CGLS::k=0 : rdisc=1.00, norm=0.00
REGINN:CGLS::k=1 : rdisc=10.0, norm=27.0
REGINN:CGLS::Unsuccessful termination after 1 iteration!
REGINN::Linear solver did not achieve desired discrepancy due to max_iter.
REGINN:post_processing::Adjusted lower bound of estimate from -17.4 to 0.100
REGINN::i=50: rdisc=1.00, rnorm=9.88, rerr=9.59
REGINN::Saving current residual in ./step-0050/
REGINN::Saving current estimate in ./step-0050/
REGINN::0.100 ≤ estimate ≤ 214.
REGINN::Solving linear problem using rtol=0.0190 and max_iter=0
REGINN:CGLS::k=0 : rdisc=1.00, norm=0.00
REGINN:CGLS::k=1 : rdisc=10.2, norm=27.8
REGINN:CGLS::Unsuccessful termination after 1 iteration!
REGINN::Linear solver did not achieve desired discrepancy due to max_iter.
REGINN:post_processing::Adjusted lower bound of estimate from -18.7 to 0.100
REGINN::i=51: rdisc=1.00, rnorm=10.0, rerr=9.74
REGINN::0.100 ≤ estimate ≤ 217.
REGINN::Solving linear problem using rtol=0.0190 and max_iter=0
REGINN:CGLS::k=0 : rdisc=1.00, norm=0.00
REGINN:CGLS::k=1 : rdisc=10.3, norm=28.1
REGINN:CGLS::Unsuccessful termination after 1 iteration!
REGINN::Linear solver did not achieve desired discrepancy due to max_iter.
REGINN:post_processing::Adjusted lower bound of estimate from -19.6 to 0.100
REGINN::i=52: rdisc=0.998, rnorm=10.2, rerr=9.89
REGINN::0.100 ≤ estimate ≤ 220.
REGINN::Solving linear problem using rtol=0.0190 and max_iter=0
REGINN:CGLS::k=0 : rdisc=1.00, norm=0.00
REGINN:CGLS::k=1 : rdisc=10.3, norm=28.2
REGINN:CGLS::Unsuccessful termination after 1 iteration!
REGINN::Linear solver did not achieve desired discrepancy due to max_iter.
REGINN:post_processing::Adjusted lower bound of estimate from -19.5 to 0.100
REGINN::i=53: rdisc=0.997, rnorm=10.3, rerr=10.0
REGINN::0.100 ≤ estimate ≤ 222.
REGINN::Solving linear problem using rtol=0.0191 and max_iter=0
REGINN:CGLS::k=0 : rdisc=1.00, norm=0.00
REGINN:CGLS::k=1 : rdisc=10.5, norm=29.1
REGINN:CGLS::Unsuccessful termination after 1 iteration!
REGINN::Linear solver did not achieve desired discrepancy due to max_iter.
REGINN:post_processing::Adjusted lower bound of estimate from -19.3 to 0.100
REGINN::i=54: rdisc=0.997, rnorm=10.5, rerr=10.2
REGINN::0.100 ≤ estimate ≤ 225.
REGINN::Solving linear problem using rtol=0.0190 and max_iter=0
REGINN:CGLS::k=0 : rdisc=1.00, norm=0.00
REGINN:CGLS::k=1 : rdisc=10.6, norm=30.2
REGINN:CGLS::Unsuccessful termination after 1 iteration!
REGINN::Linear solver did not achieve desired discrepancy due to max_iter.
REGINN:post_processing::Adjusted lower bound of estimate from -20.3 to 0.100
REGINN::i=55: rdisc=0.994, rnorm=10.6, rerr=10.3
REGINN::0.100 ≤ estimate ≤ 227.
REGINN::Solving linear problem using rtol=0.0191 and max_iter=0
REGINN:CGLS::k=0 : rdisc=1.00, norm=0.00
REGINN:CGLS::k=1 : rdisc=10.5, norm=30.6
REGINN:CGLS::Unsuccessful termination after 1 iteration!
REGINN::Linear solver did not achieve desired discrepancy due to max_iter.
REGINN:post_processing::Adjusted lower bound of estimate from -19.0 to 0.100
REGINN::i=56: rdisc=0.989, rnorm=10.8, rerr=10.5
REGINN::0.100 ≤ estimate ≤ 229.
REGINN::Solving linear problem using rtol=0.0192 and max_iter=0
REGINN:CGLS::k=0 : rdisc=1.00, norm=0.00
REGINN:CGLS::k=1 : rdisc=10.5, norm=30.7
REGINN:CGLS::Unsuccessful termination after 1 iteration!
REGINN::Linear solver did not achieve desired discrepancy due to max_iter.
REGINN:post_processing::Adjusted lower bound of estimate from -19.4 to 0.100
REGINN::i=57: rdisc=0.986, rnorm=11.0, rerr=10.7
REGINN::0.100 ≤ estimate ≤ 231.
REGINN::Solving linear problem using rtol=0.0193 and max_iter=0
REGINN:CGLS::k=0 : rdisc=1.00, norm=0.00
REGINN:CGLS::k=1 : rdisc=10.9, norm=33.5
REGINN:CGLS::Unsuccessful termination after 1 iteration!
REGINN::Linear solver did not achieve desired discrepancy due to max_iter.
REGINN:post_processing::Adjusted lower bound of estimate from -17.1 to 0.100
REGINN::i=58: rdisc=0.985, rnorm=11.1, rerr=10.9
REGINN::0.100 ≤ estimate ≤ 234.
REGINN::Solving linear problem using rtol=0.0193 and max_iter=0
REGINN:CGLS::k=0 : rdisc=1.00, norm=0.00
REGINN:CGLS::k=1 : rdisc=10.9, norm=33.9
REGINN:CGLS::Unsuccessful termination after 1 iteration!
REGINN::Linear solver did not achieve desired discrepancy due to max_iter.
REGINN:post_processing::Adjusted lower bound of estimate from -18.9 to 0.100
REGINN::i=59: rdisc=0.983, rnorm=11.3, rerr=11.0
REGINN::0.100 ≤ estimate ≤ 236.
REGINN::Solving linear problem using rtol=0.0193 and max_iter=0
REGINN:CGLS::k=0 : rdisc=1.00, norm=0.00
REGINN:CGLS::k=1 : rdisc=11.2, norm=36.2
REGINN:CGLS::Unsuccessful termination after 1 iteration!
REGINN::Linear solver did not achieve desired discrepancy due to max_iter.
REGINN:post_processing::Adjusted lower bound of estimate from -18.0 to 0.100
REGINN::i=60: rdisc=0.981, rnorm=11.5, rerr=11.2
REGINN::0.100 ≤ estimate ≤ 239.
REGINN::Solving linear problem using rtol=0.0194 and max_iter=0
REGINN:CGLS::k=0 : rdisc=1.00, norm=0.00
REGINN:CGLS::k=1 : rdisc=11.0, norm=36.7
REGINN:CGLS::Unsuccessful termination after 1 iteration!
REGINN::Linear solver did not achieve desired discrepancy due to max_iter.
REGINN:post_processing::Adjusted lower bound of estimate from -21.5 to 0.100
REGINN::i=61: rdisc=0.979, rnorm=11.7, rerr=11.5
REGINN::0.100 ≤ estimate ≤ 241.
REGINN::Solving linear problem using rtol=0.0194 and max_iter=0
REGINN:CGLS::k=0 : rdisc=1.00, norm=0.00
REGINN:CGLS::k=1 : rdisc=11.4, norm=39.5
REGINN:CGLS::Unsuccessful termination after 1 iteration!
REGINN::Linear solver did not achieve desired discrepancy due to max_iter.
REGINN:post_processing::Adjusted lower bound of estimate from -22.5 to 0.100
REGINN::i=62: rdisc=0.981, rnorm=11.9, rerr=11.7
REGINN::0.100 ≤ estimate ≤ 245.
REGINN::Solving linear problem using rtol=0.0194 and max_iter=0
REGINN:CGLS::k=0 : rdisc=1.00, norm=0.00
REGINN:CGLS::k=1 : rdisc=11.0, norm=40.9
REGINN:CGLS::Unsuccessful termination after 1 iteration!
REGINN::Linear solver did not achieve desired discrepancy due to max_iter.
REGINN:post_processing::Adjusted lower bound of estimate from -28.2 to 0.100
REGINN::i=63: rdisc=0.975, rnorm=12.2, rerr=11.9
REGINN::0.100 ≤ estimate ≤ 246.
REGINN::Solving linear problem using rtol=0.0195 and max_iter=0
REGINN:CGLS::k=0 : rdisc=1.00, norm=0.00
REGINN:CGLS::k=1 : rdisc=12.4, norm=50.4
REGINN:CGLS::Unsuccessful termination after 1 iteration!
REGINN::Linear solver did not achieve desired discrepancy due to max_iter.
REGINN:post_processing::Adjusted lower bound of estimate from -22.0 to 0.100
REGINN::i=64: rdisc=0.988, rnorm=12.4, rerr=12.2
REGINN::0.100 ≤ estimate ≤ 248.
REGINN::Solving linear problem using rtol=0.0192 and max_iter=0
REGINN:CGLS::k=0 : rdisc=1.00, norm=0.00
REGINN:CGLS::k=1 : rdisc=12.4, norm=53.8
REGINN:CGLS::Unsuccessful termination after 1 iteration!
REGINN::Linear solver did not achieve desired discrepancy due to max_iter.
REGINN:post_processing::Adjusted lower bound of estimate from -24.2 to 0.100
REGINN::i=65: rdisc=0.993, rnorm=12.7, rerr=12.5
REGINN::0.100 ≤ estimate ≤ 248.
REGINN::Solving linear problem using rtol=0.0191 and max_iter=0
REGINN:CGLS::k=0 : rdisc=1.00, norm=0.00
REGINN:CGLS::k=1 : rdisc=14.6, norm=67.5
REGINN:CGLS::Unsuccessful termination after 1 iteration!
REGINN::Linear solver did not achieve desired discrepancy due to max_iter.
REGINN:post_processing::Adjusted lower bound of estimate from -31.5 to 0.100
REGINN::i=66: rdisc=1.00, rnorm=13.1, rerr=12.9
REGINN::0.100 ≤ estimate ≤ 253.
REGINN::Solving linear problem using rtol=0.0190 and max_iter=0
REGINN:CGLS::k=0 : rdisc=1.00, norm=0.00
REGINN:CGLS::k=1 : rdisc=12.3, norm=52.5
REGINN:CGLS::Unsuccessful termination after 1 iteration!
REGINN::Linear solver did not achieve desired discrepancy due to max_iter.
REGINN:post_processing::Adjusted lower bound of estimate from -27.3 to 0.100
REGINN::i=67: rdisc=0.991, rnorm=13.4, rerr=13.2
REGINN::0.100 ≤ estimate ≤ 255.
REGINN::Solving linear problem using rtol=0.0192 and max_iter=0
REGINN:CGLS::k=0 : rdisc=1.00, norm=0.00
REGINN:CGLS::k=1 : rdisc=13.5, norm=63.4
REGINN:CGLS::Unsuccessful termination after 1 iteration!
REGINN::Linear solver did not achieve desired discrepancy due to max_iter.
REGINN:post_processing::Adjusted lower bound of estimate from -27.8 to 0.100
REGINN::i=68: rdisc=0.999, rnorm=13.7, rerr=13.5
REGINN::0.100 ≤ estimate ≤ 259.
REGINN::Solving linear problem using rtol=0.0190 and max_iter=0
REGINN:CGLS::k=0 : rdisc=1.00, norm=0.00
REGINN:CGLS::k=1 : rdisc=13.0, norm=60.7
REGINN:CGLS::Unsuccessful termination after 1 iteration!
REGINN::Linear solver did not achieve desired discrepancy due to max_iter.
REGINN:post_processing::Adjusted lower bound of estimate from -31.7 to 0.100
REGINN::i=69: rdisc=0.995, rnorm=14.1, rerr=13.9
REGINN::0.100 ≤ estimate ≤ 260.
REGINN::Solving linear problem using rtol=0.0191 and max_iter=0
REGINN:CGLS::k=0 : rdisc=1.00, norm=0.00
REGINN:CGLS::k=1 : rdisc=15.2, norm=78.9
REGINN:CGLS::Unsuccessful termination after 1 iteration!
REGINN::Linear solver did not achieve desired discrepancy due to max_iter.
REGINN:post_processing::Adjusted lower bound of estimate from -41.3 to 0.100
REGINN::i=70: rdisc=1.03, rnorm=14.5, rerr=14.4
REGINN::0.100 ≤ estimate ≤ 270.
REGINN::Solving linear problem using rtol=0.0185 and max_iter=0
REGINN:CGLS::k=0 : rdisc=1.00, norm=0.00
REGINN:CGLS::k=1 : rdisc=13.0, norm=66.7
REGINN:CGLS::Unsuccessful termination after 1 iteration!
REGINN::Linear solver did not achieve desired discrepancy due to max_iter.
REGINN:post_processing::Adjusted lower bound of estimate from -31.3 to 0.100
REGINN::i=71: rdisc=0.999, rnorm=15.0, rerr=14.7
REGINN::0.100 ≤ estimate ≤ 273.
REGINN::Solving linear problem using rtol=0.0190 and max_iter=0
REGINN:CGLS::k=0 : rdisc=1.00, norm=0.00
REGINN:CGLS::k=1 : rdisc=14.0, norm=82.7
REGINN:CGLS::Unsuccessful termination after 1 iteration!
REGINN::Linear solver did not achieve desired discrepancy due to max_iter.
REGINN:post_processing::Adjusted lower bound of estimate from -52.3 to 0.100
REGINN::i=72: rdisc=1.01, rnorm=15.4, rerr=15.2
REGINN::0.100 ≤ estimate ≤ 283.
REGINN::Solving linear problem using rtol=0.0188 and max_iter=0
REGINN:CGLS::k=0 : rdisc=1.00, norm=0.00
REGINN:CGLS::k=1 : rdisc=12.3, norm=72.5
REGINN:CGLS::Unsuccessful termination after 1 iteration!
REGINN::Linear solver did not achieve desired discrepancy due to max_iter.
REGINN:post_processing::Adjusted lower bound of estimate from -39.0 to 0.100
REGINN::i=73: rdisc=0.998, rnorm=15.9, rerr=15.6
REGINN::0.100 ≤ estimate ≤ 279.
REGINN::Solving linear problem using rtol=0.0190 and max_iter=0
REGINN:CGLS::k=0 : rdisc=1.00, norm=0.00
REGINN:CGLS::k=1 : rdisc=13.3, norm=93.2
REGINN:CGLS::Unsuccessful termination after 1 iteration!
REGINN::Linear solver did not achieve desired discrepancy due to max_iter.
REGINN:post_processing::Adjusted lower bound of estimate from -51.7 to 0.100
REGINN::i=74: rdisc=0.989, rnorm=16.3, rerr=16.0
REGINN::0.100 ≤ estimate ≤ 283.
REGINN::Solving linear problem using rtol=0.0192 and max_iter=0
REGINN:CGLS::k=0 : rdisc=1.00, norm=0.00
REGINN:CGLS::k=1 : rdisc=12.1, norm=81.6
REGINN:CGLS::Unsuccessful termination after 1 iteration!
REGINN::Linear solver did not achieve desired discrepancy due to max_iter.
REGINN:post_processing::Adjusted lower bound of estimate from -39.0 to 0.100
REGINN::i=75: rdisc=0.982, rnorm=16.7, rerr=16.3
REGINN::0.100 ≤ estimate ≤ 286.
REGINN::Solving linear problem using rtol=0.0194 and max_iter=0
REGINN:CGLS::k=0 : rdisc=1.00, norm=0.00
REGINN:CGLS::k=1 : rdisc=12.4, norm=90.2
REGINN:CGLS::Unsuccessful termination after 1 iteration!
REGINN::Linear solver did not achieve desired discrepancy due to max_iter.
REGINN:post_processing::Adjusted lower bound of estimate from -56.3 to 0.100
REGINN::i=76: rdisc=0.989, rnorm=17.0, rerr=16.8
REGINN::0.100 ≤ estimate ≤ 298.
REGINN::Solving linear problem using rtol=0.0192 and max_iter=0
REGINN:CGLS::k=0 : rdisc=1.00, norm=0.00
REGINN:CGLS::k=1 : rdisc=12.2, norm=100.
REGINN:CGLS::Unsuccessful termination after 1 iteration!
REGINN::Linear solver did not achieve desired discrepancy due to max_iter.
REGINN:post_processing::Adjusted lower bound of estimate from -42.3 to 0.100
REGINN::i=77: rdisc=0.985, rnorm=17.5, rerr=17.2
REGINN::0.100 ≤ estimate ≤ 317.
REGINN::Solving linear problem using rtol=0.0193 and max_iter=0
REGINN:CGLS::k=0 : rdisc=1.00, norm=0.00
REGINN:CGLS::k=1 : rdisc=13.9, norm=108.
REGINN:CGLS::Unsuccessful termination after 1 iteration!
REGINN::Linear solver did not achieve desired discrepancy due to max_iter.
REGINN:post_processing::Adjusted lower bound of estimate from -78.5 to 0.100
REGINN::i=78: rdisc=0.978, rnorm=18.0, rerr=17.6
REGINN::0.100 ≤ estimate ≤ 334.
REGINN::Solving linear problem using rtol=0.0194 and max_iter=0
REGINN:CGLS::k=0 : rdisc=1.00, norm=0.00
REGINN:CGLS::k=1 : rdisc=13.4, norm=100.
REGINN:CGLS::Unsuccessful termination after 1 iteration!
REGINN::Linear solver did not achieve desired discrepancy due to max_iter.
REGINN:post_processing::Adjusted lower bound of estimate from -64.2 to 0.100
REGINN::i=79: rdisc=0.974, rnorm=18.4, rerr=18.0
REGINN::0.100 ≤ estimate ≤ 351.
REGINN::Solving linear problem using rtol=0.0195 and max_iter=0
REGINN:CGLS::k=0 : rdisc=1.00, norm=0.00
REGINN:CGLS::k=1 : rdisc=11.2, norm=77.6
REGINN:CGLS::Unsuccessful termination after 1 iteration!
REGINN::Linear solver did not achieve desired discrepancy due to max_iter.
REGINN:post_processing::Adjusted lower bound of estimate from -54.8 to 0.100
REGINN::i=80: rdisc=0.973, rnorm=18.6, rerr=18.3
REGINN::0.100 ≤ estimate ≤ 363.
REGINN::Solving linear problem using rtol=0.0195 and max_iter=0
REGINN:CGLS::k=0 : rdisc=1.00, norm=0.00
REGINN:CGLS::k=1 : rdisc=11.7, norm=82.9
REGINN:CGLS::Unsuccessful termination after 1 iteration!
REGINN::Linear solver did not achieve desired discrepancy due to max_iter.
REGINN:post_processing::Adjusted lower bound of estimate from -62.1 to 0.100
REGINN::i=81: rdisc=0.973, rnorm=18.9, rerr=18.6
REGINN::0.100 ≤ estimate ≤ 375.
REGINN::Solving linear problem using rtol=0.0195 and max_iter=0
REGINN:CGLS::k=0 : rdisc=1.00, norm=0.00
REGINN:CGLS::k=1 : rdisc=12.7, norm=85.5
REGINN:CGLS::Unsuccessful termination after 1 iteration!
REGINN::Linear solver did not achieve desired discrepancy due to max_iter.
REGINN:post_processing::Adjusted lower bound of estimate from -57.1 to 0.100
REGINN::i=82: rdisc=0.979, rnorm=19.3, rerr=19.0
REGINN::0.100 ≤ estimate ≤ 387.
REGINN::Solving linear problem using rtol=0.0194 and max_iter=0
REGINN:CGLS::k=0 : rdisc=1.00, norm=0.00
REGINN:CGLS::k=1 : rdisc=13.8, norm=105.
REGINN:CGLS::Unsuccessful termination after 1 iteration!
REGINN::Linear solver did not achieve desired discrepancy due to max_iter.
REGINN:post_processing::Adjusted lower bound of estimate from -61.5 to 0.100
REGINN::i=83: rdisc=0.973, rnorm=19.8, rerr=19.5
REGINN::0.100 ≤ estimate ≤ 397.
REGINN::Solving linear problem using rtol=0.0195 and max_iter=0
REGINN:CGLS::k=0 : rdisc=1.00, norm=0.00
REGINN:CGLS::k=1 : rdisc=13.2, norm=92.8
REGINN:CGLS::Unsuccessful termination after 1 iteration!
REGINN::Linear solver did not achieve desired discrepancy due to max_iter.
REGINN:post_processing::Adjusted lower bound of estimate from -57.6 to 0.100
REGINN::i=84: rdisc=0.974, rnorm=20.2, rerr=19.9
REGINN::0.100 ≤ estimate ≤ 410.
REGINN::Unsuccessful termination after 84 iterations!
REGINN::Saving current residual in ./step-0084/
REGINN::Saving current estimate in ./step-0084/
REGINN::0.100 ≤ estimate ≤ 410.
stats::forward              : 86 calls, average 10.9 s per call
stats::linearization forward: 84 calls, average 10.1 s per call
stats::linearization adjoint: 84 calls, average 12.6 s per call
stats::measure forward      : 170 calls, average 0.00387 s per call
stats::measure adjoint      : 84 calls, average 0.0107 s per call
