JobId arch-vm0 Fri Feb 23 18:41:09 2018
wavepi 1ea872c3
Release-Build, compiled on 2018-02-23T12:31:51Z from commit 1ea872c33a71efe2cbf2ea88da2d59999d0ca907 ("CubeBoundary") on branch master

initialize_mesh::Number of active cells: 4096
initialize_mesh::Number of degrees of freedom in the first spatial mesh: 4225
initialize_mesh::cell diameters: minimal = 0.177, maximal = 0.177
initialize_mesh::dt: 0.0235
initialize_mesh::expected size of a DiscretizedFunction<dim>: 8.25 MiB
parameters:LogTransform::lower bound: 0.0
parameters:WaveEquation::theta: 0.5
parameters:WaveEquation::tol: 1e-8
parameters:constraints::lower bound: 0.1
parameters:constraints::upper bound: 1e300
parameters:general::dimension: 2
parameters:general::finite element degree: 1
parameters:general::quadrature order: 3
parameters:inversion::method: REGINN
parameters:inversion::tau: 2
parameters:log::console depth: 2
parameters:log::file: wavepi.log
parameters:log::file depth: 4
parameters:mesh::end time: 6
parameters:mesh::initial refines: 6
parameters:mesh::initial time steps: 256
parameters:output::data: true
parameters:output::destination: ./step-{{i}}/
parameters:output::discrepancy decrease: 0.5
parameters:output::estimate: true
parameters:output::estimate transformed: false
parameters:output::exact: true
parameters:output::exact transformed: false
parameters:output::interval: 50
parameters:output::last: true
parameters:output::residual: true
parameters:output::statistics: history
parameters:problem::H1L2 alpha: 0.5
parameters:problem::H2L2 alpha: 0.5
parameters:problem::H2L2 beta: 0.25
parameters:problem::constants: 
parameters:problem::epsilon: 1e-3
parameters:problem::initial guess: 1.0
parameters:problem::norm of codomain: L2L2
parameters:problem::norm of domain: H1L2
parameters:problem::parameter a: 1.0
parameters:problem::parameter c: 1.5
parameters:problem::parameter nu: 0.0
parameters:problem::parameter q: 0.0
parameters:problem::transform: Identity
parameters:problem::type: c
parameters:watchdog::discrepancy increasing: false
parameters:watchdog::discrepancy slope min values: 40
parameters:watchdog::discrepancy slope percentage: 0.25
parameters:watchdog::discrepancy slope threshold: 0.0
parameters:watchdog::discrepancy threshold: 10.0
parameters:watchdog::maximum iteration count: 0
REGINN::Saving exact parameter in ./step-0000/
REGINN::Saving data in ./step-0000/
REGINN::Saving current residual in ./step-0000/
REGINN::Saving current estimate in ./step-0000/
REGINN::i=0 : rdisc=1.25, rnorm=0.667, rerr=0.333
REGINN::1.00 ≤ estimate ≤ 1.00
REGINN::Solving linear problem using rtol=0.900 and max_iter=1
REGINN:CGLS::k=0 : rdisc=1.00, norm=0.00
REGINN:CGLS::k=1 : rdisc=0.771, norm=2.26
REGINN:CGLS::Safeguarding: λ=0.729 ⇒ rdisc=0.900
REGINN:CGLS::Target discrepancy reached after 1 iteration.
REGINN::i=1 : rdisc=1.12, rnorm=0.678, rerr=0.323
REGINN::0.941 ≤ estimate ≤ 1.21
REGINN::
REGINN::Solving linear problem using rtol=0.900 and max_iter=2
REGINN:CGLS::k=0 : rdisc=1.00, norm=0.00
REGINN:CGLS::k=1 : rdisc=0.745, norm=2.26
REGINN:CGLS::Safeguarding: λ=0.757 ⇒ rdisc=0.900
REGINN:CGLS::Target discrepancy reached after 1 iteration.
REGINN::i=2 : rdisc=0.999, rnorm=0.689, rerr=0.314
REGINN::0.897 ≤ estimate ≤ 1.39
REGINN::
REGINN::Solving linear problem using rtol=0.854 and max_iter=2
REGINN:CGLS::k=0 : rdisc=1.00, norm=0.00
REGINN:CGLS::k=1 : rdisc=0.719, norm=2.24
REGINN:CGLS::Safeguarding: λ=0.664 ⇒ rdisc=0.854
REGINN:CGLS::Target discrepancy reached after 1 iteration.
REGINN::i=3 : rdisc=0.841, rnorm=0.705, rerr=0.302
REGINN::0.849 ≤ estimate ≤ 1.64
REGINN::
REGINN::Solving linear problem using rtol=0.811 and max_iter=2
REGINN:CGLS::k=0 : rdisc=1.00, norm=0.00
REGINN:CGLS::k=1 : rdisc=0.683, norm=2.17
REGINN:CGLS::Safeguarding: λ=0.597 ⇒ rdisc=0.811
REGINN:CGLS::Target discrepancy reached after 1 iteration.
REGINN::i=4 : rdisc=0.668, rnorm=0.725, rerr=0.289
REGINN::0.817 ≤ estimate ≤ 1.92
REGINN::
REGINN::Solving linear problem using rtol=0.769 and max_iter=2
REGINN:CGLS::k=0 : rdisc=1.00, norm=0.00
REGINN:CGLS::k=1 : rdisc=0.657, norm=1.97
REGINN:CGLS::Safeguarding: λ=0.530 ⇒ rdisc=0.769
REGINN:CGLS::Target discrepancy reached after 1 iteration.
REGINN::Saving current residual in ./step-0005/
REGINN::Saving current estimate in ./step-0005/
REGINN::i=5 : rdisc=0.502, rnorm=0.748, rerr=0.277
REGINN::0.790 ≤ estimate ≤ 2.19
REGINN::
REGINN::Solving linear problem using rtol=0.730 and max_iter=2
REGINN:CGLS::k=0 : rdisc=1.00, norm=0.00
REGINN:CGLS::k=1 : rdisc=0.672, norm=1.65
REGINN:CGLS::Safeguarding: λ=0.386 ⇒ rdisc=0.730
REGINN:CGLS::Target discrepancy reached after 1 iteration.
REGINN::i=6 : rdisc=0.358, rnorm=0.774, rerr=0.265
REGINN::0.795 ≤ estimate ≤ 2.64
REGINN::
REGINN::Solving linear problem using rtol=0.693 and max_iter=2
REGINN:CGLS::k=0 : rdisc=1.00, norm=0.00
REGINN:CGLS::k=1 : rdisc=0.740, norm=1.35
REGINN:CGLS::k=2 : rdisc=0.528, norm=2.62
REGINN:CGLS::Safeguarding: λ=0.864 ⇒ rdisc=0.693
REGINN:CGLS::Target discrepancy reached after 2 iterations.
REGINN::Saving current residual in ./step-0007/
REGINN::Saving current estimate in ./step-0007/
REGINN::i=7 : rdisc=0.241, rnorm=0.814, rerr=0.246
REGINN::0.891 ≤ estimate ≤ 3.21
REGINN::
REGINN::Solving linear problem using rtol=0.658 and max_iter=3
REGINN:CGLS::k=0 : rdisc=1.00, norm=0.00
REGINN:CGLS::k=1 : rdisc=0.793, norm=1.15
REGINN:CGLS::k=2 : rdisc=0.497, norm=2.62
REGINN:CGLS::Safeguarding: λ=0.696 ⇒ rdisc=0.658
REGINN:CGLS::Target discrepancy reached after 2 iterations.
REGINN::i=8 : rdisc=0.161, rnorm=0.832, rerr=0.226
REGINN::0.966 ≤ estimate ≤ 2.58
REGINN::
REGINN::Solving linear problem using rtol=0.624 and max_iter=4
REGINN:CGLS::k=0 : rdisc=1.00, norm=0.00
REGINN:CGLS::k=1 : rdisc=0.862, norm=0.451
REGINN:CGLS::k=2 : rdisc=0.428, norm=2.10
REGINN:CGLS::Safeguarding: λ=0.607 ⇒ rdisc=0.624
REGINN:CGLS::Target discrepancy reached after 2 iterations.
REGINN::Saving current residual in ./step-0009/
REGINN::Saving current estimate in ./step-0009/
REGINN::i=9 : rdisc=0.101, rnorm=0.853, rerr=0.215
REGINN::0.962 ≤ estimate ≤ 2.59
REGINN::
REGINN::Solving linear problem using rtol=0.592 and max_iter=4
REGINN:CGLS::k=0 : rdisc=1.00, norm=0.00
REGINN:CGLS::k=1 : rdisc=0.887, norm=0.347
REGINN:CGLS::k=2 : rdisc=0.510, norm=1.41
REGINN:CGLS::Safeguarding: λ=0.415 ⇒ rdisc=0.592
REGINN:CGLS::Target discrepancy reached after 2 iterations.
REGINN::i=10: rdisc=0.0611, rnorm=0.870, rerr=0.208
REGINN::0.956 ≤ estimate ≤ 2.52
REGINN::
REGINN::Solving linear problem using rtol=0.562 and max_iter=4
REGINN:CGLS::k=0 : rdisc=1.00, norm=0.00
REGINN:CGLS::k=1 : rdisc=0.917, norm=0.133
REGINN:CGLS::k=2 : rdisc=0.802, norm=0.389
REGINN:CGLS::k=3 : rdisc=0.534, norm=1.01
REGINN:CGLS::Safeguarding: λ=0.290 ⇒ rdisc=0.562
REGINN:CGLS::Target discrepancy reached after 3 iterations.
REGINN::Saving current residual in ./step-0011/
REGINN::Saving current estimate in ./step-0011/
REGINN::i=11: rdisc=0.0344, rnorm=0.885, rerr=0.203
REGINN::0.954 ≤ estimate ≤ 2.39
REGINN::
REGINN::Solving linear problem using rtol=0.533 and max_iter=5
REGINN:CGLS::k=0 : rdisc=1.00, norm=0.00
REGINN:CGLS::k=1 : rdisc=0.946, norm=0.0881
REGINN:CGLS::k=2 : rdisc=0.895, norm=0.184
REGINN:CGLS::k=3 : rdisc=0.731, norm=0.531
REGINN:CGLS::k=4 : rdisc=0.621, norm=0.750
REGINN:CGLS::k=5 : rdisc=0.558, norm=0.871
REGINN:CGLS::Unsuccessful termination after 5 iterations!
REGINN::Linear solver did not achieve desired discrepancy due to max_iter.
REGINN::i=12: rdisc=0.0193, rnorm=0.893, rerr=0.198
REGINN::0.789 ≤ estimate ≤ 2.22
REGINN::
REGINN::Solving linear problem using rtol=0.506 and max_iter=8
REGINN:CGLS::k=0 : rdisc=1.00, norm=0.00
REGINN:CGLS::k=1 : rdisc=0.953, norm=0.0481
REGINN:CGLS::k=2 : rdisc=0.926, norm=0.0802
REGINN:CGLS::k=3 : rdisc=0.861, norm=0.186
REGINN:CGLS::k=4 : rdisc=0.822, norm=0.253
REGINN:CGLS::k=5 : rdisc=0.756, norm=0.372
REGINN:CGLS::k=6 : rdisc=0.717, norm=0.444
REGINN:CGLS::k=7 : rdisc=0.669, norm=0.531
REGINN:CGLS::k=8 : rdisc=0.605, norm=0.647
REGINN:CGLS::Unsuccessful termination after 8 iterations!
REGINN::Linear solver did not achieve desired discrepancy due to max_iter.
REGINN::Saving current residual in ./step-0013/
REGINN::Saving current estimate in ./step-0013/
REGINN::i=13: rdisc=0.0117, rnorm=0.897, rerr=0.195
REGINN::0.455 ≤ estimate ≤ 2.16
REGINN::
REGINN::Solving linear problem using rtol=0.481 and max_iter=13
REGINN:CGLS::k=0 : rdisc=1.00, norm=0.00
REGINN:CGLS::k=1 : rdisc=0.946, norm=0.0301
REGINN:CGLS::k=2 : rdisc=0.920, norm=0.0491
REGINN:CGLS::k=3 : rdisc=0.890, norm=0.0775
REGINN:CGLS::k=4 : rdisc=0.850, norm=0.124
REGINN:CGLS::k=5 : rdisc=0.826, norm=0.154
REGINN:CGLS::k=6 : rdisc=0.796, norm=0.195
REGINN:CGLS::k=7 : rdisc=0.777, norm=0.223
REGINN:CGLS::k=8 : rdisc=0.751, norm=0.264
REGINN:CGLS::k=9 : rdisc=0.664, norm=0.407
REGINN:CGLS::k=10: rdisc=0.585, norm=0.535
REGINN:CGLS::k=11: rdisc=0.538, norm=0.607
REGINN:CGLS::k=12: rdisc=0.511, norm=0.646
REGINN:CGLS::k=13: rdisc=0.500, norm=0.662
REGINN:CGLS::Unsuccessful termination after 13 iterations!
REGINN::Linear solver did not achieve desired discrepancy due to max_iter.
REGINN:post_processing::Adjusted lower bound of estimate from 0.0418 to 0.100
REGINN::i=14: rdisc=0.00606, rnorm=0.902, rerr=0.193
REGINN::0.100 ≤ estimate ≤ 2.20
REGINN::
REGINN::Solving linear problem using rtol=0.680 and max_iter=21
REGINN:CGLS::k=0 : rdisc=1.00, norm=0.00
REGINN:CGLS::k=1 : rdisc=0.968, norm=0.0109
REGINN:CGLS::k=2 : rdisc=0.951, norm=0.0182
REGINN:CGLS::k=3 : rdisc=0.930, norm=0.0308
REGINN:CGLS::k=4 : rdisc=0.907, norm=0.0484
REGINN:CGLS::k=5 : rdisc=0.894, norm=0.0592
REGINN:CGLS::k=6 : rdisc=0.876, norm=0.0761
REGINN:CGLS::k=7 : rdisc=0.864, norm=0.0888
REGINN:CGLS::k=8 : rdisc=0.844, norm=0.111
REGINN:CGLS::k=9 : rdisc=0.814, norm=0.149
REGINN:CGLS::k=10: rdisc=0.783, norm=0.191
REGINN:CGLS::k=11: rdisc=0.751, norm=0.234
REGINN:CGLS::k=12: rdisc=0.732, norm=0.260
REGINN:CGLS::k=13: rdisc=0.702, norm=0.302
REGINN:CGLS::k=14: rdisc=0.687, norm=0.322
REGINN:CGLS::k=15: rdisc=0.664, norm=0.355
REGINN:CGLS::Safeguarding: λ=0.818 ⇒ rdisc=0.680
REGINN:CGLS::Target discrepancy reached after 15 iterations.
REGINN:post_processing::Adjusted lower bound of estimate from -0.0572 to 0.100
REGINN::Saving current residual in ./step-0015/
REGINN::Saving current estimate in ./step-0015/
REGINN::i=15: rdisc=0.00430, rnorm=0.903, rerr=0.191
REGINN::0.100 ≤ estimate ≤ 2.18
REGINN::
REGINN::Solving linear problem using rtol=0.722 and max_iter=28
REGINN:CGLS::k=0 : rdisc=1.00, norm=0.00
REGINN:CGLS::k=1 : rdisc=0.979, norm=0.00630
REGINN:CGLS::k=2 : rdisc=0.964, norm=0.0118
REGINN:CGLS::k=3 : rdisc=0.944, norm=0.0216
REGINN:CGLS::k=4 : rdisc=0.929, norm=0.0303
REGINN:CGLS::k=5 : rdisc=0.916, norm=0.0384
REGINN:CGLS::k=6 : rdisc=0.903, norm=0.0484
REGINN:CGLS::k=7 : rdisc=0.892, norm=0.0575
REGINN:CGLS::k=8 : rdisc=0.866, norm=0.0835
REGINN:CGLS::k=9 : rdisc=0.856, norm=0.0936
REGINN:CGLS::k=10: rdisc=0.846, norm=0.106
REGINN:CGLS::k=11: rdisc=0.836, norm=0.117
REGINN:CGLS::k=12: rdisc=0.825, norm=0.130
REGINN:CGLS::k=13: rdisc=0.810, norm=0.150
REGINN:CGLS::k=14: rdisc=0.793, norm=0.171
REGINN:CGLS::k=15: rdisc=0.781, norm=0.188
REGINN:CGLS::k=16: rdisc=0.763, norm=0.213
REGINN:CGLS::k=17: rdisc=0.743, norm=0.241
REGINN:CGLS::k=18: rdisc=0.715, norm=0.281
REGINN:CGLS::Safeguarding: λ=0.471 ⇒ rdisc=0.722
REGINN:CGLS::Target discrepancy reached after 18 iterations.
REGINN:post_processing::Adjusted lower bound of estimate from -0.0366 to 0.100
REGINN::i=16: rdisc=0.00339, rnorm=0.904, rerr=0.191
REGINN::0.100 ≤ estimate ≤ 2.16
REGINN::
REGINN::Solving linear problem using rtol=0.767 and max_iter=33
REGINN:CGLS::k=0 : rdisc=1.00, norm=0.00
REGINN:CGLS::k=1 : rdisc=0.969, norm=0.00489
REGINN:CGLS::k=2 : rdisc=0.947, norm=0.00962
REGINN:CGLS::k=3 : rdisc=0.918, norm=0.0187
REGINN:CGLS::k=4 : rdisc=0.896, norm=0.0276
REGINN:CGLS::k=5 : rdisc=0.889, norm=0.0305
REGINN:CGLS::k=6 : rdisc=0.881, norm=0.0349
REGINN:CGLS::k=7 : rdisc=0.874, norm=0.0395
REGINN:CGLS::k=8 : rdisc=0.867, norm=0.0444
REGINN:CGLS::k=9 : rdisc=0.860, norm=0.0497
REGINN:CGLS::k=10: rdisc=0.854, norm=0.0551
REGINN:CGLS::k=11: rdisc=0.846, norm=0.0626
REGINN:CGLS::k=12: rdisc=0.836, norm=0.0734
REGINN:CGLS::k=13: rdisc=0.825, norm=0.0860
REGINN:CGLS::k=14: rdisc=0.813, norm=0.101
REGINN:CGLS::k=15: rdisc=0.806, norm=0.111
REGINN:CGLS::k=16: rdisc=0.801, norm=0.118
REGINN:CGLS::k=17: rdisc=0.794, norm=0.127
REGINN:CGLS::k=18: rdisc=0.779, norm=0.149
REGINN:CGLS::k=19: rdisc=0.773, norm=0.158
REGINN:CGLS::k=20: rdisc=0.759, norm=0.179
REGINN:CGLS::Safeguarding: λ=0.782 ⇒ rdisc=0.767
REGINN:CGLS::Target discrepancy reached after 20 iterations.
REGINN:post_processing::Adjusted lower bound of estimate from 0.0208 to 0.100
REGINN::i=17: rdisc=0.00266, rnorm=0.905, rerr=0.190
REGINN::0.100 ≤ estimate ≤ 2.13
REGINN::
REGINN::Solving linear problem using rtol=0.790 and max_iter=38
REGINN:CGLS::k=0 : rdisc=1.00, norm=0.00
REGINN:CGLS::k=1 : rdisc=0.989, norm=0.00242
REGINN:CGLS::k=2 : rdisc=0.980, norm=0.00523
REGINN:CGLS::k=3 : rdisc=0.971, norm=0.00910
REGINN:CGLS::k=4 : rdisc=0.964, norm=0.0127
REGINN:CGLS::k=5 : rdisc=0.957, norm=0.0164
REGINN:CGLS::k=6 : rdisc=0.951, norm=0.0203
REGINN:CGLS::k=7 : rdisc=0.944, norm=0.0256
REGINN:CGLS::k=8 : rdisc=0.937, norm=0.0307
REGINN:CGLS::k=9 : rdisc=0.930, norm=0.0371
REGINN:CGLS::k=10: rdisc=0.924, norm=0.0431
REGINN:CGLS::k=11: rdisc=0.918, norm=0.0494
REGINN:CGLS::k=12: rdisc=0.911, norm=0.0580
REGINN:CGLS::k=13: rdisc=0.899, norm=0.0729
REGINN:CGLS::k=14: rdisc=0.893, norm=0.0804
REGINN:CGLS::k=15: rdisc=0.889, norm=0.0856
REGINN:CGLS::k=16: rdisc=0.884, norm=0.0914
REGINN:CGLS::k=17: rdisc=0.875, norm=0.104
REGINN:CGLS::k=18: rdisc=0.864, norm=0.120
REGINN:CGLS::k=19: rdisc=0.854, norm=0.135
REGINN:CGLS::k=20: rdisc=0.831, norm=0.169
REGINN:CGLS::k=21: rdisc=0.813, norm=0.195
REGINN:CGLS::k=22: rdisc=0.798, norm=0.219
REGINN:CGLS::k=23: rdisc=0.786, norm=0.237
REGINN:CGLS::Safeguarding: λ=0.575 ⇒ rdisc=0.790
REGINN:CGLS::Target discrepancy reached after 23 iterations.
REGINN:post_processing::Adjusted lower bound of estimate from 0.0547 to 0.100
REGINN::i=18: rdisc=0.00217, rnorm=0.906, rerr=0.189
REGINN::0.100 ≤ estimate ≤ 2.12
REGINN::
REGINN::Solving linear problem using rtol=0.919 and max_iter=43
REGINN:CGLS::k=0 : rdisc=1.00, norm=0.00
REGINN:CGLS::k=1 : rdisc=0.982, norm=0.00362
REGINN:CGLS::k=2 : rdisc=0.970, norm=0.00666
REGINN:CGLS::k=3 : rdisc=0.958, norm=0.0104
REGINN:CGLS::k=4 : rdisc=0.944, norm=0.0154
REGINN:CGLS::k=5 : rdisc=0.936, norm=0.0189
REGINN:CGLS::k=6 : rdisc=0.929, norm=0.0223
REGINN:CGLS::k=7 : rdisc=0.924, norm=0.0249
REGINN:CGLS::k=8 : rdisc=0.919, norm=0.0276
REGINN:CGLS::Safeguarding: λ=0.284 ⇒ rdisc=0.919
REGINN:CGLS::Target discrepancy reached after 8 iterations.
REGINN:post_processing::Adjusted lower bound of estimate from 0.0787 to 0.100
REGINN::Saving current residual in ./step-0019/
REGINN::Saving current estimate in ./step-0019/
REGINN::i=19: rdisc=0.00200, rnorm=0.906, rerr=0.189
REGINN::0.100 ≤ estimate ≤ 2.13
REGINN::
REGINN::Solving linear problem using rtol=0.998 and max_iter=31
REGINN:CGLS::k=0 : rdisc=1.00, norm=0.00
REGINN:CGLS::k=1 : rdisc=0.998, norm=0.000694
REGINN:CGLS::k=2 : rdisc=0.997, norm=0.00177
REGINN:CGLS::Safeguarding: λ=0.994 ⇒ rdisc=0.998
REGINN:CGLS::Target discrepancy reached after 2 iterations.
REGINN:post_processing::Adjusted lower bound of estimate from 0.0993 to 0.100
REGINN::i=20: rdisc=0.00200, rnorm=0.906, rerr=0.189
REGINN::0.100 ≤ estimate ≤ 2.13
REGINN::
REGINN::Saving current residual in ./step-0020/
REGINN::Saving current estimate in ./step-0020/
REGINN::Target discrepancy reached after 20 iterations.
REGINN::0.100 ≤ estimate ≤ 2.13
Relative error of the reconstruction: 0.189
stats::forward              : 22 calls, average 11.1 s per call
stats::linearization forward: 129 calls, average 10.1 s per call
stats::linearization adjoint: 129 calls, average 11.3 s per call
stats::measure forward      : 151 calls, average 0.0318 s per call
stats::measure adjoint      : 129 calls, average 0.416 s per call
stats::total wall time      : 52min 58s
