JobId thies-arch0 Wed Apr  4 18:35:41 2018
wavepi 3fa08ced-dirty
Release-Build, compiled on 2018-03-28T15:17:13Z from commit 3fa08cedb040cdd8a617b11f141a1a310502145c ("distribute random noise from root to everyone else") on branch master

working directory was dirty, git status: 
 M problems/q_banach/p1_1_h1h1.cfg
 M problems/q_banach/p1_5_h1h1.cfg
 M problems/q_banach/p2_h1h1.cfg
 M problems/q_banach/p2_h1h1_hilbert.cfg
 M problems/q_banach/p8_h1h1.cfg
 M problems/q_banach/rhs4_p1_1_h1h1.cfg
 M problems/q_banach/rhs4_p1_5_h1h1.cfg
 M problems/q_banach/rhs4_p2_h1h1_hilbert.cfg
 M problems/q_banach/rhs4_p8_h1h1.cfg
?? problems/q_banach/p1_1_h1h1/
?? problems/q_banach/p1_1_h1h1_gamma/
?? problems/q_banach/p1_1_l2l2/
?? problems/q_banach/p1_5_h1h1/
?? problems/q_banach/p1_5_h1h1_gamma/
?? problems/q_banach/rhs4_p1_1_h1h1/
?? problems/q_banach/rhs4_p1_1_h1h1_gamma/
?? problems/q_banach/rhs4_p1_1_l2l2/

initialize_mesh::Number of active cells: 1024
initialize_mesh::Number of degrees of freedom in the first spatial mesh: 1089
initialize_mesh::cell diameters: minimal = 0.354, maximal = 0.354
initialize_mesh::dt: 0.0235
initialize_mesh::expected size of a DiscretizedFunction<2>: 2.13 MiB
Initializing problem
Generating synthetic data (inverse crime)
generate_data:run::distributing noisy data to other nodes
generate_data:run::Distribution of data complete.
wall time for data synthesis        : 1.3s
wall time for mesh and problem init : 234.9ms
parameters:LogTransform::lower bound: 0.0
parameters:WaveEquation::max iter: 10000
parameters:WaveEquation::theta: 0.5
parameters:WaveEquation::tol: 1e-8
parameters:constraints::lower bound: -1e300
parameters:constraints::upper bound: 1e300
parameters:general::dimension: 2
parameters:general::finite element degree: 1
parameters:general::quadrature order: 3
parameters:inversion::method: REGINN
parameters:inversion::tau: 2
parameters:log::console depth: 2
parameters:log::file: wavepi.log
parameters:log::file depth: 3
parameters:log::file depth mpi: 3
parameters:mesh::end time: 6
parameters:mesh::initial refines: 5
parameters:mesh::initial time steps: 256
parameters:output::data: true
parameters:output::destination: ./step-{{i}}/
parameters:output::discrepancy decrease: 0.25
parameters:output::estimate: true
parameters:output::estimate transformed: false
parameters:output::exact: true
parameters:output::exact transformed: false
parameters:output::interval: 10
parameters:output::last: true
parameters:output::residual: true
parameters:output::statistics: history
parameters:problem::H1H1 beta: 0.25
parameters:problem::H1H1 gamma: 5
parameters:problem::H1L2 alpha: 0.5
parameters:problem::H2L2 alpha: 0.5
parameters:problem::H2L2 beta: 0.25
parameters:problem::H2L2+L2H1 alpha: 0.5
parameters:problem::H2L2+L2H1 beta: 0.25
parameters:problem::H2L2+L2H1 gamma: 0.5
parameters:problem::background parameter: 0.0
parameters:problem::constants: 
parameters:problem::domain lp wrapping: false
parameters:problem::domain p: 2.0
parameters:problem::epsilon: 5e-3
parameters:problem::initial guess: 0.0
parameters:problem::norm of codomain: L2L2
parameters:problem::norm of domain: H1H1
parameters:problem::parameter a: 1.0
parameters:problem::parameter c: 2.0
parameters:problem::parameter nu: 0.0
parameters:problem::parameter q: 2*if(norm{x|y|z} < 1.5, 2.0+abs(sin(t)), 0.0)
parameters:problem::transform: Identity
parameters:problem::type: q
parameters:watchdog::discrepancy increasing: false
parameters:watchdog::discrepancy slope min values: 40
parameters:watchdog::discrepancy slope percentage: 0.25
parameters:watchdog::discrepancy slope threshold: 0.0
parameters:watchdog::discrepancy threshold: 10.0
parameters:watchdog::maximum iteration count: 0
REGINN::Saving exact parameter in ./step-0000/
REGINN::Saving data in ./step-0000/
REGINN::Saving current residual in ./step-0000/
REGINN::Saving current estimate in ./step-0000/
REGINN::i=0 : rdisc=1.63 , rnorm=0.00 , rerr=1.00 
REGINN::0.00 ≤ estimate ≤ 0.00
REGINN::Solving linear problem using rtol=0.900 and max_iter=1
REGINN:CGLS::k=0 : rdisc=1.00 , norm=0.00 
REGINN:CGLS::k=1 : rdisc=0.673, norm=7.23 
REGINN:CGLS::Safeguarding: λ=0.808 ⇒ rdisc=0.900
REGINN:CGLS::Target discrepancy reached after 1 iteration.
REGINN::i=1 : rdisc=1.48 , rnorm=0.00756, rerr=0.998
REGINN::0.00549 ≤ estimate ≤ 0.190
REGINN::
REGINN::Solving linear problem using rtol=0.900 and max_iter=2
REGINN:CGLS::k=0 : rdisc=1.00 , norm=0.00 
REGINN:CGLS::k=1 : rdisc=0.729, norm=6.98 
REGINN:CGLS::Safeguarding: λ=0.771 ⇒ rdisc=0.900
REGINN:CGLS::Target discrepancy reached after 1 iteration.
REGINN::i=2 : rdisc=1.34 , rnorm=0.0163, rerr=0.996
REGINN::0.0117 ≤ estimate ≤ 0.409
REGINN::
REGINN::Solving linear problem using rtol=0.855 and max_iter=2
REGINN:CGLS::k=0 : rdisc=1.00 , norm=0.00 
REGINN:CGLS::k=1 : rdisc=0.789, norm=6.69 
REGINN:CGLS::Safeguarding: λ=0.537 ⇒ rdisc=0.855
REGINN:CGLS::Target discrepancy reached after 1 iteration.
REGINN::i=3 : rdisc=1.16 , rnorm=0.0331, rerr=0.993
REGINN::0.0239 ≤ estimate ≤ 0.834
REGINN::
REGINN::Solving linear problem using rtol=0.812 and max_iter=2
REGINN:CGLS::k=0 : rdisc=1.00 , norm=0.00 
REGINN:CGLS::k=1 : rdisc=0.876, norm=6.33 
REGINN:CGLS::k=2 : rdisc=0.693, norm=30.6 
REGINN:CGLS::Safeguarding: λ=0.790 ⇒ rdisc=0.812
REGINN:CGLS::Target discrepancy reached after 2 iterations.
REGINN::i=4 : rdisc=0.932, rnorm=0.0814, rerr=0.984
REGINN::0.0923 ≤ estimate ≤ 1.87
REGINN::
REGINN::Solving linear problem using rtol=0.772 and max_iter=3
REGINN:CGLS::k=0 : rdisc=1.00 , norm=0.00 
REGINN:CGLS::k=1 : rdisc=0.881, norm=11.6 
REGINN:CGLS::k=2 : rdisc=0.581, norm=42.1 
REGINN:CGLS::Safeguarding: λ=0.767 ⇒ rdisc=0.772
REGINN:CGLS::Target discrepancy reached after 2 iterations.
REGINN::i=5 : rdisc=0.623, rnorm=0.174, rerr=0.975
REGINN::0.209 ≤ estimate ≤ 4.10
REGINN::
REGINN::Solving linear problem using rtol=0.733 and max_iter=4
REGINN:CGLS::k=0 : rdisc=1.00 , norm=0.00 
REGINN:CGLS::k=1 : rdisc=0.708, norm=15.2 
REGINN:CGLS::Safeguarding: λ=0.271 ⇒ rdisc=0.733
REGINN:CGLS::Target discrepancy reached after 1 iteration.
REGINN::Saving current residual in ./step-0006/
REGINN::Saving current estimate in ./step-0006/
REGINN::i=6 : rdisc=0.391, rnorm=0.231, rerr=0.969
REGINN::0.256 ≤ estimate ≤ 5.66
REGINN::
REGINN::Solving linear problem using rtol=0.696 and max_iter=3
REGINN:CGLS::k=0 : rdisc=1.00 , norm=0.00 
REGINN:CGLS::k=1 : rdisc=0.630, norm=11.1 
REGINN:CGLS::Safeguarding: λ=0.382 ⇒ rdisc=0.696
REGINN:CGLS::Target discrepancy reached after 1 iteration.
REGINN::i=7 : rdisc=0.262, rnorm=0.266, rerr=0.967
REGINN::0.286 ≤ estimate ≤ 6.72
REGINN::
REGINN::Solving linear problem using rtol=0.662 and max_iter=2
REGINN:CGLS::k=0 : rdisc=1.00 , norm=0.00 
REGINN:CGLS::k=1 : rdisc=0.822, norm=5.48 
REGINN:CGLS::k=2 : rdisc=0.740, norm=9.93 
REGINN:CGLS::Unsuccessful termination after 2 iterations!
REGINN::Linear solver did not achieve desired discrepancy due to max_iter.
REGINN::i=8 : rdisc=0.192, rnorm=0.299, rerr=0.958
REGINN::0.333 ≤ estimate ≤ 7.58
REGINN::
REGINN::Solving linear problem using rtol=0.629 and max_iter=3
REGINN:CGLS::k=0 : rdisc=1.00 , norm=0.00 
REGINN:CGLS::k=1 : rdisc=0.915, norm=3.71 
REGINN:CGLS::k=2 : rdisc=0.833, norm=8.56 
REGINN:CGLS::k=3 : rdisc=0.625, norm=22.6 
REGINN:CGLS::Safeguarding: λ=0.112 ⇒ rdisc=0.629
REGINN:CGLS::Target discrepancy reached after 3 iterations.
REGINN::i=9 : rdisc=0.125, rnorm=0.338, rerr=0.938
REGINN::-0.224 ≤ estimate ≤ 8.39
REGINN::
REGINN::Solving linear problem using rtol=0.597 and max_iter=5
REGINN:CGLS::k=0 : rdisc=1.00 , norm=0.00 
REGINN:CGLS::k=1 : rdisc=0.968, norm=1.32 
REGINN:CGLS::k=2 : rdisc=0.903, norm=5.95 
REGINN:CGLS::k=3 : rdisc=0.796, norm=14.0 
REGINN:CGLS::k=4 : rdisc=0.616, norm=27.3 
REGINN:CGLS::k=5 : rdisc=0.503, norm=34.7 
REGINN:CGLS::Safeguarding: λ=0.906 ⇒ rdisc=0.597
REGINN:CGLS::Target discrepancy reached after 5 iterations.
REGINN::Saving current residual in ./step-0010/
REGINN::Saving current estimate in ./step-0010/
REGINN::i=10: rdisc=0.0743, rnorm=0.392, rerr=0.904
REGINN::-0.458 ≤ estimate ≤ 8.43
REGINN::
REGINN::Solving linear problem using rtol=0.567 and max_iter=8
REGINN:CGLS::k=0 : rdisc=1.00 , norm=0.00 
REGINN:CGLS::k=1 : rdisc=0.947, norm=1.72 
REGINN:CGLS::k=2 : rdisc=0.904, norm=3.40 
REGINN:CGLS::k=3 : rdisc=0.883, norm=4.34 
REGINN:CGLS::k=4 : rdisc=0.806, norm=9.19 
REGINN:CGLS::k=5 : rdisc=0.590, norm=24.2 
REGINN:CGLS::k=6 : rdisc=0.511, norm=29.1 
REGINN:CGLS::Safeguarding: λ=0.835 ⇒ rdisc=0.567
REGINN:CGLS::Target discrepancy reached after 6 iterations.
REGINN::i=11: rdisc=0.0441, rnorm=0.440, rerr=0.878
REGINN::-1.05 ≤ estimate ≤ 6.94
REGINN::
REGINN::Solving linear problem using rtol=0.539 and max_iter=11
REGINN:CGLS::k=0 : rdisc=1.00 , norm=0.00 
REGINN:CGLS::k=1 : rdisc=0.966, norm=0.802
REGINN:CGLS::k=2 : rdisc=0.927, norm=1.83 
REGINN:CGLS::k=3 : rdisc=0.888, norm=2.98 
REGINN:CGLS::k=4 : rdisc=0.839, norm=4.90 
REGINN:CGLS::k=5 : rdisc=0.771, norm=8.24 
REGINN:CGLS::k=6 : rdisc=0.698, norm=12.5 
REGINN:CGLS::k=7 : rdisc=0.612, norm=17.8 
REGINN:CGLS::k=8 : rdisc=0.562, norm=20.8 
REGINN:CGLS::k=9 : rdisc=0.530, norm=22.7 
REGINN:CGLS::Safeguarding: λ=0.528 ⇒ rdisc=0.539
REGINN:CGLS::Target discrepancy reached after 9 iterations.
REGINN::i=12: rdisc=0.0247, rnorm=0.482, rerr=0.857
REGINN::-0.878 ≤ estimate ≤ 7.10
REGINN::
REGINN::Solving linear problem using rtol=0.693 and max_iter=15
REGINN:CGLS::k=0 : rdisc=1.00 , norm=0.00 
REGINN:CGLS::k=1 : rdisc=0.977, norm=0.180
REGINN:CGLS::k=2 : rdisc=0.955, norm=0.776
REGINN:CGLS::k=3 : rdisc=0.943, norm=1.24 
REGINN:CGLS::k=4 : rdisc=0.929, norm=1.84 
REGINN:CGLS::k=5 : rdisc=0.892, norm=3.78 
REGINN:CGLS::k=6 : rdisc=0.849, norm=6.35 
REGINN:CGLS::k=7 : rdisc=0.826, norm=7.80 
REGINN:CGLS::k=8 : rdisc=0.814, norm=8.54 
REGINN:CGLS::k=9 : rdisc=0.777, norm=11.0 
REGINN:CGLS::k=10: rdisc=0.706, norm=15.9 
REGINN:CGLS::k=11: rdisc=0.653, norm=19.3 
REGINN:CGLS::Safeguarding: λ=0.863 ⇒ rdisc=0.693
REGINN:CGLS::Target discrepancy reached after 11 iterations.
REGINN::Saving current residual in ./step-0013/
REGINN::Saving current estimate in ./step-0013/
REGINN::i=13: rdisc=0.0171, rnorm=0.505, rerr=0.838
REGINN::-0.779 ≤ estimate ≤ 6.92
REGINN::
REGINN::Solving linear problem using rtol=0.748 and max_iter=20
REGINN:CGLS::k=0 : rdisc=1.00 , norm=0.00 
REGINN:CGLS::k=1 : rdisc=0.991, norm=0.154
REGINN:CGLS::k=2 : rdisc=0.969, norm=0.553
REGINN:CGLS::k=3 : rdisc=0.959, norm=0.774
REGINN:CGLS::k=4 : rdisc=0.945, norm=1.15 
REGINN:CGLS::k=5 : rdisc=0.917, norm=2.14 
REGINN:CGLS::k=6 : rdisc=0.908, norm=2.49 
REGINN:CGLS::k=7 : rdisc=0.894, norm=3.17 
REGINN:CGLS::k=8 : rdisc=0.876, norm=4.16 
REGINN:CGLS::k=9 : rdisc=0.870, norm=4.54 
REGINN:CGLS::k=10: rdisc=0.847, norm=6.02 
REGINN:CGLS::k=11: rdisc=0.805, norm=8.94 
REGINN:CGLS::k=12: rdisc=0.757, norm=12.5 
REGINN:CGLS::k=13: rdisc=0.733, norm=14.2 
REGINN:CGLS::Safeguarding: λ=0.793 ⇒ rdisc=0.748
REGINN:CGLS::Target discrepancy reached after 13 iterations.
REGINN::i=14: rdisc=0.0131, rnorm=0.530, rerr=0.824
REGINN::-0.890 ≤ estimate ≤ 7.17
REGINN::
REGINN::Solving linear problem using rtol=0.787 and max_iter=24
REGINN:CGLS::k=0 : rdisc=1.00 , norm=0.00 
REGINN:CGLS::k=1 : rdisc=0.980, norm=0.129
REGINN:CGLS::k=2 : rdisc=0.977, norm=0.157
REGINN:CGLS::k=3 : rdisc=0.960, norm=0.545
REGINN:CGLS::k=4 : rdisc=0.950, norm=0.882
REGINN:CGLS::k=5 : rdisc=0.932, norm=1.60 
REGINN:CGLS::k=6 : rdisc=0.918, norm=2.23 
REGINN:CGLS::k=7 : rdisc=0.908, norm=2.72 
REGINN:CGLS::k=8 : rdisc=0.907, norm=2.78 
REGINN:CGLS::k=9 : rdisc=0.896, norm=3.35 
REGINN:CGLS::k=10: rdisc=0.887, norm=3.88 
REGINN:CGLS::k=11: rdisc=0.885, norm=4.05 
REGINN:CGLS::k=12: rdisc=0.872, norm=4.95 
REGINN:CGLS::k=13: rdisc=0.859, norm=6.01 
REGINN:CGLS::k=14: rdisc=0.853, norm=6.48 
REGINN:CGLS::k=15: rdisc=0.841, norm=7.52 
REGINN:CGLS::k=16: rdisc=0.828, norm=8.70 
REGINN:CGLS::k=17: rdisc=0.775, norm=13.6 
REGINN:CGLS::Safeguarding: λ=0.471 ⇒ rdisc=0.787
REGINN:CGLS::Target discrepancy reached after 17 iterations.
REGINN::i=15: rdisc=0.0104, rnorm=0.544, rerr=0.809
REGINN::-0.960 ≤ estimate ≤ 6.90
REGINN::
REGINN::Solving linear problem using rtol=0.962 and max_iter=30
REGINN:CGLS::k=0 : rdisc=1.00 , norm=0.00 
REGINN:CGLS::k=1 : rdisc=0.997, norm=0.0367
REGINN:CGLS::k=2 : rdisc=0.993, norm=0.0983
REGINN:CGLS::k=3 : rdisc=0.983, norm=0.306
REGINN:CGLS::k=4 : rdisc=0.973, norm=0.647
REGINN:CGLS::k=5 : rdisc=0.968, norm=0.836
REGINN:CGLS::k=6 : rdisc=0.963, norm=1.09 
REGINN:CGLS::k=7 : rdisc=0.959, norm=1.28 
REGINN:CGLS::Safeguarding: λ=0.829 ⇒ rdisc=0.962
REGINN:CGLS::Target discrepancy reached after 7 iterations.
REGINN::i=16: rdisc=0.0100, rnorm=0.545, rerr=0.808
REGINN::-0.978 ≤ estimate ≤ 6.87
REGINN::
REGINN::Solving linear problem using rtol=0.999 and max_iter=24
REGINN:CGLS::k=0 : rdisc=1.00 , norm=0.00 
REGINN:CGLS::k=1 : rdisc=0.999, norm=0.0191
REGINN:CGLS::k=2 : rdisc=0.998, norm=0.0853
REGINN:CGLS::Safeguarding: λ=0.868 ⇒ rdisc=0.999
REGINN:CGLS::Target discrepancy reached after 2 iterations.
REGINN::i=17: rdisc=0.00999, rnorm=0.545, rerr=0.808
REGINN::-0.977 ≤ estimate ≤ 6.87
REGINN::
REGINN::Saving current residual in ./step-0017/
REGINN::Saving current estimate in ./step-0017/
REGINN::Target discrepancy reached after 17 iterations.
REGINN::-0.977 ≤ estimate ≤ 6.87
Relative H¹([0, T], H¹(Ω)) error of the reconstruction: 0.808
reconstruction error in other norms: 
Relative (ℝⁿ, ‖·‖₂) error of the reconstruction: 0.544
Relative L²([0,T], L²(Ω)) error of the reconstruction: 0.514
Relative H¹([0,T], L²(Ω)) error of the reconstruction: 0.855
Relative H¹([0, T], H¹(Ω)) error of the reconstruction: 0.808
Relative H²([0,T], L²(Ω)) error of the reconstruction: 1.98
Relative H¹([0, T], H¹(Ω)) error of (reconstruction - initial guess): 0.808
reconstruction error in other norms: 
Relative (ℝⁿ, ‖·‖₂) error of (reconstruction - initial guess): 0.544
Relative L²([0,T], L²(Ω)) error of (reconstruction - initial guess): 0.514
Relative H¹([0,T], L²(Ω)) error of (reconstruction - initial guess): 0.855
Relative H¹([0, T], H¹(Ω)) error of (reconstruction - initial guess): 0.808
Relative H²([0,T], L²(Ω)) error of (reconstruction - initial guess): 1.98
stats::forward              : 19 calls, average 1.4s per call
stats::linearization forward: 84 calls, average 1.3s per call
stats::linearization adjoint: 84 calls, average 1.9s per call
stats::measure forward      : 103 calls, average 843.8µs per call
stats::measure adjoint      : 84 calls, average 488.2µs per call
stats::total wall time      : 5min 29s
