JobId thies-arch1 Wed Mar 21 14:17:46 2018
wavepi 76c36a0a
Release-Build, compiled on 2018-03-21T13:06:21Z from commit 76c36a0ab1ae287044d62313a4f0b1040e0262bb ("cosmetics") on branch banach

initialize_mesh::Number of active cells: 1024
initialize_mesh::Number of degrees of freedom in the first spatial mesh: 1089
initialize_mesh::cell diameters: minimal = 0.354, maximal = 0.354
initialize_mesh::dt: 0.0235
initialize_mesh::expected size of a DiscretizedFunction<2>: 2.13 MiB
Initializing problem
Generating synthetic data (inverse crime)
wall time for data synthesis        : 1.1s
wall time for mesh and problem init : 4.3ms
parameters:LogTransform::lower bound: 0.0
parameters:WaveEquation::max iter: 10000
parameters:WaveEquation::theta: 0.5
parameters:WaveEquation::tol: 1e-8
parameters:constraints::lower bound: -1e300
parameters:constraints::upper bound: 1e300
parameters:general::dimension: 2
parameters:general::finite element degree: 1
parameters:general::quadrature order: 3
parameters:inversion::method: NonlinearLandweber
parameters:inversion::tau: 2
parameters:log::console depth: 2
parameters:log::file: wavepi.log
parameters:log::file depth: 6
parameters:log::file depth mpi: 4
parameters:mesh::end time: 6
parameters:mesh::initial refines: 5
parameters:mesh::initial time steps: 256
parameters:output::data: true
parameters:output::destination: ./step-{{i}}/
parameters:output::discrepancy decrease: 0.25
parameters:output::estimate: true
parameters:output::estimate transformed: false
parameters:output::exact: true
parameters:output::exact transformed: false
parameters:output::interval: 0
parameters:output::last: true
parameters:output::residual: true
parameters:output::statistics: history
parameters:problem::H1H1 beta: 0.5
parameters:problem::H1H1 gamma: 0.5
parameters:problem::H1L2 alpha: 0.5
parameters:problem::H2L2 alpha: 0.5
parameters:problem::H2L2 beta: 0.25
parameters:problem::H2L2+L2H1 alpha: 0.5
parameters:problem::H2L2+L2H1 beta: 0.25
parameters:problem::H2L2+L2H1 gamma: 0.5
parameters:problem::constants: 
parameters:problem::epsilon: 1e-2
parameters:problem::initial guess: 0.0
parameters:problem::norm of codomain: L2L2
parameters:problem::norm of domain: H1L2
parameters:problem::parameter a: 1.0
parameters:problem::parameter c: 2.0
parameters:problem::parameter nu: 0.0
parameters:problem::parameter q: 2*if(norm{x|y|z} < 2.0, 2.0+abs(sin(t)), 0.0)
parameters:problem::transform: Identity
parameters:problem::type: q
parameters:watchdog::discrepancy increasing: false
parameters:watchdog::discrepancy slope min values: 40
parameters:watchdog::discrepancy slope percentage: 0.25
parameters:watchdog::discrepancy slope threshold: 0.0
parameters:watchdog::discrepancy threshold: 10.0
parameters:watchdog::maximum iteration count: 0
Landweber::Saving exact parameter in ./step-0000/
Landweber::Saving data in ./step-0000/
Landweber::i=0 : rdisc=1.37 , rnorm=0.00 , rerr=1.00 
Landweber::0.00 ≤ estimate ≤ 0.00
Landweber::i=1 : rdisc=1.37 , rnorm=1.67e-11, rerr=1.00 
Landweber::-3.00e-40 ≤ estimate ≤ 2.56e-09
Landweber::i=2 : rdisc=1.37 , rnorm=1.71e-08, rerr=1.00 
Landweber::-3.07e-37 ≤ estimate ≤ 2.62e-06
Landweber::i=3 : rdisc=1.37 , rnorm=9.87e-07, rerr=1.00 
Landweber::-1.77e-35 ≤ estimate ≤ 0.000151
Landweber::i=4 : rdisc=1.37 , rnorm=1.75e-05, rerr=1.00 
Landweber::-3.15e-34 ≤ estimate ≤ 0.00268
Landweber::i=5 : rdisc=1.37 , rnorm=0.000163, rerr=1.00 
Landweber::-2.93e-33 ≤ estimate ≤ 0.0250
Landweber::i=6 : rdisc=1.37 , rnorm=0.00101, rerr=1.00 
Landweber::-1.82e-32 ≤ estimate ≤ 0.154
Landweber::i=7 : rdisc=1.37 , rnorm=0.00468, rerr=1.00 
Landweber::-8.48e-32 ≤ estimate ≤ 0.716
Landweber::i=8 : rdisc=1.35 , rnorm=0.0173, rerr=1.00 
Landweber::-3.22e-31 ≤ estimate ≤ 2.64
Landweber::i=9 : rdisc=1.32 , rnorm=0.0514, rerr=1.00 
Landweber::-1.04e-30 ≤ estimate ≤ 7.82
Landweber::i=10: rdisc=1.26 , rnorm=0.118, rerr=1.00 
Landweber::-2.97e-30 ≤ estimate ≤ 17.8
Landweber::i=11: rdisc=1.19 , rnorm=0.206, rerr=1.02 
Landweber::-7.51e-30 ≤ estimate ≤ 30.4
Landweber::i=12: rdisc=1.14 , rnorm=0.292, rerr=1.03 
Landweber::-1.71e-29 ≤ estimate ≤ 41.8
Landweber::i=13: rdisc=1.10 , rnorm=0.368, rerr=1.06 
Landweber::-3.50e-29 ≤ estimate ≤ 51.3
Landweber::i=14: rdisc=1.08 , rnorm=0.438, rerr=1.08 
Landweber::-6.58e-29 ≤ estimate ≤ 59.6
Landweber::i=15: rdisc=1.06 , rnorm=0.507, rerr=1.11 
Landweber::-1.15e-28 ≤ estimate ≤ 67.8
Landweber::i=16: rdisc=1.05 , rnorm=0.579, rerr=1.14 
Landweber::-1.90e-28 ≤ estimate ≤ 76.7
Landweber::i=17: rdisc=1.04 , rnorm=0.659, rerr=1.18 
Landweber::-2.95e-28 ≤ estimate ≤ 87.0
Landweber::i=18: rdisc=1.03 , rnorm=0.752, rerr=1.23 
Landweber::-4.39e-28 ≤ estimate ≤ 99.5
Landweber::i=19: rdisc=1.02 , rnorm=0.861, rerr=1.30 
Landweber::-6.20e-28 ≤ estimate ≤ 115.
Landweber::i=20: rdisc=1.01 , rnorm=0.990, rerr=1.39 
Landweber::-8.35e-28 ≤ estimate ≤ 132.
Landweber::i=21: rdisc=0.991, rnorm=1.13 , rerr=1.49 
Landweber::-1.07e-27 ≤ estimate ≤ 151.
Landweber::i=22: rdisc=0.968, rnorm=1.28 , rerr=1.60 
Landweber::-1.32e-27 ≤ estimate ≤ 169.
Landweber::i=23: rdisc=0.941, rnorm=1.43 , rerr=1.71 
Landweber::-1.56e-27 ≤ estimate ≤ 186.
Landweber::i=24: rdisc=0.912, rnorm=1.56 , rerr=1.82 
Landweber::-1.78e-27 ≤ estimate ≤ 199.
Landweber::i=25: rdisc=0.883, rnorm=1.67 , rerr=1.91 
Landweber::-1.99e-27 ≤ estimate ≤ 210.
Landweber::i=26: rdisc=0.856, rnorm=1.77 , rerr=1.99 
Landweber::-2.17e-27 ≤ estimate ≤ 220.
Landweber::i=27: rdisc=0.832, rnorm=1.85 , rerr=2.07 
Landweber::-2.34e-27 ≤ estimate ≤ 228.
Landweber::i=28: rdisc=0.810, rnorm=1.93 , rerr=2.13 
Landweber::-2.48e-27 ≤ estimate ≤ 235.
Landweber::i=29: rdisc=0.791, rnorm=1.99 , rerr=2.19 
Landweber::-2.62e-27 ≤ estimate ≤ 243.
Landweber::i=30: rdisc=0.773, rnorm=2.06 , rerr=2.25 
Landweber::-2.74e-27 ≤ estimate ≤ 250.
Landweber::i=31: rdisc=0.758, rnorm=2.11 , rerr=2.30 
Landweber::-2.85e-27 ≤ estimate ≤ 257.
Landweber::i=32: rdisc=0.744, rnorm=2.16 , rerr=2.34 
Landweber::-2.95e-27 ≤ estimate ≤ 263.
Landweber::i=33: rdisc=0.732, rnorm=2.21 , rerr=2.39 
Landweber::-3.05e-27 ≤ estimate ≤ 270.
Landweber::i=34: rdisc=0.721, rnorm=2.26 , rerr=2.43 
Landweber::-3.13e-27 ≤ estimate ≤ 276.
Landweber::i=35: rdisc=0.711, rnorm=2.30 , rerr=2.47 
Landweber::-3.21e-27 ≤ estimate ≤ 282.
Landweber::i=36: rdisc=0.702, rnorm=2.35 , rerr=2.51 
Landweber::-3.29e-27 ≤ estimate ≤ 288.
Landweber::i=37: rdisc=0.695, rnorm=2.39 , rerr=2.54 
Landweber::-3.36e-27 ≤ estimate ≤ 293.
Landweber::i=38: rdisc=0.688, rnorm=2.42 , rerr=2.58 
Landweber::-3.42e-27 ≤ estimate ≤ 299.
Landweber::i=39: rdisc=0.682, rnorm=2.46 , rerr=2.61 
Landweber::-3.48e-27 ≤ estimate ≤ 304.
Landweber::i=40: rdisc=0.676, rnorm=2.50 , rerr=2.65 
Landweber::-3.53e-27 ≤ estimate ≤ 309.
Landweber::i=41: rdisc=0.671, rnorm=2.53 , rerr=2.68 
Landweber::-3.58e-27 ≤ estimate ≤ 314.
Landweber::i=42: rdisc=0.667, rnorm=2.56 , rerr=2.71 
Landweber::-3.63e-27 ≤ estimate ≤ 318.
Landweber::i=43: rdisc=0.663, rnorm=2.59 , rerr=2.74 
Landweber::-3.68e-27 ≤ estimate ≤ 322.
Landweber::i=44: rdisc=0.660, rnorm=2.62 , rerr=2.76 
Landweber::-3.72e-27 ≤ estimate ≤ 326.
Landweber::i=45: rdisc=0.656, rnorm=2.65 , rerr=2.79 
Landweber::-3.76e-27 ≤ estimate ≤ 330.
Landweber::i=46: rdisc=0.653, rnorm=2.68 , rerr=2.82 
Landweber::-3.80e-27 ≤ estimate ≤ 334.
Landweber::i=47: rdisc=0.651, rnorm=2.71 , rerr=2.84 
Landweber::-3.83e-27 ≤ estimate ≤ 337.
Landweber::i=48: rdisc=0.648, rnorm=2.74 , rerr=2.87 
Landweber::-3.87e-27 ≤ estimate ≤ 340.
Landweber::i=49: rdisc=0.646, rnorm=2.76 , rerr=2.89 
Landweber::-3.90e-27 ≤ estimate ≤ 343.
Landweber::i=50: rdisc=0.644, rnorm=2.79 , rerr=2.91 
Landweber::-3.92e-27 ≤ estimate ≤ 346.
Landweber::i=51: rdisc=0.642, rnorm=2.81 , rerr=2.94 
Landweber::-3.95e-27 ≤ estimate ≤ 348.
Landweber::i=52: rdisc=0.640, rnorm=2.83 , rerr=2.96 
Landweber::-3.97e-27 ≤ estimate ≤ 351.
Landweber::i=53: rdisc=0.639, rnorm=2.85 , rerr=2.98 
Landweber::-3.99e-27 ≤ estimate ≤ 353.
Landweber::i=54: rdisc=0.637, rnorm=2.88 , rerr=3.00 
Landweber::-4.01e-27 ≤ estimate ≤ 355.
Landweber::i=55: rdisc=0.635, rnorm=2.90 , rerr=3.02 
Landweber::-4.03e-27 ≤ estimate ≤ 357.
Landweber::i=56: rdisc=0.634, rnorm=2.92 , rerr=3.04 
Landweber::-4.04e-27 ≤ estimate ≤ 358.
Landweber::i=57: rdisc=0.633, rnorm=2.94 , rerr=3.06 
Landweber::-4.05e-27 ≤ estimate ≤ 360.
Landweber::i=58: rdisc=0.631, rnorm=2.96 , rerr=3.08 
Landweber::-4.06e-27 ≤ estimate ≤ 361.
Landweber::i=59: rdisc=0.630, rnorm=2.98 , rerr=3.10 
Landweber::-4.07e-27 ≤ estimate ≤ 362.
Landweber::i=60: rdisc=0.629, rnorm=3.00 , rerr=3.11 
Landweber::-4.08e-27 ≤ estimate ≤ 363.
Landweber::i=61: rdisc=0.628, rnorm=3.02 , rerr=3.13 
Landweber::-4.09e-27 ≤ estimate ≤ 364.
Landweber::i=62: rdisc=0.627, rnorm=3.03 , rerr=3.15 
Landweber::-4.09e-27 ≤ estimate ≤ 365.
Landweber::i=63: rdisc=0.626, rnorm=3.05 , rerr=3.17 
Landweber::-4.09e-27 ≤ estimate ≤ 366.
Landweber::i=64: rdisc=0.625, rnorm=3.07 , rerr=3.18 
Landweber::-4.09e-27 ≤ estimate ≤ 367.
Landweber::i=65: rdisc=0.624, rnorm=3.09 , rerr=3.20 
Landweber::-4.09e-27 ≤ estimate ≤ 367.
Landweber::i=66: rdisc=0.623, rnorm=3.11 , rerr=3.22 
Landweber::-4.09e-27 ≤ estimate ≤ 367.
Landweber::i=67: rdisc=0.622, rnorm=3.12 , rerr=3.23 
Landweber::-4.09e-27 ≤ estimate ≤ 368.
Landweber::i=68: rdisc=0.621, rnorm=3.14 , rerr=3.25 
Landweber::-4.08e-27 ≤ estimate ≤ 368.
Landweber::i=69: rdisc=0.620, rnorm=3.16 , rerr=3.26 
Landweber::-4.07e-27 ≤ estimate ≤ 368.
Landweber::i=70: rdisc=0.619, rnorm=3.17 , rerr=3.28 
Landweber::-4.07e-27 ≤ estimate ≤ 368.
Landweber::i=71: rdisc=0.619, rnorm=3.19 , rerr=3.30 
Landweber::-4.06e-27 ≤ estimate ≤ 368.
Landweber::i=72: rdisc=0.618, rnorm=3.21 , rerr=3.31 
Landweber::-4.05e-27 ≤ estimate ≤ 367.
Landweber::i=73: rdisc=0.617, rnorm=3.23 , rerr=3.33 
Landweber::-4.04e-27 ≤ estimate ≤ 367.
Landweber::i=74: rdisc=0.616, rnorm=3.24 , rerr=3.34 
Landweber::-4.02e-27 ≤ estimate ≤ 366.
Landweber::i=75: rdisc=0.615, rnorm=3.26 , rerr=3.36 
Landweber::-4.01e-27 ≤ estimate ≤ 366.
Landweber::i=76: rdisc=0.614, rnorm=3.28 , rerr=3.38 
Landweber::-3.99e-27 ≤ estimate ≤ 365.
Landweber::i=77: rdisc=0.614, rnorm=3.29 , rerr=3.39 
Landweber::-3.97e-27 ≤ estimate ≤ 365.
Landweber::i=78: rdisc=0.613, rnorm=3.31 , rerr=3.41 
Landweber::-3.96e-27 ≤ estimate ≤ 364.
Landweber::i=79: rdisc=0.612, rnorm=3.33 , rerr=3.43 
Landweber::-3.94e-27 ≤ estimate ≤ 363.
Landweber::i=80: rdisc=0.611, rnorm=3.34 , rerr=3.44 
Landweber::-3.91e-27 ≤ estimate ≤ 362.
Landweber::i=81: rdisc=0.611, rnorm=3.36 , rerr=3.46 
Landweber::-3.89e-27 ≤ estimate ≤ 361.
Landweber::i=82: rdisc=0.610, rnorm=3.38 , rerr=3.47 
Landweber::-3.87e-27 ≤ estimate ≤ 360.
Landweber::i=83: rdisc=0.609, rnorm=3.40 , rerr=3.49 
Landweber::-3.84e-27 ≤ estimate ≤ 359.
Landweber::i=84: rdisc=0.608, rnorm=3.41 , rerr=3.51 
Landweber::-3.82e-27 ≤ estimate ≤ 358.
Landweber::i=85: rdisc=0.608, rnorm=3.43 , rerr=3.53 
Landweber::-3.79e-27 ≤ estimate ≤ 356.
Landweber::i=86: rdisc=0.607, rnorm=3.45 , rerr=3.54 
Landweber::-3.76e-27 ≤ estimate ≤ 355.
Landweber::i=87: rdisc=0.606, rnorm=3.47 , rerr=3.56 
Landweber::-3.74e-27 ≤ estimate ≤ 354.
Landweber::i=88: rdisc=0.605, rnorm=3.49 , rerr=3.58 
Landweber::-3.71e-27 ≤ estimate ≤ 352.
Landweber::i=89: rdisc=0.605, rnorm=3.50 , rerr=3.60 
Landweber::-3.68e-27 ≤ estimate ≤ 351.
Landweber::i=90: rdisc=0.604, rnorm=3.52 , rerr=3.61 
Landweber::-3.65e-27 ≤ estimate ≤ 349.
Landweber::i=91: rdisc=0.603, rnorm=3.54 , rerr=3.63 
Landweber::-3.61e-27 ≤ estimate ≤ 348.
Landweber::i=92: rdisc=0.602, rnorm=3.56 , rerr=3.65 
Landweber::-3.60e-27 ≤ estimate ≤ 346.
Landweber::i=93: rdisc=0.602, rnorm=3.58 , rerr=3.67 
Landweber::-4.02e-27 ≤ estimate ≤ 345.
Landweber::i=94: rdisc=0.601, rnorm=3.60 , rerr=3.69 
Landweber::-4.47e-27 ≤ estimate ≤ 343.
Landweber::i=95: rdisc=0.600, rnorm=3.62 , rerr=3.71 
Landweber::-4.97e-27 ≤ estimate ≤ 342.
Landweber::i=96: rdisc=0.599, rnorm=3.64 , rerr=3.73 
Landweber::-5.52e-27 ≤ estimate ≤ 340.
Landweber::i=97: rdisc=0.599, rnorm=3.66 , rerr=3.74 
Landweber::-6.11e-27 ≤ estimate ≤ 338.
Landweber::i=98: rdisc=0.598, rnorm=3.68 , rerr=3.76 
Landweber::-6.76e-27 ≤ estimate ≤ 337.
Landweber::i=99: rdisc=0.597, rnorm=3.70 , rerr=3.78 
Landweber::-7.47e-27 ≤ estimate ≤ 335.
Landweber::i=100: rdisc=0.596, rnorm=3.72 , rerr=3.80 
Landweber::-8.24e-27 ≤ estimate ≤ 333.
Landweber::i=101: rdisc=0.596, rnorm=3.74 , rerr=3.82 
Landweber::-9.10e-27 ≤ estimate ≤ 331.
Landweber::i=102: rdisc=0.595, rnorm=3.76 , rerr=3.84 
Landweber::-1.00e-26 ≤ estimate ≤ 329.
Landweber::i=103: rdisc=0.594, rnorm=3.78 , rerr=3.86 
Landweber::-1.11e-26 ≤ estimate ≤ 328.
Landweber::i=104: rdisc=0.593, rnorm=3.80 , rerr=3.88 
Landweber::-1.22e-26 ≤ estimate ≤ 326.
Landweber::i=105: rdisc=0.593, rnorm=3.83 , rerr=3.90 
Landweber::-1.34e-26 ≤ estimate ≤ 324.
Landweber::i=106: rdisc=0.592, rnorm=3.85 , rerr=3.93 
Landweber::-1.47e-26 ≤ estimate ≤ 322.
Landweber::i=107: rdisc=0.591, rnorm=3.87 , rerr=3.95 
Landweber::-1.61e-26 ≤ estimate ≤ 320.
Landweber::i=108: rdisc=0.591, rnorm=3.89 , rerr=3.97 
Landweber::-1.76e-26 ≤ estimate ≤ 319.
Landweber::i=109: rdisc=0.590, rnorm=3.91 , rerr=3.99 
Landweber::-1.92e-26 ≤ estimate ≤ 317.
Landweber::i=110: rdisc=0.589, rnorm=3.93 , rerr=4.01 
Landweber::-2.10e-26 ≤ estimate ≤ 315.
Landweber::i=111: rdisc=0.588, rnorm=3.95 , rerr=4.03 
Landweber::-2.29e-26 ≤ estimate ≤ 313.
Landweber::i=112: rdisc=0.588, rnorm=3.98 , rerr=4.05 
Landweber::-2.49e-26 ≤ estimate ≤ 311.
Landweber::i=113: rdisc=0.587, rnorm=4.00 , rerr=4.07 
Landweber::-2.71e-26 ≤ estimate ≤ 309.
Landweber::i=114: rdisc=0.586, rnorm=4.02 , rerr=4.09 
Landweber::-2.94e-26 ≤ estimate ≤ 308.
Landweber::i=115: rdisc=0.586, rnorm=4.04 , rerr=4.11 
Landweber::-3.19e-26 ≤ estimate ≤ 306.
Landweber::i=116: rdisc=0.585, rnorm=4.06 , rerr=4.13 
Landweber::-3.46e-26 ≤ estimate ≤ 304.
Landweber::i=117: rdisc=0.584, rnorm=4.08 , rerr=4.15 
Landweber::-3.75e-26 ≤ estimate ≤ 302.
Landweber::i=118: rdisc=0.584, rnorm=4.11 , rerr=4.18 
Landweber::-4.06e-26 ≤ estimate ≤ 300.
Landweber::i=119: rdisc=0.583, rnorm=4.13 , rerr=4.20 
Landweber::-4.39e-26 ≤ estimate ≤ 299.
Landweber::i=120: rdisc=0.582, rnorm=4.15 , rerr=4.22 
Landweber::-4.74e-26 ≤ estimate ≤ 297.
Landweber::i=121: rdisc=0.582, rnorm=4.17 , rerr=4.24 
Landweber::-5.12e-26 ≤ estimate ≤ 295.
Landweber::i=122: rdisc=0.581, rnorm=4.19 , rerr=4.26 
Landweber::-5.51e-26 ≤ estimate ≤ 293.
Landweber::i=123: rdisc=0.580, rnorm=4.21 , rerr=4.28 
Landweber::-5.94e-26 ≤ estimate ≤ 292.
Landweber::i=124: rdisc=0.580, rnorm=4.23 , rerr=4.30 
Landweber::-6.39e-26 ≤ estimate ≤ 290.
Landweber::i=125: rdisc=0.579, rnorm=4.25 , rerr=4.32 
Landweber::-6.87e-26 ≤ estimate ≤ 291.
Landweber::i=126: rdisc=0.578, rnorm=4.27 , rerr=4.34 
Landweber::-7.38e-26 ≤ estimate ≤ 294.
Landweber::i=127: rdisc=0.578, rnorm=4.29 , rerr=4.36 
Landweber::-7.92e-26 ≤ estimate ≤ 296.
Landweber::i=128: rdisc=0.577, rnorm=4.32 , rerr=4.38 
Landweber::-8.49e-26 ≤ estimate ≤ 299.
Landweber::i=129: rdisc=0.577, rnorm=4.34 , rerr=4.40 
Landweber::-9.09e-26 ≤ estimate ≤ 301.
Landweber::i=130: rdisc=0.576, rnorm=4.36 , rerr=4.42 
Landweber::-9.73e-26 ≤ estimate ≤ 303.
Landweber::i=131: rdisc=0.575, rnorm=4.38 , rerr=4.44 
Landweber::-1.04e-25 ≤ estimate ≤ 306.
Landweber::i=132: rdisc=0.575, rnorm=4.40 , rerr=4.46 
Landweber::-1.11e-25 ≤ estimate ≤ 308.
Landweber::i=133: rdisc=0.574, rnorm=4.42 , rerr=4.48 
Landweber::-1.19e-25 ≤ estimate ≤ 310.
Landweber::i=134: rdisc=0.574, rnorm=4.43 , rerr=4.50 
Landweber::-1.27e-25 ≤ estimate ≤ 313.
Landweber::i=135: rdisc=0.573, rnorm=4.45 , rerr=4.52 
Landweber::-1.35e-25 ≤ estimate ≤ 315.
Landweber::i=136: rdisc=0.572, rnorm=4.47 , rerr=4.53 
Landweber::-1.44e-25 ≤ estimate ≤ 317.
Landweber::i=137: rdisc=0.572, rnorm=4.49 , rerr=4.55 
Landweber::-1.54e-25 ≤ estimate ≤ 320.
Landweber::i=138: rdisc=0.571, rnorm=4.51 , rerr=4.57 
Landweber::-1.63e-25 ≤ estimate ≤ 322.
Landweber::i=139: rdisc=0.571, rnorm=4.53 , rerr=4.59 
Landweber::-1.74e-25 ≤ estimate ≤ 324.
Landweber::i=140: rdisc=0.570, rnorm=4.55 , rerr=4.61 
Landweber::-1.85e-25 ≤ estimate ≤ 326.
Landweber::i=141: rdisc=0.570, rnorm=4.57 , rerr=4.62 
Landweber::-1.96e-25 ≤ estimate ≤ 328.
Landweber::i=142: rdisc=0.569, rnorm=4.58 , rerr=4.64 
Landweber::-2.09e-25 ≤ estimate ≤ 330.
Landweber::i=143: rdisc=0.569, rnorm=4.60 , rerr=4.66 
Landweber::-2.22e-25 ≤ estimate ≤ 332.
Landweber::i=144: rdisc=0.568, rnorm=4.62 , rerr=4.68 
Landweber::-2.36e-25 ≤ estimate ≤ 334.
Landweber::i=145: rdisc=0.568, rnorm=4.64 , rerr=4.69 
Landweber::-2.51e-25 ≤ estimate ≤ 336.
Landweber::i=146: rdisc=0.567, rnorm=4.65 , rerr=4.71 
Landweber::-2.66e-25 ≤ estimate ≤ 338.
Landweber::i=147: rdisc=0.567, rnorm=4.67 , rerr=4.73 
Landweber::-2.82e-25 ≤ estimate ≤ 340.
Landweber::i=148: rdisc=0.566, rnorm=4.69 , rerr=4.74 
Landweber::-2.99e-25 ≤ estimate ≤ 342.
Landweber::i=149: rdisc=0.566, rnorm=4.70 , rerr=4.76 
Landweber::-3.16e-25 ≤ estimate ≤ 344.
Landweber::i=150: rdisc=0.565, rnorm=4.72 , rerr=4.78 
Landweber::-3.35e-25 ≤ estimate ≤ 346.
Landweber::i=151: rdisc=0.565, rnorm=4.74 , rerr=4.79 
Landweber::-3.54e-25 ≤ estimate ≤ 348.
Landweber::i=152: rdisc=0.564, rnorm=4.75 , rerr=4.81 
Landweber::-3.75e-25 ≤ estimate ≤ 350.
Landweber::i=153: rdisc=0.564, rnorm=4.77 , rerr=4.82 
Landweber::-3.96e-25 ≤ estimate ≤ 352.
Landweber::i=154: rdisc=0.564, rnorm=4.79 , rerr=4.84 
Landweber::-4.19e-25 ≤ estimate ≤ 353.
Landweber::i=155: rdisc=0.563, rnorm=4.80 , rerr=4.85 
Landweber::-4.42e-25 ≤ estimate ≤ 355.
Landweber::i=156: rdisc=0.563, rnorm=4.82 , rerr=4.87 
Landweber::-4.66e-25 ≤ estimate ≤ 357.
Landweber::i=157: rdisc=0.562, rnorm=4.83 , rerr=4.88 
Landweber::-4.92e-25 ≤ estimate ≤ 359.
Landweber::i=158: rdisc=0.562, rnorm=4.85 , rerr=4.90 
Landweber::-5.19e-25 ≤ estimate ≤ 360.
Landweber::i=159: rdisc=0.561, rnorm=4.86 , rerr=4.91 
Landweber::-5.47e-25 ≤ estimate ≤ 362.
Landweber::i=160: rdisc=0.561, rnorm=4.88 , rerr=4.93 
Landweber::-5.76e-25 ≤ estimate ≤ 364.
Landweber::i=161: rdisc=0.561, rnorm=4.89 , rerr=4.94 
Landweber::-6.06e-25 ≤ estimate ≤ 365.
Landweber::i=162: rdisc=0.560, rnorm=4.90 , rerr=4.96 
Landweber::-6.38e-25 ≤ estimate ≤ 367.
Landweber::i=163: rdisc=0.560, rnorm=4.92 , rerr=4.97 
Landweber::-6.71e-25 ≤ estimate ≤ 368.
Landweber::i=164: rdisc=0.559, rnorm=4.93 , rerr=4.98 
Landweber::-7.05e-25 ≤ estimate ≤ 370.
Landweber::i=165: rdisc=0.559, rnorm=4.95 , rerr=5.00 
Landweber::-7.41e-25 ≤ estimate ≤ 372.
Landweber::i=166: rdisc=0.559, rnorm=4.96 , rerr=5.01 
Landweber::-7.79e-25 ≤ estimate ≤ 373.
Landweber::i=167: rdisc=0.558, rnorm=4.97 , rerr=5.02 
Landweber::-8.18e-25 ≤ estimate ≤ 375.
Landweber::i=168: rdisc=0.558, rnorm=4.99 , rerr=5.04 
Landweber::-8.59e-25 ≤ estimate ≤ 376.
Landweber::i=169: rdisc=0.558, rnorm=5.00 , rerr=5.05 
Landweber::-9.01e-25 ≤ estimate ≤ 377.
Landweber::i=170: rdisc=0.557, rnorm=5.01 , rerr=5.06 
Landweber::-9.45e-25 ≤ estimate ≤ 379.
Landweber::i=171: rdisc=0.557, rnorm=5.02 , rerr=5.07 
Landweber::-9.91e-25 ≤ estimate ≤ 380.
Landweber::i=172: rdisc=0.557, rnorm=5.04 , rerr=5.09 
Landweber::-1.04e-24 ≤ estimate ≤ 382.
Landweber::i=173: rdisc=0.556, rnorm=5.05 , rerr=5.10 
Landweber::-1.09e-24 ≤ estimate ≤ 383.
Landweber::i=174: rdisc=0.556, rnorm=5.06 , rerr=5.11 
Landweber::-1.14e-24 ≤ estimate ≤ 384.
Landweber::i=175: rdisc=0.556, rnorm=5.07 , rerr=5.12 
Landweber::-1.19e-24 ≤ estimate ≤ 386.
Landweber::i=176: rdisc=0.555, rnorm=5.08 , rerr=5.13 
Landweber::-1.25e-24 ≤ estimate ≤ 387.
Landweber::i=177: rdisc=0.555, rnorm=5.10 , rerr=5.14 
Landweber::-1.31e-24 ≤ estimate ≤ 388.
Landweber::i=178: rdisc=0.555, rnorm=5.11 , rerr=5.15 
Landweber::-1.37e-24 ≤ estimate ≤ 389.
Landweber::i=179: rdisc=0.554, rnorm=5.12 , rerr=5.17 
Landweber::-1.43e-24 ≤ estimate ≤ 391.
Landweber::i=180: rdisc=0.554, rnorm=5.13 , rerr=5.18 
Landweber::-1.49e-24 ≤ estimate ≤ 392.
Landweber::i=181: rdisc=0.554, rnorm=5.14 , rerr=5.19 
Landweber::-1.56e-24 ≤ estimate ≤ 393.
Landweber::i=182: rdisc=0.553, rnorm=5.15 , rerr=5.20 
Landweber::-1.63e-24 ≤ estimate ≤ 394.
Landweber::i=183: rdisc=0.553, rnorm=5.16 , rerr=5.21 
Landweber::-1.70e-24 ≤ estimate ≤ 395.
Landweber::i=184: rdisc=0.553, rnorm=5.17 , rerr=5.22 
Landweber::-1.78e-24 ≤ estimate ≤ 397.
Landweber::i=185: rdisc=0.553, rnorm=5.18 , rerr=5.23 
Landweber::-1.85e-24 ≤ estimate ≤ 398.
Landweber::i=186: rdisc=0.552, rnorm=5.19 , rerr=5.24 
Landweber::-1.93e-24 ≤ estimate ≤ 399.
Landweber::i=187: rdisc=0.552, rnorm=5.20 , rerr=5.25 
Landweber::-2.02e-24 ≤ estimate ≤ 400.
Landweber::i=188: rdisc=0.552, rnorm=5.21 , rerr=5.26 
Landweber::-2.12e-24 ≤ estimate ≤ 401.
Landweber::i=189: rdisc=0.551, rnorm=5.22 , rerr=5.27 
Landweber::-2.29e-24 ≤ estimate ≤ 402.
Landweber::i=190: rdisc=0.551, rnorm=5.23 , rerr=5.28 
Landweber::-2.48e-24 ≤ estimate ≤ 403.
Landweber::i=191: rdisc=0.551, rnorm=5.24 , rerr=5.29 
Landweber::-2.68e-24 ≤ estimate ≤ 404.
Landweber::i=192: rdisc=0.551, rnorm=5.25 , rerr=5.30 
Landweber::-2.89e-24 ≤ estimate ≤ 405.
Landweber::i=193: rdisc=0.550, rnorm=5.26 , rerr=5.31 
Landweber::-3.11e-24 ≤ estimate ≤ 406.
Landweber::i=194: rdisc=0.550, rnorm=5.27 , rerr=5.31 
Landweber::-3.35e-24 ≤ estimate ≤ 407.
Landweber::i=195: rdisc=0.550, rnorm=5.28 , rerr=5.32 
Landweber::-3.61e-24 ≤ estimate ≤ 408.
Landweber::i=196: rdisc=0.550, rnorm=5.29 , rerr=5.33 
Landweber::-3.88e-24 ≤ estimate ≤ 409.
Landweber::i=197: rdisc=0.549, rnorm=5.30 , rerr=5.34 
Landweber::-4.17e-24 ≤ estimate ≤ 410.
Landweber::i=198: rdisc=0.549, rnorm=5.30 , rerr=5.35 
Landweber::-4.48e-24 ≤ estimate ≤ 411.
Landweber::i=199: rdisc=0.549, rnorm=5.31 , rerr=5.36 
Landweber::-4.81e-24 ≤ estimate ≤ 412.
Landweber::i=200: rdisc=0.549, rnorm=5.32 , rerr=5.37 
Landweber::-5.16e-24 ≤ estimate ≤ 413.
Landweber::i=201: rdisc=0.548, rnorm=5.33 , rerr=5.37 
Landweber::-5.54e-24 ≤ estimate ≤ 413.
Landweber::i=202: rdisc=0.548, rnorm=5.34 , rerr=5.38 
Landweber::-5.94e-24 ≤ estimate ≤ 414.
Landweber::i=203: rdisc=0.548, rnorm=5.35 , rerr=5.39 
Landweber::-6.36e-24 ≤ estimate ≤ 415.
Landweber::i=204: rdisc=0.548, rnorm=5.35 , rerr=5.40 
Landweber::-6.81e-24 ≤ estimate ≤ 416.
Landweber::i=205: rdisc=0.547, rnorm=5.36 , rerr=5.41 
Landweber::-7.28e-24 ≤ estimate ≤ 417.
Landweber::i=206: rdisc=0.547, rnorm=5.37 , rerr=5.41 
Landweber::-7.79e-24 ≤ estimate ≤ 418.
Landweber::i=207: rdisc=0.547, rnorm=5.38 , rerr=5.42 
Landweber::-8.33e-24 ≤ estimate ≤ 418.
Landweber::i=208: rdisc=0.547, rnorm=5.38 , rerr=5.43 
Landweber::-8.89e-24 ≤ estimate ≤ 419.
Landweber::i=209: rdisc=0.547, rnorm=5.39 , rerr=5.43 
Landweber::-9.50e-24 ≤ estimate ≤ 420.
Landweber::i=210: rdisc=0.546, rnorm=5.40 , rerr=5.44 
Landweber::-1.01e-23 ≤ estimate ≤ 421.
Landweber::i=211: rdisc=0.546, rnorm=5.41 , rerr=5.45 
Landweber::-1.08e-23 ≤ estimate ≤ 421.
Landweber::i=212: rdisc=0.546, rnorm=5.41 , rerr=5.46 
Landweber::-1.15e-23 ≤ estimate ≤ 422.
Landweber::i=213: rdisc=0.546, rnorm=5.42 , rerr=5.46 
Landweber::-1.23e-23 ≤ estimate ≤ 423.
Landweber::i=214: rdisc=0.546, rnorm=5.43 , rerr=5.47 
Landweber::-1.31e-23 ≤ estimate ≤ 424.
Landweber::i=215: rdisc=0.545, rnorm=5.43 , rerr=5.48 
Landweber::-1.39e-23 ≤ estimate ≤ 424.
Landweber::i=216: rdisc=0.545, rnorm=5.44 , rerr=5.48 
Landweber::-1.48e-23 ≤ estimate ≤ 425.
Landweber::i=217: rdisc=0.545, rnorm=5.45 , rerr=5.49 
Landweber::-1.58e-23 ≤ estimate ≤ 426.
Landweber::i=218: rdisc=0.545, rnorm=5.45 , rerr=5.50 
Landweber::-1.67e-23 ≤ estimate ≤ 426.
Landweber::i=219: rdisc=0.545, rnorm=5.46 , rerr=5.50 
Landweber::-1.78e-23 ≤ estimate ≤ 427.
Landweber::i=220: rdisc=0.544, rnorm=5.47 , rerr=5.51 
Landweber::-1.89e-23 ≤ estimate ≤ 428.
Landweber::i=221: rdisc=0.544, rnorm=5.47 , rerr=5.51 
Landweber::-2.01e-23 ≤ estimate ≤ 428.
Landweber::i=222: rdisc=0.544, rnorm=5.48 , rerr=5.52 
Landweber::-2.13e-23 ≤ estimate ≤ 429.
Landweber::i=223: rdisc=0.544, rnorm=5.48 , rerr=5.53 
Landweber::-2.26e-23 ≤ estimate ≤ 429.
Landweber::i=224: rdisc=0.544, rnorm=5.49 , rerr=5.53 
Landweber::-2.39e-23 ≤ estimate ≤ 430.
Landweber::i=225: rdisc=0.543, rnorm=5.50 , rerr=5.54 
Landweber::-2.54e-23 ≤ estimate ≤ 430.
Landweber::i=226: rdisc=0.543, rnorm=5.50 , rerr=5.54 
Landweber::-2.69e-23 ≤ estimate ≤ 431.
Landweber::i=227: rdisc=0.543, rnorm=5.51 , rerr=5.55 
Landweber::-2.85e-23 ≤ estimate ≤ 432.
Landweber::i=228: rdisc=0.543, rnorm=5.51 , rerr=5.55 
Landweber::-3.01e-23 ≤ estimate ≤ 432.
Landweber::i=229: rdisc=0.543, rnorm=5.52 , rerr=5.56 
Landweber::-3.19e-23 ≤ estimate ≤ 433.
Landweber::i=230: rdisc=0.543, rnorm=5.52 , rerr=5.56 
Landweber::-3.37e-23 ≤ estimate ≤ 433.
Landweber::i=231: rdisc=0.542, rnorm=5.53 , rerr=5.57 
Landweber::-3.57e-23 ≤ estimate ≤ 434.
Landweber::i=232: rdisc=0.542, rnorm=5.53 , rerr=5.58 
Landweber::-3.77e-23 ≤ estimate ≤ 434.
Landweber::i=233: rdisc=0.542, rnorm=5.54 , rerr=5.58 
Landweber::-3.98e-23 ≤ estimate ≤ 435.
Landweber::i=234: rdisc=0.542, rnorm=5.54 , rerr=5.59 
Landweber::-4.21e-23 ≤ estimate ≤ 435.
Landweber::i=235: rdisc=0.542, rnorm=5.55 , rerr=5.59 
Landweber::-4.44e-23 ≤ estimate ≤ 436.
Landweber::i=236: rdisc=0.541, rnorm=5.55 , rerr=5.59 
Landweber::-4.69e-23 ≤ estimate ≤ 436.
Landweber::i=237: rdisc=0.541, rnorm=5.56 , rerr=5.60 
Landweber::-4.95e-23 ≤ estimate ≤ 437.
Landweber::i=238: rdisc=0.541, rnorm=5.56 , rerr=5.60 
Landweber::-5.22e-23 ≤ estimate ≤ 437.
Landweber::i=239: rdisc=0.541, rnorm=5.57 , rerr=5.61 
Landweber::-5.50e-23 ≤ estimate ≤ 438.
Landweber::i=240: rdisc=0.541, rnorm=5.57 , rerr=5.61 
Landweber::-5.80e-23 ≤ estimate ≤ 438.
Landweber::i=241: rdisc=0.541, rnorm=5.58 , rerr=5.62 
Landweber::-6.11e-23 ≤ estimate ≤ 439.
Landweber::i=242: rdisc=0.540, rnorm=5.58 , rerr=5.62 
Landweber::-6.43e-23 ≤ estimate ≤ 439.
Landweber::i=243: rdisc=0.540, rnorm=5.59 , rerr=5.63 
Landweber::-6.78e-23 ≤ estimate ≤ 439.
Landweber::i=244: rdisc=0.540, rnorm=5.59 , rerr=5.63 
Landweber::-7.13e-23 ≤ estimate ≤ 440.
Landweber::i=245: rdisc=0.540, rnorm=5.60 , rerr=5.64 
Landweber::-7.50e-23 ≤ estimate ≤ 440.
Landweber::i=246: rdisc=0.540, rnorm=5.60 , rerr=5.64 
Landweber::-7.89e-23 ≤ estimate ≤ 441.
Landweber::i=247: rdisc=0.540, rnorm=5.60 , rerr=5.64 
Landweber::-8.30e-23 ≤ estimate ≤ 441.
Landweber::i=248: rdisc=0.540, rnorm=5.61 , rerr=5.65 
Landweber::-8.73e-23 ≤ estimate ≤ 442.
Landweber::i=249: rdisc=0.539, rnorm=5.61 , rerr=5.65 
Landweber::-9.17e-23 ≤ estimate ≤ 442.
Landweber::i=250: rdisc=0.539, rnorm=5.62 , rerr=5.66 
Landweber::-9.64e-23 ≤ estimate ≤ 443.
Landweber::i=251: rdisc=0.539, rnorm=5.62 , rerr=5.66 
Landweber::-1.01e-22 ≤ estimate ≤ 443.
Landweber::i=252: rdisc=0.539, rnorm=5.62 , rerr=5.66 
Landweber::-1.06e-22 ≤ estimate ≤ 443.
Landweber::i=253: rdisc=0.539, rnorm=5.63 , rerr=5.67 
Landweber::-1.12e-22 ≤ estimate ≤ 444.
Landweber::i=254: rdisc=0.539, rnorm=5.63 , rerr=5.67 
Landweber::-1.17e-22 ≤ estimate ≤ 444.
Landweber::i=255: rdisc=0.538, rnorm=5.64 , rerr=5.68 
Landweber::-1.23e-22 ≤ estimate ≤ 444.
Landweber::i=256: rdisc=0.538, rnorm=5.64 , rerr=5.68 
Landweber::-1.29e-22 ≤ estimate ≤ 445.
Landweber::i=257: rdisc=0.538, rnorm=5.64 , rerr=5.68 
Landweber::-1.35e-22 ≤ estimate ≤ 445.
Landweber::i=258: rdisc=0.538, rnorm=5.65 , rerr=5.69 
Landweber::-1.42e-22 ≤ estimate ≤ 446.
Landweber::i=259: rdisc=0.538, rnorm=5.65 , rerr=5.69 
Landweber::-1.48e-22 ≤ estimate ≤ 446.
Landweber::i=260: rdisc=0.538, rnorm=5.65 , rerr=5.69 
Landweber::-1.55e-22 ≤ estimate ≤ 446.
Landweber::i=261: rdisc=0.538, rnorm=5.66 , rerr=5.70 
Landweber::-1.63e-22 ≤ estimate ≤ 447.
Landweber::i=262: rdisc=0.537, rnorm=5.66 , rerr=5.70 
Landweber::-1.71e-22 ≤ estimate ≤ 447.
Landweber::i=263: rdisc=0.537, rnorm=5.66 , rerr=5.70 
Landweber::-1.78e-22 ≤ estimate ≤ 447.
Landweber::i=264: rdisc=0.537, rnorm=5.67 , rerr=5.71 
Landweber::-1.87e-22 ≤ estimate ≤ 448.
Landweber::i=265: rdisc=0.537, rnorm=5.67 , rerr=5.71 
Landweber::-1.95e-22 ≤ estimate ≤ 448.
Landweber::i=266: rdisc=0.537, rnorm=5.67 , rerr=5.71 
Landweber::-2.04e-22 ≤ estimate ≤ 448.
Landweber::i=267: rdisc=0.537, rnorm=5.68 , rerr=5.72 
Landweber::-2.14e-22 ≤ estimate ≤ 448.
Landweber::i=268: rdisc=0.537, rnorm=5.68 , rerr=5.72 
Landweber::-2.24e-22 ≤ estimate ≤ 449.
Landweber::i=269: rdisc=0.536, rnorm=5.68 , rerr=5.72 
Landweber::-2.34e-22 ≤ estimate ≤ 449.
Landweber::i=270: rdisc=0.536, rnorm=5.69 , rerr=5.72 
Landweber::-2.44e-22 ≤ estimate ≤ 449.
Landweber::i=271: rdisc=0.536, rnorm=5.69 , rerr=5.73 
Landweber::-2.55e-22 ≤ estimate ≤ 450.
Landweber::i=272: rdisc=0.536, rnorm=5.69 , rerr=5.73 
Landweber::-2.67e-22 ≤ estimate ≤ 450.
Landweber::i=273: rdisc=0.536, rnorm=5.69 , rerr=5.73 
Landweber::-2.78e-22 ≤ estimate ≤ 450.
Landweber::i=274: rdisc=0.536, rnorm=5.70 , rerr=5.74 
Landweber::-2.91e-22 ≤ estimate ≤ 450.
Landweber::i=275: rdisc=0.536, rnorm=5.70 , rerr=5.74 
Landweber::-3.03e-22 ≤ estimate ≤ 451.
Landweber::i=276: rdisc=0.535, rnorm=5.70 , rerr=5.74 
Landweber::-3.17e-22 ≤ estimate ≤ 451.
Landweber::i=277: rdisc=0.535, rnorm=5.71 , rerr=5.74 
Landweber::-3.30e-22 ≤ estimate ≤ 451.
Landweber::i=278: rdisc=0.535, rnorm=5.71 , rerr=5.75 
Landweber::-3.45e-22 ≤ estimate ≤ 451.
Landweber::i=279: rdisc=0.535, rnorm=5.71 , rerr=5.75 
Landweber::-3.59e-22 ≤ estimate ≤ 452.
Landweber::i=280: rdisc=0.535, rnorm=5.71 , rerr=5.75 
Landweber::-3.75e-22 ≤ estimate ≤ 452.
Landweber::i=281: rdisc=0.535, rnorm=5.72 , rerr=5.76 
Landweber::-3.91e-22 ≤ estimate ≤ 452.
Landweber::i=282: rdisc=0.535, rnorm=5.72 , rerr=5.76 
Landweber::-4.07e-22 ≤ estimate ≤ 452.
Landweber::i=283: rdisc=0.535, rnorm=5.72 , rerr=5.76 
Landweber::-4.24e-22 ≤ estimate ≤ 453.
Landweber::i=284: rdisc=0.534, rnorm=5.72 , rerr=5.76 
Landweber::-4.42e-22 ≤ estimate ≤ 453.
Landweber::i=285: rdisc=0.534, rnorm=5.73 , rerr=5.77 
Landweber::-4.60e-22 ≤ estimate ≤ 453.
Landweber::i=286: rdisc=0.534, rnorm=5.73 , rerr=5.77 
Landweber::-4.79e-22 ≤ estimate ≤ 453.
Landweber::i=287: rdisc=0.534, rnorm=5.73 , rerr=5.77 
Landweber::-4.99e-22 ≤ estimate ≤ 453.
Landweber::i=288: rdisc=0.534, rnorm=5.73 , rerr=5.77 
Landweber::-5.19e-22 ≤ estimate ≤ 454.
Landweber::i=289: rdisc=0.534, rnorm=5.74 , rerr=5.77 
Landweber::-5.41e-22 ≤ estimate ≤ 454.
Landweber::i=290: rdisc=0.534, rnorm=5.74 , rerr=5.78 
Landweber::-5.63e-22 ≤ estimate ≤ 454.
Landweber::i=291: rdisc=0.534, rnorm=5.74 , rerr=5.78 
Landweber::-5.85e-22 ≤ estimate ≤ 454.
Landweber::i=292: rdisc=0.533, rnorm=5.74 , rerr=5.78 
Landweber::-6.09e-22 ≤ estimate ≤ 454.
Landweber::i=293: rdisc=0.533, rnorm=5.75 , rerr=5.78 
Landweber::-6.34e-22 ≤ estimate ≤ 454.
Landweber::i=294: rdisc=0.533, rnorm=5.75 , rerr=5.79 
Landweber::-6.60e-22 ≤ estimate ≤ 455.
Landweber::i=295: rdisc=0.533, rnorm=5.75 , rerr=5.79 
Landweber::-6.87e-22 ≤ estimate ≤ 455.
Landweber::i=296: rdisc=0.533, rnorm=5.75 , rerr=5.79 
Landweber::-7.15e-22 ≤ estimate ≤ 455.
Landweber::i=297: rdisc=0.533, rnorm=5.75 , rerr=5.79 
Landweber::-7.44e-22 ≤ estimate ≤ 455.
Landweber::i=298: rdisc=0.533, rnorm=5.76 , rerr=5.79 
Landweber::-7.73e-22 ≤ estimate ≤ 455.
Landweber::i=299: rdisc=0.533, rnorm=5.76 , rerr=5.80 
Landweber::-8.04e-22 ≤ estimate ≤ 455.
Landweber::i=300: rdisc=0.532, rnorm=5.76 , rerr=5.80 
Landweber::-8.36e-22 ≤ estimate ≤ 456.
Landweber::i=301: rdisc=0.532, rnorm=5.76 , rerr=5.80 
Landweber::-8.69e-22 ≤ estimate ≤ 456.
Landweber::i=302: rdisc=0.532, rnorm=5.76 , rerr=5.80 
Landweber::-9.04e-22 ≤ estimate ≤ 456.
Landweber::i=303: rdisc=0.532, rnorm=5.77 , rerr=5.80 
Landweber::-9.39e-22 ≤ estimate ≤ 456.
Landweber::i=304: rdisc=0.532, rnorm=5.77 , rerr=5.81 
Landweber::-9.76e-22 ≤ estimate ≤ 456.
Landweber::i=305: rdisc=0.532, rnorm=5.77 , rerr=5.81 
Landweber::-1.01e-21 ≤ estimate ≤ 456.
Landweber::i=306: rdisc=0.532, rnorm=5.77 , rerr=5.81 
Landweber::-1.05e-21 ≤ estimate ≤ 456.
Landweber::i=307: rdisc=0.532, rnorm=5.77 , rerr=5.81 
Landweber::-1.09e-21 ≤ estimate ≤ 456.
Landweber::i=308: rdisc=0.531, rnorm=5.78 , rerr=5.81 
Landweber::-1.14e-21 ≤ estimate ≤ 457.
Landweber::i=309: rdisc=0.531, rnorm=5.78 , rerr=5.82 
Landweber::-1.18e-21 ≤ estimate ≤ 457.
Landweber::i=310: rdisc=0.531, rnorm=5.78 , rerr=5.82 
Landweber::-1.22e-21 ≤ estimate ≤ 457.
Landweber::i=311: rdisc=0.531, rnorm=5.78 , rerr=5.82 
Landweber::-1.27e-21 ≤ estimate ≤ 457.
Landweber::i=312: rdisc=0.531, rnorm=5.78 , rerr=5.82 
Landweber::-1.32e-21 ≤ estimate ≤ 457.
Landweber::i=313: rdisc=0.531, rnorm=5.79 , rerr=5.82 
Landweber::-1.37e-21 ≤ estimate ≤ 457.
Landweber::i=314: rdisc=0.531, rnorm=5.79 , rerr=5.83 
Landweber::-1.42e-21 ≤ estimate ≤ 457.
Landweber::i=315: rdisc=0.531, rnorm=5.79 , rerr=5.83 
Landweber::-1.47e-21 ≤ estimate ≤ 457.
Landweber::i=316: rdisc=0.530, rnorm=5.79 , rerr=5.83 
Landweber::-1.52e-21 ≤ estimate ≤ 457.
Landweber::i=317: rdisc=0.530, rnorm=5.79 , rerr=5.83 
Landweber::-1.58e-21 ≤ estimate ≤ 457.
Landweber::i=318: rdisc=0.530, rnorm=5.79 , rerr=5.83 
Landweber::-1.64e-21 ≤ estimate ≤ 458.
Landweber::i=319: rdisc=0.530, rnorm=5.80 , rerr=5.83 
Landweber::-1.70e-21 ≤ estimate ≤ 458.
Landweber::i=320: rdisc=0.530, rnorm=5.80 , rerr=5.84 
Landweber::-1.76e-21 ≤ estimate ≤ 458.
Landweber::i=321: rdisc=0.530, rnorm=5.80 , rerr=5.84 
Landweber::-1.82e-21 ≤ estimate ≤ 458.
Landweber::i=322: rdisc=0.530, rnorm=5.80 , rerr=5.84 
Landweber::-1.89e-21 ≤ estimate ≤ 458.
Landweber::i=323: rdisc=0.530, rnorm=5.80 , rerr=5.84 
Landweber::-1.95e-21 ≤ estimate ≤ 458.
Landweber::i=324: rdisc=0.530, rnorm=5.80 , rerr=5.84 
Landweber::-2.02e-21 ≤ estimate ≤ 458.
Landweber::i=325: rdisc=0.529, rnorm=5.81 , rerr=5.84 
Landweber::-2.10e-21 ≤ estimate ≤ 458.
Landweber::i=326: rdisc=0.529, rnorm=5.81 , rerr=5.85 
Landweber::-2.17e-21 ≤ estimate ≤ 458.
Landweber::i=327: rdisc=0.529, rnorm=5.81 , rerr=5.85 
Landweber::-2.25e-21 ≤ estimate ≤ 458.
Landweber::i=328: rdisc=0.529, rnorm=5.81 , rerr=5.85 
Landweber::-2.32e-21 ≤ estimate ≤ 458.
Landweber::i=329: rdisc=0.529, rnorm=5.81 , rerr=5.85 
Landweber::-2.41e-21 ≤ estimate ≤ 458.
Landweber::i=330: rdisc=0.529, rnorm=5.81 , rerr=5.85 
Landweber::-2.49e-21 ≤ estimate ≤ 458.
Landweber::i=331: rdisc=0.529, rnorm=5.82 , rerr=5.85 
Landweber::-2.57e-21 ≤ estimate ≤ 458.
Landweber::i=332: rdisc=0.529, rnorm=5.82 , rerr=5.85 
Landweber::-2.66e-21 ≤ estimate ≤ 458.
Landweber::i=333: rdisc=0.528, rnorm=5.82 , rerr=5.86 
Landweber::-2.75e-21 ≤ estimate ≤ 458.
Landweber::i=334: rdisc=0.528, rnorm=5.82 , rerr=5.86 
Landweber::-2.85e-21 ≤ estimate ≤ 459.
Landweber::i=335: rdisc=0.528, rnorm=5.82 , rerr=5.86 
Landweber::-2.94e-21 ≤ estimate ≤ 459.
Landweber::i=336: rdisc=0.528, rnorm=5.82 , rerr=5.86 
Landweber::-3.04e-21 ≤ estimate ≤ 459.
Landweber::i=337: rdisc=0.528, rnorm=5.83 , rerr=5.86 
Landweber::-3.15e-21 ≤ estimate ≤ 459.
Landweber::i=338: rdisc=0.528, rnorm=5.83 , rerr=5.86 
Landweber::-3.25e-21 ≤ estimate ≤ 459.
Landweber::i=339: rdisc=0.528, rnorm=5.83 , rerr=5.86 
Landweber::-3.36e-21 ≤ estimate ≤ 459.
Landweber::i=340: rdisc=0.528, rnorm=5.83 , rerr=5.87 
Landweber::-3.47e-21 ≤ estimate ≤ 459.
Landweber::i=341: rdisc=0.528, rnorm=5.83 , rerr=5.87 
Landweber::-3.59e-21 ≤ estimate ≤ 459.
Landweber::i=342: rdisc=0.527, rnorm=5.83 , rerr=5.87 
Landweber::-3.70e-21 ≤ estimate ≤ 459.
Landweber::i=343: rdisc=0.527, rnorm=5.83 , rerr=5.87 
Landweber::-3.83e-21 ≤ estimate ≤ 459.
Landweber::i=344: rdisc=0.527, rnorm=5.84 , rerr=5.87 
Landweber::-3.95e-21 ≤ estimate ≤ 459.
Landweber::i=345: rdisc=0.527, rnorm=5.84 , rerr=5.87 
Landweber::-4.08e-21 ≤ estimate ≤ 459.
Landweber::i=346: rdisc=0.527, rnorm=5.84 , rerr=5.87 
Landweber::-4.21e-21 ≤ estimate ≤ 460.
Landweber::i=347: rdisc=0.527, rnorm=5.84 , rerr=5.88 
Landweber::-4.35e-21 ≤ estimate ≤ 460.
Landweber::i=348: rdisc=0.527, rnorm=5.84 , rerr=5.88 
Landweber::-4.49e-21 ≤ estimate ≤ 460.
Landweber::i=349: rdisc=0.527, rnorm=5.84 , rerr=5.88 
Landweber::-4.63e-21 ≤ estimate ≤ 460.
Landweber::i=350: rdisc=0.527, rnorm=5.84 , rerr=5.88 
Landweber::-4.78e-21 ≤ estimate ≤ 460.
Landweber::i=351: rdisc=0.526, rnorm=5.85 , rerr=5.88 
Landweber::-4.93e-21 ≤ estimate ≤ 460.
Landweber::i=352: rdisc=0.526, rnorm=5.85 , rerr=5.88 
Landweber::-5.08e-21 ≤ estimate ≤ 460.
Landweber::i=353: rdisc=0.526, rnorm=5.85 , rerr=5.88 
Landweber::-5.24e-21 ≤ estimate ≤ 460.
Landweber::i=354: rdisc=0.526, rnorm=5.85 , rerr=5.89 
Landweber::-5.41e-21 ≤ estimate ≤ 460.
Landweber::i=355: rdisc=0.526, rnorm=5.85 , rerr=5.89 
Landweber::-5.58e-21 ≤ estimate ≤ 460.
Landweber::i=356: rdisc=0.526, rnorm=5.85 , rerr=5.89 
Landweber::-5.75e-21 ≤ estimate ≤ 460.
Landweber::i=357: rdisc=0.526, rnorm=5.85 , rerr=5.89 
Landweber::-5.93e-21 ≤ estimate ≤ 460.
Landweber::i=358: rdisc=0.526, rnorm=5.85 , rerr=5.89 
Landweber::-6.11e-21 ≤ estimate ≤ 460.
Landweber::i=359: rdisc=0.526, rnorm=5.86 , rerr=5.89 
Landweber::-6.30e-21 ≤ estimate ≤ 460.
Landweber::i=360: rdisc=0.525, rnorm=5.86 , rerr=5.89 
Landweber::-6.49e-21 ≤ estimate ≤ 460.
Landweber::i=361: rdisc=0.525, rnorm=5.86 , rerr=5.89 
Landweber::-6.69e-21 ≤ estimate ≤ 460.
Landweber::i=362: rdisc=0.525, rnorm=5.86 , rerr=5.90 
Landweber::-6.89e-21 ≤ estimate ≤ 460.
Landweber::i=363: rdisc=0.525, rnorm=5.86 , rerr=5.90 
Landweber::-7.10e-21 ≤ estimate ≤ 460.
Landweber::i=364: rdisc=0.525, rnorm=5.86 , rerr=5.90 
Landweber::-7.31e-21 ≤ estimate ≤ 460.
Landweber::i=365: rdisc=0.525, rnorm=5.86 , rerr=5.90 
Landweber::-7.53e-21 ≤ estimate ≤ 461.
Landweber::i=366: rdisc=0.525, rnorm=5.86 , rerr=5.90 
Landweber::-7.76e-21 ≤ estimate ≤ 461.
Landweber::i=367: rdisc=0.525, rnorm=5.87 , rerr=5.90 
Landweber::-7.99e-21 ≤ estimate ≤ 461.
Landweber::i=368: rdisc=0.525, rnorm=5.87 , rerr=5.90 
Landweber::-8.23e-21 ≤ estimate ≤ 461.
Landweber::i=369: rdisc=0.524, rnorm=5.87 , rerr=5.90 
Landweber::-8.47e-21 ≤ estimate ≤ 461.
Landweber::i=370: rdisc=0.524, rnorm=5.87 , rerr=5.91 
Landweber::-8.72e-21 ≤ estimate ≤ 461.
Landweber::i=371: rdisc=0.524, rnorm=5.87 , rerr=5.91 
Landweber::-8.98e-21 ≤ estimate ≤ 461.
Landweber::i=372: rdisc=0.524, rnorm=5.87 , rerr=5.91 
Landweber::-9.24e-21 ≤ estimate ≤ 461.
Landweber::i=373: rdisc=0.524, rnorm=5.87 , rerr=5.91 
Landweber::-9.51e-21 ≤ estimate ≤ 461.
Landweber::i=374: rdisc=0.524, rnorm=5.87 , rerr=5.91 
Landweber::-9.78e-21 ≤ estimate ≤ 461.
Landweber::i=375: rdisc=0.524, rnorm=5.88 , rerr=5.91 
Landweber::-1.01e-20 ≤ estimate ≤ 461.
Landweber::i=376: rdisc=0.524, rnorm=5.88 , rerr=5.91 
Landweber::-1.04e-20 ≤ estimate ≤ 461.
Landweber::i=377: rdisc=0.524, rnorm=5.88 , rerr=5.91 
Landweber::-1.06e-20 ≤ estimate ≤ 461.
Landweber::i=378: rdisc=0.523, rnorm=5.88 , rerr=5.92 
Landweber::-1.10e-20 ≤ estimate ≤ 461.
Landweber::i=379: rdisc=0.523, rnorm=5.88 , rerr=5.92 
Landweber::-1.13e-20 ≤ estimate ≤ 461.
Landweber::i=380: rdisc=0.523, rnorm=5.88 , rerr=5.92 
Landweber::-1.16e-20 ≤ estimate ≤ 461.
Landweber::i=381: rdisc=0.523, rnorm=5.88 , rerr=5.92 
Landweber::-1.19e-20 ≤ estimate ≤ 461.
Landweber::i=382: rdisc=0.523, rnorm=5.88 , rerr=5.92 
Landweber::-1.22e-20 ≤ estimate ≤ 461.
Landweber::i=383: rdisc=0.523, rnorm=5.89 , rerr=5.92 
Landweber::-1.26e-20 ≤ estimate ≤ 461.
Landweber::i=384: rdisc=0.523, rnorm=5.89 , rerr=5.92 
Landweber::-1.29e-20 ≤ estimate ≤ 461.
Landweber::i=385: rdisc=0.523, rnorm=5.89 , rerr=5.92 
Landweber::-1.33e-20 ≤ estimate ≤ 461.
Landweber::i=386: rdisc=0.523, rnorm=5.89 , rerr=5.93 
Landweber::-1.37e-20 ≤ estimate ≤ 461.
Landweber::i=387: rdisc=0.522, rnorm=5.89 , rerr=5.93 
Landweber::-1.40e-20 ≤ estimate ≤ 461.
Landweber::i=388: rdisc=0.522, rnorm=5.89 , rerr=5.93 
Landweber::-1.44e-20 ≤ estimate ≤ 461.
Landweber::i=389: rdisc=0.522, rnorm=5.89 , rerr=5.93 
Landweber::-1.48e-20 ≤ estimate ≤ 461.
Landweber::i=390: rdisc=0.522, rnorm=5.89 , rerr=5.93 
Landweber::-1.52e-20 ≤ estimate ≤ 461.
Landweber::i=391: rdisc=0.522, rnorm=5.90 , rerr=5.93 
Landweber::-1.56e-20 ≤ estimate ≤ 461.
Landweber::i=392: rdisc=0.522, rnorm=5.90 , rerr=5.93 
Landweber::-1.61e-20 ≤ estimate ≤ 461.
Landweber::i=393: rdisc=0.522, rnorm=5.90 , rerr=5.93 
Landweber::-1.65e-20 ≤ estimate ≤ 461.
Landweber::i=394: rdisc=0.522, rnorm=5.90 , rerr=5.93 
Landweber::-1.69e-20 ≤ estimate ≤ 461.
Landweber::i=395: rdisc=0.522, rnorm=5.90 , rerr=5.94 
Landweber::-1.74e-20 ≤ estimate ≤ 461.
Landweber::i=396: rdisc=0.522, rnorm=5.90 , rerr=5.94 
Landweber::-1.79e-20 ≤ estimate ≤ 461.
Landweber::i=397: rdisc=0.521, rnorm=5.90 , rerr=5.94 
Landweber::-1.83e-20 ≤ estimate ≤ 461.
Landweber::i=398: rdisc=0.521, rnorm=5.90 , rerr=5.94 
Landweber::-1.88e-20 ≤ estimate ≤ 461.
Landweber::i=399: rdisc=0.521, rnorm=5.91 , rerr=5.94 
Landweber::-1.93e-20 ≤ estimate ≤ 461.
Landweber::i=400: rdisc=0.521, rnorm=5.91 , rerr=5.94 
Landweber::-1.98e-20 ≤ estimate ≤ 461.
Landweber::i=401: rdisc=0.521, rnorm=5.91 , rerr=5.94 
Landweber::-2.04e-20 ≤ estimate ≤ 461.
Landweber::i=402: rdisc=0.521, rnorm=5.91 , rerr=5.94 
Landweber::-2.09e-20 ≤ estimate ≤ 461.
Landweber::i=403: rdisc=0.521, rnorm=5.91 , rerr=5.95 
Landweber::-2.14e-20 ≤ estimate ≤ 461.
Landweber::i=404: rdisc=0.521, rnorm=5.91 , rerr=5.95 
Landweber::-2.20e-20 ≤ estimate ≤ 461.
Landweber::i=405: rdisc=0.521, rnorm=5.91 , rerr=5.95 
Landweber::-2.35e-20 ≤ estimate ≤ 461.
Landweber::i=406: rdisc=0.520, rnorm=5.91 , rerr=5.95 
Landweber::-2.68e-20 ≤ estimate ≤ 461.
Landweber::i=407: rdisc=0.520, rnorm=5.91 , rerr=5.95 
Landweber::-3.06e-20 ≤ estimate ≤ 461.
Landweber::i=408: rdisc=0.520, rnorm=5.92 , rerr=5.95 
Landweber::-3.48e-20 ≤ estimate ≤ 461.
Landweber::i=409: rdisc=0.520, rnorm=5.92 , rerr=5.95 
Landweber::-3.96e-20 ≤ estimate ≤ 461.
Landweber::i=410: rdisc=0.520, rnorm=5.92 , rerr=5.95 
Landweber::-4.50e-20 ≤ estimate ≤ 461.
Landweber::i=411: rdisc=0.520, rnorm=5.92 , rerr=5.95 
Landweber::-5.12e-20 ≤ estimate ≤ 461.
Landweber::i=412: rdisc=0.520, rnorm=5.92 , rerr=5.96 
Landweber::-5.81e-20 ≤ estimate ≤ 461.
Landweber::i=413: rdisc=0.520, rnorm=5.92 , rerr=5.96 
Landweber::-6.59e-20 ≤ estimate ≤ 461.
Landweber::i=414: rdisc=0.520, rnorm=5.92 , rerr=5.96 
Landweber::-7.46e-20 ≤ estimate ≤ 461.
Landweber::i=415: rdisc=0.519, rnorm=5.92 , rerr=5.96 
Landweber::-8.43e-20 ≤ estimate ≤ 461.
Landweber::i=416: rdisc=0.519, rnorm=5.93 , rerr=5.96 
Landweber::-9.51e-20 ≤ estimate ≤ 461.
Landweber::i=417: rdisc=0.519, rnorm=5.93 , rerr=5.96 
Landweber::-1.07e-19 ≤ estimate ≤ 461.
Landweber::i=418: rdisc=0.519, rnorm=5.93 , rerr=5.96 
Landweber::-1.21e-19 ≤ estimate ≤ 461.
Landweber::i=419: rdisc=0.519, rnorm=5.93 , rerr=5.96 
Landweber::-1.36e-19 ≤ estimate ≤ 460.
Landweber::i=420: rdisc=0.519, rnorm=5.93 , rerr=5.96 
Landweber::-1.52e-19 ≤ estimate ≤ 460.
Landweber::i=421: rdisc=0.519, rnorm=5.93 , rerr=5.97 
Landweber::-1.70e-19 ≤ estimate ≤ 460.
Landweber::i=422: rdisc=0.519, rnorm=5.93 , rerr=5.97 
Landweber::-1.91e-19 ≤ estimate ≤ 460.
Landweber::i=423: rdisc=0.519, rnorm=5.93 , rerr=5.97 
Landweber::-2.13e-19 ≤ estimate ≤ 460.
Landweber::i=424: rdisc=0.519, rnorm=5.93 , rerr=5.97 
Landweber::-2.38e-19 ≤ estimate ≤ 460.
Landweber::i=425: rdisc=0.518, rnorm=5.94 , rerr=5.97 
Landweber::-2.65e-19 ≤ estimate ≤ 460.
Landweber::i=426: rdisc=0.518, rnorm=5.94 , rerr=5.97 
Landweber::-2.95e-19 ≤ estimate ≤ 460.
Landweber::i=427: rdisc=0.518, rnorm=5.94 , rerr=5.97 
Landweber::-3.29e-19 ≤ estimate ≤ 460.
Landweber::i=428: rdisc=0.518, rnorm=5.94 , rerr=5.97 
Landweber::-3.65e-19 ≤ estimate ≤ 460.
Landweber::i=429: rdisc=0.518, rnorm=5.94 , rerr=5.98 
Landweber::-4.05e-19 ≤ estimate ≤ 460.
Landweber::i=430: rdisc=0.518, rnorm=5.94 , rerr=5.98 
Landweber::-4.49e-19 ≤ estimate ≤ 460.
Landweber::i=431: rdisc=0.518, rnorm=5.94 , rerr=5.98 
Landweber::-4.97e-19 ≤ estimate ≤ 460.
Landweber::i=432: rdisc=0.518, rnorm=5.94 , rerr=5.98 
Landweber::-5.50e-19 ≤ estimate ≤ 460.
Landweber::i=433: rdisc=0.518, rnorm=5.95 , rerr=5.98 
Landweber::-6.09e-19 ≤ estimate ≤ 460.
Landweber::i=434: rdisc=0.517, rnorm=5.95 , rerr=5.98 
Landweber::-6.74e-19 ≤ estimate ≤ 460.
Landweber::i=435: rdisc=0.517, rnorm=5.95 , rerr=5.98 
Landweber::-7.45e-19 ≤ estimate ≤ 460.
Landweber::i=436: rdisc=0.517, rnorm=5.95 , rerr=5.98 
Landweber::-8.23e-19 ≤ estimate ≤ 460.
Landweber::i=437: rdisc=0.517, rnorm=5.95 , rerr=5.98 
Landweber::-9.08e-19 ≤ estimate ≤ 460.
Landweber::i=438: rdisc=0.517, rnorm=5.95 , rerr=5.99 
Landweber::-1.00e-18 ≤ estimate ≤ 460.
Landweber::i=439: rdisc=0.517, rnorm=5.95 , rerr=5.99 
Landweber::-1.10e-18 ≤ estimate ≤ 460.
Landweber::i=440: rdisc=0.517, rnorm=5.95 , rerr=5.99 
Landweber::-1.21e-18 ≤ estimate ≤ 460.
Landweber::i=441: rdisc=0.517, rnorm=5.96 , rerr=5.99 
Landweber::-1.33e-18 ≤ estimate ≤ 460.
Landweber::i=442: rdisc=0.517, rnorm=5.96 , rerr=5.99 
Landweber::-1.46e-18 ≤ estimate ≤ 460.
Landweber::i=443: rdisc=0.517, rnorm=5.96 , rerr=5.99 
Landweber::-1.61e-18 ≤ estimate ≤ 460.
Landweber::i=444: rdisc=0.516, rnorm=5.96 , rerr=5.99 
Landweber::-1.76e-18 ≤ estimate ≤ 459.
Landweber::i=445: rdisc=0.516, rnorm=5.96 , rerr=5.99 
Landweber::-1.93e-18 ≤ estimate ≤ 459.
Landweber::i=446: rdisc=0.516, rnorm=5.96 , rerr=5.99 
Landweber::-2.11e-18 ≤ estimate ≤ 459.
Landweber::i=447: rdisc=0.516, rnorm=5.96 , rerr=6.00 
Landweber::-2.31e-18 ≤ estimate ≤ 459.
Landweber::i=448: rdisc=0.516, rnorm=5.96 , rerr=6.00 
Landweber::-2.52e-18 ≤ estimate ≤ 459.
Landweber::i=449: rdisc=0.516, rnorm=5.96 , rerr=6.00 
Landweber::-2.75e-18 ≤ estimate ≤ 459.
Landweber::i=450: rdisc=0.516, rnorm=5.97 , rerr=6.00 
Landweber::-3.00e-18 ≤ estimate ≤ 459.
Landweber::i=451: rdisc=0.516, rnorm=5.97 , rerr=6.00 
Landweber::-3.27e-18 ≤ estimate ≤ 459.
Landweber::i=452: rdisc=0.516, rnorm=5.97 , rerr=6.00 
Landweber::-3.56e-18 ≤ estimate ≤ 459.
Landweber::i=453: rdisc=0.516, rnorm=5.97 , rerr=6.00 
Landweber::-3.87e-18 ≤ estimate ≤ 459.
Landweber::i=454: rdisc=0.515, rnorm=5.97 , rerr=6.00 
Landweber::-4.21e-18 ≤ estimate ≤ 459.
Landweber::i=455: rdisc=0.515, rnorm=5.97 , rerr=6.01 
Landweber::-4.59e-18 ≤ estimate ≤ 459.
Landweber::i=456: rdisc=0.515, rnorm=5.97 , rerr=6.01 
Landweber::-4.99e-18 ≤ estimate ≤ 459.
Landweber::i=457: rdisc=0.515, rnorm=5.97 , rerr=6.01 
Landweber::-5.43e-18 ≤ estimate ≤ 459.
Landweber::i=458: rdisc=0.515, rnorm=5.98 , rerr=6.01 
Landweber::-5.90e-18 ≤ estimate ≤ 459.
Landweber::i=459: rdisc=0.515, rnorm=5.98 , rerr=6.01 
Landweber::-6.40e-18 ≤ estimate ≤ 459.
Landweber::i=460: rdisc=0.515, rnorm=5.98 , rerr=6.01 
Landweber::-6.95e-18 ≤ estimate ≤ 459.
Landweber::i=461: rdisc=0.515, rnorm=5.98 , rerr=6.01 
Landweber::-7.53e-18 ≤ estimate ≤ 458.
Landweber::i=462: rdisc=0.515, rnorm=5.98 , rerr=6.01 
Landweber::-8.16e-18 ≤ estimate ≤ 458.
Landweber::i=463: rdisc=0.514, rnorm=5.98 , rerr=6.01 
Landweber::-8.83e-18 ≤ estimate ≤ 458.
Landweber::i=464: rdisc=0.514, rnorm=5.98 , rerr=6.02 
Landweber::-9.55e-18 ≤ estimate ≤ 458.
Landweber::i=465: rdisc=0.514, rnorm=5.98 , rerr=6.02 
Landweber::-1.03e-17 ≤ estimate ≤ 458.
Landweber::i=466: rdisc=0.514, rnorm=5.99 , rerr=6.02 
Landweber::-1.12e-17 ≤ estimate ≤ 458.
Landweber::i=467: rdisc=0.514, rnorm=5.99 , rerr=6.02 
Landweber::-1.20e-17 ≤ estimate ≤ 458.
Landweber::i=468: rdisc=0.514, rnorm=5.99 , rerr=6.02 
Landweber::-1.30e-17 ≤ estimate ≤ 458.
Landweber::i=469: rdisc=0.514, rnorm=5.99 , rerr=6.02 
Landweber::-1.40e-17 ≤ estimate ≤ 458.
Landweber::i=470: rdisc=0.514, rnorm=5.99 , rerr=6.02 
Landweber::-1.51e-17 ≤ estimate ≤ 458.
Landweber::i=471: rdisc=0.514, rnorm=5.99 , rerr=6.02 
Landweber::-1.63e-17 ≤ estimate ≤ 458.
Landweber::i=472: rdisc=0.514, rnorm=5.99 , rerr=6.03 
Landweber::-1.75e-17 ≤ estimate ≤ 458.
Landweber::i=473: rdisc=0.513, rnorm=5.99 , rerr=6.03 
Landweber::-1.88e-17 ≤ estimate ≤ 458.
Landweber::i=474: rdisc=0.513, rnorm=5.99 , rerr=6.03 
Landweber::-2.02e-17 ≤ estimate ≤ 458.
Landweber::i=475: rdisc=0.513, rnorm=6.00 , rerr=6.03 
Landweber::-2.18e-17 ≤ estimate ≤ 458.
Landweber::i=476: rdisc=0.513, rnorm=6.00 , rerr=6.03 
Landweber::-2.34e-17 ≤ estimate ≤ 457.
Landweber::i=477: rdisc=0.513, rnorm=6.00 , rerr=6.03 
Landweber::-2.51e-17 ≤ estimate ≤ 457.
Landweber::i=478: rdisc=0.513, rnorm=6.00 , rerr=6.03 
Landweber::-2.69e-17 ≤ estimate ≤ 457.
Landweber::i=479: rdisc=0.513, rnorm=6.00 , rerr=6.03 
Landweber::-2.88e-17 ≤ estimate ≤ 457.
Landweber::i=480: rdisc=0.513, rnorm=6.00 , rerr=6.04 
Landweber::-3.09e-17 ≤ estimate ≤ 457.
Landweber::i=481: rdisc=0.513, rnorm=6.00 , rerr=6.04 
Landweber::-3.31e-17 ≤ estimate ≤ 457.
Landweber::i=482: rdisc=0.513, rnorm=6.00 , rerr=6.04 
Landweber::-3.54e-17 ≤ estimate ≤ 457.
Landweber::i=483: rdisc=0.512, rnorm=6.01 , rerr=6.04 
Landweber::-3.79e-17 ≤ estimate ≤ 457.
Landweber::i=484: rdisc=0.512, rnorm=6.01 , rerr=6.04 
Landweber::-4.05e-17 ≤ estimate ≤ 457.
Landweber::i=485: rdisc=0.512, rnorm=6.01 , rerr=6.04 
Landweber::-4.34e-17 ≤ estimate ≤ 457.
Landweber::i=486: rdisc=0.512, rnorm=6.01 , rerr=6.04 
Landweber::-4.64e-17 ≤ estimate ≤ 457.
Landweber::i=487: rdisc=0.512, rnorm=6.01 , rerr=6.04 
Landweber::-4.96e-17 ≤ estimate ≤ 457.
Landweber::i=488: rdisc=0.512, rnorm=6.01 , rerr=6.04 
Landweber::-5.31e-17 ≤ estimate ≤ 457.
Landweber::i=489: rdisc=0.512, rnorm=6.01 , rerr=6.05 
Landweber::-5.67e-17 ≤ estimate ≤ 457.
Landweber::i=490: rdisc=0.512, rnorm=6.01 , rerr=6.05 
Landweber::-6.05e-17 ≤ estimate ≤ 457.
Landweber::i=491: rdisc=0.512, rnorm=6.02 , rerr=6.05 
Landweber::-6.46e-17 ≤ estimate ≤ 456.
Landweber::i=492: rdisc=0.512, rnorm=6.02 , rerr=6.05 
Landweber::-6.89e-17 ≤ estimate ≤ 456.
Landweber::i=493: rdisc=0.511, rnorm=6.02 , rerr=6.05 
Landweber::-7.35e-17 ≤ estimate ≤ 456.
Landweber::i=494: rdisc=0.511, rnorm=6.02 , rerr=6.05 
Landweber::-7.83e-17 ≤ estimate ≤ 456.
Landweber::i=495: rdisc=0.511, rnorm=6.02 , rerr=6.05 
Landweber::-8.35e-17 ≤ estimate ≤ 456.
Landweber::i=496: rdisc=0.511, rnorm=6.02 , rerr=6.05 
Landweber::-8.89e-17 ≤ estimate ≤ 456.
Landweber::i=497: rdisc=0.511, rnorm=6.02 , rerr=6.06 
Landweber::-9.46e-17 ≤ estimate ≤ 456.
Landweber::i=498: rdisc=0.511, rnorm=6.02 , rerr=6.06 
Landweber::-1.01e-16 ≤ estimate ≤ 456.
Landweber::i=499: rdisc=0.511, rnorm=6.03 , rerr=6.06 
Landweber::-1.07e-16 ≤ estimate ≤ 456.
Landweber::i=500: rdisc=0.511, rnorm=6.03 , rerr=6.06 
Landweber::-1.14e-16 ≤ estimate ≤ 456.
Landweber::i=501: rdisc=0.511, rnorm=6.03 , rerr=6.06 
Landweber::-1.21e-16 ≤ estimate ≤ 456.
Landweber::i=502: rdisc=0.510, rnorm=6.03 , rerr=6.06 
Landweber::-1.28e-16 ≤ estimate ≤ 456.
Landweber::i=503: rdisc=0.510, rnorm=6.03 , rerr=6.06 
Landweber::-1.36e-16 ≤ estimate ≤ 456.
Landweber::i=504: rdisc=0.510, rnorm=6.03 , rerr=6.06 
Landweber::-1.45e-16 ≤ estimate ≤ 456.
Landweber::i=505: rdisc=0.510, rnorm=6.03 , rerr=6.07 
Landweber::-1.53e-16 ≤ estimate ≤ 456.
Landweber::i=506: rdisc=0.510, rnorm=6.03 , rerr=6.07 
Landweber::-1.63e-16 ≤ estimate ≤ 456.
Landweber::i=507: rdisc=0.510, rnorm=6.04 , rerr=6.07 
Landweber::-1.72e-16 ≤ estimate ≤ 456.
Landweber::i=508: rdisc=0.510, rnorm=6.04 , rerr=6.07 
Landweber::-1.82e-16 ≤ estimate ≤ 456.
Landweber::i=509: rdisc=0.510, rnorm=6.04 , rerr=6.07 
Landweber::-1.93e-16 ≤ estimate ≤ 456.
Landweber::i=510: rdisc=0.510, rnorm=6.04 , rerr=6.07 
Landweber::-2.05e-16 ≤ estimate ≤ 456.
Landweber::i=511: rdisc=0.510, rnorm=6.04 , rerr=6.07 
Landweber::-2.16e-16 ≤ estimate ≤ 456.
Landweber::i=512: rdisc=0.509, rnorm=6.04 , rerr=6.07 
Landweber::-2.29e-16 ≤ estimate ≤ 456.
Landweber::i=513: rdisc=0.509, rnorm=6.04 , rerr=6.08 
Landweber::-2.42e-16 ≤ estimate ≤ 456.
Landweber::i=514: rdisc=0.509, rnorm=6.04 , rerr=6.08 
Landweber::-2.56e-16 ≤ estimate ≤ 456.
Landweber::i=515: rdisc=0.509, rnorm=6.05 , rerr=6.08 
Landweber::-2.70e-16 ≤ estimate ≤ 455.
Landweber::i=516: rdisc=0.509, rnorm=6.05 , rerr=6.08 
Landweber::-2.85e-16 ≤ estimate ≤ 455.
Landweber::i=517: rdisc=0.509, rnorm=6.05 , rerr=6.08 
Landweber::-3.01e-16 ≤ estimate ≤ 455.
Landweber::i=518: rdisc=0.509, rnorm=6.05 , rerr=6.08 
Landweber::-3.19e-16 ≤ estimate ≤ 455.
Landweber::i=519: rdisc=0.509, rnorm=6.05 , rerr=6.08 
Landweber::-3.37e-16 ≤ estimate ≤ 455.
Landweber::i=520: rdisc=0.509, rnorm=6.05 , rerr=6.08 
Landweber::-3.55e-16 ≤ estimate ≤ 455.
Landweber::i=521: rdisc=0.509, rnorm=6.05 , rerr=6.09 
Landweber::-3.75e-16 ≤ estimate ≤ 455.
Landweber::i=522: rdisc=0.508, rnorm=6.05 , rerr=6.09 
Landweber::-3.96e-16 ≤ estimate ≤ 455.
Landweber::i=523: rdisc=0.508, rnorm=6.06 , rerr=6.09 
Landweber::-4.18e-16 ≤ estimate ≤ 455.
Landweber::i=524: rdisc=0.508, rnorm=6.06 , rerr=6.09 
Landweber::-4.41e-16 ≤ estimate ≤ 455.
Landweber::i=525: rdisc=0.508, rnorm=6.06 , rerr=6.09 
Landweber::-4.64e-16 ≤ estimate ≤ 455.
Landweber::i=526: rdisc=0.508, rnorm=6.06 , rerr=6.09 
Landweber::-4.89e-16 ≤ estimate ≤ 455.
Landweber::i=527: rdisc=0.508, rnorm=6.06 , rerr=6.09 
Landweber::-5.16e-16 ≤ estimate ≤ 455.
Landweber::i=528: rdisc=0.508, rnorm=6.06 , rerr=6.09 
Landweber::-5.43e-16 ≤ estimate ≤ 455.
Landweber::i=529: rdisc=0.508, rnorm=6.06 , rerr=6.10 
Landweber::-5.72e-16 ≤ estimate ≤ 455.
Landweber::i=530: rdisc=0.508, rnorm=6.06 , rerr=6.10 
Landweber::-6.01e-16 ≤ estimate ≤ 455.
Landweber::i=531: rdisc=0.507, rnorm=6.07 , rerr=6.10 
Landweber::-6.33e-16 ≤ estimate ≤ 455.
Landweber::i=532: rdisc=0.507, rnorm=6.07 , rerr=6.10 
Landweber::-6.66e-16 ≤ estimate ≤ 455.
Landweber::i=533: rdisc=0.507, rnorm=6.07 , rerr=6.10 
Landweber::-7.00e-16 ≤ estimate ≤ 454.
Landweber::i=534: rdisc=0.507, rnorm=6.07 , rerr=6.10 
Landweber::-7.35e-16 ≤ estimate ≤ 454.
Landweber::i=535: rdisc=0.507, rnorm=6.07 , rerr=6.10 
Landweber::-7.73e-16 ≤ estimate ≤ 454.
Landweber::i=536: rdisc=0.507, rnorm=6.07 , rerr=6.10 
Landweber::-8.12e-16 ≤ estimate ≤ 454.
Landweber::i=537: rdisc=0.507, rnorm=6.07 , rerr=6.11 
Landweber::-8.52e-16 ≤ estimate ≤ 454.
Landweber::i=538: rdisc=0.507, rnorm=6.08 , rerr=6.11 
Landweber::-8.95e-16 ≤ estimate ≤ 454.
Landweber::i=539: rdisc=0.507, rnorm=6.08 , rerr=6.11 
Landweber::-9.39e-16 ≤ estimate ≤ 454.
Landweber::i=540: rdisc=0.507, rnorm=6.08 , rerr=6.11 
Landweber::-9.85e-16 ≤ estimate ≤ 454.
Landweber::i=541: rdisc=0.506, rnorm=6.08 , rerr=6.11 
Landweber::-1.03e-15 ≤ estimate ≤ 454.
Landweber::i=542: rdisc=0.506, rnorm=6.08 , rerr=6.11 
Landweber::-1.08e-15 ≤ estimate ≤ 454.
Landweber::i=543: rdisc=0.506, rnorm=6.08 , rerr=6.11 
Landweber::-1.14e-15 ≤ estimate ≤ 454.
Landweber::i=544: rdisc=0.506, rnorm=6.08 , rerr=6.11 
Landweber::-1.19e-15 ≤ estimate ≤ 454.
Landweber::i=545: rdisc=0.506, rnorm=6.08 , rerr=6.12 
Landweber::-1.25e-15 ≤ estimate ≤ 454.
Landweber::i=546: rdisc=0.506, rnorm=6.09 , rerr=6.12 
Landweber::-1.31e-15 ≤ estimate ≤ 454.
Landweber::i=547: rdisc=0.506, rnorm=6.09 , rerr=6.12 
Landweber::-1.37e-15 ≤ estimate ≤ 454.
Landweber::i=548: rdisc=0.506, rnorm=6.09 , rerr=6.12 
Landweber::-1.43e-15 ≤ estimate ≤ 454.
Landweber::i=549: rdisc=0.506, rnorm=6.09 , rerr=6.12 
Landweber::-1.50e-15 ≤ estimate ≤ 453.
Landweber::i=550: rdisc=0.505, rnorm=6.09 , rerr=6.12 
Landweber::-1.57e-15 ≤ estimate ≤ 453.
Landweber::i=551: rdisc=0.505, rnorm=6.09 , rerr=6.12 
Landweber::-1.64e-15 ≤ estimate ≤ 453.
Landweber::i=552: rdisc=0.505, rnorm=6.09 , rerr=6.12 
Landweber::-1.71e-15 ≤ estimate ≤ 453.
Landweber::i=553: rdisc=0.505, rnorm=6.09 , rerr=6.13 
Landweber::-1.79e-15 ≤ estimate ≤ 453.
Landweber::i=554: rdisc=0.505, rnorm=6.10 , rerr=6.13 
Landweber::-1.87e-15 ≤ estimate ≤ 453.
Landweber::i=555: rdisc=0.505, rnorm=6.10 , rerr=6.13 
Landweber::-1.95e-15 ≤ estimate ≤ 453.
Landweber::i=556: rdisc=0.505, rnorm=6.10 , rerr=6.13 
Landweber::-2.04e-15 ≤ estimate ≤ 453.
Landweber::i=557: rdisc=0.505, rnorm=6.10 , rerr=6.13 
Landweber::-2.13e-15 ≤ estimate ≤ 453.
Landweber::i=558: rdisc=0.505, rnorm=6.10 , rerr=6.13 
Landweber::-2.23e-15 ≤ estimate ≤ 453.
Landweber::i=559: rdisc=0.504, rnorm=6.10 , rerr=6.13 
Landweber::-2.32e-15 ≤ estimate ≤ 453.
Landweber::i=560: rdisc=0.504, rnorm=6.10 , rerr=6.13 
Landweber::-2.42e-15 ≤ estimate ≤ 453.
Landweber::i=561: rdisc=0.504, rnorm=6.10 , rerr=6.14 
Landweber::-2.53e-15 ≤ estimate ≤ 453.
Landweber::i=562: rdisc=0.504, rnorm=6.11 , rerr=6.14 
Landweber::-2.64e-15 ≤ estimate ≤ 453.
Landweber::i=563: rdisc=0.504, rnorm=6.11 , rerr=6.14 
Landweber::-2.75e-15 ≤ estimate ≤ 452.
Landweber::i=564: rdisc=0.504, rnorm=6.11 , rerr=6.14 
Landweber::-2.87e-15 ≤ estimate ≤ 452.
Landweber::i=565: rdisc=0.504, rnorm=6.11 , rerr=6.14 
Landweber::-2.99e-15 ≤ estimate ≤ 452.
Landweber::i=566: rdisc=0.504, rnorm=6.11 , rerr=6.14 
Landweber::-3.11e-15 ≤ estimate ≤ 452.
Landweber::i=567: rdisc=0.504, rnorm=6.11 , rerr=6.14 
Landweber::-3.24e-15 ≤ estimate ≤ 452.
Landweber::i=568: rdisc=0.504, rnorm=6.11 , rerr=6.14 
Landweber::-3.38e-15 ≤ estimate ≤ 452.
Landweber::i=569: rdisc=0.503, rnorm=6.12 , rerr=6.15 
Landweber::-3.52e-15 ≤ estimate ≤ 452.
Landweber::i=570: rdisc=0.503, rnorm=6.12 , rerr=6.15 
Landweber::-3.67e-15 ≤ estimate ≤ 452.
Landweber::i=571: rdisc=0.503, rnorm=6.12 , rerr=6.15 
Landweber::-3.82e-15 ≤ estimate ≤ 452.
Landweber::i=572: rdisc=0.503, rnorm=6.12 , rerr=6.15 
Landweber::-3.98e-15 ≤ estimate ≤ 452.
Landweber::i=573: rdisc=0.503, rnorm=6.12 , rerr=6.15 
Landweber::-4.14e-15 ≤ estimate ≤ 452.
Landweber::i=574: rdisc=0.503, rnorm=6.12 , rerr=6.15 
Landweber::-4.31e-15 ≤ estimate ≤ 452.
Landweber::i=575: rdisc=0.503, rnorm=6.12 , rerr=6.15 
Landweber::-4.49e-15 ≤ estimate ≤ 452.
Landweber::i=576: rdisc=0.503, rnorm=6.12 , rerr=6.15 
Landweber::-4.67e-15 ≤ estimate ≤ 451.
Landweber::i=577: rdisc=0.503, rnorm=6.13 , rerr=6.16 
Landweber::-4.86e-15 ≤ estimate ≤ 451.
Landweber::i=578: rdisc=0.502, rnorm=6.13 , rerr=6.16 
Landweber::-5.05e-15 ≤ estimate ≤ 451.
Landweber::i=579: rdisc=0.502, rnorm=6.13 , rerr=6.16 
Landweber::-5.25e-15 ≤ estimate ≤ 451.
Landweber::i=580: rdisc=0.502, rnorm=6.13 , rerr=6.16 
Landweber::-5.46e-15 ≤ estimate ≤ 451.
Landweber::i=581: rdisc=0.502, rnorm=6.13 , rerr=6.16 
Landweber::-5.67e-15 ≤ estimate ≤ 451.
Landweber::i=582: rdisc=0.502, rnorm=6.13 , rerr=6.16 
Landweber::-6.28e-15 ≤ estimate ≤ 451.
Landweber::i=583: rdisc=0.502, rnorm=6.13 , rerr=6.16 
Landweber::-7.66e-15 ≤ estimate ≤ 451.
Landweber::i=584: rdisc=0.502, rnorm=6.14 , rerr=6.17 
Landweber::-9.31e-15 ≤ estimate ≤ 451.
Landweber::i=585: rdisc=0.502, rnorm=6.14 , rerr=6.17 
Landweber::-1.13e-14 ≤ estimate ≤ 451.
Landweber::i=586: rdisc=0.502, rnorm=6.14 , rerr=6.17 
Landweber::-1.36e-14 ≤ estimate ≤ 451.
Landweber::i=587: rdisc=0.501, rnorm=6.14 , rerr=6.17 
Landweber::-1.63e-14 ≤ estimate ≤ 451.
Landweber::i=588: rdisc=0.501, rnorm=6.14 , rerr=6.17 
Landweber::-1.95e-14 ≤ estimate ≤ 450.
Landweber::i=589: rdisc=0.501, rnorm=6.14 , rerr=6.17 
Landweber::-2.33e-14 ≤ estimate ≤ 450.
Landweber::i=590: rdisc=0.501, rnorm=6.14 , rerr=6.17 
Landweber::-2.77e-14 ≤ estimate ≤ 450.
Landweber::i=591: rdisc=0.501, rnorm=6.14 , rerr=6.17 
Landweber::-3.29e-14 ≤ estimate ≤ 450.
Landweber::i=592: rdisc=0.501, rnorm=6.15 , rerr=6.18 
Landweber::-3.89e-14 ≤ estimate ≤ 450.
Landweber::i=593: rdisc=0.501, rnorm=6.15 , rerr=6.18 
Landweber::-4.58e-14 ≤ estimate ≤ 450.
Landweber::i=594: rdisc=0.501, rnorm=6.15 , rerr=6.18 
Landweber::-5.39e-14 ≤ estimate ≤ 450.
Landweber::i=595: rdisc=0.500, rnorm=6.15 , rerr=6.18 
Landweber::-6.31e-14 ≤ estimate ≤ 450.
Landweber::i=596: rdisc=0.500, rnorm=6.15 , rerr=6.18 
Landweber::-7.38e-14 ≤ estimate ≤ 450.
Landweber::i=597: rdisc=0.500, rnorm=6.15 , rerr=6.18 
Landweber::-8.61e-14 ≤ estimate ≤ 450.
Landweber::i=598: rdisc=0.500, rnorm=6.15 , rerr=6.18 
Landweber::-1.00e-13 ≤ estimate ≤ 450.
Landweber::i=599: rdisc=0.500, rnorm=6.16 , rerr=6.18 
Landweber::-1.16e-13 ≤ estimate ≤ 449.
Landweber::i=600: rdisc=0.500, rnorm=6.16 , rerr=6.19 
Landweber::-1.34e-13 ≤ estimate ≤ 449.
Landweber::i=601: rdisc=0.500, rnorm=6.16 , rerr=6.19 
Landweber::-1.56e-13 ≤ estimate ≤ 449.
Landweber::i=602: rdisc=0.500, rnorm=6.16 , rerr=6.19 
Landweber::-1.80e-13 ≤ estimate ≤ 449.
Landweber::i=603: rdisc=0.500, rnorm=6.16 , rerr=6.19 
Landweber::-2.07e-13 ≤ estimate ≤ 449.
Landweber::i=604: rdisc=0.499, rnorm=6.16 , rerr=6.19 
Landweber::-2.38e-13 ≤ estimate ≤ 449.
Landweber::i=605: rdisc=0.499, rnorm=6.16 , rerr=6.19 
Landweber::-2.73e-13 ≤ estimate ≤ 449.
Landweber::i=606: rdisc=0.499, rnorm=6.16 , rerr=6.19 
Landweber::-3.12e-13 ≤ estimate ≤ 449.
Landweber::i=607: rdisc=0.499, rnorm=6.17 , rerr=6.20 
Landweber::-3.56e-13 ≤ estimate ≤ 449.
Landweber::i=608: rdisc=0.499, rnorm=6.17 , rerr=6.20 
Landweber::-4.06e-13 ≤ estimate ≤ 449.
Landweber::i=609: rdisc=0.499, rnorm=6.17 , rerr=6.20 
Landweber::-4.62e-13 ≤ estimate ≤ 449.
Landweber::i=610: rdisc=0.499, rnorm=6.17 , rerr=6.20 
Landweber::-5.25e-13 ≤ estimate ≤ 448.
Landweber::i=611: rdisc=0.499, rnorm=6.17 , rerr=6.20 
Landweber::-5.96e-13 ≤ estimate ≤ 448.
Landweber::i=612: rdisc=0.498, rnorm=6.17 , rerr=6.20 
Landweber::-6.75e-13 ≤ estimate ≤ 448.
Landweber::i=613: rdisc=0.498, rnorm=6.17 , rerr=6.20 
Landweber::-7.65e-13 ≤ estimate ≤ 448.
Landweber::i=614: rdisc=0.498, rnorm=6.18 , rerr=6.20 
Landweber::-8.64e-13 ≤ estimate ≤ 448.
Landweber::i=615: rdisc=0.498, rnorm=6.18 , rerr=6.21 
Landweber::-9.75e-13 ≤ estimate ≤ 448.
Landweber::i=616: rdisc=0.498, rnorm=6.18 , rerr=6.21 
Landweber::-1.10e-12 ≤ estimate ≤ 448.
Landweber::i=617: rdisc=0.498, rnorm=6.18 , rerr=6.21 
Landweber::-1.24e-12 ≤ estimate ≤ 448.
Landweber::i=618: rdisc=0.498, rnorm=6.18 , rerr=6.21 
Landweber::-1.39e-12 ≤ estimate ≤ 448.
Landweber::i=619: rdisc=0.498, rnorm=6.18 , rerr=6.21 
Landweber::-1.56e-12 ≤ estimate ≤ 448.
Landweber::i=620: rdisc=0.498, rnorm=6.18 , rerr=6.21 
Landweber::-1.74e-12 ≤ estimate ≤ 448.
Landweber::i=621: rdisc=0.497, rnorm=6.18 , rerr=6.21 
Landweber::-1.95e-12 ≤ estimate ≤ 447.
Landweber::i=622: rdisc=0.497, rnorm=6.19 , rerr=6.21 
Landweber::-2.18e-12 ≤ estimate ≤ 447.
Landweber::i=623: rdisc=0.497, rnorm=6.19 , rerr=6.22 
Landweber::-2.43e-12 ≤ estimate ≤ 447.
Landweber::i=624: rdisc=0.497, rnorm=6.19 , rerr=6.22 
Landweber::-2.70e-12 ≤ estimate ≤ 447.
Landweber::i=625: rdisc=0.497, rnorm=6.19 , rerr=6.22 
Landweber::-3.01e-12 ≤ estimate ≤ 447.
Landweber::i=626: rdisc=0.497, rnorm=6.19 , rerr=6.22 
Landweber::-3.34e-12 ≤ estimate ≤ 447.
Landweber::i=627: rdisc=0.497, rnorm=6.19 , rerr=6.22 
Landweber::-3.71e-12 ≤ estimate ≤ 447.
Landweber::i=628: rdisc=0.497, rnorm=6.19 , rerr=6.22 
Landweber::-4.11e-12 ≤ estimate ≤ 447.
Landweber::i=629: rdisc=0.496, rnorm=6.20 , rerr=6.22 
Landweber::-4.55e-12 ≤ estimate ≤ 447.
Landweber::i=630: rdisc=0.496, rnorm=6.20 , rerr=6.22 
Landweber::-5.04e-12 ≤ estimate ≤ 447.
Landweber::i=631: rdisc=0.496, rnorm=6.20 , rerr=6.23 
Landweber::-5.56e-12 ≤ estimate ≤ 446.
Landweber::i=632: rdisc=0.496, rnorm=6.20 , rerr=6.23 
Landweber::-6.14e-12 ≤ estimate ≤ 446.
Landweber::i=633: rdisc=0.496, rnorm=6.20 , rerr=6.23 
Landweber::-6.77e-12 ≤ estimate ≤ 446.
Landweber::i=634: rdisc=0.496, rnorm=6.20 , rerr=6.23 
Landweber::-7.46e-12 ≤ estimate ≤ 446.
Landweber::Saving current residual in ./step-0634/
Landweber::Saving current estimate in ./step-0634/
Landweber::Unsuccessful termination after 634 iterations!
Landweber::-7.46e-12 ≤ estimate ≤ 446.
Relative (ℝⁿ, ‖·‖₂) error of the reconstruction: 3.26
Relative L²([0,T], L²(Ω)) error of the reconstruction: 2.78
Relative H¹([0,T], L²(Ω)) error of the reconstruction: 6.23
Relative H¹([0, T], H¹(Ω)) error of the reconstruction: 16.0
Relative H²([0,T], L²(Ω)) error of the reconstruction: 21.0
Relative (ℝⁿ, ‖·‖₂) error of (reconstruction - initial guess): 3.26
Relative L²([0,T], L²(Ω)) error of (reconstruction - initial guess): 2.78
Relative H¹([0,T], L²(Ω)) error of (reconstruction - initial guess): 6.23
Relative H¹([0, T], H¹(Ω)) error of (reconstruction - initial guess): 16.0
Relative H²([0,T], L²(Ω)) error of (reconstruction - initial guess): 21.0
stats::forward              : 636 calls, average 1.1s per call
stats::linearization forward: 0 calls, average 0s per call
stats::linearization adjoint: 634 calls, average 1.1s per call
stats::measure forward      : 636 calls, average 1.2ms per call
stats::measure adjoint      : 634 calls, average 1.1ms per call
stats::total wall time      : 27min 47s
