JobId thies-vm Mon Jan 29 14:05:27 2018
wavepi 670f434d
Release-Build, compiled on 2018-01-19T14:12:01Z
from git commit 670f434de8c7a38f5d1bc9bb4a7f3c64400acab6 on branch master
initialize_mesh::Number of active cells: 4096
initialize_mesh::Number of degrees of freedom in the first spatial mesh: 4225
initialize_mesh::cell diameters: minimal = 0.177, maximal = 0.177
initialize_mesh::dt: 0.0235
parameters:WaveEquation::theta: 0.5
parameters:WaveEquation::tol: 1e-8
parameters:constraints::lower bound: 0.1
parameters:constraints::upper bound: 1e300
parameters:general::dimension: 2
parameters:general::finite element degree: 1
parameters:general::quadrature order: 3
parameters:inversion::method: REGINN
parameters:inversion::tau: 2
parameters:log::console depth: 2
parameters:log::file: wavepi.log
parameters:log::file depth: 100
parameters:mesh::end time: 6
parameters:mesh::initial refines: 6
parameters:mesh::initial time steps: 256
parameters:output::data: true
parameters:output::destination: ./step-{{i}}/
parameters:output::discrepancy decrease: 0.5
parameters:output::estimate: true
parameters:output::exact: true
parameters:output::interval: 50
parameters:output::last: true
parameters:output::residual: true
parameters:output::statistics: history
parameters:problem::constants: 
parameters:problem::epsilon: 1e-2
parameters:problem::initial guess: 1.0
parameters:problem::norm of codomain: L2L2
parameters:problem::norm of domain: H1L2
parameters:problem::parameter a: 1.0
parameters:problem::parameter c: 1.5
parameters:problem::parameter nu: 0.0
parameters:problem::parameter q: 0.0
parameters:problem::type: c
parameters:watchdog::discrepancy increasing: false
parameters:watchdog::discrepancy slope min values: 40
parameters:watchdog::discrepancy slope percentage: 0.25
parameters:watchdog::discrepancy slope threshold: 0.0
parameters:watchdog::discrepancy threshold: 10.0
parameters:watchdog::maximum iteration count: 0
REGINN::i=0 : rdisc=1.21, rnorm=0.667, rerr=0.333
REGINN::Saving exact parameter in ./step-0000/
REGINN::Saving data in ./step-0000/
REGINN::Saving current residual in ./step-0000/
REGINN::Saving current estimate in ./step-0000/
REGINN::1.00 ≤ estimate ≤ 1.00
REGINN::Solving linear problem using rtol=0.700 and max_iter=0
REGINN:CGLS::k=0 : rdisc=1.00, norm=0.00
REGINN:CGLS::k=1 : rdisc=0.774, norm=1.36
REGINN:CGLS::k=2 : rdisc=0.538, norm=3.00
REGINN:CGLS::Target discrepancy reached after 2 iterations.
REGINN:post_processing::Adjusted lower bound of estimate from -2.90 to 0.100
REGINN::i=1 : rdisc=0.707, rnorm=0.695, rerr=0.324
REGINN::0.100 ≤ estimate ≤ 2.88
REGINN::Solving linear problem using rtol=0.700 and max_iter=0
REGINN:CGLS::k=0 : rdisc=1.00, norm=0.00
REGINN:CGLS::k=1 : rdisc=0.748, norm=1.80
REGINN:CGLS::k=2 : rdisc=0.671, norm=2.37
REGINN:CGLS::Target discrepancy reached after 2 iterations.
REGINN:post_processing::Adjusted lower bound of estimate from -2.18 to 0.100
REGINN::i=2 : rdisc=0.424, rnorm=0.738, rerr=0.308
REGINN::Saving current residual in ./step-0002/
REGINN::Saving current estimate in ./step-0002/
REGINN::0.100 ≤ estimate ≤ 4.13
REGINN::Solving linear problem using rtol=0.598 and max_iter=0
REGINN:CGLS::k=0 : rdisc=1.00, norm=0.00
REGINN:CGLS::k=1 : rdisc=0.848, norm=1.12
REGINN:CGLS::k=2 : rdisc=0.702, norm=2.28
REGINN:CGLS::k=3 : rdisc=0.604, norm=3.14
REGINN:CGLS::k=4 : rdisc=0.511, norm=4.08
REGINN:CGLS::Target discrepancy reached after 4 iterations.
REGINN:post_processing::Adjusted lower bound of estimate from -1.66 to 0.100
REGINN::i=3 : rdisc=0.203, rnorm=0.796, rerr=0.266
REGINN::Saving current residual in ./step-0003/
REGINN::Saving current estimate in ./step-0003/
REGINN::0.100 ≤ estimate ≤ 2.63
REGINN::Solving linear problem using rtol=0.512 and max_iter=0
REGINN:CGLS::k=0 : rdisc=1.00, norm=0.00
REGINN:CGLS::k=1 : rdisc=0.807, norm=0.352
REGINN:CGLS::k=2 : rdisc=0.648, norm=0.875
REGINN:CGLS::k=3 : rdisc=0.525, norm=1.39
REGINN:CGLS::k=4 : rdisc=0.440, norm=1.77
REGINN:CGLS::Target discrepancy reached after 4 iterations.
REGINN:post_processing::Adjusted lower bound of estimate from -1.56 to 0.100
REGINN::i=4 : rdisc=0.0839, rnorm=0.816, rerr=0.253
REGINN::Saving current residual in ./step-0004/
REGINN::Saving current estimate in ./step-0004/
REGINN::0.100 ≤ estimate ≤ 2.87
REGINN::Solving linear problem using rtol=0.438 and max_iter=0
REGINN:CGLS::k=0 : rdisc=1.00, norm=0.00
REGINN:CGLS::k=1 : rdisc=0.934, norm=0.0864
REGINN:CGLS::k=2 : rdisc=0.830, norm=0.297
REGINN:CGLS::k=3 : rdisc=0.741, norm=0.515
REGINN:CGLS::k=4 : rdisc=0.652, norm=0.773
REGINN:CGLS::k=5 : rdisc=0.568, norm=1.05
REGINN:CGLS::k=6 : rdisc=0.550, norm=1.11
REGINN:CGLS::k=7 : rdisc=0.493, norm=1.32
REGINN:CGLS::k=8 : rdisc=0.445, norm=1.51
REGINN:CGLS::k=9 : rdisc=0.421, norm=1.61
REGINN:CGLS::Target discrepancy reached after 9 iterations.
REGINN:post_processing::Adjusted lower bound of estimate from -0.270 to 0.100
REGINN::i=5 : rdisc=0.0364, rnorm=0.839, rerr=0.243
REGINN::Saving current residual in ./step-0005/
REGINN::Saving current estimate in ./step-0005/
REGINN::0.100 ≤ estimate ≤ 2.58
REGINN::Solving linear problem using rtol=0.522 and max_iter=0
REGINN:CGLS::k=0 : rdisc=1.00, norm=0.00
REGINN:CGLS::k=1 : rdisc=0.951, norm=0.0484
REGINN:CGLS::k=2 : rdisc=0.854, norm=0.185
REGINN:CGLS::k=3 : rdisc=0.831, norm=0.220
REGINN:CGLS::k=4 : rdisc=0.806, norm=0.261
REGINN:CGLS::k=5 : rdisc=0.784, norm=0.304
REGINN:CGLS::k=6 : rdisc=0.733, norm=0.429
REGINN:CGLS::k=7 : rdisc=0.696, norm=0.534
REGINN:CGLS::k=8 : rdisc=0.685, norm=0.569
REGINN:CGLS::k=9 : rdisc=0.668, norm=0.623
REGINN:CGLS::k=10: rdisc=0.622, norm=0.776
REGINN:CGLS::k=11: rdisc=0.582, norm=0.919
REGINN:CGLS::k=12: rdisc=0.564, norm=0.986
REGINN:CGLS::k=13: rdisc=0.539, norm=1.07
REGINN:CGLS::k=14: rdisc=0.535, norm=1.09
REGINN:CGLS::k=15: rdisc=0.525, norm=1.13
REGINN:CGLS::k=16: rdisc=0.509, norm=1.18
REGINN:CGLS::Target discrepancy reached after 16 iterations.
REGINN:post_processing::Adjusted lower bound of estimate from -0.0129 to 0.100
REGINN::i=6 : rdisc=0.0189, rnorm=0.848, rerr=0.238
REGINN::0.100 ≤ estimate ≤ 2.30
REGINN::Target discrepancy reached after 6 iterations.
REGINN::Saving current residual in ./step-0006/
REGINN::Saving current estimate in ./step-0006/
REGINN::0.100 ≤ estimate ≤ 2.30
stats::forward              : 8 calls, average 9.85 s per call
stats::linearization forward: 37 calls, average 7.57 s per call
stats::linearization adjoint: 37 calls, average 8.90 s per call
stats::measure forward      : 45 calls, average 0.00206 s per call
stats::measure adjoint      : 37 calls, average 0.00336 s per call
