JobId arch-vm0 Fri Feb 23 14:13:54 2018
wavepi 1ea872c3
Release-Build, compiled on 2018-02-23T12:31:51Z from commit 1ea872c33a71efe2cbf2ea88da2d59999d0ca907 ("CubeBoundary") on branch master

initialize_mesh::Number of active cells: 4096
initialize_mesh::Number of degrees of freedom in the first spatial mesh: 4225
initialize_mesh::cell diameters: minimal = 0.177, maximal = 0.177
initialize_mesh::dt: 0.0235
initialize_mesh::expected size of a DiscretizedFunction<dim>: 8.25 MiB
parameters:LogTransform::lower bound: 0.0
parameters:WaveEquation::theta: 0.5
parameters:WaveEquation::tol: 1e-8
parameters:constraints::lower bound: 0.1
parameters:constraints::upper bound: 1e300
parameters:general::dimension: 2
parameters:general::finite element degree: 1
parameters:general::quadrature order: 3
parameters:inversion::method: REGINN
parameters:inversion::tau: 2
parameters:log::console depth: 2
parameters:log::file: wavepi.log
parameters:log::file depth: 4
parameters:mesh::end time: 6
parameters:mesh::initial refines: 6
parameters:mesh::initial time steps: 256
parameters:output::data: true
parameters:output::destination: ./step-{{i}}/
parameters:output::discrepancy decrease: 0.5
parameters:output::estimate: true
parameters:output::estimate transformed: false
parameters:output::exact: true
parameters:output::exact transformed: false
parameters:output::interval: 50
parameters:output::last: true
parameters:output::residual: true
parameters:output::statistics: history
parameters:problem::H1L2 alpha: 0.5
parameters:problem::H2L2 alpha: 0.5
parameters:problem::H2L2 beta: 0.25
parameters:problem::constants: 
parameters:problem::epsilon: 1e-3
parameters:problem::initial guess: 1.0
parameters:problem::norm of codomain: L2L2
parameters:problem::norm of domain: H1L2
parameters:problem::parameter a: 1.0
parameters:problem::parameter c: 1.5
parameters:problem::parameter nu: 0.0
parameters:problem::parameter q: 0.0
parameters:problem::transform: Identity
parameters:problem::type: c
parameters:watchdog::discrepancy increasing: false
parameters:watchdog::discrepancy slope min values: 40
parameters:watchdog::discrepancy slope percentage: 0.25
parameters:watchdog::discrepancy slope threshold: 0.0
parameters:watchdog::discrepancy threshold: 10.0
parameters:watchdog::maximum iteration count: 0
REGINN::Saving exact parameter in ./step-0000/
REGINN::Saving data in ./step-0000/
REGINN::Saving current residual in ./step-0000/
REGINN::Saving current estimate in ./step-0000/
REGINN::i=0 : rdisc=1.21, rnorm=0.667, rerr=0.333
REGINN::1.00 ≤ estimate ≤ 1.00
REGINN::Solving linear problem using rtol=0.900 and max_iter=1
REGINN:CGLS::k=0 : rdisc=1.00, norm=0.00
REGINN:CGLS::k=1 : rdisc=0.746, norm=1.34
REGINN:CGLS::Safeguarding: λ=0.756 ⇒ rdisc=0.900
REGINN:CGLS::Target discrepancy reached after 1 iteration.
REGINN::i=1 : rdisc=1.09, rnorm=0.670, rerr=0.330
REGINN::0.983 ≤ estimate ≤ 1.24
REGINN::
REGINN::Solving linear problem using rtol=0.900 and max_iter=2
REGINN:CGLS::k=0 : rdisc=1.00, norm=0.00
REGINN:CGLS::k=1 : rdisc=0.733, norm=1.32
REGINN:CGLS::Safeguarding: λ=0.768 ⇒ rdisc=0.900
REGINN:CGLS::Target discrepancy reached after 1 iteration.
REGINN::i=2 : rdisc=0.976, rnorm=0.674, rerr=0.327
REGINN::0.982 ≤ estimate ≤ 1.47
REGINN::
REGINN::Solving linear problem using rtol=0.854 and max_iter=2
REGINN:CGLS::k=0 : rdisc=1.00, norm=0.00
REGINN:CGLS::k=1 : rdisc=0.719, norm=1.31
REGINN:CGLS::Safeguarding: λ=0.664 ⇒ rdisc=0.854
REGINN:CGLS::Target discrepancy reached after 1 iteration.
REGINN::i=3 : rdisc=0.826, rnorm=0.679, rerr=0.323
REGINN::0.976 ≤ estimate ≤ 1.81
REGINN::
REGINN::Solving linear problem using rtol=0.811 and max_iter=2
REGINN:CGLS::k=0 : rdisc=1.00, norm=0.00
REGINN:CGLS::k=1 : rdisc=0.705, norm=1.27
REGINN:CGLS::Safeguarding: λ=0.564 ⇒ rdisc=0.811
REGINN:CGLS::Target discrepancy reached after 1 iteration.
REGINN::i=4 : rdisc=0.659, rnorm=0.688, rerr=0.318
REGINN::0.972 ≤ estimate ≤ 2.22
REGINN::
REGINN::Solving linear problem using rtol=0.769 and max_iter=2
REGINN:CGLS::k=0 : rdisc=1.00, norm=0.00
REGINN:CGLS::k=1 : rdisc=0.711, norm=1.15
REGINN:CGLS::Safeguarding: λ=0.417 ⇒ rdisc=0.769
REGINN:CGLS::Target discrepancy reached after 1 iteration.
REGINN::Saving current residual in ./step-0005/
REGINN::Saving current estimate in ./step-0005/
REGINN::i=5 : rdisc=0.495, rnorm=0.699, rerr=0.313
REGINN::0.961 ≤ estimate ≤ 2.91
REGINN::
REGINN::Solving linear problem using rtol=0.730 and max_iter=2
REGINN:CGLS::k=0 : rdisc=1.00, norm=0.00
REGINN:CGLS::k=1 : rdisc=0.769, norm=0.959
REGINN:CGLS::k=2 : rdisc=0.581, norm=1.98
REGINN:CGLS::Safeguarding: λ=0.879 ⇒ rdisc=0.730
REGINN:CGLS::Target discrepancy reached after 2 iterations.
REGINN::i=6 : rdisc=0.348, rnorm=0.720, rerr=0.303
REGINN::0.925 ≤ estimate ≤ 3.69
REGINN::
REGINN::Solving linear problem using rtol=0.693 and max_iter=3
REGINN:CGLS::k=0 : rdisc=1.00, norm=0.00
REGINN:CGLS::k=1 : rdisc=0.689, norm=1.78
REGINN:CGLS::Safeguarding: λ=0.102 ⇒ rdisc=0.693
REGINN:CGLS::Target discrepancy reached after 1 iteration.
REGINN::Saving current residual in ./step-0007/
REGINN::Saving current estimate in ./step-0007/
REGINN::i=7 : rdisc=0.241, rnorm=0.745, rerr=0.286
REGINN::0.194 ≤ estimate ≤ 3.24
REGINN::
REGINN::Solving linear problem using rtol=0.658 and max_iter=3
REGINN:CGLS::k=0 : rdisc=1.00, norm=0.00
REGINN:CGLS::k=1 : rdisc=0.782, norm=0.907
REGINN:CGLS::k=2 : rdisc=0.555, norm=1.86
REGINN:CGLS::Safeguarding: λ=0.640 ⇒ rdisc=0.658
REGINN:CGLS::Target discrepancy reached after 2 iterations.
REGINN:post_processing::Adjusted lower bound of estimate from -0.768 to 0.100
REGINN::i=8 : rdisc=0.158, rnorm=0.760, rerr=0.276
REGINN::0.100 ≤ estimate ≤ 2.93
REGINN::
REGINN::Solving linear problem using rtol=0.624 and max_iter=3
REGINN:CGLS::k=0 : rdisc=1.00, norm=0.00
REGINN:CGLS::k=1 : rdisc=0.851, norm=0.439
REGINN:CGLS::k=2 : rdisc=0.736, norm=0.780
REGINN:CGLS::k=3 : rdisc=0.441, norm=1.64
REGINN:CGLS::Safeguarding: λ=0.748 ⇒ rdisc=0.624
REGINN:CGLS::Target discrepancy reached after 3 iterations.
REGINN::Saving current residual in ./step-0009/
REGINN::Saving current estimate in ./step-0009/
REGINN::i=9 : rdisc=0.102, rnorm=0.778, rerr=0.269
REGINN::0.165 ≤ estimate ≤ 2.49
REGINN::
REGINN::Solving linear problem using rtol=0.592 and max_iter=5
REGINN:CGLS::k=0 : rdisc=1.00, norm=0.00
REGINN:CGLS::k=1 : rdisc=0.898, norm=0.135
REGINN:CGLS::k=2 : rdisc=0.806, norm=0.307
REGINN:CGLS::k=3 : rdisc=0.556, norm=0.951
REGINN:CGLS::Safeguarding: λ=0.348 ⇒ rdisc=0.592
REGINN:CGLS::Target discrepancy reached after 3 iterations.
REGINN:post_processing::Adjusted lower bound of estimate from 0.0430 to 0.100
REGINN::i=10: rdisc=0.0603, rnorm=0.791, rerr=0.265
REGINN::0.100 ≤ estimate ≤ 2.27
REGINN::
REGINN::Solving linear problem using rtol=0.562 and max_iter=6
REGINN:CGLS::k=0 : rdisc=1.00, norm=0.00
REGINN:CGLS::k=1 : rdisc=0.950, norm=0.0769
REGINN:CGLS::k=2 : rdisc=0.898, norm=0.185
REGINN:CGLS::k=3 : rdisc=0.807, norm=0.404
REGINN:CGLS::k=4 : rdisc=0.628, norm=0.807
REGINN:CGLS::k=5 : rdisc=0.557, norm=0.950
REGINN:CGLS::Safeguarding: λ=0.266 ⇒ rdisc=0.562
REGINN:CGLS::Target discrepancy reached after 5 iterations.
REGINN:post_processing::Adjusted lower bound of estimate from -0.0950 to 0.100
REGINN::Saving current residual in ./step-0011/
REGINN::Saving current estimate in ./step-0011/
REGINN::i=11: rdisc=0.0339, rnorm=0.805, rerr=0.260
REGINN::0.100 ≤ estimate ≤ 2.04
REGINN::
REGINN::Solving linear problem using rtol=0.533 and max_iter=8
REGINN:CGLS::k=0 : rdisc=1.00, norm=0.00
REGINN:CGLS::k=1 : rdisc=0.938, norm=0.0845
REGINN:CGLS::k=2 : rdisc=0.854, norm=0.222
REGINN:CGLS::k=3 : rdisc=0.804, norm=0.306
REGINN:CGLS::k=4 : rdisc=0.759, norm=0.382
REGINN:CGLS::k=5 : rdisc=0.697, norm=0.490
REGINN:CGLS::k=6 : rdisc=0.649, norm=0.575
REGINN:CGLS::k=7 : rdisc=0.581, norm=0.700
REGINN:CGLS::k=8 : rdisc=0.526, norm=0.798
REGINN:CGLS::Safeguarding: λ=0.362 ⇒ rdisc=0.533
REGINN:CGLS::Target discrepancy reached after 8 iterations.
REGINN:post_processing::Adjusted lower bound of estimate from 0.00623 to 0.100
REGINN::i=12: rdisc=0.0180, rnorm=0.810, rerr=0.258
REGINN::0.100 ≤ estimate ≤ 2.07
REGINN::
REGINN::Solving linear problem using rtol=0.506 and max_iter=13
REGINN:CGLS::k=0 : rdisc=1.00, norm=0.00
REGINN:CGLS::k=1 : rdisc=0.980, norm=0.0123
REGINN:CGLS::k=2 : rdisc=0.950, norm=0.0370
REGINN:CGLS::k=3 : rdisc=0.924, norm=0.0622
REGINN:CGLS::k=4 : rdisc=0.896, norm=0.0940
REGINN:CGLS::k=5 : rdisc=0.862, norm=0.140
REGINN:CGLS::k=6 : rdisc=0.838, norm=0.176
REGINN:CGLS::k=7 : rdisc=0.795, norm=0.245
REGINN:CGLS::k=8 : rdisc=0.752, norm=0.319
REGINN:CGLS::k=9 : rdisc=0.736, norm=0.347
REGINN:CGLS::k=10: rdisc=0.669, norm=0.465
REGINN:CGLS::k=11: rdisc=0.614, norm=0.559
REGINN:CGLS::k=12: rdisc=0.598, norm=0.587
REGINN:CGLS::k=13: rdisc=0.584, norm=0.610
REGINN:CGLS::Unsuccessful termination after 13 iterations!
REGINN::Linear solver did not achieve desired discrepancy due to max_iter.
REGINN:post_processing::Adjusted lower bound of estimate from 0.0666 to 0.100
REGINN::Saving current residual in ./step-0013/
REGINN::Saving current estimate in ./step-0013/
REGINN::i=13: rdisc=0.0106, rnorm=0.815, rerr=0.255
REGINN::0.100 ≤ estimate ≤ 2.08
REGINN::
REGINN::Solving linear problem using rtol=0.695 and max_iter=21
REGINN:CGLS::k=0 : rdisc=1.00, norm=0.00
REGINN:CGLS::k=1 : rdisc=0.982, norm=0.00762
REGINN:CGLS::k=2 : rdisc=0.971, norm=0.0142
REGINN:CGLS::k=3 : rdisc=0.961, norm=0.0225
REGINN:CGLS::k=4 : rdisc=0.946, norm=0.0368
REGINN:CGLS::k=5 : rdisc=0.924, norm=0.0624
REGINN:CGLS::k=6 : rdisc=0.911, norm=0.0788
REGINN:CGLS::k=7 : rdisc=0.895, norm=0.102
REGINN:CGLS::k=8 : rdisc=0.871, norm=0.137
REGINN:CGLS::k=9 : rdisc=0.859, norm=0.156
REGINN:CGLS::k=10: rdisc=0.834, norm=0.197
REGINN:CGLS::k=11: rdisc=0.812, norm=0.233
REGINN:CGLS::k=12: rdisc=0.783, norm=0.284
REGINN:CGLS::k=13: rdisc=0.771, norm=0.305
REGINN:CGLS::k=14: rdisc=0.736, norm=0.365
REGINN:CGLS::k=15: rdisc=0.729, norm=0.378
REGINN:CGLS::k=16: rdisc=0.695, norm=0.438
REGINN:CGLS::Safeguarding: λ=0.103 ⇒ rdisc=0.695
REGINN:CGLS::Target discrepancy reached after 16 iterations.
REGINN:post_processing::Adjusted lower bound of estimate from 0.0518 to 0.100
REGINN::i=14: rdisc=0.00746, rnorm=0.818, rerr=0.254
REGINN::0.100 ≤ estimate ≤ 2.18
REGINN::
REGINN::Solving linear problem using rtol=0.752 and max_iter=29
REGINN:CGLS::k=0 : rdisc=1.00, norm=0.00
REGINN:CGLS::k=1 : rdisc=0.984, norm=0.00561
REGINN:CGLS::k=2 : rdisc=0.966, norm=0.0146
REGINN:CGLS::k=3 : rdisc=0.953, norm=0.0228
REGINN:CGLS::k=4 : rdisc=0.947, norm=0.0270
REGINN:CGLS::k=5 : rdisc=0.930, norm=0.0421
REGINN:CGLS::k=6 : rdisc=0.919, norm=0.0523
REGINN:CGLS::k=7 : rdisc=0.911, norm=0.0609
REGINN:CGLS::k=8 : rdisc=0.903, norm=0.0706
REGINN:CGLS::k=9 : rdisc=0.880, norm=0.100
REGINN:CGLS::k=10: rdisc=0.876, norm=0.106
REGINN:CGLS::k=11: rdisc=0.862, norm=0.125
REGINN:CGLS::k=12: rdisc=0.848, norm=0.147
REGINN:CGLS::k=13: rdisc=0.840, norm=0.159
REGINN:CGLS::k=14: rdisc=0.832, norm=0.173
REGINN:CGLS::k=15: rdisc=0.825, norm=0.184
REGINN:CGLS::k=16: rdisc=0.815, norm=0.200
REGINN:CGLS::k=17: rdisc=0.797, norm=0.232
REGINN:CGLS::k=18: rdisc=0.776, norm=0.270
REGINN:CGLS::k=19: rdisc=0.759, norm=0.300
REGINN:CGLS::k=20: rdisc=0.734, norm=0.347
REGINN:CGLS::Safeguarding: λ=0.837 ⇒ rdisc=0.752
REGINN:CGLS::Target discrepancy reached after 20 iterations.
REGINN:post_processing::Adjusted lower bound of estimate from 0.00742 to 0.100
REGINN::i=15: rdisc=0.00572, rnorm=0.820, rerr=0.253
REGINN::0.100 ≤ estimate ≤ 2.31
REGINN::
REGINN::Solving linear problem using rtol=0.801 and max_iter=36
REGINN:CGLS::k=0 : rdisc=1.00, norm=0.00
REGINN:CGLS::k=1 : rdisc=0.990, norm=0.00273
REGINN:CGLS::k=2 : rdisc=0.981, norm=0.00628
REGINN:CGLS::k=3 : rdisc=0.966, norm=0.0138
REGINN:CGLS::k=4 : rdisc=0.950, norm=0.0232
REGINN:CGLS::k=5 : rdisc=0.939, norm=0.0304
REGINN:CGLS::k=6 : rdisc=0.931, norm=0.0360
REGINN:CGLS::k=7 : rdisc=0.924, norm=0.0418
REGINN:CGLS::k=8 : rdisc=0.919, norm=0.0463
REGINN:CGLS::k=9 : rdisc=0.914, norm=0.0512
REGINN:CGLS::k=10: rdisc=0.906, norm=0.0603
REGINN:CGLS::k=11: rdisc=0.893, norm=0.0759
REGINN:CGLS::k=12: rdisc=0.885, norm=0.0875
REGINN:CGLS::k=13: rdisc=0.881, norm=0.0929
REGINN:CGLS::k=14: rdisc=0.877, norm=0.0982
REGINN:CGLS::k=15: rdisc=0.868, norm=0.111
REGINN:CGLS::k=16: rdisc=0.862, norm=0.121
REGINN:CGLS::k=17: rdisc=0.852, norm=0.136
REGINN:CGLS::k=18: rdisc=0.842, norm=0.153
REGINN:CGLS::k=19: rdisc=0.833, norm=0.169
REGINN:CGLS::k=20: rdisc=0.829, norm=0.178
REGINN:CGLS::k=21: rdisc=0.815, norm=0.203
REGINN:CGLS::k=22: rdisc=0.785, norm=0.258
REGINN:CGLS::Safeguarding: λ=0.717 ⇒ rdisc=0.801
REGINN:CGLS::Target discrepancy reached after 22 iterations.
REGINN:post_processing::Adjusted lower bound of estimate from -0.0163 to 0.100
REGINN::Saving current residual in ./step-0016/
REGINN::Saving current estimate in ./step-0016/
REGINN::i=16: rdisc=0.00479, rnorm=0.821, rerr=0.253
REGINN::0.100 ≤ estimate ≤ 2.50
REGINN::
REGINN::Solving linear problem using rtol=0.818 and max_iter=42
REGINN:CGLS::k=0 : rdisc=1.00, norm=0.00
REGINN:CGLS::k=1 : rdisc=0.977, norm=0.00301
REGINN:CGLS::k=2 : rdisc=0.969, norm=0.00453
REGINN:CGLS::k=3 : rdisc=0.960, norm=0.00780
REGINN:CGLS::k=4 : rdisc=0.945, norm=0.0151
REGINN:CGLS::k=5 : rdisc=0.935, norm=0.0213
REGINN:CGLS::k=6 : rdisc=0.930, norm=0.0253
REGINN:CGLS::k=7 : rdisc=0.927, norm=0.0276
REGINN:CGLS::k=8 : rdisc=0.921, norm=0.0327
REGINN:CGLS::k=9 : rdisc=0.918, norm=0.0357
REGINN:CGLS::k=10: rdisc=0.914, norm=0.0391
REGINN:CGLS::k=11: rdisc=0.906, norm=0.0485
REGINN:CGLS::k=12: rdisc=0.904, norm=0.0512
REGINN:CGLS::k=13: rdisc=0.899, norm=0.0583
REGINN:CGLS::k=14: rdisc=0.894, norm=0.0655
REGINN:CGLS::k=15: rdisc=0.885, norm=0.0793
REGINN:CGLS::k=16: rdisc=0.879, norm=0.0882
REGINN:CGLS::k=17: rdisc=0.873, norm=0.0994
REGINN:CGLS::k=18: rdisc=0.870, norm=0.104
REGINN:CGLS::k=19: rdisc=0.864, norm=0.114
REGINN:CGLS::k=20: rdisc=0.859, norm=0.123
REGINN:CGLS::k=21: rdisc=0.853, norm=0.134
REGINN:CGLS::k=22: rdisc=0.838, norm=0.164
REGINN:CGLS::k=23: rdisc=0.814, norm=0.210
REGINN:CGLS::Safeguarding: λ=0.383 ⇒ rdisc=0.818
REGINN:CGLS::Target discrepancy reached after 23 iterations.
REGINN:post_processing::Adjusted lower bound of estimate from -0.103 to 0.100
REGINN::i=17: rdisc=0.00432, rnorm=0.822, rerr=0.252
REGINN::0.100 ≤ estimate ≤ 2.69
REGINN::
REGINN::Solving linear problem using rtol=0.825 and max_iter=45
REGINN:CGLS::k=0 : rdisc=1.00, norm=0.00
REGINN:CGLS::k=1 : rdisc=0.946, norm=0.00415
REGINN:CGLS::k=2 : rdisc=0.931, norm=0.00578
REGINN:CGLS::k=3 : rdisc=0.921, norm=0.00769
REGINN:CGLS::k=4 : rdisc=0.904, norm=0.0138
REGINN:CGLS::k=5 : rdisc=0.894, norm=0.0185
REGINN:CGLS::k=6 : rdisc=0.889, norm=0.0216
REGINN:CGLS::k=7 : rdisc=0.882, norm=0.0264
REGINN:CGLS::k=8 : rdisc=0.879, norm=0.0285
REGINN:CGLS::k=9 : rdisc=0.876, norm=0.0313
REGINN:CGLS::k=10: rdisc=0.873, norm=0.0339
REGINN:CGLS::k=11: rdisc=0.869, norm=0.0378
REGINN:CGLS::k=12: rdisc=0.868, norm=0.0390
REGINN:CGLS::k=13: rdisc=0.865, norm=0.0426
REGINN:CGLS::k=14: rdisc=0.861, norm=0.0468
REGINN:CGLS::k=15: rdisc=0.856, norm=0.0544
REGINN:CGLS::k=16: rdisc=0.850, norm=0.0627
REGINN:CGLS::k=17: rdisc=0.849, norm=0.0651
REGINN:CGLS::k=18: rdisc=0.845, norm=0.0715
REGINN:CGLS::k=19: rdisc=0.841, norm=0.0789
REGINN:CGLS::k=20: rdisc=0.838, norm=0.0833
REGINN:CGLS::k=21: rdisc=0.831, norm=0.0968
REGINN:CGLS::k=22: rdisc=0.826, norm=0.107
REGINN:CGLS::k=23: rdisc=0.822, norm=0.116
REGINN:CGLS::Safeguarding: λ=0.866 ⇒ rdisc=0.825
REGINN:CGLS::Target discrepancy reached after 23 iterations.
REGINN:post_processing::Adjusted lower bound of estimate from -0.115 to 0.100
REGINN::i=18: rdisc=0.00421, rnorm=0.823, rerr=0.252
REGINN::0.100 ≤ estimate ≤ 2.80
REGINN::
REGINN::Solving linear problem using rtol=0.824 and max_iter=46
REGINN:CGLS::k=0 : rdisc=1.00, norm=0.00
REGINN:CGLS::k=1 : rdisc=0.910, norm=0.00473
REGINN:CGLS::k=2 : rdisc=0.887, norm=0.00650
REGINN:CGLS::k=3 : rdisc=0.874, norm=0.00845
REGINN:CGLS::k=4 : rdisc=0.858, norm=0.0129
REGINN:CGLS::k=5 : rdisc=0.852, norm=0.0153
REGINN:CGLS::k=6 : rdisc=0.849, norm=0.0168
REGINN:CGLS::k=7 : rdisc=0.843, norm=0.0209
REGINN:CGLS::k=8 : rdisc=0.840, norm=0.0230
REGINN:CGLS::k=9 : rdisc=0.837, norm=0.0250
REGINN:CGLS::k=10: rdisc=0.835, norm=0.0269
REGINN:CGLS::k=11: rdisc=0.832, norm=0.0300
REGINN:CGLS::k=12: rdisc=0.831, norm=0.0312
REGINN:CGLS::k=13: rdisc=0.829, norm=0.0336
REGINN:CGLS::k=14: rdisc=0.825, norm=0.0395
REGINN:CGLS::k=15: rdisc=0.821, norm=0.0452
REGINN:CGLS::Safeguarding: λ=0.916 ⇒ rdisc=0.824
REGINN:CGLS::Target discrepancy reached after 15 iterations.
REGINN:post_processing::Adjusted lower bound of estimate from -0.109 to 0.100
REGINN::i=19: rdisc=0.00407, rnorm=0.823, rerr=0.252
REGINN::0.100 ≤ estimate ≤ 2.84
REGINN::
REGINN::Solving linear problem using rtol=0.782 and max_iter=38
REGINN:CGLS::k=0 : rdisc=1.00, norm=0.00
REGINN:CGLS::k=1 : rdisc=0.912, norm=0.00460
REGINN:CGLS::k=2 : rdisc=0.886, norm=0.00659
REGINN:CGLS::k=3 : rdisc=0.871, norm=0.00872
REGINN:CGLS::k=4 : rdisc=0.857, norm=0.0120
REGINN:CGLS::k=5 : rdisc=0.854, norm=0.0131
REGINN:CGLS::k=6 : rdisc=0.853, norm=0.0136
REGINN:CGLS::k=7 : rdisc=0.851, norm=0.0148
REGINN:CGLS::k=8 : rdisc=0.848, norm=0.0166
REGINN:CGLS::k=9 : rdisc=0.847, norm=0.0175
REGINN:CGLS::k=10: rdisc=0.844, norm=0.0217
REGINN:CGLS::k=11: rdisc=0.843, norm=0.0241
REGINN:CGLS::k=12: rdisc=0.841, norm=0.0269
REGINN:CGLS::k=13: rdisc=0.837, norm=0.0342
REGINN:CGLS::k=14: rdisc=0.833, norm=0.0409
REGINN:CGLS::k=15: rdisc=0.828, norm=0.0522
REGINN:CGLS::k=16: rdisc=0.819, norm=0.0711
REGINN:CGLS::k=17: rdisc=0.816, norm=0.0777
REGINN:CGLS::k=18: rdisc=0.811, norm=0.0882
REGINN:CGLS::k=19: rdisc=0.803, norm=0.106
REGINN:CGLS::k=20: rdisc=0.796, norm=0.121
REGINN:CGLS::k=21: rdisc=0.791, norm=0.132
REGINN:CGLS::k=22: rdisc=0.782, norm=0.152
REGINN:CGLS::k=23: rdisc=0.775, norm=0.167
REGINN:CGLS::Safeguarding: λ=0.986 ⇒ rdisc=0.782
REGINN:CGLS::Target discrepancy reached after 23 iterations.
REGINN:post_processing::Adjusted lower bound of estimate from -0.418 to 0.100
REGINN::i=20: rdisc=0.00561, rnorm=0.824, rerr=0.251
REGINN::0.100 ≤ estimate ≤ 3.08
REGINN::
REGINN::Solving linear problem using rtol=0.857 and max_iter=38
REGINN:CGLS::k=0 : rdisc=1.00, norm=0.00
REGINN:CGLS::k=1 : rdisc=0.743, norm=0.0100
REGINN:CGLS::Safeguarding: λ=0.638 ⇒ rdisc=0.857
REGINN:CGLS::Target discrepancy reached after 1 iteration.
REGINN:post_processing::Adjusted lower bound of estimate from 0.0899 to 0.100
REGINN::i=21: rdisc=0.00492, rnorm=0.824, rerr=0.251
REGINN::0.100 ≤ estimate ≤ 3.07
REGINN::
REGINN::Solving linear problem using rtol=0.813 and max_iter=24
REGINN:CGLS::k=0 : rdisc=1.00, norm=0.00
REGINN:CGLS::k=1 : rdisc=0.815, norm=0.00834
REGINN:CGLS::k=2 : rdisc=0.746, norm=0.0122
REGINN:CGLS::Safeguarding: λ=0.990 ⇒ rdisc=0.813
REGINN:CGLS::Target discrepancy reached after 2 iterations.
REGINN:post_processing::Adjusted lower bound of estimate from 0.0728 to 0.100
REGINN::i=22: rdisc=0.00413, rnorm=0.824, rerr=0.251
REGINN::0.100 ≤ estimate ≤ 3.05
REGINN::
REGINN::Solving linear problem using rtol=0.772 and max_iter=3
REGINN:CGLS::k=0 : rdisc=1.00, norm=0.00
REGINN:CGLS::k=1 : rdisc=0.922, norm=0.00552
REGINN:CGLS::k=2 : rdisc=0.855, norm=0.0112
REGINN:CGLS::k=3 : rdisc=0.802, norm=0.0171
REGINN:CGLS::Unsuccessful termination after 3 iterations!
REGINN::Linear solver did not achieve desired discrepancy due to max_iter.
REGINN:post_processing::Adjusted lower bound of estimate from 0.0155 to 0.100
REGINN::i=23: rdisc=0.00356, rnorm=0.824, rerr=0.251
REGINN::0.100 ≤ estimate ≤ 3.02
REGINN::
REGINN::Solving linear problem using rtol=0.733 and max_iter=5
REGINN:CGLS::k=0 : rdisc=1.00, norm=0.00
REGINN:CGLS::k=1 : rdisc=0.944, norm=0.00334
REGINN:CGLS::k=2 : rdisc=0.930, norm=0.00460
REGINN:CGLS::k=3 : rdisc=0.891, norm=0.0119
REGINN:CGLS::k=4 : rdisc=0.886, norm=0.0130
REGINN:CGLS::k=5 : rdisc=0.880, norm=0.0155
REGINN:CGLS::Unsuccessful termination after 5 iterations!
REGINN::Linear solver did not achieve desired discrepancy due to max_iter.
REGINN:post_processing::Adjusted lower bound of estimate from 0.0125 to 0.100
REGINN::i=24: rdisc=0.00328, rnorm=0.824, rerr=0.251
REGINN::0.100 ≤ estimate ≤ 3.01
REGINN::
REGINN::Solving linear problem using rtol=0.695 and max_iter=8
REGINN:CGLS::k=0 : rdisc=1.00, norm=0.00
REGINN:CGLS::k=1 : rdisc=0.971, norm=0.00205
REGINN:CGLS::k=2 : rdisc=0.962, norm=0.00300
REGINN:CGLS::k=3 : rdisc=0.957, norm=0.00426
REGINN:CGLS::k=4 : rdisc=0.953, norm=0.00572
REGINN:CGLS::k=5 : rdisc=0.950, norm=0.00716
REGINN:CGLS::k=6 : rdisc=0.949, norm=0.00788
REGINN:CGLS::k=7 : rdisc=0.947, norm=0.0102
REGINN:CGLS::k=8 : rdisc=0.945, norm=0.0117
REGINN:CGLS::Unsuccessful termination after 8 iterations!
REGINN::Linear solver did not achieve desired discrepancy due to max_iter.
REGINN:post_processing::Adjusted lower bound of estimate from 0.0292 to 0.100
REGINN::i=25: rdisc=0.00320, rnorm=0.824, rerr=0.251
REGINN::0.100 ≤ estimate ≤ 3.01
REGINN::
REGINN::Solving linear problem using rtol=0.660 and max_iter=13
REGINN:CGLS::k=0 : rdisc=1.00, norm=0.00
REGINN:CGLS::k=1 : rdisc=0.979, norm=0.00173
REGINN:CGLS::k=2 : rdisc=0.973, norm=0.00242
REGINN:CGLS::k=3 : rdisc=0.971, norm=0.00310
REGINN:CGLS::k=4 : rdisc=0.969, norm=0.00386
REGINN:CGLS::k=5 : rdisc=0.968, norm=0.00447
REGINN:CGLS::k=6 : rdisc=0.967, norm=0.00527
REGINN:CGLS::k=7 : rdisc=0.967, norm=0.00602
REGINN:CGLS::k=8 : rdisc=0.964, norm=0.0104
REGINN:CGLS::k=9 : rdisc=0.959, norm=0.0184
REGINN:CGLS::k=10: rdisc=0.955, norm=0.0264
REGINN:CGLS::k=11: rdisc=0.952, norm=0.0306
REGINN:CGLS::k=12: rdisc=0.949, norm=0.0365
REGINN:CGLS::k=13: rdisc=0.946, norm=0.0435
REGINN:CGLS::Unsuccessful termination after 13 iterations!
REGINN::Linear solver did not achieve desired discrepancy due to max_iter.
REGINN:post_processing::Adjusted lower bound of estimate from -0.0666 to 0.100
REGINN::i=26: rdisc=0.00338, rnorm=0.824, rerr=0.251
REGINN::0.100 ≤ estimate ≤ 3.07
REGINN::
REGINN::Solving linear problem using rtol=0.790 and max_iter=21
REGINN:CGLS::k=0 : rdisc=1.00, norm=0.00
REGINN:CGLS::k=1 : rdisc=0.928, norm=0.00340
REGINN:CGLS::k=2 : rdisc=0.910, norm=0.00465
REGINN:CGLS::k=3 : rdisc=0.900, norm=0.00604
REGINN:CGLS::k=4 : rdisc=0.893, norm=0.00789
REGINN:CGLS::k=5 : rdisc=0.891, norm=0.00846
REGINN:CGLS::k=6 : rdisc=0.891, norm=0.00865
REGINN:CGLS::k=7 : rdisc=0.889, norm=0.00931
REGINN:CGLS::k=8 : rdisc=0.888, norm=0.0112
REGINN:CGLS::k=9 : rdisc=0.886, norm=0.0127
REGINN:CGLS::k=10: rdisc=0.885, norm=0.0142
REGINN:CGLS::k=11: rdisc=0.882, norm=0.0201
REGINN:CGLS::k=12: rdisc=0.880, norm=0.0223
REGINN:CGLS::k=13: rdisc=0.879, norm=0.0251
REGINN:CGLS::k=14: rdisc=0.873, norm=0.0364
REGINN:CGLS::k=15: rdisc=0.869, norm=0.0450
REGINN:CGLS::k=16: rdisc=0.866, norm=0.0531
REGINN:CGLS::k=17: rdisc=0.863, norm=0.0588
REGINN:CGLS::k=18: rdisc=0.855, norm=0.0776
REGINN:CGLS::k=19: rdisc=0.845, norm=0.101
REGINN:CGLS::k=20: rdisc=0.839, norm=0.113
REGINN:CGLS::k=21: rdisc=0.828, norm=0.139
REGINN:CGLS::Unsuccessful termination after 21 iterations!
REGINN::Linear solver did not achieve desired discrepancy due to max_iter.
REGINN:post_processing::Adjusted lower bound of estimate from -0.347 to 0.100
REGINN::i=27: rdisc=0.00447, rnorm=0.825, rerr=0.251
REGINN::0.100 ≤ estimate ≤ 3.27
REGINN::
REGINN::Solving linear problem using rtol=0.869 and max_iter=34
REGINN:CGLS::k=0 : rdisc=1.00, norm=0.00
REGINN:CGLS::k=1 : rdisc=0.779, norm=0.00769
REGINN:CGLS::Safeguarding: λ=0.615 ⇒ rdisc=0.869
REGINN:CGLS::Target discrepancy reached after 1 iteration.
REGINN:post_processing::Adjusted lower bound of estimate from 0.0916 to 0.100
REGINN::i=28: rdisc=0.00398, rnorm=0.825, rerr=0.251
REGINN::0.100 ≤ estimate ≤ 3.26
REGINN::
REGINN::Solving linear problem using rtol=0.825 and max_iter=22
REGINN:CGLS::k=0 : rdisc=1.00, norm=0.00
REGINN:CGLS::k=1 : rdisc=0.843, norm=0.00655
REGINN:CGLS::k=2 : rdisc=0.787, norm=0.00946
REGINN:CGLS::Safeguarding: λ=0.813 ⇒ rdisc=0.825
REGINN:CGLS::Target discrepancy reached after 2 iterations.
REGINN:post_processing::Adjusted lower bound of estimate from 0.0757 to 0.100
REGINN::i=29: rdisc=0.00337, rnorm=0.825, rerr=0.251
REGINN::0.100 ≤ estimate ≤ 3.24
REGINN::
REGINN::Solving linear problem using rtol=0.783 and max_iter=3
REGINN:CGLS::k=0 : rdisc=1.00, norm=0.00
REGINN:CGLS::k=1 : rdisc=0.941, norm=0.00450
REGINN:CGLS::k=2 : rdisc=0.891, norm=0.00880
REGINN:CGLS::k=3 : rdisc=0.848, norm=0.0137
REGINN:CGLS::Unsuccessful termination after 3 iterations!
REGINN::Linear solver did not achieve desired discrepancy due to max_iter.
REGINN:post_processing::Adjusted lower bound of estimate from 0.0371 to 0.100
REGINN::i=30: rdisc=0.00301, rnorm=0.825, rerr=0.251
REGINN::0.100 ≤ estimate ≤ 3.21
REGINN::
REGINN::Solving linear problem using rtol=0.743 and max_iter=5
REGINN:CGLS::k=0 : rdisc=1.00, norm=0.00
REGINN:CGLS::k=1 : rdisc=0.960, norm=0.00243
REGINN:CGLS::k=2 : rdisc=0.951, norm=0.00318
REGINN:CGLS::k=3 : rdisc=0.932, norm=0.00684
REGINN:CGLS::k=4 : rdisc=0.926, norm=0.00858
REGINN:CGLS::k=5 : rdisc=0.917, norm=0.0126
REGINN:CGLS::Unsuccessful termination after 5 iterations!
REGINN::Linear solver did not achieve desired discrepancy due to max_iter.
REGINN:post_processing::Adjusted lower bound of estimate from 0.0457 to 0.100
REGINN::i=31: rdisc=0.00281, rnorm=0.825, rerr=0.251
REGINN::0.100 ≤ estimate ≤ 3.20
REGINN::
REGINN::Solving linear problem using rtol=0.711 and max_iter=8
REGINN:CGLS::k=0 : rdisc=1.00, norm=0.00
REGINN:CGLS::k=1 : rdisc=0.989, norm=0.00111
REGINN:CGLS::k=2 : rdisc=0.985, norm=0.00172
REGINN:CGLS::k=3 : rdisc=0.982, norm=0.00251
REGINN:CGLS::k=4 : rdisc=0.980, norm=0.00381
REGINN:CGLS::k=5 : rdisc=0.978, norm=0.00491
REGINN:CGLS::k=6 : rdisc=0.976, norm=0.00696
REGINN:CGLS::k=7 : rdisc=0.973, norm=0.00999
REGINN:CGLS::k=8 : rdisc=0.968, norm=0.0151
REGINN:CGLS::Unsuccessful termination after 8 iterations!
REGINN::Linear solver did not achieve desired discrepancy due to max_iter.
REGINN:post_processing::Adjusted lower bound of estimate from 0.0426 to 0.100
REGINN::i=32: rdisc=0.00277, rnorm=0.825, rerr=0.251
REGINN::0.100 ≤ estimate ≤ 3.21
REGINN::
REGINN::Solving linear problem using rtol=0.722 and max_iter=13
REGINN:CGLS::k=0 : rdisc=1.00, norm=0.00
REGINN:CGLS::k=1 : rdisc=0.987, norm=0.00120
REGINN:CGLS::k=2 : rdisc=0.984, norm=0.00170
REGINN:CGLS::k=3 : rdisc=0.982, norm=0.00215
REGINN:CGLS::k=4 : rdisc=0.981, norm=0.00277
REGINN:CGLS::k=5 : rdisc=0.980, norm=0.00351
REGINN:CGLS::k=6 : rdisc=0.980, norm=0.00404
REGINN:CGLS::k=7 : rdisc=0.979, norm=0.00610
REGINN:CGLS::k=8 : rdisc=0.975, norm=0.0123
REGINN:CGLS::k=9 : rdisc=0.971, norm=0.0212
REGINN:CGLS::k=10: rdisc=0.966, norm=0.0301
REGINN:CGLS::k=11: rdisc=0.964, norm=0.0348
REGINN:CGLS::k=12: rdisc=0.962, norm=0.0380
REGINN:CGLS::k=13: rdisc=0.959, norm=0.0443
REGINN:CGLS::Unsuccessful termination after 13 iterations!
REGINN::Linear solver did not achieve desired discrepancy due to max_iter.
REGINN:post_processing::Adjusted lower bound of estimate from -0.0338 to 0.100
REGINN::i=33: rdisc=0.00286, rnorm=0.825, rerr=0.251
REGINN::0.100 ≤ estimate ≤ 3.26
REGINN::
REGINN::Solving linear problem using rtol=0.828 and max_iter=21
REGINN:CGLS::k=0 : rdisc=1.00, norm=0.00
REGINN:CGLS::k=1 : rdisc=0.953, norm=0.00251
REGINN:CGLS::k=2 : rdisc=0.941, norm=0.00340
REGINN:CGLS::k=3 : rdisc=0.934, norm=0.00449
REGINN:CGLS::k=4 : rdisc=0.927, norm=0.00614
REGINN:CGLS::k=5 : rdisc=0.925, norm=0.00671
REGINN:CGLS::k=6 : rdisc=0.925, norm=0.00699
REGINN:CGLS::k=7 : rdisc=0.924, norm=0.00777
REGINN:CGLS::k=8 : rdisc=0.922, norm=0.00954
REGINN:CGLS::k=9 : rdisc=0.921, norm=0.0106
REGINN:CGLS::k=10: rdisc=0.919, norm=0.0128
REGINN:CGLS::k=11: rdisc=0.917, norm=0.0152
REGINN:CGLS::k=12: rdisc=0.916, norm=0.0162
REGINN:CGLS::k=13: rdisc=0.915, norm=0.0178
REGINN:CGLS::k=14: rdisc=0.913, norm=0.0219
REGINN:CGLS::k=15: rdisc=0.910, norm=0.0267
REGINN:CGLS::k=16: rdisc=0.908, norm=0.0320
REGINN:CGLS::k=17: rdisc=0.905, norm=0.0366
REGINN:CGLS::k=18: rdisc=0.904, norm=0.0389
REGINN:CGLS::k=19: rdisc=0.901, norm=0.0451
REGINN:CGLS::k=20: rdisc=0.899, norm=0.0500
REGINN:CGLS::k=21: rdisc=0.894, norm=0.0613
REGINN:CGLS::Unsuccessful termination after 21 iterations!
REGINN::Linear solver did not achieve desired discrepancy due to max_iter.
REGINN:post_processing::Adjusted lower bound of estimate from -0.0746 to 0.100
REGINN::i=34: rdisc=0.00298, rnorm=0.825, rerr=0.251
REGINN::0.100 ≤ estimate ≤ 3.32
REGINN::
REGINN::Solving linear problem using rtol=0.893 and max_iter=34
REGINN:CGLS::k=0 : rdisc=1.00, norm=0.00
REGINN:CGLS::k=1 : rdisc=0.915, norm=0.00326
REGINN:CGLS::k=2 : rdisc=0.890, norm=0.00468
REGINN:CGLS::Safeguarding: λ=0.344 ⇒ rdisc=0.893
REGINN:CGLS::Target discrepancy reached after 2 iterations.
REGINN:post_processing::Adjusted lower bound of estimate from 0.0852 to 0.100
REGINN::i=35: rdisc=0.00269, rnorm=0.825, rerr=0.251
REGINN::0.100 ≤ estimate ≤ 3.31
REGINN::
REGINN::Solving linear problem using rtol=0.847 and max_iter=23
REGINN:CGLS::k=0 : rdisc=1.00, norm=0.00
REGINN:CGLS::k=1 : rdisc=0.980, norm=0.00263
REGINN:CGLS::k=2 : rdisc=0.970, norm=0.00410
REGINN:CGLS::k=3 : rdisc=0.958, norm=0.00624
REGINN:CGLS::k=4 : rdisc=0.955, norm=0.00695
REGINN:CGLS::k=5 : rdisc=0.953, norm=0.00772
REGINN:CGLS::k=6 : rdisc=0.950, norm=0.00924
REGINN:CGLS::k=7 : rdisc=0.948, norm=0.0102
REGINN:CGLS::k=8 : rdisc=0.946, norm=0.0117
REGINN:CGLS::k=9 : rdisc=0.945, norm=0.0125
REGINN:CGLS::k=10: rdisc=0.943, norm=0.0146
REGINN:CGLS::k=11: rdisc=0.941, norm=0.0161
REGINN:CGLS::k=12: rdisc=0.939, norm=0.0195
REGINN:CGLS::k=13: rdisc=0.937, norm=0.0214
REGINN:CGLS::k=14: rdisc=0.936, norm=0.0234
REGINN:CGLS::k=15: rdisc=0.935, norm=0.0247
REGINN:CGLS::k=16: rdisc=0.933, norm=0.0276
REGINN:CGLS::k=17: rdisc=0.932, norm=0.0301
REGINN:CGLS::k=18: rdisc=0.930, norm=0.0334
REGINN:CGLS::k=19: rdisc=0.929, norm=0.0353
REGINN:CGLS::k=20: rdisc=0.927, norm=0.0378
REGINN:CGLS::k=21: rdisc=0.926, norm=0.0407
REGINN:CGLS::k=22: rdisc=0.923, norm=0.0465
REGINN:CGLS::k=23: rdisc=0.917, norm=0.0589
REGINN:CGLS::Unsuccessful termination after 23 iterations!
REGINN::Linear solver did not achieve desired discrepancy due to max_iter.
REGINN:post_processing::Adjusted lower bound of estimate from -0.0809 to 0.100
REGINN::i=36: rdisc=0.00285, rnorm=0.826, rerr=0.251
REGINN::0.100 ≤ estimate ≤ 3.37
REGINN::
REGINN::Solving linear problem using rtol=0.804 and max_iter=25
REGINN:CGLS::k=0 : rdisc=1.00, norm=0.00
REGINN:CGLS::k=1 : rdisc=0.923, norm=0.00310
REGINN:CGLS::k=2 : rdisc=0.898, norm=0.00452
REGINN:CGLS::k=3 : rdisc=0.883, norm=0.00598
REGINN:CGLS::k=4 : rdisc=0.871, norm=0.00817
REGINN:CGLS::k=5 : rdisc=0.868, norm=0.00885
REGINN:CGLS::k=6 : rdisc=0.867, norm=0.00915
REGINN:CGLS::k=7 : rdisc=0.865, norm=0.0102
REGINN:CGLS::k=8 : rdisc=0.863, norm=0.0113
REGINN:CGLS::k=9 : rdisc=0.862, norm=0.0123
REGINN:CGLS::k=10: rdisc=0.860, norm=0.0133
REGINN:CGLS::k=11: rdisc=0.859, norm=0.0146
REGINN:CGLS::k=12: rdisc=0.859, norm=0.0149
REGINN:CGLS::k=13: rdisc=0.858, norm=0.0158
REGINN:CGLS::k=14: rdisc=0.857, norm=0.0173
REGINN:CGLS::k=15: rdisc=0.855, norm=0.0198
REGINN:CGLS::k=16: rdisc=0.853, norm=0.0228
REGINN:CGLS::k=17: rdisc=0.851, norm=0.0273
REGINN:CGLS::k=18: rdisc=0.850, norm=0.0285
REGINN:CGLS::k=19: rdisc=0.848, norm=0.0322
REGINN:CGLS::k=20: rdisc=0.847, norm=0.0355
REGINN:CGLS::k=21: rdisc=0.845, norm=0.0386
REGINN:CGLS::k=22: rdisc=0.843, norm=0.0424
REGINN:CGLS::k=23: rdisc=0.841, norm=0.0484
REGINN:CGLS::k=24: rdisc=0.839, norm=0.0532
REGINN:CGLS::k=25: rdisc=0.837, norm=0.0562
REGINN:CGLS::Unsuccessful termination after 25 iterations!
REGINN::Linear solver did not achieve desired discrepancy due to max_iter.
REGINN:post_processing::Adjusted lower bound of estimate from -0.105 to 0.100
REGINN::i=37: rdisc=0.00301, rnorm=0.826, rerr=0.251
REGINN::0.100 ≤ estimate ≤ 3.44
REGINN::
REGINN::Solving linear problem using rtol=0.819 and max_iter=48
REGINN:CGLS::k=0 : rdisc=1.00, norm=0.00
REGINN:CGLS::k=1 : rdisc=0.875, norm=0.00399
REGINN:CGLS::k=2 : rdisc=0.840, norm=0.00556
REGINN:CGLS::k=3 : rdisc=0.819, norm=0.00735
REGINN:CGLS::k=4 : rdisc=0.802, norm=0.00981
REGINN:CGLS::Safeguarding: λ=0.989 ⇒ rdisc=0.819
REGINN:CGLS::Target discrepancy reached after 4 iterations.
REGINN:post_processing::Adjusted lower bound of estimate from 0.0626 to 0.100
REGINN::i=38: rdisc=0.00254, rnorm=0.826, rerr=0.251
REGINN::0.100 ≤ estimate ≤ 3.42
REGINN::
REGINN::Solving linear problem using rtol=0.787 and max_iter=29
REGINN:CGLS::k=0 : rdisc=1.00, norm=0.00
REGINN:CGLS::k=1 : rdisc=0.980, norm=0.00145
REGINN:CGLS::k=2 : rdisc=0.969, norm=0.00262
REGINN:CGLS::k=3 : rdisc=0.950, norm=0.00617
REGINN:CGLS::k=4 : rdisc=0.946, norm=0.00693
REGINN:CGLS::k=5 : rdisc=0.943, norm=0.00796
REGINN:CGLS::k=6 : rdisc=0.942, norm=0.00868
REGINN:CGLS::k=7 : rdisc=0.940, norm=0.00971
REGINN:CGLS::k=8 : rdisc=0.939, norm=0.0106
REGINN:CGLS::k=9 : rdisc=0.937, norm=0.0116
REGINN:CGLS::k=10: rdisc=0.935, norm=0.0134
REGINN:CGLS::k=11: rdisc=0.934, norm=0.0143
REGINN:CGLS::k=12: rdisc=0.933, norm=0.0156
REGINN:CGLS::k=13: rdisc=0.932, norm=0.0166
REGINN:CGLS::k=14: rdisc=0.931, norm=0.0181
REGINN:CGLS::k=15: rdisc=0.929, norm=0.0204
REGINN:CGLS::k=16: rdisc=0.926, norm=0.0250
REGINN:CGLS::k=17: rdisc=0.925, norm=0.0274
REGINN:CGLS::k=18: rdisc=0.924, norm=0.0292
REGINN:CGLS::k=19: rdisc=0.922, norm=0.0323
REGINN:CGLS::k=20: rdisc=0.921, norm=0.0340
REGINN:CGLS::k=21: rdisc=0.919, norm=0.0378
REGINN:CGLS::k=22: rdisc=0.917, norm=0.0423
REGINN:CGLS::k=23: rdisc=0.914, norm=0.0467
REGINN:CGLS::k=24: rdisc=0.913, norm=0.0497
REGINN:CGLS::k=25: rdisc=0.911, norm=0.0536
REGINN:CGLS::k=26: rdisc=0.908, norm=0.0605
REGINN:CGLS::k=27: rdisc=0.899, norm=0.0792
REGINN:CGLS::k=28: rdisc=0.887, norm=0.108
REGINN:CGLS::k=29: rdisc=0.877, norm=0.130
REGINN:CGLS::Unsuccessful termination after 29 iterations!
REGINN::Linear solver did not achieve desired discrepancy due to max_iter.
REGINN:post_processing::Adjusted lower bound of estimate from -0.284 to 0.100
REGINN::i=39: rdisc=0.00379, rnorm=0.827, rerr=0.250
REGINN::0.100 ≤ estimate ≤ 3.60
REGINN::
REGINN::Solving linear problem using rtol=0.747 and max_iter=33
REGINN:CGLS::k=0 : rdisc=1.00, norm=0.00
REGINN:CGLS::k=1 : rdisc=0.773, norm=0.00649
REGINN:CGLS::k=2 : rdisc=0.698, norm=0.00927
REGINN:CGLS::Safeguarding: λ=0.800 ⇒ rdisc=0.747
REGINN:CGLS::Target discrepancy reached after 2 iterations.
REGINN:post_processing::Adjusted lower bound of estimate from 0.0774 to 0.100
REGINN::i=40: rdisc=0.00294, rnorm=0.827, rerr=0.250
REGINN::0.100 ≤ estimate ≤ 3.58
REGINN::
REGINN::Solving linear problem using rtol=0.709 and max_iter=31
REGINN:CGLS::k=0 : rdisc=1.00, norm=0.00
REGINN:CGLS::k=1 : rdisc=0.911, norm=0.00476
REGINN:CGLS::k=2 : rdisc=0.865, norm=0.00760
REGINN:CGLS::k=3 : rdisc=0.816, norm=0.0117
REGINN:CGLS::k=4 : rdisc=0.785, norm=0.0149
REGINN:CGLS::k=5 : rdisc=0.776, norm=0.0161
REGINN:CGLS::k=6 : rdisc=0.768, norm=0.0178
REGINN:CGLS::k=7 : rdisc=0.766, norm=0.0184
REGINN:CGLS::k=8 : rdisc=0.762, norm=0.0197
REGINN:CGLS::k=9 : rdisc=0.759, norm=0.0205
REGINN:CGLS::k=10: rdisc=0.754, norm=0.0229
REGINN:CGLS::k=11: rdisc=0.751, norm=0.0243
REGINN:CGLS::k=12: rdisc=0.749, norm=0.0257
REGINN:CGLS::k=13: rdisc=0.748, norm=0.0263
REGINN:CGLS::k=14: rdisc=0.748, norm=0.0267
REGINN:CGLS::k=15: rdisc=0.746, norm=0.0277
REGINN:CGLS::k=16: rdisc=0.745, norm=0.0287
REGINN:CGLS::k=17: rdisc=0.744, norm=0.0300
REGINN:CGLS::k=18: rdisc=0.742, norm=0.0312
REGINN:CGLS::k=19: rdisc=0.741, norm=0.0324
REGINN:CGLS::k=20: rdisc=0.741, norm=0.0331
REGINN:CGLS::k=21: rdisc=0.740, norm=0.0344
REGINN:CGLS::k=22: rdisc=0.738, norm=0.0368
REGINN:CGLS::k=23: rdisc=0.737, norm=0.0388
REGINN:CGLS::k=24: rdisc=0.736, norm=0.0398
REGINN:CGLS::k=25: rdisc=0.736, norm=0.0407
REGINN:CGLS::k=26: rdisc=0.735, norm=0.0417
REGINN:CGLS::k=27: rdisc=0.734, norm=0.0439
REGINN:CGLS::k=28: rdisc=0.732, norm=0.0480
REGINN:CGLS::k=29: rdisc=0.729, norm=0.0537
REGINN:CGLS::k=30: rdisc=0.727, norm=0.0574
REGINN:CGLS::k=31: rdisc=0.726, norm=0.0603
REGINN:CGLS::Unsuccessful termination after 31 iterations!
REGINN::Linear solver did not achieve desired discrepancy due to max_iter.
REGINN:post_processing::Adjusted lower bound of estimate from -0.141 to 0.100
REGINN::i=41: rdisc=0.00311, rnorm=0.827, rerr=0.250
REGINN::0.100 ≤ estimate ≤ 3.64
REGINN::
REGINN::Solving linear problem using rtol=0.672 and max_iter=33
REGINN:CGLS::k=0 : rdisc=1.00, norm=0.00
REGINN:CGLS::k=1 : rdisc=0.825, norm=0.00481
REGINN:CGLS::k=2 : rdisc=0.771, norm=0.00685
REGINN:CGLS::k=3 : rdisc=0.736, norm=0.00919
REGINN:CGLS::k=4 : rdisc=0.706, norm=0.0125
REGINN:CGLS::k=5 : rdisc=0.701, norm=0.0133
REGINN:CGLS::k=6 : rdisc=0.699, norm=0.0137
REGINN:CGLS::k=7 : rdisc=0.696, norm=0.0146
REGINN:CGLS::k=8 : rdisc=0.693, norm=0.0154
REGINN:CGLS::k=9 : rdisc=0.692, norm=0.0161
REGINN:CGLS::k=10: rdisc=0.690, norm=0.0170
REGINN:CGLS::k=11: rdisc=0.689, norm=0.0176
REGINN:CGLS::k=12: rdisc=0.689, norm=0.0178
REGINN:CGLS::k=13: rdisc=0.687, norm=0.0186
REGINN:CGLS::k=14: rdisc=0.686, norm=0.0197
REGINN:CGLS::k=15: rdisc=0.685, norm=0.0207
REGINN:CGLS::k=16: rdisc=0.684, norm=0.0215
REGINN:CGLS::k=17: rdisc=0.684, norm=0.0220
REGINN:CGLS::k=18: rdisc=0.683, norm=0.0229
REGINN:CGLS::k=19: rdisc=0.682, norm=0.0245
REGINN:CGLS::k=20: rdisc=0.681, norm=0.0260
REGINN:CGLS::k=21: rdisc=0.680, norm=0.0278
REGINN:CGLS::k=22: rdisc=0.679, norm=0.0301
REGINN:CGLS::k=23: rdisc=0.679, norm=0.0316
REGINN:CGLS::k=24: rdisc=0.677, norm=0.0359
REGINN:CGLS::k=25: rdisc=0.676, norm=0.0385
REGINN:CGLS::k=26: rdisc=0.674, norm=0.0433
REGINN:CGLS::k=27: rdisc=0.672, norm=0.0487
REGINN:CGLS::Safeguarding: λ=0.638 ⇒ rdisc=0.672
REGINN:CGLS::Target discrepancy reached after 27 iterations.
REGINN:post_processing::Adjusted lower bound of estimate from -0.132 to 0.100
REGINN::i=42: rdisc=0.00309, rnorm=0.827, rerr=0.250
REGINN::0.100 ≤ estimate ≤ 3.68
REGINN::
REGINN::Solving linear problem using rtol=0.646 and max_iter=58
REGINN:CGLS::k=0 : rdisc=1.00, norm=0.00
REGINN:CGLS::k=1 : rdisc=0.812, norm=0.00492
REGINN:CGLS::k=2 : rdisc=0.753, norm=0.00697
REGINN:CGLS::k=3 : rdisc=0.718, norm=0.00918
REGINN:CGLS::k=4 : rdisc=0.689, norm=0.0123
REGINN:CGLS::k=5 : rdisc=0.685, norm=0.0129
REGINN:CGLS::k=6 : rdisc=0.684, norm=0.0131
REGINN:CGLS::k=7 : rdisc=0.682, norm=0.0136
REGINN:CGLS::k=8 : rdisc=0.680, norm=0.0144
REGINN:CGLS::k=9 : rdisc=0.679, norm=0.0146
REGINN:CGLS::k=10: rdisc=0.677, norm=0.0154
REGINN:CGLS::k=11: rdisc=0.677, norm=0.0157
REGINN:CGLS::k=12: rdisc=0.677, norm=0.0160
REGINN:CGLS::k=13: rdisc=0.676, norm=0.0166
REGINN:CGLS::k=14: rdisc=0.675, norm=0.0171
REGINN:CGLS::k=15: rdisc=0.675, norm=0.0181
REGINN:CGLS::k=16: rdisc=0.674, norm=0.0192
REGINN:CGLS::k=17: rdisc=0.673, norm=0.0199
REGINN:CGLS::k=18: rdisc=0.672, norm=0.0218
REGINN:CGLS::k=19: rdisc=0.670, norm=0.0252
REGINN:CGLS::k=20: rdisc=0.669, norm=0.0271
REGINN:CGLS::k=21: rdisc=0.668, norm=0.0303
REGINN:CGLS::k=22: rdisc=0.667, norm=0.0317
REGINN:CGLS::k=23: rdisc=0.666, norm=0.0363
REGINN:CGLS::k=24: rdisc=0.665, norm=0.0386
REGINN:CGLS::k=25: rdisc=0.663, norm=0.0441
REGINN:CGLS::k=26: rdisc=0.661, norm=0.0474
REGINN:CGLS::k=27: rdisc=0.660, norm=0.0523
REGINN:CGLS::k=28: rdisc=0.659, norm=0.0551
REGINN:CGLS::k=29: rdisc=0.657, norm=0.0601
REGINN:CGLS::k=30: rdisc=0.652, norm=0.0735
REGINN:CGLS::k=31: rdisc=0.650, norm=0.0803
REGINN:CGLS::k=32: rdisc=0.648, norm=0.0881
REGINN:CGLS::k=33: rdisc=0.644, norm=0.0990
REGINN:CGLS::Safeguarding: λ=0.690 ⇒ rdisc=0.646
REGINN:CGLS::Target discrepancy reached after 33 iterations.
REGINN:post_processing::Adjusted lower bound of estimate from -0.222 to 0.100
REGINN::i=43: rdisc=0.00369, rnorm=0.827, rerr=0.250
REGINN::0.100 ≤ estimate ≤ 3.77
REGINN::
REGINN::Solving linear problem using rtol=0.710 and max_iter=60
REGINN:CGLS::k=0 : rdisc=1.00, norm=0.00
REGINN:CGLS::k=1 : rdisc=0.745, norm=0.00666
REGINN:CGLS::k=2 : rdisc=0.661, norm=0.00943
REGINN:CGLS::Safeguarding: λ=0.748 ⇒ rdisc=0.710
REGINN:CGLS::Target discrepancy reached after 2 iterations.
REGINN:post_processing::Adjusted lower bound of estimate from 0.0755 to 0.100
REGINN::i=44: rdisc=0.00276, rnorm=0.827, rerr=0.250
REGINN::0.100 ≤ estimate ≤ 3.75
REGINN::
REGINN::Solving linear problem using rtol=0.725 and max_iter=35
REGINN:CGLS::k=0 : rdisc=1.00, norm=0.00
REGINN:CGLS::k=1 : rdisc=0.892, norm=0.00508
REGINN:CGLS::k=2 : rdisc=0.843, norm=0.00779
REGINN:CGLS::k=3 : rdisc=0.791, norm=0.0115
REGINN:CGLS::k=4 : rdisc=0.756, norm=0.0146
REGINN:CGLS::k=5 : rdisc=0.746, norm=0.0156
REGINN:CGLS::k=6 : rdisc=0.739, norm=0.0168
REGINN:CGLS::k=7 : rdisc=0.736, norm=0.0174
REGINN:CGLS::k=8 : rdisc=0.732, norm=0.0185
REGINN:CGLS::k=9 : rdisc=0.731, norm=0.0190
REGINN:CGLS::k=10: rdisc=0.728, norm=0.0202
REGINN:CGLS::k=11: rdisc=0.726, norm=0.0208
REGINN:CGLS::k=12: rdisc=0.724, norm=0.0220
REGINN:CGLS::Safeguarding: λ=0.793 ⇒ rdisc=0.725
REGINN:CGLS::Target discrepancy reached after 12 iterations.
REGINN:post_processing::Adjusted lower bound of estimate from -0.0333 to 0.100
REGINN::i=45: rdisc=0.00248, rnorm=0.827, rerr=0.250
REGINN::0.100 ≤ estimate ≤ 3.75
REGINN::
REGINN::Solving linear problem using rtol=0.807 and max_iter=14
REGINN:CGLS::k=0 : rdisc=1.00, norm=0.00
REGINN:CGLS::k=1 : rdisc=0.880, norm=0.00317
REGINN:CGLS::k=2 : rdisc=0.846, norm=0.00448
REGINN:CGLS::k=3 : rdisc=0.826, norm=0.00588
REGINN:CGLS::k=4 : rdisc=0.811, norm=0.00769
REGINN:CGLS::k=5 : rdisc=0.809, norm=0.00813
REGINN:CGLS::k=6 : rdisc=0.808, norm=0.00826
REGINN:CGLS::k=7 : rdisc=0.807, norm=0.00865
REGINN:CGLS::k=8 : rdisc=0.805, norm=0.00950
REGINN:CGLS::Safeguarding: λ=0.978 ⇒ rdisc=0.807
REGINN:CGLS::Target discrepancy reached after 8 iterations.
REGINN:post_processing::Adjusted lower bound of estimate from 0.0400 to 0.100
REGINN::Saving current residual in ./step-0046/
REGINN::Saving current estimate in ./step-0046/
REGINN::i=46: rdisc=0.00215, rnorm=0.827, rerr=0.250
REGINN::0.100 ≤ estimate ≤ 3.73
REGINN::
REGINN::Solving linear problem using rtol=0.930 and max_iter=20
REGINN:CGLS::k=0 : rdisc=1.00, norm=0.00
REGINN:CGLS::k=1 : rdisc=0.953, norm=0.00170
REGINN:CGLS::k=2 : rdisc=0.942, norm=0.00238
REGINN:CGLS::k=3 : rdisc=0.935, norm=0.00309
REGINN:CGLS::k=4 : rdisc=0.931, norm=0.00389
REGINN:CGLS::k=5 : rdisc=0.930, norm=0.00446
REGINN:CGLS::Safeguarding: λ=0.562 ⇒ rdisc=0.930
REGINN:CGLS::Target discrepancy reached after 5 iterations.
REGINN:post_processing::Adjusted lower bound of estimate from 0.0720 to 0.100
REGINN::i=47: rdisc=0.00204, rnorm=0.827, rerr=0.250
REGINN::0.100 ≤ estimate ≤ 3.72
REGINN::
REGINN::Solving linear problem using rtol=0.980 and max_iter=13
REGINN:CGLS::k=0 : rdisc=1.00, norm=0.00
REGINN:CGLS::k=1 : rdisc=0.987, norm=0.000845
REGINN:CGLS::k=2 : rdisc=0.984, norm=0.00120
REGINN:CGLS::k=3 : rdisc=0.982, norm=0.00164
REGINN:CGLS::k=4 : rdisc=0.979, norm=0.00271
REGINN:CGLS::Safeguarding: λ=0.615 ⇒ rdisc=0.980
REGINN:CGLS::Target discrepancy reached after 4 iterations.
REGINN:post_processing::Adjusted lower bound of estimate from 0.0858 to 0.100
REGINN::i=48: rdisc=0.00201, rnorm=0.827, rerr=0.250
REGINN::0.100 ≤ estimate ≤ 3.72
REGINN::
REGINN::Solving linear problem using rtol=0.994 and max_iter=9
REGINN:CGLS::k=0 : rdisc=1.00, norm=0.00
REGINN:CGLS::k=1 : rdisc=0.997, norm=0.000427
REGINN:CGLS::k=2 : rdisc=0.996, norm=0.000641
REGINN:CGLS::k=3 : rdisc=0.993, norm=0.00176
REGINN:CGLS::Safeguarding: λ=0.614 ⇒ rdisc=0.994
REGINN:CGLS::Target discrepancy reached after 3 iterations.
REGINN:post_processing::Adjusted lower bound of estimate from 0.0925 to 0.100
REGINN::i=49: rdisc=0.00200, rnorm=0.827, rerr=0.250
REGINN::0.100 ≤ estimate ≤ 3.72
REGINN::
REGINN::Solving linear problem using rtol=0.998 and max_iter=7
REGINN:CGLS::k=0 : rdisc=1.00, norm=0.00
REGINN:CGLS::k=1 : rdisc=0.999, norm=0.000219
REGINN:CGLS::k=2 : rdisc=0.998, norm=0.000794
REGINN:CGLS::Safeguarding: λ=0.225 ⇒ rdisc=0.998
REGINN:CGLS::Target discrepancy reached after 2 iterations.
REGINN:post_processing::Adjusted lower bound of estimate from 0.0951 to 0.100
REGINN::Saving current residual in ./step-0050/
REGINN::Saving current estimate in ./step-0050/
REGINN::i=50: rdisc=0.00200, rnorm=0.827, rerr=0.250
REGINN::0.100 ≤ estimate ≤ 3.72
REGINN::
REGINN::Saving current residual in ./step-0050/
REGINN::Saving current estimate in ./step-0050/
REGINN::Target discrepancy reached after 50 iterations.
REGINN::0.100 ≤ estimate ≤ 3.72
Relative error of the reconstruction: 0.250
stats::forward              : 52 calls, average 2.73 s per call
stats::linearization forward: 502 calls, average 2.52 s per call
stats::linearization adjoint: 502 calls, average 2.83 s per call
stats::measure forward      : 554 calls, average 0.00783 s per call
stats::measure adjoint      : 502 calls, average 0.102 s per call
stats::total wall time      : 50min 40s
