JobId arch-vm0 Mon Mar  5 11:21:04 2018
wavepi a4eb428e
Release-Build, compiled on 2018-03-05T10:16:15Z from commit a4eb428ee27d04fefe83b3d22e7a48329af474d8 ("param_a problems") on branch master

initialize_mesh::Number of active cells: 1024
initialize_mesh::Number of degrees of freedom in the first spatial mesh: 1089
initialize_mesh::cell diameters: minimal = 0.354, maximal = 0.354
initialize_mesh::dt: 0.0472
initialize_mesh::expected size of a DiscretizedFunction<dim>: 1.06 MiB
parameters:LogTransform::lower bound: 0.0
parameters:WaveEquation::max iter: 10000
parameters:WaveEquation::theta: 0.5
parameters:WaveEquation::tol: 1e-8
parameters:constraints::lower bound: -1e300
parameters:constraints::upper bound: 1e300
parameters:general::dimension: 2
parameters:general::finite element degree: 1
parameters:general::quadrature order: 3
parameters:inversion::method: REGINN
parameters:inversion::tau: 2
parameters:log::console depth: 2
parameters:log::file: wavepi.log
parameters:log::file depth: 4
parameters:mesh::end time: 6
parameters:mesh::initial refines: 5
parameters:mesh::initial time steps: 128
parameters:output::data: true
parameters:output::destination: ./step-{{i}}/
parameters:output::discrepancy decrease: 0.5
parameters:output::estimate: true
parameters:output::estimate transformed: false
parameters:output::exact: true
parameters:output::exact transformed: false
parameters:output::interval: 50
parameters:output::last: true
parameters:output::residual: true
parameters:output::statistics: history
parameters:problem::H1H1 beta: 0.5
parameters:problem::H1H1 gamma: 0.5
parameters:problem::H1L2 alpha: 0.5
parameters:problem::H2L2 alpha: 0.5
parameters:problem::H2L2 beta: 0.25
parameters:problem::constants: 
parameters:problem::epsilon: 1e-3
parameters:problem::initial guess: 1.0
parameters:problem::norm of codomain: L2L2
parameters:problem::norm of domain: H1L2
parameters:problem::parameter a: 1.5
parameters:problem::parameter c: 2.0
parameters:problem::parameter nu: 0.0
parameters:problem::parameter q: 0.0
parameters:problem::transform: Log
parameters:problem::type: a
parameters:watchdog::discrepancy increasing: false
parameters:watchdog::discrepancy slope min values: 40
parameters:watchdog::discrepancy slope percentage: 0.25
parameters:watchdog::discrepancy slope threshold: 0.0
parameters:watchdog::discrepancy threshold: 10.0
parameters:watchdog::maximum iteration count: 0
REGINN::Saving exact parameter in ./step-0000/
REGINN::Saving data in ./step-0000/
REGINN::Saving current residual in ./step-0000/
REGINN::Saving current estimate in ./step-0000/
REGINN::i=0 : rdisc=1.18 , rnorm=0.00 , rerr=1.00 
REGINN::0.00 ≤ estimate ≤ 0.00
REGINN::Solving linear problem using rtol=0.900 and max_iter=1
REGINN:CGLS::k=0 : rdisc=1.00 , norm=0.00 
REGINN:CGLS::k=1 : rdisc=0.703, norm=1.44 
REGINN:CGLS::Safeguarding: λ=0.793 ⇒ rdisc=0.900
REGINN:CGLS::Target discrepancy reached after 1 iteration.
REGINN::i=1 : rdisc=1.06 , rnorm=0.0375, rerr=0.993
REGINN::-0.0741 ≤ estimate ≤ 0.278
REGINN::
REGINN::Solving linear problem using rtol=0.900 and max_iter=2
REGINN:CGLS::k=0 : rdisc=1.00 , norm=0.00 
REGINN:CGLS::k=1 : rdisc=0.695, norm=1.48 
REGINN:CGLS::Safeguarding: λ=0.799 ⇒ rdisc=0.900
REGINN:CGLS::Target discrepancy reached after 1 iteration.
REGINN::i=2 : rdisc=0.954, rnorm=0.0745, rerr=0.986
REGINN::-0.112 ≤ estimate ≤ 0.515
REGINN::
REGINN::Solving linear problem using rtol=0.854 and max_iter=2
REGINN:CGLS::k=0 : rdisc=1.00 , norm=0.00 
REGINN:CGLS::k=1 : rdisc=0.693, norm=1.49 
REGINN:CGLS::Safeguarding: λ=0.699 ⇒ rdisc=0.854
REGINN:CGLS::Target discrepancy reached after 1 iteration.
REGINN::i=3 : rdisc=0.815, rnorm=0.129, rerr=0.976
REGINN::-0.142 ≤ estimate ≤ 0.882
REGINN::
REGINN::Solving linear problem using rtol=0.811 and max_iter=2
REGINN:CGLS::k=0 : rdisc=1.00 , norm=0.00 
REGINN:CGLS::k=1 : rdisc=0.702, norm=1.47 
REGINN:CGLS::Safeguarding: λ=0.578 ⇒ rdisc=0.811
REGINN:CGLS::Target discrepancy reached after 1 iteration.
REGINN::i=4 : rdisc=0.659, rnorm=0.203, rerr=0.963
REGINN::-0.175 ≤ estimate ≤ 1.48
REGINN::
REGINN::Solving linear problem using rtol=0.769 and max_iter=2
REGINN:CGLS::k=0 : rdisc=1.00 , norm=0.00 
REGINN:CGLS::k=1 : rdisc=0.719, norm=1.43 
REGINN:CGLS::Safeguarding: λ=0.388 ⇒ rdisc=0.769
REGINN:CGLS::Target discrepancy reached after 1 iteration.
REGINN::Saving current residual in ./step-0005/
REGINN::Saving current estimate in ./step-0005/
REGINN::i=5 : rdisc=0.501, rnorm=0.298, rerr=0.940
REGINN::-0.232 ≤ estimate ≤ 2.11
REGINN::
REGINN::Solving linear problem using rtol=0.730 and max_iter=2
REGINN:CGLS::k=0 : rdisc=1.00 , norm=0.00 
REGINN:CGLS::k=1 : rdisc=0.743, norm=1.59 
REGINN:CGLS::k=2 : rdisc=0.622, norm=2.57 
REGINN:CGLS::Safeguarding: λ=0.940 ⇒ rdisc=0.730
REGINN:CGLS::Target discrepancy reached after 2 iterations.
REGINN::i=6 : rdisc=0.347, rnorm=0.435, rerr=0.890
REGINN::-0.317 ≤ estimate ≤ 1.97
REGINN::
REGINN::Solving linear problem using rtol=0.693 and max_iter=3
REGINN:CGLS::k=0 : rdisc=1.00 , norm=0.00 
REGINN:CGLS::k=1 : rdisc=0.868, norm=0.630
REGINN:CGLS::k=2 : rdisc=0.608, norm=2.20 
REGINN:CGLS::Safeguarding: λ=0.553 ⇒ rdisc=0.693
REGINN:CGLS::Target discrepancy reached after 2 iterations.
REGINN::Saving current residual in ./step-0007/
REGINN::Saving current estimate in ./step-0007/
REGINN::i=7 : rdisc=0.234, rnorm=0.461, rerr=0.842
REGINN::-0.423 ≤ estimate ≤ 1.61
REGINN::
REGINN::Solving linear problem using rtol=0.658 and max_iter=4
REGINN:CGLS::k=0 : rdisc=1.00 , norm=0.00 
REGINN:CGLS::k=1 : rdisc=0.862, norm=0.557
REGINN:CGLS::k=2 : rdisc=0.696, norm=1.22 
REGINN:CGLS::k=3 : rdisc=0.527, norm=1.99 
REGINN:CGLS::Safeguarding: λ=0.871 ⇒ rdisc=0.658
REGINN:CGLS::Target discrepancy reached after 3 iterations.
REGINN::i=8 : rdisc=0.143, rnorm=0.563, rerr=0.809
REGINN::-0.231 ≤ estimate ≤ 1.24
REGINN::
REGINN::Solving linear problem using rtol=0.624 and max_iter=5
REGINN:CGLS::k=0 : rdisc=1.00 , norm=0.00 
REGINN:CGLS::k=1 : rdisc=0.918, norm=0.194
REGINN:CGLS::k=2 : rdisc=0.858, norm=0.369
REGINN:CGLS::k=3 : rdisc=0.681, norm=0.987
REGINN:CGLS::k=4 : rdisc=0.605, norm=1.25 
REGINN:CGLS::Safeguarding: λ=0.511 ⇒ rdisc=0.624
REGINN:CGLS::Target discrepancy reached after 4 iterations.
REGINN::Saving current residual in ./step-0009/
REGINN::Saving current estimate in ./step-0009/
REGINN::i=9 : rdisc=0.0887, rnorm=0.637, rerr=0.785
REGINN::-0.244 ≤ estimate ≤ 1.38
REGINN::
REGINN::Solving linear problem using rtol=0.592 and max_iter=7
REGINN:CGLS::k=0 : rdisc=1.00 , norm=0.00 
REGINN:CGLS::k=1 : rdisc=0.944, norm=0.164
REGINN:CGLS::k=2 : rdisc=0.892, norm=0.347
REGINN:CGLS::k=3 : rdisc=0.841, norm=0.597
REGINN:CGLS::k=4 : rdisc=0.769, norm=0.941
REGINN:CGLS::k=5 : rdisc=0.718, norm=1.26 
REGINN:CGLS::k=6 : rdisc=0.656, norm=1.69 
REGINN:CGLS::k=7 : rdisc=0.650, norm=1.89 
REGINN:CGLS::Unsuccessful termination after 7 iterations!
REGINN::Linear solver did not achieve desired discrepancy due to max_iter.
REGINN::i=10: rdisc=0.0592, rnorm=0.702, rerr=0.748
REGINN::-0.277 ≤ estimate ≤ 1.50
REGINN::
REGINN::Solving linear problem using rtol=0.562 and max_iter=11
REGINN:CGLS::k=0 : rdisc=1.00 , norm=0.00 
REGINN:CGLS::k=1 : rdisc=0.946, norm=0.0465
REGINN:CGLS::k=2 : rdisc=0.892, norm=0.133
REGINN:CGLS::k=3 : rdisc=0.824, norm=0.296
REGINN:CGLS::k=4 : rdisc=0.794, norm=0.378
REGINN:CGLS::k=5 : rdisc=0.776, norm=0.426
REGINN:CGLS::k=6 : rdisc=0.732, norm=0.554
REGINN:CGLS::k=7 : rdisc=0.702, norm=0.657
REGINN:CGLS::k=8 : rdisc=0.689, norm=0.700
REGINN:CGLS::k=9 : rdisc=0.680, norm=0.736
REGINN:CGLS::k=10: rdisc=0.672, norm=0.774
REGINN:CGLS::k=11: rdisc=0.657, norm=0.861
REGINN:CGLS::Unsuccessful termination after 11 iterations!
REGINN::Linear solver did not achieve desired discrepancy due to max_iter.
REGINN::Saving current residual in ./step-0011/
REGINN::Saving current estimate in ./step-0011/
REGINN::i=11: rdisc=0.0396, rnorm=0.684, rerr=0.726
REGINN::-0.0762 ≤ estimate ≤ 0.874
REGINN::
REGINN::Solving linear problem using rtol=0.721 and max_iter=18
REGINN:CGLS::k=0 : rdisc=1.00 , norm=0.00 
REGINN:CGLS::k=1 : rdisc=0.964, norm=0.0522
REGINN:CGLS::k=2 : rdisc=0.950, norm=0.0752
REGINN:CGLS::k=3 : rdisc=0.929, norm=0.107
REGINN:CGLS::k=4 : rdisc=0.912, norm=0.157
REGINN:CGLS::k=5 : rdisc=0.898, norm=0.229
REGINN:CGLS::k=6 : rdisc=0.892, norm=0.272
REGINN:CGLS::k=7 : rdisc=0.878, norm=0.371
REGINN:CGLS::k=8 : rdisc=0.866, norm=0.489
REGINN:CGLS::k=9 : rdisc=0.875, norm=0.898
REGINN:CGLS::Unsuccessful termination after 9 iterations!
REGINN::Linear solver did not achieve desired discrepancy.
REGINN::  Aborting REGINN!
REGINN::Saving current residual in ./step-0011/
REGINN::Saving current estimate in ./step-0011/
REGINN::Unsuccessful termination after 11 iterations!
REGINN::-0.0762 ≤ estimate ≤ 0.874
Relative ℝⁿ error of the reconstruction: 0.241
Relative L²([0,T], L²(Ω)) error of the reconstruction: 0.230
Relative H¹([0,T], L²(Ω)) error of the reconstruction: 0.252
Relative H¹([0,T], H¹(Ω)) error of the reconstruction: 0.654
Relative H²([0,T], L²(Ω)) error of the reconstruction: 0.426
stats::forward              : 13 calls, average 531.0ms per call
stats::linearization forward: 43 calls, average 517.2ms per call
stats::linearization adjoint: 43 calls, average 693.9ms per call
stats::measure forward      : 56 calls, average 286.6µs per call
stats::measure adjoint      : 43 calls, average 377.0µs per call
stats::total wall time      : 1min 17s
