JobId thies-vm Wed Dec 20 07:12:07 2017
wavepi 9917bea4
Release-Build, compiled on 2017-12-19T14:07:29Z
from git commit 9917bea4c2d4d4b2d11b07e0f18f6cf79e5fe149 on branch master
initialize_mesh::Number of active cells: 4096
initialize_mesh::Number of degrees of freedom in the first spatial mesh: 4225
initialize_mesh::cell diameters: minimal = 0.177, maximal = 0.177
initialize_mesh::dt: 0.0235
parameters:WaveEquation::theta: 0.5
parameters:WaveEquation::tol: 1e-8
parameters:constraints::lower bound: -1e300
parameters:constraints::upper bound: 1e300
parameters:general::dimension: 2
parameters:general::finite element degree: 1
parameters:general::quadrature order: 3
parameters:inversion::method: REGINN
parameters:inversion::tau: 2
parameters:log::console depth: 2
parameters:log::file: wavepi.log
parameters:log::file depth: 100
parameters:mesh::end time: 6
parameters:mesh::initial refines: 6
parameters:mesh::initial time steps: 256
parameters:output::data: true
parameters:output::destination: ./step-{{i}}/
parameters:output::discrepancy decrease: 0.5
parameters:output::estimate: true
parameters:output::exact: true
parameters:output::interval: 50
parameters:output::last: true
parameters:output::residual: true
parameters:output::statistics: history
parameters:problem::constants: 
parameters:problem::epsilon: 1e-2
parameters:problem::initial guess: 1.0
parameters:problem::parameter a: 1.0
parameters:problem::parameter c: 1.5
parameters:problem::parameter nu: 0.0
parameters:problem::parameter q: 1.5
parameters:problem::type: L2Q
parameters:watchdog::discrepancy increasing: false
parameters:watchdog::discrepancy slope min values: 40
parameters:watchdog::discrepancy slope percentage: 0.25
parameters:watchdog::discrepancy slope threshold: 0.0
parameters:watchdog::discrepancy threshold: 10.0
parameters:watchdog::maximum iteration count: 0
REGINN::i=0 : rdisc=0.205, rnorm=0.667, rerr=0.333
REGINN::Saving exact parameter in ./step-0000/
REGINN::Saving data in ./step-0000/
REGINN::Saving current residual in ./step-0000/
REGINN::Saving current estimate in ./step-0000/
REGINN::1.00 ≤ estimate ≤ 1.00
REGINN::Solving linear problem using rtol=0.700 and max_iter=0
REGINN:CGLS::k=0 : rdisc=1.00, norm=0.00
REGINN:CGLS::k=1 : rdisc=0.521, norm=1.19
REGINN:CGLS::Target discrepancy reached after 1 iteration.
REGINN::i=1 : rdisc=0.107, rnorm=0.675, rerr=0.329
REGINN::0.705 ≤ estimate ≤ 3.85
REGINN::Solving linear problem using rtol=0.700 and max_iter=0
REGINN:CGLS::k=0 : rdisc=1.00, norm=0.00
REGINN:CGLS::k=1 : rdisc=0.713, norm=0.740
REGINN:CGLS::k=2 : rdisc=0.651, norm=0.906
REGINN:CGLS::Target discrepancy reached after 2 iterations.
REGINN::i=2 : rdisc=0.0696, rnorm=0.684, rerr=0.324
REGINN::Saving current residual in ./step-0002/
REGINN::Saving current estimate in ./step-0002/
REGINN::0.786 ≤ estimate ≤ 4.47
REGINN::Solving linear problem using rtol=0.598 and max_iter=0
REGINN:CGLS::k=0 : rdisc=1.00, norm=0.00
REGINN:CGLS::k=1 : rdisc=0.938, norm=0.292
REGINN:CGLS::k=2 : rdisc=0.687, norm=1.50
REGINN:CGLS::k=3 : rdisc=0.505, norm=2.21
REGINN:CGLS::Target discrepancy reached after 3 iterations.
REGINN::i=3 : rdisc=0.0361, rnorm=0.714, rerr=0.309
REGINN::-0.833 ≤ estimate ≤ 3.19
REGINN::Solving linear problem using rtol=0.527 and max_iter=0
REGINN:CGLS::k=0 : rdisc=1.00, norm=0.00
REGINN:CGLS::k=1 : rdisc=0.912, norm=0.143
REGINN:CGLS::k=2 : rdisc=0.787, norm=0.399
REGINN:CGLS::k=3 : rdisc=0.755, norm=0.472
REGINN:CGLS::k=4 : rdisc=0.652, norm=0.788
REGINN:CGLS::k=5 : rdisc=0.592, norm=0.995
REGINN:CGLS::k=6 : rdisc=0.523, norm=1.25
REGINN:CGLS::Target discrepancy reached after 6 iterations.
REGINN::i=4 : rdisc=0.0191, rnorm=0.731, rerr=0.302
REGINN::Saving current residual in ./step-0004/
REGINN::Saving current estimate in ./step-0004/
REGINN::-0.858 ≤ estimate ≤ 3.63
REGINN::Target discrepancy reached after 4 iterations.
REGINN::Saving current residual in ./step-0004/
REGINN::Saving current estimate in ./step-0004/
REGINN::-0.858 ≤ estimate ≤ 3.63
stats::forward              : 6 calls, average 11.5 s per call
stats::linearization forward: 12 calls, average 9.04 s per call
stats::linearization adjoint: 12 calls, average 10.2 s per call
stats::measure forward      : 18 calls, average 0.00354 s per call
stats::measure adjoint      : 12 calls, average 0.00635 s per call
