JobId arch-vm0 Tue Mar  6 21:30:07 2018
wavepi 3df43511
Release-Build, compiled on 2018-03-06T20:06:27Z from commit 3df435110a132efb4554aae2b6b64caf46dffd44 ("run small") on branch master

initialize_mesh::Number of active cells: 1024
initialize_mesh::Number of degrees of freedom in the first spatial mesh: 1089
initialize_mesh::cell diameters: minimal = 0.354, maximal = 0.354
initialize_mesh::dt: 0.0472
initialize_mesh::expected size of a DiscretizedFunction<dim>: 1.06 MiB
parameters:LogTransform::lower bound: 0.1
parameters:WaveEquation::max iter: 10000
parameters:WaveEquation::theta: 0.5
parameters:WaveEquation::tol: 1e-8
parameters:constraints::lower bound: -1e300
parameters:constraints::upper bound: 1e300
parameters:general::dimension: 2
parameters:general::finite element degree: 1
parameters:general::quadrature order: 3
parameters:inversion::method: REGINN
parameters:inversion::tau: 2
parameters:log::console depth: 2
parameters:log::file: wavepi.log
parameters:log::file depth: 4
parameters:mesh::end time: 6
parameters:mesh::initial refines: 5
parameters:mesh::initial time steps: 128
parameters:output::data: true
parameters:output::destination: ./step-{{i}}/
parameters:output::discrepancy decrease: 0.5
parameters:output::estimate: true
parameters:output::estimate transformed: false
parameters:output::exact: true
parameters:output::exact transformed: false
parameters:output::interval: 50
parameters:output::last: true
parameters:output::residual: true
parameters:output::statistics: history
parameters:problem::H1H1 beta: 0.5
parameters:problem::H1H1 gamma: 0.5
parameters:problem::H1L2 alpha: 0.5
parameters:problem::H2L2 alpha: 0.5
parameters:problem::H2L2 beta: 0.25
parameters:problem::constants: 
parameters:problem::epsilon: 1e-3
parameters:problem::initial guess: 1.0
parameters:problem::norm of codomain: L2L2
parameters:problem::norm of domain: H1L2
parameters:problem::parameter a: 1.5
parameters:problem::parameter c: 2.0
parameters:problem::parameter nu: 0.0
parameters:problem::parameter q: 0.0
parameters:problem::transform: Log
parameters:problem::type: a
parameters:watchdog::discrepancy increasing: false
parameters:watchdog::discrepancy slope min values: 40
parameters:watchdog::discrepancy slope percentage: 0.25
parameters:watchdog::discrepancy slope threshold: 0.0
parameters:watchdog::discrepancy threshold: 10.0
parameters:watchdog::maximum iteration count: 0
REGINN::Saving exact parameter in ./step-0000/
REGINN::Saving data in ./step-0000/
REGINN::Saving current residual in ./step-0000/
REGINN::Saving current estimate in ./step-0000/
REGINN::i=0 : rdisc=1.18 , rnorm=0.313, rerr=1.31 
REGINN::-0.105 ≤ estimate ≤ -0.105
REGINN::Solving linear problem using rtol=0.900 and max_iter=1
REGINN:CGLS::k=0 : rdisc=1.00 , norm=0.00 
REGINN:CGLS::k=1 : rdisc=0.708, norm=1.52 
REGINN:CGLS::Safeguarding: λ=0.787 ⇒ rdisc=0.900
REGINN:CGLS::Target discrepancy reached after 1 iteration.
REGINN::i=1 : rdisc=1.06 , rnorm=0.305, rerr=1.30 
REGINN::-0.116 ≤ estimate ≤ 0.158
REGINN::
REGINN::Solving linear problem using rtol=0.900 and max_iter=2
REGINN:CGLS::k=0 : rdisc=1.00 , norm=0.00 
REGINN:CGLS::k=1 : rdisc=0.696, norm=1.55 
REGINN:CGLS::Safeguarding: λ=0.795 ⇒ rdisc=0.900
REGINN:CGLS::Target discrepancy reached after 1 iteration.
REGINN::i=2 : rdisc=0.953, rnorm=0.304, rerr=1.29 
REGINN::-0.114 ≤ estimate ≤ 0.396
REGINN::
REGINN::Solving linear problem using rtol=0.854 and max_iter=2
REGINN:CGLS::k=0 : rdisc=1.00 , norm=0.00 
REGINN:CGLS::k=1 : rdisc=0.690, norm=1.56 
REGINN:CGLS::Safeguarding: λ=0.695 ⇒ rdisc=0.854
REGINN:CGLS::Target discrepancy reached after 1 iteration.
REGINN::i=3 : rdisc=0.814, rnorm=0.312, rerr=1.28 
REGINN::-0.108 ≤ estimate ≤ 0.712
REGINN::
REGINN::Solving linear problem using rtol=0.811 and max_iter=2
REGINN:CGLS::k=0 : rdisc=1.00 , norm=0.00 
REGINN:CGLS::k=1 : rdisc=0.695, norm=1.55 
REGINN:CGLS::Safeguarding: λ=0.580 ⇒ rdisc=0.811
REGINN:CGLS::Target discrepancy reached after 1 iteration.
REGINN::i=4 : rdisc=0.658, rnorm=0.341, rerr=1.26 
REGINN::-0.108 ≤ estimate ≤ 1.06
REGINN::
REGINN::Solving linear problem using rtol=0.769 and max_iter=2
REGINN:CGLS::k=0 : rdisc=1.00 , norm=0.00 
REGINN:CGLS::k=1 : rdisc=0.719, norm=1.49 
REGINN:CGLS::Safeguarding: λ=0.392 ⇒ rdisc=0.769
REGINN:CGLS::Target discrepancy reached after 1 iteration.
REGINN::Saving current residual in ./step-0005/
REGINN::Saving current estimate in ./step-0005/
REGINN::i=5 : rdisc=0.501, rnorm=0.400, rerr=1.23 
REGINN::-0.107 ≤ estimate ≤ 1.72
REGINN::
REGINN::Solving linear problem using rtol=0.730 and max_iter=2
REGINN:CGLS::k=0 : rdisc=1.00 , norm=0.00 
REGINN:CGLS::k=1 : rdisc=0.772, norm=1.38 
REGINN:CGLS::k=2 : rdisc=0.646, norm=2.42 
REGINN:CGLS::Safeguarding: λ=0.804 ⇒ rdisc=0.730
REGINN:CGLS::Target discrepancy reached after 2 iterations.
REGINN::i=6 : rdisc=0.349, rnorm=0.486, rerr=1.15 
REGINN::-0.108 ≤ estimate ≤ 1.93
REGINN::
REGINN::Solving linear problem using rtol=0.693 and max_iter=3
REGINN:CGLS::k=0 : rdisc=1.00 , norm=0.00 
REGINN:CGLS::k=1 : rdisc=0.849, norm=0.824
REGINN:CGLS::k=2 : rdisc=0.630, norm=2.18 
REGINN:CGLS::Safeguarding: λ=0.505 ⇒ rdisc=0.693
REGINN:CGLS::Target discrepancy reached after 2 iterations.
REGINN::Saving current residual in ./step-0007/
REGINN::Saving current estimate in ./step-0007/
REGINN::i=7 : rdisc=0.231, rnorm=0.493, rerr=1.08 
REGINN::-0.355 ≤ estimate ≤ 1.56
REGINN::
REGINN::Solving linear problem using rtol=0.658 and max_iter=4
REGINN:CGLS::k=0 : rdisc=1.00 , norm=0.00 
REGINN:CGLS::k=1 : rdisc=0.920, norm=0.308
REGINN:CGLS::k=2 : rdisc=0.677, norm=1.37 
REGINN:CGLS::k=3 : rdisc=0.515, norm=2.01 
REGINN:CGLS::Safeguarding: λ=0.932 ⇒ rdisc=0.658
REGINN:CGLS::Target discrepancy reached after 3 iterations.
REGINN::i=8 : rdisc=0.133, rnorm=0.583, rerr=1.02 
REGINN::-0.456 ≤ estimate ≤ 1.03
REGINN::
REGINN::Solving linear problem using rtol=0.624 and max_iter=5
REGINN:CGLS::k=0 : rdisc=1.00 , norm=0.00 
REGINN:CGLS::k=1 : rdisc=0.938, norm=0.182
REGINN:CGLS::k=2 : rdisc=0.796, norm=0.651
REGINN:CGLS::k=3 : rdisc=0.681, norm=1.02 
REGINN:CGLS::k=4 : rdisc=0.598, norm=1.28 
REGINN:CGLS::Safeguarding: λ=0.548 ⇒ rdisc=0.624
REGINN:CGLS::Target discrepancy reached after 4 iterations.
REGINN::Saving current residual in ./step-0009/
REGINN::Saving current estimate in ./step-0009/
REGINN::i=9 : rdisc=0.0822, rnorm=0.670, rerr=0.988
REGINN::-0.189 ≤ estimate ≤ 1.16
REGINN::
REGINN::Solving linear problem using rtol=0.592 and max_iter=7
REGINN:CGLS::k=0 : rdisc=1.00 , norm=0.00 
REGINN:CGLS::k=1 : rdisc=0.948, norm=0.125
REGINN:CGLS::k=2 : rdisc=0.901, norm=0.247
REGINN:CGLS::k=3 : rdisc=0.839, norm=0.444
REGINN:CGLS::k=4 : rdisc=0.737, norm=0.799
REGINN:CGLS::k=5 : rdisc=0.666, norm=1.05 
REGINN:CGLS::k=6 : rdisc=0.585, norm=1.33 
REGINN:CGLS::Safeguarding: λ=0.287 ⇒ rdisc=0.592
REGINN:CGLS::Target discrepancy reached after 6 iterations.
REGINN::i=10: rdisc=0.0478, rnorm=0.697, rerr=0.946
REGINN::-0.424 ≤ estimate ≤ 0.757
REGINN::
REGINN::Solving linear problem using rtol=0.562 and max_iter=10
REGINN:CGLS::k=0 : rdisc=1.00 , norm=0.00 
REGINN:CGLS::k=1 : rdisc=0.985, norm=0.0296
REGINN:CGLS::k=2 : rdisc=0.959, norm=0.0955
REGINN:CGLS::k=3 : rdisc=0.919, norm=0.211
REGINN:CGLS::k=4 : rdisc=0.892, norm=0.300
REGINN:CGLS::k=5 : rdisc=0.840, norm=0.481
REGINN:CGLS::k=6 : rdisc=0.790, norm=0.663
REGINN:CGLS::k=7 : rdisc=0.756, norm=0.792
REGINN:CGLS::k=8 : rdisc=0.687, norm=1.06 
REGINN:CGLS::k=9 : rdisc=0.670, norm=1.13 
REGINN:CGLS::k=10: rdisc=0.645, norm=1.24 
REGINN:CGLS::Unsuccessful termination after 10 iterations!
REGINN::Linear solver did not achieve desired discrepancy due to max_iter.
REGINN::Saving current residual in ./step-0011/
REGINN::Saving current estimate in ./step-0011/
REGINN::i=11: rdisc=0.0291, rnorm=0.729, rerr=0.902
REGINN::-0.391 ≤ estimate ≤ 0.993
REGINN::
REGINN::Solving linear problem using rtol=0.737 and max_iter=16
REGINN:CGLS::k=0 : rdisc=1.00 , norm=0.00 
REGINN:CGLS::k=1 : rdisc=0.978, norm=0.0297
REGINN:CGLS::k=2 : rdisc=0.967, norm=0.0454
REGINN:CGLS::k=3 : rdisc=0.956, norm=0.0681
REGINN:CGLS::k=4 : rdisc=0.935, norm=0.119
REGINN:CGLS::k=5 : rdisc=0.920, norm=0.161
REGINN:CGLS::k=6 : rdisc=0.889, norm=0.264
REGINN:CGLS::k=7 : rdisc=0.860, norm=0.367
REGINN:CGLS::k=8 : rdisc=0.812, norm=0.546
REGINN:CGLS::k=9 : rdisc=0.780, norm=0.664
REGINN:CGLS::k=10: rdisc=0.743, norm=0.806
REGINN:CGLS::k=11: rdisc=0.727, norm=0.868
REGINN:CGLS::Safeguarding: λ=0.776 ⇒ rdisc=0.737
REGINN:CGLS::Target discrepancy reached after 11 iterations.
REGINN::i=12: rdisc=0.0209, rnorm=0.742, rerr=0.875
REGINN::-0.490 ≤ estimate ≤ 0.864
REGINN::
REGINN::Solving linear problem using rtol=0.760 and max_iter=21
REGINN:CGLS::k=0 : rdisc=1.00 , norm=0.00 
REGINN:CGLS::k=1 : rdisc=0.982, norm=0.0204
REGINN:CGLS::k=2 : rdisc=0.969, norm=0.0364
REGINN:CGLS::k=3 : rdisc=0.945, norm=0.0737
REGINN:CGLS::k=4 : rdisc=0.930, norm=0.103
REGINN:CGLS::k=5 : rdisc=0.914, norm=0.134
REGINN:CGLS::k=6 : rdisc=0.879, norm=0.216
REGINN:CGLS::k=7 : rdisc=0.865, norm=0.254
REGINN:CGLS::k=8 : rdisc=0.844, norm=0.314
REGINN:CGLS::k=9 : rdisc=0.831, norm=0.353
REGINN:CGLS::k=10: rdisc=0.819, norm=0.389
REGINN:CGLS::k=11: rdisc=0.797, norm=0.460
REGINN:CGLS::k=12: rdisc=0.788, norm=0.491
REGINN:CGLS::k=13: rdisc=0.760, norm=0.591
REGINN:CGLS::Safeguarding: λ=0.0737 ⇒ rdisc=0.760
REGINN:CGLS::Target discrepancy reached after 13 iterations.
REGINN::i=13: rdisc=0.0154, rnorm=0.765, rerr=0.858
REGINN::-0.502 ≤ estimate ≤ 0.800
REGINN::
REGINN::Solving linear problem using rtol=0.796 and max_iter=24
REGINN:CGLS::k=0 : rdisc=1.00 , norm=0.00 
REGINN:CGLS::k=1 : rdisc=0.989, norm=0.0103
REGINN:CGLS::k=2 : rdisc=0.979, norm=0.0201
REGINN:CGLS::k=3 : rdisc=0.969, norm=0.0339
REGINN:CGLS::k=4 : rdisc=0.953, norm=0.0599
REGINN:CGLS::k=5 : rdisc=0.940, norm=0.0849
REGINN:CGLS::k=6 : rdisc=0.921, norm=0.125
REGINN:CGLS::k=7 : rdisc=0.910, norm=0.149
REGINN:CGLS::k=8 : rdisc=0.890, norm=0.199
REGINN:CGLS::k=9 : rdisc=0.874, norm=0.241
REGINN:CGLS::k=10: rdisc=0.865, norm=0.263
REGINN:CGLS::k=11: rdisc=0.856, norm=0.290
REGINN:CGLS::k=12: rdisc=0.846, norm=0.319
REGINN:CGLS::k=13: rdisc=0.818, norm=0.404
REGINN:CGLS::k=14: rdisc=0.776, norm=0.544
REGINN:CGLS::Safeguarding: λ=0.685 ⇒ rdisc=0.796
REGINN:CGLS::Target discrepancy reached after 14 iterations.
REGINN::Saving current residual in ./step-0014/
REGINN::Saving current estimate in ./step-0014/
REGINN::i=14: rdisc=0.0120, rnorm=0.773, rerr=0.846
REGINN::-0.503 ≤ estimate ≤ 0.802
REGINN::
REGINN::Solving linear problem using rtol=0.810 and max_iter=27
REGINN:CGLS::k=0 : rdisc=1.00 , norm=0.00 
REGINN:CGLS::k=1 : rdisc=0.991, norm=0.0101
REGINN:CGLS::k=2 : rdisc=0.975, norm=0.0276
REGINN:CGLS::k=3 : rdisc=0.968, norm=0.0366
REGINN:CGLS::k=4 : rdisc=0.958, norm=0.0505
REGINN:CGLS::k=5 : rdisc=0.947, norm=0.0676
REGINN:CGLS::k=6 : rdisc=0.933, norm=0.0931
REGINN:CGLS::k=7 : rdisc=0.921, norm=0.117
REGINN:CGLS::k=8 : rdisc=0.909, norm=0.143
REGINN:CGLS::k=9 : rdisc=0.899, norm=0.167
REGINN:CGLS::k=10: rdisc=0.884, norm=0.204
REGINN:CGLS::k=11: rdisc=0.876, norm=0.225
REGINN:CGLS::k=12: rdisc=0.869, norm=0.243
REGINN:CGLS::k=13: rdisc=0.858, norm=0.275
REGINN:CGLS::k=14: rdisc=0.824, norm=0.372
REGINN:CGLS::k=15: rdisc=0.800, norm=0.446
REGINN:CGLS::Safeguarding: λ=0.630 ⇒ rdisc=0.810
REGINN:CGLS::Target discrepancy reached after 15 iterations.
REGINN::i=15: rdisc=0.00956, rnorm=0.788, rerr=0.836
REGINN::-0.494 ≤ estimate ≤ 0.771
REGINN::
REGINN::Solving linear problem using rtol=0.822 and max_iter=29
REGINN:CGLS::k=0 : rdisc=1.00 , norm=0.00 
REGINN:CGLS::k=1 : rdisc=0.984, norm=0.0102
REGINN:CGLS::k=2 : rdisc=0.974, norm=0.0172
REGINN:CGLS::k=3 : rdisc=0.967, norm=0.0227
REGINN:CGLS::k=4 : rdisc=0.959, norm=0.0299
REGINN:CGLS::k=5 : rdisc=0.949, norm=0.0416
REGINN:CGLS::k=6 : rdisc=0.939, norm=0.0543
REGINN:CGLS::k=7 : rdisc=0.930, norm=0.0693
REGINN:CGLS::k=8 : rdisc=0.919, norm=0.0874
REGINN:CGLS::k=9 : rdisc=0.913, norm=0.100
REGINN:CGLS::k=10: rdisc=0.902, norm=0.124
REGINN:CGLS::k=11: rdisc=0.895, norm=0.139
REGINN:CGLS::k=12: rdisc=0.885, norm=0.162
REGINN:CGLS::k=13: rdisc=0.882, norm=0.170
REGINN:CGLS::k=14: rdisc=0.873, norm=0.192
REGINN:CGLS::k=15: rdisc=0.860, norm=0.226
REGINN:CGLS::k=16: rdisc=0.834, norm=0.301
REGINN:CGLS::k=17: rdisc=0.825, norm=0.328
REGINN:CGLS::k=18: rdisc=0.781, norm=0.456
REGINN:CGLS::Safeguarding: λ=0.964 ⇒ rdisc=0.822
REGINN:CGLS::Target discrepancy reached after 18 iterations.
REGINN::i=16: rdisc=0.00770, rnorm=0.793, rerr=0.827
REGINN::-0.483 ≤ estimate ≤ 0.803
REGINN::
REGINN::Solving linear problem using rtol=0.850 and max_iter=33
REGINN:CGLS::k=0 : rdisc=1.00 , norm=0.00 
REGINN:CGLS::k=1 : rdisc=0.989, norm=0.00527
REGINN:CGLS::k=2 : rdisc=0.974, norm=0.0144
REGINN:CGLS::k=3 : rdisc=0.968, norm=0.0179
REGINN:CGLS::k=4 : rdisc=0.959, norm=0.0255
REGINN:CGLS::k=5 : rdisc=0.953, norm=0.0309
REGINN:CGLS::k=6 : rdisc=0.945, norm=0.0405
REGINN:CGLS::k=7 : rdisc=0.940, norm=0.0475
REGINN:CGLS::k=8 : rdisc=0.932, norm=0.0597
REGINN:CGLS::k=9 : rdisc=0.926, norm=0.0711
REGINN:CGLS::k=10: rdisc=0.921, norm=0.0811
REGINN:CGLS::k=11: rdisc=0.915, norm=0.0940
REGINN:CGLS::k=12: rdisc=0.913, norm=0.0979
REGINN:CGLS::k=13: rdisc=0.905, norm=0.117
REGINN:CGLS::k=14: rdisc=0.895, norm=0.139
REGINN:CGLS::k=15: rdisc=0.887, norm=0.161
REGINN:CGLS::k=16: rdisc=0.875, norm=0.194
REGINN:CGLS::k=17: rdisc=0.861, norm=0.235
REGINN:CGLS::k=18: rdisc=0.831, norm=0.321
REGINN:CGLS::Safeguarding: λ=0.811 ⇒ rdisc=0.850
REGINN:CGLS::Target discrepancy reached after 18 iterations.
REGINN::i=17: rdisc=0.00650, rnorm=0.801, rerr=0.821
REGINN::-0.447 ≤ estimate ≤ 0.784
REGINN::
REGINN::Solving linear problem using rtol=0.850 and max_iter=36
REGINN:CGLS::k=0 : rdisc=1.00 , norm=0.00 
REGINN:CGLS::k=1 : rdisc=0.991, norm=0.00268
REGINN:CGLS::k=2 : rdisc=0.983, norm=0.00712
REGINN:CGLS::k=3 : rdisc=0.979, norm=0.00979
REGINN:CGLS::k=4 : rdisc=0.972, norm=0.0155
REGINN:CGLS::k=5 : rdisc=0.966, norm=0.0216
REGINN:CGLS::k=6 : rdisc=0.961, norm=0.0270
REGINN:CGLS::k=7 : rdisc=0.954, norm=0.0364
REGINN:CGLS::k=8 : rdisc=0.950, norm=0.0437
REGINN:CGLS::k=9 : rdisc=0.945, norm=0.0526
REGINN:CGLS::k=10: rdisc=0.940, norm=0.0614
REGINN:CGLS::k=11: rdisc=0.937, norm=0.0675
REGINN:CGLS::k=12: rdisc=0.935, norm=0.0713
REGINN:CGLS::k=13: rdisc=0.930, norm=0.0834
REGINN:CGLS::k=14: rdisc=0.924, norm=0.0979
REGINN:CGLS::k=15: rdisc=0.920, norm=0.106
REGINN:CGLS::k=16: rdisc=0.917, norm=0.116
REGINN:CGLS::k=17: rdisc=0.911, norm=0.133
REGINN:CGLS::k=18: rdisc=0.901, norm=0.160
REGINN:CGLS::k=19: rdisc=0.869, norm=0.256
REGINN:CGLS::k=20: rdisc=0.844, norm=0.330
REGINN:CGLS::Safeguarding: λ=0.473 ⇒ rdisc=0.850
REGINN:CGLS::Target discrepancy reached after 20 iterations.
REGINN::Saving current residual in ./step-0018/
REGINN::Saving current estimate in ./step-0018/
REGINN::i=18: rdisc=0.00546, rnorm=0.805, rerr=0.813
REGINN::-0.406 ≤ estimate ≤ 0.800
REGINN::
REGINN::Solving linear problem using rtol=0.864 and max_iter=38
REGINN:CGLS::k=0 : rdisc=1.00 , norm=0.00 
REGINN:CGLS::k=1 : rdisc=0.994, norm=0.00164
REGINN:CGLS::k=2 : rdisc=0.979, norm=0.00755
REGINN:CGLS::k=3 : rdisc=0.974, norm=0.0107
REGINN:CGLS::k=4 : rdisc=0.970, norm=0.0137
REGINN:CGLS::k=5 : rdisc=0.965, norm=0.0176
REGINN:CGLS::k=6 : rdisc=0.960, norm=0.0228
REGINN:CGLS::k=7 : rdisc=0.957, norm=0.0264
REGINN:CGLS::k=8 : rdisc=0.953, norm=0.0310
REGINN:CGLS::k=9 : rdisc=0.950, norm=0.0355
REGINN:CGLS::k=10: rdisc=0.947, norm=0.0405
REGINN:CGLS::k=11: rdisc=0.944, norm=0.0462
REGINN:CGLS::k=12: rdisc=0.942, norm=0.0496
REGINN:CGLS::k=13: rdisc=0.939, norm=0.0565
REGINN:CGLS::k=14: rdisc=0.934, norm=0.0669
REGINN:CGLS::k=15: rdisc=0.931, norm=0.0743
REGINN:CGLS::k=16: rdisc=0.928, norm=0.0820
REGINN:CGLS::k=17: rdisc=0.925, norm=0.0895
REGINN:CGLS::k=18: rdisc=0.921, norm=0.101
REGINN:CGLS::k=19: rdisc=0.918, norm=0.111
REGINN:CGLS::k=20: rdisc=0.907, norm=0.143
REGINN:CGLS::k=21: rdisc=0.904, norm=0.153
REGINN:CGLS::k=22: rdisc=0.876, norm=0.244
REGINN:CGLS::k=23: rdisc=0.854, norm=0.315
REGINN:CGLS::Safeguarding: λ=0.675 ⇒ rdisc=0.864
REGINN:CGLS::Target discrepancy reached after 23 iterations.
REGINN::i=19: rdisc=0.00471, rnorm=0.808, rerr=0.805
REGINN::-0.348 ≤ estimate ≤ 0.768
REGINN::
REGINN::Solving linear problem using rtol=0.881 and max_iter=43
REGINN:CGLS::k=0 : rdisc=1.00 , norm=0.00 
REGINN:CGLS::k=1 : rdisc=0.997, norm=0.00135
REGINN:CGLS::k=2 : rdisc=0.981, norm=0.00914
REGINN:CGLS::k=3 : rdisc=0.976, norm=0.0121
REGINN:CGLS::k=4 : rdisc=0.969, norm=0.0164
REGINN:CGLS::k=5 : rdisc=0.963, norm=0.0209
REGINN:CGLS::k=6 : rdisc=0.958, norm=0.0250
REGINN:CGLS::k=7 : rdisc=0.956, norm=0.0269
REGINN:CGLS::k=8 : rdisc=0.953, norm=0.0306
REGINN:CGLS::k=9 : rdisc=0.950, norm=0.0335
REGINN:CGLS::k=10: rdisc=0.947, norm=0.0387
REGINN:CGLS::k=11: rdisc=0.946, norm=0.0399
REGINN:CGLS::k=12: rdisc=0.943, norm=0.0452
REGINN:CGLS::k=13: rdisc=0.940, norm=0.0505
REGINN:CGLS::k=14: rdisc=0.938, norm=0.0550
REGINN:CGLS::k=15: rdisc=0.935, norm=0.0609
REGINN:CGLS::k=16: rdisc=0.934, norm=0.0637
REGINN:CGLS::k=17: rdisc=0.932, norm=0.0678
REGINN:CGLS::k=18: rdisc=0.930, norm=0.0730
REGINN:CGLS::k=19: rdisc=0.928, norm=0.0785
REGINN:CGLS::k=20: rdisc=0.926, norm=0.0832
REGINN:CGLS::k=21: rdisc=0.924, norm=0.0896
REGINN:CGLS::k=22: rdisc=0.916, norm=0.115
REGINN:CGLS::k=23: rdisc=0.892, norm=0.193
REGINN:CGLS::k=24: rdisc=0.878, norm=0.241
REGINN:CGLS::Safeguarding: λ=0.442 ⇒ rdisc=0.881
REGINN:CGLS::Target discrepancy reached after 24 iterations.
REGINN::i=20: rdisc=0.00414, rnorm=0.810, rerr=0.798
REGINN::-0.319 ≤ estimate ≤ 0.778
REGINN::
REGINN::Solving linear problem using rtol=0.885 and max_iter=47
REGINN:CGLS::k=0 : rdisc=1.00 , norm=0.00 
REGINN:CGLS::k=1 : rdisc=0.995, norm=0.00214
REGINN:CGLS::k=2 : rdisc=0.986, norm=0.00603
REGINN:CGLS::k=3 : rdisc=0.978, norm=0.0104
REGINN:CGLS::k=4 : rdisc=0.974, norm=0.0128
REGINN:CGLS::k=5 : rdisc=0.973, norm=0.0141
REGINN:CGLS::k=6 : rdisc=0.966, norm=0.0198
REGINN:CGLS::k=7 : rdisc=0.963, norm=0.0232
REGINN:CGLS::k=8 : rdisc=0.961, norm=0.0256
REGINN:CGLS::k=9 : rdisc=0.958, norm=0.0294
REGINN:CGLS::k=10: rdisc=0.956, norm=0.0326
REGINN:CGLS::k=11: rdisc=0.954, norm=0.0357
REGINN:CGLS::k=12: rdisc=0.953, norm=0.0381
REGINN:CGLS::k=13: rdisc=0.951, norm=0.0411
REGINN:CGLS::k=14: rdisc=0.948, norm=0.0463
REGINN:CGLS::k=15: rdisc=0.946, norm=0.0502
REGINN:CGLS::k=16: rdisc=0.944, norm=0.0548
REGINN:CGLS::k=17: rdisc=0.942, norm=0.0587
REGINN:CGLS::k=18: rdisc=0.941, norm=0.0617
REGINN:CGLS::k=19: rdisc=0.936, norm=0.0733
REGINN:CGLS::k=20: rdisc=0.934, norm=0.0797
REGINN:CGLS::k=21: rdisc=0.932, norm=0.0855
REGINN:CGLS::k=22: rdisc=0.930, norm=0.0905
REGINN:CGLS::k=23: rdisc=0.923, norm=0.110
REGINN:CGLS::k=24: rdisc=0.915, norm=0.138
REGINN:CGLS::k=25: rdisc=0.902, norm=0.178
REGINN:CGLS::k=26: rdisc=0.880, norm=0.250
REGINN:CGLS::Safeguarding: λ=0.466 ⇒ rdisc=0.885
REGINN:CGLS::Target discrepancy reached after 26 iterations.
REGINN::i=21: rdisc=0.00366, rnorm=0.812, rerr=0.791
REGINN::-0.306 ≤ estimate ≤ 0.748
REGINN::
REGINN::Solving linear problem using rtol=0.893 and max_iter=50
REGINN:CGLS::k=0 : rdisc=1.00 , norm=0.00 
REGINN:CGLS::k=1 : rdisc=0.997, norm=0.00150
REGINN:CGLS::k=2 : rdisc=0.990, norm=0.00459
REGINN:CGLS::k=3 : rdisc=0.983, norm=0.00866
REGINN:CGLS::k=4 : rdisc=0.976, norm=0.0134
REGINN:CGLS::k=5 : rdisc=0.974, norm=0.0153
REGINN:CGLS::k=6 : rdisc=0.970, norm=0.0186
REGINN:CGLS::k=7 : rdisc=0.966, norm=0.0218
REGINN:CGLS::k=8 : rdisc=0.962, norm=0.0264
REGINN:CGLS::k=9 : rdisc=0.960, norm=0.0289
REGINN:CGLS::k=10: rdisc=0.958, norm=0.0313
REGINN:CGLS::k=11: rdisc=0.957, norm=0.0323
REGINN:CGLS::k=12: rdisc=0.955, norm=0.0350
REGINN:CGLS::k=13: rdisc=0.952, norm=0.0392
REGINN:CGLS::k=14: rdisc=0.950, norm=0.0428
REGINN:CGLS::k=15: rdisc=0.947, norm=0.0479
REGINN:CGLS::k=16: rdisc=0.946, norm=0.0513
REGINN:CGLS::k=17: rdisc=0.943, norm=0.0568
REGINN:CGLS::k=18: rdisc=0.942, norm=0.0595
REGINN:CGLS::k=19: rdisc=0.941, norm=0.0616
REGINN:CGLS::k=20: rdisc=0.940, norm=0.0643
REGINN:CGLS::k=21: rdisc=0.939, norm=0.0669
REGINN:CGLS::k=22: rdisc=0.935, norm=0.0762
REGINN:CGLS::k=23: rdisc=0.932, norm=0.0835
REGINN:CGLS::k=24: rdisc=0.929, norm=0.0923
REGINN:CGLS::k=25: rdisc=0.924, norm=0.105
REGINN:CGLS::k=26: rdisc=0.913, norm=0.139
REGINN:CGLS::k=27: rdisc=0.902, norm=0.171
REGINN:CGLS::k=28: rdisc=0.897, norm=0.188
REGINN:CGLS::k=29: rdisc=0.881, norm=0.237
REGINN:CGLS::Safeguarding: λ=0.852 ⇒ rdisc=0.893
REGINN:CGLS::Target discrepancy reached after 29 iterations.
REGINN::i=22: rdisc=0.00325, rnorm=0.813, rerr=0.785
REGINN::-0.286 ≤ estimate ≤ 0.775
REGINN::
REGINN::Solving linear problem using rtol=0.903 and max_iter=55
REGINN:CGLS::k=0 : rdisc=1.00 , norm=0.00 
REGINN:CGLS::k=1 : rdisc=0.997, norm=0.000890
REGINN:CGLS::k=2 : rdisc=0.991, norm=0.00333
REGINN:CGLS::k=3 : rdisc=0.984, norm=0.00766
REGINN:CGLS::k=4 : rdisc=0.982, norm=0.00894
REGINN:CGLS::k=5 : rdisc=0.978, norm=0.0114
REGINN:CGLS::k=6 : rdisc=0.974, norm=0.0146
REGINN:CGLS::k=7 : rdisc=0.971, norm=0.0179
REGINN:CGLS::k=8 : rdisc=0.968, norm=0.0206
REGINN:CGLS::k=9 : rdisc=0.965, norm=0.0234
REGINN:CGLS::k=10: rdisc=0.963, norm=0.0259
REGINN:CGLS::k=11: rdisc=0.961, norm=0.0294
REGINN:CGLS::k=12: rdisc=0.960, norm=0.0306
REGINN:CGLS::k=13: rdisc=0.958, norm=0.0338
REGINN:CGLS::k=14: rdisc=0.955, norm=0.0377
REGINN:CGLS::k=15: rdisc=0.952, norm=0.0419
REGINN:CGLS::k=16: rdisc=0.949, norm=0.0472
REGINN:CGLS::k=17: rdisc=0.948, norm=0.0497
REGINN:CGLS::k=18: rdisc=0.947, norm=0.0515
REGINN:CGLS::k=19: rdisc=0.945, norm=0.0550
REGINN:CGLS::k=20: rdisc=0.943, norm=0.0594
REGINN:CGLS::k=21: rdisc=0.941, norm=0.0637
REGINN:CGLS::k=22: rdisc=0.941, norm=0.0650
REGINN:CGLS::k=23: rdisc=0.937, norm=0.0724
REGINN:CGLS::k=24: rdisc=0.935, norm=0.0788
REGINN:CGLS::k=25: rdisc=0.931, norm=0.0873
REGINN:CGLS::k=26: rdisc=0.928, norm=0.0961
REGINN:CGLS::k=27: rdisc=0.925, norm=0.105
REGINN:CGLS::k=28: rdisc=0.918, norm=0.122
REGINN:CGLS::k=29: rdisc=0.913, norm=0.139
REGINN:CGLS::k=30: rdisc=0.908, norm=0.152
REGINN:CGLS::k=31: rdisc=0.901, norm=0.174
REGINN:CGLS::Safeguarding: λ=0.527 ⇒ rdisc=0.903
REGINN:CGLS::Target discrepancy reached after 31 iterations.
REGINN::i=23: rdisc=0.00293, rnorm=0.816, rerr=0.781
REGINN::-0.275 ≤ estimate ≤ 0.803
REGINN::
REGINN::Solving linear problem using rtol=0.908 and max_iter=60
REGINN:CGLS::k=0 : rdisc=1.00 , norm=0.00 
REGINN:CGLS::k=1 : rdisc=0.996, norm=0.00130
REGINN:CGLS::k=2 : rdisc=0.992, norm=0.00310
REGINN:CGLS::k=3 : rdisc=0.990, norm=0.00412
REGINN:CGLS::k=4 : rdisc=0.987, norm=0.00576
REGINN:CGLS::k=5 : rdisc=0.982, norm=0.00864
REGINN:CGLS::k=6 : rdisc=0.980, norm=0.0107
REGINN:CGLS::k=7 : rdisc=0.977, norm=0.0136
REGINN:CGLS::k=8 : rdisc=0.974, norm=0.0162
REGINN:CGLS::k=9 : rdisc=0.973, norm=0.0179
REGINN:CGLS::k=10: rdisc=0.970, norm=0.0207
REGINN:CGLS::k=11: rdisc=0.968, norm=0.0237
REGINN:CGLS::k=12: rdisc=0.966, norm=0.0270
REGINN:CGLS::k=13: rdisc=0.965, norm=0.0282
REGINN:CGLS::k=14: rdisc=0.963, norm=0.0321
REGINN:CGLS::k=15: rdisc=0.960, norm=0.0366
REGINN:CGLS::k=16: rdisc=0.959, norm=0.0378
REGINN:CGLS::k=17: rdisc=0.957, norm=0.0424
REGINN:CGLS::k=18: rdisc=0.955, norm=0.0455
REGINN:CGLS::k=19: rdisc=0.953, norm=0.0493
REGINN:CGLS::k=20: rdisc=0.951, norm=0.0542
REGINN:CGLS::k=21: rdisc=0.949, norm=0.0582
REGINN:CGLS::k=22: rdisc=0.948, norm=0.0599
REGINN:CGLS::k=23: rdisc=0.946, norm=0.0651
REGINN:CGLS::k=24: rdisc=0.944, norm=0.0698
REGINN:CGLS::k=25: rdisc=0.942, norm=0.0763
REGINN:CGLS::k=26: rdisc=0.939, norm=0.0837
REGINN:CGLS::k=27: rdisc=0.936, norm=0.0903
REGINN:CGLS::k=28: rdisc=0.932, norm=0.101
REGINN:CGLS::k=29: rdisc=0.931, norm=0.105
REGINN:CGLS::k=30: rdisc=0.926, norm=0.117
REGINN:CGLS::k=31: rdisc=0.915, norm=0.149
REGINN:CGLS::k=32: rdisc=0.913, norm=0.157
REGINN:CGLS::k=33: rdisc=0.893, norm=0.214
REGINN:CGLS::Safeguarding: λ=0.879 ⇒ rdisc=0.908
REGINN:CGLS::Target discrepancy reached after 33 iterations.
REGINN::Saving current residual in ./step-0024/
REGINN::Saving current estimate in ./step-0024/
REGINN::i=24: rdisc=0.00266, rnorm=0.817, rerr=0.776
REGINN::-0.264 ≤ estimate ≤ 0.819
REGINN::
REGINN::Solving linear problem using rtol=0.913 and max_iter=64
REGINN:CGLS::k=0 : rdisc=1.00 , norm=0.00 
REGINN:CGLS::k=1 : rdisc=0.997, norm=0.000918
REGINN:CGLS::k=2 : rdisc=0.991, norm=0.00308
REGINN:CGLS::k=3 : rdisc=0.988, norm=0.00464
REGINN:CGLS::k=4 : rdisc=0.985, norm=0.00599
REGINN:CGLS::k=5 : rdisc=0.981, norm=0.00864
REGINN:CGLS::k=6 : rdisc=0.979, norm=0.0104
REGINN:CGLS::k=7 : rdisc=0.976, norm=0.0128
REGINN:CGLS::k=8 : rdisc=0.974, norm=0.0147
REGINN:CGLS::k=9 : rdisc=0.972, norm=0.0170
REGINN:CGLS::k=10: rdisc=0.970, norm=0.0190
REGINN:CGLS::k=11: rdisc=0.969, norm=0.0200
REGINN:CGLS::k=12: rdisc=0.968, norm=0.0218
REGINN:CGLS::k=13: rdisc=0.966, norm=0.0243
REGINN:CGLS::k=14: rdisc=0.964, norm=0.0272
REGINN:CGLS::k=15: rdisc=0.962, norm=0.0302
REGINN:CGLS::k=16: rdisc=0.961, norm=0.0327
REGINN:CGLS::k=17: rdisc=0.959, norm=0.0352
REGINN:CGLS::k=18: rdisc=0.958, norm=0.0372
REGINN:CGLS::k=19: rdisc=0.955, norm=0.0424
REGINN:CGLS::k=20: rdisc=0.954, norm=0.0438
REGINN:CGLS::k=21: rdisc=0.954, norm=0.0457
REGINN:CGLS::k=22: rdisc=0.952, norm=0.0488
REGINN:CGLS::k=23: rdisc=0.949, norm=0.0543
REGINN:CGLS::k=24: rdisc=0.947, norm=0.0602
REGINN:CGLS::k=25: rdisc=0.944, norm=0.0658
REGINN:CGLS::k=26: rdisc=0.942, norm=0.0707
REGINN:CGLS::k=27: rdisc=0.941, norm=0.0743
REGINN:CGLS::k=28: rdisc=0.940, norm=0.0758
REGINN:CGLS::k=29: rdisc=0.938, norm=0.0809
REGINN:CGLS::k=30: rdisc=0.937, norm=0.0851
REGINN:CGLS::k=31: rdisc=0.934, norm=0.0922
REGINN:CGLS::k=32: rdisc=0.931, norm=0.100
REGINN:CGLS::k=33: rdisc=0.911, norm=0.159
REGINN:CGLS::Safeguarding: λ=0.331 ⇒ rdisc=0.913
REGINN:CGLS::Target discrepancy reached after 33 iterations.
REGINN::i=25: rdisc=0.00242, rnorm=0.820, rerr=0.772
REGINN::-0.254 ≤ estimate ≤ 0.835
REGINN::
REGINN::Solving linear problem using rtol=0.912 and max_iter=66
REGINN:CGLS::k=0 : rdisc=1.00 , norm=0.00 
REGINN:CGLS::k=1 : rdisc=0.997, norm=0.000721
REGINN:CGLS::k=2 : rdisc=0.996, norm=0.00126
REGINN:CGLS::k=3 : rdisc=0.991, norm=0.00369
REGINN:CGLS::k=4 : rdisc=0.989, norm=0.00477
REGINN:CGLS::k=5 : rdisc=0.987, norm=0.00632
REGINN:CGLS::k=6 : rdisc=0.985, norm=0.00732
REGINN:CGLS::k=7 : rdisc=0.984, norm=0.00865
REGINN:CGLS::k=8 : rdisc=0.982, norm=0.00999
REGINN:CGLS::k=9 : rdisc=0.980, norm=0.0128
REGINN:CGLS::k=10: rdisc=0.978, norm=0.0146
REGINN:CGLS::k=11: rdisc=0.977, norm=0.0162
REGINN:CGLS::k=12: rdisc=0.976, norm=0.0184
REGINN:CGLS::k=13: rdisc=0.974, norm=0.0209
REGINN:CGLS::k=14: rdisc=0.973, norm=0.0227
REGINN:CGLS::k=15: rdisc=0.971, norm=0.0256
REGINN:CGLS::k=16: rdisc=0.969, norm=0.0299
REGINN:CGLS::k=17: rdisc=0.967, norm=0.0328
REGINN:CGLS::k=18: rdisc=0.966, norm=0.0356
REGINN:CGLS::k=19: rdisc=0.964, norm=0.0381
REGINN:CGLS::k=20: rdisc=0.963, norm=0.0407
REGINN:CGLS::k=21: rdisc=0.963, norm=0.0416
REGINN:CGLS::k=22: rdisc=0.960, norm=0.0468
REGINN:CGLS::k=23: rdisc=0.958, norm=0.0517
REGINN:CGLS::k=24: rdisc=0.957, norm=0.0550
REGINN:CGLS::k=25: rdisc=0.955, norm=0.0592
REGINN:CGLS::k=26: rdisc=0.953, norm=0.0633
REGINN:CGLS::k=27: rdisc=0.952, norm=0.0669
REGINN:CGLS::k=28: rdisc=0.951, norm=0.0691
REGINN:CGLS::k=29: rdisc=0.948, norm=0.0762
REGINN:CGLS::k=30: rdisc=0.947, norm=0.0799
REGINN:CGLS::k=31: rdisc=0.944, norm=0.0866
REGINN:CGLS::k=32: rdisc=0.942, norm=0.0932
REGINN:CGLS::k=33: rdisc=0.939, norm=0.100
REGINN:CGLS::k=34: rdisc=0.934, norm=0.114
REGINN:CGLS::k=35: rdisc=0.920, norm=0.156
REGINN:CGLS::k=36: rdisc=0.897, norm=0.225
REGINN:CGLS::Safeguarding: λ=0.805 ⇒ rdisc=0.912
REGINN:CGLS::Target discrepancy reached after 36 iterations.
REGINN::i=26: rdisc=0.00221, rnorm=0.822, rerr=0.768
REGINN::-0.248 ≤ estimate ≤ 0.840
REGINN::
REGINN::Solving linear problem using rtol=0.918 and max_iter=69
REGINN:CGLS::k=0 : rdisc=1.00 , norm=0.00 
REGINN:CGLS::k=1 : rdisc=0.997, norm=0.000648
REGINN:CGLS::k=2 : rdisc=0.990, norm=0.00281
REGINN:CGLS::k=3 : rdisc=0.987, norm=0.00372
REGINN:CGLS::k=4 : rdisc=0.983, norm=0.00511
REGINN:CGLS::k=5 : rdisc=0.981, norm=0.00617
REGINN:CGLS::k=6 : rdisc=0.979, norm=0.00756
REGINN:CGLS::k=7 : rdisc=0.977, norm=0.00856
REGINN:CGLS::k=8 : rdisc=0.975, norm=0.0102
REGINN:CGLS::k=9 : rdisc=0.974, norm=0.0116
REGINN:CGLS::k=10: rdisc=0.972, norm=0.0137
REGINN:CGLS::k=11: rdisc=0.971, norm=0.0144
REGINN:CGLS::k=12: rdisc=0.970, norm=0.0160
REGINN:CGLS::k=13: rdisc=0.968, norm=0.0178
REGINN:CGLS::k=14: rdisc=0.967, norm=0.0199
REGINN:CGLS::k=15: rdisc=0.964, norm=0.0230
REGINN:CGLS::k=16: rdisc=0.963, norm=0.0248
REGINN:CGLS::k=17: rdisc=0.962, norm=0.0263
REGINN:CGLS::k=18: rdisc=0.961, norm=0.0276
REGINN:CGLS::k=19: rdisc=0.960, norm=0.0292
REGINN:CGLS::k=20: rdisc=0.959, norm=0.0310
REGINN:CGLS::k=21: rdisc=0.959, norm=0.0316
REGINN:CGLS::k=22: rdisc=0.958, norm=0.0344
REGINN:CGLS::k=23: rdisc=0.956, norm=0.0378
REGINN:CGLS::k=24: rdisc=0.954, norm=0.0414
REGINN:CGLS::k=25: rdisc=0.952, norm=0.0455
REGINN:CGLS::k=26: rdisc=0.951, norm=0.0481
REGINN:CGLS::k=27: rdisc=0.949, norm=0.0518
REGINN:CGLS::k=28: rdisc=0.948, norm=0.0551
REGINN:CGLS::k=29: rdisc=0.948, norm=0.0559
REGINN:CGLS::k=30: rdisc=0.947, norm=0.0581
REGINN:CGLS::k=31: rdisc=0.946, norm=0.0603
REGINN:CGLS::k=32: rdisc=0.945, norm=0.0632
REGINN:CGLS::k=33: rdisc=0.943, norm=0.0686
REGINN:CGLS::k=34: rdisc=0.942, norm=0.0716
REGINN:CGLS::k=35: rdisc=0.939, norm=0.0784
REGINN:CGLS::k=36: rdisc=0.935, norm=0.0901
REGINN:CGLS::k=37: rdisc=0.927, norm=0.115
REGINN:CGLS::k=38: rdisc=0.922, norm=0.128
REGINN:CGLS::k=39: rdisc=0.916, norm=0.147
REGINN:CGLS::Safeguarding: λ=0.621 ⇒ rdisc=0.918
REGINN:CGLS::Target discrepancy reached after 39 iterations.
REGINN::i=27: rdisc=0.00202, rnorm=0.825, rerr=0.765
REGINN::-0.249 ≤ estimate ≤ 0.841
REGINN::
REGINN::Solving linear problem using rtol=0.987 and max_iter=75
REGINN:CGLS::k=0 : rdisc=1.00 , norm=0.00 
REGINN:CGLS::k=1 : rdisc=0.998, norm=0.000270
REGINN:CGLS::k=2 : rdisc=0.993, norm=0.00239
REGINN:CGLS::k=3 : rdisc=0.989, norm=0.00453
REGINN:CGLS::k=4 : rdisc=0.987, norm=0.00548
REGINN:CGLS::k=5 : rdisc=0.986, norm=0.00646
REGINN:CGLS::Safeguarding: λ=0.871 ⇒ rdisc=0.987
REGINN:CGLS::Target discrepancy reached after 5 iterations.
REGINN::i=28: rdisc=0.00200, rnorm=0.825, rerr=0.764
REGINN::-0.249 ≤ estimate ≤ 0.841
REGINN::
REGINN::Saving current residual in ./step-0028/
REGINN::Saving current estimate in ./step-0028/
REGINN::Target discrepancy reached after 28 iterations.
REGINN::-0.249 ≤ estimate ≤ 0.841
Relative ℝⁿ error of the reconstruction: 0.194
Relative L²([0,T], L²(Ω)) error of the reconstruction: 0.183
Relative H¹([0,T], L²(Ω)) error of the reconstruction: 0.202
Relative H¹([0,T], H¹(Ω)) error of the reconstruction: 0.491
Relative H²([0,T], L²(Ω)) error of the reconstruction: 0.389
Relative ℝⁿ error of (reconstruction - initial guess): 0.583
Relative L²([0,T], L²(Ω)) error of (reconstruction - initial guess): 0.548
Relative H¹([0,T], L²(Ω)) error of (reconstruction - initial guess): 0.605
Relative H¹([0,T], H¹(Ω)) error of (reconstruction - initial guess): 1.47
Relative H²([0,T], L²(Ω)) error of (reconstruction - initial guess): 1.17
stats::forward              : 30 calls, average 874.4ms per call
stats::linearization forward: 420 calls, average 941.3ms per call
stats::linearization adjoint: 420 calls, average 1.2s per call
stats::measure forward      : 450 calls, average 312.7µs per call
stats::measure adjoint      : 420 calls, average 319.2µs per call
stats::total wall time      : 17min 49s
