JobId arch-vm0 Fri Feb 23 13:33:12 2018
wavepi 1ea872c3
Release-Build, compiled on 2018-02-23T12:31:51Z from commit 1ea872c33a71efe2cbf2ea88da2d59999d0ca907 ("CubeBoundary") on branch master

initialize_mesh::Number of active cells: 4096
initialize_mesh::Number of degrees of freedom in the first spatial mesh: 4225
initialize_mesh::cell diameters: minimal = 0.177, maximal = 0.177
initialize_mesh::dt: 0.0235
initialize_mesh::expected size of a DiscretizedFunction<dim>: 8.25 MiB
parameters:LogTransform::lower bound: 0.0
parameters:WaveEquation::theta: 0.5
parameters:WaveEquation::tol: 1e-8
parameters:constraints::lower bound: 0.1
parameters:constraints::upper bound: 1e300
parameters:general::dimension: 2
parameters:general::finite element degree: 1
parameters:general::quadrature order: 3
parameters:inversion::method: REGINN
parameters:inversion::tau: 2
parameters:log::console depth: 2
parameters:log::file: wavepi.log
parameters:log::file depth: 4
parameters:mesh::end time: 6
parameters:mesh::initial refines: 6
parameters:mesh::initial time steps: 256
parameters:output::data: true
parameters:output::destination: ./step-{{i}}/
parameters:output::discrepancy decrease: 0.5
parameters:output::estimate: true
parameters:output::estimate transformed: false
parameters:output::exact: true
parameters:output::exact transformed: false
parameters:output::interval: 50
parameters:output::last: true
parameters:output::residual: true
parameters:output::statistics: history
parameters:problem::H1L2 alpha: 0.5
parameters:problem::H2L2 alpha: 0.5
parameters:problem::H2L2 beta: 0.25
parameters:problem::constants: 
parameters:problem::epsilon: 1e-3
parameters:problem::initial guess: 1.0
parameters:problem::norm of codomain: L2L2
parameters:problem::norm of domain: H1L2
parameters:problem::parameter a: 1.0
parameters:problem::parameter c: 1.5
parameters:problem::parameter nu: 0.0
parameters:problem::parameter q: 0.0
parameters:problem::transform: Identity
parameters:problem::type: c
parameters:watchdog::discrepancy increasing: false
parameters:watchdog::discrepancy slope min values: 40
parameters:watchdog::discrepancy slope percentage: 0.25
parameters:watchdog::discrepancy slope threshold: 0.0
parameters:watchdog::discrepancy threshold: 10.0
parameters:watchdog::maximum iteration count: 0
REGINN::Saving exact parameter in ./step-0000/
REGINN::Saving data in ./step-0000/
REGINN::Saving current residual in ./step-0000/
REGINN::Saving current estimate in ./step-0000/
REGINN::i=0 : rdisc=1.82, rnorm=0.667, rerr=0.333
REGINN::1.00 ≤ estimate ≤ 1.00
REGINN::Solving linear problem using rtol=0.900 and max_iter=1
REGINN:CGLS::k=0 : rdisc=1.00, norm=0.00
REGINN:CGLS::k=1 : rdisc=0.616, norm=1.75
REGINN:CGLS::Safeguarding: λ=0.833 ⇒ rdisc=0.900
REGINN:CGLS::Target discrepancy reached after 1 iteration.
REGINN::i=1 : rdisc=1.64, rnorm=0.670, rerr=0.330
REGINN::0.863 ≤ estimate ≤ 1.22
REGINN::
REGINN::Solving linear problem using rtol=0.900 and max_iter=2
REGINN:CGLS::k=0 : rdisc=1.00, norm=0.00
REGINN:CGLS::k=1 : rdisc=0.625, norm=1.71
REGINN:CGLS::Safeguarding: λ=0.829 ⇒ rdisc=0.900
REGINN:CGLS::Target discrepancy reached after 1 iteration.
REGINN::i=2 : rdisc=1.48, rnorm=0.674, rerr=0.327
REGINN::0.738 ≤ estimate ≤ 1.47
REGINN::
REGINN::Solving linear problem using rtol=0.854 and max_iter=2
REGINN:CGLS::k=0 : rdisc=1.00, norm=0.00
REGINN:CGLS::k=1 : rdisc=0.638, norm=1.67
REGINN:CGLS::Safeguarding: λ=0.737 ⇒ rdisc=0.854
REGINN:CGLS::Target discrepancy reached after 1 iteration.
REGINN::i=3 : rdisc=1.28, rnorm=0.680, rerr=0.323
REGINN::0.572 ≤ estimate ≤ 1.84
REGINN::
REGINN::Solving linear problem using rtol=0.811 and max_iter=2
REGINN:CGLS::k=0 : rdisc=1.00, norm=0.00
REGINN:CGLS::k=1 : rdisc=0.651, norm=1.63
REGINN:CGLS::Safeguarding: λ=0.636 ⇒ rdisc=0.811
REGINN:CGLS::Target discrepancy reached after 1 iteration.
REGINN::i=4 : rdisc=1.04, rnorm=0.688, rerr=0.318
REGINN::0.402 ≤ estimate ≤ 2.22
REGINN::
REGINN::Solving linear problem using rtol=0.769 and max_iter=2
REGINN:CGLS::k=0 : rdisc=1.00, norm=0.00
REGINN:CGLS::k=1 : rdisc=0.643, norm=1.57
REGINN:CGLS::Safeguarding: λ=0.552 ⇒ rdisc=0.769
REGINN:CGLS::Target discrepancy reached after 1 iteration.
REGINN::Saving current residual in ./step-0005/
REGINN::Saving current estimate in ./step-0005/
REGINN::i=5 : rdisc=0.783, rnorm=0.699, rerr=0.313
REGINN::0.315 ≤ estimate ≤ 2.56
REGINN::
REGINN::Solving linear problem using rtol=0.730 and max_iter=2
REGINN:CGLS::k=0 : rdisc=1.00, norm=0.00
REGINN:CGLS::k=1 : rdisc=0.606, norm=1.36
REGINN:CGLS::Safeguarding: λ=0.512 ⇒ rdisc=0.730
REGINN:CGLS::Target discrepancy reached after 1 iteration.
REGINN::i=6 : rdisc=0.551, rnorm=0.709, rerr=0.309
REGINN::0.364 ≤ estimate ≤ 2.98
REGINN::
REGINN::Solving linear problem using rtol=0.693 and max_iter=2
REGINN:CGLS::k=0 : rdisc=1.00, norm=0.00
REGINN:CGLS::k=1 : rdisc=0.571, norm=1.06
REGINN:CGLS::Safeguarding: λ=0.478 ⇒ rdisc=0.693
REGINN:CGLS::Target discrepancy reached after 1 iteration.
REGINN::Saving current residual in ./step-0007/
REGINN::Saving current estimate in ./step-0007/
REGINN::i=7 : rdisc=0.369, rnorm=0.717, rerr=0.307
REGINN::0.494 ≤ estimate ≤ 3.32
REGINN::
REGINN::Solving linear problem using rtol=0.658 and max_iter=2
REGINN:CGLS::k=0 : rdisc=1.00, norm=0.00
REGINN:CGLS::k=1 : rdisc=0.585, norm=0.764
REGINN:CGLS::Safeguarding: λ=0.370 ⇒ rdisc=0.658
REGINN:CGLS::Target discrepancy reached after 1 iteration.
REGINN::i=8 : rdisc=0.234, rnorm=0.725, rerr=0.305
REGINN::0.663 ≤ estimate ≤ 3.66
REGINN::
REGINN::Solving linear problem using rtol=0.624 and max_iter=2
REGINN:CGLS::k=0 : rdisc=1.00, norm=0.00
REGINN:CGLS::k=1 : rdisc=0.614, norm=0.585
REGINN:CGLS::Safeguarding: λ=0.139 ⇒ rdisc=0.624
REGINN:CGLS::Target discrepancy reached after 1 iteration.
REGINN::Saving current residual in ./step-0009/
REGINN::Saving current estimate in ./step-0009/
REGINN::i=9 : rdisc=0.142, rnorm=0.733, rerr=0.303
REGINN::0.691 ≤ estimate ≤ 4.00
REGINN::
REGINN::Solving linear problem using rtol=0.592 and max_iter=2
REGINN:CGLS::k=0 : rdisc=1.00, norm=0.00
REGINN:CGLS::k=1 : rdisc=0.632, norm=0.417
REGINN:CGLS::k=2 : rdisc=0.392, norm=0.629
REGINN:CGLS::Safeguarding: λ=0.896 ⇒ rdisc=0.592
REGINN:CGLS::Target discrepancy reached after 2 iterations.
REGINN::i=10: rdisc=0.0818, rnorm=0.734, rerr=0.303
REGINN::0.651 ≤ estimate ≤ 4.02
REGINN::
REGINN::Solving linear problem using rtol=0.562 and max_iter=3
REGINN:CGLS::k=0 : rdisc=1.00, norm=0.00
REGINN:CGLS::k=1 : rdisc=0.791, norm=0.152
REGINN:CGLS::k=2 : rdisc=0.549, norm=0.357
REGINN:CGLS::Safeguarding: λ=0.209 ⇒ rdisc=0.562
REGINN:CGLS::Target discrepancy reached after 2 iterations.
REGINN::Saving current residual in ./step-0011/
REGINN::Saving current estimate in ./step-0011/
REGINN::i=11: rdisc=0.0475, rnorm=0.737, rerr=0.302
REGINN::0.610 ≤ estimate ≤ 4.18
REGINN::
REGINN::Solving linear problem using rtol=0.533 and max_iter=4
REGINN:CGLS::k=0 : rdisc=1.00, norm=0.00
REGINN:CGLS::k=1 : rdisc=0.915, norm=0.0809
REGINN:CGLS::k=2 : rdisc=0.761, norm=0.233
REGINN:CGLS::k=3 : rdisc=0.665, norm=0.328
REGINN:CGLS::k=4 : rdisc=0.529, norm=0.458
REGINN:CGLS::Safeguarding: λ=0.164 ⇒ rdisc=0.533
REGINN:CGLS::Target discrepancy reached after 4 iterations.
REGINN::i=12: rdisc=0.0255, rnorm=0.739, rerr=0.302
REGINN::0.573 ≤ estimate ≤ 4.39
REGINN::
REGINN::Solving linear problem using rtol=0.506 and max_iter=6
REGINN:CGLS::k=0 : rdisc=1.00, norm=0.00
REGINN:CGLS::k=1 : rdisc=0.908, norm=0.0413
REGINN:CGLS::k=2 : rdisc=0.848, norm=0.0720
REGINN:CGLS::k=3 : rdisc=0.752, norm=0.136
REGINN:CGLS::k=4 : rdisc=0.636, norm=0.226
REGINN:CGLS::k=5 : rdisc=0.546, norm=0.295
REGINN:CGLS::k=6 : rdisc=0.423, norm=0.381
REGINN:CGLS::Safeguarding: λ=0.804 ⇒ rdisc=0.506
REGINN:CGLS::Target discrepancy reached after 6 iterations.
REGINN:post_processing::Adjusted lower bound of estimate from -0.373 to 0.100
REGINN::Saving current residual in ./step-0013/
REGINN::Saving current estimate in ./step-0013/
REGINN::i=13: rdisc=0.0150, rnorm=0.740, rerr=0.302
REGINN::0.100 ≤ estimate ≤ 4.48
REGINN::
REGINN::Solving linear problem using rtol=0.481 and max_iter=10
REGINN:CGLS::k=0 : rdisc=1.00, norm=0.00
REGINN:CGLS::k=1 : rdisc=0.905, norm=0.0201
REGINN:CGLS::k=2 : rdisc=0.835, norm=0.0390
REGINN:CGLS::k=3 : rdisc=0.800, norm=0.0521
REGINN:CGLS::k=4 : rdisc=0.716, norm=0.0956
REGINN:CGLS::k=5 : rdisc=0.633, norm=0.144
REGINN:CGLS::k=6 : rdisc=0.548, norm=0.195
REGINN:CGLS::k=7 : rdisc=0.507, norm=0.218
REGINN:CGLS::k=8 : rdisc=0.466, norm=0.242
REGINN:CGLS::Safeguarding: λ=0.587 ⇒ rdisc=0.481
REGINN:CGLS::Target discrepancy reached after 8 iterations.
REGINN:post_processing::Adjusted lower bound of estimate from -0.877 to 0.100
REGINN::i=14: rdisc=0.0115, rnorm=0.740, rerr=0.302
REGINN::0.100 ≤ estimate ≤ 4.66
REGINN::
REGINN::Solving linear problem using rtol=0.610 and max_iter=14
REGINN:CGLS::k=0 : rdisc=1.00, norm=0.00
REGINN:CGLS::k=1 : rdisc=0.829, norm=0.0168
REGINN:CGLS::k=2 : rdisc=0.729, norm=0.0313
REGINN:CGLS::k=3 : rdisc=0.673, norm=0.0443
REGINN:CGLS::k=4 : rdisc=0.652, norm=0.0509
REGINN:CGLS::k=5 : rdisc=0.632, norm=0.0585
REGINN:CGLS::k=6 : rdisc=0.601, norm=0.0739
REGINN:CGLS::Safeguarding: λ=0.510 ⇒ rdisc=0.610
REGINN:CGLS::Target discrepancy reached after 6 iterations.
REGINN:post_processing::Adjusted lower bound of estimate from -0.261 to 0.100
REGINN::i=15: rdisc=0.00801, rnorm=0.740, rerr=0.302
REGINN::0.100 ≤ estimate ≤ 4.73
REGINN::
REGINN::Solving linear problem using rtol=0.579 and max_iter=14
REGINN:CGLS::k=0 : rdisc=1.00, norm=0.00
REGINN:CGLS::k=1 : rdisc=0.938, norm=0.00723
REGINN:CGLS::k=2 : rdisc=0.906, norm=0.0135
REGINN:CGLS::k=3 : rdisc=0.882, norm=0.0217
REGINN:CGLS::k=4 : rdisc=0.824, norm=0.0496
REGINN:CGLS::k=5 : rdisc=0.776, norm=0.0741
REGINN:CGLS::k=6 : rdisc=0.734, norm=0.0953
REGINN:CGLS::k=7 : rdisc=0.669, norm=0.128
REGINN:CGLS::k=8 : rdisc=0.639, norm=0.143
REGINN:CGLS::k=9 : rdisc=0.601, norm=0.161
REGINN:CGLS::k=10: rdisc=0.569, norm=0.176
REGINN:CGLS::Safeguarding: λ=0.534 ⇒ rdisc=0.579
REGINN:CGLS::Target discrepancy reached after 10 iterations.
REGINN:post_processing::Adjusted lower bound of estimate from -0.866 to 0.100
REGINN::i=16: rdisc=0.00999, rnorm=0.741, rerr=0.302
REGINN::0.100 ≤ estimate ≤ 4.98
REGINN::
REGINN::Solving linear problem using rtol=0.746 and max_iter=16
REGINN:CGLS::k=0 : rdisc=1.00, norm=0.00
REGINN:CGLS::k=1 : rdisc=0.717, norm=0.0172
REGINN:CGLS::Safeguarding: λ=0.298 ⇒ rdisc=0.746
REGINN:CGLS::Target discrepancy reached after 1 iteration.
REGINN:post_processing::Adjusted lower bound of estimate from 0.0741 to 0.100
REGINN::i=17: rdisc=0.00763, rnorm=0.741, rerr=0.302
REGINN::0.100 ≤ estimate ≤ 4.97
REGINN::
REGINN::Solving linear problem using rtol=0.708 and max_iter=11
REGINN:CGLS::k=0 : rdisc=1.00, norm=0.00
REGINN:CGLS::k=1 : rdisc=0.851, norm=0.0135
REGINN:CGLS::k=2 : rdisc=0.762, norm=0.0226
REGINN:CGLS::k=3 : rdisc=0.690, norm=0.0334
REGINN:CGLS::Safeguarding: λ=0.493 ⇒ rdisc=0.708
REGINN:CGLS::Target discrepancy reached after 3 iterations.
REGINN:post_processing::Adjusted lower bound of estimate from -0.00172 to 0.100
REGINN::Saving current residual in ./step-0018/
REGINN::Saving current estimate in ./step-0018/
REGINN::i=18: rdisc=0.00565, rnorm=0.740, rerr=0.302
REGINN::0.100 ≤ estimate ≤ 4.99
REGINN::
REGINN::Solving linear problem using rtol=0.672 and max_iter=4
REGINN:CGLS::k=0 : rdisc=1.00, norm=0.00
REGINN:CGLS::k=1 : rdisc=0.973, norm=0.00353
REGINN:CGLS::k=2 : rdisc=0.911, norm=0.0175
REGINN:CGLS::k=3 : rdisc=0.894, norm=0.0215
REGINN:CGLS::k=4 : rdisc=0.882, norm=0.0250
REGINN:CGLS::Unsuccessful termination after 4 iterations!
REGINN::Linear solver did not achieve desired discrepancy due to max_iter.
REGINN:post_processing::Adjusted lower bound of estimate from -0.0305 to 0.100
REGINN::i=19: rdisc=0.00519, rnorm=0.740, rerr=0.302
REGINN::0.100 ≤ estimate ≤ 5.02
REGINN::
REGINN::Solving linear problem using rtol=0.638 and max_iter=7
REGINN:CGLS::k=0 : rdisc=1.00, norm=0.00
REGINN:CGLS::k=1 : rdisc=0.977, norm=0.00274
REGINN:CGLS::k=2 : rdisc=0.969, norm=0.00463
REGINN:CGLS::k=3 : rdisc=0.930, norm=0.0243
REGINN:CGLS::k=4 : rdisc=0.900, norm=0.0402
REGINN:CGLS::k=5 : rdisc=0.864, norm=0.0596
REGINN:CGLS::k=6 : rdisc=0.837, norm=0.0739
REGINN:CGLS::k=7 : rdisc=0.764, norm=0.113
REGINN:CGLS::Unsuccessful termination after 7 iterations!
REGINN::Linear solver did not achieve desired discrepancy due to max_iter.
REGINN:post_processing::Adjusted lower bound of estimate from -0.582 to 0.100
REGINN::i=20: rdisc=0.00667, rnorm=0.741, rerr=0.302
REGINN::0.100 ≤ estimate ≤ 5.18
REGINN::
REGINN::Solving linear problem using rtol=0.606 and max_iter=11
REGINN:CGLS::k=0 : rdisc=1.00, norm=0.00
REGINN:CGLS::k=1 : rdisc=0.723, norm=0.0110
REGINN:CGLS::k=2 : rdisc=0.658, norm=0.0154
REGINN:CGLS::k=3 : rdisc=0.638, norm=0.0179
REGINN:CGLS::k=4 : rdisc=0.624, norm=0.0207
REGINN:CGLS::k=5 : rdisc=0.615, norm=0.0230
REGINN:CGLS::k=6 : rdisc=0.611, norm=0.0245
REGINN:CGLS::k=7 : rdisc=0.604, norm=0.0272
REGINN:CGLS::Safeguarding: λ=0.470 ⇒ rdisc=0.606
REGINN:CGLS::Target discrepancy reached after 7 iterations.
REGINN:post_processing::Adjusted lower bound of estimate from -0.0347 to 0.100
REGINN::i=21: rdisc=0.00427, rnorm=0.740, rerr=0.303
REGINN::0.100 ≤ estimate ≤ 5.19
REGINN::
REGINN::Solving linear problem using rtol=0.605 and max_iter=14
REGINN:CGLS::k=0 : rdisc=1.00, norm=0.00
REGINN:CGLS::k=1 : rdisc=0.967, norm=0.00260
REGINN:CGLS::k=2 : rdisc=0.959, norm=0.00404
REGINN:CGLS::k=3 : rdisc=0.953, norm=0.00598
REGINN:CGLS::k=4 : rdisc=0.940, norm=0.0126
REGINN:CGLS::k=5 : rdisc=0.924, norm=0.0215
REGINN:CGLS::k=6 : rdisc=0.911, norm=0.0298
REGINN:CGLS::k=7 : rdisc=0.886, norm=0.0449
REGINN:CGLS::k=8 : rdisc=0.867, norm=0.0569
REGINN:CGLS::k=9 : rdisc=0.844, norm=0.0715
REGINN:CGLS::k=10: rdisc=0.821, norm=0.0859
REGINN:CGLS::k=11: rdisc=0.809, norm=0.0939
REGINN:CGLS::k=12: rdisc=0.799, norm=0.100
REGINN:CGLS::k=13: rdisc=0.787, norm=0.108
REGINN:CGLS::k=14: rdisc=0.780, norm=0.112
REGINN:CGLS::Unsuccessful termination after 14 iterations!
REGINN::Linear solver did not achieve desired discrepancy due to max_iter.
REGINN:post_processing::Adjusted lower bound of estimate from -0.533 to 0.100
REGINN::i=22: rdisc=0.00594, rnorm=0.741, rerr=0.303
REGINN::0.100 ≤ estimate ≤ 5.31
REGINN::
REGINN::Solving linear problem using rtol=0.802 and max_iter=21
REGINN:CGLS::k=0 : rdisc=1.00, norm=0.00
REGINN:CGLS::k=1 : rdisc=0.714, norm=0.00993
REGINN:CGLS::Safeguarding: λ=0.520 ⇒ rdisc=0.802
REGINN:CGLS::Target discrepancy reached after 1 iteration.
REGINN:post_processing::Adjusted lower bound of estimate from 0.0907 to 0.100
REGINN::i=23: rdisc=0.00484, rnorm=0.741, rerr=0.303
REGINN::0.100 ≤ estimate ≤ 5.30
REGINN::
REGINN::Solving linear problem using rtol=0.761 and max_iter=15
REGINN:CGLS::k=0 : rdisc=1.00, norm=0.00
REGINN:CGLS::k=1 : rdisc=0.853, norm=0.00649
REGINN:CGLS::k=2 : rdisc=0.781, norm=0.0114
REGINN:CGLS::k=3 : rdisc=0.739, norm=0.0164
REGINN:CGLS::Safeguarding: λ=0.713 ⇒ rdisc=0.761
REGINN:CGLS::Target discrepancy reached after 3 iterations.
REGINN:post_processing::Adjusted lower bound of estimate from 0.0563 to 0.100
REGINN::i=24: rdisc=0.00377, rnorm=0.740, rerr=0.303
REGINN::0.100 ≤ estimate ≤ 5.30
REGINN::
REGINN::Solving linear problem using rtol=0.722 and max_iter=4
REGINN:CGLS::k=0 : rdisc=1.00, norm=0.00
REGINN:CGLS::k=1 : rdisc=0.981, norm=0.00222
REGINN:CGLS::k=2 : rdisc=0.922, norm=0.0120
REGINN:CGLS::k=3 : rdisc=0.909, norm=0.0143
REGINN:CGLS::k=4 : rdisc=0.904, norm=0.0153
REGINN:CGLS::Unsuccessful termination after 4 iterations!
REGINN::Linear solver did not achieve desired discrepancy due to max_iter.
REGINN:post_processing::Adjusted lower bound of estimate from 0.0364 to 0.100
REGINN::i=25: rdisc=0.00348, rnorm=0.740, rerr=0.303
REGINN::0.100 ≤ estimate ≤ 5.31
REGINN::
REGINN::Solving linear problem using rtol=0.685 and max_iter=7
REGINN:CGLS::k=0 : rdisc=1.00, norm=0.00
REGINN:CGLS::k=1 : rdisc=0.990, norm=0.00117
REGINN:CGLS::k=2 : rdisc=0.983, norm=0.00361
REGINN:CGLS::k=3 : rdisc=0.969, norm=0.0103
REGINN:CGLS::k=4 : rdisc=0.966, norm=0.0117
REGINN:CGLS::k=5 : rdisc=0.958, norm=0.0170
REGINN:CGLS::k=6 : rdisc=0.948, norm=0.0234
REGINN:CGLS::k=7 : rdisc=0.934, norm=0.0338
REGINN:CGLS::Unsuccessful termination after 7 iterations!
REGINN::Linear solver did not achieve desired discrepancy due to max_iter.
REGINN:post_processing::Adjusted lower bound of estimate from -0.0917 to 0.100
REGINN::i=26: rdisc=0.00359, rnorm=0.740, rerr=0.303
REGINN::0.100 ≤ estimate ≤ 5.34
REGINN::
REGINN::Solving linear problem using rtol=0.650 and max_iter=11
REGINN:CGLS::k=0 : rdisc=1.00, norm=0.00
REGINN:CGLS::k=1 : rdisc=0.935, norm=0.00305
REGINN:CGLS::k=2 : rdisc=0.921, norm=0.00445
REGINN:CGLS::k=3 : rdisc=0.914, norm=0.00577
REGINN:CGLS::k=4 : rdisc=0.909, norm=0.00734
REGINN:CGLS::k=5 : rdisc=0.906, norm=0.00838
REGINN:CGLS::k=6 : rdisc=0.903, norm=0.00978
REGINN:CGLS::k=7 : rdisc=0.898, norm=0.0123
REGINN:CGLS::k=8 : rdisc=0.891, norm=0.0172
REGINN:CGLS::k=9 : rdisc=0.883, norm=0.0236
REGINN:CGLS::k=10: rdisc=0.870, norm=0.0352
REGINN:CGLS::k=11: rdisc=0.851, norm=0.0516
REGINN:CGLS::Unsuccessful termination after 11 iterations!
REGINN::Linear solver did not achieve desired discrepancy due to max_iter.
REGINN:post_processing::Adjusted lower bound of estimate from -0.190 to 0.100
REGINN::i=27: rdisc=0.00388, rnorm=0.740, rerr=0.303
REGINN::0.100 ≤ estimate ≤ 5.37
REGINN::
REGINN::Solving linear problem using rtol=0.777 and max_iter=18
REGINN:CGLS::k=0 : rdisc=1.00, norm=0.00
REGINN:CGLS::k=1 : rdisc=0.868, norm=0.00463
REGINN:CGLS::k=2 : rdisc=0.829, norm=0.00737
REGINN:CGLS::k=3 : rdisc=0.811, norm=0.00958
REGINN:CGLS::k=4 : rdisc=0.800, norm=0.0116
REGINN:CGLS::k=5 : rdisc=0.795, norm=0.0126
REGINN:CGLS::k=6 : rdisc=0.792, norm=0.0135
REGINN:CGLS::k=7 : rdisc=0.786, norm=0.0154
REGINN:CGLS::k=8 : rdisc=0.783, norm=0.0169
REGINN:CGLS::k=9 : rdisc=0.781, norm=0.0179
REGINN:CGLS::k=10: rdisc=0.777, norm=0.0202
REGINN:CGLS::k=11: rdisc=0.775, norm=0.0222
REGINN:CGLS::Safeguarding: λ=0.859 ⇒ rdisc=0.777
REGINN:CGLS::Target discrepancy reached after 11 iterations.
REGINN:post_processing::Adjusted lower bound of estimate from -0.00651 to 0.100
REGINN::i=28: rdisc=0.00319, rnorm=0.740, rerr=0.303
REGINN::0.100 ≤ estimate ≤ 5.37
REGINN::
REGINN::Solving linear problem using rtol=0.776 and max_iter=22
REGINN:CGLS::k=0 : rdisc=1.00, norm=0.00
REGINN:CGLS::k=1 : rdisc=0.969, norm=0.00189
REGINN:CGLS::k=2 : rdisc=0.959, norm=0.00325
REGINN:CGLS::k=3 : rdisc=0.955, norm=0.00434
REGINN:CGLS::k=4 : rdisc=0.951, norm=0.00539
REGINN:CGLS::k=5 : rdisc=0.949, norm=0.00618
REGINN:CGLS::k=6 : rdisc=0.947, norm=0.00771
REGINN:CGLS::k=7 : rdisc=0.939, norm=0.0134
REGINN:CGLS::k=8 : rdisc=0.933, norm=0.0180
REGINN:CGLS::k=9 : rdisc=0.923, norm=0.0269
REGINN:CGLS::k=10: rdisc=0.913, norm=0.0362
REGINN:CGLS::k=11: rdisc=0.897, norm=0.0511
REGINN:CGLS::k=12: rdisc=0.882, norm=0.0647
REGINN:CGLS::k=13: rdisc=0.871, norm=0.0750
REGINN:CGLS::k=14: rdisc=0.865, norm=0.0801
REGINN:CGLS::k=15: rdisc=0.856, norm=0.0883
REGINN:CGLS::k=16: rdisc=0.843, norm=0.0999
REGINN:CGLS::k=17: rdisc=0.828, norm=0.114
REGINN:CGLS::k=18: rdisc=0.822, norm=0.119
REGINN:CGLS::k=19: rdisc=0.813, norm=0.127
REGINN:CGLS::k=20: rdisc=0.789, norm=0.149
REGINN:CGLS::k=21: rdisc=0.784, norm=0.154
REGINN:CGLS::k=22: rdisc=0.758, norm=0.178
REGINN:CGLS::Safeguarding: λ=0.829 ⇒ rdisc=0.776
REGINN:CGLS::Target discrepancy reached after 22 iterations.
REGINN:post_processing::Adjusted lower bound of estimate from -0.619 to 0.100
REGINN::i=29: rdisc=0.00571, rnorm=0.741, rerr=0.303
REGINN::0.100 ≤ estimate ≤ 5.38
REGINN::
REGINN::Solving linear problem using rtol=0.887 and max_iter=33
REGINN:CGLS::k=0 : rdisc=1.00, norm=0.00
REGINN:CGLS::k=1 : rdisc=0.684, norm=0.00990
REGINN:CGLS::Safeguarding: λ=0.774 ⇒ rdisc=0.887
REGINN:CGLS::Target discrepancy reached after 1 iteration.
REGINN:post_processing::Adjusted lower bound of estimate from 0.0954 to 0.100
REGINN::i=30: rdisc=0.00512, rnorm=0.741, rerr=0.303
REGINN::0.100 ≤ estimate ≤ 5.37
REGINN::
REGINN::Solving linear problem using rtol=0.842 and max_iter=23
REGINN:CGLS::k=0 : rdisc=1.00, norm=0.00
REGINN:CGLS::k=1 : rdisc=0.754, norm=0.00817
REGINN:CGLS::Safeguarding: λ=0.571 ⇒ rdisc=0.842
REGINN:CGLS::Target discrepancy reached after 1 iteration.
REGINN:post_processing::Adjusted lower bound of estimate from 0.0922 to 0.100
REGINN::i=31: rdisc=0.00438, rnorm=0.741, rerr=0.303
REGINN::0.100 ≤ estimate ≤ 5.37
REGINN::
REGINN::Solving linear problem using rtol=0.799 and max_iter=2
REGINN:CGLS::k=0 : rdisc=1.00, norm=0.00
REGINN:CGLS::k=1 : rdisc=0.857, norm=0.00594
REGINN:CGLS::k=2 : rdisc=0.751, norm=0.0126
REGINN:CGLS::Safeguarding: λ=0.659 ⇒ rdisc=0.799
REGINN:CGLS::Target discrepancy reached after 2 iterations.
REGINN:post_processing::Adjusted lower bound of estimate from 0.0746 to 0.100
REGINN::i=32: rdisc=0.00359, rnorm=0.741, rerr=0.303
REGINN::0.100 ≤ estimate ≤ 5.37
REGINN::
REGINN::Solving linear problem using rtol=0.758 and max_iter=3
REGINN:CGLS::k=0 : rdisc=1.00, norm=0.00
REGINN:CGLS::k=1 : rdisc=0.874, norm=0.0109
REGINN:CGLS::k=2 : rdisc=0.838, norm=0.0140
REGINN:CGLS::k=3 : rdisc=0.799, norm=0.0181
REGINN:CGLS::Unsuccessful termination after 3 iterations!
REGINN::Linear solver did not achieve desired discrepancy due to max_iter.
REGINN:post_processing::Adjusted lower bound of estimate from 0.0305 to 0.100
REGINN::i=33: rdisc=0.00303, rnorm=0.741, rerr=0.303
REGINN::0.100 ≤ estimate ≤ 5.37
REGINN::
REGINN::Solving linear problem using rtol=0.720 and max_iter=5
REGINN:CGLS::k=0 : rdisc=1.00, norm=0.00
REGINN:CGLS::k=1 : rdisc=0.973, norm=0.00179
REGINN:CGLS::k=2 : rdisc=0.953, norm=0.00421
REGINN:CGLS::k=3 : rdisc=0.928, norm=0.00895
REGINN:CGLS::k=4 : rdisc=0.901, norm=0.0148
REGINN:CGLS::k=5 : rdisc=0.886, norm=0.0182
REGINN:CGLS::Unsuccessful termination after 5 iterations!
REGINN::Linear solver did not achieve desired discrepancy due to max_iter.
REGINN:post_processing::Adjusted lower bound of estimate from 0.0186 to 0.100
REGINN::Saving current residual in ./step-0034/
REGINN::Saving current estimate in ./step-0034/
REGINN::i=34: rdisc=0.00282, rnorm=0.741, rerr=0.303
REGINN::0.100 ≤ estimate ≤ 5.37
REGINN::
REGINN::Solving linear problem using rtol=0.709 and max_iter=8
REGINN:CGLS::k=0 : rdisc=1.00, norm=0.00
REGINN:CGLS::k=1 : rdisc=0.974, norm=0.00156
REGINN:CGLS::k=2 : rdisc=0.964, norm=0.00276
REGINN:CGLS::k=3 : rdisc=0.960, norm=0.00365
REGINN:CGLS::k=4 : rdisc=0.946, norm=0.00839
REGINN:CGLS::k=5 : rdisc=0.935, norm=0.0125
REGINN:CGLS::k=6 : rdisc=0.924, norm=0.0174
REGINN:CGLS::k=7 : rdisc=0.915, norm=0.0213
REGINN:CGLS::k=8 : rdisc=0.912, norm=0.0227
REGINN:CGLS::Unsuccessful termination after 8 iterations!
REGINN::Linear solver did not achieve desired discrepancy due to max_iter.
REGINN:post_processing::Adjusted lower bound of estimate from -0.0240 to 0.100
REGINN::i=35: rdisc=0.00281, rnorm=0.741, rerr=0.303
REGINN::0.100 ≤ estimate ≤ 5.38
REGINN::
REGINN::Solving linear problem using rtol=0.711 and max_iter=13
REGINN:CGLS::k=0 : rdisc=1.00, norm=0.00
REGINN:CGLS::k=1 : rdisc=0.960, norm=0.00195
REGINN:CGLS::k=2 : rdisc=0.943, norm=0.00357
REGINN:CGLS::k=3 : rdisc=0.936, norm=0.00463
REGINN:CGLS::k=4 : rdisc=0.931, norm=0.00557
REGINN:CGLS::k=5 : rdisc=0.928, norm=0.00644
REGINN:CGLS::k=6 : rdisc=0.925, norm=0.00755
REGINN:CGLS::k=7 : rdisc=0.921, norm=0.00972
REGINN:CGLS::k=8 : rdisc=0.918, norm=0.0112
REGINN:CGLS::k=9 : rdisc=0.908, norm=0.0175
REGINN:CGLS::k=10: rdisc=0.902, norm=0.0223
REGINN:CGLS::k=11: rdisc=0.891, norm=0.0306
REGINN:CGLS::k=12: rdisc=0.884, norm=0.0357
REGINN:CGLS::k=13: rdisc=0.879, norm=0.0394
REGINN:CGLS::Unsuccessful termination after 13 iterations!
REGINN::Linear solver did not achieve desired discrepancy due to max_iter.
REGINN:post_processing::Adjusted lower bound of estimate from -0.161 to 0.100
REGINN::i=36: rdisc=0.00316, rnorm=0.741, rerr=0.303
REGINN::0.100 ≤ estimate ≤ 5.40
REGINN::
REGINN::Solving linear problem using rtol=0.822 and max_iter=21
REGINN:CGLS::k=0 : rdisc=1.00, norm=0.00
REGINN:CGLS::k=1 : rdisc=0.874, norm=0.00370
REGINN:CGLS::k=2 : rdisc=0.835, norm=0.00597
REGINN:CGLS::k=3 : rdisc=0.819, norm=0.00749
REGINN:CGLS::Safeguarding: λ=0.378 ⇒ rdisc=0.822
REGINN:CGLS::Target discrepancy reached after 3 iterations.
REGINN:post_processing::Adjusted lower bound of estimate from 0.0744 to 0.100
REGINN::i=37: rdisc=0.00264, rnorm=0.741, rerr=0.303
REGINN::0.100 ≤ estimate ≤ 5.39
REGINN::
REGINN::Solving linear problem using rtol=0.780 and max_iter=16
REGINN:CGLS::k=0 : rdisc=1.00, norm=0.00
REGINN:CGLS::k=1 : rdisc=0.989, norm=0.00105
REGINN:CGLS::k=2 : rdisc=0.972, norm=0.00404
REGINN:CGLS::k=3 : rdisc=0.965, norm=0.00535
REGINN:CGLS::k=4 : rdisc=0.962, norm=0.00620
REGINN:CGLS::k=5 : rdisc=0.957, norm=0.00768
REGINN:CGLS::k=6 : rdisc=0.954, norm=0.00884
REGINN:CGLS::k=7 : rdisc=0.952, norm=0.00972
REGINN:CGLS::k=8 : rdisc=0.948, norm=0.0124
REGINN:CGLS::k=9 : rdisc=0.945, norm=0.0141
REGINN:CGLS::k=10: rdisc=0.940, norm=0.0174
REGINN:CGLS::k=11: rdisc=0.936, norm=0.0208
REGINN:CGLS::k=12: rdisc=0.932, norm=0.0239
REGINN:CGLS::k=13: rdisc=0.929, norm=0.0270
REGINN:CGLS::k=14: rdisc=0.915, norm=0.0391
REGINN:CGLS::k=15: rdisc=0.905, norm=0.0489
REGINN:CGLS::k=16: rdisc=0.890, norm=0.0623
REGINN:CGLS::Unsuccessful termination after 16 iterations!
REGINN::Linear solver did not achieve desired discrepancy due to max_iter.
REGINN:post_processing::Adjusted lower bound of estimate from -0.296 to 0.100
REGINN::i=38: rdisc=0.00369, rnorm=0.741, rerr=0.303
REGINN::0.100 ≤ estimate ≤ 5.39
REGINN::
REGINN::Solving linear problem using rtol=0.740 and max_iter=19
REGINN:CGLS::k=0 : rdisc=1.00, norm=0.00
REGINN:CGLS::k=1 : rdisc=0.777, norm=0.00552
REGINN:CGLS::k=2 : rdisc=0.717, norm=0.00841
REGINN:CGLS::Safeguarding: λ=0.607 ⇒ rdisc=0.740
REGINN:CGLS::Target discrepancy reached after 2 iterations.
REGINN:post_processing::Adjusted lower bound of estimate from 0.0828 to 0.100
REGINN::i=39: rdisc=0.00278, rnorm=0.741, rerr=0.303
REGINN::0.100 ≤ estimate ≤ 5.38
REGINN::
REGINN::Solving linear problem using rtol=0.717 and max_iter=18
REGINN:CGLS::k=0 : rdisc=1.00, norm=0.00
REGINN:CGLS::k=1 : rdisc=0.941, norm=0.00485
REGINN:CGLS::k=2 : rdisc=0.912, norm=0.00744
REGINN:CGLS::k=3 : rdisc=0.886, norm=0.0103
REGINN:CGLS::k=4 : rdisc=0.878, norm=0.0114
REGINN:CGLS::k=5 : rdisc=0.872, norm=0.0125
REGINN:CGLS::k=6 : rdisc=0.866, norm=0.0139
REGINN:CGLS::k=7 : rdisc=0.864, norm=0.0144
REGINN:CGLS::k=8 : rdisc=0.861, norm=0.0153
REGINN:CGLS::k=9 : rdisc=0.859, norm=0.0158
REGINN:CGLS::k=10: rdisc=0.857, norm=0.0169
REGINN:CGLS::k=11: rdisc=0.854, norm=0.0181
REGINN:CGLS::k=12: rdisc=0.850, norm=0.0204
REGINN:CGLS::k=13: rdisc=0.846, norm=0.0233
REGINN:CGLS::k=14: rdisc=0.840, norm=0.0279
REGINN:CGLS::k=15: rdisc=0.832, norm=0.0353
REGINN:CGLS::k=16: rdisc=0.827, norm=0.0396
REGINN:CGLS::k=17: rdisc=0.824, norm=0.0429
REGINN:CGLS::k=18: rdisc=0.820, norm=0.0460
REGINN:CGLS::Unsuccessful termination after 18 iterations!
REGINN::Linear solver did not achieve desired discrepancy due to max_iter.
REGINN:post_processing::Adjusted lower bound of estimate from -0.234 to 0.100
REGINN::i=40: rdisc=0.00336, rnorm=0.741, rerr=0.303
REGINN::0.100 ≤ estimate ≤ 5.39
REGINN::
REGINN::Solving linear problem using rtol=0.681 and max_iter=20
REGINN:CGLS::k=0 : rdisc=1.00, norm=0.00
REGINN:CGLS::k=1 : rdisc=0.802, norm=0.00481
REGINN:CGLS::k=2 : rdisc=0.745, norm=0.00748
REGINN:CGLS::k=3 : rdisc=0.724, norm=0.00905
REGINN:CGLS::k=4 : rdisc=0.708, norm=0.0109
REGINN:CGLS::k=5 : rdisc=0.702, norm=0.0117
REGINN:CGLS::k=6 : rdisc=0.698, norm=0.0125
REGINN:CGLS::k=7 : rdisc=0.695, norm=0.0133
REGINN:CGLS::k=8 : rdisc=0.693, norm=0.0138
REGINN:CGLS::k=9 : rdisc=0.691, norm=0.0145
REGINN:CGLS::k=10: rdisc=0.690, norm=0.0150
REGINN:CGLS::k=11: rdisc=0.687, norm=0.0164
REGINN:CGLS::k=12: rdisc=0.685, norm=0.0182
REGINN:CGLS::k=13: rdisc=0.682, norm=0.0204
REGINN:CGLS::k=14: rdisc=0.679, norm=0.0231
REGINN:CGLS::Safeguarding: λ=0.781 ⇒ rdisc=0.681
REGINN:CGLS::Target discrepancy reached after 14 iterations.
REGINN:post_processing::Adjusted lower bound of estimate from -0.0442 to 0.100
REGINN::i=41: rdisc=0.00259, rnorm=0.741, rerr=0.303
REGINN::0.100 ≤ estimate ≤ 5.39
REGINN::
REGINN::Solving linear problem using rtol=0.771 and max_iter=32
REGINN:CGLS::k=0 : rdisc=1.00, norm=0.00
REGINN:CGLS::k=1 : rdisc=0.935, norm=0.00222
REGINN:CGLS::k=2 : rdisc=0.913, norm=0.00383
REGINN:CGLS::k=3 : rdisc=0.905, norm=0.00479
REGINN:CGLS::k=4 : rdisc=0.898, norm=0.00589
REGINN:CGLS::k=5 : rdisc=0.895, norm=0.00641
REGINN:CGLS::k=6 : rdisc=0.893, norm=0.00700
REGINN:CGLS::k=7 : rdisc=0.892, norm=0.00745
REGINN:CGLS::k=8 : rdisc=0.889, norm=0.00887
REGINN:CGLS::k=9 : rdisc=0.886, norm=0.0111
REGINN:CGLS::k=10: rdisc=0.881, norm=0.0151
REGINN:CGLS::k=11: rdisc=0.873, norm=0.0217
REGINN:CGLS::k=12: rdisc=0.863, norm=0.0313
REGINN:CGLS::k=13: rdisc=0.857, norm=0.0366
REGINN:CGLS::k=14: rdisc=0.850, norm=0.0429
REGINN:CGLS::k=15: rdisc=0.848, norm=0.0451
REGINN:CGLS::k=16: rdisc=0.841, norm=0.0517
REGINN:CGLS::k=17: rdisc=0.835, norm=0.0577
REGINN:CGLS::k=18: rdisc=0.830, norm=0.0627
REGINN:CGLS::k=19: rdisc=0.825, norm=0.0667
REGINN:CGLS::k=20: rdisc=0.813, norm=0.0791
REGINN:CGLS::k=21: rdisc=0.804, norm=0.0879
REGINN:CGLS::k=22: rdisc=0.797, norm=0.0950
REGINN:CGLS::k=23: rdisc=0.790, norm=0.102
REGINN:CGLS::k=24: rdisc=0.778, norm=0.114
REGINN:CGLS::k=25: rdisc=0.772, norm=0.120
REGINN:CGLS::k=26: rdisc=0.765, norm=0.127
REGINN:CGLS::Safeguarding: λ=0.935 ⇒ rdisc=0.771
REGINN:CGLS::Target discrepancy reached after 26 iterations.
REGINN:post_processing::Adjusted lower bound of estimate from -0.702 to 0.100
REGINN::i=42: rdisc=0.00564, rnorm=0.741, rerr=0.304
REGINN::0.100 ≤ estimate ≤ 5.37
REGINN::
REGINN::Solving linear problem using rtol=0.876 and max_iter=40
REGINN:CGLS::k=0 : rdisc=1.00, norm=0.00
REGINN:CGLS::k=1 : rdisc=0.625, norm=0.0105
REGINN:CGLS::Safeguarding: λ=0.786 ⇒ rdisc=0.876
REGINN:CGLS::Target discrepancy reached after 1 iteration.
REGINN:post_processing::Adjusted lower bound of estimate from 0.0953 to 0.100
REGINN::i=43: rdisc=0.00500, rnorm=0.741, rerr=0.304
REGINN::0.100 ≤ estimate ≤ 5.37
REGINN::
REGINN::Solving linear problem using rtol=0.831 and max_iter=27
REGINN:CGLS::k=0 : rdisc=1.00, norm=0.00
REGINN:CGLS::k=1 : rdisc=0.693, norm=0.00877
REGINN:CGLS::Safeguarding: λ=0.637 ⇒ rdisc=0.831
REGINN:CGLS::Target discrepancy reached after 1 iteration.
REGINN:post_processing::Adjusted lower bound of estimate from 0.0929 to 0.100
REGINN::i=44: rdisc=0.00424, rnorm=0.741, rerr=0.304
REGINN::0.100 ≤ estimate ≤ 5.37
REGINN::
REGINN::Solving linear problem using rtol=0.789 and max_iter=2
REGINN:CGLS::k=0 : rdisc=1.00, norm=0.00
REGINN:CGLS::k=1 : rdisc=0.793, norm=0.00665
REGINN:CGLS::k=2 : rdisc=0.660, norm=0.0129
REGINN:CGLS::Safeguarding: λ=0.982 ⇒ rdisc=0.789
REGINN:CGLS::Target discrepancy reached after 2 iterations.
REGINN:post_processing::Adjusted lower bound of estimate from 0.0824 to 0.100
REGINN::i=45: rdisc=0.00342, rnorm=0.741, rerr=0.304
REGINN::0.100 ≤ estimate ≤ 5.36
REGINN::
REGINN::Solving linear problem using rtol=0.749 and max_iter=3
REGINN:CGLS::k=0 : rdisc=1.00, norm=0.00
REGINN:CGLS::k=1 : rdisc=0.858, norm=0.00752
REGINN:CGLS::k=2 : rdisc=0.774, norm=0.0121
REGINN:CGLS::k=3 : rdisc=0.700, norm=0.0173
REGINN:CGLS::Safeguarding: λ=0.803 ⇒ rdisc=0.749
REGINN:CGLS::Target discrepancy reached after 3 iterations.
REGINN:post_processing::Adjusted lower bound of estimate from 0.0533 to 0.100
REGINN::i=46: rdisc=0.00267, rnorm=0.741, rerr=0.304
REGINN::0.100 ≤ estimate ≤ 5.36
REGINN::
REGINN::Solving linear problem using rtol=0.749 and max_iter=5
REGINN:CGLS::k=0 : rdisc=1.00, norm=0.00
REGINN:CGLS::k=1 : rdisc=0.961, norm=0.00273
REGINN:CGLS::k=2 : rdisc=0.899, norm=0.00802
REGINN:CGLS::k=3 : rdisc=0.866, norm=0.0112
REGINN:CGLS::k=4 : rdisc=0.847, norm=0.0133
REGINN:CGLS::k=5 : rdisc=0.830, norm=0.0155
REGINN:CGLS::Unsuccessful termination after 5 iterations!
REGINN::Linear solver did not achieve desired discrepancy due to max_iter.
REGINN:post_processing::Adjusted lower bound of estimate from 0.0302 to 0.100
REGINN::i=47: rdisc=0.00232, rnorm=0.741, rerr=0.304
REGINN::0.100 ≤ estimate ≤ 5.37
REGINN::
REGINN::Solving linear problem using rtol=0.861 and max_iter=8
REGINN:CGLS::k=0 : rdisc=1.00, norm=0.00
REGINN:CGLS::k=1 : rdisc=0.971, norm=0.00135
REGINN:CGLS::k=2 : rdisc=0.962, norm=0.00222
REGINN:CGLS::k=3 : rdisc=0.954, norm=0.00365
REGINN:CGLS::k=4 : rdisc=0.942, norm=0.00645
REGINN:CGLS::k=5 : rdisc=0.922, norm=0.0119
REGINN:CGLS::k=6 : rdisc=0.914, norm=0.0143
REGINN:CGLS::k=7 : rdisc=0.907, norm=0.0165
REGINN:CGLS::k=8 : rdisc=0.901, norm=0.0186
REGINN:CGLS::Unsuccessful termination after 8 iterations!
REGINN::Linear solver did not achieve desired discrepancy due to max_iter.
REGINN:post_processing::Adjusted lower bound of estimate from -0.0181 to 0.100
REGINN::i=48: rdisc=0.00233, rnorm=0.741, rerr=0.304
REGINN::0.100 ≤ estimate ≤ 5.37
REGINN::
REGINN::Solving linear problem using rtol=0.859 and max_iter=13
REGINN:CGLS::k=0 : rdisc=1.00, norm=0.00
REGINN:CGLS::k=1 : rdisc=0.940, norm=0.00190
REGINN:CGLS::k=2 : rdisc=0.924, norm=0.00301
REGINN:CGLS::k=3 : rdisc=0.918, norm=0.00364
REGINN:CGLS::k=4 : rdisc=0.914, norm=0.00436
REGINN:CGLS::k=5 : rdisc=0.912, norm=0.00493
REGINN:CGLS::k=6 : rdisc=0.909, norm=0.00603
REGINN:CGLS::k=7 : rdisc=0.903, norm=0.00863
REGINN:CGLS::k=8 : rdisc=0.898, norm=0.0109
REGINN:CGLS::k=9 : rdisc=0.888, norm=0.0168
REGINN:CGLS::k=10: rdisc=0.882, norm=0.0208
REGINN:CGLS::k=11: rdisc=0.876, norm=0.0242
REGINN:CGLS::k=12: rdisc=0.871, norm=0.0273
REGINN:CGLS::k=13: rdisc=0.868, norm=0.0296
REGINN:CGLS::Unsuccessful termination after 13 iterations!
REGINN::Linear solver did not achieve desired discrepancy due to max_iter.
REGINN:post_processing::Adjusted lower bound of estimate from -0.152 to 0.100
REGINN::i=49: rdisc=0.00276, rnorm=0.741, rerr=0.304
REGINN::0.100 ≤ estimate ≤ 5.39
REGINN::
REGINN::Solving linear problem using rtol=0.912 and max_iter=21
REGINN:CGLS::k=0 : rdisc=1.00, norm=0.00
REGINN:CGLS::k=1 : rdisc=0.826, norm=0.00372
REGINN:CGLS::Safeguarding: λ=0.685 ⇒ rdisc=0.912
REGINN:CGLS::Target discrepancy reached after 1 iteration.
REGINN:post_processing::Adjusted lower bound of estimate from 0.0975 to 0.100
REGINN::Saving current residual in ./step-0050/
REGINN::Saving current estimate in ./step-0050/
REGINN::i=50: rdisc=0.00254, rnorm=0.741, rerr=0.304
REGINN::0.100 ≤ estimate ≤ 5.39
REGINN::
REGINN::Solving linear problem using rtol=0.866 and max_iter=14
REGINN:CGLS::k=0 : rdisc=1.00, norm=0.00
REGINN:CGLS::k=1 : rdisc=0.892, norm=0.00284
REGINN:CGLS::k=2 : rdisc=0.848, norm=0.00497
REGINN:CGLS::Safeguarding: λ=0.632 ⇒ rdisc=0.866
REGINN:CGLS::Target discrepancy reached after 2 iterations.
REGINN:post_processing::Adjusted lower bound of estimate from 0.0894 to 0.100
REGINN::i=51: rdisc=0.00223, rnorm=0.741, rerr=0.304
REGINN::0.100 ≤ estimate ≤ 5.39
REGINN::
REGINN::Solving linear problem using rtol=0.897 and max_iter=3
REGINN:CGLS::k=0 : rdisc=1.00, norm=0.00
REGINN:CGLS::k=1 : rdisc=0.956, norm=0.00369
REGINN:CGLS::k=2 : rdisc=0.945, norm=0.00478
REGINN:CGLS::k=3 : rdisc=0.934, norm=0.00602
REGINN:CGLS::Unsuccessful termination after 3 iterations!
REGINN::Linear solver did not achieve desired discrepancy due to max_iter.
REGINN:post_processing::Adjusted lower bound of estimate from 0.0742 to 0.100
REGINN::i=52: rdisc=0.00211, rnorm=0.741, rerr=0.304
REGINN::0.100 ≤ estimate ≤ 5.39
REGINN::
REGINN::Solving linear problem using rtol=0.949 and max_iter=5
REGINN:CGLS::k=0 : rdisc=1.00, norm=0.00
REGINN:CGLS::k=1 : rdisc=0.993, norm=0.000634
REGINN:CGLS::k=2 : rdisc=0.989, norm=0.00133
REGINN:CGLS::k=3 : rdisc=0.985, norm=0.00241
REGINN:CGLS::k=4 : rdisc=0.981, norm=0.00372
REGINN:CGLS::k=5 : rdisc=0.979, norm=0.00448
REGINN:CGLS::Unsuccessful termination after 5 iterations!
REGINN::Linear solver did not achieve desired discrepancy due to max_iter.
REGINN:post_processing::Adjusted lower bound of estimate from 0.0712 to 0.100
REGINN::i=53: rdisc=0.00208, rnorm=0.741, rerr=0.304
REGINN::0.100 ≤ estimate ≤ 5.39
REGINN::
REGINN::Solving linear problem using rtol=0.960 and max_iter=8
REGINN:CGLS::k=0 : rdisc=1.00, norm=0.00
REGINN:CGLS::k=1 : rdisc=0.995, norm=0.000511
REGINN:CGLS::k=2 : rdisc=0.993, norm=0.000853
REGINN:CGLS::k=3 : rdisc=0.993, norm=0.00112
REGINN:CGLS::k=4 : rdisc=0.988, norm=0.00412
REGINN:CGLS::k=5 : rdisc=0.982, norm=0.00838
REGINN:CGLS::k=6 : rdisc=0.975, norm=0.0134
REGINN:CGLS::k=7 : rdisc=0.969, norm=0.0181
REGINN:CGLS::k=8 : rdisc=0.965, norm=0.0206
REGINN:CGLS::Unsuccessful termination after 8 iterations!
REGINN::Linear solver did not achieve desired discrepancy due to max_iter.
REGINN:post_processing::Adjusted lower bound of estimate from -0.0708 to 0.100
REGINN::i=54: rdisc=0.00233, rnorm=0.741, rerr=0.304
REGINN::0.100 ≤ estimate ≤ 5.40
REGINN::
REGINN::Solving linear problem using rtol=0.911 and max_iter=13
REGINN:CGLS::k=0 : rdisc=1.00, norm=0.00
REGINN:CGLS::k=1 : rdisc=0.906, norm=0.00237
REGINN:CGLS::Safeguarding: λ=0.230 ⇒ rdisc=0.911
REGINN:CGLS::Target discrepancy reached after 1 iteration.
REGINN:post_processing::Adjusted lower bound of estimate from 0.0962 to 0.100
REGINN::i=55: rdisc=0.00214, rnorm=0.741, rerr=0.304
REGINN::0.100 ≤ estimate ≤ 5.40
REGINN::
REGINN::Solving linear problem using rtol=0.934 and max_iter=9
REGINN:CGLS::k=0 : rdisc=1.00, norm=0.00
REGINN:CGLS::k=1 : rdisc=0.977, norm=0.00142
REGINN:CGLS::k=2 : rdisc=0.962, norm=0.00271
REGINN:CGLS::k=3 : rdisc=0.956, norm=0.00351
REGINN:CGLS::k=4 : rdisc=0.952, norm=0.00411
REGINN:CGLS::k=5 : rdisc=0.950, norm=0.00455
REGINN:CGLS::k=6 : rdisc=0.948, norm=0.00517
REGINN:CGLS::k=7 : rdisc=0.946, norm=0.00582
REGINN:CGLS::k=8 : rdisc=0.944, norm=0.00675
REGINN:CGLS::k=9 : rdisc=0.941, norm=0.00864
REGINN:CGLS::Unsuccessful termination after 9 iterations!
REGINN::Linear solver did not achieve desired discrepancy due to max_iter.
REGINN:post_processing::Adjusted lower bound of estimate from 0.0370 to 0.100
REGINN::i=56: rdisc=0.00208, rnorm=0.741, rerr=0.304
REGINN::0.100 ≤ estimate ≤ 5.40
REGINN::
REGINN::Solving linear problem using rtol=0.959 and max_iter=10
REGINN:CGLS::k=0 : rdisc=1.00, norm=0.00
REGINN:CGLS::k=1 : rdisc=0.979, norm=0.00102
REGINN:CGLS::k=2 : rdisc=0.973, norm=0.00160
REGINN:CGLS::k=3 : rdisc=0.971, norm=0.00197
REGINN:CGLS::k=4 : rdisc=0.969, norm=0.00247
REGINN:CGLS::k=5 : rdisc=0.968, norm=0.00285
REGINN:CGLS::k=6 : rdisc=0.966, norm=0.00400
REGINN:CGLS::k=7 : rdisc=0.962, norm=0.00675
REGINN:CGLS::k=8 : rdisc=0.959, norm=0.00973
REGINN:CGLS::Safeguarding: λ=0.344 ⇒ rdisc=0.959
REGINN:CGLS::Target discrepancy reached after 8 iterations.
REGINN:post_processing::Adjusted lower bound of estimate from 0.0261 to 0.100
REGINN::i=57: rdisc=0.00209, rnorm=0.741, rerr=0.304
REGINN::0.100 ≤ estimate ≤ 5.40
REGINN::
REGINN::Solving linear problem using rtol=0.957 and max_iter=17
REGINN:CGLS::k=0 : rdisc=1.00, norm=0.00
REGINN:CGLS::k=1 : rdisc=0.972, norm=0.00117
REGINN:CGLS::k=2 : rdisc=0.966, norm=0.00178
REGINN:CGLS::k=3 : rdisc=0.963, norm=0.00211
REGINN:CGLS::k=4 : rdisc=0.962, norm=0.00247
REGINN:CGLS::k=5 : rdisc=0.960, norm=0.00293
REGINN:CGLS::k=6 : rdisc=0.959, norm=0.00385
REGINN:CGLS::k=7 : rdisc=0.956, norm=0.00578
REGINN:CGLS::Safeguarding: λ=0.676 ⇒ rdisc=0.957
REGINN:CGLS::Target discrepancy reached after 7 iterations.
REGINN:post_processing::Adjusted lower bound of estimate from 0.0658 to 0.100
REGINN::i=58: rdisc=0.00202, rnorm=0.740, rerr=0.304
REGINN::0.100 ≤ estimate ≤ 5.40
REGINN::
REGINN::Solving linear problem using rtol=0.989 and max_iter=15
REGINN:CGLS::k=0 : rdisc=1.00, norm=0.00
REGINN:CGLS::k=1 : rdisc=0.994, norm=0.000526
REGINN:CGLS::k=2 : rdisc=0.993, norm=0.000847
REGINN:CGLS::k=3 : rdisc=0.992, norm=0.00105
REGINN:CGLS::k=4 : rdisc=0.990, norm=0.00194
REGINN:CGLS::k=5 : rdisc=0.989, norm=0.00316
REGINN:CGLS::Safeguarding: λ=0.633 ⇒ rdisc=0.989
REGINN:CGLS::Target discrepancy reached after 5 iterations.
REGINN:post_processing::Adjusted lower bound of estimate from 0.0805 to 0.100
REGINN::i=59: rdisc=0.00201, rnorm=0.740, rerr=0.304
REGINN::0.100 ≤ estimate ≤ 5.40
REGINN::
REGINN::Solving linear problem using rtol=0.995 and max_iter=12
REGINN:CGLS::k=0 : rdisc=1.00, norm=0.00
REGINN:CGLS::k=1 : rdisc=0.997, norm=0.000371
REGINN:CGLS::k=2 : rdisc=0.996, norm=0.000602
REGINN:CGLS::k=3 : rdisc=0.996, norm=0.000928
REGINN:CGLS::k=4 : rdisc=0.993, norm=0.00318
REGINN:CGLS::Safeguarding: λ=0.858 ⇒ rdisc=0.995
REGINN:CGLS::Target discrepancy reached after 4 iterations.
REGINN:post_processing::Adjusted lower bound of estimate from 0.0903 to 0.100
REGINN::i=60: rdisc=0.00200, rnorm=0.740, rerr=0.304
REGINN::0.100 ≤ estimate ≤ 5.40
REGINN::
REGINN::Solving linear problem using rtol=0.998 and max_iter=9
REGINN:CGLS::k=0 : rdisc=1.00, norm=0.00
REGINN:CGLS::k=1 : rdisc=0.999, norm=0.000211
REGINN:CGLS::k=2 : rdisc=0.998, norm=0.000559
REGINN:CGLS::k=3 : rdisc=0.997, norm=0.00176
REGINN:CGLS::Safeguarding: λ=0.856 ⇒ rdisc=0.998
REGINN:CGLS::Target discrepancy reached after 3 iterations.
REGINN:post_processing::Adjusted lower bound of estimate from 0.0943 to 0.100
REGINN::i=61: rdisc=0.00200, rnorm=0.740, rerr=0.304
REGINN::0.100 ≤ estimate ≤ 5.40
REGINN::
REGINN::Solving linear problem using rtol=0.999 and max_iter=7
REGINN:CGLS::k=0 : rdisc=1.00, norm=0.00
REGINN:CGLS::k=1 : rdisc=0.999, norm=0.000179
REGINN:CGLS::k=2 : rdisc=0.999, norm=0.000634
REGINN:CGLS::Safeguarding: λ=0.494 ⇒ rdisc=0.999
REGINN:CGLS::Target discrepancy reached after 2 iterations.
REGINN:post_processing::Adjusted lower bound of estimate from 0.0972 to 0.100
REGINN::i=62: rdisc=0.00200, rnorm=0.740, rerr=0.304
REGINN::0.100 ≤ estimate ≤ 5.40
REGINN::
REGINN::Saving current residual in ./step-0062/
REGINN::Saving current estimate in ./step-0062/
REGINN::Target discrepancy reached after 62 iterations.
REGINN::0.100 ≤ estimate ≤ 5.40
Relative error of the reconstruction: 0.304
stats::forward              : 64 calls, average 2.92 s per call
stats::linearization forward: 345 calls, average 2.61 s per call
stats::linearization adjoint: 345 calls, average 2.94 s per call
stats::measure forward      : 409 calls, average 0.00311 s per call
stats::measure adjoint      : 345 calls, average 0.101 s per call
stats::total wall time      : 38min 33s
