JobId arch-vm0 Tue Mar  6 21:14:09 2018
wavepi 3df43511
Release-Build, compiled on 2018-03-06T20:06:27Z from commit 3df435110a132efb4554aae2b6b64caf46dffd44 ("run small") on branch master

initialize_mesh::Number of active cells: 1024
initialize_mesh::Number of degrees of freedom in the first spatial mesh: 1089
initialize_mesh::cell diameters: minimal = 0.354, maximal = 0.354
initialize_mesh::dt: 0.0472
initialize_mesh::expected size of a DiscretizedFunction<dim>: 1.06 MiB
parameters:LogTransform::lower bound: 0.0
parameters:WaveEquation::max iter: 10000
parameters:WaveEquation::theta: 0.5
parameters:WaveEquation::tol: 1e-8
parameters:constraints::lower bound: 0.1
parameters:constraints::upper bound: 1e300
parameters:general::dimension: 2
parameters:general::finite element degree: 1
parameters:general::quadrature order: 3
parameters:inversion::method: REGINN
parameters:inversion::tau: 2
parameters:log::console depth: 2
parameters:log::file: wavepi.log
parameters:log::file depth: 4
parameters:mesh::end time: 6
parameters:mesh::initial refines: 5
parameters:mesh::initial time steps: 128
parameters:output::data: true
parameters:output::destination: ./step-{{i}}/
parameters:output::discrepancy decrease: 0.5
parameters:output::estimate: true
parameters:output::estimate transformed: false
parameters:output::exact: true
parameters:output::exact transformed: false
parameters:output::interval: 50
parameters:output::last: true
parameters:output::residual: true
parameters:output::statistics: history
parameters:problem::H1H1 beta: 0.5
parameters:problem::H1H1 gamma: 0.5
parameters:problem::H1L2 alpha: 0.5
parameters:problem::H2L2 alpha: 0.5
parameters:problem::H2L2 beta: 0.25
parameters:problem::constants: 
parameters:problem::epsilon: 1e-3
parameters:problem::initial guess: 1.0
parameters:problem::norm of codomain: L2L2
parameters:problem::norm of domain: H1L2
parameters:problem::parameter a: 1.5
parameters:problem::parameter c: 2.0
parameters:problem::parameter nu: 0.0
parameters:problem::parameter q: 0.0
parameters:problem::transform: Identity
parameters:problem::type: a
parameters:watchdog::discrepancy increasing: false
parameters:watchdog::discrepancy slope min values: 40
parameters:watchdog::discrepancy slope percentage: 0.25
parameters:watchdog::discrepancy slope threshold: 0.0
parameters:watchdog::discrepancy threshold: 10.0
parameters:watchdog::maximum iteration count: 0
REGINN::Saving exact parameter in ./step-0000/
REGINN::Saving data in ./step-0000/
REGINN::Saving current residual in ./step-0000/
REGINN::Saving current estimate in ./step-0000/
REGINN::i=0 : rdisc=1.18 , rnorm=0.667, rerr=0.333
REGINN::1.00 ≤ estimate ≤ 1.00
REGINN::Solving linear problem using rtol=0.900 and max_iter=1
REGINN:CGLS::k=0 : rdisc=1.00 , norm=0.00 
REGINN:CGLS::k=1 : rdisc=0.708, norm=1.37 
REGINN:CGLS::Safeguarding: λ=0.787 ⇒ rdisc=0.900
REGINN:CGLS::Target discrepancy reached after 1 iteration.
REGINN::i=1 : rdisc=1.07 , rnorm=0.669, rerr=0.331
REGINN::0.990 ≤ estimate ≤ 1.24
REGINN::
REGINN::Solving linear problem using rtol=0.900 and max_iter=2
REGINN:CGLS::k=0 : rdisc=1.00 , norm=0.00 
REGINN:CGLS::k=1 : rdisc=0.707, norm=1.54 
REGINN:CGLS::Safeguarding: λ=0.787 ⇒ rdisc=0.900
REGINN:CGLS::Target discrepancy reached after 1 iteration.
REGINN::i=2 : rdisc=0.964, rnorm=0.673, rerr=0.328
REGINN::0.998 ≤ estimate ≤ 1.45
REGINN::
REGINN::Solving linear problem using rtol=0.854 and max_iter=2
REGINN:CGLS::k=0 : rdisc=1.00 , norm=0.00 
REGINN:CGLS::k=1 : rdisc=0.702, norm=1.67 
REGINN:CGLS::Safeguarding: λ=0.683 ⇒ rdisc=0.854
REGINN:CGLS::Target discrepancy reached after 1 iteration.
REGINN::i=3 : rdisc=0.825, rnorm=0.679, rerr=0.324
REGINN::0.997 ≤ estimate ≤ 1.71
REGINN::
REGINN::Solving linear problem using rtol=0.811 and max_iter=2
REGINN:CGLS::k=0 : rdisc=1.00 , norm=0.00 
REGINN:CGLS::k=1 : rdisc=0.691, norm=1.78 
REGINN:CGLS::Safeguarding: λ=0.586 ⇒ rdisc=0.811
REGINN:CGLS::Target discrepancy reached after 1 iteration.
REGINN::i=4 : rdisc=0.664, rnorm=0.691, rerr=0.317
REGINN::0.996 ≤ estimate ≤ 1.99
REGINN::
REGINN::Solving linear problem using rtol=0.769 and max_iter=2
REGINN:CGLS::k=0 : rdisc=1.00 , norm=0.00 
REGINN:CGLS::k=1 : rdisc=0.682, norm=1.78 
REGINN:CGLS::Safeguarding: λ=0.488 ⇒ rdisc=0.769
REGINN:CGLS::Target discrepancy reached after 1 iteration.
REGINN::Saving current residual in ./step-0005/
REGINN::Saving current estimate in ./step-0005/
REGINN::i=5 : rdisc=0.502, rnorm=0.708, rerr=0.308
REGINN::0.997 ≤ estimate ≤ 2.31
REGINN::
REGINN::Solving linear problem using rtol=0.730 and max_iter=2
REGINN:CGLS::k=0 : rdisc=1.00 , norm=0.00 
REGINN:CGLS::k=1 : rdisc=0.703, norm=1.59 
REGINN:CGLS::Safeguarding: λ=0.277 ⇒ rdisc=0.730
REGINN:CGLS::Target discrepancy reached after 1 iteration.
REGINN::i=6 : rdisc=0.353, rnorm=0.733, rerr=0.297
REGINN::0.998 ≤ estimate ≤ 2.55
REGINN::
REGINN::Solving linear problem using rtol=0.693 and max_iter=2
REGINN:CGLS::k=0 : rdisc=1.00 , norm=0.00 
REGINN:CGLS::k=1 : rdisc=0.771, norm=1.37 
REGINN:CGLS::k=2 : rdisc=0.580, norm=2.76 
REGINN:CGLS::Safeguarding: λ=0.745 ⇒ rdisc=0.693
REGINN:CGLS::Target discrepancy reached after 2 iterations.
REGINN::Saving current residual in ./step-0007/
REGINN::Saving current estimate in ./step-0007/
REGINN::i=7 : rdisc=0.223, rnorm=0.767, rerr=0.277
REGINN::0.995 ≤ estimate ≤ 2.38
REGINN::
REGINN::Solving linear problem using rtol=0.658 and max_iter=3
REGINN:CGLS::k=0 : rdisc=1.00 , norm=0.00 
REGINN:CGLS::k=1 : rdisc=0.778, norm=1.21 
REGINN:CGLS::k=2 : rdisc=0.549, norm=2.30 
REGINN:CGLS::Safeguarding: λ=0.658 ⇒ rdisc=0.658
REGINN:CGLS::Target discrepancy reached after 2 iterations.
REGINN::i=8 : rdisc=0.162, rnorm=0.788, rerr=0.261
REGINN::0.741 ≤ estimate ≤ 2.07
REGINN::
REGINN::Solving linear problem using rtol=0.624 and max_iter=4
REGINN:CGLS::k=0 : rdisc=1.00 , norm=0.00 
REGINN:CGLS::k=1 : rdisc=0.795, norm=0.304
REGINN:CGLS::k=2 : rdisc=0.674, norm=0.711
REGINN:CGLS::k=3 : rdisc=0.486, norm=1.49 
REGINN:CGLS::Safeguarding: λ=0.838 ⇒ rdisc=0.624
REGINN:CGLS::Target discrepancy reached after 3 iterations.
REGINN::Saving current residual in ./step-0009/
REGINN::Saving current estimate in ./step-0009/
REGINN::i=9 : rdisc=0.100, rnorm=0.804, rerr=0.254
REGINN::0.994 ≤ estimate ≤ 2.21
REGINN::
REGINN::Solving linear problem using rtol=0.592 and max_iter=5
REGINN:CGLS::k=0 : rdisc=1.00 , norm=0.00 
REGINN:CGLS::k=1 : rdisc=0.914, norm=0.179
REGINN:CGLS::k=2 : rdisc=0.825, norm=0.440
REGINN:CGLS::k=3 : rdisc=0.633, norm=1.09 
REGINN:CGLS::k=4 : rdisc=0.564, norm=1.33 
REGINN:CGLS::Safeguarding: λ=0.629 ⇒ rdisc=0.592
REGINN:CGLS::Target discrepancy reached after 4 iterations.
REGINN::i=10: rdisc=0.0596, rnorm=0.830, rerr=0.246
REGINN::0.991 ≤ estimate ≤ 2.23
REGINN::
REGINN::Solving linear problem using rtol=0.562 and max_iter=7
REGINN:CGLS::k=0 : rdisc=1.00 , norm=0.00 
REGINN:CGLS::k=1 : rdisc=0.965, norm=0.0660
REGINN:CGLS::k=2 : rdisc=0.919, norm=0.190
REGINN:CGLS::k=3 : rdisc=0.859, norm=0.398
REGINN:CGLS::k=4 : rdisc=0.745, norm=0.839
REGINN:CGLS::k=5 : rdisc=0.671, norm=1.12 
REGINN:CGLS::k=6 : rdisc=0.613, norm=1.36 
REGINN:CGLS::k=7 : rdisc=0.590, norm=1.45 
REGINN:CGLS::Unsuccessful termination after 7 iterations!
REGINN::Linear solver did not achieve desired discrepancy due to max_iter.
REGINN::Saving current residual in ./step-0011/
REGINN::Saving current estimate in ./step-0011/
REGINN::i=11: rdisc=0.0343, rnorm=0.846, rerr=0.234
REGINN::0.984 ≤ estimate ≤ 1.95
REGINN::
REGINN::Solving linear problem using rtol=0.533 and max_iter=11
REGINN:CGLS::k=0 : rdisc=1.00 , norm=0.00 
REGINN:CGLS::k=1 : rdisc=0.975, norm=0.0322
REGINN:CGLS::k=2 : rdisc=0.955, norm=0.0710
REGINN:CGLS::k=3 : rdisc=0.935, norm=0.127
REGINN:CGLS::k=4 : rdisc=0.888, norm=0.297
REGINN:CGLS::k=5 : rdisc=0.832, norm=0.517
REGINN:CGLS::k=6 : rdisc=0.790, norm=0.688
REGINN:CGLS::k=7 : rdisc=0.754, norm=0.842
REGINN:CGLS::k=8 : rdisc=0.699, norm=1.08 
REGINN:CGLS::k=9 : rdisc=0.668, norm=1.22 
REGINN:CGLS::k=10: rdisc=0.633, norm=1.38 
REGINN:CGLS::k=11: rdisc=0.622, norm=1.43 
REGINN:CGLS::Unsuccessful termination after 11 iterations!
REGINN::Linear solver did not achieve desired discrepancy due to max_iter.
REGINN::i=12: rdisc=0.0202, rnorm=0.860, rerr=0.222
REGINN::0.970 ≤ estimate ≤ 1.99
REGINN::
REGINN::Solving linear problem using rtol=0.702 and max_iter=18
REGINN:CGLS::k=0 : rdisc=1.00 , norm=0.00 
REGINN:CGLS::k=1 : rdisc=0.969, norm=0.0181
REGINN:CGLS::k=2 : rdisc=0.943, norm=0.0451
REGINN:CGLS::k=3 : rdisc=0.929, norm=0.0675
REGINN:CGLS::k=4 : rdisc=0.909, norm=0.109
REGINN:CGLS::k=5 : rdisc=0.892, norm=0.157
REGINN:CGLS::k=6 : rdisc=0.878, norm=0.198
REGINN:CGLS::k=7 : rdisc=0.831, norm=0.365
REGINN:CGLS::k=8 : rdisc=0.803, norm=0.469
REGINN:CGLS::k=9 : rdisc=0.776, norm=0.574
REGINN:CGLS::k=10: rdisc=0.725, norm=0.780
REGINN:CGLS::k=11: rdisc=0.714, norm=0.826
REGINN:CGLS::k=12: rdisc=0.677, norm=0.975
REGINN:CGLS::Safeguarding: λ=0.827 ⇒ rdisc=0.702
REGINN:CGLS::Target discrepancy reached after 12 iterations.
REGINN::Saving current residual in ./step-0013/
REGINN::Saving current estimate in ./step-0013/
REGINN::i=13: rdisc=0.0136, rnorm=0.869, rerr=0.216
REGINN::0.977 ≤ estimate ≤ 1.91
REGINN::
REGINN::Solving linear problem using rtol=0.727 and max_iter=23
REGINN:CGLS::k=0 : rdisc=1.00 , norm=0.00 
REGINN:CGLS::k=1 : rdisc=0.991, norm=0.00965
REGINN:CGLS::k=2 : rdisc=0.967, norm=0.0406
REGINN:CGLS::k=3 : rdisc=0.948, norm=0.0686
REGINN:CGLS::k=4 : rdisc=0.931, norm=0.0978
REGINN:CGLS::k=5 : rdisc=0.912, norm=0.139
REGINN:CGLS::k=6 : rdisc=0.898, norm=0.172
REGINN:CGLS::k=7 : rdisc=0.874, norm=0.232
REGINN:CGLS::k=8 : rdisc=0.856, norm=0.284
REGINN:CGLS::k=9 : rdisc=0.833, norm=0.352
REGINN:CGLS::k=10: rdisc=0.812, norm=0.416
REGINN:CGLS::k=11: rdisc=0.765, norm=0.571
REGINN:CGLS::k=12: rdisc=0.760, norm=0.588
REGINN:CGLS::k=13: rdisc=0.737, norm=0.668
REGINN:CGLS::k=14: rdisc=0.714, norm=0.747
REGINN:CGLS::Safeguarding: λ=0.747 ⇒ rdisc=0.727
REGINN:CGLS::Target discrepancy reached after 14 iterations.
REGINN::i=14: rdisc=0.00953, rnorm=0.878, rerr=0.212
REGINN::0.930 ≤ estimate ≤ 1.73
REGINN::
REGINN::Solving linear problem using rtol=0.765 and max_iter=26
REGINN:CGLS::k=0 : rdisc=1.00 , norm=0.00 
REGINN:CGLS::k=1 : rdisc=0.987, norm=0.00833
REGINN:CGLS::k=2 : rdisc=0.980, norm=0.0147
REGINN:CGLS::k=3 : rdisc=0.963, norm=0.0356
REGINN:CGLS::k=4 : rdisc=0.945, norm=0.0615
REGINN:CGLS::k=5 : rdisc=0.934, norm=0.0778
REGINN:CGLS::k=6 : rdisc=0.922, norm=0.0999
REGINN:CGLS::k=7 : rdisc=0.900, norm=0.142
REGINN:CGLS::k=8 : rdisc=0.885, norm=0.175
REGINN:CGLS::k=9 : rdisc=0.871, norm=0.206
REGINN:CGLS::k=10: rdisc=0.856, norm=0.242
REGINN:CGLS::k=11: rdisc=0.849, norm=0.259
REGINN:CGLS::k=12: rdisc=0.844, norm=0.275
REGINN:CGLS::k=13: rdisc=0.835, norm=0.297
REGINN:CGLS::k=14: rdisc=0.823, norm=0.332
REGINN:CGLS::k=15: rdisc=0.791, norm=0.430
REGINN:CGLS::k=16: rdisc=0.759, norm=0.529
REGINN:CGLS::Safeguarding: λ=0.418 ⇒ rdisc=0.765
REGINN:CGLS::Target discrepancy reached after 16 iterations.
REGINN::i=15: rdisc=0.00711, rnorm=0.881, rerr=0.209
REGINN::0.879 ≤ estimate ≤ 1.75
REGINN::
REGINN::Solving linear problem using rtol=0.793 and max_iter=30
REGINN:CGLS::k=0 : rdisc=1.00 , norm=0.00 
REGINN:CGLS::k=1 : rdisc=0.990, norm=0.00680
REGINN:CGLS::k=2 : rdisc=0.980, norm=0.0145
REGINN:CGLS::k=3 : rdisc=0.966, norm=0.0282
REGINN:CGLS::k=4 : rdisc=0.959, norm=0.0356
REGINN:CGLS::k=5 : rdisc=0.945, norm=0.0531
REGINN:CGLS::k=6 : rdisc=0.932, norm=0.0749
REGINN:CGLS::k=7 : rdisc=0.926, norm=0.0854
REGINN:CGLS::k=8 : rdisc=0.919, norm=0.0975
REGINN:CGLS::k=9 : rdisc=0.910, norm=0.118
REGINN:CGLS::k=10: rdisc=0.895, norm=0.151
REGINN:CGLS::k=11: rdisc=0.892, norm=0.160
REGINN:CGLS::k=12: rdisc=0.883, norm=0.182
REGINN:CGLS::k=13: rdisc=0.873, norm=0.208
REGINN:CGLS::k=14: rdisc=0.859, norm=0.247
REGINN:CGLS::k=15: rdisc=0.852, norm=0.268
REGINN:CGLS::k=16: rdisc=0.833, norm=0.325
REGINN:CGLS::k=17: rdisc=0.816, norm=0.376
REGINN:CGLS::k=18: rdisc=0.789, norm=0.459
REGINN:CGLS::Safeguarding: λ=0.397 ⇒ rdisc=0.793
REGINN:CGLS::Target discrepancy reached after 18 iterations.
REGINN::Saving current residual in ./step-0016/
REGINN::Saving current estimate in ./step-0016/
REGINN::i=16: rdisc=0.00553, rnorm=0.885, rerr=0.206
REGINN::0.830 ≤ estimate ≤ 1.73
REGINN::
REGINN::Solving linear problem using rtol=0.816 and max_iter=34
REGINN:CGLS::k=0 : rdisc=1.00 , norm=0.00 
REGINN:CGLS::k=1 : rdisc=0.991, norm=0.00579
REGINN:CGLS::k=2 : rdisc=0.983, norm=0.0116
REGINN:CGLS::k=3 : rdisc=0.975, norm=0.0185
REGINN:CGLS::k=4 : rdisc=0.964, norm=0.0299
REGINN:CGLS::k=5 : rdisc=0.958, norm=0.0370
REGINN:CGLS::k=6 : rdisc=0.950, norm=0.0481
REGINN:CGLS::k=7 : rdisc=0.946, norm=0.0536
REGINN:CGLS::k=8 : rdisc=0.939, norm=0.0648
REGINN:CGLS::k=9 : rdisc=0.932, norm=0.0794
REGINN:CGLS::k=10: rdisc=0.927, norm=0.0898
REGINN:CGLS::k=11: rdisc=0.925, norm=0.0943
REGINN:CGLS::k=12: rdisc=0.919, norm=0.107
REGINN:CGLS::k=13: rdisc=0.911, norm=0.130
REGINN:CGLS::k=14: rdisc=0.906, norm=0.143
REGINN:CGLS::k=15: rdisc=0.900, norm=0.158
REGINN:CGLS::k=16: rdisc=0.895, norm=0.175
REGINN:CGLS::k=17: rdisc=0.885, norm=0.206
REGINN:CGLS::k=18: rdisc=0.867, norm=0.264
REGINN:CGLS::k=19: rdisc=0.826, norm=0.402
REGINN:CGLS::k=20: rdisc=0.811, norm=0.453
REGINN:CGLS::Safeguarding: λ=0.571 ⇒ rdisc=0.816
REGINN:CGLS::Target discrepancy reached after 20 iterations.
REGINN::i=17: rdisc=0.00447, rnorm=0.888, rerr=0.203
REGINN::0.796 ≤ estimate ≤ 1.87
REGINN::
REGINN::Solving linear problem using rtol=0.833 and max_iter=38
REGINN:CGLS::k=0 : rdisc=1.00 , norm=0.00 
REGINN:CGLS::k=1 : rdisc=0.993, norm=0.00254
REGINN:CGLS::k=2 : rdisc=0.975, norm=0.0114
REGINN:CGLS::k=3 : rdisc=0.962, norm=0.0187
REGINN:CGLS::k=4 : rdisc=0.956, norm=0.0231
REGINN:CGLS::k=5 : rdisc=0.950, norm=0.0277
REGINN:CGLS::k=6 : rdisc=0.944, norm=0.0342
REGINN:CGLS::k=7 : rdisc=0.941, norm=0.0371
REGINN:CGLS::k=8 : rdisc=0.939, norm=0.0405
REGINN:CGLS::k=9 : rdisc=0.934, norm=0.0477
REGINN:CGLS::k=10: rdisc=0.929, norm=0.0559
REGINN:CGLS::k=11: rdisc=0.925, norm=0.0650
REGINN:CGLS::k=12: rdisc=0.924, norm=0.0680
REGINN:CGLS::k=13: rdisc=0.921, norm=0.0731
REGINN:CGLS::k=14: rdisc=0.917, norm=0.0847
REGINN:CGLS::k=15: rdisc=0.912, norm=0.0970
REGINN:CGLS::k=16: rdisc=0.909, norm=0.108
REGINN:CGLS::k=17: rdisc=0.905, norm=0.119
REGINN:CGLS::k=18: rdisc=0.900, norm=0.135
REGINN:CGLS::k=19: rdisc=0.890, norm=0.167
REGINN:CGLS::k=20: rdisc=0.881, norm=0.199
REGINN:CGLS::k=21: rdisc=0.864, norm=0.259
REGINN:CGLS::k=22: rdisc=0.854, norm=0.297
REGINN:CGLS::k=23: rdisc=0.820, norm=0.418
REGINN:CGLS::Safeguarding: λ=0.612 ⇒ rdisc=0.833
REGINN:CGLS::Target discrepancy reached after 23 iterations.
REGINN::i=18: rdisc=0.00372, rnorm=0.891, rerr=0.201
REGINN::0.792 ≤ estimate ≤ 1.95
REGINN::
REGINN::Solving linear problem using rtol=0.854 and max_iter=43
REGINN:CGLS::k=0 : rdisc=1.00 , norm=0.00 
REGINN:CGLS::k=1 : rdisc=0.993, norm=0.00336
REGINN:CGLS::k=2 : rdisc=0.984, norm=0.00784
REGINN:CGLS::k=3 : rdisc=0.977, norm=0.0119
REGINN:CGLS::k=4 : rdisc=0.966, norm=0.0200
REGINN:CGLS::k=5 : rdisc=0.961, norm=0.0234
REGINN:CGLS::k=6 : rdisc=0.956, norm=0.0288
REGINN:CGLS::k=7 : rdisc=0.952, norm=0.0325
REGINN:CGLS::k=8 : rdisc=0.947, norm=0.0397
REGINN:CGLS::k=9 : rdisc=0.943, norm=0.0449
REGINN:CGLS::k=10: rdisc=0.941, norm=0.0483
REGINN:CGLS::k=11: rdisc=0.938, norm=0.0527
REGINN:CGLS::k=12: rdisc=0.936, norm=0.0562
REGINN:CGLS::k=13: rdisc=0.932, norm=0.0645
REGINN:CGLS::k=14: rdisc=0.929, norm=0.0700
REGINN:CGLS::k=15: rdisc=0.927, norm=0.0749
REGINN:CGLS::k=16: rdisc=0.925, norm=0.0811
REGINN:CGLS::k=17: rdisc=0.922, norm=0.0882
REGINN:CGLS::k=18: rdisc=0.920, norm=0.0940
REGINN:CGLS::k=19: rdisc=0.916, norm=0.105
REGINN:CGLS::k=20: rdisc=0.913, norm=0.115
REGINN:CGLS::k=21: rdisc=0.909, norm=0.127
REGINN:CGLS::k=22: rdisc=0.905, norm=0.142
REGINN:CGLS::k=23: rdisc=0.886, norm=0.205
REGINN:CGLS::k=24: rdisc=0.865, norm=0.281
REGINN:CGLS::k=25: rdisc=0.850, norm=0.335
REGINN:CGLS::Safeguarding: λ=0.527 ⇒ rdisc=0.854
REGINN:CGLS::Target discrepancy reached after 25 iterations.
REGINN::i=19: rdisc=0.00316, rnorm=0.893, rerr=0.199
REGINN::0.797 ≤ estimate ≤ 1.99
REGINN::
REGINN::Solving linear problem using rtol=0.865 and max_iter=48
REGINN:CGLS::k=0 : rdisc=1.00 , norm=0.00 
REGINN:CGLS::k=1 : rdisc=0.992, norm=0.00399
REGINN:CGLS::k=2 : rdisc=0.987, norm=0.00634
REGINN:CGLS::k=3 : rdisc=0.977, norm=0.0121
REGINN:CGLS::k=4 : rdisc=0.970, norm=0.0175
REGINN:CGLS::k=5 : rdisc=0.967, norm=0.0198
REGINN:CGLS::k=6 : rdisc=0.959, norm=0.0271
REGINN:CGLS::k=7 : rdisc=0.955, norm=0.0309
REGINN:CGLS::k=8 : rdisc=0.952, norm=0.0346
REGINN:CGLS::k=9 : rdisc=0.948, norm=0.0391
REGINN:CGLS::k=10: rdisc=0.946, norm=0.0425
REGINN:CGLS::k=11: rdisc=0.943, norm=0.0464
REGINN:CGLS::k=12: rdisc=0.942, norm=0.0484
REGINN:CGLS::k=13: rdisc=0.940, norm=0.0522
REGINN:CGLS::k=14: rdisc=0.936, norm=0.0585
REGINN:CGLS::k=15: rdisc=0.933, norm=0.0644
REGINN:CGLS::k=16: rdisc=0.931, norm=0.0705
REGINN:CGLS::k=17: rdisc=0.929, norm=0.0752
REGINN:CGLS::k=18: rdisc=0.927, norm=0.0802
REGINN:CGLS::k=19: rdisc=0.923, norm=0.0886
REGINN:CGLS::k=20: rdisc=0.920, norm=0.0969
REGINN:CGLS::k=21: rdisc=0.919, norm=0.0998
REGINN:CGLS::k=22: rdisc=0.917, norm=0.105
REGINN:CGLS::k=23: rdisc=0.914, norm=0.113
REGINN:CGLS::k=24: rdisc=0.911, norm=0.124
REGINN:CGLS::k=25: rdisc=0.903, norm=0.147
REGINN:CGLS::k=26: rdisc=0.889, norm=0.194
REGINN:CGLS::k=27: rdisc=0.875, norm=0.243
REGINN:CGLS::k=28: rdisc=0.857, norm=0.303
REGINN:CGLS::Safeguarding: λ=0.661 ⇒ rdisc=0.865
REGINN:CGLS::Target discrepancy reached after 28 iterations.
REGINN::Saving current residual in ./step-0020/
REGINN::Saving current estimate in ./step-0020/
REGINN::i=20: rdisc=0.00273, rnorm=0.895, rerr=0.197
REGINN::0.806 ≤ estimate ≤ 1.99
REGINN::
REGINN::Solving linear problem using rtol=0.878 and max_iter=53
REGINN:CGLS::k=0 : rdisc=1.00 , norm=0.00 
REGINN:CGLS::k=1 : rdisc=0.997, norm=0.00180
REGINN:CGLS::k=2 : rdisc=0.990, norm=0.00602
REGINN:CGLS::k=3 : rdisc=0.978, norm=0.0147
REGINN:CGLS::k=4 : rdisc=0.972, norm=0.0199
REGINN:CGLS::k=5 : rdisc=0.969, norm=0.0229
REGINN:CGLS::k=6 : rdisc=0.967, norm=0.0252
REGINN:CGLS::k=7 : rdisc=0.963, norm=0.0286
REGINN:CGLS::k=8 : rdisc=0.961, norm=0.0313
REGINN:CGLS::k=9 : rdisc=0.957, norm=0.0359
REGINN:CGLS::k=10: rdisc=0.955, norm=0.0395
REGINN:CGLS::k=11: rdisc=0.952, norm=0.0435
REGINN:CGLS::k=12: rdisc=0.951, norm=0.0447
REGINN:CGLS::k=13: rdisc=0.947, norm=0.0516
REGINN:CGLS::k=14: rdisc=0.945, norm=0.0558
REGINN:CGLS::k=15: rdisc=0.942, norm=0.0608
REGINN:CGLS::k=16: rdisc=0.939, norm=0.0665
REGINN:CGLS::k=17: rdisc=0.938, norm=0.0697
REGINN:CGLS::k=18: rdisc=0.936, norm=0.0734
REGINN:CGLS::k=19: rdisc=0.935, norm=0.0768
REGINN:CGLS::k=20: rdisc=0.931, norm=0.0843
REGINN:CGLS::k=21: rdisc=0.930, norm=0.0867
REGINN:CGLS::k=22: rdisc=0.928, norm=0.0916
REGINN:CGLS::k=23: rdisc=0.925, norm=0.102
REGINN:CGLS::k=24: rdisc=0.923, norm=0.106
REGINN:CGLS::k=25: rdisc=0.919, norm=0.117
REGINN:CGLS::k=26: rdisc=0.914, norm=0.133
REGINN:CGLS::k=27: rdisc=0.909, norm=0.148
REGINN:CGLS::k=28: rdisc=0.894, norm=0.197
REGINN:CGLS::k=29: rdisc=0.883, norm=0.234
REGINN:CGLS::k=30: rdisc=0.869, norm=0.281
REGINN:CGLS::Safeguarding: λ=0.806 ⇒ rdisc=0.878
REGINN:CGLS::Target discrepancy reached after 30 iterations.
REGINN::i=21: rdisc=0.00239, rnorm=0.897, rerr=0.195
REGINN::0.815 ≤ estimate ≤ 1.99
REGINN::
REGINN::Solving linear problem using rtol=0.886 and max_iter=58
REGINN:CGLS::k=0 : rdisc=1.00 , norm=0.00 
REGINN:CGLS::k=1 : rdisc=0.995, norm=0.000815
REGINN:CGLS::k=2 : rdisc=0.987, norm=0.00481
REGINN:CGLS::k=3 : rdisc=0.982, norm=0.00760
REGINN:CGLS::k=4 : rdisc=0.977, norm=0.0112
REGINN:CGLS::k=5 : rdisc=0.974, norm=0.0136
REGINN:CGLS::k=6 : rdisc=0.971, norm=0.0173
REGINN:CGLS::k=7 : rdisc=0.968, norm=0.0198
REGINN:CGLS::k=8 : rdisc=0.966, norm=0.0226
REGINN:CGLS::k=9 : rdisc=0.963, norm=0.0254
REGINN:CGLS::k=10: rdisc=0.961, norm=0.0286
REGINN:CGLS::k=11: rdisc=0.959, norm=0.0315
REGINN:CGLS::k=12: rdisc=0.956, norm=0.0360
REGINN:CGLS::k=13: rdisc=0.954, norm=0.0396
REGINN:CGLS::k=14: rdisc=0.952, norm=0.0431
REGINN:CGLS::k=15: rdisc=0.949, norm=0.0483
REGINN:CGLS::k=16: rdisc=0.947, norm=0.0510
REGINN:CGLS::k=17: rdisc=0.945, norm=0.0550
REGINN:CGLS::k=18: rdisc=0.943, norm=0.0590
REGINN:CGLS::k=19: rdisc=0.942, norm=0.0633
REGINN:CGLS::k=20: rdisc=0.941, norm=0.0655
REGINN:CGLS::k=21: rdisc=0.939, norm=0.0698
REGINN:CGLS::k=22: rdisc=0.936, norm=0.0777
REGINN:CGLS::k=23: rdisc=0.934, norm=0.0812
REGINN:CGLS::k=24: rdisc=0.931, norm=0.0885
REGINN:CGLS::k=25: rdisc=0.929, norm=0.0960
REGINN:CGLS::k=26: rdisc=0.926, norm=0.103
REGINN:CGLS::k=27: rdisc=0.923, norm=0.113
REGINN:CGLS::k=28: rdisc=0.920, norm=0.121
REGINN:CGLS::k=29: rdisc=0.918, norm=0.126
REGINN:CGLS::k=30: rdisc=0.915, norm=0.135
REGINN:CGLS::k=31: rdisc=0.905, norm=0.168
REGINN:CGLS::k=32: rdisc=0.887, norm=0.229
REGINN:CGLS::k=33: rdisc=0.880, norm=0.250
REGINN:CGLS::Safeguarding: λ=0.898 ⇒ rdisc=0.886
REGINN:CGLS::Target discrepancy reached after 33 iterations.
REGINN::i=22: rdisc=0.00211, rnorm=0.898, rerr=0.194
REGINN::0.824 ≤ estimate ≤ 2.00
REGINN::
REGINN::Solving linear problem using rtol=0.945 and max_iter=63
REGINN:CGLS::k=0 : rdisc=1.00 , norm=0.00 
REGINN:CGLS::k=1 : rdisc=0.993, norm=0.00251
REGINN:CGLS::k=2 : rdisc=0.989, norm=0.00444
REGINN:CGLS::k=3 : rdisc=0.987, norm=0.00512
REGINN:CGLS::k=4 : rdisc=0.980, norm=0.00949
REGINN:CGLS::k=5 : rdisc=0.978, norm=0.0107
REGINN:CGLS::k=6 : rdisc=0.974, norm=0.0135
REGINN:CGLS::k=7 : rdisc=0.972, norm=0.0159
REGINN:CGLS::k=8 : rdisc=0.969, norm=0.0185
REGINN:CGLS::k=9 : rdisc=0.965, norm=0.0231
REGINN:CGLS::k=10: rdisc=0.962, norm=0.0273
REGINN:CGLS::k=11: rdisc=0.960, norm=0.0297
REGINN:CGLS::k=12: rdisc=0.959, norm=0.0312
REGINN:CGLS::k=13: rdisc=0.958, norm=0.0327
REGINN:CGLS::k=14: rdisc=0.956, norm=0.0356
REGINN:CGLS::k=15: rdisc=0.954, norm=0.0388
REGINN:CGLS::k=16: rdisc=0.953, norm=0.0411
REGINN:CGLS::k=17: rdisc=0.950, norm=0.0457
REGINN:CGLS::k=18: rdisc=0.948, norm=0.0495
REGINN:CGLS::k=19: rdisc=0.946, norm=0.0547
REGINN:CGLS::k=20: rdisc=0.945, norm=0.0568
REGINN:CGLS::k=21: rdisc=0.944, norm=0.0586
REGINN:CGLS::Safeguarding: λ=0.922 ⇒ rdisc=0.945
REGINN:CGLS::Target discrepancy reached after 21 iterations.
REGINN::i=23: rdisc=0.00200, rnorm=0.899, rerr=0.193
REGINN::0.826 ≤ estimate ≤ 2.00
REGINN::
REGINN::Saving current residual in ./step-0023/
REGINN::Saving current estimate in ./step-0023/
REGINN::Target discrepancy reached after 23 iterations.
REGINN::0.826 ≤ estimate ≤ 2.00
Relative ℝⁿ error of the reconstruction: 0.187
Relative L²([0,T], L²(Ω)) error of the reconstruction: 0.178
Relative H¹([0,T], L²(Ω)) error of the reconstruction: 0.193
Relative H¹([0,T], H¹(Ω)) error of the reconstruction: 0.353
Relative H²([0,T], L²(Ω)) error of the reconstruction: 0.316
Relative ℝⁿ error of (reconstruction - initial guess): 0.560
Relative L²([0,T], L²(Ω)) error of (reconstruction - initial guess): 0.534
Relative H¹([0,T], L²(Ω)) error of (reconstruction - initial guess): 0.580
Relative H¹([0,T], H¹(Ω)) error of (reconstruction - initial guess): 1.06
Relative H²([0,T], L²(Ω)) error of (reconstruction - initial guess): 0.949
stats::forward              : 25 calls, average 894.9ms per call
stats::linearization forward: 275 calls, average 927.1ms per call
stats::linearization adjoint: 275 calls, average 1.2s per call
stats::measure forward      : 300 calls, average 321.2µs per call
stats::measure adjoint      : 275 calls, average 363.6µs per call
stats::total wall time      : 11min 35s
