JobId thies-laptop Wed Dec 13 14:28:37 2017
wavepi faa99fdf
Release-Build, compiled on 2017-12-13T13:22:20Z
from git commit faa99fdf1a92f232d9b0ee78b869cb758ac9ef4f on branch master
initialize_mesh::Number of active cells: 4096
initialize_mesh::Number of degrees of freedom in the first spatial mesh: 4225
initialize_mesh::cell diameters: minimal = 0.177, maximal = 0.177
initialize_mesh::dt: 0.0235
parameters:WaveEquation::theta: 0.5
parameters:WaveEquation::tol: 1e-8
parameters:constraints::lower bound: -1e300
parameters:constraints::upper bound: 1e300
parameters:general::dimension: 2
parameters:general::finite element degree: 1
parameters:general::quadrature order: 3
parameters:inversion::method: REGINN
parameters:inversion::tau: 2
parameters:log::console depth: 2
parameters:log::file: wavepi.log
parameters:log::file depth: 100
parameters:mesh::end time: 6
parameters:mesh::initial refines: 6
parameters:mesh::initial time steps: 256
parameters:output::data: true
parameters:output::destination: ./step-{{i}}/
parameters:output::estimate: true
parameters:output::exact: true
parameters:output::interval: 50
parameters:output::last: true
parameters:output::residual: true
parameters:output::statistics: history
parameters:problem::constants: 
parameters:problem::epsilon: 1e-4
parameters:problem::initial guess: 1.0
parameters:problem::parameter a: 1.0
parameters:problem::parameter c: 1.5
parameters:problem::parameter nu: 0.0
parameters:problem::parameter q: 1.5
parameters:problem::type: L2Q
parameters:watchdog::discrepancy slope min values: 40
parameters:watchdog::discrepancy slope percentage: 0.25
parameters:watchdog::discrepancy slope threshold: 0.0
parameters:watchdog::discrepancy threshold: 10.0
REGINN::i=0: rdisc=0.205, rnorm=0.667, rerr=0.333
REGINN::Saving exact parameter in ./step-0000/
REGINN::Saving data in ./step-0000/
REGINN::Saving current residual in ./step-0000/
REGINN::Saving current estimate in ./step-0000/
REGINN::1.00 <= estimate <= 1.00
REGINN::Solving linear problem using rtol=0.700
REGINN:CGLS::k=0: rdisc=1.00, norm=0.00
REGINN:CGLS::k=1: rdisc=0.519, norm=1.19
REGINN:CGLS::Target discrepancy reached after 1 iteration.
REGINN::i=1: rdisc=0.106, rnorm=0.675, rerr=0.329
REGINN::0.705 <= estimate <= 3.85
REGINN::Solving linear problem using rtol=0.700
REGINN:CGLS::k=0: rdisc=1.00, norm=0.00
REGINN:CGLS::k=1: rdisc=0.710, norm=0.740
REGINN:CGLS::k=2: rdisc=0.647, norm=0.906
REGINN:CGLS::Target discrepancy reached after 2 iterations.
REGINN::i=2: rdisc=0.0689, rnorm=0.684, rerr=0.324
REGINN::0.787 <= estimate <= 4.47
REGINN::Solving linear problem using rtol=0.807
REGINN:CGLS::k=0: rdisc=1.00, norm=0.00
REGINN:CGLS::k=1: rdisc=0.937, norm=0.292
REGINN:CGLS::k=2: rdisc=0.679, norm=1.50
REGINN:CGLS::Target discrepancy reached after 2 iterations.
REGINN::i=3: rdisc=0.0471, rnorm=0.701, rerr=0.313
REGINN::0.0159 <= estimate <= 2.91
REGINN::Solving linear problem using rtol=0.767
REGINN:CGLS::k=0: rdisc=1.00, norm=0.00
REGINN:CGLS::k=1: rdisc=0.823, norm=0.317
REGINN:CGLS::k=2: rdisc=0.766, norm=0.447
REGINN:CGLS::Target discrepancy reached after 2 iterations.
REGINN::i=4: rdisc=0.0361, rnorm=0.706, rerr=0.310
REGINN::0.804 <= estimate <= 3.06
REGINN::Solving linear problem using rtol=0.729
REGINN:CGLS::k=0: rdisc=1.00, norm=0.00
REGINN:CGLS::k=1: rdisc=0.950, norm=0.0974
REGINN:CGLS::k=2: rdisc=0.848, norm=0.416
REGINN:CGLS::k=3: rdisc=0.690, norm=0.908
REGINN:CGLS::Target discrepancy reached after 3 iterations.
REGINN::i=5: rdisc=0.0249, rnorm=0.719, rerr=0.306
REGINN::-0.00117 <= estimate <= 3.48
REGINN::Solving linear problem using rtol=0.778
REGINN:CGLS::k=0: rdisc=1.00, norm=0.00
REGINN:CGLS::k=1: rdisc=0.882, norm=0.110
REGINN:CGLS::k=2: rdisc=0.844, norm=0.155
REGINN:CGLS::k=3: rdisc=0.817, norm=0.208
REGINN:CGLS::k=4: rdisc=0.690, norm=0.593
REGINN:CGLS::Target discrepancy reached after 4 iterations.
REGINN::i=6: rdisc=0.0172, rnorm=0.729, rerr=0.303
REGINN::-0.454 <= estimate <= 3.39
REGINN::Solving linear problem using rtol=0.792
REGINN:CGLS::k=0: rdisc=1.00, norm=0.00
REGINN:CGLS::k=1: rdisc=0.929, norm=0.0950
REGINN:CGLS::k=2: rdisc=0.900, norm=0.136
REGINN:CGLS::k=3: rdisc=0.861, norm=0.217
REGINN:CGLS::k=4: rdisc=0.811, norm=0.356
REGINN:CGLS::k=5: rdisc=0.745, norm=0.553
REGINN:CGLS::Target discrepancy reached after 5 iterations.
REGINN::i=7: rdisc=0.0128, rnorm=0.735, rerr=0.300
REGINN::-0.149 <= estimate <= 3.62
REGINN::Solving linear problem using rtol=0.792
REGINN:CGLS::k=0: rdisc=1.00, norm=0.00
REGINN:CGLS::k=1: rdisc=0.947, norm=0.0493
REGINN:CGLS::k=2: rdisc=0.915, norm=0.0851
REGINN:CGLS::k=3: rdisc=0.886, norm=0.132
REGINN:CGLS::k=4: rdisc=0.854, norm=0.206
REGINN:CGLS::k=5: rdisc=0.781, norm=0.426
REGINN:CGLS::Target discrepancy reached after 5 iterations.
REGINN::i=8: rdisc=0.0101, rnorm=0.740, rerr=0.298
REGINN::-0.0418 <= estimate <= 3.64
REGINN::Solving linear problem using rtol=0.752
REGINN:CGLS::k=0: rdisc=1.00, norm=0.00
REGINN:CGLS::k=1: rdisc=0.946, norm=0.0227
REGINN:CGLS::k=2: rdisc=0.912, norm=0.0677
REGINN:CGLS::k=3: rdisc=0.894, norm=0.104
REGINN:CGLS::k=4: rdisc=0.883, norm=0.131
REGINN:CGLS::k=5: rdisc=0.847, norm=0.234
REGINN:CGLS::k=6: rdisc=0.716, norm=0.629
REGINN:CGLS::Target discrepancy reached after 6 iterations.
REGINN::i=9: rdisc=0.00719, rnorm=0.747, rerr=0.295
REGINN::-0.575 <= estimate <= 3.61
REGINN::Solving linear problem using rtol=0.754
REGINN:CGLS::k=0: rdisc=1.00, norm=0.00
REGINN:CGLS::k=1: rdisc=0.961, norm=0.0210
REGINN:CGLS::k=2: rdisc=0.915, norm=0.0512
REGINN:CGLS::k=3: rdisc=0.898, norm=0.0679
REGINN:CGLS::k=4: rdisc=0.891, norm=0.0769
REGINN:CGLS::k=5: rdisc=0.881, norm=0.0915
REGINN:CGLS::k=6: rdisc=0.861, norm=0.137
REGINN:CGLS::k=7: rdisc=0.765, norm=0.411
REGINN:CGLS::k=8: rdisc=0.737, norm=0.489
REGINN:CGLS::Target discrepancy reached after 8 iterations.
REGINN::i=10: rdisc=0.00531, rnorm=0.751, rerr=0.292
REGINN::-0.760 <= estimate <= 3.44
REGINN::Solving linear problem using rtol=0.775
REGINN:CGLS::k=0: rdisc=1.00, norm=0.00
REGINN:CGLS::k=1: rdisc=0.974, norm=0.00888
REGINN:CGLS::k=2: rdisc=0.932, norm=0.0419
REGINN:CGLS::k=3: rdisc=0.923, norm=0.0497
REGINN:CGLS::k=4: rdisc=0.906, norm=0.0699
REGINN:CGLS::k=5: rdisc=0.894, norm=0.0862
REGINN:CGLS::k=6: rdisc=0.880, norm=0.110
REGINN:CGLS::k=7: rdisc=0.871, norm=0.129
REGINN:CGLS::k=8: rdisc=0.841, norm=0.199
REGINN:CGLS::k=9: rdisc=0.809, norm=0.280
REGINN:CGLS::k=10: rdisc=0.753, norm=0.426
REGINN:CGLS::Target discrepancy reached after 10 iterations.
REGINN::i=11: rdisc=0.00405, rnorm=0.757, rerr=0.291
REGINN::-0.488 <= estimate <= 3.74
REGINN::Solving linear problem using rtol=0.779
REGINN:CGLS::k=0: rdisc=1.00, norm=0.00
REGINN:CGLS::k=1: rdisc=0.987, norm=0.00598
REGINN:CGLS::k=2: rdisc=0.959, norm=0.0266
REGINN:CGLS::k=3: rdisc=0.950, norm=0.0340
REGINN:CGLS::k=4: rdisc=0.939, norm=0.0446
REGINN:CGLS::k=5: rdisc=0.918, norm=0.0701
REGINN:CGLS::k=6: rdisc=0.903, norm=0.0911
REGINN:CGLS::k=7: rdisc=0.886, norm=0.121
REGINN:CGLS::k=8: rdisc=0.880, norm=0.132
REGINN:CGLS::k=9: rdisc=0.869, norm=0.155
REGINN:CGLS::k=10: rdisc=0.857, norm=0.181
REGINN:CGLS::k=11: rdisc=0.850, norm=0.197
REGINN:CGLS::k=12: rdisc=0.803, norm=0.312
REGINN:CGLS::k=13: rdisc=0.774, norm=0.386
REGINN:CGLS::Target discrepancy reached after 13 iterations.
REGINN::i=12: rdisc=0.00316, rnorm=0.760, rerr=0.289
REGINN::-0.882 <= estimate <= 3.52
REGINN::Solving linear problem using rtol=0.788
REGINN:CGLS::k=0: rdisc=1.00, norm=0.00
REGINN:CGLS::k=1: rdisc=0.984, norm=0.00897
REGINN:CGLS::k=2: rdisc=0.977, norm=0.0134
REGINN:CGLS::k=3: rdisc=0.964, norm=0.0242
REGINN:CGLS::k=4: rdisc=0.952, norm=0.0372
REGINN:CGLS::k=5: rdisc=0.934, norm=0.0574
REGINN:CGLS::k=6: rdisc=0.926, norm=0.0667
REGINN:CGLS::k=7: rdisc=0.912, norm=0.0868
REGINN:CGLS::k=8: rdisc=0.896, norm=0.113
REGINN:CGLS::k=9: rdisc=0.888, norm=0.128
REGINN:CGLS::k=10: rdisc=0.884, norm=0.137
REGINN:CGLS::k=11: rdisc=0.877, norm=0.151
REGINN:CGLS::k=12: rdisc=0.872, norm=0.160
REGINN:CGLS::k=13: rdisc=0.858, norm=0.194
REGINN:CGLS::k=14: rdisc=0.840, norm=0.238
REGINN:CGLS::k=15: rdisc=0.763, norm=0.438
REGINN:CGLS::Target discrepancy reached after 15 iterations.
REGINN::i=13: rdisc=0.00246, rnorm=0.764, rerr=0.287
REGINN::-0.817 <= estimate <= 3.48
REGINN::Solving linear problem using rtol=0.776
REGINN:CGLS::k=0: rdisc=1.00, norm=0.00
REGINN:CGLS::k=1: rdisc=0.974, norm=0.00871
REGINN:CGLS::k=2: rdisc=0.945, norm=0.0193
REGINN:CGLS::k=3: rdisc=0.933, norm=0.0242
REGINN:CGLS::k=4: rdisc=0.929, norm=0.0263
REGINN:CGLS::k=5: rdisc=0.919, norm=0.0330
REGINN:CGLS::k=6: rdisc=0.908, norm=0.0424
REGINN:CGLS::k=7: rdisc=0.899, norm=0.0525
REGINN:CGLS::k=8: rdisc=0.897, norm=0.0559
REGINN:CGLS::k=9: rdisc=0.890, norm=0.0653
REGINN:CGLS::k=10: rdisc=0.886, norm=0.0727
REGINN:CGLS::k=11: rdisc=0.880, norm=0.0835
REGINN:CGLS::k=12: rdisc=0.877, norm=0.0895
REGINN:CGLS::k=13: rdisc=0.869, norm=0.105
REGINN:CGLS::k=14: rdisc=0.858, norm=0.130
REGINN:CGLS::k=15: rdisc=0.857, norm=0.134
REGINN:CGLS::k=16: rdisc=0.847, norm=0.158
REGINN:CGLS::k=17: rdisc=0.779, norm=0.341
REGINN:CGLS::k=18: rdisc=0.736, norm=0.453
REGINN:CGLS::Target discrepancy reached after 18 iterations.
REGINN::i=14: rdisc=0.00182, rnorm=0.768, rerr=0.285
REGINN::-0.688 <= estimate <= 3.38
REGINN::Solving linear problem using rtol=0.772
REGINN:CGLS::k=0: rdisc=1.00, norm=0.00
REGINN:CGLS::k=1: rdisc=0.978, norm=0.00472
REGINN:CGLS::k=2: rdisc=0.966, norm=0.00772
REGINN:CGLS::k=3: rdisc=0.948, norm=0.0146
REGINN:CGLS::k=4: rdisc=0.943, norm=0.0170
REGINN:CGLS::k=5: rdisc=0.930, norm=0.0247
REGINN:CGLS::k=6: rdisc=0.920, norm=0.0316
REGINN:CGLS::k=7: rdisc=0.914, norm=0.0376
REGINN:CGLS::k=8: rdisc=0.909, norm=0.0421
REGINN:CGLS::k=9: rdisc=0.908, norm=0.0432
REGINN:CGLS::k=10: rdisc=0.905, norm=0.0472
REGINN:CGLS::k=11: rdisc=0.902, norm=0.0508
REGINN:CGLS::k=12: rdisc=0.898, norm=0.0566
REGINN:CGLS::k=13: rdisc=0.896, norm=0.0609
REGINN:CGLS::k=14: rdisc=0.889, norm=0.0733
REGINN:CGLS::k=15: rdisc=0.883, norm=0.0856
REGINN:CGLS::k=16: rdisc=0.882, norm=0.0879
REGINN:CGLS::k=17: rdisc=0.877, norm=0.0982
REGINN:CGLS::k=18: rdisc=0.868, norm=0.120
REGINN:CGLS::k=19: rdisc=0.863, norm=0.134
REGINN:CGLS::k=20: rdisc=0.842, norm=0.188
REGINN:CGLS::k=21: rdisc=0.824, norm=0.237
REGINN:CGLS::k=22: rdisc=0.783, norm=0.345
REGINN:CGLS::k=23: rdisc=0.776, norm=0.365
REGINN:CGLS::k=24: rdisc=0.735, norm=0.470
REGINN:CGLS::Target discrepancy reached after 24 iterations.
REGINN::i=15: rdisc=0.00136, rnorm=0.772, rerr=0.284
REGINN::-1.23 <= estimate <= 3.51
REGINN::Solving linear problem using rtol=0.788
REGINN:CGLS::k=0: rdisc=1.00, norm=0.00
REGINN:CGLS::k=1: rdisc=0.986, norm=0.00257
REGINN:CGLS::k=2: rdisc=0.977, norm=0.00440
REGINN:CGLS::k=3: rdisc=0.963, norm=0.00956
REGINN:CGLS::k=4: rdisc=0.959, norm=0.0114
REGINN:CGLS::k=5: rdisc=0.950, norm=0.0156
REGINN:CGLS::k=6: rdisc=0.944, norm=0.0198
REGINN:CGLS::k=7: rdisc=0.937, norm=0.0244
REGINN:CGLS::k=8: rdisc=0.929, norm=0.0315
REGINN:CGLS::k=9: rdisc=0.927, norm=0.0333
REGINN:CGLS::k=10: rdisc=0.918, norm=0.0416
REGINN:CGLS::k=11: rdisc=0.912, norm=0.0478
REGINN:CGLS::k=12: rdisc=0.908, norm=0.0529
REGINN:CGLS::k=13: rdisc=0.906, norm=0.0552
REGINN:CGLS::k=14: rdisc=0.905, norm=0.0563
REGINN:CGLS::k=15: rdisc=0.900, norm=0.0638
REGINN:CGLS::k=16: rdisc=0.898, norm=0.0666
REGINN:CGLS::k=17: rdisc=0.895, norm=0.0705
REGINN:CGLS::k=18: rdisc=0.893, norm=0.0738
REGINN:CGLS::k=19: rdisc=0.886, norm=0.0861
REGINN:CGLS::k=20: rdisc=0.883, norm=0.0930
REGINN:CGLS::k=21: rdisc=0.879, norm=0.102
REGINN:CGLS::k=22: rdisc=0.875, norm=0.109
REGINN:CGLS::k=23: rdisc=0.871, norm=0.119
REGINN:CGLS::k=24: rdisc=0.867, norm=0.128
REGINN:CGLS::k=25: rdisc=0.855, norm=0.155
REGINN:CGLS::k=26: rdisc=0.848, norm=0.171
REGINN:CGLS::k=27: rdisc=0.845, norm=0.178
REGINN:CGLS::k=28: rdisc=0.836, norm=0.201
REGINN:CGLS::k=29: rdisc=0.830, norm=0.216
REGINN:CGLS::k=30: rdisc=0.826, norm=0.225
REGINN:CGLS::k=31: rdisc=0.822, norm=0.236
REGINN:CGLS::k=32: rdisc=0.814, norm=0.255
REGINN:CGLS::k=33: rdisc=0.808, norm=0.272
REGINN:CGLS::k=34: rdisc=0.803, norm=0.284
REGINN:CGLS::k=35: rdisc=0.793, norm=0.310
REGINN:CGLS::k=36: rdisc=0.780, norm=0.344
REGINN:CGLS::Target discrepancy reached after 36 iterations.
REGINN::i=16: rdisc=0.00108, rnorm=0.775, rerr=0.282
REGINN::-0.601 <= estimate <= 3.37
REGINN::Solving linear problem using rtol=0.816
REGINN:CGLS::k=0: rdisc=1.00, norm=0.00
REGINN:CGLS::k=1: rdisc=0.995, norm=0.00117
REGINN:CGLS::k=2: rdisc=0.988, norm=0.00350
REGINN:CGLS::k=3: rdisc=0.985, norm=0.00485
REGINN:CGLS::k=4: rdisc=0.980, norm=0.00734
REGINN:CGLS::k=5: rdisc=0.974, norm=0.0107
REGINN:CGLS::k=6: rdisc=0.968, norm=0.0149
REGINN:CGLS::k=7: rdisc=0.957, norm=0.0230
REGINN:CGLS::k=8: rdisc=0.952, norm=0.0277
REGINN:CGLS::k=9: rdisc=0.950, norm=0.0297
REGINN:CGLS::k=10: rdisc=0.947, norm=0.0325
REGINN:CGLS::k=11: rdisc=0.941, norm=0.0381
REGINN:CGLS::k=12: rdisc=0.939, norm=0.0400
REGINN:CGLS::k=13: rdisc=0.937, norm=0.0432
REGINN:CGLS::k=14: rdisc=0.930, norm=0.0506
REGINN:CGLS::k=15: rdisc=0.923, norm=0.0593
REGINN:CGLS::k=16: rdisc=0.920, norm=0.0638
REGINN:CGLS::k=17: rdisc=0.918, norm=0.0671
REGINN:CGLS::k=18: rdisc=0.914, norm=0.0731
REGINN:CGLS::k=19: rdisc=0.913, norm=0.0745
REGINN:CGLS::k=20: rdisc=0.907, norm=0.0838
REGINN:CGLS::k=21: rdisc=0.902, norm=0.0907
REGINN:CGLS::k=22: rdisc=0.900, norm=0.0939
REGINN:CGLS::k=23: rdisc=0.899, norm=0.0964
REGINN:CGLS::k=24: rdisc=0.897, norm=0.0999
REGINN:CGLS::k=25: rdisc=0.896, norm=0.102
REGINN:CGLS::k=26: rdisc=0.894, norm=0.105
REGINN:CGLS::k=27: rdisc=0.891, norm=0.111
REGINN:CGLS::k=28: rdisc=0.888, norm=0.118
REGINN:CGLS::k=29: rdisc=0.885, norm=0.122
REGINN:CGLS::k=30: rdisc=0.882, norm=0.130
REGINN:CGLS::k=31: rdisc=0.880, norm=0.134
REGINN:CGLS::k=32: rdisc=0.875, norm=0.144
REGINN:CGLS::k=33: rdisc=0.870, norm=0.155
REGINN:CGLS::k=34: rdisc=0.869, norm=0.158
REGINN:CGLS::k=35: rdisc=0.862, norm=0.174
REGINN:CGLS::k=36: rdisc=0.855, norm=0.191
REGINN:CGLS::k=37: rdisc=0.843, norm=0.222
REGINN:CGLS::k=38: rdisc=0.828, norm=0.260
REGINN:CGLS::k=39: rdisc=0.814, norm=0.298
REGINN:CGLS::Target discrepancy reached after 39 iterations.
REGINN::i=17: rdisc=0.000894, rnorm=0.777, rerr=0.281
REGINN::-0.739 <= estimate <= 3.50
REGINN::Solving linear problem using rtol=0.788
REGINN:CGLS::k=0: rdisc=1.00, norm=0.00
REGINN:CGLS::k=1: rdisc=0.994, norm=0.000951
REGINN:CGLS::k=2: rdisc=0.987, norm=0.00243
REGINN:CGLS::k=3: rdisc=0.984, norm=0.00338
REGINN:CGLS::k=4: rdisc=0.977, norm=0.00568
REGINN:CGLS::k=5: rdisc=0.968, norm=0.0101
REGINN:CGLS::k=6: rdisc=0.963, norm=0.0125
REGINN:CGLS::k=7: rdisc=0.958, norm=0.0152
REGINN:CGLS::k=8: rdisc=0.955, norm=0.0172
REGINN:CGLS::k=9: rdisc=0.954, norm=0.0181
REGINN:CGLS::k=10: rdisc=0.950, norm=0.0216
REGINN:CGLS::k=11: rdisc=0.946, norm=0.0246
REGINN:CGLS::k=12: rdisc=0.945, norm=0.0262
REGINN:CGLS::k=13: rdisc=0.942, norm=0.0284
REGINN:CGLS::k=14: rdisc=0.938, norm=0.0331
REGINN:CGLS::k=15: rdisc=0.935, norm=0.0361
REGINN:CGLS::k=16: rdisc=0.933, norm=0.0391
REGINN:CGLS::k=17: rdisc=0.929, norm=0.0438
REGINN:CGLS::k=18: rdisc=0.928, norm=0.0452
REGINN:CGLS::k=19: rdisc=0.927, norm=0.0476
REGINN:CGLS::k=20: rdisc=0.924, norm=0.0508
REGINN:CGLS::k=21: rdisc=0.920, norm=0.0572
REGINN:CGLS::k=22: rdisc=0.919, norm=0.0587
REGINN:CGLS::k=23: rdisc=0.917, norm=0.0620
REGINN:CGLS::k=24: rdisc=0.915, norm=0.0653
REGINN:CGLS::k=25: rdisc=0.912, norm=0.0705
REGINN:CGLS::k=26: rdisc=0.911, norm=0.0725
REGINN:CGLS::k=27: rdisc=0.909, norm=0.0775
REGINN:CGLS::k=28: rdisc=0.906, norm=0.0821
REGINN:CGLS::k=29: rdisc=0.905, norm=0.0845
REGINN:CGLS::k=30: rdisc=0.903, norm=0.0892
REGINN:CGLS::k=31: rdisc=0.899, norm=0.0965
REGINN:CGLS::k=32: rdisc=0.896, norm=0.103
REGINN:CGLS::k=33: rdisc=0.893, norm=0.111
REGINN:CGLS::k=34: rdisc=0.891, norm=0.115
REGINN:CGLS::k=35: rdisc=0.890, norm=0.118
REGINN:CGLS::k=36: rdisc=0.885, norm=0.130
REGINN:CGLS::k=37: rdisc=0.883, norm=0.134
REGINN:CGLS::k=38: rdisc=0.879, norm=0.145
REGINN:CGLS::k=39: rdisc=0.871, norm=0.163
REGINN:CGLS::k=40: rdisc=0.865, norm=0.179
REGINN:CGLS::k=41: rdisc=0.861, norm=0.189
REGINN:CGLS::k=42: rdisc=0.858, norm=0.198
REGINN:CGLS::k=43: rdisc=0.843, norm=0.236
REGINN:CGLS::k=44: rdisc=0.839, norm=0.247
REGINN:CGLS::k=45: rdisc=0.823, norm=0.289
REGINN:CGLS::k=46: rdisc=0.800, norm=0.349
REGINN:CGLS::k=47: rdisc=0.796, norm=0.359
REGINN:CGLS::k=48: rdisc=0.792, norm=0.369
REGINN:CGLS::k=49: rdisc=0.783, norm=0.392
REGINN:CGLS::Target discrepancy reached after 49 iterations.
REGINN::i=18: rdisc=0.000724, rnorm=0.780, rerr=0.280
REGINN::-1.18 <= estimate <= 3.63
REGINN::Solving linear problem using rtol=0.790
REGINN:CGLS::k=0: rdisc=1.00, norm=0.00
REGINN:CGLS::k=1: rdisc=0.995, norm=0.000562
REGINN:CGLS::k=2: rdisc=0.988, norm=0.00217
REGINN:CGLS::k=3: rdisc=0.983, norm=0.00359
REGINN:CGLS::k=4: rdisc=0.977, norm=0.00556
REGINN:CGLS::k=5: rdisc=0.972, norm=0.00761
REGINN:CGLS::k=6: rdisc=0.966, norm=0.0101
REGINN:CGLS::k=7: rdisc=0.960, norm=0.0135
REGINN:CGLS::k=8: rdisc=0.957, norm=0.0152
REGINN:CGLS::k=9: rdisc=0.947, norm=0.0210
REGINN:CGLS::k=10: rdisc=0.943, norm=0.0238
REGINN:CGLS::k=11: rdisc=0.938, norm=0.0272
REGINN:CGLS::k=12: rdisc=0.933, norm=0.0308
REGINN:CGLS::k=13: rdisc=0.929, norm=0.0335
REGINN:CGLS::k=14: rdisc=0.926, norm=0.0356
REGINN:CGLS::k=15: rdisc=0.923, norm=0.0383
REGINN:CGLS::k=16: rdisc=0.917, norm=0.0430
REGINN:CGLS::k=17: rdisc=0.916, norm=0.0437
REGINN:CGLS::k=18: rdisc=0.913, norm=0.0463
REGINN:CGLS::k=19: rdisc=0.910, norm=0.0492
REGINN:CGLS::k=20: rdisc=0.910, norm=0.0496
REGINN:CGLS::k=21: rdisc=0.908, norm=0.0511
REGINN:CGLS::k=22: rdisc=0.906, norm=0.0530
REGINN:CGLS::k=23: rdisc=0.904, norm=0.0552
REGINN:CGLS::k=24: rdisc=0.904, norm=0.0558
REGINN:CGLS::k=25: rdisc=0.900, norm=0.0600
REGINN:CGLS::k=26: rdisc=0.899, norm=0.0612
REGINN:CGLS::k=27: rdisc=0.898, norm=0.0626
REGINN:CGLS::k=28: rdisc=0.895, norm=0.0664
REGINN:CGLS::k=29: rdisc=0.893, norm=0.0696
REGINN:CGLS::k=30: rdisc=0.891, norm=0.0721
REGINN:CGLS::k=31: rdisc=0.891, norm=0.0731
REGINN:CGLS::k=32: rdisc=0.888, norm=0.0767
REGINN:CGLS::k=33: rdisc=0.888, norm=0.0773
REGINN:CGLS::k=34: rdisc=0.885, norm=0.0813
REGINN:CGLS::k=35: rdisc=0.884, norm=0.0832
REGINN:CGLS::k=36: rdisc=0.882, norm=0.0869
REGINN:CGLS::k=37: rdisc=0.881, norm=0.0893
REGINN:CGLS::k=38: rdisc=0.880, norm=0.0915
REGINN:CGLS::k=39: rdisc=0.878, norm=0.0950
REGINN:CGLS::k=40: rdisc=0.877, norm=0.0959
REGINN:CGLS::k=41: rdisc=0.875, norm=0.0999
REGINN:CGLS::k=42: rdisc=0.873, norm=0.105
REGINN:CGLS::k=43: rdisc=0.871, norm=0.108
REGINN:CGLS::k=44: rdisc=0.870, norm=0.110
REGINN:CGLS::k=45: rdisc=0.869, norm=0.112
REGINN:CGLS::k=46: rdisc=0.869, norm=0.113
REGINN:CGLS::k=47: rdisc=0.866, norm=0.119
REGINN:CGLS::k=48: rdisc=0.863, norm=0.125
REGINN:CGLS::k=49: rdisc=0.860, norm=0.132
REGINN:CGLS::k=50: rdisc=0.857, norm=0.139
REGINN:CGLS::k=51: rdisc=0.856, norm=0.142
REGINN:CGLS::k=52: rdisc=0.851, norm=0.155
REGINN:CGLS::k=53: rdisc=0.846, norm=0.167
REGINN:CGLS::k=54: rdisc=0.841, norm=0.180
REGINN:CGLS::k=55: rdisc=0.832, norm=0.203
REGINN:CGLS::k=56: rdisc=0.823, norm=0.228
REGINN:CGLS::k=57: rdisc=0.820, norm=0.235
REGINN:CGLS::k=58: rdisc=0.806, norm=0.275
REGINN:CGLS::k=59: rdisc=0.803, norm=0.282
REGINN:CGLS::k=60: rdisc=0.795, norm=0.303
REGINN:CGLS::k=61: rdisc=0.780, norm=0.343
REGINN:CGLS::Target discrepancy reached after 61 iterations.
REGINN::i=19: rdisc=0.000581, rnorm=0.783, rerr=0.279
REGINN::-1.25 <= estimate <= 3.83
REGINN::Solving linear problem using rtol=0.790
REGINN:CGLS::k=0: rdisc=1.00, norm=0.00
REGINN:CGLS::k=1: rdisc=0.994, norm=0.000579
REGINN:CGLS::k=2: rdisc=0.990, norm=0.00109
REGINN:CGLS::k=3: rdisc=0.988, norm=0.00170
REGINN:CGLS::k=4: rdisc=0.979, norm=0.00411
REGINN:CGLS::k=5: rdisc=0.973, norm=0.00629
REGINN:CGLS::k=6: rdisc=0.970, norm=0.00754
REGINN:CGLS::k=7: rdisc=0.962, norm=0.0110
REGINN:CGLS::k=8: rdisc=0.959, norm=0.0128
REGINN:CGLS::k=9: rdisc=0.957, norm=0.0140
REGINN:CGLS::k=10: rdisc=0.952, norm=0.0163
REGINN:CGLS::k=11: rdisc=0.951, norm=0.0174
REGINN:CGLS::k=12: rdisc=0.945, norm=0.0209
REGINN:CGLS::k=13: rdisc=0.942, norm=0.0230
REGINN:CGLS::k=14: rdisc=0.935, norm=0.0280
REGINN:CGLS::k=15: rdisc=0.933, norm=0.0297
REGINN:CGLS::k=16: rdisc=0.930, norm=0.0319
REGINN:CGLS::k=17: rdisc=0.930, norm=0.0322
REGINN:CGLS::k=18: rdisc=0.927, norm=0.0339
REGINN:CGLS::k=19: rdisc=0.925, norm=0.0357
REGINN:CGLS::k=20: rdisc=0.923, norm=0.0381
REGINN:CGLS::k=21: rdisc=0.921, norm=0.0398
REGINN:CGLS::k=22: rdisc=0.919, norm=0.0416
REGINN:CGLS::k=23: rdisc=0.918, norm=0.0422
REGINN:CGLS::k=24: rdisc=0.917, norm=0.0437
REGINN:CGLS::k=25: rdisc=0.917, norm=0.0441
REGINN:CGLS::k=26: rdisc=0.914, norm=0.0469
REGINN:CGLS::k=27: rdisc=0.912, norm=0.0497
REGINN:CGLS::k=28: rdisc=0.911, norm=0.0508
REGINN:CGLS::k=29: rdisc=0.910, norm=0.0520
REGINN:CGLS::k=30: rdisc=0.909, norm=0.0525
REGINN:CGLS::k=31: rdisc=0.909, norm=0.0534
REGINN:CGLS::k=32: rdisc=0.907, norm=0.0552
REGINN:CGLS::k=33: rdisc=0.906, norm=0.0574
REGINN:CGLS::k=34: rdisc=0.904, norm=0.0602
REGINN:CGLS::k=35: rdisc=0.902, norm=0.0631
REGINN:CGLS::k=36: rdisc=0.901, norm=0.0646
REGINN:CGLS::k=37: rdisc=0.900, norm=0.0659
REGINN:CGLS::k=38: rdisc=0.899, norm=0.0682
REGINN:CGLS::k=39: rdisc=0.898, norm=0.0702
REGINN:CGLS::k=40: rdisc=0.897, norm=0.0709
REGINN:CGLS::k=41: rdisc=0.896, norm=0.0731
REGINN:CGLS::k=42: rdisc=0.894, norm=0.0759
REGINN:CGLS::k=43: rdisc=0.894, norm=0.0764
REGINN:CGLS::k=44: rdisc=0.892, norm=0.0796
REGINN:CGLS::k=45: rdisc=0.889, norm=0.0862
REGINN:CGLS::k=46: rdisc=0.887, norm=0.0895
REGINN:CGLS::k=47: rdisc=0.886, norm=0.0915
REGINN:CGLS::k=48: rdisc=0.886, norm=0.0933
REGINN:CGLS::k=49: rdisc=0.885, norm=0.0950
REGINN:CGLS::k=50: rdisc=0.883, norm=0.0986
REGINN:CGLS::k=51: rdisc=0.881, norm=0.104
REGINN:CGLS::k=52: rdisc=0.878, norm=0.111
REGINN:CGLS::k=53: rdisc=0.875, norm=0.117
REGINN:CGLS::k=54: rdisc=0.874, norm=0.119
REGINN:CGLS::k=55: rdisc=0.872, norm=0.124
REGINN:CGLS::k=56: rdisc=0.870, norm=0.129
REGINN:CGLS::k=57: rdisc=0.869, norm=0.132
REGINN:CGLS::k=58: rdisc=0.863, norm=0.147
REGINN:CGLS::k=59: rdisc=0.858, norm=0.159
REGINN:CGLS::k=60: rdisc=0.856, norm=0.164
REGINN:CGLS::k=61: rdisc=0.852, norm=0.174
REGINN:CGLS::k=62: rdisc=0.848, norm=0.184
REGINN:CGLS::k=63: rdisc=0.846, norm=0.190
REGINN:CGLS::k=64: rdisc=0.843, norm=0.198
REGINN:CGLS::k=65: rdisc=0.837, norm=0.213
REGINN:CGLS::k=66: rdisc=0.829, norm=0.235
REGINN:CGLS::k=67: rdisc=0.828, norm=0.238
REGINN:CGLS::k=68: rdisc=0.822, norm=0.255
REGINN:CGLS::k=69: rdisc=0.818, norm=0.266
REGINN:CGLS::k=70: rdisc=0.816, norm=0.271
REGINN:CGLS::k=71: rdisc=0.803, norm=0.305
REGINN:CGLS::k=72: rdisc=0.798, norm=0.319
REGINN:CGLS::k=73: rdisc=0.794, norm=0.328
REGINN:CGLS::k=74: rdisc=0.782, norm=0.360
REGINN:CGLS::Target discrepancy reached after 74 iterations.
REGINN::i=20: rdisc=0.000478, rnorm=0.786, rerr=0.277
REGINN::-1.71 <= estimate <= 3.99
REGINN::Solving linear problem using rtol=0.785
REGINN:CGLS::k=0: rdisc=1.00, norm=0.00
REGINN:CGLS::k=1: rdisc=0.988, norm=0.000544
REGINN:CGLS::k=2: rdisc=0.978, norm=0.00161
REGINN:CGLS::k=3: rdisc=0.971, norm=0.00275
REGINN:CGLS::k=4: rdisc=0.965, norm=0.00373
REGINN:CGLS::k=5: rdisc=0.958, norm=0.00536
REGINN:CGLS::k=6: rdisc=0.954, norm=0.00621
REGINN:CGLS::k=7: rdisc=0.953, norm=0.00664
REGINN:CGLS::k=8: rdisc=0.949, norm=0.00798
REGINN:CGLS::k=9: rdisc=0.944, norm=0.00997
REGINN:CGLS::k=10: rdisc=0.940, norm=0.0118
REGINN:CGLS::k=11: rdisc=0.938, norm=0.0127
REGINN:CGLS::k=12: rdisc=0.935, norm=0.0143
REGINN:CGLS::k=13: rdisc=0.933, norm=0.0156
REGINN:CGLS::k=14: rdisc=0.931, norm=0.0166
REGINN:CGLS::k=15: rdisc=0.927, norm=0.0188
REGINN:CGLS::k=16: rdisc=0.923, norm=0.0214
REGINN:CGLS::k=17: rdisc=0.920, norm=0.0232
REGINN:CGLS::k=18: rdisc=0.919, norm=0.0245
REGINN:CGLS::k=19: rdisc=0.916, norm=0.0261
REGINN:CGLS::k=20: rdisc=0.914, norm=0.0278
REGINN:CGLS::k=21: rdisc=0.914, norm=0.0283
REGINN:CGLS::k=22: rdisc=0.911, norm=0.0307
REGINN:CGLS::k=23: rdisc=0.908, norm=0.0327
REGINN:CGLS::k=24: rdisc=0.905, norm=0.0361
REGINN:CGLS::k=25: rdisc=0.904, norm=0.0368
REGINN:CGLS::k=26: rdisc=0.903, norm=0.0381
REGINN:CGLS::k=27: rdisc=0.901, norm=0.0392
REGINN:CGLS::k=28: rdisc=0.901, norm=0.0400
REGINN:CGLS::k=29: rdisc=0.899, norm=0.0421
REGINN:CGLS::k=30: rdisc=0.897, norm=0.0435
REGINN:CGLS::k=31: rdisc=0.896, norm=0.0447
REGINN:CGLS::k=32: rdisc=0.895, norm=0.0458
REGINN:CGLS::k=33: rdisc=0.895, norm=0.0465
REGINN:CGLS::k=34: rdisc=0.894, norm=0.0474
REGINN:CGLS::k=35: rdisc=0.893, norm=0.0480
REGINN:CGLS::k=36: rdisc=0.892, norm=0.0497
REGINN:CGLS::k=37: rdisc=0.891, norm=0.0510
REGINN:CGLS::k=38: rdisc=0.889, norm=0.0530
REGINN:CGLS::k=39: rdisc=0.888, norm=0.0546
REGINN:CGLS::k=40: rdisc=0.888, norm=0.0552
REGINN:CGLS::k=41: rdisc=0.887, norm=0.0566
REGINN:CGLS::k=42: rdisc=0.885, norm=0.0586
REGINN:CGLS::k=43: rdisc=0.883, norm=0.0623
REGINN:CGLS::k=44: rdisc=0.882, norm=0.0635
REGINN:CGLS::k=45: rdisc=0.881, norm=0.0660
REGINN:CGLS::k=46: rdisc=0.880, norm=0.0668
REGINN:CGLS::k=47: rdisc=0.879, norm=0.0681
REGINN:CGLS::k=48: rdisc=0.879, norm=0.0694
REGINN:CGLS::k=49: rdisc=0.878, norm=0.0699
REGINN:CGLS::k=50: rdisc=0.877, norm=0.0723
REGINN:CGLS::k=51: rdisc=0.876, norm=0.0737
REGINN:CGLS::k=52: rdisc=0.875, norm=0.0752
REGINN:CGLS::k=53: rdisc=0.874, norm=0.0772
REGINN:CGLS::k=54: rdisc=0.874, norm=0.0780
REGINN:CGLS::k=55: rdisc=0.873, norm=0.0797
REGINN:CGLS::k=56: rdisc=0.872, norm=0.0804
REGINN:CGLS::k=57: rdisc=0.871, norm=0.0828
REGINN:CGLS::k=58: rdisc=0.870, norm=0.0846
REGINN:CGLS::k=59: rdisc=0.869, norm=0.0867
REGINN:CGLS::k=60: rdisc=0.869, norm=0.0879
REGINN:CGLS::k=61: rdisc=0.868, norm=0.0894
REGINN:CGLS::k=62: rdisc=0.866, norm=0.0937
REGINN:CGLS::k=63: rdisc=0.866, norm=0.0944
REGINN:CGLS::k=64: rdisc=0.864, norm=0.0988
REGINN:CGLS::k=65: rdisc=0.862, norm=0.102
REGINN:CGLS::k=66: rdisc=0.861, norm=0.104
REGINN:CGLS::k=67: rdisc=0.859, norm=0.109
REGINN:CGLS::k=68: rdisc=0.858, norm=0.112
REGINN:CGLS::k=69: rdisc=0.856, norm=0.117
REGINN:CGLS::k=70: rdisc=0.854, norm=0.120
REGINN:CGLS::k=71: rdisc=0.853, norm=0.124
REGINN:CGLS::k=72: rdisc=0.852, norm=0.126
REGINN:CGLS::k=73: rdisc=0.851, norm=0.130
REGINN:CGLS::k=74: rdisc=0.845, norm=0.144
REGINN:CGLS::k=75: rdisc=0.842, norm=0.151
REGINN:CGLS::k=76: rdisc=0.837, norm=0.166
REGINN:CGLS::k=77: rdisc=0.835, norm=0.171
REGINN:CGLS::k=78: rdisc=0.831, norm=0.181
REGINN:CGLS::k=79: rdisc=0.830, norm=0.185
REGINN:CGLS::k=80: rdisc=0.826, norm=0.196
REGINN:CGLS::k=81: rdisc=0.818, norm=0.217
REGINN:CGLS::k=82: rdisc=0.806, norm=0.251
REGINN:CGLS::k=83: rdisc=0.805, norm=0.255
REGINN:CGLS::k=84: rdisc=0.798, norm=0.273
REGINN:CGLS::k=85: rdisc=0.796, norm=0.279
REGINN:CGLS::k=86: rdisc=0.788, norm=0.301
REGINN:CGLS::k=87: rdisc=0.783, norm=0.313
REGINN:CGLS::Target discrepancy reached after 87 iterations.
REGINN::i=21: rdisc=0.000389, rnorm=0.788, rerr=0.276
REGINN::-1.92 <= estimate <= 4.09
REGINN::Solving linear problem using rtol=0.777
REGINN:CGLS::k=0: rdisc=1.00, norm=0.00
REGINN:CGLS::k=1: rdisc=0.991, norm=0.000483
REGINN:CGLS::k=2: rdisc=0.985, norm=0.000922
REGINN:CGLS::k=3: rdisc=0.981, norm=0.00148
REGINN:CGLS::k=4: rdisc=0.975, norm=0.00229
REGINN:CGLS::k=5: rdisc=0.971, norm=0.00318
REGINN:CGLS::k=6: rdisc=0.966, norm=0.00443
REGINN:CGLS::k=7: rdisc=0.961, norm=0.00588
REGINN:CGLS::k=8: rdisc=0.958, norm=0.00695
REGINN:CGLS::k=9: rdisc=0.956, norm=0.00744
REGINN:CGLS::k=10: rdisc=0.953, norm=0.00863
REGINN:CGLS::k=11: rdisc=0.951, norm=0.00968
REGINN:CGLS::k=12: rdisc=0.950, norm=0.0101
REGINN:CGLS::k=13: rdisc=0.947, norm=0.0112
REGINN:CGLS::k=14: rdisc=0.944, norm=0.0131
REGINN:CGLS::k=15: rdisc=0.943, norm=0.0133
REGINN:CGLS::k=16: rdisc=0.940, norm=0.0151
REGINN:CGLS::k=17: rdisc=0.939, norm=0.0159
REGINN:CGLS::k=18: rdisc=0.937, norm=0.0170
REGINN:CGLS::k=19: rdisc=0.936, norm=0.0179
REGINN:CGLS::k=20: rdisc=0.935, norm=0.0183
REGINN:CGLS::k=21: rdisc=0.934, norm=0.0190
REGINN:CGLS::k=22: rdisc=0.933, norm=0.0200
REGINN:CGLS::k=23: rdisc=0.931, norm=0.0214
REGINN:CGLS::k=24: rdisc=0.930, norm=0.0223
REGINN:CGLS::k=25: rdisc=0.928, norm=0.0241
REGINN:CGLS::k=26: rdisc=0.927, norm=0.0243
REGINN:CGLS::k=27: rdisc=0.926, norm=0.0255
REGINN:CGLS::k=28: rdisc=0.923, norm=0.0282
REGINN:CGLS::k=29: rdisc=0.922, norm=0.0292
REGINN:CGLS::k=30: rdisc=0.922, norm=0.0298
REGINN:CGLS::k=31: rdisc=0.921, norm=0.0313
REGINN:CGLS::k=32: rdisc=0.920, norm=0.0321
REGINN:CGLS::k=33: rdisc=0.919, norm=0.0326
REGINN:CGLS::k=34: rdisc=0.917, norm=0.0350
REGINN:CGLS::k=35: rdisc=0.916, norm=0.0367
REGINN:CGLS::k=36: rdisc=0.914, norm=0.0385
REGINN:CGLS::k=37: rdisc=0.914, norm=0.0388
REGINN:CGLS::k=38: rdisc=0.913, norm=0.0397
REGINN:CGLS::k=39: rdisc=0.913, norm=0.0401
REGINN:CGLS::k=40: rdisc=0.912, norm=0.0421
REGINN:CGLS::k=41: rdisc=0.911, norm=0.0430
REGINN:CGLS::k=42: rdisc=0.910, norm=0.0447
REGINN:CGLS::k=43: rdisc=0.909, norm=0.0452
REGINN:CGLS::k=44: rdisc=0.909, norm=0.0462
REGINN:CGLS::k=45: rdisc=0.908, norm=0.0470
REGINN:CGLS::k=46: rdisc=0.907, norm=0.0482
REGINN:CGLS::k=47: rdisc=0.907, norm=0.0491
REGINN:CGLS::k=48: rdisc=0.905, norm=0.0511
REGINN:CGLS::k=49: rdisc=0.905, norm=0.0520
REGINN:CGLS::k=50: rdisc=0.904, norm=0.0528
REGINN:CGLS::k=51: rdisc=0.903, norm=0.0543
REGINN:CGLS::k=52: rdisc=0.901, norm=0.0576
REGINN:CGLS::k=53: rdisc=0.901, norm=0.0591
REGINN:CGLS::k=54: rdisc=0.900, norm=0.0598
REGINN:CGLS::k=55: rdisc=0.900, norm=0.0604
REGINN:CGLS::k=56: rdisc=0.899, norm=0.0613
REGINN:CGLS::k=57: rdisc=0.898, norm=0.0633
REGINN:CGLS::k=58: rdisc=0.897, norm=0.0652
REGINN:CGLS::k=59: rdisc=0.896, norm=0.0673
REGINN:CGLS::k=60: rdisc=0.896, norm=0.0681
REGINN:CGLS::k=61: rdisc=0.895, norm=0.0692
REGINN:CGLS::k=62: rdisc=0.894, norm=0.0713
REGINN:CGLS::k=63: rdisc=0.893, norm=0.0732
REGINN:CGLS::k=64: rdisc=0.892, norm=0.0754
REGINN:CGLS::k=65: rdisc=0.891, norm=0.0786
REGINN:CGLS::k=66: rdisc=0.889, norm=0.0815
REGINN:CGLS::k=67: rdisc=0.889, norm=0.0823
REGINN:CGLS::k=68: rdisc=0.888, norm=0.0841
REGINN:CGLS::k=69: rdisc=0.887, norm=0.0869
REGINN:CGLS::k=70: rdisc=0.886, norm=0.0879
REGINN:CGLS::k=71: rdisc=0.885, norm=0.0900
REGINN:CGLS::k=72: rdisc=0.884, norm=0.0924
REGINN:CGLS::k=73: rdisc=0.884, norm=0.0928
REGINN:CGLS::k=74: rdisc=0.883, norm=0.0953
REGINN:CGLS::k=75: rdisc=0.881, norm=0.100
REGINN:CGLS::k=76: rdisc=0.880, norm=0.103
REGINN:CGLS::k=77: rdisc=0.879, norm=0.104
REGINN:CGLS::k=78: rdisc=0.878, norm=0.106
REGINN:CGLS::k=79: rdisc=0.878, norm=0.107
REGINN:CGLS::k=80: rdisc=0.877, norm=0.110
REGINN:CGLS::k=81: rdisc=0.874, norm=0.116
REGINN:CGLS::k=82: rdisc=0.873, norm=0.119
REGINN:CGLS::k=83: rdisc=0.872, norm=0.122
REGINN:CGLS::k=84: rdisc=0.871, norm=0.123
REGINN:CGLS::k=85: rdisc=0.870, norm=0.126
REGINN:CGLS::k=86: rdisc=0.869, norm=0.129
REGINN:CGLS::k=87: rdisc=0.865, norm=0.139
REGINN:CGLS::k=88: rdisc=0.864, norm=0.142
REGINN:CGLS::k=89: rdisc=0.860, norm=0.151
REGINN:CGLS::k=90: rdisc=0.859, norm=0.154
REGINN:CGLS::k=91: rdisc=0.857, norm=0.161
REGINN:CGLS::k=92: rdisc=0.856, norm=0.163
REGINN:CGLS::k=93: rdisc=0.854, norm=0.169
REGINN:CGLS::k=94: rdisc=0.852, norm=0.174
REGINN:CGLS::k=95: rdisc=0.849, norm=0.180
REGINN:CGLS::k=96: rdisc=0.848, norm=0.184
REGINN:CGLS::k=97: rdisc=0.846, norm=0.189
REGINN:CGLS::k=98: rdisc=0.844, norm=0.195
REGINN:CGLS::k=99: rdisc=0.841, norm=0.202
REGINN:CGLS::k=100: rdisc=0.841, norm=0.204
REGINN:CGLS::k=101: rdisc=0.834, norm=0.221
REGINN:CGLS::k=102: rdisc=0.834, norm=0.223
REGINN:CGLS::k=103: rdisc=0.830, norm=0.233
REGINN:CGLS::k=104: rdisc=0.826, norm=0.245
REGINN:CGLS::k=105: rdisc=0.823, norm=0.254
REGINN:CGLS::k=106: rdisc=0.822, norm=0.256
REGINN:CGLS::k=107: rdisc=0.820, norm=0.261
REGINN:CGLS::k=108: rdisc=0.819, norm=0.265
REGINN:CGLS::k=109: rdisc=0.816, norm=0.272
REGINN:CGLS::k=110: rdisc=0.811, norm=0.286
REGINN:CGLS::k=111: rdisc=0.808, norm=0.293
REGINN:CGLS::k=112: rdisc=0.804, norm=0.304
REGINN:CGLS::k=113: rdisc=0.803, norm=0.307
REGINN:CGLS::k=114: rdisc=0.798, norm=0.322
REGINN:CGLS::k=115: rdisc=0.794, norm=0.333
REGINN:CGLS::k=116: rdisc=0.792, norm=0.338
REGINN:CGLS::k=117: rdisc=0.785, norm=0.356
REGINN:CGLS::k=118: rdisc=0.782, norm=0.366
REGINN:CGLS::k=119: rdisc=0.780, norm=0.371
REGINN:CGLS::k=120: rdisc=0.772, norm=0.393
REGINN:CGLS::Target discrepancy reached after 120 iterations.
REGINN::i=22: rdisc=0.000320, rnorm=0.791, rerr=0.275
REGINN::-1.38 <= estimate <= 4.12
REGINN::Solving linear problem using rtol=0.796
REGINN:CGLS::k=0: rdisc=1.00, norm=0.00
REGINN:CGLS::k=1: rdisc=0.986, norm=0.000467
REGINN:CGLS::k=2: rdisc=0.979, norm=0.000783
REGINN:CGLS::k=3: rdisc=0.975, norm=0.00116
REGINN:CGLS::k=4: rdisc=0.964, norm=0.00248
REGINN:CGLS::k=5: rdisc=0.959, norm=0.00332
REGINN:CGLS::k=6: rdisc=0.955, norm=0.00407
REGINN:CGLS::k=7: rdisc=0.951, norm=0.00485
REGINN:CGLS::k=8: rdisc=0.950, norm=0.00518
REGINN:CGLS::k=9: rdisc=0.944, norm=0.00696
REGINN:CGLS::k=10: rdisc=0.943, norm=0.00749
REGINN:CGLS::k=11: rdisc=0.940, norm=0.00841
REGINN:CGLS::k=12: rdisc=0.939, norm=0.00874
REGINN:CGLS::k=13: rdisc=0.938, norm=0.00946
REGINN:CGLS::k=14: rdisc=0.936, norm=0.0102
REGINN:CGLS::k=15: rdisc=0.935, norm=0.0106
REGINN:CGLS::k=16: rdisc=0.933, norm=0.0115
REGINN:CGLS::k=17: rdisc=0.932, norm=0.0121
REGINN:CGLS::k=18: rdisc=0.929, norm=0.0136
REGINN:CGLS::k=19: rdisc=0.928, norm=0.0145
REGINN:CGLS::k=20: rdisc=0.927, norm=0.0147
REGINN:CGLS::k=21: rdisc=0.925, norm=0.0163
REGINN:CGLS::k=22: rdisc=0.924, norm=0.0168
REGINN:CGLS::k=23: rdisc=0.922, norm=0.0182
REGINN:CGLS::k=24: rdisc=0.918, norm=0.0210
REGINN:CGLS::k=25: rdisc=0.918, norm=0.0216
REGINN:CGLS::k=26: rdisc=0.917, norm=0.0221
REGINN:CGLS::k=27: rdisc=0.915, norm=0.0241
REGINN:CGLS::k=28: rdisc=0.913, norm=0.0256
REGINN:CGLS::k=29: rdisc=0.913, norm=0.0260
REGINN:CGLS::k=30: rdisc=0.911, norm=0.0270
REGINN:CGLS::k=31: rdisc=0.910, norm=0.0282
REGINN:CGLS::k=32: rdisc=0.910, norm=0.0285
REGINN:CGLS::k=33: rdisc=0.908, norm=0.0302
REGINN:CGLS::k=34: rdisc=0.906, norm=0.0322
REGINN:CGLS::k=35: rdisc=0.905, norm=0.0336
REGINN:CGLS::k=36: rdisc=0.904, norm=0.0344
REGINN:CGLS::k=37: rdisc=0.903, norm=0.0355
REGINN:CGLS::k=38: rdisc=0.902, norm=0.0364
REGINN:CGLS::k=39: rdisc=0.901, norm=0.0370
REGINN:CGLS::k=40: rdisc=0.900, norm=0.0385
REGINN:CGLS::k=41: rdisc=0.899, norm=0.0395
REGINN:CGLS::k=42: rdisc=0.897, norm=0.0418
REGINN:CGLS::k=43: rdisc=0.897, norm=0.0423
REGINN:CGLS::k=44: rdisc=0.895, norm=0.0438
REGINN:CGLS::k=45: rdisc=0.895, norm=0.0441
REGINN:CGLS::k=46: rdisc=0.893, norm=0.0461
REGINN:CGLS::k=47: rdisc=0.893, norm=0.0470
REGINN:CGLS::k=48: rdisc=0.892, norm=0.0480
REGINN:CGLS::k=49: rdisc=0.891, norm=0.0490
REGINN:CGLS::k=50: rdisc=0.890, norm=0.0497
REGINN:CGLS::k=51: rdisc=0.890, norm=0.0503
REGINN:CGLS::k=52: rdisc=0.889, norm=0.0516
REGINN:CGLS::k=53: rdisc=0.888, norm=0.0523
REGINN:CGLS::k=54: rdisc=0.888, norm=0.0530
REGINN:CGLS::k=55: rdisc=0.887, norm=0.0542
REGINN:CGLS::k=56: rdisc=0.887, norm=0.0545
REGINN:CGLS::k=57: rdisc=0.886, norm=0.0558
REGINN:CGLS::k=58: rdisc=0.886, norm=0.0563
REGINN:CGLS::k=59: rdisc=0.885, norm=0.0568
REGINN:CGLS::k=60: rdisc=0.884, norm=0.0584
REGINN:CGLS::k=61: rdisc=0.884, norm=0.0592
REGINN:CGLS::k=62: rdisc=0.883, norm=0.0597
REGINN:CGLS::k=63: rdisc=0.882, norm=0.0616
REGINN:CGLS::k=64: rdisc=0.882, norm=0.0620
REGINN:CGLS::k=65: rdisc=0.881, norm=0.0631
REGINN:CGLS::k=66: rdisc=0.880, norm=0.0645
REGINN:CGLS::k=67: rdisc=0.879, norm=0.0660
REGINN:CGLS::k=68: rdisc=0.879, norm=0.0666
REGINN:CGLS::k=69: rdisc=0.879, norm=0.0670
REGINN:CGLS::k=70: rdisc=0.878, norm=0.0681
REGINN:CGLS::k=71: rdisc=0.877, norm=0.0688
REGINN:CGLS::k=72: rdisc=0.877, norm=0.0703
REGINN:CGLS::k=73: rdisc=0.876, norm=0.0719
REGINN:CGLS::k=74: rdisc=0.875, norm=0.0738
REGINN:CGLS::k=75: rdisc=0.874, norm=0.0747
REGINN:CGLS::k=76: rdisc=0.873, norm=0.0763
REGINN:CGLS::k=77: rdisc=0.873, norm=0.0770
REGINN:CGLS::k=78: rdisc=0.872, norm=0.0777
REGINN:CGLS::k=79: rdisc=0.872, norm=0.0787
REGINN:CGLS::k=80: rdisc=0.871, norm=0.0799
REGINN:CGLS::k=81: rdisc=0.871, norm=0.0804
REGINN:CGLS::k=82: rdisc=0.871, norm=0.0813
REGINN:CGLS::k=83: rdisc=0.869, norm=0.0835
REGINN:CGLS::k=84: rdisc=0.869, norm=0.0839
REGINN:CGLS::k=85: rdisc=0.869, norm=0.0848
REGINN:CGLS::k=86: rdisc=0.868, norm=0.0864
REGINN:CGLS::k=87: rdisc=0.867, norm=0.0874
REGINN:CGLS::k=88: rdisc=0.867, norm=0.0877
REGINN:CGLS::k=89: rdisc=0.866, norm=0.0897
REGINN:CGLS::k=90: rdisc=0.865, norm=0.0916
REGINN:CGLS::k=91: rdisc=0.865, norm=0.0920
REGINN:CGLS::k=92: rdisc=0.865, norm=0.0932
REGINN:CGLS::k=93: rdisc=0.864, norm=0.0944
REGINN:CGLS::k=94: rdisc=0.863, norm=0.0968
REGINN:CGLS::k=95: rdisc=0.862, norm=0.0979
REGINN:CGLS::k=96: rdisc=0.862, norm=0.0997
REGINN:CGLS::k=97: rdisc=0.861, norm=0.100
REGINN:CGLS::k=98: rdisc=0.860, norm=0.103
REGINN:CGLS::k=99: rdisc=0.860, norm=0.104
REGINN:CGLS::k=100: rdisc=0.860, norm=0.104
REGINN:CGLS::k=101: rdisc=0.859, norm=0.105
REGINN:CGLS::k=102: rdisc=0.858, norm=0.107
REGINN:CGLS::k=103: rdisc=0.858, norm=0.108
REGINN:CGLS::k=104: rdisc=0.858, norm=0.109
REGINN:CGLS::k=105: rdisc=0.857, norm=0.110
REGINN:CGLS::k=106: rdisc=0.857, norm=0.111
REGINN:CGLS::k=107: rdisc=0.856, norm=0.113
REGINN:CGLS::k=108: rdisc=0.855, norm=0.115
REGINN:CGLS::k=109: rdisc=0.854, norm=0.117
REGINN:CGLS::k=110: rdisc=0.854, norm=0.119
REGINN:CGLS::k=111: rdisc=0.853, norm=0.120
REGINN:CGLS::k=112: rdisc=0.851, norm=0.124
REGINN:CGLS::k=113: rdisc=0.851, norm=0.125
REGINN:CGLS::k=114: rdisc=0.849, norm=0.129
REGINN:CGLS::k=115: rdisc=0.848, norm=0.134
REGINN:CGLS::k=116: rdisc=0.847, norm=0.136
REGINN:CGLS::k=117: rdisc=0.846, norm=0.137
REGINN:CGLS::k=118: rdisc=0.845, norm=0.140
REGINN:CGLS::k=119: rdisc=0.845, norm=0.140
REGINN:CGLS::k=120: rdisc=0.843, norm=0.147
REGINN:CGLS::k=121: rdisc=0.840, norm=0.153
REGINN:CGLS::k=122: rdisc=0.838, norm=0.159
REGINN:CGLS::k=123: rdisc=0.837, norm=0.163
REGINN:CGLS::k=124: rdisc=0.836, norm=0.166
REGINN:CGLS::k=125: rdisc=0.836, norm=0.167
REGINN:CGLS::k=126: rdisc=0.834, norm=0.172
REGINN:CGLS::k=127: rdisc=0.832, norm=0.177
REGINN:CGLS::k=128: rdisc=0.830, norm=0.182
REGINN:CGLS::k=129: rdisc=0.830, norm=0.184
REGINN:CGLS::k=130: rdisc=0.827, norm=0.190
REGINN:CGLS::k=131: rdisc=0.826, norm=0.195
REGINN:CGLS::k=132: rdisc=0.825, norm=0.198
REGINN:CGLS::k=133: rdisc=0.823, norm=0.204
REGINN:CGLS::k=134: rdisc=0.820, norm=0.211
REGINN:CGLS::k=135: rdisc=0.817, norm=0.222
REGINN:CGLS::k=136: rdisc=0.815, norm=0.226
REGINN:CGLS::k=137: rdisc=0.813, norm=0.234
REGINN:CGLS::k=138: rdisc=0.811, norm=0.238
REGINN:CGLS::k=139: rdisc=0.809, norm=0.246
REGINN:CGLS::k=140: rdisc=0.805, norm=0.256
REGINN:CGLS::k=141: rdisc=0.804, norm=0.260
REGINN:CGLS::k=142: rdisc=0.801, norm=0.268
REGINN:CGLS::k=143: rdisc=0.799, norm=0.275
REGINN:CGLS::k=144: rdisc=0.792, norm=0.296
REGINN:CGLS::Target discrepancy reached after 144 iterations.
REGINN::i=23: rdisc=0.000266, rnorm=0.793, rerr=0.274
REGINN::-1.46 <= estimate <= 4.03
REGINN::Solving linear problem using rtol=0.789
REGINN:CGLS::k=0: rdisc=1.00, norm=0.00
REGINN:CGLS::k=1: rdisc=0.989, norm=0.000284
REGINN:CGLS::k=2: rdisc=0.985, norm=0.000538
REGINN:CGLS::k=3: rdisc=0.977, norm=0.00154
REGINN:CGLS::k=4: rdisc=0.974, norm=0.00188
REGINN:CGLS::k=5: rdisc=0.971, norm=0.00243
REGINN:CGLS::k=6: rdisc=0.967, norm=0.00322
REGINN:CGLS::k=7: rdisc=0.964, norm=0.00364
REGINN:CGLS::k=8: rdisc=0.963, norm=0.00393
REGINN:CGLS::k=9: rdisc=0.961, norm=0.00454
REGINN:CGLS::k=10: rdisc=0.958, norm=0.00540
REGINN:CGLS::k=11: rdisc=0.957, norm=0.00572
REGINN:CGLS::k=12: rdisc=0.956, norm=0.00588
REGINN:CGLS::k=13: rdisc=0.955, norm=0.00622
REGINN:CGLS::k=14: rdisc=0.955, norm=0.00631
REGINN:CGLS::k=15: rdisc=0.953, norm=0.00721
REGINN:CGLS::k=16: rdisc=0.950, norm=0.00822
REGINN:CGLS::k=17: rdisc=0.949, norm=0.00918
REGINN:CGLS::k=18: rdisc=0.948, norm=0.00963
REGINN:CGLS::k=19: rdisc=0.947, norm=0.0100
REGINN:CGLS::k=20: rdisc=0.946, norm=0.0107
REGINN:CGLS::k=21: rdisc=0.946, norm=0.0110
REGINN:CGLS::k=22: rdisc=0.944, norm=0.0121
REGINN:CGLS::k=23: rdisc=0.943, norm=0.0130
REGINN:CGLS::k=24: rdisc=0.941, norm=0.0143
REGINN:CGLS::k=25: rdisc=0.940, norm=0.0151
REGINN:CGLS::k=26: rdisc=0.939, norm=0.0160
REGINN:CGLS::k=27: rdisc=0.938, norm=0.0168
REGINN:CGLS::k=28: rdisc=0.937, norm=0.0173
REGINN:CGLS::k=29: rdisc=0.936, norm=0.0180
REGINN:CGLS::k=30: rdisc=0.936, norm=0.0183
REGINN:CGLS::k=31: rdisc=0.935, norm=0.0189
REGINN:CGLS::k=32: rdisc=0.934, norm=0.0199
REGINN:CGLS::k=33: rdisc=0.933, norm=0.0207
REGINN:CGLS::k=34: rdisc=0.932, norm=0.0215
REGINN:CGLS::k=35: rdisc=0.932, norm=0.0218
REGINN:CGLS::k=36: rdisc=0.931, norm=0.0225
REGINN:CGLS::k=37: rdisc=0.931, norm=0.0228
REGINN:CGLS::k=38: rdisc=0.930, norm=0.0239
REGINN:CGLS::k=39: rdisc=0.928, norm=0.0254
REGINN:CGLS::k=40: rdisc=0.928, norm=0.0262
REGINN:CGLS::k=41: rdisc=0.927, norm=0.0266
REGINN:CGLS::k=42: rdisc=0.927, norm=0.0272
REGINN:CGLS::k=43: rdisc=0.926, norm=0.0277
REGINN:CGLS::k=44: rdisc=0.925, norm=0.0287
REGINN:CGLS::k=45: rdisc=0.925, norm=0.0296
REGINN:CGLS::k=46: rdisc=0.924, norm=0.0302
REGINN:CGLS::k=47: rdisc=0.924, norm=0.0308
REGINN:CGLS::k=48: rdisc=0.923, norm=0.0316
REGINN:CGLS::k=49: rdisc=0.922, norm=0.0327
REGINN:CGLS::k=50: rdisc=0.922, norm=0.0330
REGINN:CGLS::k=51: rdisc=0.921, norm=0.0346
REGINN:CGLS::k=52: rdisc=0.920, norm=0.0361
REGINN:CGLS::k=53: rdisc=0.919, norm=0.0363
REGINN:CGLS::k=54: rdisc=0.919, norm=0.0370
REGINN:CGLS::k=55: rdisc=0.918, norm=0.0378
REGINN:CGLS::k=56: rdisc=0.918, norm=0.0388
REGINN:CGLS::k=57: rdisc=0.917, norm=0.0391
REGINN:CGLS::k=58: rdisc=0.917, norm=0.0396
REGINN:CGLS::k=59: rdisc=0.917, norm=0.0401
REGINN:CGLS::k=60: rdisc=0.916, norm=0.0409
REGINN:CGLS::k=61: rdisc=0.916, norm=0.0413
REGINN:CGLS::k=62: rdisc=0.915, norm=0.0428
REGINN:CGLS::k=63: rdisc=0.915, norm=0.0432
REGINN:CGLS::k=64: rdisc=0.914, norm=0.0434
REGINN:CGLS::k=65: rdisc=0.914, norm=0.0448
REGINN:CGLS::k=66: rdisc=0.913, norm=0.0450
REGINN:CGLS::k=67: rdisc=0.912, norm=0.0465
REGINN:CGLS::k=68: rdisc=0.912, norm=0.0474
REGINN:CGLS::k=69: rdisc=0.912, norm=0.0478
REGINN:CGLS::k=70: rdisc=0.911, norm=0.0488
REGINN:CGLS::k=71: rdisc=0.911, norm=0.0493
REGINN:CGLS::k=72: rdisc=0.910, norm=0.0502
REGINN:CGLS::k=73: rdisc=0.910, norm=0.0508
REGINN:CGLS::k=74: rdisc=0.909, norm=0.0520
REGINN:CGLS::k=75: rdisc=0.909, norm=0.0525
REGINN:CGLS::k=76: rdisc=0.908, norm=0.0538
REGINN:CGLS::k=77: rdisc=0.908, norm=0.0548
REGINN:CGLS::k=78: rdisc=0.907, norm=0.0561
REGINN:CGLS::k=79: rdisc=0.907, norm=0.0564
REGINN:CGLS::k=80: rdisc=0.906, norm=0.0574
REGINN:CGLS::k=81: rdisc=0.906, norm=0.0584
REGINN:CGLS::k=82: rdisc=0.905, norm=0.0588
REGINN:CGLS::k=83: rdisc=0.905, norm=0.0599
REGINN:CGLS::k=84: rdisc=0.904, norm=0.0617
REGINN:CGLS::k=85: rdisc=0.903, norm=0.0630
REGINN:CGLS::k=86: rdisc=0.903, norm=0.0633
REGINN:CGLS::k=87: rdisc=0.903, norm=0.0642
REGINN:CGLS::k=88: rdisc=0.903, norm=0.0647
REGINN:CGLS::k=89: rdisc=0.902, norm=0.0659
REGINN:CGLS::k=90: rdisc=0.901, norm=0.0672
REGINN:CGLS::k=91: rdisc=0.900, norm=0.0692
REGINN:CGLS::k=92: rdisc=0.900, norm=0.0694
REGINN:CGLS::k=93: rdisc=0.899, norm=0.0718
REGINN:CGLS::k=94: rdisc=0.899, norm=0.0722
REGINN:CGLS::k=95: rdisc=0.899, norm=0.0732
REGINN:CGLS::k=96: rdisc=0.898, norm=0.0741
REGINN:CGLS::k=97: rdisc=0.897, norm=0.0756
REGINN:CGLS::k=98: rdisc=0.897, norm=0.0758
REGINN:CGLS::k=99: rdisc=0.897, norm=0.0771
REGINN:CGLS::k=100: rdisc=0.896, norm=0.0783
REGINN:CGLS::k=101: rdisc=0.896, norm=0.0788
REGINN:CGLS::k=102: rdisc=0.896, norm=0.0797
REGINN:CGLS::k=103: rdisc=0.895, norm=0.0808
REGINN:CGLS::k=104: rdisc=0.894, norm=0.0828
REGINN:CGLS::k=105: rdisc=0.894, norm=0.0831
REGINN:CGLS::k=106: rdisc=0.894, norm=0.0843
REGINN:CGLS::k=107: rdisc=0.893, norm=0.0861
REGINN:CGLS::k=108: rdisc=0.892, norm=0.0870
REGINN:CGLS::k=109: rdisc=0.892, norm=0.0879
REGINN:CGLS::k=110: rdisc=0.891, norm=0.0898
REGINN:CGLS::k=111: rdisc=0.891, norm=0.0904
REGINN:CGLS::k=112: rdisc=0.890, norm=0.0918
REGINN:CGLS::k=113: rdisc=0.889, norm=0.0950
REGINN:CGLS::k=114: rdisc=0.888, norm=0.0978
REGINN:CGLS::k=115: rdisc=0.888, norm=0.0988
REGINN:CGLS::k=116: rdisc=0.887, norm=0.101
REGINN:CGLS::k=117: rdisc=0.887, norm=0.101
REGINN:CGLS::k=118: rdisc=0.886, norm=0.103
REGINN:CGLS::k=119: rdisc=0.885, norm=0.105
REGINN:CGLS::k=120: rdisc=0.885, norm=0.107
REGINN:CGLS::k=121: rdisc=0.884, norm=0.109
REGINN:CGLS::k=122: rdisc=0.883, norm=0.111
REGINN:CGLS::k=123: rdisc=0.883, norm=0.112
REGINN:CGLS::k=124: rdisc=0.882, norm=0.113
REGINN:CGLS::k=125: rdisc=0.882, norm=0.115
REGINN:CGLS::k=126: rdisc=0.881, norm=0.117
REGINN:CGLS::k=127: rdisc=0.880, norm=0.119
REGINN:CGLS::k=128: rdisc=0.879, norm=0.122
REGINN:CGLS::k=129: rdisc=0.879, norm=0.123
REGINN:CGLS::k=130: rdisc=0.877, norm=0.128
REGINN:CGLS::k=131: rdisc=0.876, norm=0.131
REGINN:CGLS::k=132: rdisc=0.875, norm=0.134
REGINN:CGLS::k=133: rdisc=0.874, norm=0.135
REGINN:CGLS::k=134: rdisc=0.874, norm=0.136
REGINN:CGLS::k=135: rdisc=0.872, norm=0.141
REGINN:CGLS::k=136: rdisc=0.872, norm=0.143
REGINN:CGLS::k=137: rdisc=0.870, norm=0.146
REGINN:CGLS::k=138: rdisc=0.869, norm=0.150
REGINN:CGLS::k=139: rdisc=0.868, norm=0.152
REGINN:CGLS::k=140: rdisc=0.868, norm=0.153
REGINN:CGLS::k=141: rdisc=0.866, norm=0.160
REGINN:CGLS::k=142: rdisc=0.865, norm=0.162
REGINN:CGLS::k=143: rdisc=0.864, norm=0.165
REGINN:CGLS::k=144: rdisc=0.862, norm=0.170
REGINN:CGLS::k=145: rdisc=0.861, norm=0.173
REGINN:CGLS::k=146: rdisc=0.860, norm=0.176
REGINN:CGLS::k=147: rdisc=0.859, norm=0.179
REGINN:CGLS::k=148: rdisc=0.857, norm=0.185
REGINN:CGLS::k=149: rdisc=0.857, norm=0.187
REGINN:CGLS::k=150: rdisc=0.854, norm=0.194
REGINN:CGLS::k=151: rdisc=0.854, norm=0.196
REGINN:CGLS::k=152: rdisc=0.851, norm=0.203
REGINN:CGLS::k=153: rdisc=0.848, norm=0.213
REGINN:CGLS::k=154: rdisc=0.847, norm=0.216
REGINN:CGLS::k=155: rdisc=0.845, norm=0.222
REGINN:CGLS::k=156: rdisc=0.844, norm=0.225
REGINN:CGLS::k=157: rdisc=0.843, norm=0.230
REGINN:CGLS::k=158: rdisc=0.842, norm=0.232
REGINN:CGLS::k=159: rdisc=0.840, norm=0.239
REGINN:CGLS::k=160: rdisc=0.837, norm=0.247
REGINN:CGLS::k=161: rdisc=0.834, norm=0.257
REGINN:CGLS::k=162: rdisc=0.832, norm=0.262
REGINN:CGLS::k=163: rdisc=0.831, norm=0.264
REGINN:CGLS::k=164: rdisc=0.830, norm=0.267
REGINN:CGLS::k=165: rdisc=0.830, norm=0.270
REGINN:CGLS::k=166: rdisc=0.827, norm=0.279
REGINN:CGLS::k=167: rdisc=0.823, norm=0.290
REGINN:CGLS::k=168: rdisc=0.820, norm=0.300
REGINN:CGLS::k=169: rdisc=0.818, norm=0.305
REGINN:CGLS::k=170: rdisc=0.816, norm=0.312
REGINN:CGLS::k=171: rdisc=0.814, norm=0.318
REGINN:CGLS::k=172: rdisc=0.813, norm=0.320
REGINN:CGLS::k=173: rdisc=0.811, norm=0.328
REGINN:CGLS::k=174: rdisc=0.809, norm=0.332
REGINN:CGLS::k=175: rdisc=0.808, norm=0.336
REGINN:CGLS::k=176: rdisc=0.806, norm=0.342
REGINN:CGLS::k=177: rdisc=0.803, norm=0.352
REGINN:CGLS::k=178: rdisc=0.799, norm=0.363
REGINN:CGLS::k=179: rdisc=0.798, norm=0.365
REGINN:CGLS::k=180: rdisc=0.797, norm=0.371
REGINN:CGLS::k=181: rdisc=0.793, norm=0.381
REGINN:CGLS::k=182: rdisc=0.792, norm=0.385
REGINN:CGLS::k=183: rdisc=0.791, norm=0.388
REGINN:CGLS::k=184: rdisc=0.788, norm=0.397
REGINN:CGLS::Target discrepancy reached after 184 iterations.
REGINN::i=24: rdisc=0.000231, rnorm=0.796, rerr=0.273
REGINN::-1.10 <= estimate <= 3.94
REGINN::Solving linear problem using rtol=0.824
REGINN:CGLS::k=0: rdisc=1.00, norm=0.00
REGINN:CGLS::k=1: rdisc=0.983, norm=0.000338
REGINN:CGLS::k=2: rdisc=0.975, norm=0.000628
REGINN:CGLS::k=3: rdisc=0.959, norm=0.00176
REGINN:CGLS::k=4: rdisc=0.949, norm=0.00263
REGINN:CGLS::k=5: rdisc=0.948, norm=0.00281
REGINN:CGLS::k=6: rdisc=0.944, norm=0.00324
REGINN:CGLS::k=7: rdisc=0.941, norm=0.00371
REGINN:CGLS::k=8: rdisc=0.939, norm=0.00403
REGINN:CGLS::k=9: rdisc=0.934, norm=0.00483
REGINN:CGLS::k=10: rdisc=0.931, norm=0.00535
REGINN:CGLS::k=11: rdisc=0.929, norm=0.00596
REGINN:CGLS::k=12: rdisc=0.927, norm=0.00627
REGINN:CGLS::k=13: rdisc=0.926, norm=0.00650
REGINN:CGLS::k=14: rdisc=0.924, norm=0.00726
REGINN:CGLS::k=15: rdisc=0.922, norm=0.00776
REGINN:CGLS::k=16: rdisc=0.920, norm=0.00845
REGINN:CGLS::k=17: rdisc=0.919, norm=0.00887
REGINN:CGLS::k=18: rdisc=0.917, norm=0.00948
REGINN:CGLS::k=19: rdisc=0.916, norm=0.00970
REGINN:CGLS::k=20: rdisc=0.915, norm=0.0103
REGINN:CGLS::k=21: rdisc=0.914, norm=0.0105
REGINN:CGLS::k=22: rdisc=0.913, norm=0.0111
REGINN:CGLS::k=23: rdisc=0.911, norm=0.0120
REGINN:CGLS::k=24: rdisc=0.908, norm=0.0133
REGINN:CGLS::k=25: rdisc=0.908, norm=0.0135
REGINN:CGLS::k=26: rdisc=0.907, norm=0.0139
REGINN:CGLS::k=27: rdisc=0.906, norm=0.0147
REGINN:CGLS::k=28: rdisc=0.906, norm=0.0149
REGINN:CGLS::k=29: rdisc=0.905, norm=0.0155
REGINN:CGLS::k=30: rdisc=0.904, norm=0.0159
REGINN:CGLS::k=31: rdisc=0.903, norm=0.0163
REGINN:CGLS::k=32: rdisc=0.903, norm=0.0165
REGINN:CGLS::k=33: rdisc=0.902, norm=0.0168
REGINN:CGLS::k=34: rdisc=0.901, norm=0.0181
REGINN:CGLS::k=35: rdisc=0.900, norm=0.0184
REGINN:CGLS::k=36: rdisc=0.900, norm=0.0188
REGINN:CGLS::k=37: rdisc=0.898, norm=0.0198
REGINN:CGLS::k=38: rdisc=0.898, norm=0.0200
REGINN:CGLS::k=39: rdisc=0.897, norm=0.0208
REGINN:CGLS::k=40: rdisc=0.896, norm=0.0218
REGINN:CGLS::k=41: rdisc=0.895, norm=0.0227
REGINN:CGLS::k=42: rdisc=0.894, norm=0.0234
REGINN:CGLS::k=43: rdisc=0.894, norm=0.0237
REGINN:CGLS::k=44: rdisc=0.893, norm=0.0247
REGINN:CGLS::k=45: rdisc=0.892, norm=0.0253
REGINN:CGLS::k=46: rdisc=0.891, norm=0.0264
REGINN:CGLS::k=47: rdisc=0.890, norm=0.0270
REGINN:CGLS::k=48: rdisc=0.889, norm=0.0280
REGINN:CGLS::k=49: rdisc=0.889, norm=0.0283
REGINN:CGLS::k=50: rdisc=0.888, norm=0.0296
REGINN:CGLS::k=51: rdisc=0.887, norm=0.0305
REGINN:CGLS::k=52: rdisc=0.886, norm=0.0313
REGINN:CGLS::k=53: rdisc=0.886, norm=0.0317
REGINN:CGLS::k=54: rdisc=0.885, norm=0.0322
REGINN:CGLS::k=55: rdisc=0.885, norm=0.0325
REGINN:CGLS::k=56: rdisc=0.884, norm=0.0337
REGINN:CGLS::k=57: rdisc=0.883, norm=0.0343
REGINN:CGLS::k=58: rdisc=0.883, norm=0.0352
REGINN:CGLS::k=59: rdisc=0.882, norm=0.0358
REGINN:CGLS::k=60: rdisc=0.882, norm=0.0360
REGINN:CGLS::k=61: rdisc=0.881, norm=0.0373
REGINN:CGLS::k=62: rdisc=0.881, norm=0.0374
REGINN:CGLS::k=63: rdisc=0.880, norm=0.0388
REGINN:CGLS::k=64: rdisc=0.879, norm=0.0392
REGINN:CGLS::k=65: rdisc=0.879, norm=0.0402
REGINN:CGLS::k=66: rdisc=0.878, norm=0.0404
REGINN:CGLS::k=67: rdisc=0.877, norm=0.0419
REGINN:CGLS::k=68: rdisc=0.877, norm=0.0422
REGINN:CGLS::k=69: rdisc=0.877, norm=0.0429
REGINN:CGLS::k=70: rdisc=0.876, norm=0.0434
REGINN:CGLS::k=71: rdisc=0.876, norm=0.0442
REGINN:CGLS::k=72: rdisc=0.875, norm=0.0447
REGINN:CGLS::k=73: rdisc=0.875, norm=0.0453
REGINN:CGLS::k=74: rdisc=0.874, norm=0.0462
REGINN:CGLS::k=75: rdisc=0.874, norm=0.0470
REGINN:CGLS::k=76: rdisc=0.873, norm=0.0474
REGINN:CGLS::k=77: rdisc=0.873, norm=0.0485
REGINN:CGLS::k=78: rdisc=0.872, norm=0.0491
REGINN:CGLS::k=79: rdisc=0.872, norm=0.0492
REGINN:CGLS::k=80: rdisc=0.872, norm=0.0499
REGINN:CGLS::k=81: rdisc=0.871, norm=0.0505
REGINN:CGLS::k=82: rdisc=0.871, norm=0.0512
REGINN:CGLS::k=83: rdisc=0.871, norm=0.0514
REGINN:CGLS::k=84: rdisc=0.870, norm=0.0519
REGINN:CGLS::k=85: rdisc=0.870, norm=0.0523
REGINN:CGLS::k=86: rdisc=0.870, norm=0.0526
REGINN:CGLS::k=87: rdisc=0.869, norm=0.0532
REGINN:CGLS::k=88: rdisc=0.869, norm=0.0539
REGINN:CGLS::k=89: rdisc=0.868, norm=0.0549
REGINN:CGLS::k=90: rdisc=0.868, norm=0.0551
REGINN:CGLS::k=91: rdisc=0.868, norm=0.0555
REGINN:CGLS::k=92: rdisc=0.867, norm=0.0566
REGINN:CGLS::k=93: rdisc=0.867, norm=0.0568
REGINN:CGLS::k=94: rdisc=0.867, norm=0.0575
REGINN:CGLS::k=95: rdisc=0.866, norm=0.0584
REGINN:CGLS::k=96: rdisc=0.866, norm=0.0591
REGINN:CGLS::k=97: rdisc=0.866, norm=0.0598
REGINN:CGLS::k=98: rdisc=0.865, norm=0.0608
REGINN:CGLS::k=99: rdisc=0.865, norm=0.0616
REGINN:CGLS::k=100: rdisc=0.864, norm=0.0619
REGINN:CGLS::k=101: rdisc=0.864, norm=0.0625
REGINN:CGLS::k=102: rdisc=0.863, norm=0.0637
REGINN:CGLS::k=103: rdisc=0.863, norm=0.0651
REGINN:CGLS::k=104: rdisc=0.862, norm=0.0661
REGINN:CGLS::k=105: rdisc=0.862, norm=0.0672
REGINN:CGLS::k=106: rdisc=0.861, norm=0.0688
REGINN:CGLS::k=107: rdisc=0.861, norm=0.0690
REGINN:CGLS::k=108: rdisc=0.860, norm=0.0697
REGINN:CGLS::k=109: rdisc=0.860, norm=0.0708
REGINN:CGLS::k=110: rdisc=0.859, norm=0.0724
REGINN:CGLS::k=111: rdisc=0.858, norm=0.0738
REGINN:CGLS::k=112: rdisc=0.858, norm=0.0744
REGINN:CGLS::k=113: rdisc=0.858, norm=0.0751
REGINN:CGLS::k=114: rdisc=0.857, norm=0.0756
REGINN:CGLS::k=115: rdisc=0.857, norm=0.0760
REGINN:CGLS::k=116: rdisc=0.857, norm=0.0769
REGINN:CGLS::k=117: rdisc=0.856, norm=0.0779
REGINN:CGLS::k=118: rdisc=0.856, norm=0.0793
REGINN:CGLS::k=119: rdisc=0.856, norm=0.0798
REGINN:CGLS::k=120: rdisc=0.855, norm=0.0803
REGINN:CGLS::k=121: rdisc=0.855, norm=0.0805
REGINN:CGLS::k=122: rdisc=0.855, norm=0.0811
REGINN:CGLS::k=123: rdisc=0.855, norm=0.0818
REGINN:CGLS::k=124: rdisc=0.854, norm=0.0826
REGINN:CGLS::k=125: rdisc=0.854, norm=0.0835
REGINN:CGLS::k=126: rdisc=0.854, norm=0.0842
REGINN:CGLS::k=127: rdisc=0.853, norm=0.0845
REGINN:CGLS::k=128: rdisc=0.853, norm=0.0850
REGINN:CGLS::k=129: rdisc=0.853, norm=0.0855
REGINN:CGLS::k=130: rdisc=0.853, norm=0.0866
REGINN:CGLS::k=131: rdisc=0.852, norm=0.0872
REGINN:CGLS::k=132: rdisc=0.852, norm=0.0879
REGINN:CGLS::k=133: rdisc=0.852, norm=0.0884
REGINN:CGLS::k=134: rdisc=0.851, norm=0.0895
REGINN:CGLS::k=135: rdisc=0.851, norm=0.0898
REGINN:CGLS::k=136: rdisc=0.851, norm=0.0901
REGINN:CGLS::k=137: rdisc=0.850, norm=0.0915
REGINN:CGLS::k=138: rdisc=0.850, norm=0.0923
REGINN:CGLS::k=139: rdisc=0.850, norm=0.0934
REGINN:CGLS::k=140: rdisc=0.849, norm=0.0941
REGINN:CGLS::k=141: rdisc=0.849, norm=0.0950
REGINN:CGLS::k=142: rdisc=0.848, norm=0.0966
REGINN:CGLS::k=143: rdisc=0.848, norm=0.0969
REGINN:CGLS::k=144: rdisc=0.848, norm=0.0980
REGINN:CGLS::k=145: rdisc=0.847, norm=0.0993
REGINN:CGLS::k=146: rdisc=0.847, norm=0.0998
REGINN:CGLS::k=147: rdisc=0.847, norm=0.100
REGINN:CGLS::k=148: rdisc=0.847, norm=0.101
REGINN:CGLS::k=149: rdisc=0.846, norm=0.103
REGINN:CGLS::k=150: rdisc=0.846, norm=0.104
REGINN:CGLS::k=151: rdisc=0.845, norm=0.104
REGINN:CGLS::k=152: rdisc=0.845, norm=0.106
REGINN:CGLS::k=153: rdisc=0.845, norm=0.106
REGINN:CGLS::k=154: rdisc=0.844, norm=0.107
REGINN:CGLS::k=155: rdisc=0.844, norm=0.109
REGINN:CGLS::k=156: rdisc=0.843, norm=0.110
REGINN:CGLS::k=157: rdisc=0.843, norm=0.111
REGINN:CGLS::k=158: rdisc=0.843, norm=0.111
REGINN:CGLS::k=159: rdisc=0.843, norm=0.112
REGINN:CGLS::k=160: rdisc=0.842, norm=0.113
REGINN:CGLS::k=161: rdisc=0.842, norm=0.114
REGINN:CGLS::k=162: rdisc=0.841, norm=0.116
REGINN:CGLS::k=163: rdisc=0.841, norm=0.117
REGINN:CGLS::k=164: rdisc=0.841, norm=0.118
REGINN:CGLS::k=165: rdisc=0.840, norm=0.118
REGINN:CGLS::k=166: rdisc=0.840, norm=0.120
REGINN:CGLS::k=167: rdisc=0.840, norm=0.120
REGINN:CGLS::k=168: rdisc=0.839, norm=0.122
REGINN:CGLS::k=169: rdisc=0.839, norm=0.124
REGINN:CGLS::k=170: rdisc=0.838, norm=0.124
REGINN:CGLS::k=171: rdisc=0.838, norm=0.126
REGINN:CGLS::k=172: rdisc=0.837, norm=0.127
REGINN:CGLS::k=173: rdisc=0.837, norm=0.129
REGINN:CGLS::k=174: rdisc=0.836, norm=0.130
REGINN:CGLS::k=175: rdisc=0.836, norm=0.131
REGINN:CGLS::k=176: rdisc=0.836, norm=0.132
REGINN:CGLS::k=177: rdisc=0.835, norm=0.135
REGINN:CGLS::k=178: rdisc=0.833, norm=0.139
REGINN:CGLS::k=179: rdisc=0.833, norm=0.141
REGINN:CGLS::k=180: rdisc=0.832, norm=0.143
REGINN:CGLS::k=181: rdisc=0.832, norm=0.145
REGINN:CGLS::k=182: rdisc=0.831, norm=0.146
REGINN:CGLS::k=183: rdisc=0.830, norm=0.149
REGINN:CGLS::k=184: rdisc=0.829, norm=0.153
REGINN:CGLS::k=185: rdisc=0.828, norm=0.156
REGINN:CGLS::k=186: rdisc=0.828, norm=0.158
REGINN:CGLS::k=187: rdisc=0.827, norm=0.160
REGINN:CGLS::k=188: rdisc=0.826, norm=0.163
REGINN:CGLS::k=189: rdisc=0.826, norm=0.164
REGINN:CGLS::k=190: rdisc=0.825, norm=0.167
REGINN:CGLS::k=191: rdisc=0.824, norm=0.171
REGINN:CGLS::k=192: rdisc=0.822, norm=0.177
REGINN:CGLS::Target discrepancy reached after 192 iterations.
REGINN::i=25: rdisc=0.000193, rnorm=0.797, rerr=0.272
REGINN::-0.866 <= estimate <= 3.93
REGINN::Target discrepancy reached after 25 iterations.
REGINN::Saving current residual in ./step-0025/
REGINN::Saving current estimate in ./step-0025/
REGINN::-0.866 <= estimate <= 3.93
stats::forward              : 27 calls, average 4.81 s per call
stats::linearization forward: 1104 calls, average 4.16 s per call
stats::linearization adjoint: 1104 calls, average 4.44 s per call
stats::measure forward      : 1131 calls, average 0.00100 s per call
stats::measure adjoint      : 1104 calls, average 0.000979 s per call
