JobId thies-vm Mon Jan 29 15:04:47 2018
wavepi 670f434d
Release-Build, compiled on 2018-01-19T14:12:01Z
from git commit 670f434de8c7a38f5d1bc9bb4a7f3c64400acab6 on branch master
initialize_mesh::Number of active cells: 1024
initialize_mesh::Number of degrees of freedom in the first spatial mesh: 1089
initialize_mesh::cell diameters: minimal = 0.354, maximal = 0.354
initialize_mesh::dt: 0.0472
parameters:WaveEquation::theta: 0.5
parameters:WaveEquation::tol: 1e-8
parameters:constraints::lower bound: 0.1
parameters:constraints::upper bound: 1e300
parameters:general::dimension: 2
parameters:general::finite element degree: 1
parameters:general::quadrature order: 3
parameters:inversion::method: REGINN
parameters:inversion::tau: 2
parameters:log::console depth: 2
parameters:log::file: wavepi.log
parameters:log::file depth: 100
parameters:mesh::end time: 6
parameters:mesh::initial refines: 5
parameters:mesh::initial time steps: 128
parameters:output::data: true
parameters:output::destination: ./step-{{i}}/
parameters:output::discrepancy decrease: 0.5
parameters:output::estimate: true
parameters:output::exact: true
parameters:output::interval: 50
parameters:output::last: true
parameters:output::residual: true
parameters:output::statistics: history
parameters:problem::constants: 
parameters:problem::epsilon: 1e-2
parameters:problem::initial guess: 1.0
parameters:problem::norm of codomain: L2L2
parameters:problem::norm of domain: H1L2
parameters:problem::parameter a: 1.0
parameters:problem::parameter c: 1.5
parameters:problem::parameter nu: 0.0
parameters:problem::parameter q: 0.0
parameters:problem::type: c
parameters:watchdog::discrepancy increasing: false
parameters:watchdog::discrepancy slope min values: 40
parameters:watchdog::discrepancy slope percentage: 0.25
parameters:watchdog::discrepancy slope threshold: 0.0
parameters:watchdog::discrepancy threshold: 10.0
parameters:watchdog::maximum iteration count: 0
REGINN::i=0 : rdisc=1.24, rnorm=0.667, rerr=0.333
REGINN::Saving exact parameter in ./step-0000/
REGINN::Saving data in ./step-0000/
REGINN::Saving current residual in ./step-0000/
REGINN::Saving current estimate in ./step-0000/
REGINN::1.00 ≤ estimate ≤ 1.00
REGINN::Solving linear problem using rtol=0.900 and max_iter=1
REGINN:CGLS::k=0 : rdisc=1.00, norm=0.00
REGINN:CGLS::k=1 : rdisc=0.769, norm=2.41
REGINN:CGLS::Safeguarding: λ=0.732 ⇒ rdisc=0.900
REGINN:CGLS::Target discrepancy reached after 1 iteration.
REGINN::i=1 : rdisc=1.11, rnorm=0.679, rerr=0.322
REGINN::0.921 ≤ estimate ≤ 1.23
REGINN::Solving linear problem using rtol=0.900 and max_iter=2
REGINN:CGLS::k=0 : rdisc=1.00, norm=0.00
REGINN:CGLS::k=1 : rdisc=0.744, norm=2.40
REGINN:CGLS::Safeguarding: λ=0.758 ⇒ rdisc=0.900
REGINN:CGLS::Target discrepancy reached after 1 iteration.
REGINN::i=2 : rdisc=0.998, rnorm=0.691, rerr=0.312
REGINN::0.906 ≤ estimate ≤ 1.45
REGINN::Solving linear problem using rtol=0.854 and max_iter=2
REGINN:CGLS::k=0 : rdisc=1.00, norm=0.00
REGINN:CGLS::k=1 : rdisc=0.718, norm=2.39
REGINN:CGLS::Safeguarding: λ=0.665 ⇒ rdisc=0.854
REGINN:CGLS::Target discrepancy reached after 1 iteration.
REGINN::i=3 : rdisc=0.843, rnorm=0.708, rerr=0.299
REGINN::0.953 ≤ estimate ≤ 1.76
REGINN::Solving linear problem using rtol=0.811 and max_iter=2
REGINN:CGLS::k=0 : rdisc=1.00, norm=0.00
REGINN:CGLS::k=1 : rdisc=0.681, norm=2.33
REGINN:CGLS::Safeguarding: λ=0.600 ⇒ rdisc=0.811
REGINN:CGLS::Target discrepancy reached after 1 iteration.
REGINN::i=4 : rdisc=0.672, rnorm=0.730, rerr=0.285
REGINN::0.967 ≤ estimate ≤ 2.12
REGINN::Solving linear problem using rtol=0.769 and max_iter=2
REGINN:CGLS::k=0 : rdisc=1.00, norm=0.00
REGINN:CGLS::k=1 : rdisc=0.652, norm=2.13
REGINN:CGLS::Safeguarding: λ=0.538 ⇒ rdisc=0.769
REGINN:CGLS::Target discrepancy reached after 1 iteration.
REGINN::i=5 : rdisc=0.508, rnorm=0.755, rerr=0.272
REGINN::Saving current residual in ./step-0005/
REGINN::Saving current estimate in ./step-0005/
REGINN::0.951 ≤ estimate ≤ 2.46
REGINN::Solving linear problem using rtol=0.730 and max_iter=2
REGINN:CGLS::k=0 : rdisc=1.00, norm=0.00
REGINN:CGLS::k=1 : rdisc=0.661, norm=1.79
REGINN:CGLS::Safeguarding: λ=0.412 ⇒ rdisc=0.730
REGINN:CGLS::Target discrepancy reached after 1 iteration.
REGINN::i=6 : rdisc=0.364, rnorm=0.783, rerr=0.259
REGINN::0.932 ≤ estimate ≤ 2.74
REGINN::Solving linear problem using rtol=0.693 and max_iter=2
REGINN:CGLS::k=0 : rdisc=1.00, norm=0.00
REGINN:CGLS::k=1 : rdisc=0.735, norm=1.38
REGINN:CGLS::k=2 : rdisc=0.511, norm=2.91
REGINN:CGLS::Safeguarding: λ=0.885 ⇒ rdisc=0.693
REGINN:CGLS::Target discrepancy reached after 2 iterations.
REGINN::i=7 : rdisc=0.245, rnorm=0.824, rerr=0.239
REGINN::Saving current residual in ./step-0007/
REGINN::Saving current estimate in ./step-0007/
REGINN::0.894 ≤ estimate ≤ 3.13
REGINN::Solving linear problem using rtol=0.658 and max_iter=3
REGINN:CGLS::k=0 : rdisc=1.00, norm=0.00
REGINN:CGLS::k=1 : rdisc=0.711, norm=1.74
REGINN:CGLS::k=2 : rdisc=0.471, norm=2.91
REGINN:CGLS::Safeguarding: λ=0.861 ⇒ rdisc=0.658
REGINN:CGLS::Target discrepancy reached after 2 iterations.
REGINN::i=8 : rdisc=0.161, rnorm=0.849, rerr=0.216
REGINN::0.851 ≤ estimate ≤ 2.81
REGINN::Solving linear problem using rtol=0.624 and max_iter=4
REGINN:CGLS::k=0 : rdisc=1.00, norm=0.00
REGINN:CGLS::k=1 : rdisc=0.834, norm=0.496
REGINN:CGLS::k=2 : rdisc=0.563, norm=1.57
REGINN:CGLS::Safeguarding: λ=0.438 ⇒ rdisc=0.624
REGINN:CGLS::Target discrepancy reached after 2 iterations.
REGINN::i=9 : rdisc=0.101, rnorm=0.869, rerr=0.204
REGINN::Saving current residual in ./step-0009/
REGINN::Saving current estimate in ./step-0009/
REGINN::0.828 ≤ estimate ≤ 2.29
REGINN::Solving linear problem using rtol=0.592 and max_iter=4
REGINN:CGLS::k=0 : rdisc=1.00, norm=0.00
REGINN:CGLS::k=1 : rdisc=0.814, norm=0.587
REGINN:CGLS::k=2 : rdisc=0.561, norm=1.32
REGINN:CGLS::Safeguarding: λ=0.324 ⇒ rdisc=0.592
REGINN:CGLS::Target discrepancy reached after 2 iterations.
REGINN::i=10: rdisc=0.0589, rnorm=0.891, rerr=0.196
REGINN::0.795 ≤ estimate ≤ 2.13
REGINN::Solving linear problem using rtol=0.562 and max_iter=4
REGINN:CGLS::k=0 : rdisc=1.00, norm=0.00
REGINN:CGLS::k=1 : rdisc=0.931, norm=0.135
REGINN:CGLS::k=2 : rdisc=0.842, norm=0.355
REGINN:CGLS::k=3 : rdisc=0.680, norm=0.809
REGINN:CGLS::k=4 : rdisc=0.633, norm=0.940
REGINN:CGLS::Unsuccessful termination after 4 iterations!
REGINN::Linear solver did not achieve desired discrepancy due to max_iter.
REGINN::i=11: rdisc=0.0370, rnorm=0.907, rerr=0.190
REGINN::Saving current residual in ./step-0011/
REGINN::Saving current estimate in ./step-0011/
REGINN::0.782 ≤ estimate ≤ 1.93
REGINN::Solving linear problem using rtol=0.541 and max_iter=6
REGINN:CGLS::k=0 : rdisc=1.00, norm=0.00
REGINN:CGLS::k=1 : rdisc=0.964, norm=0.0884
REGINN:CGLS::k=2 : rdisc=0.924, norm=0.198
REGINN:CGLS::k=3 : rdisc=0.823, norm=0.511
REGINN:CGLS::k=4 : rdisc=0.756, norm=0.718
REGINN:CGLS::k=5 : rdisc=0.704, norm=0.886
REGINN:CGLS::k=6 : rdisc=0.642, norm=1.09
REGINN:CGLS::Unsuccessful termination after 6 iterations!
REGINN::Linear solver did not achieve desired discrepancy due to max_iter.
REGINN::i=12: rdisc=0.0250, rnorm=0.914, rerr=0.181
REGINN::0.778 ≤ estimate ≤ 1.97
REGINN::Solving linear problem using rtol=0.800 and max_iter=10
REGINN:CGLS::k=0 : rdisc=1.00, norm=0.00
REGINN:CGLS::k=1 : rdisc=0.919, norm=0.0616
REGINN:CGLS::k=2 : rdisc=0.896, norm=0.0861
REGINN:CGLS::k=3 : rdisc=0.869, norm=0.132
REGINN:CGLS::k=4 : rdisc=0.827, norm=0.244
REGINN:CGLS::k=5 : rdisc=0.784, norm=0.387
REGINN:CGLS::Safeguarding: λ=0.591 ⇒ rdisc=0.800
REGINN:CGLS::Target discrepancy reached after 5 iterations.
REGINN::i=13: rdisc=0.0200, rnorm=0.916, rerr=0.179
REGINN::0.761 ≤ estimate ≤ 1.95
REGINN::Target discrepancy reached after 13 iterations.
REGINN::Saving current residual in ./step-0013/
REGINN::Saving current estimate in ./step-0013/
REGINN::0.761 ≤ estimate ≤ 1.95
stats::forward              : 15 calls, average 7.31 s per call
stats::linearization forward: 29 calls, average 5.67 s per call
stats::linearization adjoint: 29 calls, average 6.59 s per call
stats::measure forward      : 44 calls, average 0.00394 s per call
stats::measure adjoint      : 29 calls, average 0.00187 s per call
