JobId thies-arch1 Wed Mar 28 17:32:29 2018
wavepi 3fa08ced-dirty
Release-Build, compiled on 2018-03-28T15:17:13Z from commit 3fa08cedb040cdd8a617b11f141a1a310502145c ("distribute random noise from root to everyone else") on branch master

working directory was dirty, git status: 
 M problems/q_banach/p1_1_h1h1.cfg
 M problems/q_banach/p1_5_h1h1.cfg
 M problems/q_banach/p2_h1h1.cfg
 M problems/q_banach/p2_h1h1_hilbert.cfg
 M problems/q_banach/p8_h1h1.cfg
 M problems/q_banach/rhs4_p1_1_h1h1.cfg
 M problems/q_banach/rhs4_p1_5_h1h1.cfg
 M problems/q_banach/rhs4_p2_h1h1_hilbert.cfg
 M problems/q_banach/rhs4_p8_h1h1.cfg
?? problems/q_banach/p1_1_h1h1/
?? problems/q_banach/p1_1_h1h1_gamma/
?? problems/q_banach/p1_1_l2l2/
?? problems/q_banach/p1_5_h1h1/
?? problems/q_banach/p1_5_h1h1_gamma/
?? problems/q_banach/rhs4_p1_1_h1h1/
?? problems/q_banach/rhs4_p1_1_h1h1_gamma/
?? problems/q_banach/rhs4_p1_1_l2l2/

initialize_mesh::Number of active cells: 1024
initialize_mesh::Number of degrees of freedom in the first spatial mesh: 1089
initialize_mesh::cell diameters: minimal = 0.354, maximal = 0.354
initialize_mesh::dt: 0.0235
initialize_mesh::expected size of a DiscretizedFunction<2>: 2.13 MiB
Initializing problem
Generating synthetic data (inverse crime)
generate_data:run::distributing noisy data to other nodes
generate_data:run::Distribution of data complete.
wall time for data synthesis        : 1.8s
wall time for mesh and problem init : 216.0ms
parameters:LogTransform::lower bound: 0.0
parameters:WaveEquation::max iter: 10000
parameters:WaveEquation::theta: 0.5
parameters:WaveEquation::tol: 1e-8
parameters:constraints::lower bound: -1e300
parameters:constraints::upper bound: 1e300
parameters:general::dimension: 2
parameters:general::finite element degree: 1
parameters:general::quadrature order: 3
parameters:inversion::method: REGINN
parameters:inversion::tau: 2
parameters:log::console depth: 2
parameters:log::file: wavepi.log
parameters:log::file depth: 6
parameters:log::file depth mpi: 4
parameters:mesh::end time: 6
parameters:mesh::initial refines: 5
parameters:mesh::initial time steps: 256
parameters:output::data: true
parameters:output::destination: ./step-{{i}}/
parameters:output::discrepancy decrease: 0.25
parameters:output::estimate: true
parameters:output::estimate transformed: false
parameters:output::exact: true
parameters:output::exact transformed: false
parameters:output::interval: 10
parameters:output::last: true
parameters:output::residual: true
parameters:output::statistics: history
parameters:problem::H1H1 beta: 0.25
parameters:problem::H1H1 gamma: 5
parameters:problem::H1L2 alpha: 0.5
parameters:problem::H2L2 alpha: 0.5
parameters:problem::H2L2 beta: 0.25
parameters:problem::H2L2+L2H1 alpha: 0.5
parameters:problem::H2L2+L2H1 beta: 0.25
parameters:problem::H2L2+L2H1 gamma: 0.5
parameters:problem::background parameter: 0.0
parameters:problem::constants: 
parameters:problem::domain lp wrapping: true
parameters:problem::domain p: 1.5
parameters:problem::epsilon: 5e-3
parameters:problem::initial guess: 0.0
parameters:problem::norm of codomain: L2L2
parameters:problem::norm of domain: L2L2
parameters:problem::parameter a: 1.0
parameters:problem::parameter c: 2.0
parameters:problem::parameter nu: 0.0
parameters:problem::parameter q: 2*if(norm{x|y|z} < 1.5, 2.0+abs(sin(t)), 0.0)
parameters:problem::transform: Identity
parameters:problem::type: q
parameters:watchdog::discrepancy increasing: false
parameters:watchdog::discrepancy slope min values: 40
parameters:watchdog::discrepancy slope percentage: 0.25
parameters:watchdog::discrepancy slope threshold: 0.0
parameters:watchdog::discrepancy threshold: 10.0
parameters:watchdog::maximum iteration count: 0
REGINN::Saving exact parameter in ./step-0000/
REGINN::Saving data in ./step-0000/
REGINN::Saving current residual in ./step-0000/
REGINN::Saving current estimate in ./step-0000/
REGINN::i=0 : rdisc=1.63 , rnorm=0.00 , rerr=1.00 
REGINN::0.00 ≤ estimate ≤ 0.00
REGINN::Solving linear problem using rtol=0.900 and max_iter=1
REGINN:Gradient::k=0 : rdisc=1.00 , norm=0.00 
REGINN:Gradient::k=1 : rdisc=0.697, norm=0.548
REGINN:Gradient::Target discrepancy reached after 1 iteration.
REGINN::i=1 : rdisc=1.15 , rnorm=0.0794, rerr=0.956
REGINN::-0.217 ≤ estimate ≤ 6.89
REGINN::
REGINN::Solving linear problem using rtol=0.900 and max_iter=2
REGINN:Gradient::k=0 : rdisc=1.00 , norm=0.00 
REGINN:Gradient::k=1 : rdisc=0.771, norm=0.925
REGINN:Gradient::Target discrepancy reached after 1 iteration.
REGINN::i=2 : rdisc=0.891, rnorm=0.198, rerr=0.913
REGINN::-0.672 ≤ estimate ≤ 21.2
REGINN::
REGINN::Solving linear problem using rtol=0.855 and max_iter=2
REGINN:Gradient::k=0 : rdisc=1.00 , norm=0.00 
REGINN:Gradient::k=1 : rdisc=0.804, norm=0.435
REGINN:Gradient::Target discrepancy reached after 1 iteration.
REGINN::i=3 : rdisc=0.722, rnorm=0.218, rerr=0.908
REGINN::-0.531 ≤ estimate ≤ 21.3
REGINN::
REGINN::Solving linear problem using rtol=0.812 and max_iter=2
REGINN:Gradient::k=0 : rdisc=1.00 , norm=0.00 
REGINN:Gradient::k=1 : rdisc=0.745, norm=0.823
REGINN:Gradient::Target discrepancy reached after 1 iteration.
REGINN::i=4 : rdisc=0.538, rnorm=0.315, rerr=0.886
REGINN::-1.78 ≤ estimate ≤ 21.0
REGINN::
REGINN::Solving linear problem using rtol=0.772 and max_iter=2
REGINN:Gradient::k=0 : rdisc=1.00 , norm=0.00 
REGINN:Gradient::k=1 : rdisc=0.873, norm=0.360
REGINN:Gradient::k=2 : rdisc=0.780, norm=0.555
REGINN:Gradient::Unsuccessful termination after 2 iterations!
REGINN::Linear solver did not achieve desired discrepancy due to max_iter.
REGINN::i=5 : rdisc=0.425, rnorm=0.359, rerr=0.861
REGINN::-14.1 ≤ estimate ≤ 19.0
REGINN::
REGINN::Solving linear problem using rtol=0.733 and max_iter=3
REGINN:Gradient::k=0 : rdisc=1.00 , norm=0.00 
REGINN:Gradient::k=1 : rdisc=0.903, norm=0.299
REGINN:Gradient::k=2 : rdisc=0.846, norm=0.382
REGINN:Gradient::k=3 : rdisc=0.788, norm=0.559
REGINN:Gradient::Unsuccessful termination after 3 iterations!
REGINN::Linear solver did not achieve desired discrepancy due to max_iter.
REGINN::Saving current residual in ./step-0006/
REGINN::Saving current estimate in ./step-0006/
REGINN::i=6 : rdisc=0.339, rnorm=0.410, rerr=0.838
REGINN::-26.7 ≤ estimate ≤ 23.4
REGINN::
REGINN::Solving linear problem using rtol=0.696 and max_iter=5
REGINN:Gradient::k=0 : rdisc=1.00 , norm=0.00 
REGINN:Gradient::k=1 : rdisc=0.967, norm=0.101
REGINN:Gradient::k=2 : rdisc=0.921, norm=0.199
REGINN:Gradient::k=3 : rdisc=0.891, norm=0.252
REGINN:Gradient::k=4 : rdisc=0.819, norm=0.516
REGINN:Gradient::k=5 : rdisc=0.770, norm=0.549
REGINN:Gradient::Unsuccessful termination after 5 iterations!
REGINN::Linear solver did not achieve desired discrepancy due to max_iter.
REGINN::i=7 : rdisc=0.270, rnorm=0.448, rerr=0.808
REGINN::-32.0 ≤ estimate ≤ 21.8
REGINN::
REGINN::Solving linear problem using rtol=0.662 and max_iter=8
REGINN:Gradient::k=0 : rdisc=1.00 , norm=0.00 
REGINN:Gradient::k=1 : rdisc=0.966, norm=0.125
REGINN:Gradient::k=2 : rdisc=0.942, norm=0.125
REGINN:Gradient::k=3 : rdisc=0.833, norm=0.559
REGINN:Gradient::k=4 : rdisc=0.760, norm=0.563
REGINN:Gradient::k=5 : rdisc=0.698, norm=0.799
REGINN:Gradient::k=6 : rdisc=0.677, norm=0.803
REGINN:Gradient::k=7 : rdisc=0.658, norm=0.827
REGINN:Gradient::Target discrepancy reached after 7 iterations.
REGINN::i=8 : rdisc=0.187, rnorm=0.504, rerr=0.757
REGINN::-14.4 ≤ estimate ≤ 20.2
REGINN::
REGINN::Solving linear problem using rtol=0.629 and max_iter=12
REGINN:Gradient::k=0 : rdisc=1.00 , norm=0.00 
REGINN:Gradient::k=1 : rdisc=0.985, norm=0.0357
REGINN:Gradient::k=2 : rdisc=0.969, norm=0.0556
REGINN:Gradient::k=3 : rdisc=0.955, norm=0.0801
REGINN:Gradient::k=4 : rdisc=0.939, norm=0.113
REGINN:Gradient::k=5 : rdisc=0.925, norm=0.131
REGINN:Gradient::k=6 : rdisc=0.902, norm=0.192
REGINN:Gradient::k=7 : rdisc=0.885, norm=0.202
REGINN:Gradient::k=8 : rdisc=0.788, norm=0.517
REGINN:Gradient::k=9 : rdisc=0.722, norm=0.520
REGINN:Gradient::k=10: rdisc=0.647, norm=0.784
REGINN:Gradient::k=11: rdisc=0.622, norm=0.784
REGINN:Gradient::Target discrepancy reached after 11 iterations.
REGINN::i=9 : rdisc=0.128, rnorm=0.560, rerr=0.722
REGINN::-21.5 ≤ estimate ≤ 33.2
REGINN::
REGINN::Solving linear problem using rtol=0.764 and max_iter=18
REGINN:Gradient::k=0 : rdisc=1.00 , norm=0.00 
REGINN:Gradient::k=1 : rdisc=0.978, norm=0.0279
REGINN:Gradient::k=2 : rdisc=0.962, norm=0.0362
REGINN:Gradient::k=3 : rdisc=0.949, norm=0.0555
REGINN:Gradient::k=4 : rdisc=0.940, norm=0.0611
REGINN:Gradient::k=5 : rdisc=0.928, norm=0.0828
REGINN:Gradient::k=6 : rdisc=0.920, norm=0.0846
REGINN:Gradient::k=7 : rdisc=0.890, norm=0.154
REGINN:Gradient::k=8 : rdisc=0.869, norm=0.152
REGINN:Gradient::k=9 : rdisc=0.733, norm=0.519
REGINN:Gradient::Target discrepancy reached after 9 iterations.
REGINN::Saving current residual in ./step-0010/
REGINN::Saving current estimate in ./step-0010/
REGINN::i=10: rdisc=0.0987, rnorm=0.605, rerr=0.710
REGINN::-28.9 ≤ estimate ≤ 39.3
REGINN::
REGINN::Solving linear problem using rtol=0.725 and max_iter=20
REGINN:Gradient::k=0 : rdisc=1.00 , norm=0.00 
REGINN:Gradient::k=1 : rdisc=0.943, norm=0.0229
REGINN:Gradient::k=2 : rdisc=0.891, norm=0.119
REGINN:Gradient::k=3 : rdisc=0.882, norm=0.117
REGINN:Gradient::k=4 : rdisc=0.877, norm=0.121
REGINN:Gradient::k=5 : rdisc=0.872, norm=0.122
REGINN:Gradient::k=6 : rdisc=0.868, norm=0.126
REGINN:Gradient::k=7 : rdisc=0.863, norm=0.131
REGINN:Gradient::k=8 : rdisc=0.859, norm=0.134
REGINN:Gradient::k=9 : rdisc=0.848, norm=0.156
REGINN:Gradient::k=10: rdisc=0.840, norm=0.159
REGINN:Gradient::k=11: rdisc=0.715, norm=0.522
REGINN:Gradient::Target discrepancy reached after 11 iterations.
REGINN::i=11: rdisc=0.0763, rnorm=0.641, rerr=0.694
REGINN::-32.8 ≤ estimate ≤ 44.2
REGINN::
REGINN::Solving linear problem using rtol=0.775 and max_iter=20
REGINN:Gradient::k=0 : rdisc=1.00 , norm=0.00 
REGINN:Gradient::k=1 : rdisc=0.968, norm=0.0151
REGINN:Gradient::k=2 : rdisc=0.949, norm=0.0234
REGINN:Gradient::k=3 : rdisc=0.943, norm=0.0289
REGINN:Gradient::k=4 : rdisc=0.937, norm=0.0333
REGINN:Gradient::k=5 : rdisc=0.933, norm=0.0372
REGINN:Gradient::k=6 : rdisc=0.928, norm=0.0422
REGINN:Gradient::k=7 : rdisc=0.924, norm=0.0453
REGINN:Gradient::k=8 : rdisc=0.918, norm=0.0544
REGINN:Gradient::k=9 : rdisc=0.914, norm=0.0566
REGINN:Gradient::k=10: rdisc=0.883, norm=0.135
REGINN:Gradient::k=11: rdisc=0.869, norm=0.136
REGINN:Gradient::k=12: rdisc=0.846, norm=0.172
REGINN:Gradient::k=13: rdisc=0.842, norm=0.174
REGINN:Gradient::k=14: rdisc=0.839, norm=0.176
REGINN:Gradient::k=15: rdisc=0.837, norm=0.178
REGINN:Gradient::k=16: rdisc=0.835, norm=0.180
REGINN:Gradient::k=17: rdisc=0.833, norm=0.183
REGINN:Gradient::k=18: rdisc=0.831, norm=0.186
REGINN:Gradient::k=19: rdisc=0.830, norm=0.188
REGINN:Gradient::k=20: rdisc=0.828, norm=0.193
REGINN:Gradient::Unsuccessful termination after 20 iterations!
REGINN::Linear solver did not achieve desired discrepancy due to max_iter.
REGINN::i=12: rdisc=0.0653, rnorm=0.647, rerr=0.685
REGINN::-31.9 ≤ estimate ≤ 44.3
REGINN::
REGINN::Solving linear problem using rtol=0.876 and max_iter=31
REGINN:Gradient::k=0 : rdisc=1.00 , norm=0.00 
REGINN:Gradient::k=1 : rdisc=0.995, norm=0.00514
REGINN:Gradient::k=2 : rdisc=0.990, norm=0.0111
REGINN:Gradient::k=3 : rdisc=0.988, norm=0.0138
REGINN:Gradient::k=4 : rdisc=0.985, norm=0.0174
REGINN:Gradient::k=5 : rdisc=0.983, norm=0.0197
REGINN:Gradient::k=6 : rdisc=0.977, norm=0.0326
REGINN:Gradient::k=7 : rdisc=0.972, norm=0.0338
REGINN:Gradient::k=8 : rdisc=0.861, norm=0.348
REGINN:Gradient::Target discrepancy reached after 8 iterations.
REGINN::i=13: rdisc=0.0563, rnorm=0.665, rerr=0.672
REGINN::-32.2 ≤ estimate ≤ 46.5
REGINN::
REGINN::Solving linear problem using rtol=0.833 and max_iter=28
REGINN:Gradient::k=0 : rdisc=1.00 , norm=0.00 
REGINN:Gradient::k=1 : rdisc=0.989, norm=0.00665
REGINN:Gradient::k=2 : rdisc=0.981, norm=0.0140
REGINN:Gradient::k=3 : rdisc=0.976, norm=0.0165
REGINN:Gradient::k=4 : rdisc=0.966, norm=0.0344
REGINN:Gradient::k=5 : rdisc=0.961, norm=0.0355
REGINN:Gradient::k=6 : rdisc=0.944, norm=0.0786
REGINN:Gradient::k=7 : rdisc=0.934, norm=0.0794
REGINN:Gradient::k=8 : rdisc=0.931, norm=0.0823
REGINN:Gradient::k=9 : rdisc=0.930, norm=0.0832
REGINN:Gradient::k=10: rdisc=0.928, norm=0.0874
REGINN:Gradient::k=11: rdisc=0.926, norm=0.0882
REGINN:Gradient::k=12: rdisc=0.915, norm=0.119
REGINN:Gradient::k=13: rdisc=0.906, norm=0.120
REGINN:Gradient::k=14: rdisc=0.848, norm=0.309
REGINN:Gradient::k=15: rdisc=0.829, norm=0.309
REGINN:Gradient::Target discrepancy reached after 15 iterations.
REGINN::i=14: rdisc=0.0475, rnorm=0.678, rerr=0.657
REGINN::-33.0 ≤ estimate ≤ 43.7
REGINN::
REGINN::Solving linear problem using rtol=0.911 and max_iter=23
REGINN:Gradient::k=0 : rdisc=1.00 , norm=0.00 
REGINN:Gradient::k=1 : rdisc=0.990, norm=0.00561
REGINN:Gradient::k=2 : rdisc=0.987, norm=0.00723
REGINN:Gradient::k=3 : rdisc=0.985, norm=0.00965
REGINN:Gradient::k=4 : rdisc=0.984, norm=0.0112
REGINN:Gradient::k=5 : rdisc=0.983, norm=0.0129
REGINN:Gradient::k=6 : rdisc=0.981, norm=0.0148
REGINN:Gradient::k=7 : rdisc=0.980, norm=0.0161
REGINN:Gradient::k=8 : rdisc=0.978, norm=0.0200
REGINN:Gradient::k=9 : rdisc=0.977, norm=0.0209
REGINN:Gradient::k=10: rdisc=0.965, norm=0.0539
REGINN:Gradient::k=11: rdisc=0.956, norm=0.0545
REGINN:Gradient::k=12: rdisc=0.942, norm=0.0909
REGINN:Gradient::k=13: rdisc=0.934, norm=0.0921
REGINN:Gradient::k=14: rdisc=0.931, norm=0.0963
REGINN:Gradient::k=15: rdisc=0.930, norm=0.0968
REGINN:Gradient::k=16: rdisc=0.929, norm=0.0995
REGINN:Gradient::k=17: rdisc=0.928, norm=0.100
REGINN:Gradient::k=18: rdisc=0.924, norm=0.112
REGINN:Gradient::k=19: rdisc=0.921, norm=0.112
REGINN:Gradient::k=20: rdisc=0.880, norm=0.251
REGINN:Gradient::Target discrepancy reached after 20 iterations.
REGINN::i=15: rdisc=0.0418, rnorm=0.689, rerr=0.643
REGINN::-32.4 ≤ estimate ≤ 42.8
REGINN::
REGINN::Solving linear problem using rtol=0.933 and max_iter=35
REGINN:Gradient::k=0 : rdisc=1.00 , norm=0.00 
REGINN:Gradient::k=1 : rdisc=0.985, norm=0.00574
REGINN:Gradient::k=2 : rdisc=0.981, norm=0.00956
REGINN:Gradient::k=3 : rdisc=0.979, norm=0.0111
REGINN:Gradient::k=4 : rdisc=0.978, norm=0.0130
REGINN:Gradient::k=5 : rdisc=0.977, norm=0.0142
REGINN:Gradient::k=6 : rdisc=0.974, norm=0.0187
REGINN:Gradient::k=7 : rdisc=0.973, norm=0.0198
REGINN:Gradient::k=8 : rdisc=0.963, norm=0.0492
REGINN:Gradient::k=9 : rdisc=0.954, norm=0.0503
REGINN:Gradient::k=10: rdisc=0.950, norm=0.0598
REGINN:Gradient::k=11: rdisc=0.948, norm=0.0605
REGINN:Gradient::k=12: rdisc=0.948, norm=0.0610
REGINN:Gradient::k=13: rdisc=0.947, norm=0.0631
REGINN:Gradient::k=14: rdisc=0.946, norm=0.0634
REGINN:Gradient::k=15: rdisc=0.944, norm=0.0691
REGINN:Gradient::k=16: rdisc=0.943, norm=0.0690
REGINN:Gradient::k=17: rdisc=0.915, norm=0.166
REGINN:Gradient::Target discrepancy reached after 17 iterations.
REGINN::i=16: rdisc=0.0386, rnorm=0.696, rerr=0.634
REGINN::-31.2 ≤ estimate ≤ 41.7
REGINN::
REGINN::Solving linear problem using rtol=0.886 and max_iter=37
REGINN:Gradient::k=0 : rdisc=1.00 , norm=0.00 
REGINN:Gradient::k=1 : rdisc=0.976, norm=0.00676
REGINN:Gradient::k=2 : rdisc=0.971, norm=0.0147
REGINN:Gradient::k=3 : rdisc=0.970, norm=0.0153
REGINN:Gradient::k=4 : rdisc=0.968, norm=0.0166
REGINN:Gradient::k=5 : rdisc=0.967, norm=0.0175
REGINN:Gradient::k=6 : rdisc=0.959, norm=0.0404
REGINN:Gradient::k=7 : rdisc=0.953, norm=0.0413
REGINN:Gradient::k=8 : rdisc=0.951, norm=0.0447
REGINN:Gradient::k=9 : rdisc=0.949, norm=0.0462
REGINN:Gradient::k=10: rdisc=0.949, norm=0.0474
REGINN:Gradient::k=11: rdisc=0.948, norm=0.0482
REGINN:Gradient::k=12: rdisc=0.948, norm=0.0496
REGINN:Gradient::k=13: rdisc=0.947, norm=0.0502
REGINN:Gradient::k=14: rdisc=0.946, norm=0.0519
REGINN:Gradient::k=15: rdisc=0.946, norm=0.0523
REGINN:Gradient::k=16: rdisc=0.945, norm=0.0555
REGINN:Gradient::k=17: rdisc=0.944, norm=0.0557
REGINN:Gradient::k=18: rdisc=0.937, norm=0.0791
REGINN:Gradient::k=19: rdisc=0.931, norm=0.0788
REGINN:Gradient::k=20: rdisc=0.850, norm=0.353
REGINN:Gradient::Target discrepancy reached after 20 iterations.
REGINN::i=17: rdisc=0.0327, rnorm=0.712, rerr=0.614
REGINN::-28.3 ≤ estimate ≤ 39.7
REGINN::
REGINN::Solving linear problem using rtol=0.903 and max_iter=37
REGINN:Gradient::k=0 : rdisc=1.00 , norm=0.00 
REGINN:Gradient::k=1 : rdisc=0.985, norm=0.00589
REGINN:Gradient::k=2 : rdisc=0.976, norm=0.00836
REGINN:Gradient::k=3 : rdisc=0.972, norm=0.0104
REGINN:Gradient::k=4 : rdisc=0.969, norm=0.0131
REGINN:Gradient::k=5 : rdisc=0.966, norm=0.0143
REGINN:Gradient::k=6 : rdisc=0.963, norm=0.0179
REGINN:Gradient::k=7 : rdisc=0.961, norm=0.0188
REGINN:Gradient::k=8 : rdisc=0.958, norm=0.0242
REGINN:Gradient::k=9 : rdisc=0.956, norm=0.0248
REGINN:Gradient::k=10: rdisc=0.952, norm=0.0334
REGINN:Gradient::k=11: rdisc=0.949, norm=0.0340
REGINN:Gradient::k=12: rdisc=0.946, norm=0.0407
REGINN:Gradient::k=13: rdisc=0.943, norm=0.0416
REGINN:Gradient::k=14: rdisc=0.943, norm=0.0422
REGINN:Gradient::k=15: rdisc=0.942, norm=0.0430
REGINN:Gradient::k=16: rdisc=0.942, norm=0.0436
REGINN:Gradient::k=17: rdisc=0.941, norm=0.0442
REGINN:Gradient::k=18: rdisc=0.941, norm=0.0450
REGINN:Gradient::k=19: rdisc=0.940, norm=0.0456
REGINN:Gradient::k=20: rdisc=0.940, norm=0.0470
REGINN:Gradient::k=21: rdisc=0.939, norm=0.0475
REGINN:Gradient::k=22: rdisc=0.936, norm=0.0551
REGINN:Gradient::k=23: rdisc=0.934, norm=0.0556
REGINN:Gradient::k=24: rdisc=0.887, norm=0.217
REGINN:Gradient::Target discrepancy reached after 24 iterations.
REGINN::i=18: rdisc=0.0290, rnorm=0.719, rerr=0.600
REGINN::-25.1 ≤ estimate ≤ 37.8
REGINN::
REGINN::Solving linear problem using rtol=0.920 and max_iter=44
REGINN:Gradient::k=0 : rdisc=1.00 , norm=0.00 
REGINN:Gradient::k=1 : rdisc=0.983, norm=0.00498
REGINN:Gradient::k=2 : rdisc=0.976, norm=0.00711
REGINN:Gradient::k=3 : rdisc=0.974, norm=0.00860
REGINN:Gradient::k=4 : rdisc=0.972, norm=0.0104
REGINN:Gradient::k=5 : rdisc=0.970, norm=0.0113
REGINN:Gradient::k=6 : rdisc=0.969, norm=0.0136
REGINN:Gradient::k=7 : rdisc=0.968, norm=0.0143
REGINN:Gradient::k=8 : rdisc=0.965, norm=0.0189
REGINN:Gradient::k=9 : rdisc=0.964, norm=0.0194
REGINN:Gradient::k=10: rdisc=0.955, norm=0.0435
REGINN:Gradient::k=11: rdisc=0.949, norm=0.0442
REGINN:Gradient::k=12: rdisc=0.948, norm=0.0450
REGINN:Gradient::k=13: rdisc=0.947, norm=0.0456
REGINN:Gradient::k=14: rdisc=0.947, norm=0.0464
REGINN:Gradient::k=15: rdisc=0.946, norm=0.0468
REGINN:Gradient::k=16: rdisc=0.946, norm=0.0484
REGINN:Gradient::k=17: rdisc=0.945, norm=0.0488
REGINN:Gradient::k=18: rdisc=0.941, norm=0.0605
REGINN:Gradient::k=19: rdisc=0.938, norm=0.0610
REGINN:Gradient::k=20: rdisc=0.930, norm=0.0861
REGINN:Gradient::k=21: rdisc=0.925, norm=0.0866
REGINN:Gradient::k=22: rdisc=0.924, norm=0.0868
REGINN:Gradient::k=23: rdisc=0.924, norm=0.0877
REGINN:Gradient::k=24: rdisc=0.923, norm=0.0879
REGINN:Gradient::k=25: rdisc=0.922, norm=0.0899
REGINN:Gradient::k=26: rdisc=0.922, norm=0.0900
REGINN:Gradient::k=27: rdisc=0.919, norm=0.0979
REGINN:Gradient::Target discrepancy reached after 27 iterations.
REGINN::i=19: rdisc=0.0268, rnorm=0.722, rerr=0.594
REGINN::-24.2 ≤ estimate ≤ 36.8
REGINN::
REGINN::Solving linear problem using rtol=0.928 and max_iter=51
REGINN:Gradient::k=0 : rdisc=1.00 , norm=0.00 
REGINN:Gradient::k=1 : rdisc=0.998, norm=0.00158
REGINN:Gradient::k=2 : rdisc=0.996, norm=0.00580
REGINN:Gradient::k=3 : rdisc=0.995, norm=0.00611
REGINN:Gradient::k=4 : rdisc=0.994, norm=0.00672
REGINN:Gradient::k=5 : rdisc=0.994, norm=0.00721
REGINN:Gradient::k=6 : rdisc=0.993, norm=0.00973
REGINN:Gradient::k=7 : rdisc=0.992, norm=0.0102
REGINN:Gradient::k=8 : rdisc=0.987, norm=0.0274
REGINN:Gradient::k=9 : rdisc=0.982, norm=0.0278
REGINN:Gradient::k=10: rdisc=0.978, norm=0.0396
REGINN:Gradient::k=11: rdisc=0.975, norm=0.0406
REGINN:Gradient::k=12: rdisc=0.974, norm=0.0431
REGINN:Gradient::k=13: rdisc=0.973, norm=0.0436
REGINN:Gradient::k=14: rdisc=0.973, norm=0.0443
REGINN:Gradient::k=15: rdisc=0.972, norm=0.0448
REGINN:Gradient::k=16: rdisc=0.972, norm=0.0458
REGINN:Gradient::k=17: rdisc=0.972, norm=0.0462
REGINN:Gradient::k=18: rdisc=0.971, norm=0.0485
REGINN:Gradient::k=19: rdisc=0.970, norm=0.0489
REGINN:Gradient::k=20: rdisc=0.966, norm=0.0627
REGINN:Gradient::k=21: rdisc=0.962, norm=0.0631
REGINN:Gradient::k=22: rdisc=0.944, norm=0.126
REGINN:Gradient::k=23: rdisc=0.936, norm=0.126
REGINN:Gradient::k=24: rdisc=0.932, norm=0.126
REGINN:Gradient::k=25: rdisc=0.931, norm=0.126
REGINN:Gradient::k=26: rdisc=0.929, norm=0.127
REGINN:Gradient::k=27: rdisc=0.929, norm=0.127
REGINN:Gradient::k=28: rdisc=0.927, norm=0.128
REGINN:Gradient::Target discrepancy reached after 28 iterations.
REGINN::Saving current residual in ./step-0020/
REGINN::Saving current estimate in ./step-0020/
REGINN::i=20: rdisc=0.0251, rnorm=0.727, rerr=0.585
REGINN::-23.9 ≤ estimate ≤ 35.3
REGINN::
REGINN::Solving linear problem using rtol=0.931 and max_iter=55
REGINN:Gradient::k=0 : rdisc=1.00 , norm=0.00 
REGINN:Gradient::k=1 : rdisc=0.998, norm=0.00142
REGINN:Gradient::k=2 : rdisc=0.997, norm=0.00306
REGINN:Gradient::k=3 : rdisc=0.996, norm=0.00344
REGINN:Gradient::k=4 : rdisc=0.996, norm=0.00526
REGINN:Gradient::k=5 : rdisc=0.995, norm=0.00572
REGINN:Gradient::k=6 : rdisc=0.991, norm=0.0176
REGINN:Gradient::k=7 : rdisc=0.988, norm=0.0180
REGINN:Gradient::k=8 : rdisc=0.986, norm=0.0210
REGINN:Gradient::k=9 : rdisc=0.985, norm=0.0217
REGINN:Gradient::k=10: rdisc=0.985, norm=0.0222
REGINN:Gradient::k=11: rdisc=0.985, norm=0.0228
REGINN:Gradient::k=12: rdisc=0.984, norm=0.0234
REGINN:Gradient::k=13: rdisc=0.984, norm=0.0239
REGINN:Gradient::k=14: rdisc=0.984, norm=0.0248
REGINN:Gradient::k=15: rdisc=0.983, norm=0.0252
REGINN:Gradient::k=16: rdisc=0.983, norm=0.0274
REGINN:Gradient::k=17: rdisc=0.982, norm=0.0277
REGINN:Gradient::k=18: rdisc=0.978, norm=0.0409
REGINN:Gradient::k=19: rdisc=0.974, norm=0.0412
REGINN:Gradient::k=20: rdisc=0.957, norm=0.0981
REGINN:Gradient::k=21: rdisc=0.950, norm=0.0981
REGINN:Gradient::k=22: rdisc=0.946, norm=0.0980
REGINN:Gradient::k=23: rdisc=0.945, norm=0.0982
REGINN:Gradient::k=24: rdisc=0.944, norm=0.0986
REGINN:Gradient::k=25: rdisc=0.943, norm=0.0988
REGINN:Gradient::k=26: rdisc=0.942, norm=0.0997
REGINN:Gradient::k=27: rdisc=0.942, norm=0.100
REGINN:Gradient::k=28: rdisc=0.940, norm=0.103
REGINN:Gradient::k=29: rdisc=0.939, norm=0.104
REGINN:Gradient::k=30: rdisc=0.936, norm=0.114
REGINN:Gradient::k=31: rdisc=0.933, norm=0.114
REGINN:Gradient::k=32: rdisc=0.932, norm=0.119
REGINN:Gradient::k=33: rdisc=0.931, norm=0.119
REGINN:Gradient::Target discrepancy reached after 33 iterations.
REGINN::i=21: rdisc=0.0235, rnorm=0.732, rerr=0.577
REGINN::-23.3 ≤ estimate ≤ 33.7
REGINN::
REGINN::Solving linear problem using rtol=0.941 and max_iter=61
REGINN:Gradient::k=0 : rdisc=1.00 , norm=0.00 
REGINN:Gradient::k=1 : rdisc=0.999, norm=0.00210
REGINN:Gradient::k=2 : rdisc=0.998, norm=0.00225
REGINN:Gradient::k=3 : rdisc=0.997, norm=0.00438
REGINN:Gradient::k=4 : rdisc=0.997, norm=0.00445
REGINN:Gradient::k=5 : rdisc=0.993, norm=0.0160
REGINN:Gradient::k=6 : rdisc=0.990, norm=0.0160
REGINN:Gradient::k=7 : rdisc=0.986, norm=0.0253
REGINN:Gradient::k=8 : rdisc=0.984, norm=0.0257
REGINN:Gradient::k=9 : rdisc=0.984, norm=0.0259
REGINN:Gradient::k=10: rdisc=0.983, norm=0.0270
REGINN:Gradient::k=11: rdisc=0.983, norm=0.0273
REGINN:Gradient::k=12: rdisc=0.982, norm=0.0306
REGINN:Gradient::k=13: rdisc=0.981, norm=0.0308
REGINN:Gradient::k=14: rdisc=0.975, norm=0.0511
REGINN:Gradient::k=15: rdisc=0.969, norm=0.0512
REGINN:Gradient::k=16: rdisc=0.968, norm=0.0542
REGINN:Gradient::k=17: rdisc=0.967, norm=0.0549
REGINN:Gradient::k=18: rdisc=0.967, norm=0.0554
REGINN:Gradient::k=19: rdisc=0.966, norm=0.0559
REGINN:Gradient::k=20: rdisc=0.966, norm=0.0565
REGINN:Gradient::k=21: rdisc=0.966, norm=0.0569
REGINN:Gradient::k=22: rdisc=0.965, norm=0.0580
REGINN:Gradient::k=23: rdisc=0.965, norm=0.0583
REGINN:Gradient::k=24: rdisc=0.964, norm=0.0623
REGINN:Gradient::k=25: rdisc=0.963, norm=0.0625
REGINN:Gradient::k=26: rdisc=0.952, norm=0.0987
REGINN:Gradient::k=27: rdisc=0.942, norm=0.0989
REGINN:Gradient::k=28: rdisc=0.939, norm=0.107
REGINN:Gradient::Target discrepancy reached after 28 iterations.
REGINN::i=22: rdisc=0.0223, rnorm=0.736, rerr=0.570
REGINN::-22.7 ≤ estimate ≤ 32.2
REGINN::
REGINN::Solving linear problem using rtol=0.894 and max_iter=61
REGINN:Gradient::k=0 : rdisc=1.00 , norm=0.00 
REGINN:Gradient::k=1 : rdisc=0.997, norm=0.00168
REGINN:Gradient::k=2 : rdisc=0.996, norm=0.00262
REGINN:Gradient::k=3 : rdisc=0.995, norm=0.00318
REGINN:Gradient::k=4 : rdisc=0.995, norm=0.00361
REGINN:Gradient::k=5 : rdisc=0.994, norm=0.00407
REGINN:Gradient::k=6 : rdisc=0.994, norm=0.00506
REGINN:Gradient::k=7 : rdisc=0.993, norm=0.00543
REGINN:Gradient::k=8 : rdisc=0.991, norm=0.0103
REGINN:Gradient::k=9 : rdisc=0.990, norm=0.0106
REGINN:Gradient::k=10: rdisc=0.970, norm=0.0726
REGINN:Gradient::k=11: rdisc=0.955, norm=0.0728
REGINN:Gradient::k=12: rdisc=0.954, norm=0.0734
REGINN:Gradient::k=13: rdisc=0.954, norm=0.0738
REGINN:Gradient::k=14: rdisc=0.953, norm=0.0743
REGINN:Gradient::k=15: rdisc=0.953, norm=0.0746
REGINN:Gradient::k=16: rdisc=0.953, norm=0.0755
REGINN:Gradient::k=17: rdisc=0.952, norm=0.0757
REGINN:Gradient::k=18: rdisc=0.951, norm=0.0782
REGINN:Gradient::k=19: rdisc=0.950, norm=0.0784
REGINN:Gradient::k=20: rdisc=0.947, norm=0.0887
REGINN:Gradient::k=21: rdisc=0.944, norm=0.0890
REGINN:Gradient::k=22: rdisc=0.927, norm=0.146
REGINN:Gradient::k=23: rdisc=0.913, norm=0.146
REGINN:Gradient::k=24: rdisc=0.912, norm=0.147
REGINN:Gradient::k=25: rdisc=0.911, norm=0.148
REGINN:Gradient::k=26: rdisc=0.910, norm=0.149
REGINN:Gradient::k=27: rdisc=0.910, norm=0.149
REGINN:Gradient::k=28: rdisc=0.909, norm=0.151
REGINN:Gradient::k=29: rdisc=0.909, norm=0.151
REGINN:Gradient::k=30: rdisc=0.906, norm=0.161
REGINN:Gradient::k=31: rdisc=0.903, norm=0.162
REGINN:Gradient::k=32: rdisc=0.901, norm=0.165
REGINN:Gradient::k=33: rdisc=0.900, norm=0.166
REGINN:Gradient::k=34: rdisc=0.900, norm=0.167
REGINN:Gradient::k=35: rdisc=0.900, norm=0.168
REGINN:Gradient::k=36: rdisc=0.899, norm=0.169
REGINN:Gradient::k=37: rdisc=0.899, norm=0.169
REGINN:Gradient::k=38: rdisc=0.897, norm=0.174
REGINN:Gradient::k=39: rdisc=0.896, norm=0.174
REGINN:Gradient::k=40: rdisc=0.895, norm=0.176
REGINN:Gradient::k=41: rdisc=0.895, norm=0.176
REGINN:Gradient::k=42: rdisc=0.895, norm=0.177
REGINN:Gradient::k=43: rdisc=0.894, norm=0.177
REGINN:Gradient::Target discrepancy reached after 43 iterations.
REGINN::i=23: rdisc=0.0202, rnorm=0.744, rerr=0.558
REGINN::-21.3 ≤ estimate ≤ 29.9
REGINN::
REGINN::Solving linear problem using rtol=0.931 and max_iter=71
REGINN:Gradient::k=0 : rdisc=1.00 , norm=0.00 
REGINN:Gradient::k=1 : rdisc=0.998, norm=0.00117
REGINN:Gradient::k=2 : rdisc=0.997, norm=0.00200
REGINN:Gradient::k=3 : rdisc=0.997, norm=0.00250
REGINN:Gradient::k=4 : rdisc=0.996, norm=0.00337
REGINN:Gradient::k=5 : rdisc=0.996, norm=0.00371
REGINN:Gradient::k=6 : rdisc=0.995, norm=0.00621
REGINN:Gradient::k=7 : rdisc=0.994, norm=0.00647
REGINN:Gradient::k=8 : rdisc=0.985, norm=0.0309
REGINN:Gradient::k=9 : rdisc=0.979, norm=0.0310
REGINN:Gradient::k=10: rdisc=0.974, norm=0.0428
REGINN:Gradient::k=11: rdisc=0.972, norm=0.0430
REGINN:Gradient::k=12: rdisc=0.971, norm=0.0434
REGINN:Gradient::k=13: rdisc=0.971, norm=0.0437
REGINN:Gradient::k=14: rdisc=0.970, norm=0.0444
REGINN:Gradient::k=15: rdisc=0.970, norm=0.0446
REGINN:Gradient::k=16: rdisc=0.969, norm=0.0461
REGINN:Gradient::k=17: rdisc=0.969, norm=0.0463
REGINN:Gradient::k=18: rdisc=0.966, norm=0.0540
REGINN:Gradient::k=19: rdisc=0.964, norm=0.0543
REGINN:Gradient::k=20: rdisc=0.961, norm=0.0619
REGINN:Gradient::k=21: rdisc=0.960, norm=0.0621
REGINN:Gradient::k=22: rdisc=0.959, norm=0.0627
REGINN:Gradient::k=23: rdisc=0.959, norm=0.0629
REGINN:Gradient::k=24: rdisc=0.958, norm=0.0650
REGINN:Gradient::k=25: rdisc=0.957, norm=0.0652
REGINN:Gradient::k=26: rdisc=0.955, norm=0.0711
REGINN:Gradient::k=27: rdisc=0.954, norm=0.0713
REGINN:Gradient::k=28: rdisc=0.953, norm=0.0734
REGINN:Gradient::k=29: rdisc=0.952, norm=0.0737
REGINN:Gradient::k=30: rdisc=0.952, norm=0.0743
REGINN:Gradient::k=31: rdisc=0.952, norm=0.0745
REGINN:Gradient::k=32: rdisc=0.951, norm=0.0758
REGINN:Gradient::k=33: rdisc=0.951, norm=0.0760
REGINN:Gradient::k=34: rdisc=0.949, norm=0.0820
REGINN:Gradient::k=35: rdisc=0.947, norm=0.0822
REGINN:Gradient::k=36: rdisc=0.943, norm=0.0966
REGINN:Gradient::k=37: rdisc=0.940, norm=0.0967
REGINN:Gradient::k=38: rdisc=0.939, norm=0.0971
REGINN:Gradient::k=39: rdisc=0.938, norm=0.0973
REGINN:Gradient::k=40: rdisc=0.938, norm=0.0987
REGINN:Gradient::k=41: rdisc=0.937, norm=0.0989
REGINN:Gradient::k=42: rdisc=0.936, norm=0.103
REGINN:Gradient::k=43: rdisc=0.935, norm=0.103
REGINN:Gradient::k=44: rdisc=0.933, norm=0.108
REGINN:Gradient::k=45: rdisc=0.932, norm=0.108
REGINN:Gradient::k=46: rdisc=0.932, norm=0.109
REGINN:Gradient::k=47: rdisc=0.931, norm=0.109
REGINN:Gradient::k=48: rdisc=0.931, norm=0.110
REGINN:Gradient::Target discrepancy reached after 48 iterations.
REGINN::i=24: rdisc=0.0190, rnorm=0.748, rerr=0.551
REGINN::-20.3 ≤ estimate ≤ 29.3
REGINN::
REGINN::Solving linear problem using rtol=0.938 and max_iter=91
REGINN:Gradient::k=0 : rdisc=1.00 , norm=0.00 
REGINN:Gradient::k=1 : rdisc=0.999, norm=0.000803
REGINN:Gradient::k=2 : rdisc=0.998, norm=0.00164
REGINN:Gradient::k=3 : rdisc=0.998, norm=0.00198
REGINN:Gradient::k=4 : rdisc=0.997, norm=0.00340
REGINN:Gradient::k=5 : rdisc=0.997, norm=0.00365
REGINN:Gradient::k=6 : rdisc=0.993, norm=0.0143
REGINN:Gradient::k=7 : rdisc=0.990, norm=0.0144
REGINN:Gradient::k=8 : rdisc=0.984, norm=0.0318
REGINN:Gradient::k=9 : rdisc=0.980, norm=0.0318
REGINN:Gradient::k=10: rdisc=0.979, norm=0.0320
REGINN:Gradient::k=11: rdisc=0.979, norm=0.0322
REGINN:Gradient::k=12: rdisc=0.979, norm=0.0327
REGINN:Gradient::k=13: rdisc=0.978, norm=0.0329
REGINN:Gradient::k=14: rdisc=0.978, norm=0.0339
REGINN:Gradient::k=15: rdisc=0.977, norm=0.0341
REGINN:Gradient::k=16: rdisc=0.976, norm=0.0382
REGINN:Gradient::k=17: rdisc=0.975, norm=0.0384
REGINN:Gradient::k=18: rdisc=0.963, norm=0.0743
REGINN:Gradient::k=19: rdisc=0.954, norm=0.0745
REGINN:Gradient::k=20: rdisc=0.953, norm=0.0747
REGINN:Gradient::k=21: rdisc=0.953, norm=0.0749
REGINN:Gradient::k=22: rdisc=0.952, norm=0.0756
REGINN:Gradient::k=23: rdisc=0.952, norm=0.0758
REGINN:Gradient::k=24: rdisc=0.951, norm=0.0782
REGINN:Gradient::k=25: rdisc=0.950, norm=0.0784
REGINN:Gradient::k=26: rdisc=0.946, norm=0.0913
REGINN:Gradient::k=27: rdisc=0.942, norm=0.0915
REGINN:Gradient::k=28: rdisc=0.940, norm=0.0971
REGINN:Gradient::k=29: rdisc=0.939, norm=0.0975
REGINN:Gradient::k=30: rdisc=0.939, norm=0.0977
REGINN:Gradient::k=31: rdisc=0.938, norm=0.0984
REGINN:Gradient::Target discrepancy reached after 31 iterations.
REGINN::i=25: rdisc=0.0179, rnorm=0.752, rerr=0.544
REGINN::-19.2 ≤ estimate ≤ 28.5
REGINN::
REGINN::Solving linear problem using rtol=0.891 and max_iter=79
REGINN:Gradient::k=0 : rdisc=1.00 , norm=0.00 
REGINN:Gradient::k=1 : rdisc=0.999, norm=0.00228
REGINN:Gradient::k=2 : rdisc=0.998, norm=0.00236
REGINN:Gradient::k=3 : rdisc=0.998, norm=0.00257
REGINN:Gradient::k=4 : rdisc=0.998, norm=0.00299
REGINN:Gradient::k=5 : rdisc=0.998, norm=0.00324
REGINN:Gradient::k=6 : rdisc=0.997, norm=0.00383
REGINN:Gradient::k=7 : rdisc=0.997, norm=0.00403
REGINN:Gradient::k=8 : rdisc=0.996, norm=0.00538
REGINN:Gradient::k=9 : rdisc=0.996, norm=0.00549
REGINN:Gradient::k=10: rdisc=0.992, norm=0.0184
REGINN:Gradient::k=11: rdisc=0.988, norm=0.0184
REGINN:Gradient::k=12: rdisc=0.983, norm=0.0306
REGINN:Gradient::k=13: rdisc=0.981, norm=0.0307
REGINN:Gradient::k=14: rdisc=0.980, norm=0.0309
REGINN:Gradient::k=15: rdisc=0.980, norm=0.0311
REGINN:Gradient::k=16: rdisc=0.980, norm=0.0314
REGINN:Gradient::k=17: rdisc=0.979, norm=0.0318
REGINN:Gradient::k=18: rdisc=0.979, norm=0.0320
REGINN:Gradient::k=19: rdisc=0.979, norm=0.0326
REGINN:Gradient::k=20: rdisc=0.979, norm=0.0327
REGINN:Gradient::k=21: rdisc=0.978, norm=0.0345
REGINN:Gradient::k=22: rdisc=0.977, norm=0.0346
REGINN:Gradient::k=23: rdisc=0.974, norm=0.0449
REGINN:Gradient::k=24: rdisc=0.971, norm=0.0450
REGINN:Gradient::k=25: rdisc=0.965, norm=0.0619
REGINN:Gradient::k=26: rdisc=0.962, norm=0.0620
REGINN:Gradient::k=27: rdisc=0.961, norm=0.0621
REGINN:Gradient::k=28: rdisc=0.960, norm=0.0628
REGINN:Gradient::k=29: rdisc=0.960, norm=0.0629
REGINN:Gradient::k=30: rdisc=0.959, norm=0.0652
REGINN:Gradient::k=31: rdisc=0.958, norm=0.0653
REGINN:Gradient::k=32: rdisc=0.957, norm=0.0693
REGINN:Gradient::k=33: rdisc=0.956, norm=0.0694
REGINN:Gradient::k=34: rdisc=0.955, norm=0.0698
REGINN:Gradient::k=35: rdisc=0.955, norm=0.0701
REGINN:Gradient::k=36: rdisc=0.955, norm=0.0705
REGINN:Gradient::k=37: rdisc=0.955, norm=0.0708
REGINN:Gradient::k=38: rdisc=0.954, norm=0.0712
REGINN:Gradient::k=39: rdisc=0.954, norm=0.0714
REGINN:Gradient::k=40: rdisc=0.954, norm=0.0723
REGINN:Gradient::k=41: rdisc=0.954, norm=0.0725
REGINN:Gradient::k=42: rdisc=0.952, norm=0.0760
REGINN:Gradient::k=43: rdisc=0.951, norm=0.0762
REGINN:Gradient::k=44: rdisc=0.939, norm=0.114
REGINN:Gradient::k=45: rdisc=0.929, norm=0.115
REGINN:Gradient::k=46: rdisc=0.928, norm=0.115
REGINN:Gradient::k=47: rdisc=0.927, norm=0.115
REGINN:Gradient::k=48: rdisc=0.927, norm=0.117
REGINN:Gradient::k=49: rdisc=0.926, norm=0.117
REGINN:Gradient::k=50: rdisc=0.925, norm=0.122
REGINN:Gradient::k=51: rdisc=0.923, norm=0.122
REGINN:Gradient::k=52: rdisc=0.922, norm=0.124
REGINN:Gradient::k=53: rdisc=0.922, norm=0.124
REGINN:Gradient::k=54: rdisc=0.922, norm=0.124
REGINN:Gradient::k=55: rdisc=0.922, norm=0.124
REGINN:Gradient::k=56: rdisc=0.922, norm=0.125
REGINN:Gradient::k=57: rdisc=0.921, norm=0.125
REGINN:Gradient::k=58: rdisc=0.921, norm=0.126
REGINN:Gradient::k=59: rdisc=0.921, norm=0.126
REGINN:Gradient::k=60: rdisc=0.920, norm=0.127
REGINN:Gradient::k=61: rdisc=0.920, norm=0.127
REGINN:Gradient::k=62: rdisc=0.918, norm=0.135
REGINN:Gradient::k=63: rdisc=0.915, norm=0.135
REGINN:Gradient::k=64: rdisc=0.907, norm=0.161
REGINN:Gradient::k=65: rdisc=0.903, norm=0.161
REGINN:Gradient::k=66: rdisc=0.901, norm=0.161
REGINN:Gradient::k=67: rdisc=0.901, norm=0.161
REGINN:Gradient::k=68: rdisc=0.900, norm=0.161
REGINN:Gradient::k=69: rdisc=0.900, norm=0.161
REGINN:Gradient::k=70: rdisc=0.900, norm=0.162
REGINN:Gradient::k=71: rdisc=0.899, norm=0.162
REGINN:Gradient::k=72: rdisc=0.898, norm=0.165
REGINN:Gradient::k=73: rdisc=0.897, norm=0.165
REGINN:Gradient::k=74: rdisc=0.892, norm=0.183
REGINN:Gradient::k=75: rdisc=0.888, norm=0.183
REGINN:Gradient::Target discrepancy reached after 75 iterations.
REGINN::i=26: rdisc=0.0161, rnorm=0.760, rerr=0.533
REGINN::-17.1 ≤ estimate ≤ 27.0
REGINN::
REGINN::Solving linear problem using rtol=0.955 and max_iter=106
REGINN:Gradient::k=0 : rdisc=1.00 , norm=0.00 
REGINN:Gradient::k=1 : rdisc=0.999, norm=0.000977
REGINN:Gradient::k=2 : rdisc=0.998, norm=0.00141
REGINN:Gradient::k=3 : rdisc=0.997, norm=0.00187
REGINN:Gradient::k=4 : rdisc=0.997, norm=0.00224
REGINN:Gradient::k=5 : rdisc=0.997, norm=0.00256
REGINN:Gradient::k=6 : rdisc=0.996, norm=0.00301
REGINN:Gradient::k=7 : rdisc=0.996, norm=0.00324
REGINN:Gradient::k=8 : rdisc=0.995, norm=0.00452
REGINN:Gradient::k=9 : rdisc=0.995, norm=0.00468
REGINN:Gradient::k=10: rdisc=0.991, norm=0.0147
REGINN:Gradient::k=11: rdisc=0.988, norm=0.0148
REGINN:Gradient::k=12: rdisc=0.984, norm=0.0237
REGINN:Gradient::k=13: rdisc=0.982, norm=0.0242
REGINN:Gradient::k=14: rdisc=0.981, norm=0.0250
REGINN:Gradient::k=15: rdisc=0.980, norm=0.0257
REGINN:Gradient::k=16: rdisc=0.980, norm=0.0267
REGINN:Gradient::k=17: rdisc=0.979, norm=0.0271
REGINN:Gradient::k=18: rdisc=0.979, norm=0.0273
REGINN:Gradient::k=19: rdisc=0.979, norm=0.0281
REGINN:Gradient::k=20: rdisc=0.978, norm=0.0282
REGINN:Gradient::k=21: rdisc=0.977, norm=0.0319
REGINN:Gradient::k=22: rdisc=0.976, norm=0.0320
REGINN:Gradient::k=23: rdisc=0.963, norm=0.0709
REGINN:Gradient::k=24: rdisc=0.956, norm=0.0709
REGINN:Gradient::k=25: rdisc=0.953, norm=0.0709
REGINN:Gradient::Target discrepancy reached after 25 iterations.
REGINN::i=27: rdisc=0.0155, rnorm=0.762, rerr=0.529
REGINN::-16.5 ≤ estimate ≤ 26.3
REGINN::
REGINN::Solving linear problem using rtol=0.907 and max_iter=100
REGINN:Gradient::k=0 : rdisc=1.00 , norm=0.00 
REGINN:Gradient::k=1 : rdisc=0.999, norm=0.000811
REGINN:Gradient::k=2 : rdisc=0.998, norm=0.00140
REGINN:Gradient::k=3 : rdisc=0.997, norm=0.00172
REGINN:Gradient::k=4 : rdisc=0.997, norm=0.00273
REGINN:Gradient::k=5 : rdisc=0.996, norm=0.00292
REGINN:Gradient::k=6 : rdisc=0.995, norm=0.00597
REGINN:Gradient::k=7 : rdisc=0.994, norm=0.00614
REGINN:Gradient::k=8 : rdisc=0.988, norm=0.0211
REGINN:Gradient::k=9 : rdisc=0.985, norm=0.0212
REGINN:Gradient::k=10: rdisc=0.984, norm=0.0213
REGINN:Gradient::k=11: rdisc=0.984, norm=0.0215
REGINN:Gradient::k=12: rdisc=0.983, norm=0.0219
REGINN:Gradient::k=13: rdisc=0.983, norm=0.0221
REGINN:Gradient::k=14: rdisc=0.982, norm=0.0234
REGINN:Gradient::k=15: rdisc=0.982, norm=0.0236
REGINN:Gradient::k=16: rdisc=0.980, norm=0.0291
REGINN:Gradient::k=17: rdisc=0.978, norm=0.0293
REGINN:Gradient::k=18: rdisc=0.972, norm=0.0458
REGINN:Gradient::k=19: rdisc=0.970, norm=0.0459
REGINN:Gradient::k=20: rdisc=0.969, norm=0.0460
REGINN:Gradient::k=21: rdisc=0.968, norm=0.0462
REGINN:Gradient::k=22: rdisc=0.967, norm=0.0464
REGINN:Gradient::k=23: rdisc=0.967, norm=0.0466
REGINN:Gradient::k=24: rdisc=0.967, norm=0.0471
REGINN:Gradient::k=25: rdisc=0.966, norm=0.0472
REGINN:Gradient::k=26: rdisc=0.966, norm=0.0489
REGINN:Gradient::k=27: rdisc=0.965, norm=0.0491
REGINN:Gradient::k=28: rdisc=0.961, norm=0.0593
REGINN:Gradient::k=29: rdisc=0.958, norm=0.0595
REGINN:Gradient::k=30: rdisc=0.955, norm=0.0661
REGINN:Gradient::k=31: rdisc=0.955, norm=0.0663
REGINN:Gradient::k=32: rdisc=0.954, norm=0.0665
REGINN:Gradient::k=33: rdisc=0.954, norm=0.0670
REGINN:Gradient::k=34: rdisc=0.954, norm=0.0671
REGINN:Gradient::k=35: rdisc=0.953, norm=0.0686
REGINN:Gradient::k=36: rdisc=0.952, norm=0.0687
REGINN:Gradient::k=37: rdisc=0.949, norm=0.0769
REGINN:Gradient::k=38: rdisc=0.947, norm=0.0770
REGINN:Gradient::k=39: rdisc=0.946, norm=0.0803
REGINN:Gradient::k=40: rdisc=0.945, norm=0.0805
REGINN:Gradient::k=41: rdisc=0.945, norm=0.0806
REGINN:Gradient::k=42: rdisc=0.944, norm=0.0809
REGINN:Gradient::k=43: rdisc=0.944, norm=0.0812
REGINN:Gradient::k=44: rdisc=0.944, norm=0.0814
REGINN:Gradient::k=45: rdisc=0.944, norm=0.0818
REGINN:Gradient::k=46: rdisc=0.944, norm=0.0820
REGINN:Gradient::k=47: rdisc=0.943, norm=0.0830
REGINN:Gradient::k=48: rdisc=0.943, norm=0.0832
REGINN:Gradient::k=49: rdisc=0.941, norm=0.0901
REGINN:Gradient::k=50: rdisc=0.938, norm=0.0902
REGINN:Gradient::k=51: rdisc=0.932, norm=0.107
REGINN:Gradient::k=52: rdisc=0.928, norm=0.108
REGINN:Gradient::k=53: rdisc=0.928, norm=0.108
REGINN:Gradient::k=54: rdisc=0.927, norm=0.108
REGINN:Gradient::k=55: rdisc=0.927, norm=0.108
REGINN:Gradient::k=56: rdisc=0.927, norm=0.109
REGINN:Gradient::k=57: rdisc=0.926, norm=0.109
REGINN:Gradient::k=58: rdisc=0.925, norm=0.113
REGINN:Gradient::k=59: rdisc=0.924, norm=0.113
REGINN:Gradient::k=60: rdisc=0.921, norm=0.122
REGINN:Gradient::k=61: rdisc=0.919, norm=0.122
REGINN:Gradient::k=62: rdisc=0.919, norm=0.122
REGINN:Gradient::k=63: rdisc=0.918, norm=0.122
REGINN:Gradient::k=64: rdisc=0.918, norm=0.123
REGINN:Gradient::k=65: rdisc=0.918, norm=0.123
REGINN:Gradient::k=66: rdisc=0.917, norm=0.125
REGINN:Gradient::k=67: rdisc=0.916, norm=0.125
REGINN:Gradient::k=68: rdisc=0.910, norm=0.145
REGINN:Gradient::k=69: rdisc=0.905, norm=0.146
REGINN:Gradient::Target discrepancy reached after 69 iterations.
REGINN::i=28: rdisc=0.0141, rnorm=0.769, rerr=0.521
REGINN::-14.9 ≤ estimate ≤ 26.9
REGINN::
REGINN::Solving linear problem using rtol=0.966 and max_iter=94
REGINN:Gradient::k=0 : rdisc=1.00 , norm=0.00 
REGINN:Gradient::k=1 : rdisc=0.999, norm=0.000955
REGINN:Gradient::k=2 : rdisc=0.998, norm=0.00118
REGINN:Gradient::k=3 : rdisc=0.998, norm=0.00161
REGINN:Gradient::k=4 : rdisc=0.997, norm=0.00179
REGINN:Gradient::k=5 : rdisc=0.997, norm=0.00211
REGINN:Gradient::k=6 : rdisc=0.997, norm=0.00226
REGINN:Gradient::k=7 : rdisc=0.997, norm=0.00264
REGINN:Gradient::k=8 : rdisc=0.997, norm=0.00275
REGINN:Gradient::k=9 : rdisc=0.996, norm=0.00345
REGINN:Gradient::k=10: rdisc=0.996, norm=0.00350
REGINN:Gradient::k=11: rdisc=0.994, norm=0.00771
REGINN:Gradient::k=12: rdisc=0.993, norm=0.00766
REGINN:Gradient::k=13: rdisc=0.982, norm=0.0381
REGINN:Gradient::k=14: rdisc=0.975, norm=0.0382
REGINN:Gradient::k=15: rdisc=0.974, norm=0.0383
REGINN:Gradient::k=16: rdisc=0.973, norm=0.0385
REGINN:Gradient::k=17: rdisc=0.972, norm=0.0387
REGINN:Gradient::k=18: rdisc=0.972, norm=0.0389
REGINN:Gradient::k=19: rdisc=0.972, norm=0.0391
REGINN:Gradient::k=20: rdisc=0.971, norm=0.0394
REGINN:Gradient::k=21: rdisc=0.971, norm=0.0396
REGINN:Gradient::k=22: rdisc=0.971, norm=0.0405
REGINN:Gradient::k=23: rdisc=0.970, norm=0.0406
REGINN:Gradient::k=24: rdisc=0.968, norm=0.0460
REGINN:Gradient::k=25: rdisc=0.966, norm=0.0461
REGINN:Gradient::Target discrepancy reached after 25 iterations.
REGINN::i=29: rdisc=0.0137, rnorm=0.770, rerr=0.518
REGINN::-14.4 ≤ estimate ≤ 27.2
REGINN::
REGINN::Solving linear problem using rtol=0.918 and max_iter=94
REGINN:Gradient::k=0 : rdisc=1.00 , norm=0.00 
REGINN:Gradient::k=1 : rdisc=1.00 , norm=0.000902
REGINN:Gradient::k=2 : rdisc=0.999, norm=0.000942
REGINN:Gradient::k=3 : rdisc=0.998, norm=0.00311
REGINN:Gradient::k=4 : rdisc=0.998, norm=0.00316
REGINN:Gradient::k=5 : rdisc=0.995, norm=0.0103
REGINN:Gradient::k=6 : rdisc=0.993, norm=0.0103
REGINN:Gradient::k=7 : rdisc=0.993, norm=0.0105
REGINN:Gradient::k=8 : rdisc=0.993, norm=0.0107
REGINN:Gradient::k=9 : rdisc=0.992, norm=0.0109
REGINN:Gradient::k=10: rdisc=0.992, norm=0.0111
REGINN:Gradient::k=11: rdisc=0.992, norm=0.0114
REGINN:Gradient::k=12: rdisc=0.992, norm=0.0115
REGINN:Gradient::k=13: rdisc=0.992, norm=0.0120
REGINN:Gradient::k=14: rdisc=0.992, norm=0.0121
REGINN:Gradient::k=15: rdisc=0.991, norm=0.0131
REGINN:Gradient::k=16: rdisc=0.991, norm=0.0132
REGINN:Gradient::k=17: rdisc=0.984, norm=0.0336
REGINN:Gradient::k=18: rdisc=0.977, norm=0.0336
REGINN:Gradient::k=19: rdisc=0.977, norm=0.0342
REGINN:Gradient::k=20: rdisc=0.976, norm=0.0343
REGINN:Gradient::k=21: rdisc=0.976, norm=0.0350
REGINN:Gradient::k=22: rdisc=0.976, norm=0.0351
REGINN:Gradient::k=23: rdisc=0.975, norm=0.0374
REGINN:Gradient::k=24: rdisc=0.974, norm=0.0375
REGINN:Gradient::k=25: rdisc=0.972, norm=0.0422
REGINN:Gradient::k=26: rdisc=0.971, norm=0.0424
REGINN:Gradient::k=27: rdisc=0.971, norm=0.0426
REGINN:Gradient::k=28: rdisc=0.971, norm=0.0428
REGINN:Gradient::k=29: rdisc=0.971, norm=0.0430
REGINN:Gradient::k=30: rdisc=0.970, norm=0.0432
REGINN:Gradient::k=31: rdisc=0.970, norm=0.0434
REGINN:Gradient::k=32: rdisc=0.970, norm=0.0437
REGINN:Gradient::k=33: rdisc=0.970, norm=0.0439
REGINN:Gradient::k=34: rdisc=0.970, norm=0.0445
REGINN:Gradient::k=35: rdisc=0.969, norm=0.0446
REGINN:Gradient::k=36: rdisc=0.968, norm=0.0480
REGINN:Gradient::k=37: rdisc=0.967, norm=0.0481
REGINN:Gradient::k=38: rdisc=0.954, norm=0.0852
REGINN:Gradient::k=39: rdisc=0.947, norm=0.0851
REGINN:Gradient::k=40: rdisc=0.945, norm=0.0852
REGINN:Gradient::k=41: rdisc=0.944, norm=0.0852
REGINN:Gradient::k=42: rdisc=0.943, norm=0.0854
REGINN:Gradient::k=43: rdisc=0.943, norm=0.0855
REGINN:Gradient::k=44: rdisc=0.942, norm=0.0861
REGINN:Gradient::k=45: rdisc=0.942, norm=0.0862
REGINN:Gradient::k=46: rdisc=0.941, norm=0.0884
REGINN:Gradient::k=47: rdisc=0.940, norm=0.0885
REGINN:Gradient::k=48: rdisc=0.936, norm=0.100
REGINN:Gradient::k=49: rdisc=0.933, norm=0.100
REGINN:Gradient::k=50: rdisc=0.933, norm=0.100
REGINN:Gradient::k=51: rdisc=0.932, norm=0.100
REGINN:Gradient::k=52: rdisc=0.932, norm=0.101
REGINN:Gradient::k=53: rdisc=0.932, norm=0.101
REGINN:Gradient::k=54: rdisc=0.931, norm=0.103
REGINN:Gradient::k=55: rdisc=0.930, norm=0.104
REGINN:Gradient::k=56: rdisc=0.929, norm=0.108
REGINN:Gradient::k=57: rdisc=0.928, norm=0.109
REGINN:Gradient::k=58: rdisc=0.927, norm=0.109
REGINN:Gradient::k=59: rdisc=0.927, norm=0.109
REGINN:Gradient::k=60: rdisc=0.927, norm=0.109
REGINN:Gradient::k=61: rdisc=0.927, norm=0.109
REGINN:Gradient::k=62: rdisc=0.926, norm=0.110
REGINN:Gradient::k=63: rdisc=0.926, norm=0.110
REGINN:Gradient::k=64: rdisc=0.926, norm=0.112
REGINN:Gradient::k=65: rdisc=0.925, norm=0.112
REGINN:Gradient::k=66: rdisc=0.921, norm=0.124
REGINN:Gradient::k=67: rdisc=0.918, norm=0.124
REGINN:Gradient::Target discrepancy reached after 67 iterations.
REGINN::Saving current residual in ./step-0030/
REGINN::Saving current estimate in ./step-0030/
REGINN::i=30: rdisc=0.0127, rnorm=0.776, rerr=0.511
REGINN::-13.8 ≤ estimate ≤ 27.9
REGINN::
REGINN::Solving linear problem using rtol=0.969 and max_iter=92
REGINN:Gradient::k=0 : rdisc=1.00 , norm=0.00 
REGINN:Gradient::k=1 : rdisc=0.999, norm=0.00103
REGINN:Gradient::k=2 : rdisc=0.999, norm=0.00115
REGINN:Gradient::k=3 : rdisc=0.998, norm=0.00133
REGINN:Gradient::k=4 : rdisc=0.998, norm=0.00156
REGINN:Gradient::k=5 : rdisc=0.998, norm=0.00170
REGINN:Gradient::k=6 : rdisc=0.998, norm=0.00207
REGINN:Gradient::k=7 : rdisc=0.997, norm=0.00216
REGINN:Gradient::k=8 : rdisc=0.997, norm=0.00347
REGINN:Gradient::k=9 : rdisc=0.996, norm=0.00352
REGINN:Gradient::k=10: rdisc=0.991, norm=0.0183
REGINN:Gradient::k=11: rdisc=0.986, norm=0.0183
REGINN:Gradient::k=12: rdisc=0.986, norm=0.0195
REGINN:Gradient::k=13: rdisc=0.985, norm=0.0196
REGINN:Gradient::k=14: rdisc=0.985, norm=0.0197
REGINN:Gradient::k=15: rdisc=0.985, norm=0.0199
REGINN:Gradient::k=16: rdisc=0.985, norm=0.0200
REGINN:Gradient::k=17: rdisc=0.985, norm=0.0202
REGINN:Gradient::k=18: rdisc=0.984, norm=0.0204
REGINN:Gradient::k=19: rdisc=0.984, norm=0.0206
REGINN:Gradient::k=20: rdisc=0.984, norm=0.0211
REGINN:Gradient::k=21: rdisc=0.984, norm=0.0211
REGINN:Gradient::k=22: rdisc=0.983, norm=0.0235
REGINN:Gradient::k=23: rdisc=0.982, norm=0.0235
REGINN:Gradient::k=24: rdisc=0.973, norm=0.0496
REGINN:Gradient::k=25: rdisc=0.966, norm=0.0496
REGINN:Gradient::Target discrepancy reached after 25 iterations.
REGINN::i=31: rdisc=0.0123, rnorm=0.778, rerr=0.509
REGINN::-14.0 ≤ estimate ≤ 28.1
REGINN::
REGINN::Solving linear problem using rtol=0.921 and max_iter=92
REGINN:Gradient::k=0 : rdisc=1.00 , norm=0.00 
REGINN:Gradient::k=1 : rdisc=0.999, norm=0.00136
REGINN:Gradient::k=2 : rdisc=0.998, norm=0.00143
REGINN:Gradient::k=3 : rdisc=0.998, norm=0.00246
REGINN:Gradient::k=4 : rdisc=0.997, norm=0.00251
REGINN:Gradient::k=5 : rdisc=0.996, norm=0.00495
REGINN:Gradient::k=6 : rdisc=0.996, norm=0.00500
REGINN:Gradient::k=7 : rdisc=0.995, norm=0.00515
REGINN:Gradient::k=8 : rdisc=0.995, norm=0.00532
REGINN:Gradient::k=9 : rdisc=0.995, norm=0.00544
REGINN:Gradient::k=10: rdisc=0.995, norm=0.00568
REGINN:Gradient::k=11: rdisc=0.995, norm=0.00579
REGINN:Gradient::k=12: rdisc=0.994, norm=0.00613
REGINN:Gradient::k=13: rdisc=0.994, norm=0.00620
REGINN:Gradient::k=14: rdisc=0.994, norm=0.00719
REGINN:Gradient::k=15: rdisc=0.994, norm=0.00721
REGINN:Gradient::k=16: rdisc=0.983, norm=0.0352
REGINN:Gradient::k=17: rdisc=0.976, norm=0.0351
REGINN:Gradient::k=18: rdisc=0.975, norm=0.0353
REGINN:Gradient::k=19: rdisc=0.975, norm=0.0354
REGINN:Gradient::k=20: rdisc=0.974, norm=0.0358
REGINN:Gradient::k=21: rdisc=0.974, norm=0.0359
REGINN:Gradient::k=22: rdisc=0.973, norm=0.0374
REGINN:Gradient::k=23: rdisc=0.973, norm=0.0374
REGINN:Gradient::k=24: rdisc=0.968, norm=0.0492
REGINN:Gradient::k=25: rdisc=0.965, norm=0.0493
REGINN:Gradient::k=26: rdisc=0.964, norm=0.0494
REGINN:Gradient::k=27: rdisc=0.964, norm=0.0497
REGINN:Gradient::k=28: rdisc=0.964, norm=0.0498
REGINN:Gradient::k=29: rdisc=0.963, norm=0.0509
REGINN:Gradient::k=30: rdisc=0.963, norm=0.0510
REGINN:Gradient::k=31: rdisc=0.953, norm=0.0783
REGINN:Gradient::k=32: rdisc=0.948, norm=0.0783
REGINN:Gradient::k=33: rdisc=0.947, norm=0.0785
REGINN:Gradient::k=34: rdisc=0.946, norm=0.0785
REGINN:Gradient::k=35: rdisc=0.946, norm=0.0788
REGINN:Gradient::k=36: rdisc=0.945, norm=0.0788
REGINN:Gradient::k=37: rdisc=0.945, norm=0.0792
REGINN:Gradient::k=38: rdisc=0.945, norm=0.0793
REGINN:Gradient::k=39: rdisc=0.944, norm=0.0799
REGINN:Gradient::k=40: rdisc=0.944, norm=0.0800
REGINN:Gradient::k=41: rdisc=0.942, norm=0.0840
REGINN:Gradient::k=42: rdisc=0.941, norm=0.0840
REGINN:Gradient::k=43: rdisc=0.939, norm=0.0881
REGINN:Gradient::k=44: rdisc=0.938, norm=0.0882
REGINN:Gradient::k=45: rdisc=0.938, norm=0.0884
REGINN:Gradient::k=46: rdisc=0.938, norm=0.0885
REGINN:Gradient::k=47: rdisc=0.938, norm=0.0887
REGINN:Gradient::k=48: rdisc=0.938, norm=0.0889
REGINN:Gradient::k=49: rdisc=0.938, norm=0.0890
REGINN:Gradient::k=50: rdisc=0.937, norm=0.0894
REGINN:Gradient::k=51: rdisc=0.937, norm=0.0895
REGINN:Gradient::k=52: rdisc=0.937, norm=0.0909
REGINN:Gradient::k=53: rdisc=0.936, norm=0.0910
REGINN:Gradient::k=54: rdisc=0.931, norm=0.106
REGINN:Gradient::k=55: rdisc=0.927, norm=0.106
REGINN:Gradient::k=56: rdisc=0.926, norm=0.106
REGINN:Gradient::k=57: rdisc=0.926, norm=0.106
REGINN:Gradient::k=58: rdisc=0.926, norm=0.107
REGINN:Gradient::k=59: rdisc=0.926, norm=0.107
REGINN:Gradient::k=60: rdisc=0.925, norm=0.108
REGINN:Gradient::k=61: rdisc=0.925, norm=0.108
REGINN:Gradient::k=62: rdisc=0.923, norm=0.114
REGINN:Gradient::k=63: rdisc=0.922, norm=0.114
REGINN:Gradient::k=64: rdisc=0.921, norm=0.114
REGINN:Gradient::k=65: rdisc=0.921, norm=0.114
REGINN:Gradient::k=66: rdisc=0.921, norm=0.114
REGINN:Gradient::k=67: rdisc=0.921, norm=0.114
REGINN:Gradient::Target discrepancy reached after 67 iterations.
REGINN::i=32: rdisc=0.0115, rnorm=0.783, rerr=0.503
REGINN::-14.4 ≤ estimate ≤ 28.7
REGINN::
REGINN::Solving linear problem using rtol=0.971 and max_iter=92
REGINN:Gradient::k=0 : rdisc=1.00 , norm=0.00 
REGINN:Gradient::k=1 : rdisc=1.00 , norm=0.000466
REGINN:Gradient::k=2 : rdisc=0.999, norm=0.000588
REGINN:Gradient::k=3 : rdisc=0.999, norm=0.000913
REGINN:Gradient::k=4 : rdisc=0.999, norm=0.00102
REGINN:Gradient::k=5 : rdisc=0.999, norm=0.00149
REGINN:Gradient::k=6 : rdisc=0.998, norm=0.00155
REGINN:Gradient::k=7 : rdisc=0.998, norm=0.00352
REGINN:Gradient::k=8 : rdisc=0.997, norm=0.00352
REGINN:Gradient::k=9 : rdisc=0.989, norm=0.0246
REGINN:Gradient::k=10: rdisc=0.984, norm=0.0248
REGINN:Gradient::k=11: rdisc=0.983, norm=0.0248
REGINN:Gradient::k=12: rdisc=0.983, norm=0.0251
REGINN:Gradient::k=13: rdisc=0.982, norm=0.0251
REGINN:Gradient::k=14: rdisc=0.982, norm=0.0259
REGINN:Gradient::k=15: rdisc=0.982, norm=0.0260
REGINN:Gradient::k=16: rdisc=0.979, norm=0.0316
REGINN:Gradient::k=17: rdisc=0.977, norm=0.0316
REGINN:Gradient::k=18: rdisc=0.977, norm=0.0318
REGINN:Gradient::k=19: rdisc=0.977, norm=0.0319
REGINN:Gradient::k=20: rdisc=0.977, norm=0.0323
REGINN:Gradient::k=21: rdisc=0.976, norm=0.0324
REGINN:Gradient::k=22: rdisc=0.976, norm=0.0346
REGINN:Gradient::k=23: rdisc=0.975, norm=0.0347
REGINN:Gradient::k=24: rdisc=0.970, norm=0.0468
REGINN:Gradient::Target discrepancy reached after 24 iterations.
REGINN::i=33: rdisc=0.0112, rnorm=0.785, rerr=0.500
REGINN::-14.6 ≤ estimate ≤ 28.9
REGINN::
REGINN::Solving linear problem using rtol=0.922 and max_iter=91
REGINN:Gradient::k=0 : rdisc=1.00 , norm=0.00 
REGINN:Gradient::k=1 : rdisc=0.996, norm=0.00160
REGINN:Gradient::k=2 : rdisc=0.995, norm=0.00169
REGINN:Gradient::k=3 : rdisc=0.995, norm=0.00175
REGINN:Gradient::k=4 : rdisc=0.995, norm=0.00185
REGINN:Gradient::k=5 : rdisc=0.995, norm=0.00194
REGINN:Gradient::k=6 : rdisc=0.995, norm=0.00205
REGINN:Gradient::k=7 : rdisc=0.995, norm=0.00215
REGINN:Gradient::k=8 : rdisc=0.995, norm=0.00226
REGINN:Gradient::k=9 : rdisc=0.995, norm=0.00240
REGINN:Gradient::k=10: rdisc=0.994, norm=0.00250
REGINN:Gradient::k=11: rdisc=0.994, norm=0.00277
REGINN:Gradient::k=12: rdisc=0.994, norm=0.00284
REGINN:Gradient::k=13: rdisc=0.993, norm=0.00435
REGINN:Gradient::k=14: rdisc=0.993, norm=0.00438
REGINN:Gradient::k=15: rdisc=0.966, norm=0.0772
REGINN:Gradient::k=16: rdisc=0.956, norm=0.0773
REGINN:Gradient::k=17: rdisc=0.953, norm=0.0773
REGINN:Gradient::k=18: rdisc=0.950, norm=0.0775
REGINN:Gradient::k=19: rdisc=0.949, norm=0.0775
REGINN:Gradient::k=20: rdisc=0.948, norm=0.0778
REGINN:Gradient::k=21: rdisc=0.947, norm=0.0778
REGINN:Gradient::k=22: rdisc=0.946, norm=0.0782
REGINN:Gradient::k=23: rdisc=0.945, norm=0.0783
REGINN:Gradient::k=24: rdisc=0.943, norm=0.0797
REGINN:Gradient::k=25: rdisc=0.942, norm=0.0797
REGINN:Gradient::k=26: rdisc=0.940, norm=0.0841
REGINN:Gradient::k=27: rdisc=0.939, norm=0.0841
REGINN:Gradient::k=28: rdisc=0.939, norm=0.0842
REGINN:Gradient::k=29: rdisc=0.939, norm=0.0843
REGINN:Gradient::k=30: rdisc=0.939, norm=0.0845
REGINN:Gradient::k=31: rdisc=0.938, norm=0.0846
REGINN:Gradient::k=32: rdisc=0.938, norm=0.0847
REGINN:Gradient::k=33: rdisc=0.938, norm=0.0849
REGINN:Gradient::k=34: rdisc=0.938, norm=0.0850
REGINN:Gradient::k=35: rdisc=0.938, norm=0.0851
REGINN:Gradient::k=36: rdisc=0.938, norm=0.0853
REGINN:Gradient::k=37: rdisc=0.938, norm=0.0854
REGINN:Gradient::k=38: rdisc=0.938, norm=0.0856
REGINN:Gradient::k=39: rdisc=0.938, norm=0.0857
REGINN:Gradient::k=40: rdisc=0.937, norm=0.0862
REGINN:Gradient::k=41: rdisc=0.937, norm=0.0863
REGINN:Gradient::k=42: rdisc=0.935, norm=0.0927
REGINN:Gradient::k=43: rdisc=0.933, norm=0.0927
REGINN:Gradient::k=44: rdisc=0.931, norm=0.0978
REGINN:Gradient::k=45: rdisc=0.930, norm=0.0981
REGINN:Gradient::k=46: rdisc=0.930, norm=0.0981
REGINN:Gradient::k=47: rdisc=0.929, norm=0.0989
REGINN:Gradient::k=48: rdisc=0.929, norm=0.0990
REGINN:Gradient::k=49: rdisc=0.928, norm=0.0999
REGINN:Gradient::k=50: rdisc=0.928, norm=0.100
REGINN:Gradient::k=51: rdisc=0.928, norm=0.100
REGINN:Gradient::k=52: rdisc=0.928, norm=0.100
REGINN:Gradient::k=53: rdisc=0.928, norm=0.101
REGINN:Gradient::k=54: rdisc=0.927, norm=0.101
REGINN:Gradient::k=55: rdisc=0.926, norm=0.105
REGINN:Gradient::k=56: rdisc=0.925, norm=0.105
REGINN:Gradient::k=57: rdisc=0.923, norm=0.110
REGINN:Gradient::k=58: rdisc=0.922, norm=0.110
REGINN:Gradient::Target discrepancy reached after 58 iterations.
REGINN::i=34: rdisc=0.0104, rnorm=0.790, rerr=0.495
REGINN::-15.0 ≤ estimate ≤ 29.5
REGINN::
REGINN::Solving linear problem using rtol=0.968 and max_iter=82
REGINN:Gradient::k=0 : rdisc=1.00 , norm=0.00 
REGINN:Gradient::k=1 : rdisc=1.00 , norm=0.000487
REGINN:Gradient::k=2 : rdisc=1.00 , norm=0.000526
REGINN:Gradient::k=3 : rdisc=0.999, norm=0.00129
REGINN:Gradient::k=4 : rdisc=0.999, norm=0.00130
REGINN:Gradient::k=5 : rdisc=0.997, norm=0.00711
REGINN:Gradient::k=6 : rdisc=0.995, norm=0.00710
REGINN:Gradient::k=7 : rdisc=0.994, norm=0.00883
REGINN:Gradient::k=8 : rdisc=0.994, norm=0.00885
REGINN:Gradient::k=9 : rdisc=0.993, norm=0.00899
REGINN:Gradient::k=10: rdisc=0.993, norm=0.00908
REGINN:Gradient::k=11: rdisc=0.993, norm=0.00938
REGINN:Gradient::k=12: rdisc=0.993, norm=0.00944
REGINN:Gradient::k=13: rdisc=0.992, norm=0.0110
REGINN:Gradient::k=14: rdisc=0.992, norm=0.0110
REGINN:Gradient::k=15: rdisc=0.980, norm=0.0453
REGINN:Gradient::k=16: rdisc=0.972, norm=0.0453
REGINN:Gradient::k=17: rdisc=0.970, norm=0.0453
REGINN:Gradient::k=18: rdisc=0.969, norm=0.0453
REGINN:Gradient::k=19: rdisc=0.969, norm=0.0456
REGINN:Gradient::k=20: rdisc=0.968, norm=0.0456
REGINN:Gradient::k=21: rdisc=0.968, norm=0.0461
REGINN:Gradient::k=22: rdisc=0.968, norm=0.0462
REGINN:Gradient::k=23: rdisc=0.967, norm=0.0480
REGINN:Gradient::Target discrepancy reached after 23 iterations.
REGINN::i=35: rdisc=0.0101, rnorm=0.791, rerr=0.492
REGINN::-15.1 ≤ estimate ≤ 29.8
REGINN::
REGINN::Solving linear problem using rtol=0.993 and max_iter=81
REGINN:Gradient::k=0 : rdisc=1.00 , norm=0.00 
REGINN:Gradient::k=1 : rdisc=0.999, norm=0.000354
REGINN:Gradient::k=2 : rdisc=0.999, norm=0.00202
REGINN:Gradient::k=3 : rdisc=0.998, norm=0.00205
REGINN:Gradient::k=4 : rdisc=0.998, norm=0.00212
REGINN:Gradient::k=5 : rdisc=0.998, norm=0.00219
REGINN:Gradient::k=6 : rdisc=0.998, norm=0.00275
REGINN:Gradient::k=7 : rdisc=0.997, norm=0.00283
REGINN:Gradient::k=8 : rdisc=0.996, norm=0.00731
REGINN:Gradient::k=9 : rdisc=0.994, norm=0.00738
REGINN:Gradient::k=10: rdisc=0.994, norm=0.00845
REGINN:Gradient::k=11: rdisc=0.993, norm=0.00861
REGINN:Gradient::k=12: rdisc=0.993, norm=0.00865
REGINN:Gradient::k=13: rdisc=0.993, norm=0.00905
REGINN:Gradient::k=14: rdisc=0.993, norm=0.00908
REGINN:Gradient::k=15: rdisc=0.992, norm=0.0131
REGINN:Gradient::Target discrepancy reached after 15 iterations.
REGINN::i=36: rdisc=0.00999, rnorm=0.792, rerr=0.492
REGINN::-15.2 ≤ estimate ≤ 29.8
REGINN::
REGINN::Saving current residual in ./step-0036/
REGINN::Saving current estimate in ./step-0036/
REGINN::Target discrepancy reached after 36 iterations.
REGINN::-15.2 ≤ estimate ≤ 29.8
Relative p-norm on top of L²([0,T], L²(Ω)) with p=1.500000 error of the reconstruction: 0.492
reconstruction error in other norms: 
Relative (ℝⁿ, ‖·‖₂) error of the reconstruction: 0.989
Relative L²([0,T], L²(Ω)) error of the reconstruction: 0.646
Relative H¹([0,T], L²(Ω)) error of the reconstruction: 4.00
Relative H¹([0, T], H¹(Ω)) error of the reconstruction: 17.9
Relative H²([0,T], L²(Ω)) error of the reconstruction: 48.6
Relative p-norm on top of L²([0,T], L²(Ω)) with p=1.500000 error of (reconstruction - initial guess): 0.492
reconstruction error in other norms: 
Relative (ℝⁿ, ‖·‖₂) error of (reconstruction - initial guess): 0.989
Relative L²([0,T], L²(Ω)) error of (reconstruction - initial guess): 0.646
Relative H¹([0,T], L²(Ω)) error of (reconstruction - initial guess): 4.00
Relative H¹([0, T], H¹(Ω)) error of (reconstruction - initial guess): 17.9
Relative H²([0,T], L²(Ω)) error of (reconstruction - initial guess): 48.6
stats::forward              : 38 calls, average 1.7s per call
stats::linearization forward: 887 calls, average 1.7s per call
stats::linearization adjoint: 887 calls, average 1.8s per call
stats::measure forward      : 925 calls, average 682.1µs per call
stats::measure adjoint      : 887 calls, average 472.1µs per call
stats::total wall time      : 1h 11min 11s
