JobId thies-vm Fri Jan 19 15:14:47 2018
wavepi 670f434d
Release-Build, compiled on 2018-01-19T14:12:01Z
from git commit 670f434de8c7a38f5d1bc9bb4a7f3c64400acab6 on branch master
initialize_mesh::Number of active cells: 4096
initialize_mesh::Number of degrees of freedom in the first spatial mesh: 4225
initialize_mesh::cell diameters: minimal = 0.177, maximal = 0.177
initialize_mesh::dt: 0.0235
parameters:WaveEquation::theta: 0.5
parameters:WaveEquation::tol: 1e-8
parameters:constraints::lower bound: 0.1
parameters:constraints::upper bound: 1e300
parameters:general::dimension: 2
parameters:general::finite element degree: 1
parameters:general::quadrature order: 3
parameters:inversion::method: REGINN
parameters:inversion::tau: 2
parameters:log::console depth: 2
parameters:log::file: wavepi.log
parameters:log::file depth: 100
parameters:mesh::end time: 6
parameters:mesh::initial refines: 6
parameters:mesh::initial time steps: 256
parameters:output::data: true
parameters:output::destination: ./step-{{i}}/
parameters:output::discrepancy decrease: 0.5
parameters:output::estimate: true
parameters:output::exact: true
parameters:output::interval: 50
parameters:output::last: true
parameters:output::residual: true
parameters:output::statistics: history
parameters:problem::constants: 
parameters:problem::epsilon: 1e-2
parameters:problem::initial guess: 1.0
parameters:problem::norm of codomain: H1L2
parameters:problem::norm of domain: H1L2
parameters:problem::parameter a: 1.0
parameters:problem::parameter c: 1.5
parameters:problem::parameter nu: 0.0
parameters:problem::parameter q: 0.0
parameters:problem::type: c
parameters:watchdog::discrepancy increasing: false
parameters:watchdog::discrepancy slope min values: 40
parameters:watchdog::discrepancy slope percentage: 0.25
parameters:watchdog::discrepancy slope threshold: 0.0
parameters:watchdog::discrepancy threshold: 10.0
parameters:watchdog::maximum iteration count: 0
REGINN::i=0 : rdisc=1.46, rnorm=0.667, rerr=0.333
REGINN::Saving exact parameter in ./step-0000/
REGINN::Saving data in ./step-0000/
REGINN::Saving current residual in ./step-0000/
REGINN::Saving current estimate in ./step-0000/
REGINN::1.00 ≤ estimate ≤ 1.00
REGINN::Solving linear problem using rtol=0.900 and max_iter=0
REGINN:CGLS::k=0 : rdisc=1.00, norm=0.00
REGINN:CGLS::k=1 : rdisc=0.748, norm=1.41
REGINN:CGLS::Target discrepancy reached after 1 iteration.
REGINN::i=1 : rdisc=0.961, rnorm=0.681, rerr=0.324
REGINN::0.171 ≤ estimate ≤ 2.00
REGINN::Solving linear problem using rtol=0.900 and max_iter=0
REGINN:CGLS::k=0 : rdisc=1.00, norm=0.00
REGINN:CGLS::k=1 : rdisc=0.712, norm=1.57
REGINN:CGLS::Target discrepancy reached after 1 iteration.
REGINN:post_processing::Adjusted lower bound of estimate from -0.624 to 0.100
REGINN::i=2 : rdisc=0.616, rnorm=0.706, rerr=0.314
REGINN::Saving current residual in ./step-0002/
REGINN::Saving current estimate in ./step-0002/
REGINN::0.100 ≤ estimate ≤ 3.10
REGINN::Solving linear problem using rtol=0.854 and max_iter=0
REGINN:CGLS::k=0 : rdisc=1.00, norm=0.00
REGINN:CGLS::k=1 : rdisc=0.808, norm=1.19
REGINN:CGLS::Target discrepancy reached after 1 iteration.
REGINN:post_processing::Adjusted lower bound of estimate from -0.421 to 0.100
REGINN::i=3 : rdisc=0.475, rnorm=0.728, rerr=0.304
REGINN::0.100 ≤ estimate ≤ 3.72
REGINN::Solving linear problem using rtol=0.811 and max_iter=0
REGINN:CGLS::k=0 : rdisc=1.00, norm=0.00
REGINN:CGLS::k=1 : rdisc=0.818, norm=1.34
REGINN:CGLS::k=2 : rdisc=0.672, norm=2.46
REGINN:CGLS::Target discrepancy reached after 2 iterations.
REGINN:post_processing::Adjusted lower bound of estimate from -2.41 to 0.100
REGINN::i=4 : rdisc=0.288, rnorm=0.766, rerr=0.281
REGINN::Saving current residual in ./step-0004/
REGINN::Saving current estimate in ./step-0004/
REGINN::0.100 ≤ estimate ≤ 3.86
REGINN::Solving linear problem using rtol=0.769 and max_iter=0
REGINN:CGLS::k=0 : rdisc=1.00, norm=0.00
REGINN:CGLS::k=1 : rdisc=0.863, norm=0.734
REGINN:CGLS::k=2 : rdisc=0.842, norm=0.836
REGINN:CGLS::k=3 : rdisc=0.706, norm=1.54
REGINN:CGLS::Target discrepancy reached after 3 iterations.
REGINN:post_processing::Adjusted lower bound of estimate from -0.369 to 0.100
REGINN::i=5 : rdisc=0.194, rnorm=0.783, rerr=0.267
REGINN::0.100 ≤ estimate ≤ 2.48
REGINN::Solving linear problem using rtol=0.730 and max_iter=0
REGINN:CGLS::k=0 : rdisc=1.00, norm=0.00
REGINN:CGLS::k=1 : rdisc=0.876, norm=0.355
REGINN:CGLS::k=2 : rdisc=0.797, norm=0.607
REGINN:CGLS::k=3 : rdisc=0.743, norm=0.804
REGINN:CGLS::k=4 : rdisc=0.538, norm=1.59
REGINN:CGLS::Target discrepancy reached after 4 iterations.
REGINN:post_processing::Adjusted lower bound of estimate from -0.276 to 0.100
REGINN::i=6 : rdisc=0.109, rnorm=0.815, rerr=0.256
REGINN::Saving current residual in ./step-0006/
REGINN::Saving current estimate in ./step-0006/
REGINN::0.100 ≤ estimate ≤ 2.13
REGINN::Solving linear problem using rtol=0.693 and max_iter=0
REGINN:CGLS::k=0 : rdisc=1.00, norm=0.00
REGINN:CGLS::k=1 : rdisc=0.920, norm=0.0896
REGINN:CGLS::k=2 : rdisc=0.887, norm=0.138
REGINN:CGLS::k=3 : rdisc=0.841, norm=0.238
REGINN:CGLS::k=4 : rdisc=0.802, norm=0.356
REGINN:CGLS::k=5 : rdisc=0.749, norm=0.561
REGINN:CGLS::k=6 : rdisc=0.665, norm=0.916
REGINN:CGLS::Target discrepancy reached after 6 iterations.
REGINN:post_processing::Adjusted lower bound of estimate from -0.0800 to 0.100
REGINN::i=7 : rdisc=0.0711, rnorm=0.824, rerr=0.251
REGINN::0.100 ≤ estimate ≤ 2.25
REGINN::Solving linear problem using rtol=0.658 and max_iter=0
REGINN:CGLS::k=0 : rdisc=1.00, norm=0.00
REGINN:CGLS::k=1 : rdisc=0.982, norm=0.0224
REGINN:CGLS::k=2 : rdisc=0.936, norm=0.0994
REGINN:CGLS::k=3 : rdisc=0.899, norm=0.175
REGINN:CGLS::k=4 : rdisc=0.871, norm=0.250
REGINN:CGLS::k=5 : rdisc=0.851, norm=0.310
REGINN:CGLS::k=6 : rdisc=0.838, norm=0.351
REGINN:CGLS::k=7 : rdisc=0.794, norm=0.508
REGINN:CGLS::k=8 : rdisc=0.730, norm=0.750
REGINN:CGLS::k=9 : rdisc=0.679, norm=0.947
REGINN:CGLS::k=10: rdisc=0.669, norm=0.984
REGINN:CGLS::k=11: rdisc=0.636, norm=1.11
REGINN:CGLS::Target discrepancy reached after 11 iterations.
REGINN:post_processing::Adjusted lower bound of estimate from -0.409 to 0.100
REGINN::i=8 : rdisc=0.0512, rnorm=0.839, rerr=0.246
REGINN::Saving current residual in ./step-0008/
REGINN::Saving current estimate in ./step-0008/
REGINN::0.100 ≤ estimate ≤ 2.80
REGINN::Solving linear problem using rtol=0.812 and max_iter=0
REGINN:CGLS::k=0 : rdisc=1.00, norm=0.00
REGINN:CGLS::k=1 : rdisc=0.914, norm=0.0493
REGINN:CGLS::k=2 : rdisc=0.841, norm=0.104
REGINN:CGLS::k=3 : rdisc=0.825, norm=0.121
REGINN:CGLS::k=4 : rdisc=0.807, norm=0.149
REGINN:CGLS::Target discrepancy reached after 4 iterations.
REGINN:post_processing::Adjusted lower bound of estimate from -0.189 to 0.100
REGINN::i=9 : rdisc=0.0423, rnorm=0.838, rerr=0.246
REGINN::0.100 ≤ estimate ≤ 3.00
REGINN::Solving linear problem using rtol=0.771 and max_iter=0
REGINN:CGLS::k=0 : rdisc=1.00, norm=0.00
REGINN:CGLS::k=1 : rdisc=0.975, norm=0.0306
REGINN:CGLS::k=2 : rdisc=0.969, norm=0.0390
REGINN:CGLS::k=3 : rdisc=0.960, norm=0.0610
REGINN:CGLS::k=4 : rdisc=0.941, norm=0.129
REGINN:CGLS::k=5 : rdisc=0.905, norm=0.272
REGINN:CGLS::k=6 : rdisc=0.878, norm=0.386
REGINN:CGLS::k=7 : rdisc=0.865, norm=0.439
REGINN:CGLS::k=8 : rdisc=0.827, norm=0.602
REGINN:CGLS::k=9 : rdisc=0.791, norm=0.760
REGINN:CGLS::k=10: rdisc=0.752, norm=0.929
REGINN:CGLS::Target discrepancy reached after 10 iterations.
REGINN:post_processing::Adjusted lower bound of estimate from -0.171 to 0.100
REGINN::i=10: rdisc=0.0336, rnorm=0.845, rerr=0.242
REGINN::0.100 ≤ estimate ≤ 3.15
REGINN::Solving linear problem using rtol=0.732 and max_iter=0
REGINN:CGLS::k=0 : rdisc=1.00, norm=0.00
REGINN:CGLS::k=1 : rdisc=0.956, norm=0.0319
REGINN:CGLS::k=2 : rdisc=0.919, norm=0.0621
REGINN:CGLS::k=3 : rdisc=0.907, norm=0.0750
REGINN:CGLS::k=4 : rdisc=0.896, norm=0.0916
REGINN:CGLS::k=5 : rdisc=0.882, norm=0.120
REGINN:CGLS::k=6 : rdisc=0.873, norm=0.145
REGINN:CGLS::k=7 : rdisc=0.865, norm=0.171
REGINN:CGLS::k=8 : rdisc=0.854, norm=0.208
REGINN:CGLS::k=9 : rdisc=0.835, norm=0.280
REGINN:CGLS::k=10: rdisc=0.824, norm=0.327
REGINN:CGLS::k=11: rdisc=0.818, norm=0.352
REGINN:CGLS::k=12: rdisc=0.810, norm=0.386
REGINN:CGLS::k=13: rdisc=0.795, norm=0.461
REGINN:CGLS::k=14: rdisc=0.771, norm=0.582
REGINN:CGLS::k=15: rdisc=0.759, norm=0.646
REGINN:CGLS::k=16: rdisc=0.743, norm=0.732
REGINN:CGLS::k=17: rdisc=0.732, norm=0.790
REGINN:CGLS::k=18: rdisc=0.712, norm=0.900
REGINN:CGLS::Target discrepancy reached after 18 iterations.
REGINN:post_processing::Adjusted lower bound of estimate from -0.0179 to 0.100
REGINN::i=11: rdisc=0.0253, rnorm=0.852, rerr=0.237
REGINN::Saving current residual in ./step-0011/
REGINN::Saving current estimate in ./step-0011/
REGINN::0.100 ≤ estimate ≤ 2.87
REGINN::Solving linear problem using rtol=0.850 and max_iter=0
REGINN:CGLS::k=0 : rdisc=1.00, norm=0.00
REGINN:CGLS::k=1 : rdisc=0.951, norm=0.0293
REGINN:CGLS::k=2 : rdisc=0.928, norm=0.0448
REGINN:CGLS::k=3 : rdisc=0.917, norm=0.0536
REGINN:CGLS::k=4 : rdisc=0.907, norm=0.0653
REGINN:CGLS::k=5 : rdisc=0.901, norm=0.0748
REGINN:CGLS::k=6 : rdisc=0.894, norm=0.0905
REGINN:CGLS::k=7 : rdisc=0.887, norm=0.109
REGINN:CGLS::k=8 : rdisc=0.880, norm=0.134
REGINN:CGLS::k=9 : rdisc=0.877, norm=0.144
REGINN:CGLS::k=10: rdisc=0.871, norm=0.168
REGINN:CGLS::k=11: rdisc=0.862, norm=0.205
REGINN:CGLS::k=12: rdisc=0.854, norm=0.246
REGINN:CGLS::k=13: rdisc=0.847, norm=0.280
REGINN:CGLS::Target discrepancy reached after 13 iterations.
REGINN:post_processing::Adjusted lower bound of estimate from -0.164 to 0.100
REGINN::i=12: rdisc=0.0228, rnorm=0.853, rerr=0.235
REGINN::0.100 ≤ estimate ≤ 2.69
REGINN::Solving linear problem using rtol=0.875 and max_iter=0
REGINN:CGLS::k=0 : rdisc=1.00, norm=0.00
REGINN:CGLS::k=1 : rdisc=0.954, norm=0.0336
REGINN:CGLS::k=2 : rdisc=0.941, norm=0.0439
REGINN:CGLS::k=3 : rdisc=0.933, norm=0.0523
REGINN:CGLS::k=4 : rdisc=0.931, norm=0.0560
REGINN:CGLS::k=5 : rdisc=0.927, norm=0.0628
REGINN:CGLS::k=6 : rdisc=0.922, norm=0.0725
REGINN:CGLS::k=7 : rdisc=0.917, norm=0.0902
REGINN:CGLS::k=8 : rdisc=0.912, norm=0.109
REGINN:CGLS::k=9 : rdisc=0.909, norm=0.124
REGINN:CGLS::k=10: rdisc=0.903, norm=0.150
REGINN:CGLS::k=11: rdisc=0.895, norm=0.189
REGINN:CGLS::k=12: rdisc=0.890, norm=0.220
REGINN:CGLS::k=13: rdisc=0.882, norm=0.262
REGINN:CGLS::k=14: rdisc=0.875, norm=0.305
REGINN:CGLS::Target discrepancy reached after 14 iterations.
REGINN:post_processing::Adjusted lower bound of estimate from -0.230 to 0.100
REGINN::i=13: rdisc=0.0212, rnorm=0.855, rerr=0.233
REGINN::0.100 ≤ estimate ≤ 2.56
REGINN::Solving linear problem using rtol=0.941 and max_iter=0
REGINN:CGLS::k=0 : rdisc=1.00, norm=0.00
REGINN:CGLS::k=1 : rdisc=0.975, norm=0.0169
REGINN:CGLS::k=2 : rdisc=0.944, norm=0.0399
REGINN:CGLS::k=3 : rdisc=0.935, norm=0.0479
REGINN:CGLS::Target discrepancy reached after 3 iterations.
REGINN:post_processing::Adjusted lower bound of estimate from -0.0389 to 0.100
REGINN::i=14: rdisc=0.0201, rnorm=0.855, rerr=0.233
REGINN::0.100 ≤ estimate ≤ 2.55
REGINN::Solving linear problem using rtol=0.993 and max_iter=0
REGINN:CGLS::k=0 : rdisc=1.00, norm=0.00
REGINN:CGLS::k=1 : rdisc=0.992, norm=0.00941
REGINN:CGLS::Target discrepancy reached after 1 iteration.
REGINN:post_processing::Adjusted lower bound of estimate from 0.0750 to 0.100
REGINN::i=15: rdisc=0.0200, rnorm=0.855, rerr=0.233
REGINN::0.100 ≤ estimate ≤ 2.55
REGINN::Solving linear problem using rtol=0.998 and max_iter=0
REGINN:CGLS::k=0 : rdisc=1.00, norm=0.00
REGINN:CGLS::k=1 : rdisc=0.994, norm=0.00648
REGINN:CGLS::Target discrepancy reached after 1 iteration.
REGINN:post_processing::Adjusted lower bound of estimate from 0.0728 to 0.100
REGINN::i=16: rdisc=0.0200, rnorm=0.855, rerr=0.233
REGINN::0.100 ≤ estimate ≤ 2.55
REGINN::Target discrepancy reached after 16 iterations.
REGINN::Saving current residual in ./step-0016/
REGINN::Saving current estimate in ./step-0016/
REGINN::0.100 ≤ estimate ≤ 2.55
stats::forward              : 18 calls, average 13.9 s per call
stats::linearization forward: 93 calls, average 10.7 s per call
stats::linearization adjoint: 93 calls, average 13.0 s per call
stats::measure forward      : 111 calls, average 0.00383 s per call
stats::measure adjoint      : 93 calls, average 0.00588 s per call
