JobId thies-vm Fri Jan 19 15:59:43 2018
wavepi 670f434d
Release-Build, compiled on 2018-01-19T14:12:01Z
from git commit 670f434de8c7a38f5d1bc9bb4a7f3c64400acab6 on branch master
initialize_mesh::Number of active cells: 4096
initialize_mesh::Number of degrees of freedom in the first spatial mesh: 4225
initialize_mesh::cell diameters: minimal = 0.177, maximal = 0.177
initialize_mesh::dt: 0.0235
parameters:WaveEquation::theta: 0.5
parameters:WaveEquation::tol: 1e-8
parameters:constraints::lower bound: 0.1
parameters:constraints::upper bound: 1e300
parameters:general::dimension: 2
parameters:general::finite element degree: 1
parameters:general::quadrature order: 3
parameters:inversion::method: REGINN
parameters:inversion::tau: 2
parameters:log::console depth: 2
parameters:log::file: wavepi.log
parameters:log::file depth: 100
parameters:mesh::end time: 6
parameters:mesh::initial refines: 6
parameters:mesh::initial time steps: 256
parameters:output::data: true
parameters:output::destination: ./step-{{i}}/
parameters:output::discrepancy decrease: 0.5
parameters:output::estimate: true
parameters:output::exact: true
parameters:output::interval: 50
parameters:output::last: true
parameters:output::residual: true
parameters:output::statistics: history
parameters:problem::constants: 
parameters:problem::epsilon: 1e-2
parameters:problem::initial guess: 1.0
parameters:problem::norm of codomain: H1L2
parameters:problem::norm of domain: H1L2
parameters:problem::parameter a: 1.0
parameters:problem::parameter c: 1.5
parameters:problem::parameter nu: 0.0
parameters:problem::parameter q: 0.0
parameters:problem::type: c
parameters:watchdog::discrepancy increasing: false
parameters:watchdog::discrepancy slope min values: 40
parameters:watchdog::discrepancy slope percentage: 0.25
parameters:watchdog::discrepancy slope threshold: 0.0
parameters:watchdog::discrepancy threshold: 10.0
parameters:watchdog::maximum iteration count: 0
REGINN::i=0 : rdisc=1.46, rnorm=0.667, rerr=0.333
REGINN::Saving exact parameter in ./step-0000/
REGINN::Saving data in ./step-0000/
REGINN::Saving current residual in ./step-0000/
REGINN::Saving current estimate in ./step-0000/
REGINN::1.00 ≤ estimate ≤ 1.00
REGINN::Solving linear problem using rtol=0.900 and max_iter=1
REGINN:CGLS::k=0 : rdisc=1.00, norm=0.00
REGINN:CGLS::k=1 : rdisc=0.748, norm=1.41
REGINN:CGLS::Safeguarding: λ=0.752 ⇒ rdisc=0.900
REGINN:CGLS::Target discrepancy reached after 1 iteration.
REGINN::i=1 : rdisc=1.31, rnorm=0.670, rerr=0.330
REGINN::0.795 ≤ estimate ≤ 1.25
REGINN::Solving linear problem using rtol=0.900 and max_iter=2
REGINN:CGLS::k=0 : rdisc=1.00, norm=0.00
REGINN:CGLS::k=1 : rdisc=0.729, norm=1.45
REGINN:CGLS::Safeguarding: λ=0.770 ⇒ rdisc=0.900
REGINN:CGLS::Target discrepancy reached after 1 iteration.
REGINN::i=2 : rdisc=1.17, rnorm=0.674, rerr=0.328
REGINN::0.641 ≤ estimate ≤ 1.50
REGINN::Solving linear problem using rtol=0.854 and max_iter=2
REGINN:CGLS::k=0 : rdisc=1.00, norm=0.00
REGINN:CGLS::k=1 : rdisc=0.717, norm=1.46
REGINN:CGLS::Safeguarding: λ=0.663 ⇒ rdisc=0.854
REGINN:CGLS::Target discrepancy reached after 1 iteration.
REGINN::i=3 : rdisc=0.999, rnorm=0.680, rerr=0.324
REGINN::0.467 ≤ estimate ≤ 1.87
REGINN::Solving linear problem using rtol=0.811 and max_iter=2
REGINN:CGLS::k=0 : rdisc=1.00, norm=0.00
REGINN:CGLS::k=1 : rdisc=0.717, norm=1.42
REGINN:CGLS::Safeguarding: λ=0.538 ⇒ rdisc=0.811
REGINN:CGLS::Target discrepancy reached after 1 iteration.
REGINN::i=4 : rdisc=0.802, rnorm=0.689, rerr=0.319
REGINN::0.312 ≤ estimate ≤ 2.36
REGINN::Solving linear problem using rtol=0.769 and max_iter=2
REGINN:CGLS::k=0 : rdisc=1.00, norm=0.00
REGINN:CGLS::k=1 : rdisc=0.750, norm=1.27
REGINN:CGLS::Safeguarding: λ=0.254 ⇒ rdisc=0.769
REGINN:CGLS::Target discrepancy reached after 1 iteration.
REGINN::i=5 : rdisc=0.592, rnorm=0.705, rerr=0.311
REGINN::Saving current residual in ./step-0005/
REGINN::Saving current estimate in ./step-0005/
REGINN::0.215 ≤ estimate ≤ 2.95
REGINN::Solving linear problem using rtol=0.730 and max_iter=2
REGINN:CGLS::k=0 : rdisc=1.00, norm=0.00
REGINN:CGLS::k=1 : rdisc=0.832, norm=0.988
REGINN:CGLS::k=2 : rdisc=0.703, norm=2.04
REGINN:CGLS::Safeguarding: λ=0.444 ⇒ rdisc=0.730
REGINN:CGLS::Target discrepancy reached after 2 iterations.
REGINN:post_processing::Adjusted lower bound of estimate from -1.67 to 0.100
REGINN::i=6 : rdisc=0.416, rnorm=0.734, rerr=0.297
REGINN::0.100 ≤ estimate ≤ 3.70
REGINN::Solving linear problem using rtol=0.693 and max_iter=3
REGINN:CGLS::k=0 : rdisc=1.00, norm=0.00
REGINN:CGLS::k=1 : rdisc=0.815, norm=1.26
REGINN:CGLS::k=2 : rdisc=0.659, norm=2.30
REGINN:CGLS::Safeguarding: λ=0.443 ⇒ rdisc=0.693
REGINN:CGLS::Target discrepancy reached after 2 iterations.
REGINN:post_processing::Adjusted lower bound of estimate from -0.989 to 0.100
REGINN::i=7 : rdisc=0.282, rnorm=0.762, rerr=0.280
REGINN::Saving current residual in ./step-0007/
REGINN::Saving current estimate in ./step-0007/
REGINN::0.100 ≤ estimate ≤ 3.70
REGINN::Solving linear problem using rtol=0.658 and max_iter=4
REGINN:CGLS::k=0 : rdisc=1.00, norm=0.00
REGINN:CGLS::k=1 : rdisc=0.862, norm=0.728
REGINN:CGLS::k=2 : rdisc=0.723, norm=1.45
REGINN:CGLS::k=3 : rdisc=0.626, norm=1.93
REGINN:CGLS::Safeguarding: λ=0.555 ⇒ rdisc=0.658
REGINN:CGLS::Target discrepancy reached after 3 iterations.
REGINN:post_processing::Adjusted lower bound of estimate from -0.379 to 0.100
REGINN::i=8 : rdisc=0.174, rnorm=0.787, rerr=0.265
REGINN::0.100 ≤ estimate ≤ 2.61
REGINN::Solving linear problem using rtol=0.624 and max_iter=5
REGINN:CGLS::k=0 : rdisc=1.00, norm=0.00
REGINN:CGLS::k=1 : rdisc=0.956, norm=0.115
REGINN:CGLS::k=2 : rdisc=0.875, norm=0.320
REGINN:CGLS::k=3 : rdisc=0.780, norm=0.637
REGINN:CGLS::k=4 : rdisc=0.648, norm=1.15
REGINN:CGLS::k=5 : rdisc=0.638, norm=1.18
REGINN:CGLS::Unsuccessful termination after 5 iterations!
REGINN::Linear solver did not achieve desired discrepancy due to max_iter.
REGINN:post_processing::Adjusted lower bound of estimate from -0.153 to 0.100
REGINN::i=9 : rdisc=0.114, rnorm=0.811, rerr=0.258
REGINN::Saving current residual in ./step-0009/
REGINN::Saving current estimate in ./step-0009/
REGINN::0.100 ≤ estimate ≤ 2.59
REGINN::Solving linear problem using rtol=0.592 and max_iter=8
REGINN:CGLS::k=0 : rdisc=1.00, norm=0.00
REGINN:CGLS::k=1 : rdisc=0.983, norm=0.0231
REGINN:CGLS::k=2 : rdisc=0.903, norm=0.144
REGINN:CGLS::k=3 : rdisc=0.842, norm=0.254
REGINN:CGLS::k=4 : rdisc=0.816, norm=0.316
REGINN:CGLS::k=5 : rdisc=0.813, norm=0.324
REGINN:CGLS::k=6 : rdisc=0.749, norm=0.567
REGINN:CGLS::k=7 : rdisc=0.646, norm=1.02
REGINN:CGLS::k=8 : rdisc=0.634, norm=1.07
REGINN:CGLS::Unsuccessful termination after 8 iterations!
REGINN::Linear solver did not achieve desired discrepancy due to max_iter.
REGINN:post_processing::Adjusted lower bound of estimate from -0.223 to 0.100
REGINN::i=10: rdisc=0.0692, rnorm=0.826, rerr=0.252
REGINN::0.100 ≤ estimate ≤ 2.36
REGINN::Solving linear problem using rtol=0.562 and max_iter=13
REGINN:CGLS::k=0 : rdisc=1.00, norm=0.00
REGINN:CGLS::k=1 : rdisc=0.976, norm=0.0374
REGINN:CGLS::k=2 : rdisc=0.931, norm=0.112
REGINN:CGLS::k=3 : rdisc=0.904, norm=0.167
REGINN:CGLS::k=4 : rdisc=0.874, norm=0.247
REGINN:CGLS::k=5 : rdisc=0.863, norm=0.280
REGINN:CGLS::k=6 : rdisc=0.841, norm=0.353
REGINN:CGLS::k=7 : rdisc=0.809, norm=0.467
REGINN:CGLS::k=8 : rdisc=0.754, norm=0.683
REGINN:CGLS::k=9 : rdisc=0.747, norm=0.707
REGINN:CGLS::k=10: rdisc=0.684, norm=0.966
REGINN:CGLS::k=11: rdisc=0.656, norm=1.08
REGINN:CGLS::k=12: rdisc=0.647, norm=1.12
REGINN:CGLS::k=13: rdisc=0.642, norm=1.14
REGINN:CGLS::Unsuccessful termination after 13 iterations!
REGINN::Linear solver did not achieve desired discrepancy due to max_iter.
REGINN:post_processing::Adjusted lower bound of estimate from -0.447 to 0.100
REGINN::i=11: rdisc=0.0485, rnorm=0.837, rerr=0.248
REGINN::Saving current residual in ./step-0011/
REGINN::Saving current estimate in ./step-0011/
REGINN::0.100 ≤ estimate ≤ 2.79
REGINN::Solving linear problem using rtol=0.730 and max_iter=21
REGINN:CGLS::k=0 : rdisc=1.00, norm=0.00
REGINN:CGLS::k=1 : rdisc=0.932, norm=0.0443
REGINN:CGLS::k=2 : rdisc=0.870, norm=0.0960
REGINN:CGLS::k=3 : rdisc=0.856, norm=0.111
REGINN:CGLS::k=4 : rdisc=0.842, norm=0.136
REGINN:CGLS::k=5 : rdisc=0.827, norm=0.171
REGINN:CGLS::k=6 : rdisc=0.813, norm=0.218
REGINN:CGLS::k=7 : rdisc=0.804, norm=0.251
REGINN:CGLS::k=8 : rdisc=0.791, norm=0.304
REGINN:CGLS::k=9 : rdisc=0.765, norm=0.424
REGINN:CGLS::k=10: rdisc=0.734, norm=0.575
REGINN:CGLS::k=11: rdisc=0.705, norm=0.728
REGINN:CGLS::Safeguarding: λ=0.923 ⇒ rdisc=0.730
REGINN:CGLS::Target discrepancy reached after 11 iterations.
REGINN:post_processing::Adjusted lower bound of estimate from -0.152 to 0.100
REGINN::i=12: rdisc=0.0369, rnorm=0.841, rerr=0.245
REGINN::0.100 ≤ estimate ≤ 2.92
REGINN::Solving linear problem using rtol=0.693 and max_iter=24
REGINN:CGLS::k=0 : rdisc=1.00, norm=0.00
REGINN:CGLS::k=1 : rdisc=0.957, norm=0.0356
REGINN:CGLS::k=2 : rdisc=0.938, norm=0.0554
REGINN:CGLS::k=3 : rdisc=0.926, norm=0.0701
REGINN:CGLS::k=4 : rdisc=0.914, norm=0.0931
REGINN:CGLS::k=5 : rdisc=0.897, norm=0.137
REGINN:CGLS::k=6 : rdisc=0.882, norm=0.186
REGINN:CGLS::k=7 : rdisc=0.875, norm=0.211
REGINN:CGLS::k=8 : rdisc=0.856, norm=0.286
REGINN:CGLS::k=9 : rdisc=0.842, norm=0.344
REGINN:CGLS::k=10: rdisc=0.827, norm=0.412
REGINN:CGLS::k=11: rdisc=0.809, norm=0.503
REGINN:CGLS::k=12: rdisc=0.788, norm=0.606
REGINN:CGLS::k=13: rdisc=0.768, norm=0.705
REGINN:CGLS::k=14: rdisc=0.745, norm=0.821
REGINN:CGLS::k=15: rdisc=0.728, norm=0.907
REGINN:CGLS::k=16: rdisc=0.707, norm=1.02
REGINN:CGLS::k=17: rdisc=0.696, norm=1.07
REGINN:CGLS::k=18: rdisc=0.686, norm=1.12
REGINN:CGLS::Safeguarding: λ=0.785 ⇒ rdisc=0.693
REGINN:CGLS::Target discrepancy reached after 18 iterations.
REGINN:post_processing::Adjusted lower bound of estimate from -0.154 to 0.100
REGINN::i=13: rdisc=0.0285, rnorm=0.851, rerr=0.239
REGINN::0.100 ≤ estimate ≤ 2.73
REGINN::Solving linear problem using rtol=0.811 and max_iter=29
REGINN:CGLS::k=0 : rdisc=1.00, norm=0.00
REGINN:CGLS::k=1 : rdisc=0.962, norm=0.0212
REGINN:CGLS::k=2 : rdisc=0.896, norm=0.0660
REGINN:CGLS::k=3 : rdisc=0.886, norm=0.0744
REGINN:CGLS::k=4 : rdisc=0.876, norm=0.0858
REGINN:CGLS::k=5 : rdisc=0.867, norm=0.101
REGINN:CGLS::k=6 : rdisc=0.858, norm=0.121
REGINN:CGLS::k=7 : rdisc=0.854, norm=0.131
REGINN:CGLS::k=8 : rdisc=0.842, norm=0.166
REGINN:CGLS::k=9 : rdisc=0.833, norm=0.198
REGINN:CGLS::k=10: rdisc=0.828, norm=0.221
REGINN:CGLS::k=11: rdisc=0.818, norm=0.261
REGINN:CGLS::k=12: rdisc=0.814, norm=0.282
REGINN:CGLS::k=13: rdisc=0.802, norm=0.338
REGINN:CGLS::Safeguarding: λ=0.889 ⇒ rdisc=0.811
REGINN:CGLS::Target discrepancy reached after 13 iterations.
REGINN:post_processing::Adjusted lower bound of estimate from -0.338 to 0.100
REGINN::i=14: rdisc=0.0253, rnorm=0.851, rerr=0.238
REGINN::0.100 ≤ estimate ≤ 2.66
REGINN::Solving linear problem using rtol=0.788 and max_iter=31
REGINN:CGLS::k=0 : rdisc=1.00, norm=0.00
REGINN:CGLS::k=1 : rdisc=0.950, norm=0.0332
REGINN:CGLS::k=2 : rdisc=0.923, norm=0.0526
REGINN:CGLS::k=3 : rdisc=0.910, norm=0.0630
REGINN:CGLS::k=4 : rdisc=0.903, norm=0.0708
REGINN:CGLS::k=5 : rdisc=0.897, norm=0.0797
REGINN:CGLS::k=6 : rdisc=0.894, norm=0.0864
REGINN:CGLS::k=7 : rdisc=0.892, norm=0.0910
REGINN:CGLS::k=8 : rdisc=0.886, norm=0.110
REGINN:CGLS::k=9 : rdisc=0.879, norm=0.136
REGINN:CGLS::k=10: rdisc=0.873, norm=0.167
REGINN:CGLS::k=11: rdisc=0.863, norm=0.218
REGINN:CGLS::k=12: rdisc=0.859, norm=0.241
REGINN:CGLS::k=13: rdisc=0.850, norm=0.290
REGINN:CGLS::k=14: rdisc=0.841, norm=0.340
REGINN:CGLS::k=15: rdisc=0.824, norm=0.444
REGINN:CGLS::k=16: rdisc=0.805, norm=0.561
REGINN:CGLS::k=17: rdisc=0.793, norm=0.635
REGINN:CGLS::k=18: rdisc=0.783, norm=0.696
REGINN:CGLS::Safeguarding: λ=0.757 ⇒ rdisc=0.788
REGINN:CGLS::Target discrepancy reached after 18 iterations.
REGINN:post_processing::Adjusted lower bound of estimate from -0.499 to 0.100
REGINN::i=15: rdisc=0.0247, rnorm=0.856, rerr=0.233
REGINN::0.100 ≤ estimate ≤ 2.46
REGINN::Solving linear problem using rtol=0.846 and max_iter=31
REGINN:CGLS::k=0 : rdisc=1.00, norm=0.00
REGINN:CGLS::k=1 : rdisc=0.930, norm=0.0308
REGINN:CGLS::k=2 : rdisc=0.836, norm=0.0747
REGINN:CGLS::Safeguarding: λ=0.321 ⇒ rdisc=0.846
REGINN:CGLS::Target discrepancy reached after 2 iterations.
REGINN:post_processing::Adjusted lower bound of estimate from -0.0872 to 0.100
REGINN::i=16: rdisc=0.0220, rnorm=0.856, rerr=0.233
REGINN::Saving current residual in ./step-0016/
REGINN::Saving current estimate in ./step-0016/
REGINN::0.100 ≤ estimate ≤ 2.45
REGINN::Solving linear problem using rtol=0.909 and max_iter=20
REGINN:CGLS::k=0 : rdisc=1.00, norm=0.00
REGINN:CGLS::k=1 : rdisc=0.968, norm=0.0182
REGINN:CGLS::k=2 : rdisc=0.921, norm=0.0489
REGINN:CGLS::k=3 : rdisc=0.903, norm=0.0627
REGINN:CGLS::Safeguarding: λ=0.579 ⇒ rdisc=0.909
REGINN:CGLS::Target discrepancy reached after 3 iterations.
REGINN:post_processing::Adjusted lower bound of estimate from -0.0814 to 0.100
REGINN::i=17: rdisc=0.0204, rnorm=0.856, rerr=0.233
REGINN::0.100 ≤ estimate ≤ 2.42
REGINN::Solving linear problem using rtol=0.982 and max_iter=5
REGINN:CGLS::k=0 : rdisc=1.00, norm=0.00
REGINN:CGLS::k=1 : rdisc=0.986, norm=0.0132
REGINN:CGLS::k=2 : rdisc=0.971, norm=0.0286
REGINN:CGLS::Safeguarding: λ=0.862 ⇒ rdisc=0.982
REGINN:CGLS::Target discrepancy reached after 2 iterations.
REGINN:post_processing::Adjusted lower bound of estimate from 0.0650 to 0.100
REGINN::i=18: rdisc=0.0201, rnorm=0.856, rerr=0.233
REGINN::0.100 ≤ estimate ≤ 2.42
REGINN::Solving linear problem using rtol=0.995 and max_iter=5
REGINN:CGLS::k=0 : rdisc=1.00, norm=0.00
REGINN:CGLS::k=1 : rdisc=0.993, norm=0.00583
REGINN:CGLS::Safeguarding: λ=0.505 ⇒ rdisc=0.995
REGINN:CGLS::Target discrepancy reached after 1 iteration.
REGINN:post_processing::Adjusted lower bound of estimate from 0.0963 to 0.100
REGINN::i=19: rdisc=0.0200, rnorm=0.856, rerr=0.233
REGINN::0.100 ≤ estimate ≤ 2.42
REGINN::Target discrepancy reached after 19 iterations.
REGINN::Saving current residual in ./step-0019/
REGINN::Saving current estimate in ./step-0019/
REGINN::0.100 ≤ estimate ≤ 2.42
stats::forward              : 21 calls, average 13.7 s per call
stats::linearization forward: 106 calls, average 10.5 s per call
stats::linearization adjoint: 106 calls, average 12.9 s per call
stats::measure forward      : 127 calls, average 0.00387 s per call
stats::measure adjoint      : 106 calls, average 0.00468 s per call
