JobId thies-arch1 Sun Apr  8 00:47:10 2018
wavepi 3fa08ced-dirty
Release-Build, compiled on 2018-03-28T15:17:13Z from commit 3fa08cedb040cdd8a617b11f141a1a310502145c ("distribute random noise from root to everyone else") on branch master

working directory was dirty, git status: 
 M problems/q_banach/p1_1_h1h1.cfg
 M problems/q_banach/p1_5_h1h1.cfg
 M problems/q_banach/p2_h1h1.cfg
 M problems/q_banach/p2_h1h1_hilbert.cfg
 M problems/q_banach/p8_h1h1.cfg
 M problems/q_banach/rhs4_p1_1_h1h1.cfg
 M problems/q_banach/rhs4_p1_5_h1h1.cfg
 M problems/q_banach/rhs4_p2_h1h1_hilbert.cfg
 M problems/q_banach/rhs4_p8_h1h1.cfg
?? problems/q_banach/p1_1_h1h1/
?? problems/q_banach/p1_1_h1h1_gamma/
?? problems/q_banach/p1_1_l2l2/
?? problems/q_banach/p1_5_h1h1/
?? problems/q_banach/p1_5_h1h1_gamma/
?? problems/q_banach/rhs4_p1_1_h1h1/
?? problems/q_banach/rhs4_p1_1_h1h1_gamma/
?? problems/q_banach/rhs4_p1_1_l2l2/

initialize_mesh::Number of active cells: 1024
initialize_mesh::Number of degrees of freedom in the first spatial mesh: 1089
initialize_mesh::cell diameters: minimal = 0.354, maximal = 0.354
initialize_mesh::dt: 0.0235
initialize_mesh::expected size of a DiscretizedFunction<2>: 2.13 MiB
Initializing problem
Generating synthetic data (inverse crime)
generate_data:run::distributing noisy data to other nodes
generate_data:run::Distribution of data complete.
wall time for data synthesis        : 1.7s
wall time for mesh and problem init : 202.2ms
parameters:LogTransform::lower bound: 0.0
parameters:WaveEquation::max iter: 10000
parameters:WaveEquation::theta: 0.5
parameters:WaveEquation::tol: 1e-8
parameters:constraints::lower bound: -1e300
parameters:constraints::upper bound: 1e300
parameters:general::dimension: 2
parameters:general::finite element degree: 1
parameters:general::quadrature order: 3
parameters:inversion::method: REGINN
parameters:inversion::tau: 2
parameters:log::console depth: 2
parameters:log::file: wavepi.log
parameters:log::file depth: 3
parameters:log::file depth mpi: 3
parameters:mesh::end time: 6
parameters:mesh::initial refines: 5
parameters:mesh::initial time steps: 256
parameters:output::data: true
parameters:output::destination: ./step-{{i}}/
parameters:output::discrepancy decrease: 0.25
parameters:output::estimate: true
parameters:output::estimate transformed: false
parameters:output::exact: true
parameters:output::exact transformed: false
parameters:output::interval: 10
parameters:output::last: true
parameters:output::residual: true
parameters:output::statistics: history
parameters:problem::H1H1 beta: 0.25
parameters:problem::H1H1 gamma: 0.1
parameters:problem::H1L2 alpha: 0.5
parameters:problem::H2L2 alpha: 0.5
parameters:problem::H2L2 beta: 0.25
parameters:problem::H2L2+L2H1 alpha: 0.5
parameters:problem::H2L2+L2H1 beta: 0.25
parameters:problem::H2L2+L2H1 gamma: 0.5
parameters:problem::background parameter: 0.0
parameters:problem::constants: 
parameters:problem::domain lp wrapping: true
parameters:problem::domain p: 8.0
parameters:problem::epsilon: 5e-3
parameters:problem::initial guess: 0.0
parameters:problem::norm of codomain: L2L2
parameters:problem::norm of domain: H1H1
parameters:problem::parameter a: 1.0
parameters:problem::parameter c: 2.0
parameters:problem::parameter nu: 0.0
parameters:problem::parameter q: 2*if(norm{x|y|z} < 1.5, 2.0+abs(sin(t)), 0.0)
parameters:problem::transform: Identity
parameters:problem::type: q
parameters:watchdog::discrepancy increasing: false
parameters:watchdog::discrepancy slope min values: 40
parameters:watchdog::discrepancy slope percentage: 0.25
parameters:watchdog::discrepancy slope threshold: 0.0
parameters:watchdog::discrepancy threshold: 10.0
parameters:watchdog::maximum iteration count: 0
REGINN::Saving exact parameter in ./step-0000/
REGINN::Saving data in ./step-0000/
REGINN::Saving current residual in ./step-0000/
REGINN::Saving current estimate in ./step-0000/
REGINN::i=0 : rdisc=1.63 , rnorm=0.00 , rerr=1.00 
REGINN::0.00 ≤ estimate ≤ 0.00
REGINN::Solving linear problem using rtol=0.900 and max_iter=1
REGINN:Gradient::k=0 : rdisc=1.00 , norm=0.00 
REGINN:Gradient::k=1 : rdisc=0.665, norm=0.00334
REGINN:Gradient::Target discrepancy reached after 1 iteration.
REGINN::i=1 : rdisc=1.11 , rnorm=0.0278, rerr=1.01 
REGINN::0.130 ≤ estimate ≤ 0.669
REGINN::
REGINN::Solving linear problem using rtol=0.900 and max_iter=2
REGINN:Gradient::k=0 : rdisc=1.00 , norm=0.00 
REGINN:Gradient::k=1 : rdisc=0.884, norm=0.00314
REGINN:Gradient::Target discrepancy reached after 1 iteration.
REGINN::i=2 : rdisc=0.955, rnorm=0.0538, rerr=1.02 
REGINN::0.256 ≤ estimate ≤ 1.31
REGINN::
REGINN::Solving linear problem using rtol=0.855 and max_iter=2
REGINN:Gradient::k=0 : rdisc=1.00 , norm=0.00 
REGINN:Gradient::k=1 : rdisc=0.923, norm=0.00429
REGINN:Gradient::k=2 : rdisc=0.833, norm=0.00888
REGINN:Gradient::Target discrepancy reached after 2 iterations.
REGINN::i=3 : rdisc=0.784, rnorm=0.120, rerr=1.03 
REGINN::0.220 ≤ estimate ≤ 3.13
REGINN::
REGINN::Solving linear problem using rtol=0.812 and max_iter=3
REGINN:Gradient::k=0 : rdisc=1.00 , norm=0.00 
REGINN:Gradient::k=1 : rdisc=0.811, norm=0.00576
REGINN:Gradient::Target discrepancy reached after 1 iteration.
REGINN::i=4 : rdisc=0.539, rnorm=0.162, rerr=1.04 
REGINN::0.444 ≤ estimate ≤ 4.22
REGINN::
REGINN::Solving linear problem using rtol=0.772 and max_iter=3
REGINN:Gradient::k=0 : rdisc=1.00 , norm=0.00 
REGINN:Gradient::k=1 : rdisc=0.562, norm=0.00861
REGINN:Gradient::Target discrepancy reached after 1 iteration.
REGINN::Saving current residual in ./step-0005/
REGINN::Saving current estimate in ./step-0005/
REGINN::i=5 : rdisc=0.242, rnorm=0.230, rerr=1.07 
REGINN::0.237 ≤ estimate ≤ 5.94
REGINN::
REGINN::Solving linear problem using rtol=0.733 and max_iter=2
REGINN:Gradient::k=0 : rdisc=1.00 , norm=0.00 
REGINN:Gradient::k=1 : rdisc=0.767, norm=0.00486
REGINN:Gradient::k=2 : rdisc=0.647, norm=0.00607
REGINN:Gradient::Target discrepancy reached after 2 iterations.
REGINN::i=6 : rdisc=0.164, rnorm=0.241, rerr=1.07 
REGINN::-0.532 ≤ estimate ≤ 6.34
REGINN::
REGINN::Solving linear problem using rtol=0.696 and max_iter=3
REGINN:Gradient::k=0 : rdisc=1.00 , norm=0.00 
REGINN:Gradient::k=1 : rdisc=0.846, norm=0.00298
REGINN:Gradient::k=2 : rdisc=0.764, norm=0.00365
REGINN:Gradient::k=3 : rdisc=0.700, norm=0.00491
REGINN:Gradient::Unsuccessful termination after 3 iterations!
REGINN::Linear solver did not achieve desired discrepancy due to max_iter.
REGINN::i=7 : rdisc=0.115, rnorm=0.260, rerr=1.07 
REGINN::-0.685 ≤ estimate ≤ 6.93
REGINN::
REGINN::Solving linear problem using rtol=0.662 and max_iter=5
REGINN:Gradient::k=0 : rdisc=1.00 , norm=0.00 
REGINN:Gradient::k=1 : rdisc=0.913, norm=0.000959
REGINN:Gradient::k=2 : rdisc=0.831, norm=0.00210
REGINN:Gradient::k=3 : rdisc=0.773, norm=0.00270
REGINN:Gradient::k=4 : rdisc=0.677, norm=0.00433
REGINN:Gradient::k=5 : rdisc=0.617, norm=0.00482
REGINN:Gradient::Target discrepancy reached after 5 iterations.
REGINN::i=8 : rdisc=0.0718, rnorm=0.266, rerr=1.08 
REGINN::-1.30 ≤ estimate ≤ 7.03
REGINN::
REGINN::Solving linear problem using rtol=0.629 and max_iter=8
REGINN:Gradient::k=0 : rdisc=1.00 , norm=0.00 
REGINN:Gradient::k=1 : rdisc=0.920, norm=0.000990
REGINN:Gradient::k=2 : rdisc=0.847, norm=0.00163
REGINN:Gradient::k=3 : rdisc=0.812, norm=0.00189
REGINN:Gradient::k=4 : rdisc=0.771, norm=0.00232
REGINN:Gradient::k=5 : rdisc=0.740, norm=0.00257
REGINN:Gradient::k=6 : rdisc=0.702, norm=0.00309
REGINN:Gradient::k=7 : rdisc=0.674, norm=0.00330
REGINN:Gradient::k=8 : rdisc=0.628, norm=0.00403
REGINN:Gradient::Target discrepancy reached after 8 iterations.
REGINN::Saving current residual in ./step-0009/
REGINN::Saving current estimate in ./step-0009/
REGINN::i=9 : rdisc=0.0457, rnorm=0.279, rerr=1.08 
REGINN::-0.934 ≤ estimate ≤ 6.72
REGINN::
REGINN::Solving linear problem using rtol=0.597 and max_iter=13
REGINN:Gradient::k=0 : rdisc=1.00 , norm=0.00 
REGINN:Gradient::k=1 : rdisc=0.955, norm=0.000250
REGINN:Gradient::k=2 : rdisc=0.919, norm=0.000621
REGINN:Gradient::k=3 : rdisc=0.888, norm=0.000822
REGINN:Gradient::k=4 : rdisc=0.866, norm=0.00104
REGINN:Gradient::k=5 : rdisc=0.849, norm=0.00117
REGINN:Gradient::k=6 : rdisc=0.829, norm=0.00142
REGINN:Gradient::k=7 : rdisc=0.811, norm=0.00156
REGINN:Gradient::k=8 : rdisc=0.792, norm=0.00181
REGINN:Gradient::k=9 : rdisc=0.775, norm=0.00193
REGINN:Gradient::k=10: rdisc=0.760, norm=0.00215
REGINN:Gradient::k=11: rdisc=0.746, norm=0.00226
REGINN:Gradient::k=12: rdisc=0.733, norm=0.00245
REGINN:Gradient::k=13: rdisc=0.722, norm=0.00255
REGINN:Gradient::Unsuccessful termination after 13 iterations!
REGINN::Linear solver did not achieve desired discrepancy due to max_iter.
REGINN::Saving current residual in ./step-0010/
REGINN::Saving current estimate in ./step-0010/
REGINN::i=10: rdisc=0.0335, rnorm=0.290, rerr=1.09 
REGINN::-0.734 ≤ estimate ≤ 6.59
REGINN::
REGINN::Solving linear problem using rtol=0.752 and max_iter=21
REGINN:Gradient::k=0 : rdisc=1.00 , norm=0.00 
REGINN:Gradient::k=1 : rdisc=0.985, norm=0.000170
REGINN:Gradient::k=2 : rdisc=0.971, norm=0.000260
REGINN:Gradient::k=3 : rdisc=0.959, norm=0.000391
REGINN:Gradient::k=4 : rdisc=0.947, norm=0.000479
REGINN:Gradient::k=5 : rdisc=0.935, norm=0.000615
REGINN:Gradient::k=6 : rdisc=0.924, norm=0.000696
REGINN:Gradient::k=7 : rdisc=0.912, norm=0.000845
REGINN:Gradient::k=8 : rdisc=0.901, norm=0.000922
REGINN:Gradient::k=9 : rdisc=0.888, norm=0.00108
REGINN:Gradient::k=10: rdisc=0.877, norm=0.00116
REGINN:Gradient::k=11: rdisc=0.864, norm=0.00133
REGINN:Gradient::k=12: rdisc=0.853, norm=0.00140
REGINN:Gradient::k=13: rdisc=0.839, norm=0.00159
REGINN:Gradient::k=14: rdisc=0.827, norm=0.00166
REGINN:Gradient::k=15: rdisc=0.814, norm=0.00185
REGINN:Gradient::k=16: rdisc=0.802, norm=0.00192
REGINN:Gradient::k=17: rdisc=0.789, norm=0.00212
REGINN:Gradient::k=18: rdisc=0.777, norm=0.00219
REGINN:Gradient::k=19: rdisc=0.765, norm=0.00238
REGINN:Gradient::k=20: rdisc=0.753, norm=0.00245
REGINN:Gradient::k=21: rdisc=0.738, norm=0.00269
REGINN:Gradient::Target discrepancy reached after 21 iterations.
REGINN::i=11: rdisc=0.0251, rnorm=0.299, rerr=1.09 
REGINN::-0.674 ≤ estimate ≤ 6.53
REGINN::
REGINN::Solving linear problem using rtol=0.847 and max_iter=34
REGINN:Gradient::k=0 : rdisc=1.00 , norm=0.00 
REGINN:Gradient::k=1 : rdisc=0.981, norm=8.84e-05
REGINN:Gradient::k=2 : rdisc=0.974, norm=0.000155
REGINN:Gradient::k=3 : rdisc=0.967, norm=0.000213
REGINN:Gradient::k=4 : rdisc=0.960, norm=0.000274
REGINN:Gradient::k=5 : rdisc=0.954, norm=0.000334
REGINN:Gradient::k=6 : rdisc=0.947, norm=0.000395
REGINN:Gradient::k=7 : rdisc=0.942, norm=0.000450
REGINN:Gradient::k=8 : rdisc=0.935, norm=0.000511
REGINN:Gradient::k=9 : rdisc=0.930, norm=0.000563
REGINN:Gradient::k=10: rdisc=0.924, norm=0.000625
REGINN:Gradient::k=11: rdisc=0.919, norm=0.000675
REGINN:Gradient::k=12: rdisc=0.912, norm=0.000744
REGINN:Gradient::k=13: rdisc=0.907, norm=0.000789
REGINN:Gradient::k=14: rdisc=0.900, norm=0.000877
REGINN:Gradient::k=15: rdisc=0.894, norm=0.000919
REGINN:Gradient::k=16: rdisc=0.882, norm=0.00108
REGINN:Gradient::k=17: rdisc=0.872, norm=0.00112
REGINN:Gradient::k=18: rdisc=0.855, norm=0.00136
REGINN:Gradient::k=19: rdisc=0.841, norm=0.00141
REGINN:Gradient::Target discrepancy reached after 19 iterations.
REGINN::i=12: rdisc=0.0212, rnorm=0.303, rerr=1.09 
REGINN::-0.707 ≤ estimate ≤ 6.56
REGINN::
REGINN::Solving linear problem using rtol=0.804 and max_iter=40
REGINN:Gradient::k=0 : rdisc=1.00 , norm=0.00 
REGINN:Gradient::k=1 : rdisc=0.915, norm=0.00116
REGINN:Gradient::k=2 : rdisc=0.870, norm=0.00121
REGINN:Gradient::k=3 : rdisc=0.858, norm=0.00124
REGINN:Gradient::k=4 : rdisc=0.854, norm=0.00126
REGINN:Gradient::k=5 : rdisc=0.850, norm=0.00130
REGINN:Gradient::k=6 : rdisc=0.846, norm=0.00132
REGINN:Gradient::k=7 : rdisc=0.842, norm=0.00138
REGINN:Gradient::k=8 : rdisc=0.838, norm=0.00140
REGINN:Gradient::k=9 : rdisc=0.829, norm=0.00153
REGINN:Gradient::k=10: rdisc=0.822, norm=0.00155
REGINN:Gradient::k=11: rdisc=0.809, norm=0.00176
REGINN:Gradient::k=12: rdisc=0.799, norm=0.00179
REGINN:Gradient::Target discrepancy reached after 12 iterations.
REGINN::i=13: rdisc=0.0171, rnorm=0.310, rerr=1.09 
REGINN::-0.784 ≤ estimate ≤ 6.56
REGINN::
REGINN::Solving linear problem using rtol=0.764 and max_iter=31
REGINN:Gradient::k=0 : rdisc=1.00 , norm=0.00 
REGINN:Gradient::k=1 : rdisc=0.994, norm=5.00e-05
REGINN:Gradient::k=2 : rdisc=0.990, norm=8.46e-05
REGINN:Gradient::k=3 : rdisc=0.987, norm=0.000108
REGINN:Gradient::k=4 : rdisc=0.983, norm=0.000152
REGINN:Gradient::k=5 : rdisc=0.980, norm=0.000177
REGINN:Gradient::k=6 : rdisc=0.975, norm=0.000234
REGINN:Gradient::k=7 : rdisc=0.971, norm=0.000258
REGINN:Gradient::k=8 : rdisc=0.965, norm=0.000331
REGINN:Gradient::k=9 : rdisc=0.960, norm=0.000353
REGINN:Gradient::k=10: rdisc=0.954, norm=0.000437
REGINN:Gradient::k=11: rdisc=0.949, norm=0.000457
REGINN:Gradient::k=12: rdisc=0.946, norm=0.000496
REGINN:Gradient::k=13: rdisc=0.943, norm=0.000519
REGINN:Gradient::k=14: rdisc=0.939, norm=0.000571
REGINN:Gradient::k=15: rdisc=0.935, norm=0.000595
REGINN:Gradient::k=16: rdisc=0.929, norm=0.000671
REGINN:Gradient::k=17: rdisc=0.924, norm=0.000696
REGINN:Gradient::k=18: rdisc=0.916, norm=0.000819
REGINN:Gradient::k=19: rdisc=0.908, norm=0.000845
REGINN:Gradient::k=20: rdisc=0.895, norm=0.00105
REGINN:Gradient::k=21: rdisc=0.884, norm=0.00107
REGINN:Gradient::k=22: rdisc=0.880, norm=0.00113
REGINN:Gradient::k=23: rdisc=0.875, norm=0.00116
REGINN:Gradient::k=24: rdisc=0.873, norm=0.00117
REGINN:Gradient::k=25: rdisc=0.871, norm=0.00120
REGINN:Gradient::k=26: rdisc=0.869, norm=0.00121
REGINN:Gradient::k=27: rdisc=0.866, norm=0.00126
REGINN:Gradient::k=28: rdisc=0.863, norm=0.00126
REGINN:Gradient::k=29: rdisc=0.857, norm=0.00137
REGINN:Gradient::k=30: rdisc=0.852, norm=0.00137
REGINN:Gradient::k=31: rdisc=0.841, norm=0.00155
REGINN:Gradient::Unsuccessful termination after 31 iterations!
REGINN::Linear solver did not achieve desired discrepancy due to max_iter.
REGINN::i=14: rdisc=0.0145, rnorm=0.314, rerr=1.09 
REGINN::-0.847 ≤ estimate ≤ 6.53
REGINN::
REGINN::Solving linear problem using rtol=0.909 and max_iter=43
REGINN:Gradient::k=0 : rdisc=1.00 , norm=0.00 
REGINN:Gradient::k=1 : rdisc=0.983, norm=6.88e-05
REGINN:Gradient::k=2 : rdisc=0.981, norm=8.00e-05
REGINN:Gradient::k=3 : rdisc=0.978, norm=0.000112
REGINN:Gradient::k=4 : rdisc=0.976, norm=0.000125
REGINN:Gradient::k=5 : rdisc=0.972, norm=0.000169
REGINN:Gradient::k=6 : rdisc=0.969, norm=0.000181
REGINN:Gradient::k=7 : rdisc=0.965, norm=0.000245
REGINN:Gradient::k=8 : rdisc=0.961, norm=0.000260
REGINN:Gradient::k=9 : rdisc=0.957, norm=0.000321
REGINN:Gradient::k=10: rdisc=0.953, norm=0.000335
REGINN:Gradient::k=11: rdisc=0.951, norm=0.000368
REGINN:Gradient::k=12: rdisc=0.948, norm=0.000384
REGINN:Gradient::k=13: rdisc=0.946, norm=0.000422
REGINN:Gradient::k=14: rdisc=0.943, norm=0.000437
REGINN:Gradient::k=15: rdisc=0.940, norm=0.000478
REGINN:Gradient::k=16: rdisc=0.938, norm=0.000492
REGINN:Gradient::k=17: rdisc=0.935, norm=0.000530
REGINN:Gradient::k=18: rdisc=0.933, norm=0.000546
REGINN:Gradient::k=19: rdisc=0.929, norm=0.000600
REGINN:Gradient::k=20: rdisc=0.926, norm=0.000617
REGINN:Gradient::k=21: rdisc=0.920, norm=0.000713
REGINN:Gradient::k=22: rdisc=0.915, norm=0.000731
REGINN:Gradient::k=23: rdisc=0.905, norm=0.000887
REGINN:Gradient::Target discrepancy reached after 23 iterations.
REGINN::i=15: rdisc=0.0132, rnorm=0.317, rerr=1.09 
REGINN::-0.863 ≤ estimate ≤ 6.54
REGINN::
REGINN::Solving linear problem using rtol=0.863 and max_iter=54
REGINN:Gradient::k=0 : rdisc=1.00 , norm=0.00 
REGINN:Gradient::k=1 : rdisc=0.992, norm=2.99e-05
REGINN:Gradient::k=2 : rdisc=0.988, norm=6.65e-05
REGINN:Gradient::k=3 : rdisc=0.986, norm=8.42e-05
REGINN:Gradient::k=4 : rdisc=0.985, norm=8.89e-05
REGINN:Gradient::k=5 : rdisc=0.983, norm=0.000107
REGINN:Gradient::k=6 : rdisc=0.982, norm=0.000114
REGINN:Gradient::k=7 : rdisc=0.980, norm=0.000139
REGINN:Gradient::k=8 : rdisc=0.978, norm=0.000146
REGINN:Gradient::k=9 : rdisc=0.976, norm=0.000182
REGINN:Gradient::k=10: rdisc=0.974, norm=0.000188
REGINN:Gradient::k=11: rdisc=0.970, norm=0.000248
REGINN:Gradient::k=12: rdisc=0.966, norm=0.000258
REGINN:Gradient::k=13: rdisc=0.964, norm=0.000291
REGINN:Gradient::k=14: rdisc=0.962, norm=0.000300
REGINN:Gradient::k=15: rdisc=0.960, norm=0.000328
REGINN:Gradient::k=16: rdisc=0.959, norm=0.000340
REGINN:Gradient::k=17: rdisc=0.957, norm=0.000362
REGINN:Gradient::k=18: rdisc=0.956, norm=0.000372
REGINN:Gradient::k=19: rdisc=0.953, norm=0.000409
REGINN:Gradient::k=20: rdisc=0.951, norm=0.000421
REGINN:Gradient::k=21: rdisc=0.949, norm=0.000446
REGINN:Gradient::k=22: rdisc=0.948, norm=0.000456
REGINN:Gradient::k=23: rdisc=0.945, norm=0.000496
REGINN:Gradient::k=24: rdisc=0.943, norm=0.000507
REGINN:Gradient::k=25: rdisc=0.941, norm=0.000539
REGINN:Gradient::k=26: rdisc=0.939, norm=0.000548
REGINN:Gradient::k=27: rdisc=0.937, norm=0.000583
REGINN:Gradient::k=28: rdisc=0.935, norm=0.000595
REGINN:Gradient::k=29: rdisc=0.933, norm=0.000616
REGINN:Gradient::k=30: rdisc=0.932, norm=0.000627
REGINN:Gradient::k=31: rdisc=0.930, norm=0.000654
REGINN:Gradient::k=32: rdisc=0.929, norm=0.000664
REGINN:Gradient::k=33: rdisc=0.927, norm=0.000699
REGINN:Gradient::k=34: rdisc=0.925, norm=0.000710
REGINN:Gradient::k=35: rdisc=0.922, norm=0.000759
REGINN:Gradient::k=36: rdisc=0.919, norm=0.000772
REGINN:Gradient::k=37: rdisc=0.918, norm=0.000789
REGINN:Gradient::k=38: rdisc=0.917, norm=0.000800
REGINN:Gradient::k=39: rdisc=0.916, norm=0.000813
REGINN:Gradient::k=40: rdisc=0.915, norm=0.000825
REGINN:Gradient::k=41: rdisc=0.914, norm=0.000837
REGINN:Gradient::k=42: rdisc=0.913, norm=0.000849
REGINN:Gradient::k=43: rdisc=0.912, norm=0.000862
REGINN:Gradient::k=44: rdisc=0.911, norm=0.000874
REGINN:Gradient::k=45: rdisc=0.910, norm=0.000887
REGINN:Gradient::k=46: rdisc=0.909, norm=0.000898
REGINN:Gradient::k=47: rdisc=0.907, norm=0.000913
REGINN:Gradient::k=48: rdisc=0.906, norm=0.000923
REGINN:Gradient::k=49: rdisc=0.905, norm=0.000940
REGINN:Gradient::k=50: rdisc=0.904, norm=0.000950
REGINN:Gradient::k=51: rdisc=0.903, norm=0.000971
REGINN:Gradient::k=52: rdisc=0.902, norm=0.000981
REGINN:Gradient::k=53: rdisc=0.900, norm=0.00101
REGINN:Gradient::k=54: rdisc=0.898, norm=0.00102
REGINN:Gradient::Unsuccessful termination after 54 iterations!
REGINN::Linear solver did not achieve desired discrepancy due to max_iter.
REGINN::i=16: rdisc=0.0119, rnorm=0.321, rerr=1.09 
REGINN::-0.880 ≤ estimate ≤ 6.52
REGINN::
REGINN::Solving linear problem using rtol=0.942 and max_iter=77
REGINN:Gradient::k=0 : rdisc=1.00 , norm=0.00 
REGINN:Gradient::k=1 : rdisc=0.998, norm=2.92e-05
REGINN:Gradient::k=2 : rdisc=0.997, norm=3.66e-05
REGINN:Gradient::k=3 : rdisc=0.994, norm=7.39e-05
REGINN:Gradient::k=4 : rdisc=0.992, norm=8.37e-05
REGINN:Gradient::k=5 : rdisc=0.990, norm=0.000124
REGINN:Gradient::k=6 : rdisc=0.988, norm=0.000135
REGINN:Gradient::k=7 : rdisc=0.986, norm=0.000157
REGINN:Gradient::k=8 : rdisc=0.984, norm=0.000168
REGINN:Gradient::k=9 : rdisc=0.983, norm=0.000180
REGINN:Gradient::k=10: rdisc=0.982, norm=0.000190
REGINN:Gradient::k=11: rdisc=0.981, norm=0.000203
REGINN:Gradient::k=12: rdisc=0.980, norm=0.000214
REGINN:Gradient::k=13: rdisc=0.979, norm=0.000228
REGINN:Gradient::k=14: rdisc=0.978, norm=0.000238
REGINN:Gradient::k=15: rdisc=0.977, norm=0.000255
REGINN:Gradient::k=16: rdisc=0.976, norm=0.000264
REGINN:Gradient::k=17: rdisc=0.974, norm=0.000286
REGINN:Gradient::k=18: rdisc=0.973, norm=0.000295
REGINN:Gradient::k=19: rdisc=0.971, norm=0.000331
REGINN:Gradient::k=20: rdisc=0.969, norm=0.000341
REGINN:Gradient::k=21: rdisc=0.963, norm=0.000434
REGINN:Gradient::k=22: rdisc=0.958, norm=0.000447
REGINN:Gradient::k=23: rdisc=0.957, norm=0.000463
REGINN:Gradient::k=24: rdisc=0.956, norm=0.000477
REGINN:Gradient::k=25: rdisc=0.955, norm=0.000485
REGINN:Gradient::k=26: rdisc=0.954, norm=0.000499
REGINN:Gradient::k=27: rdisc=0.953, norm=0.000507
REGINN:Gradient::k=28: rdisc=0.952, norm=0.000520
REGINN:Gradient::k=29: rdisc=0.951, norm=0.000528
REGINN:Gradient::k=30: rdisc=0.950, norm=0.000540
REGINN:Gradient::k=31: rdisc=0.949, norm=0.000549
REGINN:Gradient::k=32: rdisc=0.948, norm=0.000562
REGINN:Gradient::k=33: rdisc=0.947, norm=0.000570
REGINN:Gradient::k=34: rdisc=0.947, norm=0.000583
REGINN:Gradient::k=35: rdisc=0.946, norm=0.000591
REGINN:Gradient::k=36: rdisc=0.945, norm=0.000604
REGINN:Gradient::k=37: rdisc=0.944, norm=0.000613
REGINN:Gradient::k=38: rdisc=0.943, norm=0.000625
REGINN:Gradient::k=39: rdisc=0.942, norm=0.000634
REGINN:Gradient::k=40: rdisc=0.941, norm=0.000646
REGINN:Gradient::Target discrepancy reached after 40 iterations.
REGINN::i=17: rdisc=0.0112, rnorm=0.323, rerr=1.09 
REGINN::-0.892 ≤ estimate ≤ 6.51
REGINN::
REGINN::Solving linear problem using rtol=0.895 and max_iter=94
REGINN:Gradient::k=0 : rdisc=1.00 , norm=0.00 
REGINN:Gradient::k=1 : rdisc=0.999, norm=1.13e-05
REGINN:Gradient::k=2 : rdisc=0.998, norm=2.14e-05
REGINN:Gradient::k=3 : rdisc=0.997, norm=3.17e-05
REGINN:Gradient::k=4 : rdisc=0.996, norm=4.24e-05
REGINN:Gradient::k=5 : rdisc=0.995, norm=5.29e-05
REGINN:Gradient::k=6 : rdisc=0.995, norm=6.29e-05
REGINN:Gradient::k=7 : rdisc=0.994, norm=7.38e-05
REGINN:Gradient::k=8 : rdisc=0.993, norm=8.30e-05
REGINN:Gradient::k=9 : rdisc=0.992, norm=9.51e-05
REGINN:Gradient::k=10: rdisc=0.991, norm=0.000103
REGINN:Gradient::k=11: rdisc=0.990, norm=0.000118
REGINN:Gradient::k=12: rdisc=0.989, norm=0.000125
REGINN:Gradient::k=13: rdisc=0.988, norm=0.000147
REGINN:Gradient::k=14: rdisc=0.987, norm=0.000153
REGINN:Gradient::k=15: rdisc=0.984, norm=0.000194
REGINN:Gradient::k=16: rdisc=0.982, norm=0.000202
REGINN:Gradient::k=17: rdisc=0.978, norm=0.000259
REGINN:Gradient::k=18: rdisc=0.976, norm=0.000270
REGINN:Gradient::k=19: rdisc=0.975, norm=0.000279
REGINN:Gradient::k=20: rdisc=0.974, norm=0.000290
REGINN:Gradient::k=21: rdisc=0.973, norm=0.000299
REGINN:Gradient::k=22: rdisc=0.972, norm=0.000309
REGINN:Gradient::k=23: rdisc=0.971, norm=0.000318
REGINN:Gradient::k=24: rdisc=0.970, norm=0.000328
REGINN:Gradient::k=25: rdisc=0.970, norm=0.000338
REGINN:Gradient::k=26: rdisc=0.969, norm=0.000347
REGINN:Gradient::k=27: rdisc=0.968, norm=0.000357
REGINN:Gradient::k=28: rdisc=0.967, norm=0.000366
REGINN:Gradient::k=29: rdisc=0.966, norm=0.000377
REGINN:Gradient::k=30: rdisc=0.966, norm=0.000385
REGINN:Gradient::k=31: rdisc=0.965, norm=0.000396
REGINN:Gradient::k=32: rdisc=0.964, norm=0.000405
REGINN:Gradient::k=33: rdisc=0.963, norm=0.000418
REGINN:Gradient::k=34: rdisc=0.962, norm=0.000425
REGINN:Gradient::k=35: rdisc=0.961, norm=0.000442
REGINN:Gradient::k=36: rdisc=0.960, norm=0.000449
REGINN:Gradient::k=37: rdisc=0.958, norm=0.000481
REGINN:Gradient::k=38: rdisc=0.957, norm=0.000488
REGINN:Gradient::k=39: rdisc=0.954, norm=0.000544
REGINN:Gradient::k=40: rdisc=0.951, norm=0.000552
REGINN:Gradient::k=41: rdisc=0.949, norm=0.000578
REGINN:Gradient::k=42: rdisc=0.948, norm=0.000586
REGINN:Gradient::k=43: rdisc=0.947, norm=0.000595
REGINN:Gradient::k=44: rdisc=0.946, norm=0.000604
REGINN:Gradient::k=45: rdisc=0.945, norm=0.000614
REGINN:Gradient::k=46: rdisc=0.945, norm=0.000623
REGINN:Gradient::k=47: rdisc=0.944, norm=0.000632
REGINN:Gradient::k=48: rdisc=0.943, norm=0.000641
REGINN:Gradient::k=49: rdisc=0.943, norm=0.000650
REGINN:Gradient::k=50: rdisc=0.942, norm=0.000659
REGINN:Gradient::k=51: rdisc=0.941, norm=0.000669
REGINN:Gradient::k=52: rdisc=0.940, norm=0.000677
REGINN:Gradient::k=53: rdisc=0.940, norm=0.000687
REGINN:Gradient::k=54: rdisc=0.939, norm=0.000696
REGINN:Gradient::k=55: rdisc=0.938, norm=0.000707
REGINN:Gradient::k=56: rdisc=0.937, norm=0.000714
REGINN:Gradient::k=57: rdisc=0.937, norm=0.000727
REGINN:Gradient::k=58: rdisc=0.936, norm=0.000734
REGINN:Gradient::k=59: rdisc=0.935, norm=0.000752
REGINN:Gradient::k=60: rdisc=0.934, norm=0.000758
REGINN:Gradient::k=61: rdisc=0.932, norm=0.000791
REGINN:Gradient::k=62: rdisc=0.930, norm=0.000798
REGINN:Gradient::k=63: rdisc=0.927, norm=0.000860
REGINN:Gradient::k=64: rdisc=0.924, norm=0.000869
REGINN:Gradient::k=65: rdisc=0.923, norm=0.000878
REGINN:Gradient::k=66: rdisc=0.923, norm=0.000887
REGINN:Gradient::k=67: rdisc=0.922, norm=0.000895
REGINN:Gradient::k=68: rdisc=0.921, norm=0.000904
REGINN:Gradient::k=69: rdisc=0.921, norm=0.000912
REGINN:Gradient::k=70: rdisc=0.920, norm=0.000921
REGINN:Gradient::k=71: rdisc=0.919, norm=0.000929
REGINN:Gradient::k=72: rdisc=0.919, norm=0.000938
REGINN:Gradient::k=73: rdisc=0.918, norm=0.000946
REGINN:Gradient::k=74: rdisc=0.917, norm=0.000955
REGINN:Gradient::k=75: rdisc=0.917, norm=0.000962
REGINN:Gradient::k=76: rdisc=0.916, norm=0.000972
REGINN:Gradient::k=77: rdisc=0.915, norm=0.000979
REGINN:Gradient::k=78: rdisc=0.915, norm=0.000989
REGINN:Gradient::k=79: rdisc=0.914, norm=0.000996
REGINN:Gradient::k=80: rdisc=0.913, norm=0.00101
REGINN:Gradient::k=81: rdisc=0.913, norm=0.00101
REGINN:Gradient::k=82: rdisc=0.912, norm=0.00102
REGINN:Gradient::k=83: rdisc=0.911, norm=0.00103
REGINN:Gradient::k=84: rdisc=0.911, norm=0.00104
REGINN:Gradient::k=85: rdisc=0.910, norm=0.00105
REGINN:Gradient::k=86: rdisc=0.909, norm=0.00106
REGINN:Gradient::k=87: rdisc=0.909, norm=0.00106
REGINN:Gradient::k=88: rdisc=0.908, norm=0.00107
REGINN:Gradient::k=89: rdisc=0.908, norm=0.00108
REGINN:Gradient::k=90: rdisc=0.907, norm=0.00109
REGINN:Gradient::k=91: rdisc=0.906, norm=0.00110
REGINN:Gradient::k=92: rdisc=0.906, norm=0.00111
REGINN:Gradient::k=93: rdisc=0.905, norm=0.00111
REGINN:Gradient::k=94: rdisc=0.904, norm=0.00112
REGINN:Gradient::Unsuccessful termination after 94 iterations!
REGINN::Linear solver did not achieve desired discrepancy due to max_iter.
REGINN::i=18: rdisc=0.0102, rnorm=0.327, rerr=1.09 
REGINN::-0.900 ≤ estimate ≤ 6.49
REGINN::
REGINN::Solving linear problem using rtol=0.979 and max_iter=134
REGINN:Gradient::k=0 : rdisc=1.00 , norm=0.00 
REGINN:Gradient::k=1 : rdisc=0.999, norm=8.97e-06
REGINN:Gradient::k=2 : rdisc=0.999, norm=1.77e-05
REGINN:Gradient::k=3 : rdisc=0.998, norm=2.57e-05
REGINN:Gradient::k=4 : rdisc=0.997, norm=3.52e-05
REGINN:Gradient::k=5 : rdisc=0.996, norm=4.31e-05
REGINN:Gradient::k=6 : rdisc=0.996, norm=5.25e-05
REGINN:Gradient::k=7 : rdisc=0.995, norm=6.04e-05
REGINN:Gradient::k=8 : rdisc=0.994, norm=6.97e-05
REGINN:Gradient::k=9 : rdisc=0.994, norm=7.76e-05
REGINN:Gradient::k=10: rdisc=0.993, norm=8.67e-05
REGINN:Gradient::k=11: rdisc=0.992, norm=9.47e-05
REGINN:Gradient::k=12: rdisc=0.992, norm=0.000103
REGINN:Gradient::k=13: rdisc=0.991, norm=0.000111
REGINN:Gradient::k=14: rdisc=0.990, norm=0.000120
REGINN:Gradient::k=15: rdisc=0.990, norm=0.000128
REGINN:Gradient::k=16: rdisc=0.989, norm=0.000136
REGINN:Gradient::k=17: rdisc=0.988, norm=0.000145
REGINN:Gradient::k=18: rdisc=0.988, norm=0.000152
REGINN:Gradient::k=19: rdisc=0.987, norm=0.000162
REGINN:Gradient::k=20: rdisc=0.986, norm=0.000168
REGINN:Gradient::k=21: rdisc=0.985, norm=0.000182
REGINN:Gradient::k=22: rdisc=0.985, norm=0.000186
REGINN:Gradient::k=23: rdisc=0.983, norm=0.000213
REGINN:Gradient::k=24: rdisc=0.982, norm=0.000218
REGINN:Gradient::k=25: rdisc=0.979, norm=0.000260
REGINN:Gradient::Target discrepancy reached after 25 iterations.
REGINN::i=19: rdisc=0.0100, rnorm=0.328, rerr=1.09 
REGINN::-0.900 ≤ estimate ≤ 6.48
REGINN::
REGINN::Solving linear problem using rtol=0.999 and max_iter=119
REGINN:Gradient::k=0 : rdisc=1.00 , norm=0.00 
REGINN:Gradient::k=1 : rdisc=0.998, norm=1.09e-05
REGINN:Gradient::Target discrepancy reached after 1 iteration.
REGINN::Saving current residual in ./step-0020/
REGINN::Saving current estimate in ./step-0020/
REGINN::i=20: rdisc=0.00999, rnorm=0.328, rerr=1.09 
REGINN::-0.899 ≤ estimate ≤ 6.48
REGINN::
REGINN::Saving current residual in ./step-0020/
REGINN::Saving current estimate in ./step-0020/
REGINN::Target discrepancy reached after 20 iterations.
REGINN::-0.899 ≤ estimate ≤ 6.48
Relative p-norm on top of H¹([0, T], H¹(Ω)) with p=8.000000 error of the reconstruction: 1.09
reconstruction error in other norms: 
Relative (ℝⁿ, ‖·‖₂) error of the reconstruction: 0.331
Relative L²([0,T], L²(Ω)) error of the reconstruction: 0.284
Relative H¹([0,T], L²(Ω)) error of the reconstruction: 0.384
Relative H¹([0, T], H¹(Ω)) error of the reconstruction: 0.505
Relative H²([0,T], L²(Ω)) error of the reconstruction: 2.78
Relative p-norm on top of H¹([0, T], H¹(Ω)) with p=8.000000 error of (reconstruction - initial guess): 1.09
reconstruction error in other norms: 
Relative (ℝⁿ, ‖·‖₂) error of (reconstruction - initial guess): 0.331
Relative L²([0,T], L²(Ω)) error of (reconstruction - initial guess): 0.284
Relative H¹([0,T], L²(Ω)) error of (reconstruction - initial guess): 0.384
Relative H¹([0, T], H¹(Ω)) error of (reconstruction - initial guess): 0.505
Relative H²([0,T], L²(Ω)) error of (reconstruction - initial guess): 2.78
stats::forward              : 22 calls, average 1.4s per call
stats::linearization forward: 357 calls, average 1.3s per call
stats::linearization adjoint: 357 calls, average 1.4s per call
stats::measure forward      : 379 calls, average 636.3µs per call
stats::measure adjoint      : 357 calls, average 453.2µs per call
stats::total wall time      : 21min 33s
