JobId arch-vm0 Tue Mar  6 21:54:37 2018
wavepi 3df43511
Release-Build, compiled on 2018-03-06T20:06:27Z from commit 3df435110a132efb4554aae2b6b64caf46dffd44 ("run small") on branch master

initialize_mesh::Number of active cells: 1024
initialize_mesh::Number of degrees of freedom in the first spatial mesh: 1089
initialize_mesh::cell diameters: minimal = 0.354, maximal = 0.354
initialize_mesh::dt: 0.0472
initialize_mesh::expected size of a DiscretizedFunction<dim>: 1.06 MiB
parameters:LogTransform::lower bound: 0.0
parameters:WaveEquation::max iter: 10000
parameters:WaveEquation::theta: 0.5
parameters:WaveEquation::tol: 1e-8
parameters:constraints::lower bound: -1e300
parameters:constraints::upper bound: 1e300
parameters:general::dimension: 2
parameters:general::finite element degree: 1
parameters:general::quadrature order: 3
parameters:inversion::method: REGINN
parameters:inversion::tau: 2
parameters:log::console depth: 2
parameters:log::file: wavepi.log
parameters:log::file depth: 4
parameters:mesh::end time: 6
parameters:mesh::initial refines: 5
parameters:mesh::initial time steps: 128
parameters:output::data: true
parameters:output::destination: ./step-{{i}}/
parameters:output::discrepancy decrease: 0.5
parameters:output::estimate: true
parameters:output::estimate transformed: false
parameters:output::exact: true
parameters:output::exact transformed: false
parameters:output::interval: 50
parameters:output::last: true
parameters:output::residual: true
parameters:output::statistics: history
parameters:problem::H1H1 beta: 0.5
parameters:problem::H1H1 gamma: 0.5
parameters:problem::H1L2 alpha: 0.5
parameters:problem::H2L2 alpha: 0.5
parameters:problem::H2L2 beta: 0.25
parameters:problem::constants: 
parameters:problem::epsilon: 1e-3
parameters:problem::initial guess: 1.0
parameters:problem::norm of codomain: L2L2
parameters:problem::norm of domain: H1L2
parameters:problem::parameter a: 1.5
parameters:problem::parameter c: 2.0
parameters:problem::parameter nu: 0.0
parameters:problem::parameter q: 0.0
parameters:problem::transform: Log
parameters:problem::type: a
parameters:watchdog::discrepancy increasing: false
parameters:watchdog::discrepancy slope min values: 40
parameters:watchdog::discrepancy slope percentage: 0.25
parameters:watchdog::discrepancy slope threshold: 0.0
parameters:watchdog::discrepancy threshold: 10.0
parameters:watchdog::maximum iteration count: 0
REGINN::Saving exact parameter in ./step-0000/
REGINN::Saving data in ./step-0000/
REGINN::Saving current residual in ./step-0000/
REGINN::Saving current estimate in ./step-0000/
REGINN::i=0 : rdisc=1.18 , rnorm=0.00 , rerr=1.00 
REGINN::0.00 ≤ estimate ≤ 0.00
REGINN::Solving linear problem using rtol=0.900 and max_iter=1
REGINN:CGLS::k=0 : rdisc=1.00 , norm=0.00 
REGINN:CGLS::k=1 : rdisc=0.708, norm=1.37 
REGINN:CGLS::Safeguarding: λ=0.787 ⇒ rdisc=0.900
REGINN:CGLS::Target discrepancy reached after 1 iteration.
REGINN::i=1 : rdisc=1.06 , rnorm=0.0367, rerr=0.992
REGINN::-0.00956 ≤ estimate ≤ 0.237
REGINN::
REGINN::Solving linear problem using rtol=0.900 and max_iter=2
REGINN:CGLS::k=0 : rdisc=1.00 , norm=0.00 
REGINN:CGLS::k=1 : rdisc=0.697, norm=1.41 
REGINN:CGLS::Safeguarding: λ=0.794 ⇒ rdisc=0.900
REGINN:CGLS::Target discrepancy reached after 1 iteration.
REGINN::i=2 : rdisc=0.954, rnorm=0.0731, rerr=0.984
REGINN::-0.00703 ≤ estimate ≤ 0.451
REGINN::
REGINN::Solving linear problem using rtol=0.854 and max_iter=2
REGINN:CGLS::k=0 : rdisc=1.00 , norm=0.00 
REGINN:CGLS::k=1 : rdisc=0.691, norm=1.43 
REGINN:CGLS::Safeguarding: λ=0.695 ⇒ rdisc=0.854
REGINN:CGLS::Target discrepancy reached after 1 iteration.
REGINN::i=3 : rdisc=0.815, rnorm=0.127, rerr=0.972
REGINN::-0.00265 ≤ estimate ≤ 0.732
REGINN::
REGINN::Solving linear problem using rtol=0.811 and max_iter=2
REGINN:CGLS::k=0 : rdisc=1.00 , norm=0.00 
REGINN:CGLS::k=1 : rdisc=0.694, norm=1.43 
REGINN:CGLS::Safeguarding: λ=0.582 ⇒ rdisc=0.811
REGINN:CGLS::Target discrepancy reached after 1 iteration.
REGINN::i=4 : rdisc=0.658, rnorm=0.200, rerr=0.956
REGINN::-0.00281 ≤ estimate ≤ 1.05
REGINN::
REGINN::Solving linear problem using rtol=0.769 and max_iter=2
REGINN:CGLS::k=0 : rdisc=1.00 , norm=0.00 
REGINN:CGLS::k=1 : rdisc=0.715, norm=1.38 
REGINN:CGLS::Safeguarding: λ=0.408 ⇒ rdisc=0.769
REGINN:CGLS::Target discrepancy reached after 1 iteration.
REGINN::Saving current residual in ./step-0005/
REGINN::Saving current estimate in ./step-0005/
REGINN::i=5 : rdisc=0.501, rnorm=0.294, rerr=0.933
REGINN::-0.00167 ≤ estimate ≤ 1.59
REGINN::
REGINN::Solving linear problem using rtol=0.730 and max_iter=2
REGINN:CGLS::k=0 : rdisc=1.00 , norm=0.00 
REGINN:CGLS::k=1 : rdisc=0.767, norm=1.26 
REGINN:CGLS::k=2 : rdisc=0.640, norm=2.23 
REGINN:CGLS::Safeguarding: λ=0.832 ⇒ rdisc=0.730
REGINN:CGLS::Target discrepancy reached after 2 iterations.
REGINN::i=6 : rdisc=0.348, rnorm=0.420, rerr=0.880
REGINN::-0.00210 ≤ estimate ≤ 1.83
REGINN::
REGINN::Solving linear problem using rtol=0.693 and max_iter=3
REGINN:CGLS::k=0 : rdisc=1.00 , norm=0.00 
REGINN:CGLS::k=1 : rdisc=0.830, norm=0.890
REGINN:CGLS::k=2 : rdisc=0.626, norm=2.04 
REGINN:CGLS::Safeguarding: λ=0.544 ⇒ rdisc=0.693
REGINN:CGLS::Target discrepancy reached after 2 iterations.
REGINN::Saving current residual in ./step-0007/
REGINN::Saving current estimate in ./step-0007/
REGINN::i=7 : rdisc=0.233, rnorm=0.459, rerr=0.821
REGINN::-0.242 ≤ estimate ≤ 1.41
REGINN::
REGINN::Solving linear problem using rtol=0.658 and max_iter=4
REGINN:CGLS::k=0 : rdisc=1.00 , norm=0.00 
REGINN:CGLS::k=1 : rdisc=0.913, norm=0.251
REGINN:CGLS::k=2 : rdisc=0.626, norm=1.40 
REGINN:CGLS::Safeguarding: λ=0.304 ⇒ rdisc=0.658
REGINN:CGLS::Target discrepancy reached after 2 iterations.
REGINN::i=8 : rdisc=0.145, rnorm=0.532, rerr=0.786
REGINN::-0.145 ≤ estimate ≤ 0.885
REGINN::
REGINN::Solving linear problem using rtol=0.624 and max_iter=4
REGINN:CGLS::k=0 : rdisc=1.00 , norm=0.00 
REGINN:CGLS::k=1 : rdisc=0.810, norm=0.611
REGINN:CGLS::k=2 : rdisc=0.656, norm=1.06 
REGINN:CGLS::k=3 : rdisc=0.594, norm=1.24 
REGINN:CGLS::Safeguarding: λ=0.688 ⇒ rdisc=0.624
REGINN:CGLS::Target discrepancy reached after 3 iterations.
REGINN::Saving current residual in ./step-0009/
REGINN::Saving current estimate in ./step-0009/
REGINN::i=9 : rdisc=0.0873, rnorm=0.630, rerr=0.756
REGINN::-0.0475 ≤ estimate ≤ 1.25
REGINN::
REGINN::Solving linear problem using rtol=0.592 and max_iter=5
REGINN:CGLS::k=0 : rdisc=1.00 , norm=0.00 
REGINN:CGLS::k=1 : rdisc=0.959, norm=0.0686
REGINN:CGLS::k=2 : rdisc=0.883, norm=0.262
REGINN:CGLS::k=3 : rdisc=0.763, norm=0.640
REGINN:CGLS::k=4 : rdisc=0.683, norm=0.896
REGINN:CGLS::k=5 : rdisc=0.629, norm=1.07 
REGINN:CGLS::Unsuccessful termination after 5 iterations!
REGINN::Linear solver did not achieve desired discrepancy due to max_iter.
REGINN::i=10: rdisc=0.0560, rnorm=0.659, rerr=0.726
REGINN::-0.0847 ≤ estimate ≤ 0.967
REGINN::
REGINN::Solving linear problem using rtol=0.562 and max_iter=8
REGINN:CGLS::k=0 : rdisc=1.00 , norm=0.00 
REGINN:CGLS::k=1 : rdisc=0.933, norm=0.0662
REGINN:CGLS::k=2 : rdisc=0.899, norm=0.113
REGINN:CGLS::k=3 : rdisc=0.876, norm=0.154
REGINN:CGLS::k=4 : rdisc=0.830, norm=0.274
REGINN:CGLS::k=5 : rdisc=0.787, norm=0.411
REGINN:CGLS::k=6 : rdisc=0.694, norm=0.748
REGINN:CGLS::k=7 : rdisc=0.651, norm=0.901
REGINN:CGLS::k=8 : rdisc=0.607, norm=1.06 
REGINN:CGLS::Unsuccessful termination after 8 iterations!
REGINN::Linear solver did not achieve desired discrepancy due to max_iter.
REGINN::Saving current residual in ./step-0011/
REGINN::Saving current estimate in ./step-0011/
REGINN::i=11: rdisc=0.0332, rnorm=0.691, rerr=0.695
REGINN::-0.0124 ≤ estimate ≤ 0.775
REGINN::
REGINN::Solving linear problem using rtol=0.533 and max_iter=13
REGINN:CGLS::k=0 : rdisc=1.00 , norm=0.00 
REGINN:CGLS::k=1 : rdisc=0.971, norm=0.0506
REGINN:CGLS::k=2 : rdisc=0.955, norm=0.0808
REGINN:CGLS::k=3 : rdisc=0.927, norm=0.142
REGINN:CGLS::k=4 : rdisc=0.902, norm=0.204
REGINN:CGLS::k=5 : rdisc=0.880, norm=0.269
REGINN:CGLS::k=6 : rdisc=0.849, norm=0.366
REGINN:CGLS::k=7 : rdisc=0.832, norm=0.424
REGINN:CGLS::k=8 : rdisc=0.792, norm=0.564
REGINN:CGLS::k=9 : rdisc=0.760, norm=0.682
REGINN:CGLS::k=10: rdisc=0.710, norm=0.869
REGINN:CGLS::k=11: rdisc=0.698, norm=0.910
REGINN:CGLS::k=12: rdisc=0.677, norm=0.991
REGINN:CGLS::k=13: rdisc=0.645, norm=1.11 
REGINN:CGLS::Unsuccessful termination after 13 iterations!
REGINN::Linear solver did not achieve desired discrepancy due to max_iter.
REGINN::i=12: rdisc=0.0197, rnorm=0.726, rerr=0.664
REGINN::-0.0218 ≤ estimate ≤ 0.928
REGINN::
REGINN::Solving linear problem using rtol=0.712 and max_iter=21
REGINN:CGLS::k=0 : rdisc=1.00 , norm=0.00 
REGINN:CGLS::k=1 : rdisc=0.982, norm=0.0183
REGINN:CGLS::k=2 : rdisc=0.966, norm=0.0366
REGINN:CGLS::k=3 : rdisc=0.956, norm=0.0508
REGINN:CGLS::k=4 : rdisc=0.937, norm=0.0802
REGINN:CGLS::k=5 : rdisc=0.921, norm=0.111
REGINN:CGLS::k=6 : rdisc=0.903, norm=0.150
REGINN:CGLS::k=7 : rdisc=0.887, norm=0.190
REGINN:CGLS::k=8 : rdisc=0.867, norm=0.239
REGINN:CGLS::k=9 : rdisc=0.850, norm=0.289
REGINN:CGLS::k=10: rdisc=0.808, norm=0.415
REGINN:CGLS::k=11: rdisc=0.797, norm=0.448
REGINN:CGLS::k=12: rdisc=0.790, norm=0.468
REGINN:CGLS::k=13: rdisc=0.755, norm=0.581
REGINN:CGLS::k=14: rdisc=0.725, norm=0.679
REGINN:CGLS::k=15: rdisc=0.709, norm=0.731
REGINN:CGLS::Safeguarding: λ=0.439 ⇒ rdisc=0.712
REGINN:CGLS::Target discrepancy reached after 15 iterations.
REGINN::Saving current residual in ./step-0013/
REGINN::Saving current estimate in ./step-0013/
REGINN::i=13: rdisc=0.0134, rnorm=0.747, rerr=0.647
REGINN::-0.0264 ≤ estimate ≤ 0.760
REGINN::
REGINN::Solving linear problem using rtol=0.750 and max_iter=28
REGINN:CGLS::k=0 : rdisc=1.00 , norm=0.00 
REGINN:CGLS::k=1 : rdisc=0.993, norm=0.00460
REGINN:CGLS::k=2 : rdisc=0.971, norm=0.0240
REGINN:CGLS::k=3 : rdisc=0.961, norm=0.0346
REGINN:CGLS::k=4 : rdisc=0.947, norm=0.0527
REGINN:CGLS::k=5 : rdisc=0.934, norm=0.0712
REGINN:CGLS::k=6 : rdisc=0.919, norm=0.0963
REGINN:CGLS::k=7 : rdisc=0.910, norm=0.113
REGINN:CGLS::k=8 : rdisc=0.894, norm=0.146
REGINN:CGLS::k=9 : rdisc=0.881, norm=0.175
REGINN:CGLS::k=10: rdisc=0.860, norm=0.223
REGINN:CGLS::k=11: rdisc=0.855, norm=0.237
REGINN:CGLS::k=12: rdisc=0.847, norm=0.255
REGINN:CGLS::k=13: rdisc=0.827, norm=0.309
REGINN:CGLS::k=14: rdisc=0.813, norm=0.348
REGINN:CGLS::k=15: rdisc=0.800, norm=0.383
REGINN:CGLS::k=16: rdisc=0.769, norm=0.474
REGINN:CGLS::k=17: rdisc=0.736, norm=0.571
REGINN:CGLS::Safeguarding: λ=0.639 ⇒ rdisc=0.750
REGINN:CGLS::Target discrepancy reached after 17 iterations.
REGINN::i=14: rdisc=0.00962, rnorm=0.764, rerr=0.636
REGINN::-0.0465 ≤ estimate ≤ 0.771
REGINN::
REGINN::Solving linear problem using rtol=0.778 and max_iter=32
REGINN:CGLS::k=0 : rdisc=1.00 , norm=0.00 
REGINN:CGLS::k=1 : rdisc=0.993, norm=0.00403
REGINN:CGLS::k=2 : rdisc=0.979, norm=0.0147
REGINN:CGLS::k=3 : rdisc=0.972, norm=0.0206
REGINN:CGLS::k=4 : rdisc=0.963, norm=0.0307
REGINN:CGLS::k=5 : rdisc=0.954, norm=0.0416
REGINN:CGLS::k=6 : rdisc=0.946, norm=0.0535
REGINN:CGLS::k=7 : rdisc=0.934, norm=0.0721
REGINN:CGLS::k=8 : rdisc=0.919, norm=0.0997
REGINN:CGLS::k=9 : rdisc=0.909, norm=0.119
REGINN:CGLS::k=10: rdisc=0.889, norm=0.159
REGINN:CGLS::k=11: rdisc=0.882, norm=0.175
REGINN:CGLS::k=12: rdisc=0.878, norm=0.184
REGINN:CGLS::k=13: rdisc=0.864, norm=0.216
REGINN:CGLS::k=14: rdisc=0.858, norm=0.228
REGINN:CGLS::k=15: rdisc=0.847, norm=0.255
REGINN:CGLS::k=16: rdisc=0.836, norm=0.282
REGINN:CGLS::k=17: rdisc=0.815, norm=0.334
REGINN:CGLS::k=18: rdisc=0.794, norm=0.390
REGINN:CGLS::k=19: rdisc=0.785, norm=0.412
REGINN:CGLS::k=20: rdisc=0.761, norm=0.475
REGINN:CGLS::Safeguarding: λ=0.846 ⇒ rdisc=0.778
REGINN:CGLS::Target discrepancy reached after 20 iterations.
REGINN::i=15: rdisc=0.00727, rnorm=0.772, rerr=0.628
REGINN::-0.101 ≤ estimate ≤ 0.729
REGINN::
REGINN::Solving linear problem using rtol=0.811 and max_iter=37
REGINN:CGLS::k=0 : rdisc=1.00 , norm=0.00 
REGINN:CGLS::k=1 : rdisc=0.993, norm=0.00257
REGINN:CGLS::k=2 : rdisc=0.988, norm=0.00501
REGINN:CGLS::k=3 : rdisc=0.976, norm=0.0142
REGINN:CGLS::k=4 : rdisc=0.963, norm=0.0259
REGINN:CGLS::k=5 : rdisc=0.956, norm=0.0336
REGINN:CGLS::k=6 : rdisc=0.946, norm=0.0463
REGINN:CGLS::k=7 : rdisc=0.940, norm=0.0535
REGINN:CGLS::k=8 : rdisc=0.932, norm=0.0660
REGINN:CGLS::k=9 : rdisc=0.926, norm=0.0742
REGINN:CGLS::k=10: rdisc=0.915, norm=0.0942
REGINN:CGLS::k=11: rdisc=0.912, norm=0.0996
REGINN:CGLS::k=12: rdisc=0.907, norm=0.108
REGINN:CGLS::k=13: rdisc=0.899, norm=0.123
REGINN:CGLS::k=14: rdisc=0.892, norm=0.138
REGINN:CGLS::k=15: rdisc=0.887, norm=0.149
REGINN:CGLS::k=16: rdisc=0.881, norm=0.162
REGINN:CGLS::k=17: rdisc=0.876, norm=0.174
REGINN:CGLS::k=18: rdisc=0.870, norm=0.190
REGINN:CGLS::k=19: rdisc=0.862, norm=0.210
REGINN:CGLS::k=20: rdisc=0.839, norm=0.270
REGINN:CGLS::k=21: rdisc=0.834, norm=0.283
REGINN:CGLS::k=22: rdisc=0.815, norm=0.334
REGINN:CGLS::k=23: rdisc=0.801, norm=0.373
REGINN:CGLS::Safeguarding: λ=0.846 ⇒ rdisc=0.811
REGINN:CGLS::Target discrepancy reached after 23 iterations.
REGINN::Saving current residual in ./step-0016/
REGINN::Saving current estimate in ./step-0016/
REGINN::i=16: rdisc=0.00581, rnorm=0.782, rerr=0.620
REGINN::-0.156 ≤ estimate ≤ 0.726
REGINN::
REGINN::Solving linear problem using rtol=0.835 and max_iter=43
REGINN:CGLS::k=0 : rdisc=1.00 , norm=0.00 
REGINN:CGLS::k=1 : rdisc=0.996, norm=0.00142
REGINN:CGLS::k=2 : rdisc=0.984, norm=0.00808
REGINN:CGLS::k=3 : rdisc=0.978, norm=0.0124
REGINN:CGLS::k=4 : rdisc=0.968, norm=0.0196
REGINN:CGLS::k=5 : rdisc=0.960, norm=0.0268
REGINN:CGLS::k=6 : rdisc=0.952, norm=0.0343
REGINN:CGLS::k=7 : rdisc=0.948, norm=0.0391
REGINN:CGLS::k=8 : rdisc=0.943, norm=0.0453
REGINN:CGLS::k=9 : rdisc=0.940, norm=0.0491
REGINN:CGLS::k=10: rdisc=0.935, norm=0.0573
REGINN:CGLS::k=11: rdisc=0.932, norm=0.0620
REGINN:CGLS::k=12: rdisc=0.928, norm=0.0678
REGINN:CGLS::k=13: rdisc=0.921, norm=0.0809
REGINN:CGLS::k=14: rdisc=0.918, norm=0.0874
REGINN:CGLS::k=15: rdisc=0.914, norm=0.0959
REGINN:CGLS::k=16: rdisc=0.910, norm=0.105
REGINN:CGLS::k=17: rdisc=0.904, norm=0.119
REGINN:CGLS::k=18: rdisc=0.900, norm=0.130
REGINN:CGLS::k=19: rdisc=0.895, norm=0.141
REGINN:CGLS::k=20: rdisc=0.890, norm=0.155
REGINN:CGLS::k=21: rdisc=0.881, norm=0.179
REGINN:CGLS::k=22: rdisc=0.871, norm=0.209
REGINN:CGLS::k=23: rdisc=0.864, norm=0.230
REGINN:CGLS::k=24: rdisc=0.846, norm=0.281
REGINN:CGLS::k=25: rdisc=0.829, norm=0.331
REGINN:CGLS::Safeguarding: λ=0.566 ⇒ rdisc=0.835
REGINN:CGLS::Target discrepancy reached after 25 iterations.
REGINN::i=17: rdisc=0.00481, rnorm=0.785, rerr=0.613
REGINN::-0.181 ≤ estimate ≤ 0.700
REGINN::
REGINN::Solving linear problem using rtol=0.847 and max_iter=48
REGINN:CGLS::k=0 : rdisc=1.00 , norm=0.00 
REGINN:CGLS::k=1 : rdisc=0.995, norm=0.00214
REGINN:CGLS::k=2 : rdisc=0.988, norm=0.00565
REGINN:CGLS::k=3 : rdisc=0.981, norm=0.00971
REGINN:CGLS::k=4 : rdisc=0.972, norm=0.0159
REGINN:CGLS::k=5 : rdisc=0.966, norm=0.0208
REGINN:CGLS::k=6 : rdisc=0.960, norm=0.0262
REGINN:CGLS::k=7 : rdisc=0.954, norm=0.0332
REGINN:CGLS::k=8 : rdisc=0.949, norm=0.0381
REGINN:CGLS::k=9 : rdisc=0.947, norm=0.0410
REGINN:CGLS::k=10: rdisc=0.945, norm=0.0432
REGINN:CGLS::k=11: rdisc=0.943, norm=0.0461
REGINN:CGLS::k=12: rdisc=0.941, norm=0.0490
REGINN:CGLS::k=13: rdisc=0.938, norm=0.0548
REGINN:CGLS::k=14: rdisc=0.936, norm=0.0585
REGINN:CGLS::k=15: rdisc=0.931, norm=0.0673
REGINN:CGLS::k=16: rdisc=0.927, norm=0.0769
REGINN:CGLS::k=17: rdisc=0.925, norm=0.0816
REGINN:CGLS::k=18: rdisc=0.923, norm=0.0861
REGINN:CGLS::k=19: rdisc=0.918, norm=0.0962
REGINN:CGLS::k=20: rdisc=0.917, norm=0.0989
REGINN:CGLS::k=21: rdisc=0.915, norm=0.105
REGINN:CGLS::k=22: rdisc=0.910, norm=0.117
REGINN:CGLS::k=23: rdisc=0.902, norm=0.140
REGINN:CGLS::k=24: rdisc=0.893, norm=0.165
REGINN:CGLS::k=25: rdisc=0.883, norm=0.195
REGINN:CGLS::k=26: rdisc=0.860, norm=0.268
REGINN:CGLS::k=27: rdisc=0.831, norm=0.354
REGINN:CGLS::Safeguarding: λ=0.746 ⇒ rdisc=0.847
REGINN:CGLS::Target discrepancy reached after 27 iterations.
REGINN::i=18: rdisc=0.00406, rnorm=0.789, rerr=0.605
REGINN::-0.175 ≤ estimate ≤ 0.773
REGINN::
REGINN::Solving linear problem using rtol=0.858 and max_iter=52
REGINN:CGLS::k=0 : rdisc=1.00 , norm=0.00 
REGINN:CGLS::k=1 : rdisc=0.995, norm=0.00177
REGINN:CGLS::k=2 : rdisc=0.979, norm=0.00831
REGINN:CGLS::k=3 : rdisc=0.974, norm=0.0107
REGINN:CGLS::k=4 : rdisc=0.970, norm=0.0130
REGINN:CGLS::k=5 : rdisc=0.962, norm=0.0177
REGINN:CGLS::k=6 : rdisc=0.956, norm=0.0224
REGINN:CGLS::k=7 : rdisc=0.952, norm=0.0259
REGINN:CGLS::k=8 : rdisc=0.949, norm=0.0287
REGINN:CGLS::k=9 : rdisc=0.946, norm=0.0319
REGINN:CGLS::k=10: rdisc=0.944, norm=0.0348
REGINN:CGLS::k=11: rdisc=0.943, norm=0.0357
REGINN:CGLS::k=12: rdisc=0.940, norm=0.0394
REGINN:CGLS::k=13: rdisc=0.936, norm=0.0460
REGINN:CGLS::k=14: rdisc=0.933, norm=0.0510
REGINN:CGLS::k=15: rdisc=0.930, norm=0.0559
REGINN:CGLS::k=16: rdisc=0.928, norm=0.0593
REGINN:CGLS::k=17: rdisc=0.926, norm=0.0625
REGINN:CGLS::k=18: rdisc=0.924, norm=0.0666
REGINN:CGLS::k=19: rdisc=0.922, norm=0.0720
REGINN:CGLS::k=20: rdisc=0.920, norm=0.0756
REGINN:CGLS::k=21: rdisc=0.919, norm=0.0780
REGINN:CGLS::k=22: rdisc=0.917, norm=0.0839
REGINN:CGLS::k=23: rdisc=0.911, norm=0.0970
REGINN:CGLS::k=24: rdisc=0.907, norm=0.108
REGINN:CGLS::k=25: rdisc=0.903, norm=0.119
REGINN:CGLS::k=26: rdisc=0.898, norm=0.134
REGINN:CGLS::k=27: rdisc=0.869, norm=0.221
REGINN:CGLS::k=28: rdisc=0.852, norm=0.271
REGINN:CGLS::Safeguarding: λ=0.554 ⇒ rdisc=0.858
REGINN:CGLS::Target discrepancy reached after 28 iterations.
REGINN::i=19: rdisc=0.00346, rnorm=0.793, rerr=0.599
REGINN::-0.165 ≤ estimate ≤ 0.773
REGINN::
REGINN::Solving linear problem using rtol=0.862 and max_iter=55
REGINN:CGLS::k=0 : rdisc=1.00 , norm=0.00 
REGINN:CGLS::k=1 : rdisc=0.997, norm=0.000860
REGINN:CGLS::k=2 : rdisc=0.980, norm=0.00706
REGINN:CGLS::k=3 : rdisc=0.974, norm=0.00946
REGINN:CGLS::k=4 : rdisc=0.972, norm=0.0108
REGINN:CGLS::k=5 : rdisc=0.969, norm=0.0125
REGINN:CGLS::k=6 : rdisc=0.965, norm=0.0155
REGINN:CGLS::k=7 : rdisc=0.962, norm=0.0178
REGINN:CGLS::k=8 : rdisc=0.959, norm=0.0207
REGINN:CGLS::k=9 : rdisc=0.957, norm=0.0231
REGINN:CGLS::k=10: rdisc=0.953, norm=0.0269
REGINN:CGLS::k=11: rdisc=0.952, norm=0.0280
REGINN:CGLS::k=12: rdisc=0.949, norm=0.0319
REGINN:CGLS::k=13: rdisc=0.947, norm=0.0360
REGINN:CGLS::k=14: rdisc=0.944, norm=0.0395
REGINN:CGLS::k=15: rdisc=0.942, norm=0.0436
REGINN:CGLS::k=16: rdisc=0.940, norm=0.0464
REGINN:CGLS::k=17: rdisc=0.937, norm=0.0524
REGINN:CGLS::k=18: rdisc=0.934, norm=0.0574
REGINN:CGLS::k=19: rdisc=0.933, norm=0.0595
REGINN:CGLS::k=20: rdisc=0.932, norm=0.0614
REGINN:CGLS::k=21: rdisc=0.929, norm=0.0688
REGINN:CGLS::k=22: rdisc=0.928, norm=0.0712
REGINN:CGLS::k=23: rdisc=0.924, norm=0.0785
REGINN:CGLS::k=24: rdisc=0.921, norm=0.0873
REGINN:CGLS::k=25: rdisc=0.917, norm=0.0960
REGINN:CGLS::k=26: rdisc=0.914, norm=0.104
REGINN:CGLS::k=27: rdisc=0.909, norm=0.116
REGINN:CGLS::k=28: rdisc=0.904, norm=0.130
REGINN:CGLS::k=29: rdisc=0.897, norm=0.150
REGINN:CGLS::k=30: rdisc=0.878, norm=0.203
REGINN:CGLS::k=31: rdisc=0.855, norm=0.269
REGINN:CGLS::Safeguarding: λ=0.534 ⇒ rdisc=0.862
REGINN:CGLS::Target discrepancy reached after 31 iterations.
REGINN::i=20: rdisc=0.00297, rnorm=0.796, rerr=0.593
REGINN::-0.155 ≤ estimate ≤ 0.810
REGINN::
REGINN::Solving linear problem using rtol=0.874 and max_iter=59
REGINN:CGLS::k=0 : rdisc=1.00 , norm=0.00 
REGINN:CGLS::k=1 : rdisc=0.995, norm=0.00155
REGINN:CGLS::k=2 : rdisc=0.989, norm=0.00388
REGINN:CGLS::k=3 : rdisc=0.985, norm=0.00563
REGINN:CGLS::k=4 : rdisc=0.978, norm=0.00895
REGINN:CGLS::k=5 : rdisc=0.973, norm=0.0115
REGINN:CGLS::k=6 : rdisc=0.969, norm=0.0138
REGINN:CGLS::k=7 : rdisc=0.965, norm=0.0166
REGINN:CGLS::k=8 : rdisc=0.962, norm=0.0190
REGINN:CGLS::k=9 : rdisc=0.960, norm=0.0210
REGINN:CGLS::k=10: rdisc=0.955, norm=0.0252
REGINN:CGLS::k=11: rdisc=0.953, norm=0.0271
REGINN:CGLS::k=12: rdisc=0.952, norm=0.0287
REGINN:CGLS::k=13: rdisc=0.949, norm=0.0317
REGINN:CGLS::k=14: rdisc=0.948, norm=0.0337
REGINN:CGLS::k=15: rdisc=0.946, norm=0.0361
REGINN:CGLS::k=16: rdisc=0.943, norm=0.0398
REGINN:CGLS::k=17: rdisc=0.940, norm=0.0449
REGINN:CGLS::k=18: rdisc=0.938, norm=0.0475
REGINN:CGLS::k=19: rdisc=0.937, norm=0.0498
REGINN:CGLS::k=20: rdisc=0.935, norm=0.0534
REGINN:CGLS::k=21: rdisc=0.933, norm=0.0570
REGINN:CGLS::k=22: rdisc=0.932, norm=0.0577
REGINN:CGLS::k=23: rdisc=0.930, norm=0.0630
REGINN:CGLS::k=24: rdisc=0.927, norm=0.0674
REGINN:CGLS::k=25: rdisc=0.926, norm=0.0712
REGINN:CGLS::k=26: rdisc=0.924, norm=0.0749
REGINN:CGLS::k=27: rdisc=0.921, norm=0.0819
REGINN:CGLS::k=28: rdisc=0.919, norm=0.0854
REGINN:CGLS::k=29: rdisc=0.917, norm=0.0918
REGINN:CGLS::k=30: rdisc=0.912, norm=0.103
REGINN:CGLS::k=31: rdisc=0.910, norm=0.108
REGINN:CGLS::k=32: rdisc=0.904, norm=0.123
REGINN:CGLS::k=33: rdisc=0.894, norm=0.150
REGINN:CGLS::k=34: rdisc=0.885, norm=0.177
REGINN:CGLS::k=35: rdisc=0.869, norm=0.220
REGINN:CGLS::Safeguarding: λ=0.576 ⇒ rdisc=0.874
REGINN:CGLS::Target discrepancy reached after 35 iterations.
REGINN::Saving current residual in ./step-0021/
REGINN::Saving current estimate in ./step-0021/
REGINN::i=21: rdisc=0.00259, rnorm=0.800, rerr=0.589
REGINN::-0.147 ≤ estimate ≤ 0.829
REGINN::
REGINN::Solving linear problem using rtol=0.888 and max_iter=66
REGINN:CGLS::k=0 : rdisc=1.00 , norm=0.00 
REGINN:CGLS::k=1 : rdisc=0.997, norm=0.00121
REGINN:CGLS::k=2 : rdisc=0.990, norm=0.00418
REGINN:CGLS::k=3 : rdisc=0.987, norm=0.00571
REGINN:CGLS::k=4 : rdisc=0.983, norm=0.00775
REGINN:CGLS::k=5 : rdisc=0.980, norm=0.00913
REGINN:CGLS::k=6 : rdisc=0.975, norm=0.0124
REGINN:CGLS::k=7 : rdisc=0.972, norm=0.0145
REGINN:CGLS::k=8 : rdisc=0.968, norm=0.0178
REGINN:CGLS::k=9 : rdisc=0.966, norm=0.0194
REGINN:CGLS::k=10: rdisc=0.963, norm=0.0222
REGINN:CGLS::k=11: rdisc=0.962, norm=0.0232
REGINN:CGLS::k=12: rdisc=0.961, norm=0.0248
REGINN:CGLS::k=13: rdisc=0.959, norm=0.0270
REGINN:CGLS::k=14: rdisc=0.957, norm=0.0290
REGINN:CGLS::k=15: rdisc=0.955, norm=0.0315
REGINN:CGLS::k=16: rdisc=0.953, norm=0.0348
REGINN:CGLS::k=17: rdisc=0.951, norm=0.0379
REGINN:CGLS::k=18: rdisc=0.949, norm=0.0399
REGINN:CGLS::k=19: rdisc=0.948, norm=0.0418
REGINN:CGLS::k=20: rdisc=0.947, norm=0.0442
REGINN:CGLS::k=21: rdisc=0.946, norm=0.0451
REGINN:CGLS::k=22: rdisc=0.944, norm=0.0486
REGINN:CGLS::k=23: rdisc=0.941, norm=0.0538
REGINN:CGLS::k=24: rdisc=0.939, norm=0.0592
REGINN:CGLS::k=25: rdisc=0.937, norm=0.0631
REGINN:CGLS::k=26: rdisc=0.935, norm=0.0660
REGINN:CGLS::k=27: rdisc=0.933, norm=0.0711
REGINN:CGLS::k=28: rdisc=0.932, norm=0.0739
REGINN:CGLS::k=29: rdisc=0.930, norm=0.0768
REGINN:CGLS::k=30: rdisc=0.928, norm=0.0816
REGINN:CGLS::k=31: rdisc=0.926, norm=0.0875
REGINN:CGLS::k=32: rdisc=0.923, norm=0.0952
REGINN:CGLS::k=33: rdisc=0.920, norm=0.102
REGINN:CGLS::k=34: rdisc=0.917, norm=0.110
REGINN:CGLS::k=35: rdisc=0.904, norm=0.144
REGINN:CGLS::k=36: rdisc=0.897, norm=0.161
REGINN:CGLS::k=37: rdisc=0.895, norm=0.168
REGINN:CGLS::k=38: rdisc=0.891, norm=0.178
REGINN:CGLS::k=39: rdisc=0.884, norm=0.197
REGINN:CGLS::Safeguarding: λ=0.732 ⇒ rdisc=0.888
REGINN:CGLS::Target discrepancy reached after 39 iterations.
REGINN::i=22: rdisc=0.00229, rnorm=0.803, rerr=0.585
REGINN::-0.141 ≤ estimate ≤ 0.852
REGINN::
REGINN::Solving linear problem using rtol=0.898 and max_iter=74
REGINN:CGLS::k=0 : rdisc=1.00 , norm=0.00 
REGINN:CGLS::k=1 : rdisc=0.998, norm=0.000443
REGINN:CGLS::k=2 : rdisc=0.996, norm=0.00108
REGINN:CGLS::k=3 : rdisc=0.991, norm=0.00345
REGINN:CGLS::k=4 : rdisc=0.983, norm=0.00743
REGINN:CGLS::k=5 : rdisc=0.982, norm=0.00846
REGINN:CGLS::k=6 : rdisc=0.977, norm=0.0116
REGINN:CGLS::k=7 : rdisc=0.975, norm=0.0133
REGINN:CGLS::k=8 : rdisc=0.971, norm=0.0162
REGINN:CGLS::k=9 : rdisc=0.968, norm=0.0192
REGINN:CGLS::k=10: rdisc=0.966, norm=0.0205
REGINN:CGLS::k=11: rdisc=0.965, norm=0.0214
REGINN:CGLS::k=12: rdisc=0.963, norm=0.0231
REGINN:CGLS::k=13: rdisc=0.962, norm=0.0243
REGINN:CGLS::k=14: rdisc=0.960, norm=0.0268
REGINN:CGLS::k=15: rdisc=0.958, norm=0.0288
REGINN:CGLS::k=16: rdisc=0.956, norm=0.0313
REGINN:CGLS::k=17: rdisc=0.954, norm=0.0341
REGINN:CGLS::k=18: rdisc=0.952, norm=0.0367
REGINN:CGLS::k=19: rdisc=0.952, norm=0.0378
REGINN:CGLS::k=20: rdisc=0.951, norm=0.0391
REGINN:CGLS::k=21: rdisc=0.950, norm=0.0408
REGINN:CGLS::k=22: rdisc=0.948, norm=0.0428
REGINN:CGLS::k=23: rdisc=0.947, norm=0.0454
REGINN:CGLS::k=24: rdisc=0.945, norm=0.0492
REGINN:CGLS::k=25: rdisc=0.943, norm=0.0524
REGINN:CGLS::k=26: rdisc=0.942, norm=0.0552
REGINN:CGLS::k=27: rdisc=0.940, norm=0.0583
REGINN:CGLS::k=28: rdisc=0.939, norm=0.0606
REGINN:CGLS::k=29: rdisc=0.938, norm=0.0616
REGINN:CGLS::k=30: rdisc=0.937, norm=0.0654
REGINN:CGLS::k=31: rdisc=0.935, norm=0.0697
REGINN:CGLS::k=32: rdisc=0.933, norm=0.0739
REGINN:CGLS::k=33: rdisc=0.931, norm=0.0780
REGINN:CGLS::k=34: rdisc=0.929, norm=0.0836
REGINN:CGLS::k=35: rdisc=0.927, norm=0.0868
REGINN:CGLS::k=36: rdisc=0.925, norm=0.0923
REGINN:CGLS::k=37: rdisc=0.921, norm=0.103
REGINN:CGLS::k=38: rdisc=0.920, norm=0.106
REGINN:CGLS::k=39: rdisc=0.914, norm=0.123
REGINN:CGLS::k=40: rdisc=0.898, norm=0.165
REGINN:CGLS::k=41: rdisc=0.884, norm=0.204
REGINN:CGLS::Safeguarding: λ=0.999 ⇒ rdisc=0.898
REGINN:CGLS::Target discrepancy reached after 41 iterations.
REGINN::i=23: rdisc=0.00206, rnorm=0.806, rerr=0.581
REGINN::-0.137 ≤ estimate ≤ 0.846
REGINN::
REGINN::Solving linear problem using rtol=0.971 and max_iter=80
REGINN:CGLS::k=0 : rdisc=1.00 , norm=0.00 
REGINN:CGLS::k=1 : rdisc=0.993, norm=0.00128
REGINN:CGLS::k=2 : rdisc=0.991, norm=0.00173
REGINN:CGLS::k=3 : rdisc=0.988, norm=0.00248
REGINN:CGLS::k=4 : rdisc=0.985, norm=0.00365
REGINN:CGLS::k=5 : rdisc=0.983, norm=0.00491
REGINN:CGLS::k=6 : rdisc=0.978, norm=0.00780
REGINN:CGLS::k=7 : rdisc=0.975, norm=0.00939
REGINN:CGLS::k=8 : rdisc=0.974, norm=0.0103
REGINN:CGLS::k=9 : rdisc=0.972, norm=0.0122
REGINN:CGLS::k=10: rdisc=0.970, norm=0.0138
REGINN:CGLS::Safeguarding: λ=0.837 ⇒ rdisc=0.971
REGINN:CGLS::Target discrepancy reached after 10 iterations.
REGINN::i=24: rdisc=0.00200, rnorm=0.806, rerr=0.581
REGINN::-0.137 ≤ estimate ≤ 0.847
REGINN::
REGINN::Saving current residual in ./step-0024/
REGINN::Saving current estimate in ./step-0024/
REGINN::Target discrepancy reached after 24 iterations.
REGINN::-0.137 ≤ estimate ≤ 0.847
Relative ℝⁿ error of the reconstruction: 0.192
Relative L²([0,T], L²(Ω)) error of the reconstruction: 0.182
Relative H¹([0,T], L²(Ω)) error of the reconstruction: 0.201
Relative H¹([0,T], H¹(Ω)) error of the reconstruction: 0.446
Relative H²([0,T], L²(Ω)) error of the reconstruction: 0.379
Relative ℝⁿ error of (reconstruction - initial guess): 0.577
Relative L²([0,T], L²(Ω)) error of (reconstruction - initial guess): 0.547
Relative H¹([0,T], L²(Ω)) error of (reconstruction - initial guess): 0.602
Relative H¹([0,T], H¹(Ω)) error of (reconstruction - initial guess): 1.34
Relative H²([0,T], L²(Ω)) error of (reconstruction - initial guess): 1.14
stats::forward              : 26 calls, average 902.3ms per call
stats::linearization forward: 351 calls, average 951.8ms per call
stats::linearization adjoint: 351 calls, average 1.2s per call
stats::measure forward      : 377 calls, average 311.0µs per call
stats::measure adjoint      : 351 calls, average 348.4µs per call
stats::total wall time      : 14min 22s
