JobId thies-arch1 Thu Apr  5 10:28:44 2018
wavepi 3fa08ced-dirty
Release-Build, compiled on 2018-03-28T15:17:13Z from commit 3fa08cedb040cdd8a617b11f141a1a310502145c ("distribute random noise from root to everyone else") on branch master

working directory was dirty, git status: 
 M problems/q_banach/p1_1_h1h1.cfg
 M problems/q_banach/p1_5_h1h1.cfg
 M problems/q_banach/p2_h1h1.cfg
 M problems/q_banach/p2_h1h1_hilbert.cfg
 M problems/q_banach/p8_h1h1.cfg
 M problems/q_banach/rhs4_p1_1_h1h1.cfg
 M problems/q_banach/rhs4_p1_5_h1h1.cfg
 M problems/q_banach/rhs4_p2_h1h1_hilbert.cfg
 M problems/q_banach/rhs4_p8_h1h1.cfg
?? problems/q_banach/p1_1_h1h1/
?? problems/q_banach/p1_1_h1h1_gamma/
?? problems/q_banach/p1_1_l2l2/
?? problems/q_banach/p1_5_h1h1/
?? problems/q_banach/p1_5_h1h1_gamma/
?? problems/q_banach/rhs4_p1_1_h1h1/
?? problems/q_banach/rhs4_p1_1_h1h1_gamma/
?? problems/q_banach/rhs4_p1_1_l2l2/

initialize_mesh::Number of active cells: 1024
initialize_mesh::Number of degrees of freedom in the first spatial mesh: 1089
initialize_mesh::cell diameters: minimal = 0.354, maximal = 0.354
initialize_mesh::dt: 0.0235
initialize_mesh::expected size of a DiscretizedFunction<2>: 2.13 MiB
Initializing problem
Generating synthetic data (inverse crime)
generate_data:run::distributing noisy data to other nodes
generate_data:run::Distribution of data complete.
wall time for data synthesis        : 1.7s
wall time for mesh and problem init : 221.1ms
parameters:LogTransform::lower bound: 0.0
parameters:WaveEquation::max iter: 10000
parameters:WaveEquation::theta: 0.5
parameters:WaveEquation::tol: 1e-8
parameters:constraints::lower bound: -1e300
parameters:constraints::upper bound: 1e300
parameters:general::dimension: 2
parameters:general::finite element degree: 1
parameters:general::quadrature order: 3
parameters:inversion::method: REGINN
parameters:inversion::tau: 2
parameters:log::console depth: 2
parameters:log::file: wavepi.log
parameters:log::file depth: 3
parameters:log::file depth mpi: 3
parameters:mesh::end time: 6
parameters:mesh::initial refines: 5
parameters:mesh::initial time steps: 256
parameters:output::data: true
parameters:output::destination: ./step-{{i}}/
parameters:output::discrepancy decrease: 0.25
parameters:output::estimate: true
parameters:output::estimate transformed: false
parameters:output::exact: true
parameters:output::exact transformed: false
parameters:output::interval: 10
parameters:output::last: true
parameters:output::residual: true
parameters:output::statistics: history
parameters:problem::H1H1 beta: 0.25
parameters:problem::H1H1 gamma: 5
parameters:problem::H1L2 alpha: 0.5
parameters:problem::H2L2 alpha: 0.5
parameters:problem::H2L2 beta: 0.25
parameters:problem::H2L2+L2H1 alpha: 0.5
parameters:problem::H2L2+L2H1 beta: 0.25
parameters:problem::H2L2+L2H1 gamma: 0.5
parameters:problem::background parameter: 0.0
parameters:problem::constants: 
parameters:problem::domain lp wrapping: true
parameters:problem::domain p: 8.0
parameters:problem::epsilon: 5e-3
parameters:problem::initial guess: 0.0
parameters:problem::norm of codomain: L2L2
parameters:problem::norm of domain: L2L2
parameters:problem::parameter a: 1.0
parameters:problem::parameter c: 2.0
parameters:problem::parameter nu: 0.0
parameters:problem::parameter q: 2*if(norm{x|y|z} < 1.5, 2.0+abs(sin(t)), 0.0)
parameters:problem::transform: Identity
parameters:problem::type: q
parameters:watchdog::discrepancy increasing: false
parameters:watchdog::discrepancy slope min values: 40
parameters:watchdog::discrepancy slope percentage: 0.25
parameters:watchdog::discrepancy slope threshold: 0.0
parameters:watchdog::discrepancy threshold: 10.0
parameters:watchdog::maximum iteration count: 0
REGINN::Saving exact parameter in ./step-0000/
REGINN::Saving data in ./step-0000/
REGINN::Saving current residual in ./step-0000/
REGINN::Saving current estimate in ./step-0000/
REGINN::i=0 : rdisc=1.63 , rnorm=0.00 , rerr=1.00 
REGINN::0.00 ≤ estimate ≤ 0.00
REGINN::Solving linear problem using rtol=0.900 and max_iter=1
REGINN:Gradient::k=0 : rdisc=1.00 , norm=0.00 
REGINN:Gradient::k=1 : rdisc=0.663, norm=0.00306
REGINN:Gradient::Target discrepancy reached after 1 iteration.
REGINN::i=1 : rdisc=1.11 , rnorm=0.109, rerr=0.911
REGINN::-2.42 ≤ estimate ≤ 2.16
REGINN::
REGINN::Solving linear problem using rtol=0.900 and max_iter=2
REGINN:Gradient::k=0 : rdisc=1.00 , norm=0.00 
REGINN:Gradient::k=1 : rdisc=0.865, norm=0.00333
REGINN:Gradient::Target discrepancy reached after 1 iteration.
REGINN::i=2 : rdisc=0.961, rnorm=0.225, rerr=0.864
REGINN::-5.34 ≤ estimate ≤ 4.79
REGINN::
REGINN::Solving linear problem using rtol=0.855 and max_iter=2
REGINN:Gradient::k=0 : rdisc=1.00 , norm=0.00 
REGINN:Gradient::k=1 : rdisc=0.699, norm=0.0104
REGINN:Gradient::Target discrepancy reached after 1 iteration.
REGINN::i=3 : rdisc=0.677, rnorm=0.541, rerr=1.09 
REGINN::-15.3 ≤ estimate ≤ 13.7
REGINN::
REGINN::Solving linear problem using rtol=0.812 and max_iter=2
REGINN:Gradient::k=0 : rdisc=1.00 , norm=0.00 
REGINN:Gradient::k=1 : rdisc=0.841, norm=0.00341
REGINN:Gradient::k=2 : rdisc=0.740, norm=0.00626
REGINN:Gradient::Target discrepancy reached after 2 iterations.
REGINN::i=4 : rdisc=0.507, rnorm=0.727, rerr=1.16 
REGINN::-20.8 ≤ estimate ≤ 18.4
REGINN::
REGINN::Solving linear problem using rtol=0.772 and max_iter=3
REGINN:Gradient::k=0 : rdisc=1.00 , norm=0.00 
REGINN:Gradient::k=1 : rdisc=0.877, norm=0.00257
REGINN:Gradient::k=2 : rdisc=0.819, norm=0.00364
REGINN:Gradient::k=3 : rdisc=0.743, norm=0.00574
REGINN:Gradient::Target discrepancy reached after 3 iterations.
REGINN::Saving current residual in ./step-0005/
REGINN::Saving current estimate in ./step-0005/
REGINN::i=5 : rdisc=0.359, rnorm=0.902, rerr=1.16 
REGINN::-25.2 ≤ estimate ≤ 22.2
REGINN::
REGINN::Solving linear problem using rtol=0.733 and max_iter=5
REGINN:Gradient::k=0 : rdisc=1.00 , norm=0.00 
REGINN:Gradient::k=1 : rdisc=0.890, norm=0.00262
REGINN:Gradient::k=2 : rdisc=0.814, norm=0.00353
REGINN:Gradient::k=3 : rdisc=0.746, norm=0.00522
REGINN:Gradient::k=4 : rdisc=0.693, norm=0.00608
REGINN:Gradient::Target discrepancy reached after 4 iterations.
REGINN::i=6 : rdisc=0.254, rnorm=1.02 , rerr=1.17 
REGINN::-29.5 ≤ estimate ≤ 26.2
REGINN::
REGINN::Solving linear problem using rtol=0.696 and max_iter=7
REGINN:Gradient::k=0 : rdisc=1.00 , norm=0.00 
REGINN:Gradient::k=1 : rdisc=0.904, norm=0.00195
REGINN:Gradient::k=2 : rdisc=0.845, norm=0.00258
REGINN:Gradient::k=3 : rdisc=0.798, norm=0.00341
REGINN:Gradient::k=4 : rdisc=0.750, norm=0.00421
REGINN:Gradient::k=5 : rdisc=0.719, norm=0.00476
REGINN:Gradient::k=6 : rdisc=0.675, norm=0.00568
REGINN:Gradient::Target discrepancy reached after 6 iterations.
REGINN::i=7 : rdisc=0.174, rnorm=1.12 , rerr=1.19 
REGINN::-32.5 ≤ estimate ≤ 31.5
REGINN::
REGINN::Solving linear problem using rtol=0.662 and max_iter=10
REGINN:Gradient::k=0 : rdisc=1.00 , norm=0.00 
REGINN:Gradient::k=1 : rdisc=0.952, norm=0.000627
REGINN:Gradient::k=2 : rdisc=0.892, norm=0.00148
REGINN:Gradient::k=3 : rdisc=0.847, norm=0.00193
REGINN:Gradient::k=4 : rdisc=0.791, norm=0.00288
REGINN:Gradient::k=5 : rdisc=0.748, norm=0.00328
REGINN:Gradient::k=6 : rdisc=0.708, norm=0.00405
REGINN:Gradient::k=7 : rdisc=0.674, norm=0.00440
REGINN:Gradient::k=8 : rdisc=0.649, norm=0.00487
REGINN:Gradient::Target discrepancy reached after 8 iterations.
REGINN::i=8 : rdisc=0.117, rnorm=1.17 , rerr=1.21 
REGINN::-34.4 ≤ estimate ≤ 30.0
REGINN::
REGINN::Solving linear problem using rtol=0.746 and max_iter=14
REGINN:Gradient::k=0 : rdisc=1.00 , norm=0.00 
REGINN:Gradient::k=1 : rdisc=0.957, norm=0.000483
REGINN:Gradient::k=2 : rdisc=0.929, norm=0.000718
REGINN:Gradient::k=3 : rdisc=0.893, norm=0.00114
REGINN:Gradient::k=4 : rdisc=0.866, norm=0.00138
REGINN:Gradient::k=5 : rdisc=0.831, norm=0.00187
REGINN:Gradient::k=6 : rdisc=0.804, norm=0.00208
REGINN:Gradient::k=7 : rdisc=0.773, norm=0.00257
REGINN:Gradient::k=8 : rdisc=0.748, norm=0.00276
REGINN:Gradient::k=9 : rdisc=0.724, norm=0.00318
REGINN:Gradient::Target discrepancy reached after 9 iterations.
REGINN::Saving current residual in ./step-0009/
REGINN::Saving current estimate in ./step-0009/
REGINN::i=9 : rdisc=0.0881, rnorm=1.17 , rerr=1.22 
REGINN::-37.8 ≤ estimate ≤ 30.8
REGINN::
REGINN::Solving linear problem using rtol=0.774 and max_iter=17
REGINN:Gradient::k=0 : rdisc=1.00 , norm=0.00 
REGINN:Gradient::k=1 : rdisc=0.970, norm=0.000239
REGINN:Gradient::k=2 : rdisc=0.938, norm=0.000612
REGINN:Gradient::k=3 : rdisc=0.915, norm=0.000777
REGINN:Gradient::k=4 : rdisc=0.891, norm=0.00113
REGINN:Gradient::k=5 : rdisc=0.870, norm=0.00128
REGINN:Gradient::k=6 : rdisc=0.848, norm=0.00161
REGINN:Gradient::k=7 : rdisc=0.830, norm=0.00176
REGINN:Gradient::k=8 : rdisc=0.814, norm=0.00200
REGINN:Gradient::k=9 : rdisc=0.800, norm=0.00213
REGINN:Gradient::k=10: rdisc=0.789, norm=0.00229
REGINN:Gradient::k=11: rdisc=0.778, norm=0.00241
REGINN:Gradient::k=12: rdisc=0.768, norm=0.00255
REGINN:Gradient::Target discrepancy reached after 12 iterations.
REGINN::Saving current residual in ./step-0010/
REGINN::Saving current estimate in ./step-0010/
REGINN::i=10: rdisc=0.0700, rnorm=1.17 , rerr=1.22 
REGINN::-39.7 ≤ estimate ≤ 32.4
REGINN::
REGINN::Solving linear problem using rtol=0.831 and max_iter=21
REGINN:Gradient::k=0 : rdisc=1.00 , norm=0.00 
REGINN:Gradient::k=1 : rdisc=0.982, norm=0.000146
REGINN:Gradient::k=2 : rdisc=0.964, norm=0.000368
REGINN:Gradient::k=3 : rdisc=0.950, norm=0.000469
REGINN:Gradient::k=4 : rdisc=0.932, norm=0.000719
REGINN:Gradient::k=5 : rdisc=0.917, norm=0.000825
REGINN:Gradient::k=6 : rdisc=0.904, norm=0.00101
REGINN:Gradient::k=7 : rdisc=0.892, norm=0.00112
REGINN:Gradient::k=8 : rdisc=0.882, norm=0.00123
REGINN:Gradient::k=9 : rdisc=0.874, norm=0.00133
REGINN:Gradient::k=10: rdisc=0.866, norm=0.00142
REGINN:Gradient::k=11: rdisc=0.858, norm=0.00152
REGINN:Gradient::k=12: rdisc=0.851, norm=0.00161
REGINN:Gradient::k=13: rdisc=0.843, norm=0.00171
REGINN:Gradient::k=14: rdisc=0.837, norm=0.00179
REGINN:Gradient::k=15: rdisc=0.828, norm=0.00191
REGINN:Gradient::Target discrepancy reached after 15 iterations.
REGINN::i=11: rdisc=0.0590, rnorm=1.15 , rerr=1.21 
REGINN::-41.2 ≤ estimate ≤ 33.1
REGINN::
REGINN::Solving linear problem using rtol=0.865 and max_iter=27
REGINN:Gradient::k=0 : rdisc=1.00 , norm=0.00 
REGINN:Gradient::k=1 : rdisc=0.988, norm=0.000115
REGINN:Gradient::k=2 : rdisc=0.978, norm=0.000224
REGINN:Gradient::k=3 : rdisc=0.970, norm=0.000300
REGINN:Gradient::k=4 : rdisc=0.957, norm=0.000469
REGINN:Gradient::k=5 : rdisc=0.946, norm=0.000544
REGINN:Gradient::k=6 : rdisc=0.930, norm=0.000781
REGINN:Gradient::k=7 : rdisc=0.916, norm=0.000857
REGINN:Gradient::k=8 : rdisc=0.894, norm=0.00119
REGINN:Gradient::k=9 : rdisc=0.876, norm=0.00126
REGINN:Gradient::k=10: rdisc=0.864, norm=0.00145
REGINN:Gradient::Target discrepancy reached after 10 iterations.
REGINN::i=12: rdisc=0.0517, rnorm=1.13 , rerr=1.21 
REGINN::-42.2 ≤ estimate ≤ 33.5
REGINN::
REGINN::Solving linear problem using rtol=0.821 and max_iter=25
REGINN:Gradient::k=0 : rdisc=1.00 , norm=0.00 
REGINN:Gradient::k=1 : rdisc=0.987, norm=0.000105
REGINN:Gradient::k=2 : rdisc=0.975, norm=0.000237
REGINN:Gradient::k=3 : rdisc=0.965, norm=0.000310
REGINN:Gradient::k=4 : rdisc=0.957, norm=0.000392
REGINN:Gradient::k=5 : rdisc=0.950, norm=0.000452
REGINN:Gradient::k=6 : rdisc=0.943, norm=0.000532
REGINN:Gradient::k=7 : rdisc=0.936, norm=0.000591
REGINN:Gradient::k=8 : rdisc=0.930, norm=0.000671
REGINN:Gradient::k=9 : rdisc=0.923, norm=0.000728
REGINN:Gradient::k=10: rdisc=0.916, norm=0.000814
REGINN:Gradient::k=11: rdisc=0.910, norm=0.000868
REGINN:Gradient::k=12: rdisc=0.902, norm=0.000967
REGINN:Gradient::k=13: rdisc=0.895, norm=0.00102
REGINN:Gradient::k=14: rdisc=0.886, norm=0.00113
REGINN:Gradient::k=15: rdisc=0.878, norm=0.00119
REGINN:Gradient::k=16: rdisc=0.869, norm=0.00131
REGINN:Gradient::k=17: rdisc=0.861, norm=0.00137
REGINN:Gradient::k=18: rdisc=0.852, norm=0.00150
REGINN:Gradient::k=19: rdisc=0.843, norm=0.00156
REGINN:Gradient::k=20: rdisc=0.836, norm=0.00166
REGINN:Gradient::k=21: rdisc=0.829, norm=0.00171
REGINN:Gradient::k=22: rdisc=0.822, norm=0.00180
REGINN:Gradient::k=23: rdisc=0.816, norm=0.00185
REGINN:Gradient::Target discrepancy reached after 23 iterations.
REGINN::i=13: rdisc=0.0431, rnorm=1.10 , rerr=1.20 
REGINN::-43.0 ≤ estimate ≤ 33.5
REGINN::
REGINN::Solving linear problem using rtol=0.922 and max_iter=33
REGINN:Gradient::k=0 : rdisc=1.00 , norm=0.00 
REGINN:Gradient::k=1 : rdisc=0.992, norm=7.55e-05
REGINN:Gradient::k=2 : rdisc=0.984, norm=0.000137
REGINN:Gradient::k=3 : rdisc=0.978, norm=0.000186
REGINN:Gradient::k=4 : rdisc=0.972, norm=0.000253
REGINN:Gradient::k=5 : rdisc=0.966, norm=0.000300
REGINN:Gradient::k=6 : rdisc=0.959, norm=0.000373
REGINN:Gradient::k=7 : rdisc=0.953, norm=0.000421
REGINN:Gradient::k=8 : rdisc=0.946, norm=0.000494
REGINN:Gradient::k=9 : rdisc=0.940, norm=0.000542
REGINN:Gradient::k=10: rdisc=0.934, norm=0.000612
REGINN:Gradient::k=11: rdisc=0.927, norm=0.000659
REGINN:Gradient::k=12: rdisc=0.921, norm=0.000724
REGINN:Gradient::Target discrepancy reached after 12 iterations.
REGINN::i=14: rdisc=0.0399, rnorm=1.09 , rerr=1.20 
REGINN::-43.5 ≤ estimate ≤ 33.6
REGINN::
REGINN::Solving linear problem using rtol=0.876 and max_iter=35
REGINN:Gradient::k=0 : rdisc=1.00 , norm=0.00 
REGINN:Gradient::k=1 : rdisc=0.994, norm=5.31e-05
REGINN:Gradient::k=2 : rdisc=0.988, norm=0.000109
REGINN:Gradient::k=3 : rdisc=0.982, norm=0.000157
REGINN:Gradient::k=4 : rdisc=0.976, norm=0.000214
REGINN:Gradient::k=5 : rdisc=0.970, norm=0.000261
REGINN:Gradient::k=6 : rdisc=0.965, norm=0.000315
REGINN:Gradient::k=7 : rdisc=0.959, norm=0.000362
REGINN:Gradient::k=8 : rdisc=0.954, norm=0.000413
REGINN:Gradient::k=9 : rdisc=0.949, norm=0.000459
REGINN:Gradient::k=10: rdisc=0.944, norm=0.000508
REGINN:Gradient::k=11: rdisc=0.939, norm=0.000554
REGINN:Gradient::k=12: rdisc=0.934, norm=0.000601
REGINN:Gradient::k=13: rdisc=0.929, norm=0.000646
REGINN:Gradient::k=14: rdisc=0.924, norm=0.000691
REGINN:Gradient::k=15: rdisc=0.920, norm=0.000734
REGINN:Gradient::k=16: rdisc=0.915, norm=0.000779
REGINN:Gradient::k=17: rdisc=0.910, norm=0.000821
REGINN:Gradient::k=18: rdisc=0.906, norm=0.000864
REGINN:Gradient::k=19: rdisc=0.902, norm=0.000906
REGINN:Gradient::k=20: rdisc=0.897, norm=0.000949
REGINN:Gradient::k=21: rdisc=0.893, norm=0.000990
REGINN:Gradient::k=22: rdisc=0.889, norm=0.00103
REGINN:Gradient::k=23: rdisc=0.884, norm=0.00107
REGINN:Gradient::k=24: rdisc=0.880, norm=0.00111
REGINN:Gradient::k=25: rdisc=0.876, norm=0.00115
REGINN:Gradient::Target discrepancy reached after 25 iterations.
REGINN::i=15: rdisc=0.0354, rnorm=1.08 , rerr=1.19 
REGINN::-45.1 ≤ estimate ≤ 34.0
REGINN::
REGINN::Solving linear problem using rtol=0.941 and max_iter=37
REGINN:Gradient::k=0 : rdisc=1.00 , norm=0.00 
REGINN:Gradient::k=1 : rdisc=0.994, norm=6.45e-05
REGINN:Gradient::k=2 : rdisc=0.988, norm=9.79e-05
REGINN:Gradient::k=3 : rdisc=0.982, norm=0.000155
REGINN:Gradient::k=4 : rdisc=0.976, norm=0.000192
REGINN:Gradient::k=5 : rdisc=0.970, norm=0.000255
REGINN:Gradient::k=6 : rdisc=0.964, norm=0.000291
REGINN:Gradient::k=7 : rdisc=0.958, norm=0.000361
REGINN:Gradient::k=8 : rdisc=0.951, norm=0.000397
REGINN:Gradient::k=9 : rdisc=0.944, norm=0.000472
REGINN:Gradient::k=10: rdisc=0.938, norm=0.000509
REGINN:Gradient::Target discrepancy reached after 10 iterations.
REGINN::i=16: rdisc=0.0334, rnorm=1.08 , rerr=1.19 
REGINN::-45.8 ≤ estimate ≤ 34.1
REGINN::
REGINN::Solving linear problem using rtol=0.894 and max_iter=35
REGINN:Gradient::k=0 : rdisc=1.00 , norm=0.00 
REGINN:Gradient::k=1 : rdisc=0.994, norm=5.84e-05
REGINN:Gradient::k=2 : rdisc=0.989, norm=9.01e-05
REGINN:Gradient::k=3 : rdisc=0.984, norm=0.000135
REGINN:Gradient::k=4 : rdisc=0.979, norm=0.000169
REGINN:Gradient::k=5 : rdisc=0.975, norm=0.000213
REGINN:Gradient::k=6 : rdisc=0.970, norm=0.000247
REGINN:Gradient::k=7 : rdisc=0.965, norm=0.000289
REGINN:Gradient::k=8 : rdisc=0.961, norm=0.000323
REGINN:Gradient::k=9 : rdisc=0.956, norm=0.000364
REGINN:Gradient::k=10: rdisc=0.952, norm=0.000398
REGINN:Gradient::k=11: rdisc=0.948, norm=0.000437
REGINN:Gradient::k=12: rdisc=0.943, norm=0.000471
REGINN:Gradient::k=13: rdisc=0.939, norm=0.000507
REGINN:Gradient::k=14: rdisc=0.935, norm=0.000542
REGINN:Gradient::k=15: rdisc=0.931, norm=0.000576
REGINN:Gradient::k=16: rdisc=0.927, norm=0.000611
REGINN:Gradient::k=17: rdisc=0.924, norm=0.000643
REGINN:Gradient::k=18: rdisc=0.920, norm=0.000679
REGINN:Gradient::k=19: rdisc=0.916, norm=0.000710
REGINN:Gradient::k=20: rdisc=0.912, norm=0.000748
REGINN:Gradient::k=21: rdisc=0.908, norm=0.000776
REGINN:Gradient::k=22: rdisc=0.904, norm=0.000819
REGINN:Gradient::k=23: rdisc=0.900, norm=0.000846
REGINN:Gradient::k=24: rdisc=0.895, norm=0.000897
REGINN:Gradient::k=25: rdisc=0.890, norm=0.000923
REGINN:Gradient::Target discrepancy reached after 25 iterations.
REGINN::i=17: rdisc=0.0300, rnorm=1.07 , rerr=1.19 
REGINN::-46.9 ≤ estimate ≤ 34.7
REGINN::
REGINN::Solving linear problem using rtol=0.957 and max_iter=35
REGINN:Gradient::k=0 : rdisc=1.00 , norm=0.00 
REGINN:Gradient::k=1 : rdisc=0.992, norm=7.79e-05
REGINN:Gradient::k=2 : rdisc=0.986, norm=0.000102
REGINN:Gradient::k=3 : rdisc=0.980, norm=0.000160
REGINN:Gradient::k=4 : rdisc=0.975, norm=0.000185
REGINN:Gradient::k=5 : rdisc=0.967, norm=0.000266
REGINN:Gradient::k=6 : rdisc=0.960, norm=0.000296
REGINN:Gradient::k=7 : rdisc=0.951, norm=0.000389
REGINN:Gradient::Target discrepancy reached after 7 iterations.
REGINN::i=18: rdisc=0.0286, rnorm=1.07 , rerr=1.19 
REGINN::-47.3 ≤ estimate ≤ 35.0
REGINN::
REGINN::Solving linear problem using rtol=0.910 and max_iter=32
REGINN:Gradient::k=0 : rdisc=1.00 , norm=0.00 
REGINN:Gradient::k=1 : rdisc=0.993, norm=3.53e-05
REGINN:Gradient::k=2 : rdisc=0.983, norm=0.000130
REGINN:Gradient::k=3 : rdisc=0.975, norm=0.000158
REGINN:Gradient::k=4 : rdisc=0.965, norm=0.000260
REGINN:Gradient::k=5 : rdisc=0.957, norm=0.000291
REGINN:Gradient::k=6 : rdisc=0.952, norm=0.000327
REGINN:Gradient::k=7 : rdisc=0.947, norm=0.000359
REGINN:Gradient::k=8 : rdisc=0.944, norm=0.000381
REGINN:Gradient::k=9 : rdisc=0.941, norm=0.000409
REGINN:Gradient::k=10: rdisc=0.938, norm=0.000430
REGINN:Gradient::k=11: rdisc=0.934, norm=0.000459
REGINN:Gradient::k=12: rdisc=0.931, norm=0.000480
REGINN:Gradient::k=13: rdisc=0.928, norm=0.000510
REGINN:Gradient::k=14: rdisc=0.925, norm=0.000531
REGINN:Gradient::k=15: rdisc=0.922, norm=0.000560
REGINN:Gradient::k=16: rdisc=0.918, norm=0.000582
REGINN:Gradient::k=17: rdisc=0.915, norm=0.000611
REGINN:Gradient::k=18: rdisc=0.912, norm=0.000633
REGINN:Gradient::k=19: rdisc=0.909, norm=0.000661
REGINN:Gradient::Target discrepancy reached after 19 iterations.
REGINN::i=19: rdisc=0.0263, rnorm=1.06 , rerr=1.19 
REGINN::-47.8 ≤ estimate ≤ 35.4
REGINN::
REGINN::Solving linear problem using rtol=0.967 and max_iter=26
REGINN:Gradient::k=0 : rdisc=1.00 , norm=0.00 
REGINN:Gradient::k=1 : rdisc=0.996, norm=3.57e-05
REGINN:Gradient::k=2 : rdisc=0.992, norm=5.83e-05
REGINN:Gradient::k=3 : rdisc=0.988, norm=8.76e-05
REGINN:Gradient::k=4 : rdisc=0.985, norm=0.000111
REGINN:Gradient::k=5 : rdisc=0.981, norm=0.000140
REGINN:Gradient::k=6 : rdisc=0.978, norm=0.000162
REGINN:Gradient::k=7 : rdisc=0.975, norm=0.000192
REGINN:Gradient::k=8 : rdisc=0.971, norm=0.000213
REGINN:Gradient::k=9 : rdisc=0.968, norm=0.000246
REGINN:Gradient::k=10: rdisc=0.964, norm=0.000266
REGINN:Gradient::Target discrepancy reached after 10 iterations.
REGINN::Saving current residual in ./step-0020/
REGINN::Saving current estimate in ./step-0020/
REGINN::i=20: rdisc=0.0254, rnorm=1.06 , rerr=1.20 
REGINN::-47.5 ≤ estimate ≤ 35.3
REGINN::
REGINN::Solving linear problem using rtol=0.918 and max_iter=29
REGINN:Gradient::k=0 : rdisc=1.00 , norm=0.00 
REGINN:Gradient::k=1 : rdisc=0.995, norm=4.95e-05
REGINN:Gradient::k=2 : rdisc=0.991, norm=6.74e-05
REGINN:Gradient::k=3 : rdisc=0.986, norm=0.000113
REGINN:Gradient::k=4 : rdisc=0.981, norm=0.000133
REGINN:Gradient::k=5 : rdisc=0.975, norm=0.000202
REGINN:Gradient::k=6 : rdisc=0.968, norm=0.000224
REGINN:Gradient::k=7 : rdisc=0.961, norm=0.000305
REGINN:Gradient::k=8 : rdisc=0.954, norm=0.000324
REGINN:Gradient::k=9 : rdisc=0.945, norm=0.000422
REGINN:Gradient::k=10: rdisc=0.937, norm=0.000449
REGINN:Gradient::k=11: rdisc=0.933, norm=0.000478
REGINN:Gradient::k=12: rdisc=0.929, norm=0.000500
REGINN:Gradient::k=13: rdisc=0.927, norm=0.000517
REGINN:Gradient::k=14: rdisc=0.924, norm=0.000539
REGINN:Gradient::k=15: rdisc=0.922, norm=0.000556
REGINN:Gradient::k=16: rdisc=0.919, norm=0.000580
REGINN:Gradient::k=17: rdisc=0.916, norm=0.000596
REGINN:Gradient::Target discrepancy reached after 17 iterations.
REGINN::i=21: rdisc=0.0235, rnorm=1.06 , rerr=1.20 
REGINN::-47.2 ≤ estimate ≤ 35.5
REGINN::
REGINN::Solving linear problem using rtol=0.952 and max_iter=27
REGINN:Gradient::k=0 : rdisc=1.00 , norm=0.00 
REGINN:Gradient::k=1 : rdisc=0.996, norm=2.86e-05
REGINN:Gradient::k=2 : rdisc=0.993, norm=4.66e-05
REGINN:Gradient::k=3 : rdisc=0.990, norm=7.10e-05
REGINN:Gradient::k=4 : rdisc=0.987, norm=9.04e-05
REGINN:Gradient::k=5 : rdisc=0.984, norm=0.000115
REGINN:Gradient::k=6 : rdisc=0.981, norm=0.000134
REGINN:Gradient::k=7 : rdisc=0.978, norm=0.000160
REGINN:Gradient::k=8 : rdisc=0.975, norm=0.000179
REGINN:Gradient::k=9 : rdisc=0.972, norm=0.000206
REGINN:Gradient::k=10: rdisc=0.969, norm=0.000224
REGINN:Gradient::k=11: rdisc=0.966, norm=0.000252
REGINN:Gradient::k=12: rdisc=0.963, norm=0.000270
REGINN:Gradient::k=13: rdisc=0.959, norm=0.000299
REGINN:Gradient::k=14: rdisc=0.956, norm=0.000317
REGINN:Gradient::k=15: rdisc=0.953, norm=0.000346
REGINN:Gradient::k=16: rdisc=0.950, norm=0.000364
REGINN:Gradient::Target discrepancy reached after 16 iterations.
REGINN::i=22: rdisc=0.0224, rnorm=1.06 , rerr=1.20 
REGINN::-46.8 ≤ estimate ≤ 35.8
REGINN::
REGINN::Solving linear problem using rtol=0.904 and max_iter=33
REGINN:Gradient::k=0 : rdisc=1.00 , norm=0.00 
REGINN:Gradient::k=1 : rdisc=0.997, norm=2.68e-05
REGINN:Gradient::k=2 : rdisc=0.994, norm=4.33e-05
REGINN:Gradient::k=3 : rdisc=0.991, norm=6.62e-05
REGINN:Gradient::k=4 : rdisc=0.988, norm=8.47e-05
REGINN:Gradient::k=5 : rdisc=0.985, norm=0.000107
REGINN:Gradient::k=6 : rdisc=0.983, norm=0.000125
REGINN:Gradient::k=7 : rdisc=0.980, norm=0.000147
REGINN:Gradient::k=8 : rdisc=0.977, norm=0.000165
REGINN:Gradient::k=9 : rdisc=0.975, norm=0.000187
REGINN:Gradient::k=10: rdisc=0.972, norm=0.000204
REGINN:Gradient::k=11: rdisc=0.969, norm=0.000227
REGINN:Gradient::k=12: rdisc=0.967, norm=0.000244
REGINN:Gradient::k=13: rdisc=0.964, norm=0.000267
REGINN:Gradient::k=14: rdisc=0.961, norm=0.000284
REGINN:Gradient::k=15: rdisc=0.958, norm=0.000307
REGINN:Gradient::k=16: rdisc=0.956, norm=0.000324
REGINN:Gradient::k=17: rdisc=0.953, norm=0.000348
REGINN:Gradient::k=18: rdisc=0.950, norm=0.000365
REGINN:Gradient::k=19: rdisc=0.947, norm=0.000390
REGINN:Gradient::k=20: rdisc=0.945, norm=0.000406
REGINN:Gradient::k=21: rdisc=0.942, norm=0.000432
REGINN:Gradient::k=22: rdisc=0.939, norm=0.000448
REGINN:Gradient::k=23: rdisc=0.936, norm=0.000476
REGINN:Gradient::k=24: rdisc=0.933, norm=0.000492
REGINN:Gradient::k=25: rdisc=0.930, norm=0.000522
REGINN:Gradient::k=26: rdisc=0.927, norm=0.000538
REGINN:Gradient::k=27: rdisc=0.924, norm=0.000570
REGINN:Gradient::k=28: rdisc=0.920, norm=0.000585
REGINN:Gradient::k=29: rdisc=0.917, norm=0.000619
REGINN:Gradient::k=30: rdisc=0.914, norm=0.000634
REGINN:Gradient::k=31: rdisc=0.910, norm=0.000668
REGINN:Gradient::k=32: rdisc=0.907, norm=0.000683
REGINN:Gradient::k=33: rdisc=0.904, norm=0.000715
REGINN:Gradient::Target discrepancy reached after 33 iterations.
REGINN::i=23: rdisc=0.0205, rnorm=1.05 , rerr=1.20 
REGINN::-47.0 ≤ estimate ≤ 36.5
REGINN::
REGINN::Solving linear problem using rtol=0.954 and max_iter=49
REGINN:Gradient::k=0 : rdisc=1.00 , norm=0.00 
REGINN:Gradient::k=1 : rdisc=0.997, norm=1.98e-05
REGINN:Gradient::k=2 : rdisc=0.995, norm=3.64e-05
REGINN:Gradient::k=3 : rdisc=0.992, norm=5.30e-05
REGINN:Gradient::k=4 : rdisc=0.990, norm=6.96e-05
REGINN:Gradient::k=5 : rdisc=0.987, norm=8.64e-05
REGINN:Gradient::k=6 : rdisc=0.985, norm=0.000102
REGINN:Gradient::k=7 : rdisc=0.983, norm=0.000119
REGINN:Gradient::k=8 : rdisc=0.981, norm=0.000134
REGINN:Gradient::k=9 : rdisc=0.978, norm=0.000153
REGINN:Gradient::k=10: rdisc=0.976, norm=0.000167
REGINN:Gradient::k=11: rdisc=0.974, norm=0.000187
REGINN:Gradient::k=12: rdisc=0.972, norm=0.000200
REGINN:Gradient::k=13: rdisc=0.969, norm=0.000223
REGINN:Gradient::k=14: rdisc=0.967, norm=0.000236
REGINN:Gradient::k=15: rdisc=0.963, norm=0.000264
REGINN:Gradient::k=16: rdisc=0.961, norm=0.000277
REGINN:Gradient::k=17: rdisc=0.957, norm=0.000313
REGINN:Gradient::k=18: rdisc=0.953, norm=0.000325
REGINN:Gradient::Target discrepancy reached after 18 iterations.
REGINN::i=24: rdisc=0.0196, rnorm=1.05 , rerr=1.21 
REGINN::-46.6 ≤ estimate ≤ 36.8
REGINN::
REGINN::Solving linear problem using rtol=0.906 and max_iter=51
REGINN:Gradient::k=0 : rdisc=1.00 , norm=0.00 
REGINN:Gradient::k=1 : rdisc=0.995, norm=5.11e-05
REGINN:Gradient::k=2 : rdisc=0.991, norm=6.09e-05
REGINN:Gradient::k=3 : rdisc=0.986, norm=0.000109
REGINN:Gradient::k=4 : rdisc=0.982, norm=0.000123
REGINN:Gradient::k=5 : rdisc=0.979, norm=0.000142
REGINN:Gradient::k=6 : rdisc=0.977, norm=0.000155
REGINN:Gradient::k=7 : rdisc=0.975, norm=0.000173
REGINN:Gradient::k=8 : rdisc=0.973, norm=0.000186
REGINN:Gradient::k=9 : rdisc=0.970, norm=0.000205
REGINN:Gradient::k=10: rdisc=0.968, norm=0.000217
REGINN:Gradient::k=11: rdisc=0.966, norm=0.000237
REGINN:Gradient::k=12: rdisc=0.964, norm=0.000250
REGINN:Gradient::k=13: rdisc=0.962, norm=0.000271
REGINN:Gradient::k=14: rdisc=0.959, norm=0.000284
REGINN:Gradient::k=15: rdisc=0.957, norm=0.000310
REGINN:Gradient::k=16: rdisc=0.954, norm=0.000322
REGINN:Gradient::k=17: rdisc=0.950, norm=0.000362
REGINN:Gradient::k=18: rdisc=0.947, norm=0.000374
REGINN:Gradient::k=19: rdisc=0.939, norm=0.000462
REGINN:Gradient::k=20: rdisc=0.932, norm=0.000476
REGINN:Gradient::k=21: rdisc=0.929, norm=0.000501
REGINN:Gradient::k=22: rdisc=0.926, norm=0.000515
REGINN:Gradient::k=23: rdisc=0.925, norm=0.000530
REGINN:Gradient::k=24: rdisc=0.922, norm=0.000544
REGINN:Gradient::k=25: rdisc=0.921, norm=0.000555
REGINN:Gradient::k=26: rdisc=0.919, norm=0.000569
REGINN:Gradient::k=27: rdisc=0.917, norm=0.000579
REGINN:Gradient::k=28: rdisc=0.916, norm=0.000596
REGINN:Gradient::k=29: rdisc=0.914, norm=0.000605
REGINN:Gradient::k=30: rdisc=0.912, norm=0.000623
REGINN:Gradient::k=31: rdisc=0.910, norm=0.000632
REGINN:Gradient::k=32: rdisc=0.908, norm=0.000650
REGINN:Gradient::k=33: rdisc=0.906, norm=0.000659
REGINN:Gradient::k=34: rdisc=0.905, norm=0.000676
REGINN:Gradient::Target discrepancy reached after 34 iterations.
REGINN::i=25: rdisc=0.0180, rnorm=1.05 , rerr=1.21 
REGINN::-46.7 ≤ estimate ≤ 37.4
REGINN::
REGINN::Solving linear problem using rtol=0.950 and max_iter=52
REGINN:Gradient::k=0 : rdisc=1.00 , norm=0.00 
REGINN:Gradient::k=1 : rdisc=0.998, norm=1.56e-05
REGINN:Gradient::k=2 : rdisc=0.996, norm=2.81e-05
REGINN:Gradient::k=3 : rdisc=0.994, norm=4.09e-05
REGINN:Gradient::k=4 : rdisc=0.992, norm=5.48e-05
REGINN:Gradient::k=5 : rdisc=0.990, norm=6.69e-05
REGINN:Gradient::k=6 : rdisc=0.988, norm=8.12e-05
REGINN:Gradient::k=7 : rdisc=0.987, norm=9.29e-05
REGINN:Gradient::k=8 : rdisc=0.985, norm=0.000108
REGINN:Gradient::k=9 : rdisc=0.983, norm=0.000119
REGINN:Gradient::k=10: rdisc=0.981, norm=0.000135
REGINN:Gradient::k=11: rdisc=0.979, norm=0.000146
REGINN:Gradient::k=12: rdisc=0.977, norm=0.000162
REGINN:Gradient::k=13: rdisc=0.975, norm=0.000173
REGINN:Gradient::k=14: rdisc=0.974, norm=0.000189
REGINN:Gradient::k=15: rdisc=0.972, norm=0.000200
REGINN:Gradient::k=16: rdisc=0.970, norm=0.000217
REGINN:Gradient::k=17: rdisc=0.968, norm=0.000228
REGINN:Gradient::k=18: rdisc=0.966, norm=0.000245
REGINN:Gradient::k=19: rdisc=0.964, norm=0.000256
REGINN:Gradient::k=20: rdisc=0.962, norm=0.000274
REGINN:Gradient::k=21: rdisc=0.960, norm=0.000285
REGINN:Gradient::k=22: rdisc=0.958, norm=0.000302
REGINN:Gradient::k=23: rdisc=0.956, norm=0.000313
REGINN:Gradient::k=24: rdisc=0.954, norm=0.000330
REGINN:Gradient::k=25: rdisc=0.952, norm=0.000341
REGINN:Gradient::k=26: rdisc=0.950, norm=0.000358
REGINN:Gradient::k=27: rdisc=0.949, norm=0.000369
REGINN:Gradient::Target discrepancy reached after 27 iterations.
REGINN::i=26: rdisc=0.0171, rnorm=1.05 , rerr=1.21 
REGINN::-46.6 ≤ estimate ≤ 37.8
REGINN::
REGINN::Solving linear problem using rtol=0.903 and max_iter=61
REGINN:Gradient::k=0 : rdisc=1.00 , norm=0.00 
REGINN:Gradient::k=1 : rdisc=0.998, norm=2.22e-05
REGINN:Gradient::k=2 : rdisc=0.995, norm=3.16e-05
REGINN:Gradient::k=3 : rdisc=0.993, norm=5.00e-05
REGINN:Gradient::k=4 : rdisc=0.991, norm=6.08e-05
REGINN:Gradient::k=5 : rdisc=0.989, norm=7.68e-05
REGINN:Gradient::k=6 : rdisc=0.987, norm=8.77e-05
REGINN:Gradient::k=7 : rdisc=0.986, norm=0.000102
REGINN:Gradient::k=8 : rdisc=0.984, norm=0.000113
REGINN:Gradient::k=9 : rdisc=0.982, norm=0.000126
REGINN:Gradient::k=10: rdisc=0.981, norm=0.000137
REGINN:Gradient::k=11: rdisc=0.979, norm=0.000150
REGINN:Gradient::k=12: rdisc=0.977, norm=0.000161
REGINN:Gradient::k=13: rdisc=0.976, norm=0.000173
REGINN:Gradient::k=14: rdisc=0.974, norm=0.000184
REGINN:Gradient::k=15: rdisc=0.973, norm=0.000195
REGINN:Gradient::k=16: rdisc=0.971, norm=0.000207
REGINN:Gradient::k=17: rdisc=0.970, norm=0.000217
REGINN:Gradient::k=18: rdisc=0.968, norm=0.000229
REGINN:Gradient::k=19: rdisc=0.967, norm=0.000239
REGINN:Gradient::k=20: rdisc=0.965, norm=0.000251
REGINN:Gradient::k=21: rdisc=0.964, norm=0.000261
REGINN:Gradient::k=22: rdisc=0.962, norm=0.000274
REGINN:Gradient::k=23: rdisc=0.961, norm=0.000283
REGINN:Gradient::k=24: rdisc=0.959, norm=0.000296
REGINN:Gradient::k=25: rdisc=0.958, norm=0.000305
REGINN:Gradient::k=26: rdisc=0.956, norm=0.000319
REGINN:Gradient::k=27: rdisc=0.955, norm=0.000328
REGINN:Gradient::k=28: rdisc=0.953, norm=0.000342
REGINN:Gradient::k=29: rdisc=0.951, norm=0.000351
REGINN:Gradient::k=30: rdisc=0.950, norm=0.000366
REGINN:Gradient::k=31: rdisc=0.948, norm=0.000375
REGINN:Gradient::k=32: rdisc=0.947, norm=0.000389
REGINN:Gradient::k=33: rdisc=0.945, norm=0.000398
REGINN:Gradient::k=34: rdisc=0.943, norm=0.000413
REGINN:Gradient::k=35: rdisc=0.942, norm=0.000422
REGINN:Gradient::k=36: rdisc=0.940, norm=0.000437
REGINN:Gradient::k=37: rdisc=0.939, norm=0.000446
REGINN:Gradient::k=38: rdisc=0.937, norm=0.000459
REGINN:Gradient::k=39: rdisc=0.936, norm=0.000469
REGINN:Gradient::k=40: rdisc=0.934, norm=0.000480
REGINN:Gradient::k=41: rdisc=0.933, norm=0.000491
REGINN:Gradient::k=42: rdisc=0.932, norm=0.000500
REGINN:Gradient::k=43: rdisc=0.930, norm=0.000513
REGINN:Gradient::k=44: rdisc=0.929, norm=0.000521
REGINN:Gradient::k=45: rdisc=0.927, norm=0.000536
REGINN:Gradient::k=46: rdisc=0.926, norm=0.000544
REGINN:Gradient::k=47: rdisc=0.924, norm=0.000560
REGINN:Gradient::k=48: rdisc=0.923, norm=0.000567
REGINN:Gradient::k=49: rdisc=0.921, norm=0.000586
REGINN:Gradient::k=50: rdisc=0.919, norm=0.000594
REGINN:Gradient::k=51: rdisc=0.917, norm=0.000614
REGINN:Gradient::k=52: rdisc=0.915, norm=0.000622
REGINN:Gradient::k=53: rdisc=0.913, norm=0.000643
REGINN:Gradient::k=54: rdisc=0.911, norm=0.000651
REGINN:Gradient::k=55: rdisc=0.909, norm=0.000672
REGINN:Gradient::k=56: rdisc=0.907, norm=0.000681
REGINN:Gradient::k=57: rdisc=0.905, norm=0.000699
REGINN:Gradient::k=58: rdisc=0.903, norm=0.000707
REGINN:Gradient::k=59: rdisc=0.902, norm=0.000721
REGINN:Gradient::Target discrepancy reached after 59 iterations.
REGINN::i=27: rdisc=0.0156, rnorm=1.05 , rerr=1.22 
REGINN::-47.2 ≤ estimate ≤ 38.6
REGINN::
REGINN::Solving linear problem using rtol=0.955 and max_iter=86
REGINN:Gradient::k=0 : rdisc=1.00 , norm=0.00 
REGINN:Gradient::k=1 : rdisc=0.998, norm=1.29e-05
REGINN:Gradient::k=2 : rdisc=0.996, norm=2.23e-05
REGINN:Gradient::k=3 : rdisc=0.995, norm=3.32e-05
REGINN:Gradient::k=4 : rdisc=0.994, norm=4.23e-05
REGINN:Gradient::k=5 : rdisc=0.992, norm=5.36e-05
REGINN:Gradient::k=6 : rdisc=0.991, norm=6.17e-05
REGINN:Gradient::k=7 : rdisc=0.989, norm=7.47e-05
REGINN:Gradient::k=8 : rdisc=0.988, norm=8.18e-05
REGINN:Gradient::k=9 : rdisc=0.986, norm=9.93e-05
REGINN:Gradient::k=10: rdisc=0.984, norm=0.000106
REGINN:Gradient::k=11: rdisc=0.981, norm=0.000133
REGINN:Gradient::k=12: rdisc=0.979, norm=0.000141
REGINN:Gradient::k=13: rdisc=0.974, norm=0.000188
REGINN:Gradient::k=14: rdisc=0.970, norm=0.000196
REGINN:Gradient::k=15: rdisc=0.966, norm=0.000239
REGINN:Gradient::k=16: rdisc=0.962, norm=0.000249
REGINN:Gradient::k=17: rdisc=0.961, norm=0.000260
REGINN:Gradient::k=18: rdisc=0.960, norm=0.000268
REGINN:Gradient::k=19: rdisc=0.958, norm=0.000277
REGINN:Gradient::k=20: rdisc=0.957, norm=0.000286
REGINN:Gradient::k=21: rdisc=0.956, norm=0.000294
REGINN:Gradient::k=22: rdisc=0.955, norm=0.000304
REGINN:Gradient::Target discrepancy reached after 22 iterations.
REGINN::i=28: rdisc=0.0150, rnorm=1.05 , rerr=1.22 
REGINN::-47.7 ≤ estimate ≤ 38.9
REGINN::
REGINN::Solving linear problem using rtol=0.908 and max_iter=81
REGINN:Gradient::k=0 : rdisc=1.00 , norm=0.00 
REGINN:Gradient::k=1 : rdisc=0.999, norm=1.03e-05
REGINN:Gradient::k=2 : rdisc=0.997, norm=1.91e-05
REGINN:Gradient::k=3 : rdisc=0.996, norm=2.76e-05
REGINN:Gradient::k=4 : rdisc=0.995, norm=3.81e-05
REGINN:Gradient::k=5 : rdisc=0.993, norm=4.65e-05
REGINN:Gradient::k=6 : rdisc=0.992, norm=5.72e-05
REGINN:Gradient::k=7 : rdisc=0.991, norm=6.54e-05
REGINN:Gradient::k=8 : rdisc=0.989, norm=7.64e-05
REGINN:Gradient::k=9 : rdisc=0.988, norm=8.44e-05
REGINN:Gradient::k=10: rdisc=0.987, norm=9.54e-05
REGINN:Gradient::k=11: rdisc=0.985, norm=0.000103
REGINN:Gradient::k=12: rdisc=0.984, norm=0.000114
REGINN:Gradient::k=13: rdisc=0.983, norm=0.000122
REGINN:Gradient::k=14: rdisc=0.982, norm=0.000133
REGINN:Gradient::k=15: rdisc=0.980, norm=0.000141
REGINN:Gradient::k=16: rdisc=0.979, norm=0.000153
REGINN:Gradient::k=17: rdisc=0.978, norm=0.000161
REGINN:Gradient::k=18: rdisc=0.976, norm=0.000173
REGINN:Gradient::k=19: rdisc=0.975, norm=0.000181
REGINN:Gradient::k=20: rdisc=0.973, norm=0.000194
REGINN:Gradient::k=21: rdisc=0.972, norm=0.000201
REGINN:Gradient::k=22: rdisc=0.970, norm=0.000215
REGINN:Gradient::k=23: rdisc=0.969, norm=0.000222
REGINN:Gradient::k=24: rdisc=0.967, norm=0.000236
REGINN:Gradient::k=25: rdisc=0.966, norm=0.000244
REGINN:Gradient::k=26: rdisc=0.964, norm=0.000258
REGINN:Gradient::k=27: rdisc=0.963, norm=0.000266
REGINN:Gradient::k=28: rdisc=0.961, norm=0.000281
REGINN:Gradient::k=29: rdisc=0.960, norm=0.000289
REGINN:Gradient::k=30: rdisc=0.958, norm=0.000304
REGINN:Gradient::k=31: rdisc=0.957, norm=0.000312
REGINN:Gradient::k=32: rdisc=0.955, norm=0.000327
REGINN:Gradient::k=33: rdisc=0.953, norm=0.000335
REGINN:Gradient::k=34: rdisc=0.952, norm=0.000347
REGINN:Gradient::k=35: rdisc=0.951, norm=0.000355
REGINN:Gradient::k=36: rdisc=0.949, norm=0.000367
REGINN:Gradient::k=37: rdisc=0.948, norm=0.000374
REGINN:Gradient::k=38: rdisc=0.947, norm=0.000384
REGINN:Gradient::k=39: rdisc=0.946, norm=0.000392
REGINN:Gradient::k=40: rdisc=0.945, norm=0.000400
REGINN:Gradient::k=41: rdisc=0.944, norm=0.000409
REGINN:Gradient::k=42: rdisc=0.943, norm=0.000415
REGINN:Gradient::k=43: rdisc=0.942, norm=0.000424
REGINN:Gradient::k=44: rdisc=0.941, norm=0.000430
REGINN:Gradient::k=45: rdisc=0.939, norm=0.000440
REGINN:Gradient::k=46: rdisc=0.938, norm=0.000445
REGINN:Gradient::k=47: rdisc=0.937, norm=0.000456
REGINN:Gradient::k=48: rdisc=0.936, norm=0.000461
REGINN:Gradient::k=49: rdisc=0.935, norm=0.000474
REGINN:Gradient::k=50: rdisc=0.934, norm=0.000478
REGINN:Gradient::k=51: rdisc=0.932, norm=0.000496
REGINN:Gradient::k=52: rdisc=0.930, norm=0.000501
REGINN:Gradient::k=53: rdisc=0.928, norm=0.000528
REGINN:Gradient::k=54: rdisc=0.926, norm=0.000533
REGINN:Gradient::k=55: rdisc=0.924, norm=0.000554
REGINN:Gradient::k=56: rdisc=0.922, norm=0.000559
REGINN:Gradient::k=57: rdisc=0.920, norm=0.000574
REGINN:Gradient::k=58: rdisc=0.919, norm=0.000580
REGINN:Gradient::k=59: rdisc=0.918, norm=0.000594
REGINN:Gradient::k=60: rdisc=0.916, norm=0.000599
REGINN:Gradient::k=61: rdisc=0.915, norm=0.000611
REGINN:Gradient::k=62: rdisc=0.914, norm=0.000617
REGINN:Gradient::k=63: rdisc=0.913, norm=0.000628
REGINN:Gradient::k=64: rdisc=0.912, norm=0.000634
REGINN:Gradient::k=65: rdisc=0.911, norm=0.000644
REGINN:Gradient::k=66: rdisc=0.910, norm=0.000650
REGINN:Gradient::k=67: rdisc=0.909, norm=0.000659
REGINN:Gradient::k=68: rdisc=0.908, norm=0.000666
REGINN:Gradient::Target discrepancy reached after 68 iterations.
REGINN::i=29: rdisc=0.0138, rnorm=1.05 , rerr=1.23 
REGINN::-48.9 ≤ estimate ≤ 39.6
REGINN::
REGINN::Solving linear problem using rtol=0.970 and max_iter=90
REGINN:Gradient::k=0 : rdisc=1.00 , norm=0.00 
REGINN:Gradient::k=1 : rdisc=0.999, norm=9.98e-06
REGINN:Gradient::k=2 : rdisc=0.997, norm=1.81e-05
REGINN:Gradient::k=3 : rdisc=0.996, norm=2.62e-05
REGINN:Gradient::k=4 : rdisc=0.995, norm=3.52e-05
REGINN:Gradient::k=5 : rdisc=0.994, norm=4.28e-05
REGINN:Gradient::k=6 : rdisc=0.992, norm=5.20e-05
REGINN:Gradient::k=7 : rdisc=0.991, norm=5.93e-05
REGINN:Gradient::k=8 : rdisc=0.990, norm=6.84e-05
REGINN:Gradient::k=9 : rdisc=0.989, norm=7.55e-05
REGINN:Gradient::k=10: rdisc=0.988, norm=8.44e-05
REGINN:Gradient::k=11: rdisc=0.987, norm=9.13e-05
REGINN:Gradient::k=12: rdisc=0.986, norm=0.000100
REGINN:Gradient::k=13: rdisc=0.984, norm=0.000107
REGINN:Gradient::k=14: rdisc=0.983, norm=0.000116
REGINN:Gradient::k=15: rdisc=0.982, norm=0.000123
REGINN:Gradient::k=16: rdisc=0.981, norm=0.000132
REGINN:Gradient::k=17: rdisc=0.980, norm=0.000138
REGINN:Gradient::k=18: rdisc=0.979, norm=0.000147
REGINN:Gradient::k=19: rdisc=0.978, norm=0.000154
REGINN:Gradient::k=20: rdisc=0.977, norm=0.000163
REGINN:Gradient::k=21: rdisc=0.976, norm=0.000169
REGINN:Gradient::k=22: rdisc=0.975, norm=0.000179
REGINN:Gradient::k=23: rdisc=0.973, norm=0.000185
REGINN:Gradient::k=24: rdisc=0.972, norm=0.000195
REGINN:Gradient::k=25: rdisc=0.971, norm=0.000201
REGINN:Gradient::k=26: rdisc=0.970, norm=0.000212
REGINN:Gradient::Target discrepancy reached after 26 iterations.
REGINN::Saving current residual in ./step-0030/
REGINN::Saving current estimate in ./step-0030/
REGINN::i=30: rdisc=0.0134, rnorm=1.04 , rerr=1.23 
REGINN::-49.2 ≤ estimate ≤ 39.8
REGINN::
REGINN::Solving linear problem using rtol=0.922 and max_iter=94
REGINN:Gradient::k=0 : rdisc=1.00 , norm=0.00 
REGINN:Gradient::k=1 : rdisc=0.999, norm=7.70e-06
REGINN:Gradient::k=2 : rdisc=0.997, norm=1.77e-05
REGINN:Gradient::k=3 : rdisc=0.996, norm=2.45e-05
REGINN:Gradient::k=4 : rdisc=0.995, norm=3.55e-05
REGINN:Gradient::k=5 : rdisc=0.994, norm=4.23e-05
REGINN:Gradient::k=6 : rdisc=0.992, norm=5.35e-05
REGINN:Gradient::k=7 : rdisc=0.991, norm=6.03e-05
REGINN:Gradient::k=8 : rdisc=0.990, norm=7.23e-05
REGINN:Gradient::k=9 : rdisc=0.988, norm=7.91e-05
REGINN:Gradient::k=10: rdisc=0.987, norm=9.07e-05
REGINN:Gradient::k=11: rdisc=0.986, norm=9.74e-05
REGINN:Gradient::k=12: rdisc=0.985, norm=0.000109
REGINN:Gradient::k=13: rdisc=0.983, norm=0.000116
REGINN:Gradient::k=14: rdisc=0.982, norm=0.000127
REGINN:Gradient::k=15: rdisc=0.981, norm=0.000134
REGINN:Gradient::k=16: rdisc=0.980, norm=0.000143
REGINN:Gradient::k=17: rdisc=0.979, norm=0.000150
REGINN:Gradient::k=18: rdisc=0.978, norm=0.000158
REGINN:Gradient::k=19: rdisc=0.977, norm=0.000165
REGINN:Gradient::k=20: rdisc=0.976, norm=0.000172
REGINN:Gradient::k=21: rdisc=0.975, norm=0.000179
REGINN:Gradient::k=22: rdisc=0.974, norm=0.000185
REGINN:Gradient::k=23: rdisc=0.973, norm=0.000192
REGINN:Gradient::k=24: rdisc=0.972, norm=0.000198
REGINN:Gradient::k=25: rdisc=0.971, norm=0.000206
REGINN:Gradient::k=26: rdisc=0.970, norm=0.000211
REGINN:Gradient::k=27: rdisc=0.969, norm=0.000219
REGINN:Gradient::k=28: rdisc=0.968, norm=0.000224
REGINN:Gradient::k=29: rdisc=0.967, norm=0.000233
REGINN:Gradient::k=30: rdisc=0.966, norm=0.000238
REGINN:Gradient::k=31: rdisc=0.965, norm=0.000249
REGINN:Gradient::k=32: rdisc=0.964, norm=0.000253
REGINN:Gradient::k=33: rdisc=0.963, norm=0.000267
REGINN:Gradient::k=34: rdisc=0.961, norm=0.000271
REGINN:Gradient::k=35: rdisc=0.959, norm=0.000291
REGINN:Gradient::k=36: rdisc=0.958, norm=0.000296
REGINN:Gradient::k=37: rdisc=0.956, norm=0.000310
REGINN:Gradient::k=38: rdisc=0.955, norm=0.000314
REGINN:Gradient::k=39: rdisc=0.954, norm=0.000329
REGINN:Gradient::k=40: rdisc=0.952, norm=0.000333
REGINN:Gradient::k=41: rdisc=0.951, norm=0.000349
REGINN:Gradient::k=42: rdisc=0.949, norm=0.000354
REGINN:Gradient::k=43: rdisc=0.948, norm=0.000368
REGINN:Gradient::k=44: rdisc=0.947, norm=0.000374
REGINN:Gradient::k=45: rdisc=0.946, norm=0.000382
REGINN:Gradient::k=46: rdisc=0.945, norm=0.000388
REGINN:Gradient::k=47: rdisc=0.944, norm=0.000395
REGINN:Gradient::k=48: rdisc=0.943, norm=0.000401
REGINN:Gradient::k=49: rdisc=0.942, norm=0.000408
REGINN:Gradient::k=50: rdisc=0.941, norm=0.000414
REGINN:Gradient::k=51: rdisc=0.941, norm=0.000420
REGINN:Gradient::k=52: rdisc=0.940, norm=0.000427
REGINN:Gradient::k=53: rdisc=0.939, norm=0.000433
REGINN:Gradient::k=54: rdisc=0.938, norm=0.000441
REGINN:Gradient::k=55: rdisc=0.937, norm=0.000446
REGINN:Gradient::k=56: rdisc=0.936, norm=0.000454
REGINN:Gradient::k=57: rdisc=0.935, norm=0.000459
REGINN:Gradient::k=58: rdisc=0.934, norm=0.000468
REGINN:Gradient::k=59: rdisc=0.933, norm=0.000473
REGINN:Gradient::k=60: rdisc=0.932, norm=0.000482
REGINN:Gradient::k=61: rdisc=0.931, norm=0.000487
REGINN:Gradient::k=62: rdisc=0.931, norm=0.000495
REGINN:Gradient::k=63: rdisc=0.930, norm=0.000501
REGINN:Gradient::k=64: rdisc=0.929, norm=0.000509
REGINN:Gradient::k=65: rdisc=0.928, norm=0.000515
REGINN:Gradient::k=66: rdisc=0.927, norm=0.000523
REGINN:Gradient::k=67: rdisc=0.926, norm=0.000528
REGINN:Gradient::k=68: rdisc=0.925, norm=0.000537
REGINN:Gradient::k=69: rdisc=0.924, norm=0.000542
REGINN:Gradient::k=70: rdisc=0.923, norm=0.000550
REGINN:Gradient::k=71: rdisc=0.922, norm=0.000556
REGINN:Gradient::k=72: rdisc=0.922, norm=0.000563
REGINN:Gradient::k=73: rdisc=0.921, norm=0.000569
REGINN:Gradient::Target discrepancy reached after 73 iterations.
REGINN::i=31: rdisc=0.0125, rnorm=1.04 , rerr=1.24 
REGINN::-50.2 ≤ estimate ≤ 40.5
REGINN::
REGINN::Solving linear problem using rtol=0.972 and max_iter=99
REGINN:Gradient::k=0 : rdisc=1.00 , norm=0.00 
REGINN:Gradient::k=1 : rdisc=0.998, norm=1.77e-05
REGINN:Gradient::k=2 : rdisc=0.996, norm=2.30e-05
REGINN:Gradient::k=3 : rdisc=0.995, norm=3.45e-05
REGINN:Gradient::k=4 : rdisc=0.994, norm=4.11e-05
REGINN:Gradient::k=5 : rdisc=0.993, norm=4.86e-05
REGINN:Gradient::k=6 : rdisc=0.992, norm=5.46e-05
REGINN:Gradient::k=7 : rdisc=0.991, norm=6.12e-05
REGINN:Gradient::k=8 : rdisc=0.990, norm=6.75e-05
REGINN:Gradient::k=9 : rdisc=0.989, norm=7.31e-05
REGINN:Gradient::k=10: rdisc=0.988, norm=7.97e-05
REGINN:Gradient::k=11: rdisc=0.987, norm=8.49e-05
REGINN:Gradient::k=12: rdisc=0.986, norm=9.16e-05
REGINN:Gradient::k=13: rdisc=0.986, norm=9.67e-05
REGINN:Gradient::k=14: rdisc=0.985, norm=0.000104
REGINN:Gradient::k=15: rdisc=0.984, norm=0.000109
REGINN:Gradient::k=16: rdisc=0.983, norm=0.000115
REGINN:Gradient::k=17: rdisc=0.982, norm=0.000121
REGINN:Gradient::k=18: rdisc=0.982, norm=0.000127
REGINN:Gradient::k=19: rdisc=0.981, norm=0.000133
REGINN:Gradient::k=20: rdisc=0.980, norm=0.000139
REGINN:Gradient::k=21: rdisc=0.979, norm=0.000145
REGINN:Gradient::k=22: rdisc=0.978, norm=0.000151
REGINN:Gradient::k=23: rdisc=0.977, norm=0.000157
REGINN:Gradient::k=24: rdisc=0.977, norm=0.000163
REGINN:Gradient::k=25: rdisc=0.976, norm=0.000169
REGINN:Gradient::k=26: rdisc=0.975, norm=0.000175
REGINN:Gradient::k=27: rdisc=0.974, norm=0.000182
REGINN:Gradient::k=28: rdisc=0.973, norm=0.000187
REGINN:Gradient::k=29: rdisc=0.972, norm=0.000194
REGINN:Gradient::k=30: rdisc=0.972, norm=0.000199
REGINN:Gradient::Target discrepancy reached after 30 iterations.
REGINN::i=32: rdisc=0.0122, rnorm=1.04 , rerr=1.24 
REGINN::-50.5 ≤ estimate ≤ 40.7
REGINN::
REGINN::Solving linear problem using rtol=0.923 and max_iter=103
REGINN:Gradient::k=0 : rdisc=1.00 , norm=0.00 
REGINN:Gradient::k=1 : rdisc=0.999, norm=9.26e-06
REGINN:Gradient::k=2 : rdisc=0.998, norm=1.41e-05
REGINN:Gradient::k=3 : rdisc=0.997, norm=2.20e-05
REGINN:Gradient::k=4 : rdisc=0.996, norm=2.76e-05
REGINN:Gradient::k=5 : rdisc=0.995, norm=3.49e-05
REGINN:Gradient::k=6 : rdisc=0.994, norm=4.07e-05
REGINN:Gradient::k=7 : rdisc=0.993, norm=4.72e-05
REGINN:Gradient::k=8 : rdisc=0.993, norm=5.30e-05
REGINN:Gradient::k=9 : rdisc=0.992, norm=5.89e-05
REGINN:Gradient::k=10: rdisc=0.991, norm=6.48e-05
REGINN:Gradient::k=11: rdisc=0.990, norm=7.03e-05
REGINN:Gradient::k=12: rdisc=0.989, norm=7.64e-05
REGINN:Gradient::k=13: rdisc=0.989, norm=8.18e-05
REGINN:Gradient::k=14: rdisc=0.988, norm=8.80e-05
REGINN:Gradient::k=15: rdisc=0.987, norm=9.33e-05
REGINN:Gradient::k=16: rdisc=0.986, norm=9.95e-05
REGINN:Gradient::k=17: rdisc=0.986, norm=0.000105
REGINN:Gradient::k=18: rdisc=0.985, norm=0.000111
REGINN:Gradient::k=19: rdisc=0.984, norm=0.000117
REGINN:Gradient::k=20: rdisc=0.983, norm=0.000122
REGINN:Gradient::k=21: rdisc=0.982, norm=0.000128
REGINN:Gradient::k=22: rdisc=0.982, norm=0.000134
REGINN:Gradient::k=23: rdisc=0.981, norm=0.000140
REGINN:Gradient::k=24: rdisc=0.980, norm=0.000145
REGINN:Gradient::k=25: rdisc=0.979, norm=0.000152
REGINN:Gradient::k=26: rdisc=0.978, norm=0.000157
REGINN:Gradient::k=27: rdisc=0.978, norm=0.000164
REGINN:Gradient::k=28: rdisc=0.977, norm=0.000169
REGINN:Gradient::k=29: rdisc=0.976, norm=0.000176
REGINN:Gradient::k=30: rdisc=0.975, norm=0.000181
REGINN:Gradient::k=31: rdisc=0.974, norm=0.000188
REGINN:Gradient::k=32: rdisc=0.974, norm=0.000193
REGINN:Gradient::k=33: rdisc=0.973, norm=0.000200
REGINN:Gradient::k=34: rdisc=0.972, norm=0.000205
REGINN:Gradient::k=35: rdisc=0.971, norm=0.000213
REGINN:Gradient::k=36: rdisc=0.970, norm=0.000218
REGINN:Gradient::k=37: rdisc=0.969, norm=0.000226
REGINN:Gradient::k=38: rdisc=0.968, norm=0.000231
REGINN:Gradient::k=39: rdisc=0.967, norm=0.000239
REGINN:Gradient::k=40: rdisc=0.966, norm=0.000244
REGINN:Gradient::k=41: rdisc=0.965, norm=0.000254
REGINN:Gradient::k=42: rdisc=0.964, norm=0.000259
REGINN:Gradient::k=43: rdisc=0.963, norm=0.000269
REGINN:Gradient::k=44: rdisc=0.962, norm=0.000273
REGINN:Gradient::k=45: rdisc=0.961, norm=0.000284
REGINN:Gradient::k=46: rdisc=0.960, norm=0.000289
REGINN:Gradient::k=47: rdisc=0.959, norm=0.000298
REGINN:Gradient::k=48: rdisc=0.958, norm=0.000303
REGINN:Gradient::k=49: rdisc=0.957, norm=0.000312
REGINN:Gradient::k=50: rdisc=0.956, norm=0.000317
REGINN:Gradient::k=51: rdisc=0.956, norm=0.000325
REGINN:Gradient::k=52: rdisc=0.955, norm=0.000330
REGINN:Gradient::k=53: rdisc=0.954, norm=0.000337
REGINN:Gradient::k=54: rdisc=0.953, norm=0.000342
REGINN:Gradient::k=55: rdisc=0.952, norm=0.000348
REGINN:Gradient::k=56: rdisc=0.952, norm=0.000354
REGINN:Gradient::k=57: rdisc=0.951, norm=0.000359
REGINN:Gradient::k=58: rdisc=0.950, norm=0.000365
REGINN:Gradient::k=59: rdisc=0.950, norm=0.000369
REGINN:Gradient::k=60: rdisc=0.949, norm=0.000375
REGINN:Gradient::k=61: rdisc=0.948, norm=0.000379
REGINN:Gradient::k=62: rdisc=0.947, norm=0.000386
REGINN:Gradient::k=63: rdisc=0.947, norm=0.000390
REGINN:Gradient::k=64: rdisc=0.946, norm=0.000399
REGINN:Gradient::k=65: rdisc=0.945, norm=0.000402
REGINN:Gradient::k=66: rdisc=0.944, norm=0.000413
REGINN:Gradient::k=67: rdisc=0.943, norm=0.000417
REGINN:Gradient::k=68: rdisc=0.941, norm=0.000432
REGINN:Gradient::k=69: rdisc=0.940, norm=0.000436
REGINN:Gradient::k=70: rdisc=0.939, norm=0.000450
REGINN:Gradient::k=71: rdisc=0.937, norm=0.000453
REGINN:Gradient::k=72: rdisc=0.936, norm=0.000467
REGINN:Gradient::k=73: rdisc=0.935, norm=0.000470
REGINN:Gradient::k=74: rdisc=0.934, norm=0.000480
REGINN:Gradient::k=75: rdisc=0.933, norm=0.000483
REGINN:Gradient::k=76: rdisc=0.932, norm=0.000492
REGINN:Gradient::k=77: rdisc=0.932, norm=0.000496
REGINN:Gradient::k=78: rdisc=0.931, norm=0.000504
REGINN:Gradient::k=79: rdisc=0.930, norm=0.000508
REGINN:Gradient::k=80: rdisc=0.929, norm=0.000517
REGINN:Gradient::k=81: rdisc=0.928, norm=0.000521
REGINN:Gradient::k=82: rdisc=0.928, norm=0.000528
REGINN:Gradient::k=83: rdisc=0.927, norm=0.000532
REGINN:Gradient::k=84: rdisc=0.926, norm=0.000538
REGINN:Gradient::k=85: rdisc=0.925, norm=0.000542
REGINN:Gradient::k=86: rdisc=0.925, norm=0.000547
REGINN:Gradient::k=87: rdisc=0.924, norm=0.000553
REGINN:Gradient::k=88: rdisc=0.924, norm=0.000557
REGINN:Gradient::k=89: rdisc=0.923, norm=0.000563
REGINN:Gradient::Target discrepancy reached after 89 iterations.
REGINN::i=33: rdisc=0.0114, rnorm=1.04 , rerr=1.25 
REGINN::-51.5 ≤ estimate ≤ 41.3
REGINN::
REGINN::Solving linear problem using rtol=0.974 and max_iter=119
REGINN:Gradient::k=0 : rdisc=1.00 , norm=0.00 
REGINN:Gradient::k=1 : rdisc=0.999, norm=6.85e-06
REGINN:Gradient::k=2 : rdisc=0.998, norm=1.24e-05
REGINN:Gradient::k=3 : rdisc=0.997, norm=1.75e-05
REGINN:Gradient::k=4 : rdisc=0.996, norm=2.40e-05
REGINN:Gradient::k=5 : rdisc=0.996, norm=2.88e-05
REGINN:Gradient::k=6 : rdisc=0.995, norm=3.54e-05
REGINN:Gradient::k=7 : rdisc=0.994, norm=4.01e-05
REGINN:Gradient::k=8 : rdisc=0.993, norm=4.67e-05
REGINN:Gradient::k=9 : rdisc=0.992, norm=5.13e-05
REGINN:Gradient::k=10: rdisc=0.992, norm=5.77e-05
REGINN:Gradient::k=11: rdisc=0.991, norm=6.24e-05
REGINN:Gradient::k=12: rdisc=0.990, norm=6.87e-05
REGINN:Gradient::k=13: rdisc=0.989, norm=7.33e-05
REGINN:Gradient::k=14: rdisc=0.989, norm=7.95e-05
REGINN:Gradient::k=15: rdisc=0.988, norm=8.42e-05
REGINN:Gradient::k=16: rdisc=0.987, norm=9.02e-05
REGINN:Gradient::k=17: rdisc=0.986, norm=9.49e-05
REGINN:Gradient::k=18: rdisc=0.986, norm=0.000101
REGINN:Gradient::k=19: rdisc=0.985, norm=0.000105
REGINN:Gradient::k=20: rdisc=0.984, norm=0.000111
REGINN:Gradient::k=21: rdisc=0.984, norm=0.000116
REGINN:Gradient::k=22: rdisc=0.983, norm=0.000121
REGINN:Gradient::k=23: rdisc=0.982, norm=0.000126
REGINN:Gradient::k=24: rdisc=0.982, norm=0.000131
REGINN:Gradient::k=25: rdisc=0.981, norm=0.000136
REGINN:Gradient::k=26: rdisc=0.980, norm=0.000140
REGINN:Gradient::k=27: rdisc=0.980, norm=0.000145
REGINN:Gradient::k=28: rdisc=0.979, norm=0.000150
REGINN:Gradient::k=29: rdisc=0.978, norm=0.000155
REGINN:Gradient::k=30: rdisc=0.978, norm=0.000159
REGINN:Gradient::k=31: rdisc=0.977, norm=0.000164
REGINN:Gradient::k=32: rdisc=0.976, norm=0.000169
REGINN:Gradient::k=33: rdisc=0.976, norm=0.000174
REGINN:Gradient::k=34: rdisc=0.975, norm=0.000178
REGINN:Gradient::k=35: rdisc=0.974, norm=0.000183
REGINN:Gradient::k=36: rdisc=0.974, norm=0.000188
REGINN:Gradient::Target discrepancy reached after 36 iterations.
REGINN::i=34: rdisc=0.0111, rnorm=1.04 , rerr=1.25 
REGINN::-51.9 ≤ estimate ≤ 41.5
REGINN::
REGINN::Solving linear problem using rtol=0.925 and max_iter=125
REGINN:Gradient::k=0 : rdisc=1.00 , norm=0.00 
REGINN:Gradient::k=1 : rdisc=0.999, norm=5.47e-06
REGINN:Gradient::k=2 : rdisc=0.999, norm=1.05e-05
REGINN:Gradient::k=3 : rdisc=0.998, norm=1.53e-05
REGINN:Gradient::k=4 : rdisc=0.997, norm=2.07e-05
REGINN:Gradient::k=5 : rdisc=0.996, norm=2.54e-05
REGINN:Gradient::k=6 : rdisc=0.996, norm=3.07e-05
REGINN:Gradient::k=7 : rdisc=0.995, norm=3.54e-05
REGINN:Gradient::k=8 : rdisc=0.994, norm=4.06e-05
REGINN:Gradient::k=9 : rdisc=0.994, norm=4.53e-05
REGINN:Gradient::k=10: rdisc=0.993, norm=5.04e-05
REGINN:Gradient::k=11: rdisc=0.992, norm=5.51e-05
REGINN:Gradient::k=12: rdisc=0.992, norm=6.02e-05
REGINN:Gradient::k=13: rdisc=0.991, norm=6.49e-05
REGINN:Gradient::k=14: rdisc=0.990, norm=6.99e-05
REGINN:Gradient::k=15: rdisc=0.990, norm=7.46e-05
REGINN:Gradient::k=16: rdisc=0.989, norm=7.96e-05
REGINN:Gradient::k=17: rdisc=0.989, norm=8.42e-05
REGINN:Gradient::k=18: rdisc=0.988, norm=8.93e-05
REGINN:Gradient::k=19: rdisc=0.987, norm=9.39e-05
REGINN:Gradient::k=20: rdisc=0.987, norm=9.89e-05
REGINN:Gradient::k=21: rdisc=0.986, norm=0.000103
REGINN:Gradient::k=22: rdisc=0.985, norm=0.000109
REGINN:Gradient::k=23: rdisc=0.985, norm=0.000113
REGINN:Gradient::k=24: rdisc=0.984, norm=0.000118
REGINN:Gradient::k=25: rdisc=0.983, norm=0.000123
REGINN:Gradient::k=26: rdisc=0.983, norm=0.000128
REGINN:Gradient::k=27: rdisc=0.982, norm=0.000132
REGINN:Gradient::k=28: rdisc=0.981, norm=0.000138
REGINN:Gradient::k=29: rdisc=0.981, norm=0.000142
REGINN:Gradient::k=30: rdisc=0.980, norm=0.000148
REGINN:Gradient::k=31: rdisc=0.979, norm=0.000152
REGINN:Gradient::k=32: rdisc=0.979, norm=0.000158
REGINN:Gradient::k=33: rdisc=0.978, norm=0.000162
REGINN:Gradient::k=34: rdisc=0.977, norm=0.000169
REGINN:Gradient::k=35: rdisc=0.977, norm=0.000173
REGINN:Gradient::k=36: rdisc=0.976, norm=0.000179
REGINN:Gradient::k=37: rdisc=0.975, norm=0.000183
REGINN:Gradient::k=38: rdisc=0.974, norm=0.000190
REGINN:Gradient::k=39: rdisc=0.974, norm=0.000194
REGINN:Gradient::k=40: rdisc=0.973, norm=0.000200
REGINN:Gradient::k=41: rdisc=0.972, norm=0.000205
REGINN:Gradient::k=42: rdisc=0.972, norm=0.000211
REGINN:Gradient::k=43: rdisc=0.971, norm=0.000215
REGINN:Gradient::k=44: rdisc=0.970, norm=0.000221
REGINN:Gradient::k=45: rdisc=0.970, norm=0.000225
REGINN:Gradient::k=46: rdisc=0.969, norm=0.000231
REGINN:Gradient::k=47: rdisc=0.968, norm=0.000235
REGINN:Gradient::k=48: rdisc=0.968, norm=0.000240
REGINN:Gradient::k=49: rdisc=0.967, norm=0.000245
REGINN:Gradient::k=50: rdisc=0.966, norm=0.000249
REGINN:Gradient::k=51: rdisc=0.966, norm=0.000254
REGINN:Gradient::k=52: rdisc=0.965, norm=0.000257
REGINN:Gradient::k=53: rdisc=0.965, norm=0.000263
REGINN:Gradient::k=54: rdisc=0.964, norm=0.000266
REGINN:Gradient::k=55: rdisc=0.963, norm=0.000273
REGINN:Gradient::k=56: rdisc=0.963, norm=0.000275
REGINN:Gradient::k=57: rdisc=0.962, norm=0.000284
REGINN:Gradient::k=58: rdisc=0.961, norm=0.000287
REGINN:Gradient::k=59: rdisc=0.960, norm=0.000298
REGINN:Gradient::k=60: rdisc=0.959, norm=0.000301
REGINN:Gradient::k=61: rdisc=0.958, norm=0.000315
REGINN:Gradient::k=62: rdisc=0.956, norm=0.000318
REGINN:Gradient::k=63: rdisc=0.955, norm=0.000329
REGINN:Gradient::k=64: rdisc=0.955, norm=0.000332
REGINN:Gradient::k=65: rdisc=0.954, norm=0.000342
REGINN:Gradient::k=66: rdisc=0.953, norm=0.000345
REGINN:Gradient::k=67: rdisc=0.952, norm=0.000354
REGINN:Gradient::k=68: rdisc=0.951, norm=0.000357
REGINN:Gradient::k=69: rdisc=0.950, norm=0.000365
REGINN:Gradient::k=70: rdisc=0.950, norm=0.000368
REGINN:Gradient::k=71: rdisc=0.949, norm=0.000375
REGINN:Gradient::k=72: rdisc=0.948, norm=0.000378
REGINN:Gradient::k=73: rdisc=0.948, norm=0.000384
REGINN:Gradient::k=74: rdisc=0.947, norm=0.000388
REGINN:Gradient::k=75: rdisc=0.946, norm=0.000393
REGINN:Gradient::k=76: rdisc=0.946, norm=0.000397
REGINN:Gradient::k=77: rdisc=0.945, norm=0.000402
REGINN:Gradient::k=78: rdisc=0.945, norm=0.000406
REGINN:Gradient::k=79: rdisc=0.944, norm=0.000410
REGINN:Gradient::k=80: rdisc=0.944, norm=0.000414
REGINN:Gradient::k=81: rdisc=0.943, norm=0.000418
REGINN:Gradient::k=82: rdisc=0.943, norm=0.000423
REGINN:Gradient::k=83: rdisc=0.942, norm=0.000427
REGINN:Gradient::k=84: rdisc=0.941, norm=0.000433
REGINN:Gradient::k=85: rdisc=0.941, norm=0.000436
REGINN:Gradient::k=86: rdisc=0.940, norm=0.000442
REGINN:Gradient::k=87: rdisc=0.940, norm=0.000445
REGINN:Gradient::k=88: rdisc=0.939, norm=0.000452
REGINN:Gradient::k=89: rdisc=0.938, norm=0.000455
REGINN:Gradient::k=90: rdisc=0.938, norm=0.000461
REGINN:Gradient::k=91: rdisc=0.937, norm=0.000465
REGINN:Gradient::k=92: rdisc=0.936, norm=0.000470
REGINN:Gradient::k=93: rdisc=0.936, norm=0.000474
REGINN:Gradient::k=94: rdisc=0.935, norm=0.000479
REGINN:Gradient::k=95: rdisc=0.935, norm=0.000483
REGINN:Gradient::k=96: rdisc=0.934, norm=0.000488
REGINN:Gradient::k=97: rdisc=0.934, norm=0.000492
REGINN:Gradient::k=98: rdisc=0.933, norm=0.000496
REGINN:Gradient::k=99: rdisc=0.933, norm=0.000500
REGINN:Gradient::k=100: rdisc=0.932, norm=0.000505
REGINN:Gradient::k=101: rdisc=0.932, norm=0.000509
REGINN:Gradient::k=102: rdisc=0.931, norm=0.000513
REGINN:Gradient::k=103: rdisc=0.931, norm=0.000517
REGINN:Gradient::k=104: rdisc=0.930, norm=0.000521
REGINN:Gradient::k=105: rdisc=0.930, norm=0.000525
REGINN:Gradient::k=106: rdisc=0.929, norm=0.000529
REGINN:Gradient::k=107: rdisc=0.929, norm=0.000533
REGINN:Gradient::k=108: rdisc=0.928, norm=0.000537
REGINN:Gradient::k=109: rdisc=0.928, norm=0.000541
REGINN:Gradient::k=110: rdisc=0.927, norm=0.000545
REGINN:Gradient::k=111: rdisc=0.927, norm=0.000549
REGINN:Gradient::k=112: rdisc=0.926, norm=0.000553
REGINN:Gradient::k=113: rdisc=0.926, norm=0.000557
REGINN:Gradient::k=114: rdisc=0.925, norm=0.000561
REGINN:Gradient::Target discrepancy reached after 114 iterations.
REGINN::i=35: rdisc=0.0104, rnorm=1.04 , rerr=1.26 
REGINN::-52.9 ≤ estimate ≤ 42.1
REGINN::
REGINN::Solving linear problem using rtol=0.976 and max_iter=150
REGINN:Gradient::k=0 : rdisc=1.00 , norm=0.00 
REGINN:Gradient::k=1 : rdisc=0.999, norm=6.40e-06
REGINN:Gradient::k=2 : rdisc=0.998, norm=1.04e-05
REGINN:Gradient::k=3 : rdisc=0.998, norm=1.50e-05
REGINN:Gradient::k=4 : rdisc=0.997, norm=1.92e-05
REGINN:Gradient::k=5 : rdisc=0.996, norm=2.35e-05
REGINN:Gradient::k=6 : rdisc=0.996, norm=2.79e-05
REGINN:Gradient::k=7 : rdisc=0.995, norm=3.19e-05
REGINN:Gradient::k=8 : rdisc=0.995, norm=3.63e-05
REGINN:Gradient::k=9 : rdisc=0.994, norm=4.03e-05
REGINN:Gradient::k=10: rdisc=0.994, norm=4.47e-05
REGINN:Gradient::k=11: rdisc=0.993, norm=4.86e-05
REGINN:Gradient::k=12: rdisc=0.992, norm=5.30e-05
REGINN:Gradient::k=13: rdisc=0.992, norm=5.69e-05
REGINN:Gradient::k=14: rdisc=0.991, norm=6.13e-05
REGINN:Gradient::k=15: rdisc=0.991, norm=6.52e-05
REGINN:Gradient::k=16: rdisc=0.990, norm=6.96e-05
REGINN:Gradient::k=17: rdisc=0.990, norm=7.34e-05
REGINN:Gradient::k=18: rdisc=0.989, norm=7.79e-05
REGINN:Gradient::k=19: rdisc=0.988, norm=8.17e-05
REGINN:Gradient::k=20: rdisc=0.988, norm=8.62e-05
REGINN:Gradient::k=21: rdisc=0.987, norm=8.99e-05
REGINN:Gradient::k=22: rdisc=0.987, norm=9.44e-05
REGINN:Gradient::k=23: rdisc=0.986, norm=9.82e-05
REGINN:Gradient::k=24: rdisc=0.986, norm=0.000103
REGINN:Gradient::k=25: rdisc=0.985, norm=0.000106
REGINN:Gradient::k=26: rdisc=0.985, norm=0.000111
REGINN:Gradient::k=27: rdisc=0.984, norm=0.000115
REGINN:Gradient::k=28: rdisc=0.984, norm=0.000119
REGINN:Gradient::k=29: rdisc=0.983, norm=0.000123
REGINN:Gradient::k=30: rdisc=0.982, norm=0.000127
REGINN:Gradient::k=31: rdisc=0.982, norm=0.000131
REGINN:Gradient::k=32: rdisc=0.981, norm=0.000136
REGINN:Gradient::k=33: rdisc=0.981, norm=0.000139
REGINN:Gradient::k=34: rdisc=0.980, norm=0.000144
REGINN:Gradient::k=35: rdisc=0.980, norm=0.000147
REGINN:Gradient::k=36: rdisc=0.979, norm=0.000152
REGINN:Gradient::k=37: rdisc=0.979, norm=0.000156
REGINN:Gradient::k=38: rdisc=0.978, norm=0.000160
REGINN:Gradient::k=39: rdisc=0.978, norm=0.000164
REGINN:Gradient::k=40: rdisc=0.977, norm=0.000168
REGINN:Gradient::k=41: rdisc=0.977, norm=0.000172
REGINN:Gradient::k=42: rdisc=0.976, norm=0.000176
REGINN:Gradient::Target discrepancy reached after 42 iterations.
REGINN::i=36: rdisc=0.0101, rnorm=1.04 , rerr=1.26 
REGINN::-53.2 ≤ estimate ≤ 42.3
REGINN::
REGINN::Solving linear problem using rtol=0.986 and max_iter=156
REGINN:Gradient::k=0 : rdisc=1.00 , norm=0.00 
REGINN:Gradient::k=1 : rdisc=0.999, norm=4.44e-06
REGINN:Gradient::k=2 : rdisc=0.999, norm=8.71e-06
REGINN:Gradient::k=3 : rdisc=0.998, norm=1.27e-05
REGINN:Gradient::k=4 : rdisc=0.998, norm=1.72e-05
REGINN:Gradient::k=5 : rdisc=0.997, norm=2.11e-05
REGINN:Gradient::k=6 : rdisc=0.997, norm=2.56e-05
REGINN:Gradient::k=7 : rdisc=0.996, norm=2.95e-05
REGINN:Gradient::k=8 : rdisc=0.995, norm=3.36e-05
REGINN:Gradient::k=9 : rdisc=0.995, norm=3.77e-05
REGINN:Gradient::k=10: rdisc=0.994, norm=4.15e-05
REGINN:Gradient::k=11: rdisc=0.994, norm=4.56e-05
REGINN:Gradient::k=12: rdisc=0.993, norm=4.92e-05
REGINN:Gradient::k=13: rdisc=0.993, norm=5.34e-05
REGINN:Gradient::k=14: rdisc=0.992, norm=5.70e-05
REGINN:Gradient::k=15: rdisc=0.992, norm=6.12e-05
REGINN:Gradient::k=16: rdisc=0.991, norm=6.46e-05
REGINN:Gradient::k=17: rdisc=0.991, norm=6.90e-05
REGINN:Gradient::k=18: rdisc=0.990, norm=7.24e-05
REGINN:Gradient::k=19: rdisc=0.990, norm=7.68e-05
REGINN:Gradient::k=20: rdisc=0.989, norm=8.02e-05
REGINN:Gradient::k=21: rdisc=0.989, norm=8.48e-05
REGINN:Gradient::k=22: rdisc=0.988, norm=8.81e-05
REGINN:Gradient::k=23: rdisc=0.988, norm=9.29e-05
REGINN:Gradient::k=24: rdisc=0.987, norm=9.61e-05
REGINN:Gradient::k=25: rdisc=0.987, norm=0.000101
REGINN:Gradient::k=26: rdisc=0.986, norm=0.000104
REGINN:Gradient::k=27: rdisc=0.985, norm=0.000110
REGINN:Gradient::Target discrepancy reached after 27 iterations.
REGINN::i=37: rdisc=0.0100, rnorm=1.04 , rerr=1.26 
REGINN::-53.4 ≤ estimate ≤ 42.4
REGINN::
REGINN::Solving linear problem using rtol=0.999 and max_iter=69
REGINN:Gradient::k=0 : rdisc=1.00 , norm=0.00 
REGINN:Gradient::k=1 : rdisc=0.999, norm=4.07e-06
REGINN:Gradient::k=2 : rdisc=0.999, norm=8.05e-06
REGINN:Gradient::k=3 : rdisc=0.998, norm=1.16e-05
REGINN:Gradient::Target discrepancy reached after 3 iterations.
REGINN::i=38: rdisc=0.0100, rnorm=1.04 , rerr=1.26 
REGINN::-53.5 ≤ estimate ≤ 42.5
REGINN::
REGINN::Saving current residual in ./step-0038/
REGINN::Saving current estimate in ./step-0038/
REGINN::Target discrepancy reached after 38 iterations.
REGINN::-53.5 ≤ estimate ≤ 42.5
Relative p-norm on top of L²([0,T], L²(Ω)) with p=8.000000 error of the reconstruction: 1.26
reconstruction error in other norms: 
Relative (ℝⁿ, ‖·‖₂) error of the reconstruction: 2.91
Relative L²([0,T], L²(Ω)) error of the reconstruction: 1.34
Relative H¹([0,T], L²(Ω)) error of the reconstruction: 11.2
Relative H¹([0, T], H¹(Ω)) error of the reconstruction: 50.1
Relative H²([0,T], L²(Ω)) error of the reconstruction: 359.
Relative p-norm on top of L²([0,T], L²(Ω)) with p=8.000000 error of (reconstruction - initial guess): 1.26
reconstruction error in other norms: 
Relative (ℝⁿ, ‖·‖₂) error of (reconstruction - initial guess): 2.91
Relative L²([0,T], L²(Ω)) error of (reconstruction - initial guess): 1.34
Relative H¹([0,T], L²(Ω)) error of (reconstruction - initial guess): 11.2
Relative H¹([0, T], H¹(Ω)) error of (reconstruction - initial guess): 50.1
Relative H²([0,T], L²(Ω)) error of (reconstruction - initial guess): 359.
stats::forward              : 40 calls, average 1.3s per call
stats::linearization forward: 937 calls, average 1.4s per call
stats::linearization adjoint: 937 calls, average 1.4s per call
stats::measure forward      : 977 calls, average 550.5µs per call
stats::measure adjoint      : 937 calls, average 421.9µs per call
stats::total wall time      : 55min 0s
