JobId thies-laptop Thu Mar  1 15:35:00 2018
wavepi c9a3255b-dirty
Release-Build, compiled on 2018-03-01T14:02:17Z from commit c9a3255ba8eeaf4d675522b1c882a45d2dd144f2 ("scripts") on branch master

working directory was dirty, git status: 
 M include/problems/NuProblem.h
 M problems/param_nu/field_log/history.csv
 M problems/param_nu/field_log/history.png
 M problems/param_nu/field_log/history.svg
 M problems/param_nu/field_log/history_reginn.csv
 M problems/param_nu/field_log/history_reginn.png
 M problems/param_nu/field_log/history_reginn.svg
?? problems/param_nu/field_constraints.cfg
?? problems/param_nu/field_constraints_derivwave/
?? problems/param_nu/field_log/step-0030/
?? problems/param_nu/field_log/step-0040/
?? problems/param_nu/field_log/wavepi.2.log

initialize_mesh::Number of active cells: 1024
initialize_mesh::Number of degrees of freedom in the first spatial mesh: 1089
initialize_mesh::cell diameters: minimal = 0.354, maximal = 0.354
initialize_mesh::dt: 0.0235
initialize_mesh::expected size of a DiscretizedFunction<dim>: 2.13 MiB
parameters:LogTransform::lower bound: 0.0
parameters:WaveEquation::max iter: 10000
parameters:WaveEquation::theta: 0.5
parameters:WaveEquation::tol: 1e-8
parameters:constraints::lower bound: 0.0
parameters:constraints::upper bound: 1e300
parameters:general::dimension: 2
parameters:general::finite element degree: 1
parameters:general::quadrature order: 3
parameters:inversion::method: REGINN
parameters:inversion::tau: 2
parameters:log::console depth: 2
parameters:log::file: wavepi.log
parameters:log::file depth: 4
parameters:mesh::end time: 6
parameters:mesh::initial refines: 5
parameters:mesh::initial time steps: 256
parameters:output::data: true
parameters:output::destination: ./step-{{i}}/
parameters:output::discrepancy decrease: 0.5
parameters:output::estimate: true
parameters:output::estimate transformed: false
parameters:output::exact: true
parameters:output::exact transformed: false
parameters:output::interval: 50
parameters:output::last: true
parameters:output::residual: true
parameters:output::statistics: history
parameters:problem::H1L2 alpha: 0.5
parameters:problem::H2L2 alpha: 0.5
parameters:problem::H2L2 beta: 0.25
parameters:problem::constants: 
parameters:problem::epsilon: 1e-3
parameters:problem::initial guess: 1.0
parameters:problem::norm of codomain: L2L2
parameters:problem::norm of domain: L2L2
parameters:problem::parameter a: 1.0
parameters:problem::parameter c: 2.0
parameters:problem::parameter nu: 1.5
parameters:problem::parameter q: 0.0
parameters:problem::transform: Identity
parameters:problem::type: nu
parameters:watchdog::discrepancy increasing: false
parameters:watchdog::discrepancy slope min values: 40
parameters:watchdog::discrepancy slope percentage: 0.25
parameters:watchdog::discrepancy slope threshold: 0.0
parameters:watchdog::discrepancy threshold: 10.0
parameters:watchdog::maximum iteration count: 0
REGINN::Saving exact parameter in ./step-0000/
REGINN::Saving data in ./step-0000/
REGINN::Saving current residual in ./step-0000/
REGINN::Saving current estimate in ./step-0000/
REGINN::i=0 : rdisc=0.109, rnorm=0.667, rerr=0.333
REGINN::1.00 ≤ estimate ≤ 1.00
REGINN::Solving linear problem using rtol=0.900 and max_iter=1
REGINN:CGLS::k=0 : rdisc=1.00, norm=0.00
REGINN:CGLS::k=1 : rdisc=0.670, norm=0.222
REGINN:CGLS::Safeguarding: λ=0.810 ⇒ rdisc=0.900
REGINN:CGLS::Target discrepancy reached after 1 iteration.
REGINN::i=1 : rdisc=0.109, rnorm=0.667, rerr=0.333
REGINN::0.851 ≤ estimate ≤ 1.09
REGINN::
REGINN::Solving linear problem using rtol=0.900 and max_iter=2
REGINN:CGLS::k=0 : rdisc=1.00, norm=0.00
REGINN:CGLS::k=1 : rdisc=0.673, norm=0.220
REGINN:CGLS::Safeguarding: λ=0.808 ⇒ rdisc=0.900
REGINN:CGLS::Target discrepancy reached after 1 iteration.
REGINN::i=2 : rdisc=0.109, rnorm=0.667, rerr=0.333
REGINN::0.698 ≤ estimate ≤ 1.17
REGINN::
REGINN::Solving linear problem using rtol=0.854 and max_iter=2
REGINN:CGLS::k=0 : rdisc=1.00, norm=0.00
REGINN:CGLS::k=1 : rdisc=0.676, norm=0.218
REGINN:CGLS::Safeguarding: λ=0.709 ⇒ rdisc=0.854
REGINN:CGLS::Target discrepancy reached after 1 iteration.
REGINN::i=3 : rdisc=0.108, rnorm=0.667, rerr=0.333
REGINN::0.463 ≤ estimate ≤ 1.29
REGINN::
REGINN::Solving linear problem using rtol=0.811 and max_iter=2
REGINN:CGLS::k=0 : rdisc=1.00, norm=0.00
REGINN:CGLS::k=1 : rdisc=0.680, norm=0.215
REGINN:CGLS::Safeguarding: λ=0.602 ⇒ rdisc=0.811
REGINN:CGLS::Target discrepancy reached after 1 iteration.
REGINN::i=4 : rdisc=0.108, rnorm=0.667, rerr=0.333
REGINN::0.135 ≤ estimate ≤ 1.43
REGINN::
REGINN::Solving linear problem using rtol=0.769 and max_iter=2
REGINN:CGLS::k=0 : rdisc=1.00, norm=0.00
REGINN:CGLS::k=1 : rdisc=0.685, norm=0.212
REGINN:CGLS::Safeguarding: λ=0.480 ⇒ rdisc=0.769
REGINN:CGLS::Target discrepancy reached after 1 iteration.
REGINN:post_processing::Adjusted lower bound of estimate from -0.304 to 0.00
REGINN::i=5 : rdisc=0.108, rnorm=0.667, rerr=0.333
REGINN::0.00 ≤ estimate ≤ 1.60
REGINN::
REGINN::Solving linear problem using rtol=0.730 and max_iter=2
REGINN:CGLS::k=0 : rdisc=1.00, norm=0.00
REGINN:CGLS::k=1 : rdisc=0.692, norm=0.207
REGINN:CGLS::Safeguarding: λ=0.321 ⇒ rdisc=0.730
REGINN:CGLS::Target discrepancy reached after 1 iteration.
REGINN:post_processing::Adjusted lower bound of estimate from -0.586 to 0.00
REGINN::i=6 : rdisc=0.106, rnorm=0.667, rerr=0.334
REGINN::0.00 ≤ estimate ≤ 1.77
REGINN::
REGINN::Solving linear problem using rtol=0.693 and max_iter=2
REGINN:CGLS::k=0 : rdisc=1.00, norm=0.00
REGINN:CGLS::k=1 : rdisc=0.702, norm=0.199
REGINN:CGLS::k=2 : rdisc=0.422, norm=0.393
REGINN:CGLS::Safeguarding: λ=0.979 ⇒ rdisc=0.693
REGINN:CGLS::Target discrepancy reached after 2 iterations.
REGINN:post_processing::Adjusted lower bound of estimate from -0.884 to 0.00
REGINN::i=7 : rdisc=0.105, rnorm=0.667, rerr=0.334
REGINN::0.00 ≤ estimate ≤ 1.97
REGINN::
REGINN::Solving linear problem using rtol=0.658 and max_iter=3
REGINN:CGLS::k=0 : rdisc=1.00, norm=0.00
REGINN:CGLS::k=1 : rdisc=0.715, norm=0.190
REGINN:CGLS::k=2 : rdisc=0.422, norm=0.392
REGINN:CGLS::Safeguarding: λ=0.874 ⇒ rdisc=0.658
REGINN:CGLS::Target discrepancy reached after 2 iterations.
REGINN:post_processing::Adjusted lower bound of estimate from -0.967 to 0.00
REGINN::i=8 : rdisc=0.103, rnorm=0.668, rerr=0.334
REGINN::0.00 ≤ estimate ≤ 2.11
REGINN::
REGINN::Solving linear problem using rtol=0.624 and max_iter=4
REGINN:CGLS::k=0 : rdisc=1.00, norm=0.00
REGINN:CGLS::k=1 : rdisc=0.725, norm=0.182
REGINN:CGLS::k=2 : rdisc=0.426, norm=0.389
REGINN:CGLS::Safeguarding: λ=0.777 ⇒ rdisc=0.624
REGINN:CGLS::Target discrepancy reached after 2 iterations.
REGINN:post_processing::Adjusted lower bound of estimate from -1.05 to 0.00
REGINN::i=9 : rdisc=0.101, rnorm=0.668, rerr=0.334
REGINN::0.00 ≤ estimate ≤ 2.21
REGINN::
REGINN::Solving linear problem using rtol=0.592 and max_iter=4
REGINN:CGLS::k=0 : rdisc=1.00, norm=0.00
REGINN:CGLS::k=1 : rdisc=0.734, norm=0.176
REGINN:CGLS::k=2 : rdisc=0.433, norm=0.383
REGINN:CGLS::Safeguarding: λ=0.683 ⇒ rdisc=0.592
REGINN:CGLS::Target discrepancy reached after 2 iterations.
REGINN:post_processing::Adjusted lower bound of estimate from -1.12 to 0.00
REGINN::i=10: rdisc=0.0993, rnorm=0.668, rerr=0.335
REGINN::0.00 ≤ estimate ≤ 2.41
REGINN::
REGINN::Solving linear problem using rtol=0.562 and max_iter=4
REGINN:CGLS::k=0 : rdisc=1.00, norm=0.00
REGINN:CGLS::k=1 : rdisc=0.739, norm=0.172
REGINN:CGLS::k=2 : rdisc=0.442, norm=0.375
REGINN:CGLS::Safeguarding: λ=0.587 ⇒ rdisc=0.562
REGINN:CGLS::Target discrepancy reached after 2 iterations.
REGINN:post_processing::Adjusted lower bound of estimate from -1.18 to 0.00
REGINN::i=11: rdisc=0.0979, rnorm=0.669, rerr=0.335
REGINN::0.00 ≤ estimate ≤ 2.63
REGINN::
REGINN::Solving linear problem using rtol=0.533 and max_iter=4
REGINN:CGLS::k=0 : rdisc=1.00, norm=0.00
REGINN:CGLS::k=1 : rdisc=0.741, norm=0.169
REGINN:CGLS::k=2 : rdisc=0.453, norm=0.363
REGINN:CGLS::Safeguarding: λ=0.481 ⇒ rdisc=0.533
REGINN:CGLS::Target discrepancy reached after 2 iterations.
REGINN:post_processing::Adjusted lower bound of estimate from -1.21 to 0.00
REGINN::i=12: rdisc=0.0966, rnorm=0.669, rerr=0.336
REGINN::0.00 ≤ estimate ≤ 2.83
REGINN::
REGINN::Solving linear problem using rtol=0.506 and max_iter=4
REGINN:CGLS::k=0 : rdisc=1.00, norm=0.00
REGINN:CGLS::k=1 : rdisc=0.740, norm=0.166
REGINN:CGLS::k=2 : rdisc=0.466, norm=0.349
REGINN:CGLS::Safeguarding: λ=0.346 ⇒ rdisc=0.506
REGINN:CGLS::Target discrepancy reached after 2 iterations.
REGINN:post_processing::Adjusted lower bound of estimate from -1.25 to 0.00
REGINN::i=13: rdisc=0.0951, rnorm=0.670, rerr=0.337
REGINN::0.00 ≤ estimate ≤ 3.02
REGINN::
REGINN::Solving linear problem using rtol=0.481 and max_iter=4
REGINN:CGLS::k=0 : rdisc=1.00, norm=0.00
REGINN:CGLS::k=1 : rdisc=0.738, norm=0.164
REGINN:CGLS::k=2 : rdisc=0.479, norm=0.334
REGINN:CGLS::Safeguarding: λ=0.0715 ⇒ rdisc=0.481
REGINN:CGLS::Target discrepancy reached after 2 iterations.
REGINN:post_processing::Adjusted lower bound of estimate from -1.36 to 0.00
REGINN::i=14: rdisc=0.0937, rnorm=0.671, rerr=0.338
REGINN::0.00 ≤ estimate ≤ 3.22
REGINN::
REGINN::Solving linear problem using rtol=0.456 and max_iter=4
REGINN:CGLS::k=0 : rdisc=1.00, norm=0.00
REGINN:CGLS::k=1 : rdisc=0.735, norm=0.162
REGINN:CGLS::k=2 : rdisc=0.492, norm=0.318
REGINN:CGLS::k=3 : rdisc=0.431, norm=0.385
REGINN:CGLS::Safeguarding: λ=0.628 ⇒ rdisc=0.456
REGINN:CGLS::Target discrepancy reached after 3 iterations.
REGINN:post_processing::Adjusted lower bound of estimate from -1.54 to 0.00
REGINN::i=15: rdisc=0.0924, rnorm=0.671, rerr=0.338
REGINN::0.00 ≤ estimate ≤ 3.40
REGINN::
REGINN::Solving linear problem using rtol=0.433 and max_iter=5
REGINN:CGLS::k=0 : rdisc=1.00, norm=0.00
REGINN:CGLS::k=1 : rdisc=0.730, norm=0.158
REGINN:CGLS::k=2 : rdisc=0.503, norm=0.301
REGINN:CGLS::k=3 : rdisc=0.447, norm=0.362
REGINN:CGLS::k=4 : rdisc=0.378, norm=0.480
REGINN:CGLS::Safeguarding: λ=0.883 ⇒ rdisc=0.433
REGINN:CGLS::Target discrepancy reached after 4 iterations.
REGINN:post_processing::Adjusted lower bound of estimate from -1.88 to 0.00
REGINN::i=16: rdisc=0.0916, rnorm=0.672, rerr=0.339
REGINN::0.00 ≤ estimate ≤ 3.56
REGINN::
REGINN::Solving linear problem using rtol=0.411 and max_iter=7
REGINN:CGLS::k=0 : rdisc=1.00, norm=0.00
REGINN:CGLS::k=1 : rdisc=0.722, norm=0.154
REGINN:CGLS::k=2 : rdisc=0.509, norm=0.286
REGINN:CGLS::k=3 : rdisc=0.457, norm=0.343
REGINN:CGLS::k=4 : rdisc=0.378, norm=0.487
REGINN:CGLS::Safeguarding: λ=0.625 ⇒ rdisc=0.411
REGINN:CGLS::Target discrepancy reached after 4 iterations.
REGINN:post_processing::Adjusted lower bound of estimate from -1.89 to 0.00
REGINN::i=17: rdisc=0.0908, rnorm=0.673, rerr=0.340
REGINN::0.00 ≤ estimate ≤ 3.66
REGINN::
REGINN::Solving linear problem using rtol=0.390 and max_iter=8
REGINN:CGLS::k=0 : rdisc=1.00, norm=0.00
REGINN:CGLS::k=1 : rdisc=0.713, norm=0.152
REGINN:CGLS::k=2 : rdisc=0.511, norm=0.274
REGINN:CGLS::k=3 : rdisc=0.459, norm=0.335
REGINN:CGLS::k=4 : rdisc=0.374, norm=0.500
REGINN:CGLS::Safeguarding: λ=0.412 ⇒ rdisc=0.390
REGINN:CGLS::Target discrepancy reached after 4 iterations.
REGINN:post_processing::Adjusted lower bound of estimate from -1.94 to 0.00
REGINN::i=18: rdisc=0.0898, rnorm=0.674, rerr=0.341
REGINN::0.00 ≤ estimate ≤ 3.70
REGINN::
REGINN::Solving linear problem using rtol=0.370 and max_iter=8
REGINN:CGLS::k=0 : rdisc=1.00, norm=0.00
REGINN:CGLS::k=1 : rdisc=0.705, norm=0.151
REGINN:CGLS::k=2 : rdisc=0.513, norm=0.264
REGINN:CGLS::k=3 : rdisc=0.456, norm=0.337
REGINN:CGLS::k=4 : rdisc=0.366, norm=0.523
REGINN:CGLS::Safeguarding: λ=0.194 ⇒ rdisc=0.370
REGINN:CGLS::Target discrepancy reached after 4 iterations.
REGINN:post_processing::Adjusted lower bound of estimate from -1.97 to 0.00
REGINN::i=19: rdisc=0.0885, rnorm=0.676, rerr=0.342
REGINN::0.00 ≤ estimate ≤ 3.67
REGINN::
REGINN::Solving linear problem using rtol=0.351 and max_iter=8
REGINN:CGLS::k=0 : rdisc=1.00, norm=0.00
REGINN:CGLS::k=1 : rdisc=0.700, norm=0.149
REGINN:CGLS::k=2 : rdisc=0.515, norm=0.255
REGINN:CGLS::k=3 : rdisc=0.446, norm=0.356
REGINN:CGLS::k=4 : rdisc=0.359, norm=0.546
REGINN:CGLS::k=5 : rdisc=0.272, norm=0.747
REGINN:CGLS::Safeguarding: λ=0.947 ⇒ rdisc=0.351
REGINN:CGLS::Target discrepancy reached after 5 iterations.
REGINN:post_processing::Adjusted lower bound of estimate from -1.83 to 0.00
REGINN::i=20: rdisc=0.0866, rnorm=0.677, rerr=0.344
REGINN::0.00 ≤ estimate ≤ 3.91
REGINN::
REGINN::Solving linear problem using rtol=0.333 and max_iter=9
REGINN:CGLS::k=0 : rdisc=1.00, norm=0.00
REGINN:CGLS::k=1 : rdisc=0.699, norm=0.147
REGINN:CGLS::k=2 : rdisc=0.518, norm=0.248
REGINN:CGLS::k=3 : rdisc=0.409, norm=0.443
REGINN:CGLS::k=4 : rdisc=0.357, norm=0.559
REGINN:CGLS::k=5 : rdisc=0.292, norm=0.705
REGINN:CGLS::Safeguarding: λ=0.782 ⇒ rdisc=0.333
REGINN:CGLS::Target discrepancy reached after 5 iterations.
REGINN:post_processing::Adjusted lower bound of estimate from -1.81 to 0.00
REGINN::i=21: rdisc=0.0843, rnorm=0.678, rerr=0.345
REGINN::0.00 ≤ estimate ≤ 5.42
REGINN::
REGINN::Solving linear problem using rtol=0.316 and max_iter=10
REGINN:CGLS::k=0 : rdisc=1.00, norm=0.00
REGINN:CGLS::k=1 : rdisc=0.703, norm=0.144
REGINN:CGLS::k=2 : rdisc=0.524, norm=0.241
REGINN:CGLS::k=3 : rdisc=0.403, norm=0.465
REGINN:CGLS::k=4 : rdisc=0.358, norm=0.566
REGINN:CGLS::k=5 : rdisc=0.299, norm=0.698
REGINN:CGLS::Safeguarding: λ=0.526 ⇒ rdisc=0.316
REGINN:CGLS::Target discrepancy reached after 5 iterations.
REGINN:post_processing::Adjusted lower bound of estimate from -1.87 to 0.00
REGINN::i=22: rdisc=0.0815, rnorm=0.680, rerr=0.347
REGINN::0.00 ≤ estimate ≤ 7.13
REGINN::
REGINN::Solving linear problem using rtol=0.300 and max_iter=10
REGINN:CGLS::k=0 : rdisc=1.00, norm=0.00
REGINN:CGLS::k=1 : rdisc=0.710, norm=0.140
REGINN:CGLS::k=2 : rdisc=0.534, norm=0.234
REGINN:CGLS::k=3 : rdisc=0.478, norm=0.313
REGINN:CGLS::k=4 : rdisc=0.379, norm=0.532
REGINN:CGLS::k=5 : rdisc=0.304, norm=0.696
REGINN:CGLS::k=6 : rdisc=0.261, norm=0.797
REGINN:CGLS::Safeguarding: λ=0.947 ⇒ rdisc=0.300
REGINN:CGLS::Target discrepancy reached after 6 iterations.
REGINN:post_processing::Adjusted lower bound of estimate from -2.06 to 0.00
REGINN::i=23: rdisc=0.0785, rnorm=0.681, rerr=0.349
REGINN::0.00 ≤ estimate ≤ 9.14
REGINN::
REGINN::Solving linear problem using rtol=0.285 and max_iter=11
REGINN:CGLS::k=0 : rdisc=1.00, norm=0.00
REGINN:CGLS::k=1 : rdisc=0.718, norm=0.136
REGINN:CGLS::k=2 : rdisc=0.546, norm=0.227
REGINN:CGLS::k=3 : rdisc=0.513, norm=0.260
REGINN:CGLS::k=4 : rdisc=0.409, norm=0.477
REGINN:CGLS::k=5 : rdisc=0.314, norm=0.688
REGINN:CGLS::k=6 : rdisc=0.272, norm=0.785
REGINN:CGLS::Safeguarding: λ=0.543 ⇒ rdisc=0.285
REGINN:CGLS::Target discrepancy reached after 6 iterations.
REGINN:post_processing::Adjusted lower bound of estimate from -1.83 to 0.00
REGINN::i=24: rdisc=0.0763, rnorm=0.683, rerr=0.352
REGINN::0.00 ≤ estimate ≤ 11.1
REGINN::
REGINN::Solving linear problem using rtol=0.285 and max_iter=12
REGINN:CGLS::k=0 : rdisc=1.00, norm=0.00
REGINN:CGLS::k=1 : rdisc=0.724, norm=0.133
REGINN:CGLS::k=2 : rdisc=0.554, norm=0.221
REGINN:CGLS::k=3 : rdisc=0.529, norm=0.243
REGINN:CGLS::k=4 : rdisc=0.432, norm=0.431
REGINN:CGLS::k=5 : rdisc=0.326, norm=0.667
REGINN:CGLS::k=6 : rdisc=0.287, norm=0.757
REGINN:CGLS::k=7 : rdisc=0.243, norm=0.875
REGINN:CGLS::Safeguarding: λ=0.973 ⇒ rdisc=0.285
REGINN:CGLS::Target discrepancy reached after 7 iterations.
REGINN:post_processing::Adjusted lower bound of estimate from -1.53 to 0.00
REGINN::i=25: rdisc=0.0744, rnorm=0.685, rerr=0.355
REGINN::0.00 ≤ estimate ≤ 13.2
REGINN::
REGINN::Solving linear problem using rtol=0.386 and max_iter=13
REGINN:CGLS::k=0 : rdisc=1.00, norm=0.00
REGINN:CGLS::k=1 : rdisc=0.730, norm=0.129
REGINN:CGLS::k=2 : rdisc=0.562, norm=0.215
REGINN:CGLS::k=3 : rdisc=0.538, norm=0.235
REGINN:CGLS::k=4 : rdisc=0.452, norm=0.393
REGINN:CGLS::k=5 : rdisc=0.345, norm=0.634
REGINN:CGLS::Safeguarding: λ=0.599 ⇒ rdisc=0.386
REGINN:CGLS::Target discrepancy reached after 5 iterations.
REGINN:post_processing::Adjusted lower bound of estimate from -1.69 to 0.00
REGINN::i=26: rdisc=0.0725, rnorm=0.686, rerr=0.357
REGINN::0.00 ≤ estimate ≤ 14.4
REGINN::
REGINN::Solving linear problem using rtol=0.367 and max_iter=12
REGINN:CGLS::k=0 : rdisc=1.00, norm=0.00
REGINN:CGLS::k=1 : rdisc=0.736, norm=0.126
REGINN:CGLS::k=2 : rdisc=0.573, norm=0.209
REGINN:CGLS::k=3 : rdisc=0.551, norm=0.225
REGINN:CGLS::k=4 : rdisc=0.460, norm=0.389
REGINN:CGLS::k=5 : rdisc=0.356, norm=0.622
REGINN:CGLS::Safeguarding: λ=0.297 ⇒ rdisc=0.367
REGINN:CGLS::Target discrepancy reached after 5 iterations.
REGINN:post_processing::Adjusted lower bound of estimate from -1.84 to 0.00
REGINN::i=27: rdisc=0.0703, rnorm=0.687, rerr=0.359
REGINN::0.00 ≤ estimate ≤ 16.1
REGINN::
REGINN::Solving linear problem using rtol=0.348 and max_iter=10
REGINN:CGLS::k=0 : rdisc=1.00, norm=0.00
REGINN:CGLS::k=1 : rdisc=0.743, norm=0.123
REGINN:CGLS::k=2 : rdisc=0.587, norm=0.202
REGINN:CGLS::k=3 : rdisc=0.565, norm=0.218
REGINN:CGLS::k=4 : rdisc=0.479, norm=0.369
REGINN:CGLS::k=5 : rdisc=0.372, norm=0.607
REGINN:CGLS::k=6 : rdisc=0.318, norm=0.728
REGINN:CGLS::Safeguarding: λ=0.735 ⇒ rdisc=0.348
REGINN:CGLS::Target discrepancy reached after 6 iterations.
REGINN:post_processing::Adjusted lower bound of estimate from -1.84 to 0.00
REGINN::i=28: rdisc=0.0682, rnorm=0.689, rerr=0.362
REGINN::0.00 ≤ estimate ≤ 18.0
REGINN::
REGINN::Solving linear problem using rtol=0.330 and max_iter=11
REGINN:CGLS::k=0 : rdisc=1.00, norm=0.00
REGINN:CGLS::k=1 : rdisc=0.752, norm=0.120
REGINN:CGLS::k=2 : rdisc=0.602, norm=0.196
REGINN:CGLS::k=3 : rdisc=0.580, norm=0.213
REGINN:CGLS::k=4 : rdisc=0.502, norm=0.340
REGINN:CGLS::k=5 : rdisc=0.393, norm=0.583
REGINN:CGLS::k=6 : rdisc=0.330, norm=0.725
REGINN:CGLS::Safeguarding: λ=0.105 ⇒ rdisc=0.330
REGINN:CGLS::Target discrepancy reached after 6 iterations.
REGINN:post_processing::Adjusted lower bound of estimate from -1.56 to 0.00
REGINN::i=29: rdisc=0.0662, rnorm=0.691, rerr=0.366
REGINN::0.00 ≤ estimate ≤ 20.3
REGINN::
REGINN::Solving linear problem using rtol=0.330 and max_iter=12
REGINN:CGLS::k=0 : rdisc=1.00, norm=0.00
REGINN:CGLS::k=1 : rdisc=0.764, norm=0.115
REGINN:CGLS::k=2 : rdisc=0.619, norm=0.191
REGINN:CGLS::k=3 : rdisc=0.594, norm=0.210
REGINN:CGLS::k=4 : rdisc=0.525, norm=0.317
REGINN:CGLS::k=5 : rdisc=0.421, norm=0.545
REGINN:CGLS::k=6 : rdisc=0.342, norm=0.725
REGINN:CGLS::k=7 : rdisc=0.298, norm=0.836
REGINN:CGLS::Safeguarding: λ=0.844 ⇒ rdisc=0.330
REGINN:CGLS::Target discrepancy reached after 7 iterations.
REGINN:post_processing::Adjusted lower bound of estimate from -1.46 to 0.00
REGINN::i=30: rdisc=0.0643, rnorm=0.693, rerr=0.369
REGINN::0.00 ≤ estimate ≤ 22.6
REGINN::
REGINN::Solving linear problem using rtol=0.425 and max_iter=13
REGINN:CGLS::k=0 : rdisc=1.00, norm=0.00
REGINN:CGLS::k=1 : rdisc=0.784, norm=0.107
REGINN:CGLS::k=2 : rdisc=0.641, norm=0.185
REGINN:CGLS::k=3 : rdisc=0.609, norm=0.213
REGINN:CGLS::k=4 : rdisc=0.550, norm=0.302
REGINN:CGLS::k=5 : rdisc=0.452, norm=0.508
REGINN:CGLS::k=6 : rdisc=0.356, norm=0.727
REGINN:CGLS::Safeguarding: λ=0.834 ⇒ rdisc=0.425
REGINN:CGLS::Target discrepancy reached after 6 iterations.
REGINN:post_processing::Adjusted lower bound of estimate from -1.60 to 0.00
REGINN::i=31: rdisc=0.0622, rnorm=0.695, rerr=0.372
REGINN::0.00 ≤ estimate ≤ 24.2
REGINN::
REGINN::Solving linear problem using rtol=0.404 and max_iter=13
REGINN:CGLS::k=0 : rdisc=1.00, norm=0.00
REGINN:CGLS::k=1 : rdisc=0.804, norm=0.102
REGINN:CGLS::k=2 : rdisc=0.670, norm=0.178
REGINN:CGLS::k=3 : rdisc=0.626, norm=0.221
REGINN:CGLS::k=4 : rdisc=0.578, norm=0.294
REGINN:CGLS::k=5 : rdisc=0.479, norm=0.496
REGINN:CGLS::k=6 : rdisc=0.375, norm=0.731
REGINN:CGLS::Safeguarding: λ=0.504 ⇒ rdisc=0.404
REGINN:CGLS::Target discrepancy reached after 6 iterations.
REGINN:post_processing::Adjusted lower bound of estimate from -1.48 to 0.00
REGINN::i=32: rdisc=0.0607, rnorm=0.697, rerr=0.375
REGINN::0.00 ≤ estimate ≤ 26.0
REGINN::
REGINN::Solving linear problem using rtol=0.403 and max_iter=12
REGINN:CGLS::k=0 : rdisc=1.00, norm=0.00
REGINN:CGLS::k=1 : rdisc=0.828, norm=0.0949
REGINN:CGLS::k=2 : rdisc=0.700, norm=0.174
REGINN:CGLS::k=3 : rdisc=0.630, norm=0.252
REGINN:CGLS::k=4 : rdisc=0.599, norm=0.300
REGINN:CGLS::k=5 : rdisc=0.508, norm=0.481
REGINN:CGLS::k=6 : rdisc=0.393, norm=0.738
REGINN:CGLS::Safeguarding: λ=0.284 ⇒ rdisc=0.403
REGINN:CGLS::Target discrepancy reached after 6 iterations.
REGINN:post_processing::Adjusted lower bound of estimate from -1.40 to 0.00
REGINN::i=33: rdisc=0.0602, rnorm=0.699, rerr=0.378
REGINN::0.00 ≤ estimate ≤ 27.9
REGINN::
REGINN::Solving linear problem using rtol=0.403 and max_iter=12
REGINN:CGLS::k=0 : rdisc=1.00, norm=0.00
REGINN:CGLS::k=1 : rdisc=0.854, norm=0.0875
REGINN:CGLS::k=2 : rdisc=0.729, norm=0.174
REGINN:CGLS::k=3 : rdisc=0.651, norm=0.262
REGINN:CGLS::k=4 : rdisc=0.619, norm=0.310
REGINN:CGLS::k=5 : rdisc=0.535, norm=0.470
REGINN:CGLS::k=6 : rdisc=0.409, norm=0.749
REGINN:CGLS::k=7 : rdisc=0.362, norm=0.862
REGINN:CGLS::Safeguarding: λ=0.924 ⇒ rdisc=0.403
REGINN:CGLS::Target discrepancy reached after 7 iterations.
REGINN:post_processing::Adjusted lower bound of estimate from -1.35 to 0.00
REGINN::i=34: rdisc=0.0615, rnorm=0.702, rerr=0.383
REGINN::0.00 ≤ estimate ≤ 30.0
REGINN::
REGINN::Solving linear problem using rtol=0.488 and max_iter=13
REGINN:CGLS::k=0 : rdisc=1.00, norm=0.00
REGINN:CGLS::k=1 : rdisc=0.877, norm=0.0825
REGINN:CGLS::k=2 : rdisc=0.749, norm=0.185
REGINN:CGLS::k=3 : rdisc=0.690, norm=0.248
REGINN:CGLS::k=4 : rdisc=0.635, norm=0.322
REGINN:CGLS::k=5 : rdisc=0.551, norm=0.474
REGINN:CGLS::k=6 : rdisc=0.421, norm=0.764
REGINN:CGLS::Safeguarding: λ=0.689 ⇒ rdisc=0.488
REGINN:CGLS::Target discrepancy reached after 6 iterations.
REGINN:post_processing::Adjusted lower bound of estimate from -1.21 to 0.00
REGINN::i=35: rdisc=0.0639, rnorm=0.704, rerr=0.385
REGINN::0.00 ≤ estimate ≤ 31.2
REGINN::
REGINN::Solving linear problem using rtol=0.463 and max_iter=13
REGINN:CGLS::k=0 : rdisc=1.00, norm=0.00
REGINN:CGLS::k=1 : rdisc=0.887, norm=0.0855
REGINN:CGLS::k=2 : rdisc=0.766, norm=0.195
REGINN:CGLS::k=3 : rdisc=0.701, norm=0.264
REGINN:CGLS::k=4 : rdisc=0.635, norm=0.356
REGINN:CGLS::k=5 : rdisc=0.555, norm=0.499
REGINN:CGLS::k=6 : rdisc=0.428, norm=0.783
REGINN:CGLS::Safeguarding: λ=0.500 ⇒ rdisc=0.463
REGINN:CGLS::Target discrepancy reached after 6 iterations.
REGINN:post_processing::Adjusted lower bound of estimate from -1.21 to 0.00
REGINN::i=36: rdisc=0.0699, rnorm=0.706, rerr=0.389
REGINN::0.00 ≤ estimate ≤ 32.4
REGINN::
REGINN::Solving linear problem using rtol=0.462 and max_iter=12
REGINN:CGLS::k=0 : rdisc=1.00, norm=0.00
REGINN:CGLS::k=1 : rdisc=0.879, norm=0.102
REGINN:CGLS::k=2 : rdisc=0.767, norm=0.213
REGINN:CGLS::k=3 : rdisc=0.678, norm=0.314
REGINN:CGLS::k=4 : rdisc=0.591, norm=0.446
REGINN:CGLS::k=5 : rdisc=0.536, norm=0.548
REGINN:CGLS::k=6 : rdisc=0.418, norm=0.822
REGINN:CGLS::Safeguarding: λ=0.589 ⇒ rdisc=0.462
REGINN:CGLS::Target discrepancy reached after 6 iterations.
REGINN:post_processing::Adjusted lower bound of estimate from -1.14 to 0.00
REGINN::i=37: rdisc=0.0800, rnorm=0.709, rerr=0.393
REGINN::0.00 ≤ estimate ≤ 33.4
REGINN::
REGINN::Solving linear problem using rtol=0.462 and max_iter=12
REGINN:CGLS::k=0 : rdisc=1.00, norm=0.00
REGINN:CGLS::k=1 : rdisc=0.856, norm=0.130
REGINN:CGLS::k=2 : rdisc=0.747, norm=0.246
REGINN:CGLS::k=3 : rdisc=0.645, norm=0.373
REGINN:CGLS::k=4 : rdisc=0.536, norm=0.554
REGINN:CGLS::k=5 : rdisc=0.496, norm=0.636
REGINN:CGLS::k=6 : rdisc=0.393, norm=0.890
REGINN:CGLS::Safeguarding: λ=0.803 ⇒ rdisc=0.462
REGINN:CGLS::Target discrepancy reached after 6 iterations.
REGINN:post_processing::Adjusted lower bound of estimate from -0.953 to 0.00
REGINN::i=38: rdisc=0.0952, rnorm=0.713, rerr=0.398
REGINN::0.00 ≤ estimate ≤ 34.3
REGINN::
REGINN::Solving linear problem using rtol=0.461 and max_iter=12
REGINN:CGLS::k=0 : rdisc=1.00, norm=0.00
REGINN:CGLS::k=1 : rdisc=0.824, norm=0.171
REGINN:CGLS::k=2 : rdisc=0.710, norm=0.304
REGINN:CGLS::k=3 : rdisc=0.614, norm=0.435
REGINN:CGLS::k=4 : rdisc=0.533, norm=0.573
REGINN:CGLS::k=5 : rdisc=0.463, norm=0.719
REGINN:CGLS::k=6 : rdisc=0.359, norm=0.997
REGINN:CGLS::Safeguarding: λ=0.989 ⇒ rdisc=0.461
REGINN:CGLS::Target discrepancy reached after 6 iterations.
REGINN:post_processing::Adjusted lower bound of estimate from -1.03 to 0.00
REGINN::i=39: rdisc=0.115, rnorm=0.716, rerr=0.404
REGINN::0.00 ≤ estimate ≤ 35.0
REGINN::
REGINN::Solving linear problem using rtol=0.461 and max_iter=12
REGINN:CGLS::k=0 : rdisc=1.00, norm=0.00
REGINN:CGLS::k=1 : rdisc=0.791, norm=0.224
REGINN:CGLS::k=2 : rdisc=0.671, norm=0.379
REGINN:CGLS::k=3 : rdisc=0.589, norm=0.504
REGINN:CGLS::k=4 : rdisc=0.506, norm=0.659
REGINN:CGLS::k=5 : rdisc=0.425, norm=0.849
REGINN:CGLS::Safeguarding: λ=0.654 ⇒ rdisc=0.461
REGINN:CGLS::Target discrepancy reached after 5 iterations.
REGINN:post_processing::Adjusted lower bound of estimate from -1.09 to 0.00
REGINN::i=40: rdisc=0.136, rnorm=0.721, rerr=0.410
REGINN::0.00 ≤ estimate ≤ 35.6
REGINN::
REGINN::Solving linear problem using rtol=0.437 and max_iter=11
REGINN:CGLS::k=0 : rdisc=1.00, norm=0.00
REGINN:CGLS::k=1 : rdisc=0.769, norm=0.277
REGINN:CGLS::k=2 : rdisc=0.648, norm=0.450
REGINN:CGLS::k=3 : rdisc=0.574, norm=0.575
REGINN:CGLS::k=4 : rdisc=0.483, norm=0.766
REGINN:CGLS::k=5 : rdisc=0.399, norm=0.988
REGINN:CGLS::Safeguarding: λ=0.661 ⇒ rdisc=0.437
REGINN:CGLS::Target discrepancy reached after 5 iterations.
REGINN:post_processing::Adjusted lower bound of estimate from -1.35 to 0.00
REGINN::i=41: rdisc=0.163, rnorm=0.726, rerr=0.418
REGINN::0.00 ≤ estimate ≤ 36.3
REGINN::
REGINN::Solving linear problem using rtol=0.415 and max_iter=10
REGINN:CGLS::k=0 : rdisc=1.00, norm=0.00
REGINN:CGLS::k=1 : rdisc=0.750, norm=0.344
REGINN:CGLS::k=2 : rdisc=0.631, norm=0.532
REGINN:CGLS::k=3 : rdisc=0.560, norm=0.670
REGINN:CGLS::k=4 : rdisc=0.463, norm=0.902
REGINN:CGLS::k=5 : rdisc=0.376, norm=1.16
REGINN:CGLS::Safeguarding: λ=0.651 ⇒ rdisc=0.415
REGINN:CGLS::Target discrepancy reached after 5 iterations.
REGINN:post_processing::Adjusted lower bound of estimate from -1.74 to 0.00
REGINN::i=42: rdisc=0.196, rnorm=0.733, rerr=0.429
REGINN::0.00 ≤ estimate ≤ 37.3
REGINN::
REGINN::Solving linear problem using rtol=0.394 and max_iter=10
REGINN:CGLS::k=0 : rdisc=1.00, norm=0.00
REGINN:CGLS::k=1 : rdisc=0.738, norm=0.423
REGINN:CGLS::k=2 : rdisc=0.624, norm=0.626
REGINN:CGLS::k=3 : rdisc=0.548, norm=0.791
REGINN:CGLS::k=4 : rdisc=0.448, norm=1.07
REGINN:CGLS::k=5 : rdisc=0.360, norm=1.37
REGINN:CGLS::Safeguarding: λ=0.602 ⇒ rdisc=0.394
REGINN:CGLS::Target discrepancy reached after 5 iterations.
REGINN:post_processing::Adjusted lower bound of estimate from -2.29 to 0.00
REGINN::i=43: rdisc=0.237, rnorm=0.744, rerr=0.444
REGINN::0.00 ≤ estimate ≤ 38.5
REGINN::
REGINN::Solving linear problem using rtol=0.374 and max_iter=10
REGINN:CGLS::k=0 : rdisc=1.00, norm=0.00
REGINN:CGLS::k=1 : rdisc=0.734, norm=0.514
REGINN:CGLS::k=2 : rdisc=0.621, norm=0.742
REGINN:CGLS::k=3 : rdisc=0.540, norm=0.946
REGINN:CGLS::k=4 : rdisc=0.439, norm=1.27
REGINN:CGLS::k=5 : rdisc=0.349, norm=1.63
REGINN:CGLS::Safeguarding: λ=0.506 ⇒ rdisc=0.374
REGINN:CGLS::Target discrepancy reached after 5 iterations.
REGINN:post_processing::Adjusted lower bound of estimate from -3.10 to 0.00
REGINN::i=44: rdisc=0.285, rnorm=0.759, rerr=0.466
REGINN::0.00 ≤ estimate ≤ 44.5
REGINN::
REGINN::Solving linear problem using rtol=0.355 and max_iter=10
REGINN:CGLS::k=0 : rdisc=1.00, norm=0.00
REGINN:CGLS::k=1 : rdisc=0.739, norm=0.614
REGINN:CGLS::k=2 : rdisc=0.619, norm=0.896
REGINN:CGLS::k=3 : rdisc=0.533, norm=1.15
REGINN:CGLS::k=4 : rdisc=0.436, norm=1.51
REGINN:CGLS::k=5 : rdisc=0.343, norm=1.95
REGINN:CGLS::Safeguarding: λ=0.332 ⇒ rdisc=0.355
REGINN:CGLS::Target discrepancy reached after 5 iterations.
REGINN:post_processing::Adjusted lower bound of estimate from -4.23 to 0.00
REGINN::i=45: rdisc=0.344, rnorm=0.782, rerr=0.497
REGINN::0.00 ≤ estimate ≤ 51.5
REGINN::
REGINN::Solving linear problem using rtol=0.337 and max_iter=10
REGINN:CGLS::k=0 : rdisc=1.00, norm=0.00
REGINN:CGLS::k=1 : rdisc=0.753, norm=0.711
REGINN:CGLS::k=2 : rdisc=0.615, norm=1.10
REGINN:CGLS::k=3 : rdisc=0.524, norm=1.42
REGINN:CGLS::k=4 : rdisc=0.438, norm=1.79
REGINN:CGLS::k=5 : rdisc=0.343, norm=2.33
REGINN:CGLS::k=6 : rdisc=0.222, norm=3.13
REGINN:CGLS::Safeguarding: λ=0.968 ⇒ rdisc=0.337
REGINN:CGLS::Target discrepancy reached after 6 iterations.
REGINN:post_processing::Adjusted lower bound of estimate from -5.95 to 0.00
REGINN::i=46: rdisc=0.419, rnorm=0.818, rerr=0.545
REGINN::0.00 ≤ estimate ≤ 60.7
REGINN::
REGINN::Solving linear problem using rtol=0.320 and max_iter=11
REGINN:CGLS::k=0 : rdisc=1.00, norm=0.00
REGINN:CGLS::k=1 : rdisc=0.778, norm=0.797
REGINN:CGLS::k=2 : rdisc=0.609, norm=1.39
REGINN:CGLS::k=3 : rdisc=0.492, norm=1.90
REGINN:CGLS::k=4 : rdisc=0.442, norm=2.16
REGINN:CGLS::k=5 : rdisc=0.346, norm=2.83
REGINN:CGLS::k=6 : rdisc=0.224, norm=3.82
REGINN:CGLS::Safeguarding: λ=0.866 ⇒ rdisc=0.320
REGINN:CGLS::Target discrepancy reached after 6 iterations.
REGINN:post_processing::Adjusted lower bound of estimate from -7.87 to 0.00
REGINN::i=47: rdisc=0.503, rnorm=0.870, rerr=0.612
REGINN::0.00 ≤ estimate ≤ 71.9
REGINN::
REGINN::Solving linear problem using rtol=0.319 and max_iter=12
REGINN:CGLS::k=0 : rdisc=1.00, norm=0.00
REGINN:CGLS::k=1 : rdisc=0.800, norm=0.892
REGINN:CGLS::k=2 : rdisc=0.612, norm=1.71
REGINN:CGLS::k=3 : rdisc=0.478, norm=2.43
REGINN:CGLS::k=4 : rdisc=0.442, norm=2.66
REGINN:CGLS::k=5 : rdisc=0.358, norm=3.37
REGINN:CGLS::k=6 : rdisc=0.246, norm=4.49
REGINN:CGLS::Safeguarding: λ=0.783 ⇒ rdisc=0.319
REGINN:CGLS::Target discrepancy reached after 6 iterations.
REGINN:post_processing::Adjusted lower bound of estimate from -10.2 to 0.00
REGINN::i=48: rdisc=0.590, rnorm=0.943, rerr=0.702
REGINN::0.00 ≤ estimate ≤ 84.4
REGINN::
REGINN::Solving linear problem using rtol=0.319 and max_iter=12
REGINN:CGLS::k=0 : rdisc=1.00, norm=0.00
REGINN:CGLS::k=1 : rdisc=0.803, norm=1.10
REGINN:CGLS::k=2 : rdisc=0.625, norm=2.04
REGINN:CGLS::k=3 : rdisc=0.521, norm=2.67
REGINN:CGLS::k=4 : rdisc=0.460, norm=3.12
REGINN:CGLS::k=5 : rdisc=0.377, norm=3.93
REGINN:CGLS::k=6 : rdisc=0.275, norm=5.18
REGINN:CGLS::Safeguarding: λ=0.624 ⇒ rdisc=0.319
REGINN:CGLS::Target discrepancy reached after 6 iterations.
REGINN:post_processing::Adjusted lower bound of estimate from -13.2 to 0.00
REGINN::i=49: rdisc=0.677, rnorm=1.04, rerr=0.819
REGINN::0.00 ≤ estimate ≤ 98.8
REGINN::
REGINN::Solving linear problem using rtol=0.319 and max_iter=12
REGINN:CGLS::k=0 : rdisc=1.00, norm=0.00
REGINN:CGLS::k=1 : rdisc=0.751, norm=1.72
REGINN:CGLS::k=2 : rdisc=0.635, norm=2.45
REGINN:CGLS::k=3 : rdisc=0.535, norm=3.16
REGINN:CGLS::k=4 : rdisc=0.463, norm=3.80
REGINN:CGLS::k=5 : rdisc=0.394, norm=4.62
REGINN:CGLS::k=6 : rdisc=0.300, norm=6.01
REGINN:CGLS::Safeguarding: λ=0.423 ⇒ rdisc=0.319
REGINN:CGLS::Target discrepancy reached after 6 iterations.
REGINN:post_processing::Adjusted lower bound of estimate from -17.1 to 0.00
REGINN::Saving current residual in ./step-0050/
REGINN::Saving current estimate in ./step-0050/
REGINN::i=50: rdisc=0.763, rnorm=1.18, rerr=0.974
REGINN::0.00 ≤ estimate ≤ 116.
REGINN::
REGINN::Solving linear problem using rtol=0.318 and max_iter=12
REGINN:CGLS::k=0 : rdisc=1.00, norm=0.00
REGINN:CGLS::k=1 : rdisc=0.688, norm=2.61
REGINN:CGLS::k=2 : rdisc=0.597, norm=3.32
REGINN:CGLS::k=3 : rdisc=0.535, norm=3.86
REGINN:CGLS::k=4 : rdisc=0.458, norm=4.72
REGINN:CGLS::k=5 : rdisc=0.394, norm=5.66
REGINN:CGLS::k=6 : rdisc=0.319, norm=7.01
REGINN:CGLS::k=7 : rdisc=0.277, norm=7.89
REGINN:CGLS::Safeguarding: λ=0.992 ⇒ rdisc=0.318
REGINN:CGLS::Target discrepancy reached after 7 iterations.
REGINN:post_processing::Adjusted lower bound of estimate from -22.7 to 0.00
REGINN::i=51: rdisc=0.849, rnorm=1.37, rerr=1.19
REGINN::0.00 ≤ estimate ≤ 140.
REGINN::
REGINN::Solving linear problem using rtol=0.415 and max_iter=13
REGINN:CGLS::k=0 : rdisc=1.00, norm=0.00
REGINN:CGLS::k=1 : rdisc=0.780, norm=2.33
REGINN:CGLS::k=2 : rdisc=0.617, norm=3.89
REGINN:CGLS::k=3 : rdisc=0.525, norm=4.86
REGINN:CGLS::k=4 : rdisc=0.451, norm=5.87
REGINN:CGLS::k=5 : rdisc=0.365, norm=7.56
REGINN:CGLS::Safeguarding: λ=0.745 ⇒ rdisc=0.415
REGINN:CGLS::Target discrepancy reached after 5 iterations.
REGINN:post_processing::Adjusted lower bound of estimate from -24.2 to 0.00
REGINN::i=52: rdisc=0.912, rnorm=1.53, rerr=1.35
REGINN::0.00 ≤ estimate ≤ 155.
REGINN::
REGINN::Solving linear problem using rtol=0.394 and max_iter=12
REGINN:CGLS::k=0 : rdisc=1.00, norm=0.00
REGINN:CGLS::k=1 : rdisc=0.807, norm=2.38
REGINN:CGLS::k=2 : rdisc=0.613, norm=4.60
REGINN:CGLS::k=3 : rdisc=0.528, norm=5.69
REGINN:CGLS::k=4 : rdisc=0.457, norm=6.85
REGINN:CGLS::k=5 : rdisc=0.359, norm=9.10
REGINN:CGLS::Safeguarding: λ=0.575 ⇒ rdisc=0.394
REGINN:CGLS::Target discrepancy reached after 5 iterations.
REGINN:post_processing::Adjusted lower bound of estimate from -29.7 to 0.00
REGINN::i=53: rdisc=0.963, rnorm=1.72, rerr=1.55
REGINN::0.00 ≤ estimate ≤ 175.
REGINN::
REGINN::Solving linear problem using rtol=0.374 and max_iter=10
REGINN:CGLS::k=0 : rdisc=1.00, norm=0.00
REGINN:CGLS::k=1 : rdisc=0.800, norm=2.95
REGINN:CGLS::k=2 : rdisc=0.608, norm=5.57
REGINN:CGLS::k=3 : rdisc=0.523, norm=6.92
REGINN:CGLS::k=4 : rdisc=0.460, norm=8.22
REGINN:CGLS::k=5 : rdisc=0.368, norm=10.6
REGINN:CGLS::Safeguarding: λ=0.245 ⇒ rdisc=0.374
REGINN:CGLS::Target discrepancy reached after 5 iterations.
REGINN:post_processing::Adjusted lower bound of estimate from -37.5 to 0.00
REGINN::i=54: rdisc=0.993, rnorm=1.99, rerr=1.83
REGINN::0.00 ≤ estimate ≤ 200.
REGINN::
REGINN::Solving linear problem using rtol=0.355 and max_iter=10
REGINN:CGLS::k=0 : rdisc=1.00, norm=0.00
REGINN:CGLS::k=1 : rdisc=0.772, norm=4.14
REGINN:CGLS::k=2 : rdisc=0.600, norm=6.95
REGINN:CGLS::k=3 : rdisc=0.507, norm=8.80
REGINN:CGLS::k=4 : rdisc=0.453, norm=10.2
REGINN:CGLS::k=5 : rdisc=0.374, norm=12.6
REGINN:CGLS::k=6 : rdisc=0.347, norm=13.6
REGINN:CGLS::Safeguarding: λ=0.535 ⇒ rdisc=0.355
REGINN:CGLS::Target discrepancy reached after 6 iterations.
REGINN:post_processing::Adjusted lower bound of estimate from -47.1 to 0.00
REGINN::i=55: rdisc=1.00, rnorm=2.34, rerr=2.21
REGINN::0.00 ≤ estimate ≤ 237.
REGINN::
REGINN::Solving linear problem using rtol=0.337 and max_iter=11
REGINN:CGLS::k=0 : rdisc=1.00, norm=0.00
REGINN:CGLS::k=1 : rdisc=0.724, norm=6.16
REGINN:CGLS::k=2 : rdisc=0.587, norm=8.80
REGINN:CGLS::k=3 : rdisc=0.494, norm=11.0
REGINN:CGLS::k=4 : rdisc=0.424, norm=13.2
REGINN:CGLS::k=5 : rdisc=0.380, norm=14.9
REGINN:CGLS::k=6 : rdisc=0.355, norm=15.9
REGINN:CGLS::k=7 : rdisc=0.344, norm=16.5
REGINN:CGLS::k=8 : rdisc=0.307, norm=18.5
REGINN:CGLS::Safeguarding: λ=0.899 ⇒ rdisc=0.337
REGINN:CGLS::Target discrepancy reached after 8 iterations.
REGINN:post_processing::Adjusted lower bound of estimate from -68.2 to 0.00
REGINN::i=56: rdisc=1.00, rnorm=2.79, rerr=2.67
REGINN::0.00 ≤ estimate ≤ 285.
REGINN::
REGINN::Solving linear problem using rtol=0.502 and max_iter=14
REGINN:CGLS::k=0 : rdisc=1.00, norm=0.00
REGINN:CGLS::k=1 : rdisc=0.681, norm=8.55
REGINN:CGLS::k=2 : rdisc=0.574, norm=10.9
REGINN:CGLS::k=3 : rdisc=0.488, norm=13.3
REGINN:CGLS::Safeguarding: λ=0.390 ⇒ rdisc=0.502
REGINN:CGLS::Target discrepancy reached after 3 iterations.
REGINN:post_processing::Adjusted lower bound of estimate from -41.6 to 0.00
REGINN::i=57: rdisc=1.01, rnorm=3.03, rerr=2.86
REGINN::0.00 ≤ estimate ≤ 300.
REGINN::
REGINN::Solving linear problem using rtol=0.477 and max_iter=11
REGINN:CGLS::k=0 : rdisc=1.00, norm=0.00
REGINN:CGLS::k=1 : rdisc=0.685, norm=8.91
REGINN:CGLS::k=2 : rdisc=0.602, norm=11.0
REGINN:CGLS::k=3 : rdisc=0.504, norm=14.0
REGINN:CGLS::k=4 : rdisc=0.436, norm=16.7
REGINN:CGLS::Safeguarding: λ=0.760 ⇒ rdisc=0.477
REGINN:CGLS::Target discrepancy reached after 4 iterations.
REGINN:post_processing::Adjusted lower bound of estimate from -58.2 to 0.00
REGINN::i=58: rdisc=1.01, rnorm=3.28, rerr=3.13
REGINN::0.00 ≤ estimate ≤ 327.
REGINN::
REGINN::Solving linear problem using rtol=0.452 and max_iter=7
REGINN:CGLS::k=0 : rdisc=1.00, norm=0.00
REGINN:CGLS::k=1 : rdisc=0.697, norm=9.64
REGINN:CGLS::k=2 : rdisc=0.622, norm=11.8
REGINN:CGLS::k=3 : rdisc=0.514, norm=15.6
REGINN:CGLS::k=4 : rdisc=0.438, norm=18.8
REGINN:CGLS::Safeguarding: λ=0.418 ⇒ rdisc=0.452
REGINN:CGLS::Target discrepancy reached after 4 iterations.
REGINN:post_processing::Adjusted lower bound of estimate from -71.6 to 0.00
REGINN::i=59: rdisc=1.01, rnorm=3.58, rerr=3.46
REGINN::0.00 ≤ estimate ≤ 359.
REGINN::
REGINN::Solving linear problem using rtol=0.429 and max_iter=8
REGINN:CGLS::k=0 : rdisc=1.00, norm=0.00
REGINN:CGLS::k=1 : rdisc=0.719, norm=10.5
REGINN:CGLS::k=2 : rdisc=0.635, norm=13.5
REGINN:CGLS::k=3 : rdisc=0.528, norm=17.9
REGINN:CGLS::k=4 : rdisc=0.441, norm=21.9
REGINN:CGLS::k=5 : rdisc=0.392, norm=24.6
REGINN:CGLS::Safeguarding: λ=0.863 ⇒ rdisc=0.429
REGINN:CGLS::Target discrepancy reached after 5 iterations.
REGINN:post_processing::Adjusted lower bound of estimate from -88.8 to 0.00
REGINN::i=60: rdisc=1.02, rnorm=3.99, rerr=3.93
REGINN::0.00 ≤ estimate ≤ 402.
REGINN::
REGINN::Solving linear problem using rtol=0.407 and max_iter=9
REGINN:CGLS::k=0 : rdisc=1.00, norm=0.00
REGINN:CGLS::k=1 : rdisc=0.755, norm=11.1
REGINN:CGLS::k=2 : rdisc=0.617, norm=17.6
REGINN:CGLS::k=3 : rdisc=0.554, norm=20.8
REGINN:CGLS::k=4 : rdisc=0.456, norm=26.3
REGINN:CGLS::k=5 : rdisc=0.396, norm=29.9
REGINN:CGLS::Safeguarding: λ=0.418 ⇒ rdisc=0.407
REGINN:CGLS::Target discrepancy reached after 5 iterations.
REGINN:post_processing::Adjusted lower bound of estimate from -98.4 to 0.00
REGINN::i=61: rdisc=1.01, rnorm=4.55, rerr=4.57
REGINN::0.00 ≤ estimate ≤ 461.
REGINN::
REGINN::Solving linear problem using rtol=0.387 and max_iter=10
REGINN:CGLS::k=0 : rdisc=1.00, norm=0.00
REGINN:CGLS::k=1 : rdisc=0.794, norm=11.4
REGINN:CGLS::k=2 : rdisc=0.641, norm=20.6
REGINN:CGLS::k=3 : rdisc=0.592, norm=23.8
REGINN:CGLS::k=4 : rdisc=0.491, norm=31.3
REGINN:CGLS::k=5 : rdisc=0.426, norm=36.3
REGINN:CGLS::k=6 : rdisc=0.378, norm=40.2
REGINN:CGLS::Safeguarding: λ=0.420 ⇒ rdisc=0.387
REGINN:CGLS::Target discrepancy reached after 6 iterations.
REGINN:post_processing::Adjusted lower bound of estimate from -124. to 0.00
REGINN::i=62: rdisc=0.998, rnorm=5.37, rerr=5.55
REGINN::0.00 ≤ estimate ≤ 536.
REGINN::
REGINN::Solving linear problem using rtol=0.367 and max_iter=11
REGINN:CGLS::k=0 : rdisc=1.00, norm=0.00
REGINN:CGLS::k=1 : rdisc=0.815, norm=12.4
REGINN:CGLS::k=2 : rdisc=0.714, norm=19.6
REGINN:CGLS::k=3 : rdisc=0.631, norm=26.3
REGINN:CGLS::k=4 : rdisc=0.535, norm=35.1
REGINN:CGLS::k=5 : rdisc=0.464, norm=42.5
REGINN:CGLS::k=6 : rdisc=0.429, norm=46.3
REGINN:CGLS::k=7 : rdisc=0.405, norm=49.0
REGINN:CGLS::k=8 : rdisc=0.370, norm=53.3
REGINN:CGLS::k=9 : rdisc=0.351, norm=55.8
REGINN:CGLS::Safeguarding: λ=0.913 ⇒ rdisc=0.367
REGINN:CGLS::Target discrepancy reached after 9 iterations.
REGINN:post_processing::Adjusted lower bound of estimate from -193. to 0.00
REGINN::i=63: rdisc=0.977, rnorm=6.61, rerr=7.02
REGINN::0.00 ≤ estimate ≤ 743.
REGINN::
REGINN::Solving linear problem using rtol=0.577 and max_iter=15
REGINN:CGLS::k=0 : rdisc=1.00, norm=0.00
REGINN:CGLS::k=1 : rdisc=0.806, norm=15.6
REGINN:CGLS::k=2 : rdisc=0.720, norm=22.7
REGINN:CGLS::k=3 : rdisc=0.622, norm=31.6
REGINN:CGLS::k=4 : rdisc=0.561, norm=37.8
REGINN:CGLS::Safeguarding: λ=0.504 ⇒ rdisc=0.577
REGINN:CGLS::Target discrepancy reached after 4 iterations.
REGINN:post_processing::Adjusted lower bound of estimate from -113. to 0.00
REGINN::i=64: rdisc=0.974, rnorm=7.54, rerr=7.69
REGINN::0.00 ≤ estimate ≤ 819.
REGINN::
REGINN::Solving linear problem using rtol=0.548 and max_iter=13
REGINN:CGLS::k=0 : rdisc=1.00, norm=0.00
REGINN:CGLS::k=1 : rdisc=0.826, norm=14.6
REGINN:CGLS::k=2 : rdisc=0.744, norm=21.7
REGINN:CGLS::k=3 : rdisc=0.632, norm=32.7
REGINN:CGLS::k=4 : rdisc=0.563, norm=39.8
REGINN:CGLS::k=5 : rdisc=0.503, norm=46.9
REGINN:CGLS::Safeguarding: λ=0.856 ⇒ rdisc=0.548
REGINN:CGLS::Target discrepancy reached after 5 iterations.
REGINN:post_processing::Adjusted lower bound of estimate from -138. to 0.00
REGINN::i=65: rdisc=0.974, rnorm=8.32, rerr=8.63
REGINN::0.00 ≤ estimate ≤ 924.
REGINN::
REGINN::Solving linear problem using rtol=0.520 and max_iter=9
REGINN:CGLS::k=0 : rdisc=1.00, norm=0.00
REGINN:CGLS::k=1 : rdisc=0.827, norm=16.4
REGINN:CGLS::k=2 : rdisc=0.707, norm=28.7
REGINN:CGLS::k=3 : rdisc=0.623, norm=37.8
REGINN:CGLS::k=4 : rdisc=0.545, norm=46.7
REGINN:CGLS::k=5 : rdisc=0.472, norm=55.8
REGINN:CGLS::Safeguarding: λ=0.801 ⇒ rdisc=0.520
REGINN:CGLS::Target discrepancy reached after 5 iterations.
REGINN:post_processing::Adjusted lower bound of estimate from -155. to 0.00
REGINN::i=66: rdisc=0.979, rnorm=9.36, rerr=9.85
REGINN::0.00 ≤ estimate ≤ 1.06e+03
REGINN::
REGINN::Solving linear problem using rtol=0.494 and max_iter=10
REGINN:CGLS::k=0 : rdisc=1.00, norm=0.00
REGINN:CGLS::k=1 : rdisc=0.828, norm=19.4
REGINN:CGLS::k=2 : rdisc=0.658, norm=40.3
REGINN:CGLS::k=3 : rdisc=0.543, norm=54.9
REGINN:CGLS::k=4 : rdisc=0.501, norm=60.3
REGINN:CGLS::k=5 : rdisc=0.440, norm=68.8
REGINN:CGLS::Safeguarding: λ=0.933 ⇒ rdisc=0.494
REGINN:CGLS::Target discrepancy reached after 5 iterations.
REGINN:post_processing::Adjusted lower bound of estimate from -266. to 0.00
REGINN::i=67: rdisc=0.985, rnorm=10.7, rerr=11.4
REGINN::0.00 ≤ estimate ≤ 1.25e+03
REGINN::
REGINN::Solving linear problem using rtol=0.468 and max_iter=10
REGINN:CGLS::k=0 : rdisc=1.00, norm=0.00
REGINN:CGLS::k=1 : rdisc=0.836, norm=23.7
REGINN:CGLS::k=2 : rdisc=0.610, norm=60.3
REGINN:CGLS::k=3 : rdisc=0.543, norm=71.0
REGINN:CGLS::k=4 : rdisc=0.466, norm=84.0
REGINN:CGLS::Safeguarding: λ=0.183 ⇒ rdisc=0.468
REGINN:CGLS::Target discrepancy reached after 4 iterations.
REGINN:post_processing::Adjusted lower bound of estimate from -298. to 0.00
REGINN::i=68: rdisc=0.992, rnorm=12.4, rerr=13.4
REGINN::0.00 ≤ estimate ≤ 1.51e+03
REGINN::
REGINN::Solving linear problem using rtol=0.445 and max_iter=9
REGINN:CGLS::k=0 : rdisc=1.00, norm=0.00
REGINN:CGLS::k=1 : rdisc=0.872, norm=23.4
REGINN:CGLS::k=2 : rdisc=0.705, norm=60.9
REGINN:CGLS::k=3 : rdisc=0.606, norm=83.5
REGINN:CGLS::k=4 : rdisc=0.502, norm=107.
REGINN:CGLS::k=5 : rdisc=0.442, norm=121.
REGINN:CGLS::Safeguarding: λ=0.196 ⇒ rdisc=0.445
REGINN:CGLS::Target discrepancy reached after 5 iterations.
REGINN:post_processing::Adjusted lower bound of estimate from -392. to 0.00
REGINN::i=69: rdisc=1.00, rnorm=14.6, rerr=15.7
REGINN::0.00 ≤ estimate ≤ 1.80e+03
REGINN::
REGINN::Solving linear problem using rtol=0.422 and max_iter=9
REGINN:CGLS::k=0 : rdisc=1.00, norm=0.00
REGINN:CGLS::k=1 : rdisc=0.921, norm=17.2
REGINN:CGLS::k=2 : rdisc=0.801, norm=50.2
REGINN:CGLS::k=3 : rdisc=0.741, norm=67.7
REGINN:CGLS::k=4 : rdisc=0.608, norm=110.
REGINN:CGLS::k=5 : rdisc=0.547, norm=129.
REGINN:CGLS::k=6 : rdisc=0.496, norm=145.
REGINN:CGLS::k=7 : rdisc=0.467, norm=154.
REGINN:CGLS::k=8 : rdisc=0.417, norm=170.
REGINN:CGLS::Safeguarding: λ=0.306 ⇒ rdisc=0.422
REGINN:CGLS::Target discrepancy reached after 8 iterations.
REGINN:post_processing::Adjusted lower bound of estimate from -603. to 0.00
REGINN::i=70: rdisc=1.00, rnorm=17.2, rerr=18.4
REGINN::0.00 ≤ estimate ≤ 1.79e+03
REGINN::
REGINN::Solving linear problem using rtol=0.400 and max_iter=13
REGINN:CGLS::k=0 : rdisc=1.00, norm=0.00
REGINN:CGLS::k=1 : rdisc=0.920, norm=21.4
REGINN:CGLS::k=2 : rdisc=0.770, norm=68.9
REGINN:CGLS::k=3 : rdisc=0.699, norm=92.7
REGINN:CGLS::k=4 : rdisc=0.632, norm=116.
REGINN:CGLS::k=5 : rdisc=0.557, norm=144.
REGINN:CGLS::k=6 : rdisc=0.490, norm=168.
REGINN:CGLS::k=7 : rdisc=0.447, norm=184.
REGINN:CGLS::k=8 : rdisc=0.421, norm=194.
REGINN:CGLS::k=9 : rdisc=0.392, norm=206.
REGINN:CGLS::Safeguarding: λ=0.537 ⇒ rdisc=0.400
REGINN:CGLS::Target discrepancy reached after 9 iterations.
REGINN:post_processing::Adjusted lower bound of estimate from -633. to 0.00
REGINN::i=71: rdisc=1.00, rnorm=20.1, rerr=21.4
REGINN::0.00 ≤ estimate ≤ 1.77e+03
REGINN::
REGINN::Solving linear problem using rtol=0.467 and max_iter=17
REGINN:CGLS::k=0 : rdisc=1.00, norm=0.00
REGINN:CGLS::k=1 : rdisc=0.867, norm=32.5
REGINN:CGLS::k=2 : rdisc=0.703, norm=77.1
REGINN:CGLS::k=3 : rdisc=0.642, norm=94.0
REGINN:CGLS::k=4 : rdisc=0.569, norm=115.
REGINN:CGLS::k=5 : rdisc=0.508, norm=134.
REGINN:CGLS::k=6 : rdisc=0.443, norm=156.
REGINN:CGLS::Safeguarding: λ=0.588 ⇒ rdisc=0.467
REGINN:CGLS::Target discrepancy reached after 6 iterations.
REGINN:post_processing::Adjusted lower bound of estimate from -371. to 0.00
REGINN::i=72: rdisc=1.00, rnorm=22.6, rerr=23.5
REGINN::0.00 ≤ estimate ≤ 2.05e+03
REGINN::
REGINN::Solving linear problem using rtol=0.443 and max_iter=15
REGINN:CGLS::k=0 : rdisc=1.00, norm=0.00
REGINN:CGLS::k=1 : rdisc=0.879, norm=29.8
REGINN:CGLS::k=2 : rdisc=0.760, norm=62.3
REGINN:CGLS::k=3 : rdisc=0.690, norm=82.6
REGINN:CGLS::k=4 : rdisc=0.619, norm=104.
REGINN:CGLS::k=5 : rdisc=0.532, norm=131.
REGINN:CGLS::k=6 : rdisc=0.471, norm=152.
REGINN:CGLS::k=7 : rdisc=0.425, norm=169.
REGINN:CGLS::Safeguarding: λ=0.614 ⇒ rdisc=0.443
REGINN:CGLS::Target discrepancy reached after 7 iterations.
REGINN:post_processing::Adjusted lower bound of estimate from -320. to 0.00
REGINN::i=73: rdisc=0.997, rnorm=25.0, rerr=26.3
REGINN::0.00 ≤ estimate ≤ 2.50e+03
REGINN::
REGINN::Solving linear problem using rtol=0.522 and max_iter=13
REGINN:CGLS::k=0 : rdisc=1.00, norm=0.00
REGINN:CGLS::k=1 : rdisc=0.883, norm=33.6
REGINN:CGLS::k=2 : rdisc=0.733, norm=83.5
REGINN:CGLS::k=3 : rdisc=0.624, norm=122.
REGINN:CGLS::k=4 : rdisc=0.535, norm=156.
REGINN:CGLS::k=5 : rdisc=0.479, norm=179.
REGINN:CGLS::Safeguarding: λ=0.873 ⇒ rdisc=0.522
REGINN:CGLS::Target discrepancy reached after 5 iterations.
REGINN:post_processing::Adjusted lower bound of estimate from -613. to 0.00
REGINN::i=74: rdisc=1.00, rnorm=27.5, rerr=28.6
REGINN::0.00 ≤ estimate ≤ 2.86e+03
REGINN::
REGINN::Solving linear problem using rtol=0.495 and max_iter=12
REGINN:CGLS::k=0 : rdisc=1.00, norm=0.00
REGINN:CGLS::k=1 : rdisc=0.895, norm=33.7
REGINN:CGLS::k=2 : rdisc=0.726, norm=98.6
REGINN:CGLS::k=3 : rdisc=0.648, norm=129.
REGINN:CGLS::k=4 : rdisc=0.567, norm=161.
REGINN:CGLS::k=5 : rdisc=0.499, norm=190.
REGINN:CGLS::k=6 : rdisc=0.455, norm=210.
REGINN:CGLS::Safeguarding: λ=0.955 ⇒ rdisc=0.495
REGINN:CGLS::Target discrepancy reached after 6 iterations.
REGINN:post_processing::Adjusted lower bound of estimate from -751. to 0.00
REGINN::i=75: rdisc=1.01, rnorm=30.0, rerr=31.2
REGINN::0.00 ≤ estimate ≤ 3.20e+03
REGINN::Saving current residual in ./step-0075/
REGINN::Saving current estimate in ./step-0075/
REGINN::Unsuccessful termination after 75 iterations!
REGINN::0.00 ≤ estimate ≤ 3.20e+03
Relative error of the reconstruction: 31.2
stats::forward              : 77 calls, average 1.29 s per call
stats::linearization forward: 360 calls, average 1.23 s per call
stats::linearization adjoint: 360 calls, average 1.34 s per call
stats::measure forward      : 437 calls, average 0.000397 s per call
stats::measure adjoint      : 360 calls, average 0.000434 s per call
stats::total wall time      : 18min 0s
