JobId thies-arch0 Wed Apr  4 20:43:47 2018
wavepi 3fa08ced-dirty
Release-Build, compiled on 2018-03-28T15:17:13Z from commit 3fa08cedb040cdd8a617b11f141a1a310502145c ("distribute random noise from root to everyone else") on branch master

working directory was dirty, git status: 
 M problems/q_banach/p1_1_h1h1.cfg
 M problems/q_banach/p1_5_h1h1.cfg
 M problems/q_banach/p2_h1h1.cfg
 M problems/q_banach/p2_h1h1_hilbert.cfg
 M problems/q_banach/p8_h1h1.cfg
 M problems/q_banach/rhs4_p1_1_h1h1.cfg
 M problems/q_banach/rhs4_p1_5_h1h1.cfg
 M problems/q_banach/rhs4_p2_h1h1_hilbert.cfg
 M problems/q_banach/rhs4_p8_h1h1.cfg
?? problems/q_banach/p1_1_h1h1/
?? problems/q_banach/p1_1_h1h1_gamma/
?? problems/q_banach/p1_1_l2l2/
?? problems/q_banach/p1_5_h1h1/
?? problems/q_banach/p1_5_h1h1_gamma/
?? problems/q_banach/rhs4_p1_1_h1h1/
?? problems/q_banach/rhs4_p1_1_h1h1_gamma/
?? problems/q_banach/rhs4_p1_1_l2l2/

initialize_mesh::Number of active cells: 1024
initialize_mesh::Number of degrees of freedom in the first spatial mesh: 1089
initialize_mesh::cell diameters: minimal = 0.354, maximal = 0.354
initialize_mesh::dt: 0.0235
initialize_mesh::expected size of a DiscretizedFunction<2>: 2.13 MiB
Initializing problem
Generating synthetic data (inverse crime)
generate_data:run::distributing noisy data to other nodes
generate_data:run::Distribution of data complete.
wall time for data synthesis        : 1.3s
wall time for mesh and problem init : 138.6ms
parameters:LogTransform::lower bound: 0.0
parameters:WaveEquation::max iter: 10000
parameters:WaveEquation::theta: 0.5
parameters:WaveEquation::tol: 1e-8
parameters:constraints::lower bound: -1e300
parameters:constraints::upper bound: 1e300
parameters:general::dimension: 2
parameters:general::finite element degree: 1
parameters:general::quadrature order: 3
parameters:inversion::method: REGINN
parameters:inversion::tau: 2
parameters:log::console depth: 2
parameters:log::file: wavepi.log
parameters:log::file depth: 3
parameters:log::file depth mpi: 3
parameters:mesh::end time: 6
parameters:mesh::initial refines: 5
parameters:mesh::initial time steps: 256
parameters:output::data: true
parameters:output::destination: ./step-{{i}}/
parameters:output::discrepancy decrease: 0.25
parameters:output::estimate: true
parameters:output::estimate transformed: false
parameters:output::exact: true
parameters:output::exact transformed: false
parameters:output::interval: 10
parameters:output::last: true
parameters:output::residual: true
parameters:output::statistics: history
parameters:problem::H1H1 beta: 0.25
parameters:problem::H1H1 gamma: 5
parameters:problem::H1L2 alpha: 0.5
parameters:problem::H2L2 alpha: 0.5
parameters:problem::H2L2 beta: 0.25
parameters:problem::H2L2+L2H1 alpha: 0.5
parameters:problem::H2L2+L2H1 beta: 0.25
parameters:problem::H2L2+L2H1 gamma: 0.5
parameters:problem::background parameter: 0.0
parameters:problem::constants: 
parameters:problem::domain lp wrapping: false
parameters:problem::domain p: 2.0
parameters:problem::epsilon: 5e-3
parameters:problem::initial guess: 0.0
parameters:problem::norm of codomain: L2L2
parameters:problem::norm of domain: L2L2
parameters:problem::parameter a: 1.0
parameters:problem::parameter c: 2.0
parameters:problem::parameter nu: 0.0
parameters:problem::parameter q: 2*if(norm{x|y|z} < 1.5, 2.0+abs(sin(t)), 0.0)
parameters:problem::transform: Identity
parameters:problem::type: q
parameters:watchdog::discrepancy increasing: false
parameters:watchdog::discrepancy slope min values: 40
parameters:watchdog::discrepancy slope percentage: 0.25
parameters:watchdog::discrepancy slope threshold: 0.0
parameters:watchdog::discrepancy threshold: 10.0
parameters:watchdog::maximum iteration count: 0
REGINN::Saving exact parameter in ./step-0000/
REGINN::Saving data in ./step-0000/
REGINN::Saving current residual in ./step-0000/
REGINN::Saving current estimate in ./step-0000/
REGINN::i=0 : rdisc=1.63 , rnorm=0.00 , rerr=1.00 
REGINN::0.00 ≤ estimate ≤ 0.00
REGINN::Solving linear problem using rtol=0.900 and max_iter=1
REGINN:CGLS::k=0 : rdisc=1.00 , norm=0.00 
REGINN:CGLS::k=1 : rdisc=0.662, norm=3.55 
REGINN:CGLS::Safeguarding: λ=0.814 ⇒ rdisc=0.900
REGINN:CGLS::Target discrepancy reached after 1 iteration.
REGINN::i=1 : rdisc=1.48 , rnorm=0.0200, rerr=0.987
REGINN::-0.0807 ≤ estimate ≤ 0.484
REGINN::
REGINN::Solving linear problem using rtol=0.900 and max_iter=2
REGINN:CGLS::k=0 : rdisc=1.00 , norm=0.00 
REGINN:CGLS::k=1 : rdisc=0.720, norm=3.31 
REGINN:CGLS::Safeguarding: λ=0.778 ⇒ rdisc=0.900
REGINN:CGLS::Target discrepancy reached after 1 iteration.
REGINN::i=2 : rdisc=1.34 , rnorm=0.0421, rerr=0.974
REGINN::-0.168 ≤ estimate ≤ 1.01
REGINN::
REGINN::Solving linear problem using rtol=0.855 and max_iter=2
REGINN:CGLS::k=0 : rdisc=1.00 , norm=0.00 
REGINN:CGLS::k=1 : rdisc=0.781, norm=3.04 
REGINN:CGLS::Safeguarding: λ=0.556 ⇒ rdisc=0.855
REGINN:CGLS::Target discrepancy reached after 1 iteration.
REGINN::i=3 : rdisc=1.16 , rnorm=0.0825, rerr=0.952
REGINN::-0.309 ≤ estimate ≤ 1.97
REGINN::
REGINN::Solving linear problem using rtol=0.812 and max_iter=2
REGINN:CGLS::k=0 : rdisc=1.00 , norm=0.00 
REGINN:CGLS::k=1 : rdisc=0.863, norm=2.84 
REGINN:CGLS::k=2 : rdisc=0.443, norm=12.7 
REGINN:CGLS::Safeguarding: λ=0.920 ⇒ rdisc=0.812
REGINN:CGLS::Target discrepancy reached after 2 iterations.
REGINN::i=4 : rdisc=0.957, rnorm=0.179, rerr=0.910
REGINN::-0.838 ≤ estimate ≤ 4.14
REGINN::
REGINN::Solving linear problem using rtol=0.772 and max_iter=3
REGINN:CGLS::k=0 : rdisc=1.00 , norm=0.00 
REGINN:CGLS::k=1 : rdisc=0.822, norm=4.49 
REGINN:CGLS::k=2 : rdisc=0.559, norm=10.6 
REGINN:CGLS::Safeguarding: λ=0.883 ⇒ rdisc=0.772
REGINN:CGLS::Target discrepancy reached after 2 iterations.
REGINN::i=5 : rdisc=0.734, rnorm=0.269, rerr=0.903
REGINN::-4.80 ≤ estimate ≤ 10.4
REGINN::
REGINN::Solving linear problem using rtol=0.733 and max_iter=4
REGINN:CGLS::k=0 : rdisc=1.00 , norm=0.00 
REGINN:CGLS::k=1 : rdisc=0.851, norm=2.79 
REGINN:CGLS::k=2 : rdisc=0.553, norm=9.73 
REGINN:CGLS::Safeguarding: λ=0.744 ⇒ rdisc=0.733
REGINN:CGLS::Target discrepancy reached after 2 iterations.
REGINN::i=6 : rdisc=0.525, rnorm=0.387, rerr=0.879
REGINN::-6.04 ≤ estimate ≤ 13.9
REGINN::
REGINN::Solving linear problem using rtol=0.696 and max_iter=4
REGINN:CGLS::k=0 : rdisc=1.00 , norm=0.00 
REGINN:CGLS::k=1 : rdisc=0.786, norm=4.04 
REGINN:CGLS::k=2 : rdisc=0.684, norm=6.05 
REGINN:CGLS::Safeguarding: λ=0.339 ⇒ rdisc=0.696
REGINN:CGLS::Target discrepancy reached after 2 iterations.
REGINN::Saving current residual in ./step-0007/
REGINN::Saving current estimate in ./step-0007/
REGINN::i=7 : rdisc=0.363, rnorm=0.514, rerr=0.857
REGINN::-8.14 ≤ estimate ≤ 17.5
REGINN::
REGINN::Solving linear problem using rtol=0.662 and max_iter=4
REGINN:CGLS::k=0 : rdisc=1.00 , norm=0.00 
REGINN:CGLS::k=1 : rdisc=0.898, norm=1.97 
REGINN:CGLS::k=2 : rdisc=0.689, norm=6.24 
REGINN:CGLS::k=3 : rdisc=0.551, norm=8.82 
REGINN:CGLS::Safeguarding: λ=0.886 ⇒ rdisc=0.662
REGINN:CGLS::Target discrepancy reached after 3 iterations.
REGINN::i=8 : rdisc=0.237, rnorm=0.597, rerr=0.787
REGINN::-12.2 ≤ estimate ≤ 14.8
REGINN::
REGINN::Solving linear problem using rtol=0.629 and max_iter=5
REGINN:CGLS::k=0 : rdisc=1.00 , norm=0.00 
REGINN:CGLS::k=1 : rdisc=0.915, norm=1.30 
REGINN:CGLS::k=2 : rdisc=0.806, norm=3.18 
REGINN:CGLS::k=3 : rdisc=0.600, norm=6.81 
REGINN:CGLS::Safeguarding: λ=0.346 ⇒ rdisc=0.629
REGINN:CGLS::Target discrepancy reached after 3 iterations.
REGINN::i=9 : rdisc=0.151, rnorm=0.630, rerr=0.735
REGINN::-9.74 ≤ estimate ≤ 10.9
REGINN::
REGINN::Solving linear problem using rtol=0.597 and max_iter=6
REGINN:CGLS::k=0 : rdisc=1.00 , norm=0.00 
REGINN:CGLS::k=1 : rdisc=0.937, norm=0.615
REGINN:CGLS::k=2 : rdisc=0.846, norm=1.73 
REGINN:CGLS::k=3 : rdisc=0.759, norm=2.95 
REGINN:CGLS::k=4 : rdisc=0.519, norm=6.39 
REGINN:CGLS::Safeguarding: λ=0.534 ⇒ rdisc=0.597
REGINN:CGLS::Target discrepancy reached after 4 iterations.
REGINN::Saving current residual in ./step-0010/
REGINN::Saving current estimate in ./step-0010/
REGINN::i=10: rdisc=0.0913, rnorm=0.694, rerr=0.701
REGINN::-8.14 ≤ estimate ≤ 10.8
REGINN::
REGINN::Solving linear problem using rtol=0.567 and max_iter=7
REGINN:CGLS::k=0 : rdisc=1.00 , norm=0.00 
REGINN:CGLS::k=1 : rdisc=0.945, norm=0.579
REGINN:CGLS::k=2 : rdisc=0.902, norm=1.06 
REGINN:CGLS::k=3 : rdisc=0.859, norm=1.61 
REGINN:CGLS::k=4 : rdisc=0.640, norm=4.55 
REGINN:CGLS::k=5 : rdisc=0.614, norm=4.87 
REGINN:CGLS::k=6 : rdisc=0.545, norm=5.76 
REGINN:CGLS::Safeguarding: λ=0.555 ⇒ rdisc=0.567
REGINN:CGLS::Target discrepancy reached after 6 iterations.
REGINN::i=11: rdisc=0.0543, rnorm=0.750, rerr=0.662
REGINN::-7.59 ≤ estimate ≤ 9.40
REGINN::
REGINN::Solving linear problem using rtol=0.539 and max_iter=10
REGINN:CGLS::k=0 : rdisc=1.00 , norm=0.00 
REGINN:CGLS::k=1 : rdisc=0.988, norm=0.0811
REGINN:CGLS::k=2 : rdisc=0.932, norm=0.651
REGINN:CGLS::k=3 : rdisc=0.893, norm=1.07 
REGINN:CGLS::k=4 : rdisc=0.806, norm=2.08 
REGINN:CGLS::k=5 : rdisc=0.769, norm=2.51 
REGINN:CGLS::k=6 : rdisc=0.701, norm=3.35 
REGINN:CGLS::k=7 : rdisc=0.590, norm=4.78 
REGINN:CGLS::k=8 : rdisc=0.547, norm=5.32 
REGINN:CGLS::k=9 : rdisc=0.524, norm=5.61 
REGINN:CGLS::Safeguarding: λ=0.802 ⇒ rdisc=0.539
REGINN:CGLS::Target discrepancy reached after 9 iterations.
REGINN::i=12: rdisc=0.0305, rnorm=0.777, rerr=0.619
REGINN::-7.54 ≤ estimate ≤ 9.52
REGINN::
REGINN::Solving linear problem using rtol=0.693 and max_iter=15
REGINN:CGLS::k=0 : rdisc=1.00 , norm=0.00 
REGINN:CGLS::k=1 : rdisc=0.976, norm=0.0583
REGINN:CGLS::k=2 : rdisc=0.963, norm=0.107
REGINN:CGLS::k=3 : rdisc=0.938, norm=0.300
REGINN:CGLS::k=4 : rdisc=0.921, norm=0.455
REGINN:CGLS::k=5 : rdisc=0.878, norm=0.966
REGINN:CGLS::k=6 : rdisc=0.833, norm=1.56 
REGINN:CGLS::k=7 : rdisc=0.797, norm=2.06 
REGINN:CGLS::k=8 : rdisc=0.757, norm=2.61 
REGINN:CGLS::k=9 : rdisc=0.732, norm=2.94 
REGINN:CGLS::k=10: rdisc=0.704, norm=3.33 
REGINN:CGLS::k=11: rdisc=0.680, norm=3.67 
REGINN:CGLS::Safeguarding: λ=0.717 ⇒ rdisc=0.693
REGINN:CGLS::Target discrepancy reached after 11 iterations.
REGINN::Saving current residual in ./step-0013/
REGINN::Saving current estimate in ./step-0013/
REGINN::i=13: rdisc=0.0223, rnorm=0.793, rerr=0.590
REGINN::-7.81 ≤ estimate ≤ 9.78
REGINN::
REGINN::Solving linear problem using rtol=0.748 and max_iter=20
REGINN:CGLS::k=0 : rdisc=1.00 , norm=0.00 
REGINN:CGLS::k=1 : rdisc=0.967, norm=0.0691
REGINN:CGLS::k=2 : rdisc=0.957, norm=0.0954
REGINN:CGLS::k=3 : rdisc=0.942, norm=0.165
REGINN:CGLS::k=4 : rdisc=0.931, norm=0.227
REGINN:CGLS::k=5 : rdisc=0.904, norm=0.462
REGINN:CGLS::k=6 : rdisc=0.883, norm=0.668
REGINN:CGLS::k=7 : rdisc=0.857, norm=0.962
REGINN:CGLS::k=8 : rdisc=0.840, norm=1.18 
REGINN:CGLS::k=9 : rdisc=0.828, norm=1.34 
REGINN:CGLS::k=10: rdisc=0.798, norm=1.75 
REGINN:CGLS::k=11: rdisc=0.795, norm=1.80 
REGINN:CGLS::k=12: rdisc=0.753, norm=2.42 
REGINN:CGLS::k=13: rdisc=0.710, norm=3.08 
REGINN:CGLS::Safeguarding: λ=0.946 ⇒ rdisc=0.748
REGINN:CGLS::Target discrepancy reached after 13 iterations.
REGINN::i=14: rdisc=0.0172, rnorm=0.814, rerr=0.570
REGINN::-7.99 ≤ estimate ≤ 9.72
REGINN::
REGINN::Solving linear problem using rtol=0.787 and max_iter=24
REGINN:CGLS::k=0 : rdisc=1.00 , norm=0.00 
REGINN:CGLS::k=1 : rdisc=0.988, norm=0.0271
REGINN:CGLS::k=2 : rdisc=0.965, norm=0.101
REGINN:CGLS::k=3 : rdisc=0.954, norm=0.150
REGINN:CGLS::k=4 : rdisc=0.937, norm=0.260
REGINN:CGLS::k=5 : rdisc=0.930, norm=0.308
REGINN:CGLS::k=6 : rdisc=0.910, norm=0.491
REGINN:CGLS::k=7 : rdisc=0.892, norm=0.675
REGINN:CGLS::k=8 : rdisc=0.873, norm=0.906
REGINN:CGLS::k=9 : rdisc=0.864, norm=1.02 
REGINN:CGLS::k=10: rdisc=0.853, norm=1.15 
REGINN:CGLS::k=11: rdisc=0.848, norm=1.22 
REGINN:CGLS::k=12: rdisc=0.830, norm=1.48 
REGINN:CGLS::k=13: rdisc=0.786, norm=2.13 
REGINN:CGLS::Safeguarding: λ=0.180 ⇒ rdisc=0.787
REGINN:CGLS::Target discrepancy reached after 13 iterations.
REGINN::i=15: rdisc=0.0138, rnorm=0.824, rerr=0.553
REGINN::-7.76 ≤ estimate ≤ 9.82
REGINN::
REGINN::Solving linear problem using rtol=0.787 and max_iter=26
REGINN:CGLS::k=0 : rdisc=1.00 , norm=0.00 
REGINN:CGLS::k=1 : rdisc=0.991, norm=0.0277
REGINN:CGLS::k=2 : rdisc=0.984, norm=0.0530
REGINN:CGLS::k=3 : rdisc=0.966, norm=0.139
REGINN:CGLS::k=4 : rdisc=0.955, norm=0.199
REGINN:CGLS::k=5 : rdisc=0.942, norm=0.277
REGINN:CGLS::k=6 : rdisc=0.930, norm=0.366
REGINN:CGLS::k=7 : rdisc=0.915, norm=0.505
REGINN:CGLS::k=8 : rdisc=0.905, norm=0.617
REGINN:CGLS::k=9 : rdisc=0.899, norm=0.684
REGINN:CGLS::k=10: rdisc=0.889, norm=0.810
REGINN:CGLS::k=11: rdisc=0.881, norm=0.904
REGINN:CGLS::k=12: rdisc=0.871, norm=1.03 
REGINN:CGLS::k=13: rdisc=0.841, norm=1.47 
REGINN:CGLS::k=14: rdisc=0.803, norm=2.03 
REGINN:CGLS::k=15: rdisc=0.779, norm=2.38 
REGINN:CGLS::Safeguarding: λ=0.588 ⇒ rdisc=0.787
REGINN:CGLS::Target discrepancy reached after 15 iterations.
REGINN::i=16: rdisc=0.0112, rnorm=0.841, rerr=0.537
REGINN::-7.58 ≤ estimate ≤ 10.2
REGINN::
REGINN::Solving linear problem using rtol=0.896 and max_iter=28
REGINN:CGLS::k=0 : rdisc=1.00 , norm=0.00 
REGINN:CGLS::k=1 : rdisc=0.988, norm=0.0205
REGINN:CGLS::k=2 : rdisc=0.966, norm=0.0702
REGINN:CGLS::k=3 : rdisc=0.953, norm=0.104
REGINN:CGLS::k=4 : rdisc=0.940, norm=0.152
REGINN:CGLS::k=5 : rdisc=0.932, norm=0.190
REGINN:CGLS::k=6 : rdisc=0.923, norm=0.241
REGINN:CGLS::k=7 : rdisc=0.917, norm=0.284
REGINN:CGLS::k=8 : rdisc=0.908, norm=0.357
REGINN:CGLS::k=9 : rdisc=0.902, norm=0.420
REGINN:CGLS::k=10: rdisc=0.898, norm=0.461
REGINN:CGLS::k=11: rdisc=0.895, norm=0.498
REGINN:CGLS::Safeguarding: λ=0.631 ⇒ rdisc=0.896
REGINN:CGLS::Target discrepancy reached after 11 iterations.
REGINN::i=17: rdisc=0.0100, rnorm=0.843, rerr=0.535
REGINN::-7.55 ≤ estimate ≤ 10.3
REGINN::
REGINN::Solving linear problem using rtol=0.997 and max_iter=26
REGINN:CGLS::k=0 : rdisc=1.00 , norm=0.00 
REGINN:CGLS::k=1 : rdisc=0.998, norm=0.0105
REGINN:CGLS::k=2 : rdisc=0.995, norm=0.0229
REGINN:CGLS::Safeguarding: λ=0.801 ⇒ rdisc=0.997
REGINN:CGLS::Target discrepancy reached after 2 iterations.
REGINN::i=18: rdisc=0.0100, rnorm=0.843, rerr=0.535
REGINN::-7.55 ≤ estimate ≤ 10.3
REGINN::
REGINN::Solving linear problem using rtol=0.999 and max_iter=13
REGINN:CGLS::k=0 : rdisc=1.00 , norm=0.00 
REGINN:CGLS::k=1 : rdisc=0.999, norm=0.00428
REGINN:CGLS::k=2 : rdisc=0.996, norm=0.0320
REGINN:CGLS::Safeguarding: λ=0.981 ⇒ rdisc=0.999
REGINN:CGLS::Target discrepancy reached after 2 iterations.
REGINN::i=19: rdisc=0.00999, rnorm=0.843, rerr=0.535
REGINN::-7.55 ≤ estimate ≤ 10.3
REGINN::
REGINN::Saving current residual in ./step-0019/
REGINN::Saving current estimate in ./step-0019/
REGINN::Target discrepancy reached after 19 iterations.
REGINN::-7.55 ≤ estimate ≤ 10.3
Relative L²([0,T], L²(Ω)) error of the reconstruction: 0.535
reconstruction error in other norms: 
Relative (ℝⁿ, ‖·‖₂) error of the reconstruction: 0.602
Relative L²([0,T], L²(Ω)) error of the reconstruction: 0.535
Relative H¹([0,T], L²(Ω)) error of the reconstruction: 1.76
Relative H¹([0, T], H¹(Ω)) error of the reconstruction: 3.72
Relative H²([0,T], L²(Ω)) error of the reconstruction: 7.68
Relative L²([0,T], L²(Ω)) error of (reconstruction - initial guess): 0.535
reconstruction error in other norms: 
Relative (ℝⁿ, ‖·‖₂) error of (reconstruction - initial guess): 0.602
Relative L²([0,T], L²(Ω)) error of (reconstruction - initial guess): 0.535
Relative H¹([0,T], L²(Ω)) error of (reconstruction - initial guess): 1.76
Relative H¹([0, T], H¹(Ω)) error of (reconstruction - initial guess): 3.72
Relative H²([0,T], L²(Ω)) error of (reconstruction - initial guess): 7.68
stats::forward              : 21 calls, average 1.3s per call
stats::linearization forward: 103 calls, average 1.4s per call
stats::linearization adjoint: 103 calls, average 1.5s per call
stats::measure forward      : 124 calls, average 812.4µs per call
stats::measure adjoint      : 103 calls, average 458.1µs per call
stats::total wall time      : 6min 3s
