JobId thies-vm Mon Jan 29 14:52:54 2018
wavepi 670f434d
Release-Build, compiled on 2018-01-19T14:12:01Z
from git commit 670f434de8c7a38f5d1bc9bb4a7f3c64400acab6 on branch master
initialize_mesh::Number of active cells: 4096
initialize_mesh::Number of degrees of freedom in the first spatial mesh: 4225
initialize_mesh::cell diameters: minimal = 0.177, maximal = 0.177
initialize_mesh::dt: 0.0235
parameters:WaveEquation::theta: 0.5
parameters:WaveEquation::tol: 1e-8
parameters:constraints::lower bound: 0.1
parameters:constraints::upper bound: 1e300
parameters:general::dimension: 2
parameters:general::finite element degree: 1
parameters:general::quadrature order: 3
parameters:inversion::method: REGINN
parameters:inversion::tau: 2
parameters:log::console depth: 2
parameters:log::file: wavepi.log
parameters:log::file depth: 100
parameters:mesh::end time: 6
parameters:mesh::initial refines: 6
parameters:mesh::initial time steps: 256
parameters:output::data: true
parameters:output::destination: ./step-{{i}}/
parameters:output::discrepancy decrease: 0.5
parameters:output::estimate: true
parameters:output::exact: true
parameters:output::interval: 50
parameters:output::last: true
parameters:output::residual: true
parameters:output::statistics: history
parameters:problem::constants: 
parameters:problem::epsilon: 1e-2
parameters:problem::initial guess: 1.0
parameters:problem::norm of codomain: L2L2
parameters:problem::norm of domain: H1L2
parameters:problem::parameter a: 1.0
parameters:problem::parameter c: 1.5
parameters:problem::parameter nu: 0.0
parameters:problem::parameter q: 0.0
parameters:problem::type: c
parameters:watchdog::discrepancy increasing: false
parameters:watchdog::discrepancy slope min values: 40
parameters:watchdog::discrepancy slope percentage: 0.25
parameters:watchdog::discrepancy slope threshold: 0.0
parameters:watchdog::discrepancy threshold: 10.0
parameters:watchdog::maximum iteration count: 0
REGINN::i=0 : rdisc=1.25, rnorm=0.667, rerr=0.333
REGINN::Saving exact parameter in ./step-0000/
REGINN::Saving data in ./step-0000/
REGINN::Saving current residual in ./step-0000/
REGINN::Saving current estimate in ./step-0000/
REGINN::1.00 ≤ estimate ≤ 1.00
REGINN::Solving linear problem using rtol=0.900 and max_iter=1
REGINN:CGLS::k=0 : rdisc=1.00, norm=0.00
REGINN:CGLS::k=1 : rdisc=0.781, norm=1.80
REGINN:CGLS::Safeguarding: λ=0.716 ⇒ rdisc=0.900
REGINN:CGLS::Target discrepancy reached after 1 iteration.
REGINN::i=1 : rdisc=1.12, rnorm=0.674, rerr=0.326
REGINN::0.992 ≤ estimate ≤ 1.24
REGINN::Solving linear problem using rtol=0.900 and max_iter=2
REGINN:CGLS::k=0 : rdisc=1.00, norm=0.00
REGINN:CGLS::k=1 : rdisc=0.758, norm=1.81
REGINN:CGLS::Safeguarding: λ=0.744 ⇒ rdisc=0.900
REGINN:CGLS::Target discrepancy reached after 1 iteration.
REGINN::i=2 : rdisc=0.997, rnorm=0.682, rerr=0.320
REGINN::0.990 ≤ estimate ≤ 1.46
REGINN::Solving linear problem using rtol=0.854 and max_iter=2
REGINN:CGLS::k=0 : rdisc=1.00, norm=0.00
REGINN:CGLS::k=1 : rdisc=0.736, norm=1.80
REGINN:CGLS::Safeguarding: λ=0.640 ⇒ rdisc=0.854
REGINN:CGLS::Target discrepancy reached after 1 iteration.
REGINN::i=3 : rdisc=0.838, rnorm=0.693, rerr=0.312
REGINN::0.993 ≤ estimate ≤ 1.77
REGINN::Solving linear problem using rtol=0.811 and max_iter=2
REGINN:CGLS::k=0 : rdisc=1.00, norm=0.00
REGINN:CGLS::k=1 : rdisc=0.711, norm=1.75
REGINN:CGLS::Safeguarding: λ=0.553 ⇒ rdisc=0.811
REGINN:CGLS::Target discrepancy reached after 1 iteration.
REGINN::i=4 : rdisc=0.664, rnorm=0.709, rerr=0.303
REGINN::0.992 ≤ estimate ≤ 2.15
REGINN::Solving linear problem using rtol=0.769 and max_iter=2
REGINN:CGLS::k=0 : rdisc=1.00, norm=0.00
REGINN:CGLS::k=1 : rdisc=0.703, norm=1.58
REGINN:CGLS::Safeguarding: λ=0.440 ⇒ rdisc=0.769
REGINN:CGLS::Target discrepancy reached after 1 iteration.
REGINN::i=5 : rdisc=0.494, rnorm=0.728, rerr=0.293
REGINN::Saving current residual in ./step-0005/
REGINN::Saving current estimate in ./step-0005/
REGINN::0.988 ≤ estimate ≤ 2.53
REGINN::Solving linear problem using rtol=0.730 and max_iter=2
REGINN:CGLS::k=0 : rdisc=1.00, norm=0.00
REGINN:CGLS::k=1 : rdisc=0.749, norm=1.27
REGINN:CGLS::k=2 : rdisc=0.523, norm=3.19
REGINN:CGLS::Safeguarding: λ=0.949 ⇒ rdisc=0.730
REGINN:CGLS::Target discrepancy reached after 2 iterations.
REGINN::i=6 : rdisc=0.338, rnorm=0.761, rerr=0.277
REGINN::0.979 ≤ estimate ≤ 3.23
REGINN::Solving linear problem using rtol=0.693 and max_iter=3
REGINN:CGLS::k=0 : rdisc=1.00, norm=0.00
REGINN:CGLS::k=1 : rdisc=0.668, norm=2.30
REGINN:CGLS::Safeguarding: λ=0.248 ⇒ rdisc=0.693
REGINN:CGLS::Target discrepancy reached after 1 iteration.
REGINN::i=7 : rdisc=0.230, rnorm=0.797, rerr=0.253
REGINN::Saving current residual in ./step-0007/
REGINN::Saving current estimate in ./step-0007/
REGINN::0.965 ≤ estimate ≤ 3.17
REGINN::Solving linear problem using rtol=0.658 and max_iter=3
REGINN:CGLS::k=0 : rdisc=1.00, norm=0.00
REGINN:CGLS::k=1 : rdisc=0.850, norm=0.742
REGINN:CGLS::k=2 : rdisc=0.520, norm=2.32
REGINN:CGLS::Safeguarding: λ=0.598 ⇒ rdisc=0.658
REGINN:CGLS::Target discrepancy reached after 2 iterations.
REGINN::i=8 : rdisc=0.153, rnorm=0.813, rerr=0.238
REGINN::0.956 ≤ estimate ≤ 2.50
REGINN::Solving linear problem using rtol=0.624 and max_iter=3
REGINN:CGLS::k=0 : rdisc=1.00, norm=0.00
REGINN:CGLS::k=1 : rdisc=0.884, norm=0.333
REGINN:CGLS::k=2 : rdisc=0.627, norm=1.26
REGINN:CGLS::k=3 : rdisc=0.409, norm=1.91
REGINN:CGLS::Safeguarding: λ=0.993 ⇒ rdisc=0.624
REGINN:CGLS::Target discrepancy reached after 3 iterations.
REGINN::i=9 : rdisc=0.0952, rnorm=0.841, rerr=0.228
REGINN::Saving current residual in ./step-0009/
REGINN::Saving current estimate in ./step-0009/
REGINN::0.945 ≤ estimate ≤ 2.29
REGINN::Solving linear problem using rtol=0.592 and max_iter=5
REGINN:CGLS::k=0 : rdisc=1.00, norm=0.00
REGINN:CGLS::k=1 : rdisc=0.828, norm=0.247
REGINN:CGLS::k=2 : rdisc=0.765, norm=0.356
REGINN:CGLS::k=3 : rdisc=0.578, norm=0.890
REGINN:CGLS::Safeguarding: λ=0.258 ⇒ rdisc=0.592
REGINN:CGLS::Target discrepancy reached after 3 iterations.
REGINN::i=10: rdisc=0.0562, rnorm=0.855, rerr=0.224
REGINN::0.944 ≤ estimate ≤ 1.99
REGINN::Solving linear problem using rtol=0.562 and max_iter=6
REGINN:CGLS::k=0 : rdisc=1.00, norm=0.00
REGINN:CGLS::k=1 : rdisc=0.934, norm=0.104
REGINN:CGLS::k=2 : rdisc=0.895, norm=0.181
REGINN:CGLS::k=3 : rdisc=0.779, norm=0.492
REGINN:CGLS::k=4 : rdisc=0.663, norm=0.810
REGINN:CGLS::k=5 : rdisc=0.612, norm=0.947
REGINN:CGLS::k=6 : rdisc=0.572, norm=1.06
REGINN:CGLS::Unsuccessful termination after 6 iterations!
REGINN::Linear solver did not achieve desired discrepancy due to max_iter.
REGINN::i=11: rdisc=0.0321, rnorm=0.871, rerr=0.217
REGINN::Saving current residual in ./step-0011/
REGINN::Saving current estimate in ./step-0011/
REGINN::0.944 ≤ estimate ≤ 2.04
REGINN::Solving linear problem using rtol=0.622 and max_iter=9
REGINN:CGLS::k=0 : rdisc=1.00, norm=0.00
REGINN:CGLS::k=1 : rdisc=0.955, norm=0.0562
REGINN:CGLS::k=2 : rdisc=0.933, norm=0.0880
REGINN:CGLS::k=3 : rdisc=0.887, norm=0.188
REGINN:CGLS::k=4 : rdisc=0.829, norm=0.340
REGINN:CGLS::k=5 : rdisc=0.806, norm=0.404
REGINN:CGLS::k=6 : rdisc=0.774, norm=0.494
REGINN:CGLS::k=7 : rdisc=0.694, norm=0.736
REGINN:CGLS::k=8 : rdisc=0.637, norm=0.916
REGINN:CGLS::k=9 : rdisc=0.597, norm=1.04
REGINN:CGLS::Safeguarding: λ=0.791 ⇒ rdisc=0.622
REGINN:CGLS::Target discrepancy reached after 9 iterations.
REGINN::i=12: rdisc=0.0198, rnorm=0.877, rerr=0.211
REGINN::0.423 ≤ estimate ≤ 2.20
REGINN::Target discrepancy reached after 12 iterations.
REGINN::Saving current residual in ./step-0012/
REGINN::Saving current estimate in ./step-0012/
REGINN::0.423 ≤ estimate ≤ 2.20
stats::forward              : 14 calls, average 20.3 s per call
stats::linearization forward: 31 calls, average 14.4 s per call
stats::linearization adjoint: 31 calls, average 17.0 s per call
stats::measure forward      : 45 calls, average 0.0123 s per call
stats::measure adjoint      : 31 calls, average 0.00834 s per call
