JobId arch-vm0 Fri Feb 23 15:06:02 2018
wavepi 1ea872c3
Release-Build, compiled on 2018-02-23T12:31:51Z from commit 1ea872c33a71efe2cbf2ea88da2d59999d0ca907 ("CubeBoundary") on branch master

initialize_mesh::Number of active cells: 4096
initialize_mesh::Number of degrees of freedom in the first spatial mesh: 4225
initialize_mesh::cell diameters: minimal = 0.177, maximal = 0.177
initialize_mesh::dt: 0.0235
initialize_mesh::expected size of a DiscretizedFunction<dim>: 8.25 MiB
parameters:LogTransform::lower bound: 0.0
parameters:WaveEquation::theta: 0.5
parameters:WaveEquation::tol: 1e-8
parameters:constraints::lower bound: 0.1
parameters:constraints::upper bound: 1e300
parameters:general::dimension: 2
parameters:general::finite element degree: 1
parameters:general::quadrature order: 3
parameters:inversion::method: REGINN
parameters:inversion::tau: 2
parameters:log::console depth: 2
parameters:log::file: wavepi.log
parameters:log::file depth: 4
parameters:mesh::end time: 6
parameters:mesh::initial refines: 6
parameters:mesh::initial time steps: 256
parameters:output::data: true
parameters:output::destination: ./step-{{i}}/
parameters:output::discrepancy decrease: 0.5
parameters:output::estimate: true
parameters:output::estimate transformed: false
parameters:output::exact: true
parameters:output::exact transformed: false
parameters:output::interval: 50
parameters:output::last: true
parameters:output::residual: true
parameters:output::statistics: history
parameters:problem::H1L2 alpha: 0.5
parameters:problem::H2L2 alpha: 0.5
parameters:problem::H2L2 beta: 0.25
parameters:problem::constants: 
parameters:problem::epsilon: 1e-3
parameters:problem::initial guess: 1.0
parameters:problem::norm of codomain: L2L2
parameters:problem::norm of domain: H1L2
parameters:problem::parameter a: 1.0
parameters:problem::parameter c: 1.5
parameters:problem::parameter nu: 0.0
parameters:problem::parameter q: 0.0
parameters:problem::transform: Identity
parameters:problem::type: c
parameters:watchdog::discrepancy increasing: false
parameters:watchdog::discrepancy slope min values: 40
parameters:watchdog::discrepancy slope percentage: 0.25
parameters:watchdog::discrepancy slope threshold: 0.0
parameters:watchdog::discrepancy threshold: 10.0
parameters:watchdog::maximum iteration count: 0
REGINN::Saving exact parameter in ./step-0000/
REGINN::Saving data in ./step-0000/
REGINN::Saving current residual in ./step-0000/
REGINN::Saving current estimate in ./step-0000/
REGINN::i=0 : rdisc=1.81, rnorm=0.667, rerr=0.333
REGINN::1.00 ≤ estimate ≤ 1.00
REGINN::Solving linear problem using rtol=0.900 and max_iter=1
REGINN:CGLS::k=0 : rdisc=1.00, norm=0.00
REGINN:CGLS::k=1 : rdisc=0.667, norm=2.54
REGINN:CGLS::Safeguarding: λ=0.811 ⇒ rdisc=0.900
REGINN:CGLS::Target discrepancy reached after 1 iteration.
REGINN::i=1 : rdisc=1.62, rnorm=0.675, rerr=0.326
REGINN::0.913 ≤ estimate ≤ 1.15
REGINN::
REGINN::Solving linear problem using rtol=0.900 and max_iter=2
REGINN:CGLS::k=0 : rdisc=1.00, norm=0.00
REGINN:CGLS::k=1 : rdisc=0.655, norm=2.44
REGINN:CGLS::Safeguarding: λ=0.817 ⇒ rdisc=0.900
REGINN:CGLS::Target discrepancy reached after 1 iteration.
REGINN::i=2 : rdisc=1.46, rnorm=0.683, rerr=0.319
REGINN::0.847 ≤ estimate ≤ 1.29
REGINN::
REGINN::Solving linear problem using rtol=0.854 and max_iter=2
REGINN:CGLS::k=0 : rdisc=1.00, norm=0.00
REGINN:CGLS::k=1 : rdisc=0.643, norm=2.34
REGINN:CGLS::Safeguarding: λ=0.734 ⇒ rdisc=0.854
REGINN:CGLS::Target discrepancy reached after 1 iteration.
REGINN::i=3 : rdisc=1.24, rnorm=0.695, rerr=0.310
REGINN::0.763 ≤ estimate ≤ 1.49
REGINN::
REGINN::Solving linear problem using rtol=0.811 and max_iter=2
REGINN:CGLS::k=0 : rdisc=1.00, norm=0.00
REGINN:CGLS::k=1 : rdisc=0.633, norm=2.19
REGINN:CGLS::Safeguarding: λ=0.653 ⇒ rdisc=0.811
REGINN:CGLS::Target discrepancy reached after 1 iteration.
REGINN::i=4 : rdisc=1.00, rnorm=0.710, rerr=0.300
REGINN::0.685 ≤ estimate ≤ 1.73
REGINN::
REGINN::Solving linear problem using rtol=0.769 and max_iter=2
REGINN:CGLS::k=0 : rdisc=1.00, norm=0.00
REGINN:CGLS::k=1 : rdisc=0.640, norm=1.96
REGINN:CGLS::Safeguarding: λ=0.555 ⇒ rdisc=0.769
REGINN:CGLS::Target discrepancy reached after 1 iteration.
REGINN::Saving current residual in ./step-0005/
REGINN::Saving current estimate in ./step-0005/
REGINN::i=5 : rdisc=0.768, rnorm=0.729, rerr=0.291
REGINN::0.635 ≤ estimate ≤ 2.04
REGINN::
REGINN::Solving linear problem using rtol=0.730 and max_iter=2
REGINN:CGLS::k=0 : rdisc=1.00, norm=0.00
REGINN:CGLS::k=1 : rdisc=0.663, norm=1.74
REGINN:CGLS::Safeguarding: λ=0.408 ⇒ rdisc=0.730
REGINN:CGLS::Target discrepancy reached after 1 iteration.
REGINN::i=6 : rdisc=0.553, rnorm=0.753, rerr=0.281
REGINN::0.635 ≤ estimate ≤ 2.46
REGINN::
REGINN::Solving linear problem using rtol=0.693 and max_iter=2
REGINN:CGLS::k=0 : rdisc=1.00, norm=0.00
REGINN:CGLS::k=1 : rdisc=0.640, norm=1.72
REGINN:CGLS::Safeguarding: λ=0.346 ⇒ rdisc=0.693
REGINN:CGLS::Target discrepancy reached after 1 iteration.
REGINN::Saving current residual in ./step-0007/
REGINN::Saving current estimate in ./step-0007/
REGINN::i=7 : rdisc=0.368, rnorm=0.776, rerr=0.271
REGINN::0.685 ≤ estimate ≤ 2.90
REGINN::
REGINN::Solving linear problem using rtol=0.658 and max_iter=2
REGINN:CGLS::k=0 : rdisc=1.00, norm=0.00
REGINN:CGLS::k=1 : rdisc=0.641, norm=1.40
REGINN:CGLS::Safeguarding: λ=0.191 ⇒ rdisc=0.658
REGINN:CGLS::Target discrepancy reached after 1 iteration.
REGINN::i=8 : rdisc=0.228, rnorm=0.796, rerr=0.264
REGINN::0.778 ≤ estimate ≤ 3.26
REGINN::
REGINN::Solving linear problem using rtol=0.624 and max_iter=2
REGINN:CGLS::k=0 : rdisc=1.00, norm=0.00
REGINN:CGLS::k=1 : rdisc=0.644, norm=1.13
REGINN:CGLS::k=2 : rdisc=0.423, norm=1.65
REGINN:CGLS::Safeguarding: λ=0.946 ⇒ rdisc=0.624
REGINN:CGLS::Target discrepancy reached after 2 iterations.
REGINN::Saving current residual in ./step-0009/
REGINN::Saving current estimate in ./step-0009/
REGINN::i=9 : rdisc=0.142, rnorm=0.818, rerr=0.257
REGINN::0.867 ≤ estimate ≤ 3.54
REGINN::
REGINN::Solving linear problem using rtol=0.592 and max_iter=3
REGINN:CGLS::k=0 : rdisc=1.00, norm=0.00
REGINN:CGLS::k=1 : rdisc=0.775, norm=0.328
REGINN:CGLS::k=2 : rdisc=0.502, norm=0.885
REGINN:CGLS::Safeguarding: λ=0.532 ⇒ rdisc=0.592
REGINN:CGLS::Target discrepancy reached after 2 iterations.
REGINN::i=10: rdisc=0.0840, rnorm=0.818, rerr=0.255
REGINN::0.837 ≤ estimate ≤ 3.37
REGINN::
REGINN::Solving linear problem using rtol=0.562 and max_iter=4
REGINN:CGLS::k=0 : rdisc=1.00, norm=0.00
REGINN:CGLS::k=1 : rdisc=0.814, norm=0.335
REGINN:CGLS::k=2 : rdisc=0.585, norm=0.699
REGINN:CGLS::k=3 : rdisc=0.525, norm=0.786
REGINN:CGLS::Safeguarding: λ=0.774 ⇒ rdisc=0.562
REGINN:CGLS::Target discrepancy reached after 3 iterations.
REGINN::Saving current residual in ./step-0011/
REGINN::Saving current estimate in ./step-0011/
REGINN::i=11: rdisc=0.0485, rnorm=0.827, rerr=0.253
REGINN::0.832 ≤ estimate ≤ 3.35
REGINN::
REGINN::Solving linear problem using rtol=0.533 and max_iter=5
REGINN:CGLS::k=0 : rdisc=1.00, norm=0.00
REGINN:CGLS::k=1 : rdisc=0.935, norm=0.0740
REGINN:CGLS::k=2 : rdisc=0.858, norm=0.197
REGINN:CGLS::k=3 : rdisc=0.731, norm=0.432
REGINN:CGLS::k=4 : rdisc=0.659, norm=0.564
REGINN:CGLS::k=5 : rdisc=0.583, norm=0.711
REGINN:CGLS::Unsuccessful termination after 5 iterations!
REGINN::Linear solver did not achieve desired discrepancy due to max_iter.
REGINN::i=12: rdisc=0.0288, rnorm=0.831, rerr=0.252
REGINN::0.760 ≤ estimate ≤ 3.40
REGINN::
REGINN::Solving linear problem using rtol=0.506 and max_iter=8
REGINN:CGLS::k=0 : rdisc=1.00, norm=0.00
REGINN:CGLS::k=1 : rdisc=0.937, norm=0.0498
REGINN:CGLS::k=2 : rdisc=0.893, norm=0.100
REGINN:CGLS::k=3 : rdisc=0.813, norm=0.224
REGINN:CGLS::k=4 : rdisc=0.763, norm=0.306
REGINN:CGLS::k=5 : rdisc=0.718, norm=0.382
REGINN:CGLS::k=6 : rdisc=0.619, norm=0.551
REGINN:CGLS::k=7 : rdisc=0.506, norm=0.732
REGINN:CGLS::k=8 : rdisc=0.440, norm=0.829
REGINN:CGLS::Safeguarding: λ=1.00 ⇒ rdisc=0.506
REGINN:CGLS::Target discrepancy reached after 8 iterations.
REGINN::Saving current residual in ./step-0013/
REGINN::Saving current estimate in ./step-0013/
REGINN::i=13: rdisc=0.0153, rnorm=0.835, rerr=0.251
REGINN::0.668 ≤ estimate ≤ 3.78
REGINN::
REGINN::Solving linear problem using rtol=0.481 and max_iter=13
REGINN:CGLS::k=0 : rdisc=1.00, norm=0.00
REGINN:CGLS::k=1 : rdisc=0.942, norm=0.0293
REGINN:CGLS::k=2 : rdisc=0.899, norm=0.0551
REGINN:CGLS::k=3 : rdisc=0.859, norm=0.0843
REGINN:CGLS::k=4 : rdisc=0.831, norm=0.109
REGINN:CGLS::k=5 : rdisc=0.791, norm=0.151
REGINN:CGLS::k=6 : rdisc=0.761, norm=0.187
REGINN:CGLS::k=7 : rdisc=0.722, norm=0.235
REGINN:CGLS::k=8 : rdisc=0.679, norm=0.292
REGINN:CGLS::k=9 : rdisc=0.629, norm=0.357
REGINN:CGLS::k=10: rdisc=0.584, norm=0.417
REGINN:CGLS::k=11: rdisc=0.534, norm=0.481
REGINN:CGLS::k=12: rdisc=0.503, norm=0.518
REGINN:CGLS::k=13: rdisc=0.479, norm=0.548
REGINN:CGLS::Safeguarding: λ=0.236 ⇒ rdisc=0.481
REGINN:CGLS::Target discrepancy reached after 13 iterations.
REGINN::i=14: rdisc=0.00771, rnorm=0.837, rerr=0.251
REGINN::0.580 ≤ estimate ≤ 3.92
REGINN::
REGINN::Solving linear problem using rtol=0.680 and max_iter=21
REGINN:CGLS::k=0 : rdisc=1.00, norm=0.00
REGINN:CGLS::k=1 : rdisc=0.972, norm=0.00787
REGINN:CGLS::k=2 : rdisc=0.951, norm=0.0168
REGINN:CGLS::k=3 : rdisc=0.928, norm=0.0301
REGINN:CGLS::k=4 : rdisc=0.906, norm=0.0447
REGINN:CGLS::k=5 : rdisc=0.886, norm=0.0607
REGINN:CGLS::k=6 : rdisc=0.861, norm=0.0818
REGINN:CGLS::k=7 : rdisc=0.841, norm=0.101
REGINN:CGLS::k=8 : rdisc=0.815, norm=0.127
REGINN:CGLS::k=9 : rdisc=0.794, norm=0.149
REGINN:CGLS::k=10: rdisc=0.776, norm=0.168
REGINN:CGLS::k=11: rdisc=0.754, norm=0.193
REGINN:CGLS::k=12: rdisc=0.730, norm=0.220
REGINN:CGLS::k=13: rdisc=0.710, norm=0.243
REGINN:CGLS::k=14: rdisc=0.665, norm=0.296
REGINN:CGLS::Safeguarding: λ=0.561 ⇒ rdisc=0.680
REGINN:CGLS::Target discrepancy reached after 14 iterations.
REGINN::Saving current residual in ./step-0015/
REGINN::Saving current estimate in ./step-0015/
REGINN::i=15: rdisc=0.00537, rnorm=0.838, rerr=0.251
REGINN::0.575 ≤ estimate ≤ 4.02
REGINN::
REGINN::Solving linear problem using rtol=0.702 and max_iter=27
REGINN:CGLS::k=0 : rdisc=1.00, norm=0.00
REGINN:CGLS::k=1 : rdisc=0.982, norm=0.00496
REGINN:CGLS::k=2 : rdisc=0.963, norm=0.0119
REGINN:CGLS::k=3 : rdisc=0.946, norm=0.0198
REGINN:CGLS::k=4 : rdisc=0.932, norm=0.0273
REGINN:CGLS::k=5 : rdisc=0.919, norm=0.0356
REGINN:CGLS::k=6 : rdisc=0.907, norm=0.0439
REGINN:CGLS::k=7 : rdisc=0.896, norm=0.0529
REGINN:CGLS::k=8 : rdisc=0.878, norm=0.0681
REGINN:CGLS::k=9 : rdisc=0.867, norm=0.0784
REGINN:CGLS::k=10: rdisc=0.853, norm=0.0925
REGINN:CGLS::k=11: rdisc=0.838, norm=0.107
REGINN:CGLS::k=12: rdisc=0.825, norm=0.121
REGINN:CGLS::k=13: rdisc=0.811, norm=0.136
REGINN:CGLS::k=14: rdisc=0.778, norm=0.174
REGINN:CGLS::k=15: rdisc=0.743, norm=0.214
REGINN:CGLS::k=16: rdisc=0.708, norm=0.254
REGINN:CGLS::k=17: rdisc=0.694, norm=0.270
REGINN:CGLS::Safeguarding: λ=0.727 ⇒ rdisc=0.702
REGINN:CGLS::Target discrepancy reached after 17 iterations.
REGINN::i=16: rdisc=0.00389, rnorm=0.839, rerr=0.251
REGINN::0.572 ≤ estimate ≤ 4.09
REGINN::
REGINN::Solving linear problem using rtol=0.754 and max_iter=31
REGINN:CGLS::k=0 : rdisc=1.00, norm=0.00
REGINN:CGLS::k=1 : rdisc=0.982, norm=0.00415
REGINN:CGLS::k=2 : rdisc=0.964, norm=0.00949
REGINN:CGLS::k=3 : rdisc=0.949, norm=0.0149
REGINN:CGLS::k=4 : rdisc=0.935, norm=0.0206
REGINN:CGLS::k=5 : rdisc=0.924, norm=0.0255
REGINN:CGLS::k=6 : rdisc=0.915, norm=0.0304
REGINN:CGLS::k=7 : rdisc=0.906, norm=0.0358
REGINN:CGLS::k=8 : rdisc=0.901, norm=0.0392
REGINN:CGLS::k=9 : rdisc=0.891, norm=0.0468
REGINN:CGLS::k=10: rdisc=0.882, norm=0.0544
REGINN:CGLS::k=11: rdisc=0.874, norm=0.0621
REGINN:CGLS::k=12: rdisc=0.867, norm=0.0686
REGINN:CGLS::k=13: rdisc=0.861, norm=0.0747
REGINN:CGLS::k=14: rdisc=0.853, norm=0.0830
REGINN:CGLS::k=15: rdisc=0.845, norm=0.0917
REGINN:CGLS::k=16: rdisc=0.835, norm=0.103
REGINN:CGLS::k=17: rdisc=0.822, norm=0.118
REGINN:CGLS::k=18: rdisc=0.806, norm=0.137
REGINN:CGLS::k=19: rdisc=0.786, norm=0.162
REGINN:CGLS::k=20: rdisc=0.769, norm=0.183
REGINN:CGLS::k=21: rdisc=0.748, norm=0.209
REGINN:CGLS::Safeguarding: λ=0.515 ⇒ rdisc=0.754
REGINN:CGLS::Target discrepancy reached after 21 iterations.
REGINN::i=17: rdisc=0.00299, rnorm=0.839, rerr=0.251
REGINN::0.568 ≤ estimate ≤ 4.15
REGINN::
REGINN::Solving linear problem using rtol=0.800 and max_iter=38
REGINN:CGLS::k=0 : rdisc=1.00, norm=0.00
REGINN:CGLS::k=1 : rdisc=0.990, norm=0.00201
REGINN:CGLS::k=2 : rdisc=0.980, norm=0.00480
REGINN:CGLS::k=3 : rdisc=0.969, norm=0.00853
REGINN:CGLS::k=4 : rdisc=0.958, norm=0.0133
REGINN:CGLS::k=5 : rdisc=0.950, norm=0.0170
REGINN:CGLS::k=6 : rdisc=0.943, norm=0.0208
REGINN:CGLS::k=7 : rdisc=0.938, norm=0.0233
REGINN:CGLS::k=8 : rdisc=0.933, norm=0.0263
REGINN:CGLS::k=9 : rdisc=0.927, norm=0.0306
REGINN:CGLS::k=10: rdisc=0.923, norm=0.0343
REGINN:CGLS::k=11: rdisc=0.916, norm=0.0394
REGINN:CGLS::k=12: rdisc=0.910, norm=0.0454
REGINN:CGLS::k=13: rdisc=0.906, norm=0.0487
REGINN:CGLS::k=14: rdisc=0.903, norm=0.0520
REGINN:CGLS::k=15: rdisc=0.898, norm=0.0562
REGINN:CGLS::k=16: rdisc=0.894, norm=0.0608
REGINN:CGLS::k=17: rdisc=0.890, norm=0.0652
REGINN:CGLS::k=18: rdisc=0.885, norm=0.0716
REGINN:CGLS::k=19: rdisc=0.877, norm=0.0810
REGINN:CGLS::k=20: rdisc=0.867, norm=0.0939
REGINN:CGLS::k=21: rdisc=0.855, norm=0.110
REGINN:CGLS::k=22: rdisc=0.834, norm=0.139
REGINN:CGLS::k=23: rdisc=0.810, norm=0.171
REGINN:CGLS::k=24: rdisc=0.791, norm=0.197
REGINN:CGLS::Safeguarding: λ=0.683 ⇒ rdisc=0.800
REGINN:CGLS::Target discrepancy reached after 24 iterations.
REGINN::Saving current residual in ./step-0018/
REGINN::Saving current estimate in ./step-0018/
REGINN::i=18: rdisc=0.00245, rnorm=0.839, rerr=0.251
REGINN::0.536 ≤ estimate ≤ 4.22
REGINN::
REGINN::Solving linear problem using rtol=0.824 and max_iter=45
REGINN:CGLS::k=0 : rdisc=1.00, norm=0.00
REGINN:CGLS::k=1 : rdisc=0.988, norm=0.00165
REGINN:CGLS::k=2 : rdisc=0.975, norm=0.00426
REGINN:CGLS::k=3 : rdisc=0.964, norm=0.00728
REGINN:CGLS::k=4 : rdisc=0.954, norm=0.0104
REGINN:CGLS::k=5 : rdisc=0.948, norm=0.0128
REGINN:CGLS::k=6 : rdisc=0.941, norm=0.0157
REGINN:CGLS::k=7 : rdisc=0.936, norm=0.0186
REGINN:CGLS::k=8 : rdisc=0.931, norm=0.0209
REGINN:CGLS::k=9 : rdisc=0.928, norm=0.0232
REGINN:CGLS::k=10: rdisc=0.924, norm=0.0253
REGINN:CGLS::k=11: rdisc=0.922, norm=0.0270
REGINN:CGLS::k=12: rdisc=0.919, norm=0.0292
REGINN:CGLS::k=13: rdisc=0.914, norm=0.0328
REGINN:CGLS::k=14: rdisc=0.910, norm=0.0364
REGINN:CGLS::k=15: rdisc=0.907, norm=0.0388
REGINN:CGLS::k=16: rdisc=0.904, norm=0.0420
REGINN:CGLS::k=17: rdisc=0.901, norm=0.0448
REGINN:CGLS::k=18: rdisc=0.899, norm=0.0474
REGINN:CGLS::k=19: rdisc=0.896, norm=0.0506
REGINN:CGLS::k=20: rdisc=0.891, norm=0.0560
REGINN:CGLS::k=21: rdisc=0.888, norm=0.0605
REGINN:CGLS::k=22: rdisc=0.880, norm=0.0703
REGINN:CGLS::k=23: rdisc=0.875, norm=0.0765
REGINN:CGLS::k=24: rdisc=0.868, norm=0.0873
REGINN:CGLS::k=25: rdisc=0.859, norm=0.0995
REGINN:CGLS::k=26: rdisc=0.844, norm=0.121
REGINN:CGLS::k=27: rdisc=0.836, norm=0.133
REGINN:CGLS::k=28: rdisc=0.823, norm=0.151
REGINN:CGLS::Safeguarding: λ=0.188 ⇒ rdisc=0.824
REGINN:CGLS::Target discrepancy reached after 28 iterations.
REGINN::i=19: rdisc=0.00207, rnorm=0.840, rerr=0.251
REGINN::0.428 ≤ estimate ≤ 4.27
REGINN::
REGINN::Solving linear problem using rtol=0.965 and max_iter=52
REGINN:CGLS::k=0 : rdisc=1.00, norm=0.00
REGINN:CGLS::k=1 : rdisc=0.989, norm=0.00182
REGINN:CGLS::k=2 : rdisc=0.983, norm=0.00319
REGINN:CGLS::k=3 : rdisc=0.974, norm=0.00557
REGINN:CGLS::k=4 : rdisc=0.967, norm=0.00775
REGINN:CGLS::k=5 : rdisc=0.962, norm=0.00989
REGINN:CGLS::Safeguarding: λ=0.787 ⇒ rdisc=0.965
REGINN:CGLS::Target discrepancy reached after 5 iterations.
REGINN::i=20: rdisc=0.00200, rnorm=0.840, rerr=0.251
REGINN::0.426 ≤ estimate ≤ 4.27
REGINN::
REGINN::Saving current residual in ./step-0020/
REGINN::Saving current estimate in ./step-0020/
REGINN::Target discrepancy reached after 20 iterations.
REGINN::0.426 ≤ estimate ≤ 4.27
Relative error of the reconstruction: 0.251
stats::forward              : 22 calls, average 10.8 s per call
stats::linearization forward: 150 calls, average 10.3 s per call
stats::linearization adjoint: 150 calls, average 11.6 s per call
stats::measure forward      : 172 calls, average 0.0120 s per call
stats::measure adjoint      : 150 calls, average 0.404 s per call
stats::total wall time      : 61min 33s
