JobId thies-arch1 Wed Mar 28 00:30:03 2018
wavepi 087d1ae7
Release-Build, compiled on 2018-03-27T14:21:51Z from commit 087d1ae7e72c007921a76b0bf5d9cd0ed59da909 ("fix background") on branch master

initialize_mesh::Number of active cells: 1024
initialize_mesh::Number of degrees of freedom in the first spatial mesh: 1089
initialize_mesh::cell diameters: minimal = 0.354, maximal = 0.354
initialize_mesh::dt: 0.0235
initialize_mesh::expected size of a DiscretizedFunction<2>: 2.13 MiB
Initializing problem
Generating synthetic data (inverse crime)
wall time for data synthesis        : 1.4s
wall time for mesh and problem init : 124.2ms
parameters:LogTransform::lower bound: 0.0
parameters:WaveEquation::max iter: 10000
parameters:WaveEquation::theta: 0.5
parameters:WaveEquation::tol: 1e-8
parameters:constraints::lower bound: -1e300
parameters:constraints::upper bound: 1e300
parameters:general::dimension: 2
parameters:general::finite element degree: 1
parameters:general::quadrature order: 3
parameters:inversion::method: REGINN
parameters:inversion::tau: 2
parameters:log::console depth: 2
parameters:log::file: wavepi.log
parameters:log::file depth: 6
parameters:log::file depth mpi: 4
parameters:mesh::end time: 6
parameters:mesh::initial refines: 5
parameters:mesh::initial time steps: 256
parameters:output::data: true
parameters:output::destination: ./step-{{i}}/
parameters:output::discrepancy decrease: 0.25
parameters:output::estimate: true
parameters:output::estimate transformed: false
parameters:output::exact: true
parameters:output::exact transformed: false
parameters:output::interval: 10
parameters:output::last: true
parameters:output::residual: true
parameters:output::statistics: history
parameters:problem::H1H1 beta: 0.5
parameters:problem::H1H1 gamma: 0.5
parameters:problem::H1L2 alpha: 0.5
parameters:problem::H2L2 alpha: 0.5
parameters:problem::H2L2 beta: 0.25
parameters:problem::H2L2+L2H1 alpha: 0.5
parameters:problem::H2L2+L2H1 beta: 0.25
parameters:problem::H2L2+L2H1 gamma: 0.5
parameters:problem::background parameter: 0.0
parameters:problem::constants: 
parameters:problem::domain lp wrapping: true
parameters:problem::domain p: 1.5
parameters:problem::epsilon: 5e-3
parameters:problem::initial guess: 0.0
parameters:problem::norm of codomain: L2L2
parameters:problem::norm of domain: Coefficients
parameters:problem::parameter a: 1.0
parameters:problem::parameter c: 2.0
parameters:problem::parameter nu: 0.0
parameters:problem::parameter q: 2*if(norm{x|y|z} < 1.5, 2.0+abs(sin(t)), 0.0)
parameters:problem::transform: Identity
parameters:problem::type: q
parameters:watchdog::discrepancy increasing: false
parameters:watchdog::discrepancy slope min values: 40
parameters:watchdog::discrepancy slope percentage: 0.25
parameters:watchdog::discrepancy slope threshold: 0.0
parameters:watchdog::discrepancy threshold: 10.0
parameters:watchdog::maximum iteration count: 0
REGINN::Saving exact parameter in ./step-0000/
REGINN::Saving data in ./step-0000/
REGINN::Saving current residual in ./step-0000/
REGINN::Saving current estimate in ./step-0000/
REGINN::i=0 : rdisc=1.63 , rnorm=0.00 , rerr=1.00 
REGINN::0.00 ≤ estimate ≤ 0.00
REGINN::Solving linear problem using rtol=0.900 and max_iter=1
REGINN:Gradient::k=0 : rdisc=1.00 , norm=0.00 
REGINN:Gradient::k=1 : rdisc=0.698, norm=384. 
REGINN:Gradient::Target discrepancy reached after 1 iteration.
REGINN::i=1 : rdisc=1.15 , rnorm=0.0783, rerr=0.958
REGINN::-0.127 ≤ estimate ≤ 5.58
REGINN::
REGINN::Solving linear problem using rtol=0.900 and max_iter=2
REGINN:Gradient::k=0 : rdisc=1.00 , norm=0.00 
REGINN:Gradient::k=1 : rdisc=0.796, norm=612. 
REGINN:Gradient::Target discrepancy reached after 1 iteration.
REGINN::i=2 : rdisc=0.913, rnorm=0.189, rerr=0.921
REGINN::-0.378 ≤ estimate ≤ 12.7
REGINN::
REGINN::Solving linear problem using rtol=0.855 and max_iter=2
REGINN:Gradient::k=0 : rdisc=1.00 , norm=0.00 
REGINN:Gradient::k=1 : rdisc=0.801, norm=315. 
REGINN:Gradient::Target discrepancy reached after 1 iteration.
REGINN::i=3 : rdisc=0.736, rnorm=0.210, rerr=0.917
REGINN::-0.324 ≤ estimate ≤ 16.3
REGINN::
REGINN::Solving linear problem using rtol=0.812 and max_iter=2
REGINN:Gradient::k=0 : rdisc=1.00 , norm=0.00 
REGINN:Gradient::k=1 : rdisc=0.732, norm=600. 
REGINN:Gradient::Target discrepancy reached after 1 iteration.
REGINN::i=4 : rdisc=0.536, rnorm=0.314, rerr=0.901
REGINN::-0.450 ≤ estimate ≤ 21.6
REGINN::
REGINN::Solving linear problem using rtol=0.772 and max_iter=2
REGINN:Gradient::k=0 : rdisc=1.00 , norm=0.00 
REGINN:Gradient::k=1 : rdisc=0.878, norm=242. 
REGINN:Gradient::k=2 : rdisc=0.783, norm=408. 
REGINN:Gradient::Unsuccessful termination after 2 iterations!
REGINN::Linear solver did not achieve desired discrepancy due to max_iter.
REGINN::i=5 : rdisc=0.422, rnorm=0.361, rerr=0.877
REGINN::-4.62 ≤ estimate ≤ 20.7
REGINN::
REGINN::Solving linear problem using rtol=0.733 and max_iter=3
REGINN:Gradient::k=0 : rdisc=1.00 , norm=0.00 
REGINN:Gradient::k=1 : rdisc=0.909, norm=195. 
REGINN:Gradient::k=2 : rdisc=0.853, norm=264. 
REGINN:Gradient::k=3 : rdisc=0.799, norm=382. 
REGINN:Gradient::Unsuccessful termination after 3 iterations!
REGINN::Linear solver did not achieve desired discrepancy due to max_iter.
REGINN::Saving current residual in ./step-0006/
REGINN::Saving current estimate in ./step-0006/
REGINN::i=6 : rdisc=0.339, rnorm=0.408, rerr=0.856
REGINN::-8.97 ≤ estimate ≤ 19.5
REGINN::
REGINN::Solving linear problem using rtol=0.696 and max_iter=5
REGINN:Gradient::k=0 : rdisc=1.00 , norm=0.00 
REGINN:Gradient::k=1 : rdisc=0.955, norm=121. 
REGINN:Gradient::k=2 : rdisc=0.912, norm=162. 
REGINN:Gradient::k=3 : rdisc=0.881, norm=235. 
REGINN:Gradient::k=4 : rdisc=0.846, norm=293. 
REGINN:Gradient::k=5 : rdisc=0.822, norm=340. 
REGINN:Gradient::Unsuccessful termination after 5 iterations!
REGINN::Linear solver did not achieve desired discrepancy due to max_iter.
REGINN::i=7 : rdisc=0.283, rnorm=0.439, rerr=0.834
REGINN::-12.5 ≤ estimate ≤ 16.8
REGINN::
REGINN::Solving linear problem using rtol=0.662 and max_iter=8
REGINN:Gradient::k=0 : rdisc=1.00 , norm=0.00 
REGINN:Gradient::k=1 : rdisc=0.971, norm=68.7 
REGINN:Gradient::k=2 : rdisc=0.950, norm=86.4 
REGINN:Gradient::k=3 : rdisc=0.921, norm=156. 
REGINN:Gradient::k=4 : rdisc=0.902, norm=172. 
REGINN:Gradient::k=5 : rdisc=0.858, norm=306. 
REGINN:Gradient::k=6 : rdisc=0.827, norm=316. 
REGINN:Gradient::k=7 : rdisc=0.725, norm=667. 
REGINN:Gradient::k=8 : rdisc=0.656, norm=675. 
REGINN:Gradient::Target discrepancy reached after 8 iterations.
REGINN::i=8 : rdisc=0.190, rnorm=0.507, rerr=0.778
REGINN::-7.69 ≤ estimate ≤ 13.3
REGINN::
REGINN::Solving linear problem using rtol=0.629 and max_iter=13
REGINN:Gradient::k=0 : rdisc=1.00 , norm=0.00 
REGINN:Gradient::k=1 : rdisc=0.984, norm=29.1 
REGINN:Gradient::k=2 : rdisc=0.969, norm=47.9 
REGINN:Gradient::k=3 : rdisc=0.955, norm=67.8 
REGINN:Gradient::k=4 : rdisc=0.939, norm=93.3 
REGINN:Gradient::k=5 : rdisc=0.926, norm=110. 
REGINN:Gradient::k=6 : rdisc=0.908, norm=145. 
REGINN:Gradient::k=7 : rdisc=0.894, norm=157. 
REGINN:Gradient::k=8 : rdisc=0.860, norm=240. 
REGINN:Gradient::k=9 : rdisc=0.834, norm=247. 
REGINN:Gradient::k=10: rdisc=0.664, norm=704. 
REGINN:Gradient::k=11: rdisc=0.576, norm=708. 
REGINN:Gradient::Target discrepancy reached after 11 iterations.
REGINN::i=9 : rdisc=0.111, rnorm=0.575, rerr=0.732
REGINN::-4.06 ≤ estimate ≤ 12.0
REGINN::
REGINN::Solving linear problem using rtol=0.730 and max_iter=19
REGINN:Gradient::k=0 : rdisc=1.00 , norm=0.00 
REGINN:Gradient::k=1 : rdisc=0.988, norm=12.7 
REGINN:Gradient::k=2 : rdisc=0.978, norm=21.3 
REGINN:Gradient::k=3 : rdisc=0.970, norm=28.4 
REGINN:Gradient::k=4 : rdisc=0.959, norm=44.1 
REGINN:Gradient::k=5 : rdisc=0.951, norm=49.1 
REGINN:Gradient::k=6 : rdisc=0.924, norm=98.8 
REGINN:Gradient::k=7 : rdisc=0.904, norm=102. 
REGINN:Gradient::k=8 : rdisc=0.682, norm=543. 
REGINN:Gradient::Target discrepancy reached after 8 iterations.
REGINN::Saving current residual in ./step-0010/
REGINN::Saving current estimate in ./step-0010/
REGINN::i=10: rdisc=0.0781, rnorm=0.632, rerr=0.708
REGINN::-5.19 ≤ estimate ≤ 11.8
REGINN::
REGINN::Solving linear problem using rtol=0.693 and max_iter=19
REGINN:Gradient::k=0 : rdisc=1.00 , norm=0.00 
REGINN:Gradient::k=1 : rdisc=0.917, norm=17.2 
REGINN:Gradient::k=2 : rdisc=0.901, norm=26.0 
REGINN:Gradient::k=3 : rdisc=0.894, norm=30.0 
REGINN:Gradient::k=4 : rdisc=0.885, norm=42.2 
REGINN:Gradient::k=5 : rdisc=0.880, norm=44.4 
REGINN:Gradient::k=6 : rdisc=0.866, norm=65.7 
REGINN:Gradient::k=7 : rdisc=0.857, norm=68.5 
REGINN:Gradient::k=8 : rdisc=0.850, norm=78.2 
REGINN:Gradient::k=9 : rdisc=0.847, norm=80.1 
REGINN:Gradient::k=10: rdisc=0.845, norm=83.0 
REGINN:Gradient::k=11: rdisc=0.843, norm=84.8 
REGINN:Gradient::k=12: rdisc=0.834, norm=103. 
REGINN:Gradient::k=13: rdisc=0.826, norm=106. 
REGINN:Gradient::k=14: rdisc=0.746, norm=308. 
REGINN:Gradient::k=15: rdisc=0.696, norm=311. 
REGINN:Gradient::k=16: rdisc=0.693, norm=315. 
REGINN:Gradient::Target discrepancy reached after 16 iterations.
REGINN::i=11: rdisc=0.0553, rnorm=0.650, rerr=0.687
REGINN::-3.73 ≤ estimate ≤ 11.3
REGINN::
REGINN::Solving linear problem using rtol=0.847 and max_iter=24
REGINN:Gradient::k=0 : rdisc=1.00 , norm=0.00 
REGINN:Gradient::k=1 : rdisc=0.994, norm=3.45 
REGINN:Gradient::k=2 : rdisc=0.988, norm=13.5 
REGINN:Gradient::k=3 : rdisc=0.984, norm=14.6 
REGINN:Gradient::k=4 : rdisc=0.979, norm=22.2 
REGINN:Gradient::k=5 : rdisc=0.976, norm=23.3 
REGINN:Gradient::k=6 : rdisc=0.968, norm=40.1 
REGINN:Gradient::k=7 : rdisc=0.963, norm=41.1 
REGINN:Gradient::k=8 : rdisc=0.959, norm=44.2 
REGINN:Gradient::k=9 : rdisc=0.958, norm=45.4 
REGINN:Gradient::k=10: rdisc=0.955, norm=49.9 
REGINN:Gradient::k=11: rdisc=0.953, norm=50.7 
REGINN:Gradient::k=12: rdisc=0.936, norm=91.8 
REGINN:Gradient::k=13: rdisc=0.920, norm=92.9 
REGINN:Gradient::k=14: rdisc=0.872, norm=208. 
REGINN:Gradient::k=15: rdisc=0.849, norm=208. 
REGINN:Gradient::k=16: rdisc=0.841, norm=208. 
REGINN:Gradient::Target discrepancy reached after 16 iterations.
REGINN::i=12: rdisc=0.0471, rnorm=0.660, rerr=0.671
REGINN::-3.26 ≤ estimate ≤ 11.3
REGINN::
REGINN::Solving linear problem using rtol=0.847 and max_iter=32
REGINN:Gradient::k=0 : rdisc=1.00 , norm=0.00 
REGINN:Gradient::k=1 : rdisc=0.995, norm=2.97 
REGINN:Gradient::k=2 : rdisc=0.989, norm=10.5 
REGINN:Gradient::k=3 : rdisc=0.987, norm=11.4 
REGINN:Gradient::k=4 : rdisc=0.985, norm=12.3 
REGINN:Gradient::k=5 : rdisc=0.984, norm=13.3 
REGINN:Gradient::k=6 : rdisc=0.981, norm=18.9 
REGINN:Gradient::k=7 : rdisc=0.978, norm=19.7 
REGINN:Gradient::k=8 : rdisc=0.951, norm=82.3 
REGINN:Gradient::k=9 : rdisc=0.928, norm=83.2 
REGINN:Gradient::k=10: rdisc=0.917, norm=102. 
REGINN:Gradient::k=11: rdisc=0.914, norm=103. 
REGINN:Gradient::k=12: rdisc=0.912, norm=103. 
REGINN:Gradient::k=13: rdisc=0.911, norm=104. 
REGINN:Gradient::k=14: rdisc=0.910, norm=105. 
REGINN:Gradient::k=15: rdisc=0.908, norm=108. 
REGINN:Gradient::k=16: rdisc=0.906, norm=109. 
REGINN:Gradient::k=17: rdisc=0.894, norm=139. 
REGINN:Gradient::k=18: rdisc=0.885, norm=138. 
REGINN:Gradient::k=19: rdisc=0.871, norm=168. 
REGINN:Gradient::k=20: rdisc=0.866, norm=168. 
REGINN:Gradient::k=21: rdisc=0.864, norm=169. 
REGINN:Gradient::k=22: rdisc=0.863, norm=170. 
REGINN:Gradient::k=23: rdisc=0.862, norm=171. 
REGINN:Gradient::k=24: rdisc=0.860, norm=173. 
REGINN:Gradient::k=25: rdisc=0.859, norm=173. 
REGINN:Gradient::k=26: rdisc=0.852, norm=190. 
REGINN:Gradient::k=27: rdisc=0.846, norm=191. 
REGINN:Gradient::Target discrepancy reached after 27 iterations.
REGINN::i=13: rdisc=0.0404, rnorm=0.673, rerr=0.656
REGINN::-2.34 ≤ estimate ≤ 11.7
REGINN::
REGINN::Solving linear problem using rtol=0.909 and max_iter=43
REGINN:Gradient::k=0 : rdisc=1.00 , norm=0.00 
REGINN:Gradient::k=1 : rdisc=0.999, norm=1.46 
REGINN:Gradient::k=2 : rdisc=0.998, norm=2.85 
REGINN:Gradient::k=3 : rdisc=0.997, norm=3.62 
REGINN:Gradient::k=4 : rdisc=0.995, norm=7.21 
REGINN:Gradient::k=5 : rdisc=0.993, norm=7.61 
REGINN:Gradient::k=6 : rdisc=0.981, norm=34.8 
REGINN:Gradient::k=7 : rdisc=0.971, norm=34.9 
REGINN:Gradient::k=8 : rdisc=0.924, norm=143. 
REGINN:Gradient::k=9 : rdisc=0.911, norm=143. 
REGINN:Gradient::k=10: rdisc=0.903, norm=144. 
REGINN:Gradient::Target discrepancy reached after 10 iterations.
REGINN::i=14: rdisc=0.0369, rnorm=0.683, rerr=0.646
REGINN::-1.66 ≤ estimate ≤ 11.9
REGINN::
REGINN::Solving linear problem using rtol=0.864 and max_iter=37
REGINN:Gradient::k=0 : rdisc=1.00 , norm=0.00 
REGINN:Gradient::k=1 : rdisc=0.994, norm=2.80 
REGINN:Gradient::k=2 : rdisc=0.990, norm=5.23 
REGINN:Gradient::k=3 : rdisc=0.987, norm=6.65 
REGINN:Gradient::k=4 : rdisc=0.984, norm=9.24 
REGINN:Gradient::k=5 : rdisc=0.982, norm=10.2 
REGINN:Gradient::k=6 : rdisc=0.979, norm=13.9 
REGINN:Gradient::k=7 : rdisc=0.977, norm=14.5 
REGINN:Gradient::k=8 : rdisc=0.970, norm=27.7 
REGINN:Gradient::k=9 : rdisc=0.966, norm=27.8 
REGINN:Gradient::k=10: rdisc=0.962, norm=32.8 
REGINN:Gradient::k=11: rdisc=0.960, norm=33.0 
REGINN:Gradient::k=12: rdisc=0.959, norm=33.5 
REGINN:Gradient::k=13: rdisc=0.959, norm=34.3 
REGINN:Gradient::k=14: rdisc=0.958, norm=34.8 
REGINN:Gradient::k=15: rdisc=0.957, norm=36.0 
REGINN:Gradient::k=16: rdisc=0.957, norm=36.3 
REGINN:Gradient::k=17: rdisc=0.955, norm=38.9 
REGINN:Gradient::k=18: rdisc=0.954, norm=39.1 
REGINN:Gradient::k=19: rdisc=0.947, norm=55.5 
REGINN:Gradient::k=20: rdisc=0.941, norm=55.6 
REGINN:Gradient::k=21: rdisc=0.906, norm=144. 
REGINN:Gradient::k=22: rdisc=0.891, norm=143. 
REGINN:Gradient::k=23: rdisc=0.886, norm=143. 
REGINN:Gradient::k=24: rdisc=0.883, norm=143. 
REGINN:Gradient::k=25: rdisc=0.881, norm=144. 
REGINN:Gradient::k=26: rdisc=0.879, norm=144. 
REGINN:Gradient::k=27: rdisc=0.878, norm=145. 
REGINN:Gradient::k=28: rdisc=0.877, norm=145. 
REGINN:Gradient::k=29: rdisc=0.876, norm=147. 
REGINN:Gradient::k=30: rdisc=0.875, norm=147. 
REGINN:Gradient::k=31: rdisc=0.872, norm=155. 
REGINN:Gradient::k=32: rdisc=0.870, norm=155. 
REGINN:Gradient::k=33: rdisc=0.847, norm=218. 
REGINN:Gradient::Target discrepancy reached after 33 iterations.
REGINN::i=15: rdisc=0.0313, rnorm=0.696, rerr=0.629
REGINN::-1.21 ≤ estimate ≤ 12.3
REGINN::
REGINN::Solving linear problem using rtol=0.959 and max_iter=43
REGINN:Gradient::k=0 : rdisc=1.00 , norm=0.00 
REGINN:Gradient::k=1 : rdisc=0.992, norm=2.60 
REGINN:Gradient::k=2 : rdisc=0.989, norm=3.95 
REGINN:Gradient::k=3 : rdisc=0.988, norm=4.83 
REGINN:Gradient::k=4 : rdisc=0.987, norm=5.99 
REGINN:Gradient::k=5 : rdisc=0.986, norm=6.60 
REGINN:Gradient::k=6 : rdisc=0.984, norm=9.16 
REGINN:Gradient::k=7 : rdisc=0.983, norm=9.65 
REGINN:Gradient::k=8 : rdisc=0.977, norm=22.1 
REGINN:Gradient::k=9 : rdisc=0.972, norm=22.7 
REGINN:Gradient::k=10: rdisc=0.963, norm=42.8 
REGINN:Gradient::k=11: rdisc=0.960, norm=42.9 
REGINN:Gradient::k=12: rdisc=0.958, norm=43.1 
REGINN:Gradient::Target discrepancy reached after 12 iterations.
REGINN::i=16: rdisc=0.0301, rnorm=0.698, rerr=0.625
REGINN::-1.01 ≤ estimate ≤ 12.2
REGINN::
REGINN::Solving linear problem using rtol=0.911 and max_iter=45
REGINN:Gradient::k=0 : rdisc=1.00 , norm=0.00 
REGINN:Gradient::k=1 : rdisc=0.999, norm=0.956
REGINN:Gradient::k=2 : rdisc=0.998, norm=2.14 
REGINN:Gradient::k=3 : rdisc=0.997, norm=2.61 
REGINN:Gradient::k=4 : rdisc=0.995, norm=6.39 
REGINN:Gradient::k=5 : rdisc=0.994, norm=6.74 
REGINN:Gradient::k=6 : rdisc=0.984, norm=30.7 
REGINN:Gradient::k=7 : rdisc=0.977, norm=31.0 
REGINN:Gradient::k=8 : rdisc=0.971, norm=39.6 
REGINN:Gradient::k=9 : rdisc=0.970, norm=39.8 
REGINN:Gradient::k=10: rdisc=0.969, norm=40.6 
REGINN:Gradient::k=11: rdisc=0.969, norm=40.9 
REGINN:Gradient::k=12: rdisc=0.968, norm=42.5 
REGINN:Gradient::k=13: rdisc=0.967, norm=42.7 
REGINN:Gradient::k=14: rdisc=0.963, norm=53.5 
REGINN:Gradient::k=15: rdisc=0.959, norm=53.5 
REGINN:Gradient::k=16: rdisc=0.958, norm=57.1 
REGINN:Gradient::k=17: rdisc=0.957, norm=57.3 
REGINN:Gradient::k=18: rdisc=0.956, norm=58.1 
REGINN:Gradient::k=19: rdisc=0.956, norm=58.4 
REGINN:Gradient::k=20: rdisc=0.955, norm=59.9 
REGINN:Gradient::k=21: rdisc=0.954, norm=60.1 
REGINN:Gradient::k=22: rdisc=0.951, norm=68.0 
REGINN:Gradient::k=23: rdisc=0.949, norm=68.1 
REGINN:Gradient::k=24: rdisc=0.903, norm=195. 
REGINN:Gradient::Target discrepancy reached after 24 iterations.
REGINN::i=17: rdisc=0.0272, rnorm=0.712, rerr=0.609
REGINN::-0.722 ≤ estimate ≤ 13.4
REGINN::
REGINN::Solving linear problem using rtol=0.955 and max_iter=36
REGINN:Gradient::k=0 : rdisc=1.00 , norm=0.00 
REGINN:Gradient::k=1 : rdisc=0.977, norm=4.31 
REGINN:Gradient::k=2 : rdisc=0.970, norm=5.60 
REGINN:Gradient::k=3 : rdisc=0.968, norm=6.55 
REGINN:Gradient::k=4 : rdisc=0.967, norm=7.20 
REGINN:Gradient::k=5 : rdisc=0.967, norm=7.59 
REGINN:Gradient::k=6 : rdisc=0.966, norm=8.17 
REGINN:Gradient::k=7 : rdisc=0.966, norm=8.47 
REGINN:Gradient::k=8 : rdisc=0.965, norm=9.50 
REGINN:Gradient::k=9 : rdisc=0.964, norm=9.81 
REGINN:Gradient::k=10: rdisc=0.962, norm=14.1 
REGINN:Gradient::k=11: rdisc=0.960, norm=14.5 
REGINN:Gradient::k=12: rdisc=0.934, norm=82.7 
REGINN:Gradient::Target discrepancy reached after 12 iterations.
REGINN::i=18: rdisc=0.0255, rnorm=0.717, rerr=0.602
REGINN::-0.746 ≤ estimate ≤ 14.0
REGINN::
REGINN::Solving linear problem using rtol=0.908 and max_iter=36
REGINN:Gradient::k=0 : rdisc=1.00 , norm=0.00 
REGINN:Gradient::k=1 : rdisc=0.989, norm=2.62 
REGINN:Gradient::k=2 : rdisc=0.985, norm=4.08 
REGINN:Gradient::k=3 : rdisc=0.982, norm=5.06 
REGINN:Gradient::k=4 : rdisc=0.980, norm=6.38 
REGINN:Gradient::k=5 : rdisc=0.979, norm=7.01 
REGINN:Gradient::k=6 : rdisc=0.978, norm=8.27 
REGINN:Gradient::k=7 : rdisc=0.977, norm=8.73 
REGINN:Gradient::k=8 : rdisc=0.976, norm=10.6 
REGINN:Gradient::k=9 : rdisc=0.975, norm=11.0 
REGINN:Gradient::k=10: rdisc=0.971, norm=20.0 
REGINN:Gradient::k=11: rdisc=0.968, norm=20.2 
REGINN:Gradient::k=12: rdisc=0.967, norm=20.5 
REGINN:Gradient::k=13: rdisc=0.967, norm=20.9 
REGINN:Gradient::k=14: rdisc=0.967, norm=20.9 
REGINN:Gradient::k=15: rdisc=0.966, norm=21.8 
REGINN:Gradient::k=16: rdisc=0.966, norm=21.8 
REGINN:Gradient::k=17: rdisc=0.964, norm=25.1 
REGINN:Gradient::k=18: rdisc=0.963, norm=25.0 
REGINN:Gradient::k=19: rdisc=0.957, norm=41.4 
REGINN:Gradient::k=20: rdisc=0.951, norm=41.2 
REGINN:Gradient::k=21: rdisc=0.951, norm=42.4 
REGINN:Gradient::k=22: rdisc=0.950, norm=42.7 
REGINN:Gradient::k=23: rdisc=0.950, norm=43.1 
REGINN:Gradient::k=24: rdisc=0.950, norm=43.4 
REGINN:Gradient::k=25: rdisc=0.950, norm=43.8 
REGINN:Gradient::k=26: rdisc=0.949, norm=44.1 
REGINN:Gradient::k=27: rdisc=0.949, norm=44.6 
REGINN:Gradient::k=28: rdisc=0.949, norm=44.8 
REGINN:Gradient::k=29: rdisc=0.948, norm=45.4 
REGINN:Gradient::k=30: rdisc=0.948, norm=45.6 
REGINN:Gradient::k=31: rdisc=0.948, norm=46.8 
REGINN:Gradient::k=32: rdisc=0.947, norm=46.9 
REGINN:Gradient::k=33: rdisc=0.945, norm=51.7 
REGINN:Gradient::k=34: rdisc=0.944, norm=51.8 
REGINN:Gradient::k=35: rdisc=0.935, norm=77.4 
REGINN:Gradient::k=36: rdisc=0.927, norm=77.4 
REGINN:Gradient::Unsuccessful termination after 36 iterations!
REGINN::Linear solver did not achieve desired discrepancy due to max_iter.
REGINN::i=19: rdisc=0.0237, rnorm=0.721, rerr=0.596
REGINN::-0.845 ≤ estimate ≤ 14.2
REGINN::
REGINN::Solving linear problem using rtol=0.969 and max_iter=48
REGINN:Gradient::k=0 : rdisc=1.00 , norm=0.00 
REGINN:Gradient::k=1 : rdisc=1.00 , norm=0.655
REGINN:Gradient::k=2 : rdisc=0.999, norm=0.824
REGINN:Gradient::k=3 : rdisc=0.999, norm=1.47 
REGINN:Gradient::k=4 : rdisc=0.999, norm=1.62 
REGINN:Gradient::k=5 : rdisc=0.998, norm=2.92 
REGINN:Gradient::k=6 : rdisc=0.998, norm=3.03 
REGINN:Gradient::k=7 : rdisc=0.996, norm=7.72 
REGINN:Gradient::k=8 : rdisc=0.994, norm=7.86 
REGINN:Gradient::k=9 : rdisc=0.983, norm=39.6 
REGINN:Gradient::k=10: rdisc=0.972, norm=39.7 
REGINN:Gradient::k=11: rdisc=0.971, norm=42.3 
REGINN:Gradient::k=12: rdisc=0.970, norm=42.5 
REGINN:Gradient::k=13: rdisc=0.969, norm=45.8 
REGINN:Gradient::Target discrepancy reached after 13 iterations.
REGINN::Saving current residual in ./step-0020/
REGINN::Saving current estimate in ./step-0020/
REGINN::i=20: rdisc=0.0230, rnorm=0.724, rerr=0.591
REGINN::-0.900 ≤ estimate ≤ 14.4
REGINN::
REGINN::Solving linear problem using rtol=0.921 and max_iter=49
REGINN:Gradient::k=0 : rdisc=1.00 , norm=0.00 
REGINN:Gradient::k=1 : rdisc=0.999, norm=0.722
REGINN:Gradient::k=2 : rdisc=0.998, norm=1.58 
REGINN:Gradient::k=3 : rdisc=0.998, norm=1.79 
REGINN:Gradient::k=4 : rdisc=0.998, norm=2.42 
REGINN:Gradient::k=5 : rdisc=0.997, norm=2.68 
REGINN:Gradient::k=6 : rdisc=0.996, norm=4.95 
REGINN:Gradient::k=7 : rdisc=0.996, norm=5.17 
REGINN:Gradient::k=8 : rdisc=0.992, norm=15.2 
REGINN:Gradient::k=9 : rdisc=0.988, norm=15.4 
REGINN:Gradient::k=10: rdisc=0.987, norm=17.8 
REGINN:Gradient::k=11: rdisc=0.986, norm=18.4 
REGINN:Gradient::k=12: rdisc=0.986, norm=18.6 
REGINN:Gradient::k=13: rdisc=0.986, norm=19.2 
REGINN:Gradient::k=14: rdisc=0.985, norm=19.4 
REGINN:Gradient::k=15: rdisc=0.985, norm=20.2 
REGINN:Gradient::k=16: rdisc=0.985, norm=20.4 
REGINN:Gradient::k=17: rdisc=0.984, norm=22.7 
REGINN:Gradient::k=18: rdisc=0.983, norm=22.8 
REGINN:Gradient::k=19: rdisc=0.970, norm=59.2 
REGINN:Gradient::k=20: rdisc=0.958, norm=59.1 
REGINN:Gradient::k=21: rdisc=0.957, norm=61.1 
REGINN:Gradient::k=22: rdisc=0.956, norm=61.2 
REGINN:Gradient::k=23: rdisc=0.956, norm=62.5 
REGINN:Gradient::k=24: rdisc=0.955, norm=62.7 
REGINN:Gradient::k=25: rdisc=0.955, norm=64.1 
REGINN:Gradient::k=26: rdisc=0.954, norm=64.2 
REGINN:Gradient::k=27: rdisc=0.953, norm=67.0 
REGINN:Gradient::k=28: rdisc=0.952, norm=67.1 
REGINN:Gradient::k=29: rdisc=0.952, norm=68.6 
REGINN:Gradient::k=30: rdisc=0.951, norm=68.8 
REGINN:Gradient::k=31: rdisc=0.951, norm=69.2 
REGINN:Gradient::k=32: rdisc=0.951, norm=69.5 
REGINN:Gradient::k=33: rdisc=0.950, norm=69.8 
REGINN:Gradient::k=34: rdisc=0.950, norm=70.1 
REGINN:Gradient::k=35: rdisc=0.950, norm=70.4 
REGINN:Gradient::k=36: rdisc=0.950, norm=70.9 
REGINN:Gradient::k=37: rdisc=0.950, norm=71.1 
REGINN:Gradient::k=38: rdisc=0.949, norm=72.3 
REGINN:Gradient::k=39: rdisc=0.949, norm=72.4 
REGINN:Gradient::k=40: rdisc=0.947, norm=76.8 
REGINN:Gradient::k=41: rdisc=0.946, norm=77.0 
REGINN:Gradient::k=42: rdisc=0.938, norm=97.6 
REGINN:Gradient::k=43: rdisc=0.932, norm=97.8 
REGINN:Gradient::k=44: rdisc=0.931, norm=98.6 
REGINN:Gradient::k=45: rdisc=0.931, norm=98.8 
REGINN:Gradient::k=46: rdisc=0.931, norm=99.3 
REGINN:Gradient::k=47: rdisc=0.930, norm=99.5 
REGINN:Gradient::k=48: rdisc=0.930, norm=101. 
REGINN:Gradient::k=49: rdisc=0.929, norm=101. 
REGINN:Gradient::Unsuccessful termination after 49 iterations!
REGINN::Linear solver did not achieve desired discrepancy due to max_iter.
REGINN::i=21: rdisc=0.0215, rnorm=0.731, rerr=0.583
REGINN::-0.995 ≤ estimate ≤ 14.5
REGINN::
REGINN::Solving linear problem using rtol=0.979 and max_iter=62
REGINN:Gradient::k=0 : rdisc=1.00 , norm=0.00 
REGINN:Gradient::k=1 : rdisc=1.00 , norm=0.789
REGINN:Gradient::k=2 : rdisc=0.999, norm=0.890
REGINN:Gradient::k=3 : rdisc=0.999, norm=2.09 
REGINN:Gradient::k=4 : rdisc=0.998, norm=2.18 
REGINN:Gradient::k=5 : rdisc=0.996, norm=7.42 
REGINN:Gradient::k=6 : rdisc=0.995, norm=7.45 
REGINN:Gradient::k=7 : rdisc=0.981, norm=45.1 
REGINN:Gradient::k=8 : rdisc=0.969, norm=45.3 
REGINN:Gradient::Target discrepancy reached after 8 iterations.
REGINN::i=22: rdisc=0.0209, rnorm=0.734, rerr=0.579
REGINN::-1.04 ≤ estimate ≤ 14.6
REGINN::
REGINN::Solving linear problem using rtol=0.930 and max_iter=57
REGINN:Gradient::k=0 : rdisc=1.00 , norm=0.00 
REGINN:Gradient::k=1 : rdisc=0.999, norm=1.43 
REGINN:Gradient::k=2 : rdisc=0.999, norm=1.58 
REGINN:Gradient::k=3 : rdisc=0.998, norm=3.19 
REGINN:Gradient::k=4 : rdisc=0.997, norm=3.32 
REGINN:Gradient::k=5 : rdisc=0.995, norm=10.2 
REGINN:Gradient::k=6 : rdisc=0.992, norm=10.3 
REGINN:Gradient::k=7 : rdisc=0.991, norm=12.0 
REGINN:Gradient::k=8 : rdisc=0.991, norm=12.3 
REGINN:Gradient::k=9 : rdisc=0.990, norm=12.5 
REGINN:Gradient::k=10: rdisc=0.990, norm=12.9 
REGINN:Gradient::k=11: rdisc=0.990, norm=13.1 
REGINN:Gradient::k=12: rdisc=0.990, norm=13.6 
REGINN:Gradient::k=13: rdisc=0.989, norm=13.7 
REGINN:Gradient::k=14: rdisc=0.989, norm=14.6 
REGINN:Gradient::k=15: rdisc=0.989, norm=14.8 
REGINN:Gradient::k=16: rdisc=0.987, norm=17.9 
REGINN:Gradient::k=17: rdisc=0.986, norm=18.0 
REGINN:Gradient::k=18: rdisc=0.981, norm=32.7 
REGINN:Gradient::k=19: rdisc=0.976, norm=32.8 
REGINN:Gradient::k=20: rdisc=0.974, norm=35.7 
REGINN:Gradient::k=21: rdisc=0.974, norm=35.9 
REGINN:Gradient::k=22: rdisc=0.973, norm=36.2 
REGINN:Gradient::k=23: rdisc=0.973, norm=36.4 
REGINN:Gradient::k=24: rdisc=0.973, norm=36.9 
REGINN:Gradient::k=25: rdisc=0.973, norm=37.0 
REGINN:Gradient::k=26: rdisc=0.972, norm=38.0 
REGINN:Gradient::k=27: rdisc=0.972, norm=38.2 
REGINN:Gradient::k=28: rdisc=0.971, norm=41.9 
REGINN:Gradient::k=29: rdisc=0.969, norm=42.0 
REGINN:Gradient::k=30: rdisc=0.962, norm=62.4 
REGINN:Gradient::k=31: rdisc=0.955, norm=62.5 
REGINN:Gradient::k=32: rdisc=0.954, norm=63.6 
REGINN:Gradient::k=33: rdisc=0.954, norm=63.8 
REGINN:Gradient::k=34: rdisc=0.953, norm=64.8 
REGINN:Gradient::k=35: rdisc=0.953, norm=64.9 
REGINN:Gradient::k=36: rdisc=0.952, norm=67.2 
REGINN:Gradient::k=37: rdisc=0.951, norm=67.3 
REGINN:Gradient::k=38: rdisc=0.951, norm=68.7 
REGINN:Gradient::k=39: rdisc=0.950, norm=68.9 
REGINN:Gradient::k=40: rdisc=0.950, norm=69.8 
REGINN:Gradient::k=41: rdisc=0.950, norm=69.9 
REGINN:Gradient::k=42: rdisc=0.949, norm=71.9 
REGINN:Gradient::k=43: rdisc=0.948, norm=72.1 
REGINN:Gradient::k=44: rdisc=0.947, norm=75.6 
REGINN:Gradient::k=45: rdisc=0.946, norm=75.7 
REGINN:Gradient::k=46: rdisc=0.946, norm=76.1 
REGINN:Gradient::k=47: rdisc=0.945, norm=76.2 
REGINN:Gradient::k=48: rdisc=0.945, norm=76.9 
REGINN:Gradient::k=49: rdisc=0.945, norm=77.0 
REGINN:Gradient::k=50: rdisc=0.944, norm=78.7 
REGINN:Gradient::k=51: rdisc=0.944, norm=78.8 
REGINN:Gradient::k=52: rdisc=0.940, norm=88.0 
REGINN:Gradient::k=53: rdisc=0.937, norm=88.1 
REGINN:Gradient::k=54: rdisc=0.931, norm=104. 
REGINN:Gradient::k=55: rdisc=0.929, norm=104. 
REGINN:Gradient::Target discrepancy reached after 55 iterations.
REGINN::i=23: rdisc=0.0195, rnorm=0.740, rerr=0.570
REGINN::-1.11 ≤ estimate ≤ 14.7
REGINN::
REGINN::Solving linear problem using rtol=0.990 and max_iter=63
REGINN:Gradient::k=0 : rdisc=1.00 , norm=0.00 
REGINN:Gradient::k=1 : rdisc=0.998, norm=1.32 
REGINN:Gradient::k=2 : rdisc=0.998, norm=1.51 
REGINN:Gradient::k=3 : rdisc=0.997, norm=2.28 
REGINN:Gradient::k=4 : rdisc=0.997, norm=2.41 
REGINN:Gradient::k=5 : rdisc=0.996, norm=3.37 
REGINN:Gradient::k=6 : rdisc=0.996, norm=3.43 
REGINN:Gradient::k=7 : rdisc=0.994, norm=7.02 
REGINN:Gradient::k=8 : rdisc=0.993, norm=7.10 
REGINN:Gradient::k=9 : rdisc=0.992, norm=9.27 
REGINN:Gradient::k=10: rdisc=0.991, norm=9.34 
REGINN:Gradient::k=11: rdisc=0.991, norm=9.56 
REGINN:Gradient::k=12: rdisc=0.990, norm=9.89 
REGINN:Gradient::k=13: rdisc=0.990, norm=10.1 
REGINN:Gradient::k=14: rdisc=0.990, norm=10.5 
REGINN:Gradient::k=15: rdisc=0.990, norm=10.7 
REGINN:Gradient::k=16: rdisc=0.990, norm=11.1 
REGINN:Gradient::Target discrepancy reached after 16 iterations.
REGINN::i=24: rdisc=0.0193, rnorm=0.740, rerr=0.569
REGINN::-1.11 ≤ estimate ≤ 14.7
REGINN::
REGINN::Solving linear problem using rtol=0.940 and max_iter=71
REGINN:Gradient::k=0 : rdisc=1.00 , norm=0.00 
REGINN:Gradient::k=1 : rdisc=1.00 , norm=0.340
REGINN:Gradient::k=2 : rdisc=0.999, norm=0.824
REGINN:Gradient::k=3 : rdisc=0.999, norm=1.00 
REGINN:Gradient::k=4 : rdisc=0.998, norm=2.85 
REGINN:Gradient::k=5 : rdisc=0.998, norm=2.94 
REGINN:Gradient::k=6 : rdisc=0.981, norm=46.3 
REGINN:Gradient::k=7 : rdisc=0.968, norm=46.2 
REGINN:Gradient::k=8 : rdisc=0.967, norm=46.9 
REGINN:Gradient::k=9 : rdisc=0.966, norm=47.0 
REGINN:Gradient::k=10: rdisc=0.965, norm=48.0 
REGINN:Gradient::k=11: rdisc=0.965, norm=48.1 
REGINN:Gradient::k=12: rdisc=0.963, norm=52.2 
REGINN:Gradient::k=13: rdisc=0.962, norm=52.3 
REGINN:Gradient::k=14: rdisc=0.960, norm=57.9 
REGINN:Gradient::k=15: rdisc=0.958, norm=58.1 
REGINN:Gradient::k=16: rdisc=0.958, norm=58.2 
REGINN:Gradient::k=17: rdisc=0.957, norm=58.6 
REGINN:Gradient::k=18: rdisc=0.957, norm=58.8 
REGINN:Gradient::k=19: rdisc=0.957, norm=59.2 
REGINN:Gradient::k=20: rdisc=0.957, norm=59.4 
REGINN:Gradient::k=21: rdisc=0.956, norm=60.3 
REGINN:Gradient::k=22: rdisc=0.956, norm=60.4 
REGINN:Gradient::k=23: rdisc=0.953, norm=67.7 
REGINN:Gradient::k=24: rdisc=0.951, norm=67.8 
REGINN:Gradient::k=25: rdisc=0.938, norm=101. 
REGINN:Gradient::Target discrepancy reached after 25 iterations.
REGINN::i=25: rdisc=0.0182, rnorm=0.747, rerr=0.561
REGINN::-1.17 ≤ estimate ≤ 14.7
REGINN::
REGINN::Solving linear problem using rtol=0.962 and max_iter=41
REGINN:Gradient::k=0 : rdisc=1.00 , norm=0.00 
REGINN:Gradient::k=1 : rdisc=0.994, norm=1.96 
REGINN:Gradient::k=2 : rdisc=0.993, norm=2.12 
REGINN:Gradient::k=3 : rdisc=0.991, norm=3.33 
REGINN:Gradient::k=4 : rdisc=0.990, norm=3.37 
REGINN:Gradient::k=5 : rdisc=0.989, norm=4.98 
REGINN:Gradient::k=6 : rdisc=0.988, norm=4.98 
REGINN:Gradient::k=7 : rdisc=0.986, norm=8.74 
REGINN:Gradient::k=8 : rdisc=0.985, norm=8.76 
REGINN:Gradient::k=9 : rdisc=0.984, norm=10.1 
REGINN:Gradient::k=10: rdisc=0.983, norm=10.1 
REGINN:Gradient::k=11: rdisc=0.983, norm=10.6 
REGINN:Gradient::k=12: rdisc=0.983, norm=10.7 
REGINN:Gradient::k=13: rdisc=0.982, norm=11.8 
REGINN:Gradient::k=14: rdisc=0.982, norm=11.9 
REGINN:Gradient::k=15: rdisc=0.977, norm=24.4 
REGINN:Gradient::k=16: rdisc=0.973, norm=24.4 
REGINN:Gradient::k=17: rdisc=0.972, norm=24.7 
REGINN:Gradient::k=18: rdisc=0.972, norm=24.9 
REGINN:Gradient::k=19: rdisc=0.972, norm=25.2 
REGINN:Gradient::k=20: rdisc=0.971, norm=25.3 
REGINN:Gradient::k=21: rdisc=0.971, norm=25.7 
REGINN:Gradient::k=22: rdisc=0.971, norm=25.8 
REGINN:Gradient::k=23: rdisc=0.971, norm=26.5 
REGINN:Gradient::k=24: rdisc=0.970, norm=26.6 
REGINN:Gradient::k=25: rdisc=0.969, norm=29.6 
REGINN:Gradient::k=26: rdisc=0.968, norm=29.7 
REGINN:Gradient::k=27: rdisc=0.923, norm=149. 
REGINN:Gradient::Target discrepancy reached after 27 iterations.
REGINN::i=26: rdisc=0.0170, rnorm=0.759, rerr=0.549
REGINN::-1.24 ≤ estimate ≤ 14.7
REGINN::
REGINN::Solving linear problem using rtol=0.965 and max_iter=52
REGINN:Gradient::k=0 : rdisc=1.00 , norm=0.00 
REGINN:Gradient::k=1 : rdisc=0.979, norm=3.10 
REGINN:Gradient::k=2 : rdisc=0.973, norm=3.51 
REGINN:Gradient::k=3 : rdisc=0.967, norm=5.26 
REGINN:Gradient::k=4 : rdisc=0.964, norm=5.71 
REGINN:Gradient::Target discrepancy reached after 4 iterations.
REGINN::i=27: rdisc=0.0163, rnorm=0.758, rerr=0.549
REGINN::-1.24 ≤ estimate ≤ 14.7
REGINN::
REGINN::Solving linear problem using rtol=0.916 and max_iter=31
REGINN:Gradient::k=0 : rdisc=1.00 , norm=0.00 
REGINN:Gradient::k=1 : rdisc=0.997, norm=1.60 
REGINN:Gradient::k=2 : rdisc=0.995, norm=1.94 
REGINN:Gradient::k=3 : rdisc=0.993, norm=3.03 
REGINN:Gradient::k=4 : rdisc=0.992, norm=3.32 
REGINN:Gradient::k=5 : rdisc=0.991, norm=4.28 
REGINN:Gradient::k=6 : rdisc=0.991, norm=4.49 
REGINN:Gradient::k=7 : rdisc=0.990, norm=5.48 
REGINN:Gradient::k=8 : rdisc=0.989, norm=5.63 
REGINN:Gradient::k=9 : rdisc=0.988, norm=7.00 
REGINN:Gradient::k=10: rdisc=0.988, norm=7.12 
REGINN:Gradient::k=11: rdisc=0.985, norm=12.9 
REGINN:Gradient::k=12: rdisc=0.983, norm=13.0 
REGINN:Gradient::k=13: rdisc=0.980, norm=17.2 
REGINN:Gradient::k=14: rdisc=0.979, norm=17.3 
REGINN:Gradient::k=15: rdisc=0.979, norm=17.5 
REGINN:Gradient::k=16: rdisc=0.979, norm=17.6 
REGINN:Gradient::k=17: rdisc=0.978, norm=18.1 
REGINN:Gradient::k=18: rdisc=0.978, norm=18.2 
REGINN:Gradient::k=19: rdisc=0.977, norm=19.9 
REGINN:Gradient::k=20: rdisc=0.976, norm=20.0 
REGINN:Gradient::k=21: rdisc=0.963, norm=53.5 
REGINN:Gradient::k=22: rdisc=0.955, norm=53.5 
REGINN:Gradient::k=23: rdisc=0.952, norm=53.6 
REGINN:Gradient::k=24: rdisc=0.951, norm=53.7 
REGINN:Gradient::k=25: rdisc=0.951, norm=53.9 
REGINN:Gradient::k=26: rdisc=0.951, norm=54.0 
REGINN:Gradient::k=27: rdisc=0.950, norm=54.5 
REGINN:Gradient::k=28: rdisc=0.950, norm=54.5 
REGINN:Gradient::k=29: rdisc=0.950, norm=55.7 
REGINN:Gradient::k=30: rdisc=0.949, norm=55.8 
REGINN:Gradient::k=31: rdisc=0.945, norm=67.2 
REGINN:Gradient::Unsuccessful termination after 31 iterations!
REGINN::Linear solver did not achieve desired discrepancy due to max_iter.
REGINN::i=28: rdisc=0.0155, rnorm=0.762, rerr=0.544
REGINN::-1.27 ≤ estimate ≤ 14.7
REGINN::
REGINN::Solving linear problem using rtol=0.871 and max_iter=35
REGINN:Gradient::k=0 : rdisc=1.00 , norm=0.00 
REGINN:Gradient::k=1 : rdisc=0.996, norm=0.987
REGINN:Gradient::k=2 : rdisc=0.995, norm=1.51 
REGINN:Gradient::k=3 : rdisc=0.995, norm=1.73 
REGINN:Gradient::k=4 : rdisc=0.995, norm=2.37 
REGINN:Gradient::k=5 : rdisc=0.994, norm=2.54 
REGINN:Gradient::k=6 : rdisc=0.994, norm=3.02 
REGINN:Gradient::k=7 : rdisc=0.994, norm=3.20 
REGINN:Gradient::k=8 : rdisc=0.993, norm=4.29 
REGINN:Gradient::k=9 : rdisc=0.993, norm=4.47 
REGINN:Gradient::k=10: rdisc=0.992, norm=6.98 
REGINN:Gradient::k=11: rdisc=0.991, norm=7.12 
REGINN:Gradient::k=12: rdisc=0.991, norm=7.18 
REGINN:Gradient::k=13: rdisc=0.990, norm=7.44 
REGINN:Gradient::k=14: rdisc=0.990, norm=7.52 
REGINN:Gradient::k=15: rdisc=0.990, norm=7.95 
REGINN:Gradient::k=16: rdisc=0.990, norm=7.99 
REGINN:Gradient::k=17: rdisc=0.989, norm=9.22 
REGINN:Gradient::k=18: rdisc=0.989, norm=9.22 
REGINN:Gradient::k=19: rdisc=0.986, norm=15.2 
REGINN:Gradient::k=20: rdisc=0.984, norm=15.2 
REGINN:Gradient::k=21: rdisc=0.983, norm=19.0 
REGINN:Gradient::k=22: rdisc=0.982, norm=19.2 
REGINN:Gradient::k=23: rdisc=0.981, norm=19.3 
REGINN:Gradient::k=24: rdisc=0.981, norm=19.5 
REGINN:Gradient::k=25: rdisc=0.981, norm=19.7 
REGINN:Gradient::k=26: rdisc=0.981, norm=20.0 
REGINN:Gradient::k=27: rdisc=0.981, norm=20.1 
REGINN:Gradient::k=28: rdisc=0.980, norm=21.2 
REGINN:Gradient::k=29: rdisc=0.980, norm=21.3 
REGINN:Gradient::k=30: rdisc=0.970, norm=44.8 
REGINN:Gradient::k=31: rdisc=0.963, norm=44.8 
REGINN:Gradient::k=32: rdisc=0.962, norm=45.2 
REGINN:Gradient::k=33: rdisc=0.962, norm=45.3 
REGINN:Gradient::k=34: rdisc=0.961, norm=45.8 
REGINN:Gradient::k=35: rdisc=0.961, norm=45.9 
REGINN:Gradient::Unsuccessful termination after 35 iterations!
REGINN::Linear solver did not achieve desired discrepancy due to max_iter.
REGINN::i=29: rdisc=0.0149, rnorm=0.765, rerr=0.541
REGINN::-1.29 ≤ estimate ≤ 14.6
REGINN::
REGINN::Solving linear problem using rtol=0.885 and max_iter=66
REGINN:Gradient::k=0 : rdisc=1.00 , norm=0.00 
REGINN:Gradient::k=1 : rdisc=0.999, norm=2.31 
REGINN:Gradient::k=2 : rdisc=0.998, norm=2.32 
REGINN:Gradient::k=3 : rdisc=0.998, norm=2.43 
REGINN:Gradient::k=4 : rdisc=0.998, norm=2.56 
REGINN:Gradient::k=5 : rdisc=0.998, norm=2.87 
REGINN:Gradient::k=6 : rdisc=0.998, norm=2.96 
REGINN:Gradient::k=7 : rdisc=0.997, norm=3.96 
REGINN:Gradient::k=8 : rdisc=0.997, norm=4.04 
REGINN:Gradient::k=9 : rdisc=0.995, norm=9.49 
REGINN:Gradient::k=10: rdisc=0.993, norm=9.59 
REGINN:Gradient::k=11: rdisc=0.991, norm=14.0 
REGINN:Gradient::k=12: rdisc=0.989, norm=14.1 
REGINN:Gradient::k=13: rdisc=0.989, norm=14.3 
REGINN:Gradient::k=14: rdisc=0.989, norm=14.5 
REGINN:Gradient::k=15: rdisc=0.989, norm=14.8 
REGINN:Gradient::k=16: rdisc=0.989, norm=14.9 
REGINN:Gradient::k=17: rdisc=0.988, norm=15.8 
REGINN:Gradient::k=18: rdisc=0.988, norm=15.9 
REGINN:Gradient::k=19: rdisc=0.986, norm=21.6 
REGINN:Gradient::k=20: rdisc=0.983, norm=21.7 
REGINN:Gradient::k=21: rdisc=0.975, norm=43.7 
REGINN:Gradient::k=22: rdisc=0.972, norm=43.7 
REGINN:Gradient::k=23: rdisc=0.970, norm=43.7 
REGINN:Gradient::k=24: rdisc=0.969, norm=43.7 
REGINN:Gradient::k=25: rdisc=0.968, norm=43.9 
REGINN:Gradient::k=26: rdisc=0.968, norm=43.9 
REGINN:Gradient::k=27: rdisc=0.967, norm=44.3 
REGINN:Gradient::k=28: rdisc=0.967, norm=44.4 
REGINN:Gradient::k=29: rdisc=0.966, norm=45.8 
REGINN:Gradient::k=30: rdisc=0.965, norm=45.9 
REGINN:Gradient::k=31: rdisc=0.963, norm=51.4 
REGINN:Gradient::k=32: rdisc=0.961, norm=51.5 
REGINN:Gradient::k=33: rdisc=0.961, norm=52.0 
REGINN:Gradient::k=34: rdisc=0.961, norm=52.1 
REGINN:Gradient::k=35: rdisc=0.960, norm=52.5 
REGINN:Gradient::k=36: rdisc=0.960, norm=52.6 
REGINN:Gradient::k=37: rdisc=0.960, norm=53.6 
REGINN:Gradient::k=38: rdisc=0.959, norm=53.7 
REGINN:Gradient::k=39: rdisc=0.958, norm=57.5 
REGINN:Gradient::k=40: rdisc=0.957, norm=57.6 
REGINN:Gradient::k=41: rdisc=0.956, norm=57.8 
REGINN:Gradient::k=42: rdisc=0.956, norm=57.9 
REGINN:Gradient::k=43: rdisc=0.956, norm=58.3 
REGINN:Gradient::k=44: rdisc=0.956, norm=58.4 
REGINN:Gradient::k=45: rdisc=0.955, norm=59.6 
REGINN:Gradient::k=46: rdisc=0.955, norm=59.6 
REGINN:Gradient::k=47: rdisc=0.951, norm=69.5 
REGINN:Gradient::k=48: rdisc=0.948, norm=69.6 
REGINN:Gradient::k=49: rdisc=0.947, norm=70.6 
REGINN:Gradient::k=50: rdisc=0.947, norm=70.7 
REGINN:Gradient::k=51: rdisc=0.946, norm=71.4 
REGINN:Gradient::k=52: rdisc=0.946, norm=71.5 
REGINN:Gradient::k=53: rdisc=0.946, norm=72.4 
REGINN:Gradient::k=54: rdisc=0.945, norm=72.5 
REGINN:Gradient::k=55: rdisc=0.945, norm=73.3 
REGINN:Gradient::k=56: rdisc=0.945, norm=73.4 
REGINN:Gradient::k=57: rdisc=0.944, norm=73.9 
REGINN:Gradient::k=58: rdisc=0.944, norm=73.9 
REGINN:Gradient::k=59: rdisc=0.944, norm=75.0 
REGINN:Gradient::k=60: rdisc=0.943, norm=75.0 
REGINN:Gradient::k=61: rdisc=0.941, norm=80.0 
REGINN:Gradient::k=62: rdisc=0.940, norm=80.1 
REGINN:Gradient::k=63: rdisc=0.940, norm=80.2 
REGINN:Gradient::k=64: rdisc=0.940, norm=80.3 
REGINN:Gradient::k=65: rdisc=0.939, norm=80.5 
REGINN:Gradient::k=66: rdisc=0.939, norm=80.6 
REGINN:Gradient::Unsuccessful termination after 66 iterations!
REGINN::Linear solver did not achieve desired discrepancy due to max_iter.
REGINN::Saving current residual in ./step-0030/
REGINN::Saving current estimate in ./step-0030/
REGINN::i=30: rdisc=0.0141, rnorm=0.770, rerr=0.535
REGINN::-1.31 ≤ estimate ≤ 14.5
REGINN::
REGINN::Solving linear problem using rtol=0.939 and max_iter=101
REGINN:Gradient::k=0 : rdisc=1.00 , norm=0.00 
REGINN:Gradient::k=1 : rdisc=1.00 , norm=0.241
REGINN:Gradient::k=2 : rdisc=1.00 , norm=0.472
REGINN:Gradient::k=3 : rdisc=0.999, norm=0.604
REGINN:Gradient::k=4 : rdisc=0.999, norm=1.05 
REGINN:Gradient::k=5 : rdisc=0.999, norm=1.14 
REGINN:Gradient::k=6 : rdisc=0.998, norm=3.32 
REGINN:Gradient::k=7 : rdisc=0.997, norm=3.39 
REGINN:Gradient::k=8 : rdisc=0.990, norm=22.0 
REGINN:Gradient::k=9 : rdisc=0.984, norm=22.1 
REGINN:Gradient::k=10: rdisc=0.983, norm=22.5 
REGINN:Gradient::k=11: rdisc=0.982, norm=22.6 
REGINN:Gradient::k=12: rdisc=0.982, norm=23.0 
REGINN:Gradient::k=13: rdisc=0.982, norm=23.1 
REGINN:Gradient::k=14: rdisc=0.981, norm=24.5 
REGINN:Gradient::k=15: rdisc=0.981, norm=24.6 
REGINN:Gradient::k=16: rdisc=0.980, norm=26.2 
REGINN:Gradient::k=17: rdisc=0.980, norm=26.2 
REGINN:Gradient::k=18: rdisc=0.979, norm=26.6 
REGINN:Gradient::k=19: rdisc=0.979, norm=26.6 
REGINN:Gradient::k=20: rdisc=0.979, norm=27.4 
REGINN:Gradient::k=21: rdisc=0.979, norm=27.5 
REGINN:Gradient::k=22: rdisc=0.977, norm=32.0 
REGINN:Gradient::k=23: rdisc=0.975, norm=32.1 
REGINN:Gradient::k=24: rdisc=0.975, norm=32.8 
REGINN:Gradient::k=25: rdisc=0.975, norm=33.0 
REGINN:Gradient::k=26: rdisc=0.974, norm=33.1 
REGINN:Gradient::k=27: rdisc=0.974, norm=33.3 
REGINN:Gradient::k=28: rdisc=0.974, norm=33.4 
REGINN:Gradient::k=29: rdisc=0.974, norm=33.9 
REGINN:Gradient::k=30: rdisc=0.974, norm=33.9 
REGINN:Gradient::k=31: rdisc=0.973, norm=36.8 
REGINN:Gradient::k=32: rdisc=0.972, norm=36.8 
REGINN:Gradient::k=33: rdisc=0.944, norm=107. 
REGINN:Gradient::k=34: rdisc=0.932, norm=107. 
REGINN:Gradient::Target discrepancy reached after 34 iterations.
REGINN::i=31: rdisc=0.0132, rnorm=0.778, rerr=0.528
REGINN::-1.33 ≤ estimate ≤ 14.3
REGINN::
REGINN::Solving linear problem using rtol=0.892 and max_iter=100
REGINN:Gradient::k=0 : rdisc=1.00 , norm=0.00 
REGINN:Gradient::k=1 : rdisc=0.996, norm=0.956
REGINN:Gradient::k=2 : rdisc=0.993, norm=1.67 
REGINN:Gradient::k=3 : rdisc=0.992, norm=2.07 
REGINN:Gradient::k=4 : rdisc=0.990, norm=2.80 
REGINN:Gradient::k=5 : rdisc=0.990, norm=3.01 
REGINN:Gradient::k=6 : rdisc=0.989, norm=3.93 
REGINN:Gradient::k=7 : rdisc=0.988, norm=4.06 
REGINN:Gradient::k=8 : rdisc=0.987, norm=5.04 
REGINN:Gradient::k=9 : rdisc=0.987, norm=5.15 
REGINN:Gradient::k=10: rdisc=0.986, norm=7.20 
REGINN:Gradient::k=11: rdisc=0.985, norm=7.26 
REGINN:Gradient::k=12: rdisc=0.985, norm=7.35 
REGINN:Gradient::k=13: rdisc=0.984, norm=7.45 
REGINN:Gradient::k=14: rdisc=0.984, norm=7.55 
REGINN:Gradient::k=15: rdisc=0.984, norm=7.67 
REGINN:Gradient::k=16: rdisc=0.984, norm=7.79 
REGINN:Gradient::k=17: rdisc=0.984, norm=7.90 
REGINN:Gradient::k=18: rdisc=0.984, norm=8.07 
REGINN:Gradient::k=19: rdisc=0.984, norm=8.17 
REGINN:Gradient::k=20: rdisc=0.983, norm=8.60 
REGINN:Gradient::k=21: rdisc=0.983, norm=8.69 
REGINN:Gradient::k=22: rdisc=0.980, norm=15.5 
REGINN:Gradient::k=23: rdisc=0.977, norm=15.6 
REGINN:Gradient::k=24: rdisc=0.976, norm=17.8 
REGINN:Gradient::k=25: rdisc=0.976, norm=17.9 
REGINN:Gradient::k=26: rdisc=0.976, norm=18.0 
REGINN:Gradient::k=27: rdisc=0.975, norm=18.1 
REGINN:Gradient::k=28: rdisc=0.975, norm=18.2 
REGINN:Gradient::k=29: rdisc=0.975, norm=18.5 
REGINN:Gradient::k=30: rdisc=0.975, norm=18.5 
REGINN:Gradient::k=31: rdisc=0.975, norm=19.6 
REGINN:Gradient::k=32: rdisc=0.974, norm=19.6 
REGINN:Gradient::k=33: rdisc=0.972, norm=24.9 
REGINN:Gradient::k=34: rdisc=0.970, norm=24.8 
REGINN:Gradient::k=35: rdisc=0.970, norm=25.3 
REGINN:Gradient::k=36: rdisc=0.970, norm=25.5 
REGINN:Gradient::k=37: rdisc=0.969, norm=25.6 
REGINN:Gradient::k=38: rdisc=0.969, norm=25.8 
REGINN:Gradient::k=39: rdisc=0.969, norm=25.9 
REGINN:Gradient::k=40: rdisc=0.969, norm=26.1 
REGINN:Gradient::k=41: rdisc=0.969, norm=26.2 
REGINN:Gradient::k=42: rdisc=0.969, norm=26.8 
REGINN:Gradient::k=43: rdisc=0.969, norm=26.8 
REGINN:Gradient::k=44: rdisc=0.965, norm=34.6 
REGINN:Gradient::k=45: rdisc=0.962, norm=34.7 
REGINN:Gradient::k=46: rdisc=0.961, norm=37.0 
REGINN:Gradient::k=47: rdisc=0.961, norm=37.1 
REGINN:Gradient::k=48: rdisc=0.961, norm=37.2 
REGINN:Gradient::k=49: rdisc=0.961, norm=37.3 
REGINN:Gradient::k=50: rdisc=0.960, norm=37.4 
REGINN:Gradient::k=51: rdisc=0.960, norm=37.9 
REGINN:Gradient::k=52: rdisc=0.960, norm=38.0 
REGINN:Gradient::k=53: rdisc=0.959, norm=40.3 
REGINN:Gradient::k=54: rdisc=0.958, norm=40.4 
REGINN:Gradient::k=55: rdisc=0.956, norm=46.5 
REGINN:Gradient::k=56: rdisc=0.954, norm=46.6 
REGINN:Gradient::k=57: rdisc=0.954, norm=46.6 
REGINN:Gradient::k=58: rdisc=0.954, norm=46.7 
REGINN:Gradient::k=59: rdisc=0.953, norm=46.8 
REGINN:Gradient::k=60: rdisc=0.953, norm=46.9 
REGINN:Gradient::k=61: rdisc=0.953, norm=47.1 
REGINN:Gradient::k=62: rdisc=0.953, norm=47.2 
REGINN:Gradient::k=63: rdisc=0.953, norm=47.6 
REGINN:Gradient::k=64: rdisc=0.953, norm=47.6 
REGINN:Gradient::k=65: rdisc=0.952, norm=49.9 
REGINN:Gradient::k=66: rdisc=0.951, norm=50.0 
REGINN:Gradient::k=67: rdisc=0.948, norm=58.4 
REGINN:Gradient::k=68: rdisc=0.947, norm=58.4 
REGINN:Gradient::k=69: rdisc=0.946, norm=58.4 
REGINN:Gradient::k=70: rdisc=0.945, norm=58.5 
REGINN:Gradient::k=71: rdisc=0.945, norm=58.6 
REGINN:Gradient::k=72: rdisc=0.945, norm=58.6 
REGINN:Gradient::k=73: rdisc=0.944, norm=59.1 
REGINN:Gradient::k=74: rdisc=0.944, norm=59.2 
REGINN:Gradient::k=75: rdisc=0.943, norm=61.4 
REGINN:Gradient::k=76: rdisc=0.942, norm=61.5 
REGINN:Gradient::k=77: rdisc=0.942, norm=62.5 
REGINN:Gradient::k=78: rdisc=0.942, norm=62.6 
REGINN:Gradient::k=79: rdisc=0.942, norm=62.7 
REGINN:Gradient::k=80: rdisc=0.941, norm=62.8 
REGINN:Gradient::k=81: rdisc=0.941, norm=63.0 
REGINN:Gradient::k=82: rdisc=0.941, norm=63.1 
REGINN:Gradient::k=83: rdisc=0.941, norm=63.3 
REGINN:Gradient::k=84: rdisc=0.941, norm=63.4 
REGINN:Gradient::k=85: rdisc=0.941, norm=64.2 
REGINN:Gradient::k=86: rdisc=0.940, norm=64.3 
REGINN:Gradient::k=87: rdisc=0.937, norm=72.6 
REGINN:Gradient::k=88: rdisc=0.934, norm=72.7 
REGINN:Gradient::k=89: rdisc=0.933, norm=74.5 
REGINN:Gradient::k=90: rdisc=0.933, norm=74.5 
REGINN:Gradient::k=91: rdisc=0.933, norm=74.7 
REGINN:Gradient::k=92: rdisc=0.933, norm=74.8 
REGINN:Gradient::k=93: rdisc=0.933, norm=74.9 
REGINN:Gradient::k=94: rdisc=0.932, norm=75.2 
REGINN:Gradient::k=95: rdisc=0.932, norm=75.2 
REGINN:Gradient::k=96: rdisc=0.932, norm=76.4 
REGINN:Gradient::k=97: rdisc=0.931, norm=76.4 
REGINN:Gradient::k=98: rdisc=0.926, norm=92.2 
REGINN:Gradient::k=99: rdisc=0.920, norm=92.2 
REGINN:Gradient::k=100: rdisc=0.919, norm=95.3 
REGINN:Gradient::Unsuccessful termination after 100 iterations!
REGINN::Linear solver did not achieve desired discrepancy due to max_iter.
REGINN::i=32: rdisc=0.0122, rnorm=0.784, rerr=0.522
REGINN::-1.35 ≤ estimate ≤ 14.0
REGINN::
REGINN::Solving linear problem using rtol=0.963 and max_iter=134
REGINN:Gradient::k=0 : rdisc=1.00 , norm=0.00 
REGINN:Gradient::k=1 : rdisc=0.999, norm=0.428
REGINN:Gradient::k=2 : rdisc=0.999, norm=0.616
REGINN:Gradient::k=3 : rdisc=0.998, norm=0.795
REGINN:Gradient::k=4 : rdisc=0.998, norm=0.918
REGINN:Gradient::k=5 : rdisc=0.998, norm=1.07 
REGINN:Gradient::k=6 : rdisc=0.998, norm=1.18 
REGINN:Gradient::k=7 : rdisc=0.998, norm=1.31 
REGINN:Gradient::k=8 : rdisc=0.998, norm=1.42 
REGINN:Gradient::k=9 : rdisc=0.998, norm=1.54 
REGINN:Gradient::k=10: rdisc=0.998, norm=1.67 
REGINN:Gradient::k=11: rdisc=0.997, norm=1.77 
REGINN:Gradient::k=12: rdisc=0.997, norm=1.96 
REGINN:Gradient::k=13: rdisc=0.997, norm=2.04 
REGINN:Gradient::k=14: rdisc=0.997, norm=2.65 
REGINN:Gradient::k=15: rdisc=0.997, norm=2.70 
REGINN:Gradient::k=16: rdisc=0.993, norm=10.8 
REGINN:Gradient::k=17: rdisc=0.990, norm=10.8 
REGINN:Gradient::k=18: rdisc=0.989, norm=12.8 
REGINN:Gradient::k=19: rdisc=0.989, norm=12.9 
REGINN:Gradient::k=20: rdisc=0.989, norm=12.9 
REGINN:Gradient::k=21: rdisc=0.988, norm=13.1 
REGINN:Gradient::k=22: rdisc=0.988, norm=13.2 
REGINN:Gradient::k=23: rdisc=0.988, norm=13.4 
REGINN:Gradient::k=24: rdisc=0.988, norm=13.5 
REGINN:Gradient::k=25: rdisc=0.988, norm=14.7 
REGINN:Gradient::k=26: rdisc=0.987, norm=14.7 
REGINN:Gradient::k=27: rdisc=0.960, norm=84.5 
REGINN:Gradient::Target discrepancy reached after 27 iterations.
REGINN::i=33: rdisc=0.0117, rnorm=0.791, rerr=0.516
REGINN::-1.35 ≤ estimate ≤ 13.5
REGINN::
REGINN::Solving linear problem using rtol=0.915 and max_iter=127
REGINN:Gradient::k=0 : rdisc=1.00 , norm=0.00 
REGINN:Gradient::k=1 : rdisc=0.990, norm=1.37 
REGINN:Gradient::k=2 : rdisc=0.985, norm=2.02 
REGINN:Gradient::k=3 : rdisc=0.983, norm=2.55 
REGINN:Gradient::k=4 : rdisc=0.981, norm=3.11 
REGINN:Gradient::k=5 : rdisc=0.980, norm=3.42 
REGINN:Gradient::k=6 : rdisc=0.979, norm=3.91 
REGINN:Gradient::k=7 : rdisc=0.978, norm=4.11 
REGINN:Gradient::k=8 : rdisc=0.977, norm=4.58 
REGINN:Gradient::k=9 : rdisc=0.977, norm=4.71 
REGINN:Gradient::k=10: rdisc=0.976, norm=5.26 
REGINN:Gradient::k=11: rdisc=0.976, norm=5.34 
REGINN:Gradient::k=12: rdisc=0.975, norm=6.31 
REGINN:Gradient::k=13: rdisc=0.975, norm=6.38 
REGINN:Gradient::k=14: rdisc=0.971, norm=13.3 
REGINN:Gradient::k=15: rdisc=0.970, norm=13.5 
REGINN:Gradient::k=16: rdisc=0.969, norm=13.7 
REGINN:Gradient::k=17: rdisc=0.969, norm=13.8 
REGINN:Gradient::k=18: rdisc=0.968, norm=14.0 
REGINN:Gradient::k=19: rdisc=0.968, norm=14.1 
REGINN:Gradient::k=20: rdisc=0.968, norm=14.4 
REGINN:Gradient::k=21: rdisc=0.968, norm=14.5 
REGINN:Gradient::k=22: rdisc=0.967, norm=15.6 
REGINN:Gradient::k=23: rdisc=0.967, norm=15.7 
REGINN:Gradient::k=24: rdisc=0.963, norm=22.4 
REGINN:Gradient::k=25: rdisc=0.962, norm=22.7 
REGINN:Gradient::k=26: rdisc=0.961, norm=22.8 
REGINN:Gradient::k=27: rdisc=0.961, norm=23.0 
REGINN:Gradient::k=28: rdisc=0.961, norm=23.1 
REGINN:Gradient::k=29: rdisc=0.960, norm=23.6 
REGINN:Gradient::k=30: rdisc=0.960, norm=23.6 
REGINN:Gradient::k=31: rdisc=0.959, norm=25.2 
REGINN:Gradient::k=32: rdisc=0.959, norm=25.3 
REGINN:Gradient::k=33: rdisc=0.956, norm=30.6 
REGINN:Gradient::k=34: rdisc=0.956, norm=30.9 
REGINN:Gradient::k=35: rdisc=0.955, norm=30.9 
REGINN:Gradient::k=36: rdisc=0.955, norm=31.2 
REGINN:Gradient::k=37: rdisc=0.955, norm=31.3 
REGINN:Gradient::k=38: rdisc=0.954, norm=31.9 
REGINN:Gradient::k=39: rdisc=0.954, norm=32.0 
REGINN:Gradient::k=40: rdisc=0.951, norm=38.2 
REGINN:Gradient::k=41: rdisc=0.950, norm=38.3 
REGINN:Gradient::k=42: rdisc=0.949, norm=39.0 
REGINN:Gradient::k=43: rdisc=0.949, norm=39.1 
REGINN:Gradient::k=44: rdisc=0.949, norm=39.2 
REGINN:Gradient::k=45: rdisc=0.948, norm=39.3 
REGINN:Gradient::k=46: rdisc=0.948, norm=39.4 
REGINN:Gradient::k=47: rdisc=0.948, norm=39.6 
REGINN:Gradient::k=48: rdisc=0.948, norm=39.6 
REGINN:Gradient::k=49: rdisc=0.948, norm=40.8 
REGINN:Gradient::k=50: rdisc=0.947, norm=40.9 
REGINN:Gradient::k=51: rdisc=0.943, norm=51.2 
REGINN:Gradient::k=52: rdisc=0.941, norm=51.1 
REGINN:Gradient::k=53: rdisc=0.940, norm=51.2 
REGINN:Gradient::k=54: rdisc=0.940, norm=51.2 
REGINN:Gradient::k=55: rdisc=0.940, norm=51.4 
REGINN:Gradient::k=56: rdisc=0.939, norm=51.5 
REGINN:Gradient::k=57: rdisc=0.939, norm=52.5 
REGINN:Gradient::k=58: rdisc=0.939, norm=52.5 
REGINN:Gradient::k=59: rdisc=0.938, norm=54.2 
REGINN:Gradient::k=60: rdisc=0.937, norm=54.2 
REGINN:Gradient::k=61: rdisc=0.937, norm=54.3 
REGINN:Gradient::k=62: rdisc=0.937, norm=54.4 
REGINN:Gradient::k=63: rdisc=0.937, norm=54.5 
REGINN:Gradient::k=64: rdisc=0.937, norm=54.5 
REGINN:Gradient::k=65: rdisc=0.937, norm=54.7 
REGINN:Gradient::k=66: rdisc=0.937, norm=54.7 
REGINN:Gradient::k=67: rdisc=0.937, norm=55.1 
REGINN:Gradient::k=68: rdisc=0.937, norm=55.2 
REGINN:Gradient::k=69: rdisc=0.936, norm=58.2 
REGINN:Gradient::k=70: rdisc=0.934, norm=58.2 
REGINN:Gradient::k=71: rdisc=0.932, norm=63.9 
REGINN:Gradient::k=72: rdisc=0.931, norm=63.9 
REGINN:Gradient::k=73: rdisc=0.931, norm=63.9 
REGINN:Gradient::k=74: rdisc=0.931, norm=64.0 
REGINN:Gradient::k=75: rdisc=0.930, norm=64.0 
REGINN:Gradient::k=76: rdisc=0.930, norm=64.1 
REGINN:Gradient::k=77: rdisc=0.930, norm=64.2 
REGINN:Gradient::k=78: rdisc=0.930, norm=64.3 
REGINN:Gradient::k=79: rdisc=0.930, norm=64.4 
REGINN:Gradient::k=80: rdisc=0.930, norm=64.4 
REGINN:Gradient::k=81: rdisc=0.930, norm=64.6 
REGINN:Gradient::k=82: rdisc=0.930, norm=64.7 
REGINN:Gradient::k=83: rdisc=0.930, norm=65.2 
REGINN:Gradient::k=84: rdisc=0.929, norm=65.3 
REGINN:Gradient::k=85: rdisc=0.928, norm=69.9 
REGINN:Gradient::k=86: rdisc=0.926, norm=69.9 
REGINN:Gradient::k=87: rdisc=0.924, norm=74.3 
REGINN:Gradient::k=88: rdisc=0.924, norm=74.3 
REGINN:Gradient::k=89: rdisc=0.923, norm=74.3 
REGINN:Gradient::k=90: rdisc=0.923, norm=74.4 
REGINN:Gradient::k=91: rdisc=0.923, norm=74.4 
REGINN:Gradient::k=92: rdisc=0.923, norm=74.7 
REGINN:Gradient::k=93: rdisc=0.923, norm=74.7 
REGINN:Gradient::k=94: rdisc=0.922, norm=76.5 
REGINN:Gradient::k=95: rdisc=0.921, norm=76.5 
REGINN:Gradient::k=96: rdisc=0.921, norm=77.0 
REGINN:Gradient::k=97: rdisc=0.921, norm=77.1 
REGINN:Gradient::k=98: rdisc=0.921, norm=77.2 
REGINN:Gradient::k=99: rdisc=0.921, norm=77.3 
REGINN:Gradient::k=100: rdisc=0.921, norm=77.4 
REGINN:Gradient::k=101: rdisc=0.921, norm=77.5 
REGINN:Gradient::k=102: rdisc=0.920, norm=78.2 
REGINN:Gradient::k=103: rdisc=0.920, norm=78.2 
REGINN:Gradient::k=104: rdisc=0.916, norm=90.7 
REGINN:Gradient::k=105: rdisc=0.911, norm=90.7 
REGINN:Gradient::Target discrepancy reached after 105 iterations.
REGINN::i=34: rdisc=0.0107, rnorm=0.796, rerr=0.511
REGINN::-1.36 ≤ estimate ≤ 13.0
REGINN::
REGINN::Solving linear problem using rtol=0.978 and max_iter=132
REGINN:Gradient::k=0 : rdisc=1.00 , norm=0.00 
REGINN:Gradient::k=1 : rdisc=1.00 , norm=0.276
REGINN:Gradient::k=2 : rdisc=0.999, norm=0.362
REGINN:Gradient::k=3 : rdisc=0.999, norm=0.487
REGINN:Gradient::k=4 : rdisc=0.999, norm=0.576
REGINN:Gradient::k=5 : rdisc=0.999, norm=0.674
REGINN:Gradient::k=6 : rdisc=0.999, norm=0.795
REGINN:Gradient::k=7 : rdisc=0.999, norm=0.869
REGINN:Gradient::k=8 : rdisc=0.999, norm=1.10 
REGINN:Gradient::k=9 : rdisc=0.999, norm=1.15 
REGINN:Gradient::k=10: rdisc=0.998, norm=2.49 
REGINN:Gradient::k=11: rdisc=0.998, norm=2.52 
REGINN:Gradient::k=12: rdisc=0.985, norm=34.8 
REGINN:Gradient::k=13: rdisc=0.980, norm=34.8 
REGINN:Gradient::k=14: rdisc=0.978, norm=34.8 
REGINN:Gradient::Target discrepancy reached after 14 iterations.
REGINN::i=35: rdisc=0.0105, rnorm=0.798, rerr=0.509
REGINN::-1.36 ≤ estimate ≤ 12.6
REGINN::
REGINN::Solving linear problem using rtol=0.952 and max_iter=119
REGINN:Gradient::k=0 : rdisc=1.00 , norm=0.00 
REGINN:Gradient::k=1 : rdisc=0.998, norm=0.681
REGINN:Gradient::k=2 : rdisc=0.997, norm=0.810
REGINN:Gradient::k=3 : rdisc=0.997, norm=1.27 
REGINN:Gradient::k=4 : rdisc=0.996, norm=1.39 
REGINN:Gradient::k=5 : rdisc=0.996, norm=1.74 
REGINN:Gradient::k=6 : rdisc=0.996, norm=1.82 
REGINN:Gradient::k=7 : rdisc=0.995, norm=2.19 
REGINN:Gradient::k=8 : rdisc=0.995, norm=2.23 
REGINN:Gradient::k=9 : rdisc=0.995, norm=2.97 
REGINN:Gradient::k=10: rdisc=0.995, norm=3.00 
REGINN:Gradient::k=11: rdisc=0.990, norm=12.0 
REGINN:Gradient::k=12: rdisc=0.989, norm=12.0 
REGINN:Gradient::k=13: rdisc=0.988, norm=12.1 
REGINN:Gradient::k=14: rdisc=0.988, norm=12.1 
REGINN:Gradient::k=15: rdisc=0.988, norm=12.2 
REGINN:Gradient::k=16: rdisc=0.988, norm=12.3 
REGINN:Gradient::k=17: rdisc=0.987, norm=12.4 
REGINN:Gradient::k=18: rdisc=0.987, norm=12.4 
REGINN:Gradient::k=19: rdisc=0.987, norm=12.7 
REGINN:Gradient::k=20: rdisc=0.987, norm=12.7 
REGINN:Gradient::k=21: rdisc=0.986, norm=13.9 
REGINN:Gradient::k=22: rdisc=0.986, norm=13.9 
REGINN:Gradient::k=23: rdisc=0.984, norm=18.8 
REGINN:Gradient::k=24: rdisc=0.982, norm=18.9 
REGINN:Gradient::k=25: rdisc=0.982, norm=19.0 
REGINN:Gradient::k=26: rdisc=0.982, norm=19.1 
REGINN:Gradient::k=27: rdisc=0.982, norm=19.1 
REGINN:Gradient::k=28: rdisc=0.981, norm=19.4 
REGINN:Gradient::k=29: rdisc=0.981, norm=19.4 
REGINN:Gradient::k=30: rdisc=0.981, norm=20.4 
REGINN:Gradient::k=31: rdisc=0.981, norm=20.4 
REGINN:Gradient::k=32: rdisc=0.975, norm=34.6 
REGINN:Gradient::k=33: rdisc=0.973, norm=34.8 
REGINN:Gradient::k=34: rdisc=0.972, norm=34.8 
REGINN:Gradient::k=35: rdisc=0.971, norm=35.0 
REGINN:Gradient::k=36: rdisc=0.971, norm=35.0 
REGINN:Gradient::k=37: rdisc=0.970, norm=35.2 
REGINN:Gradient::k=38: rdisc=0.970, norm=35.3 
REGINN:Gradient::k=39: rdisc=0.970, norm=35.6 
REGINN:Gradient::k=40: rdisc=0.970, norm=35.6 
REGINN:Gradient::k=41: rdisc=0.969, norm=36.4 
REGINN:Gradient::k=42: rdisc=0.969, norm=36.4 
REGINN:Gradient::k=43: rdisc=0.963, norm=51.4 
REGINN:Gradient::k=44: rdisc=0.961, norm=51.4 
REGINN:Gradient::k=45: rdisc=0.960, norm=51.6 
REGINN:Gradient::k=46: rdisc=0.959, norm=51.6 
REGINN:Gradient::k=47: rdisc=0.959, norm=51.7 
REGINN:Gradient::k=48: rdisc=0.959, norm=51.8 
REGINN:Gradient::k=49: rdisc=0.958, norm=52.0 
REGINN:Gradient::k=50: rdisc=0.958, norm=52.0 
REGINN:Gradient::k=51: rdisc=0.958, norm=52.5 
REGINN:Gradient::k=52: rdisc=0.957, norm=52.5 
REGINN:Gradient::k=53: rdisc=0.955, norm=58.7 
REGINN:Gradient::k=54: rdisc=0.953, norm=58.7 
REGINN:Gradient::k=55: rdisc=0.953, norm=59.0 
REGINN:Gradient::k=56: rdisc=0.953, norm=59.0 
REGINN:Gradient::k=57: rdisc=0.952, norm=59.6 
REGINN:Gradient::k=58: rdisc=0.952, norm=59.6 
REGINN:Gradient::k=59: rdisc=0.952, norm=60.0 
REGINN:Gradient::Target discrepancy reached after 59 iterations.
REGINN::i=36: rdisc=0.0100, rnorm=0.802, rerr=0.505
REGINN::-1.36 ≤ estimate ≤ 12.1
REGINN::
REGINN::Solving linear problem using rtol=0.996 and max_iter=73
REGINN:Gradient::k=0 : rdisc=1.00 , norm=0.00 
REGINN:Gradient::k=1 : rdisc=1.00 , norm=0.280
REGINN:Gradient::k=2 : rdisc=0.999, norm=0.335
REGINN:Gradient::k=3 : rdisc=0.999, norm=0.458
REGINN:Gradient::k=4 : rdisc=0.999, norm=0.494
REGINN:Gradient::k=5 : rdisc=0.999, norm=0.617
REGINN:Gradient::k=6 : rdisc=0.999, norm=0.653
REGINN:Gradient::k=7 : rdisc=0.999, norm=0.826
REGINN:Gradient::k=8 : rdisc=0.999, norm=0.847
REGINN:Gradient::k=9 : rdisc=0.999, norm=1.42 
REGINN:Gradient::k=10: rdisc=0.999, norm=1.41 
REGINN:Gradient::k=11: rdisc=0.994, norm=12.7 
REGINN:Gradient::Target discrepancy reached after 11 iterations.
REGINN::i=37: rdisc=0.00998, rnorm=0.803, rerr=0.504
REGINN::-1.36 ≤ estimate ≤ 12.0
REGINN::
REGINN::Saving current residual in ./step-0037/
REGINN::Saving current estimate in ./step-0037/
REGINN::Target discrepancy reached after 37 iterations.
REGINN::-1.36 ≤ estimate ≤ 12.0
Relative p-norm on top of (ℝⁿ, ‖·‖₂) with p=1.500000 error of the reconstruction: 0.504
reconstruction error in other norms: 
Relative (ℝⁿ, ‖·‖₂) error of the reconstruction: 0.541
Relative L²([0,T], L²(Ω)) error of the reconstruction: 0.485
Relative H¹([0,T], L²(Ω)) error of the reconstruction: 1.64
Relative H¹([0, T], H¹(Ω)) error of the reconstruction: 3.77
Relative H²([0,T], L²(Ω)) error of the reconstruction: 9.61
Relative p-norm on top of (ℝⁿ, ‖·‖₂) with p=1.500000 error of (reconstruction - initial guess): 0.504
reconstruction error in other norms: 
Relative (ℝⁿ, ‖·‖₂) error of (reconstruction - initial guess): 0.541
Relative L²([0,T], L²(Ω)) error of (reconstruction - initial guess): 0.485
Relative H¹([0,T], L²(Ω)) error of (reconstruction - initial guess): 1.64
Relative H¹([0, T], H¹(Ω)) error of (reconstruction - initial guess): 3.77
Relative H²([0,T], L²(Ω)) error of (reconstruction - initial guess): 9.61
stats::forward              : 39 calls, average 1.7s per call
stats::linearization forward: 906 calls, average 1.7s per call
stats::linearization adjoint: 906 calls, average 1.8s per call
stats::measure forward      : 945 calls, average 637.7µs per call
stats::measure adjoint      : 906 calls, average 452.6µs per call
stats::total wall time      : 55min 25s
