JobId arch-vm0 Thu Feb 22 12:49:47 2018
wavepi 154567e1-dirty
Release-Build, compiled on 2018-02-22T11:31:22Z from commit 154567e149dbca366753c0a1b16fa578efc667b3 ("fix error") on branch master

working directory was dirty, git status: 
 M examples/c_transform_identity/history.csv
 M examples/c_transform_identity/history.png
 M examples/c_transform_identity/history.svg
 M examples/c_transform_identity/history_reginn.csv
 M examples/c_transform_identity/history_reginn.png
 M examples/c_transform_identity/history_reginn.svg
 M examples/c_transform_identity/step-0010/stats.csv
 M examples/c_transform_identity/step-0010/stats.svg
 M examples/c_transform_identity/step-0020/stats.csv
 M examples/c_transform_identity/step-0020/stats.png
 M examples/c_transform_identity/step-0020/stats.svg
 M examples/c_transform_identity/step-0030/stats.csv
 M examples/c_transform_identity/step-0030/stats.png
 M examples/c_transform_identity/step-0030/stats.svg
 D examples/c_transform_identity/step-0040/stats.csv
 D examples/c_transform_identity/step-0040/stats.gplot
 D examples/c_transform_identity/step-0040/stats.png
 D examples/c_transform_identity/step-0040/stats.svg
 M examples/c_transform_identity/wavepi.2.log
 M examples/c_transform_identity/wavepi.4.log.xz
 M examples/c_transform_identity/wavepi_exported.cfg
 M examples/c_transform_log/history.csv
 M examples/c_transform_log/history.png
 M examples/c_transform_log/history.svg
 M examples/c_transform_log/history_reginn.csv
 M examples/c_transform_log/history_reginn.png
 M examples/c_transform_log/history_reginn.svg
 M examples/c_transform_log/step-0010/stats.csv
 M examples/c_transform_log/step-0010/stats.png
 M examples/c_transform_log/step-0010/stats.svg
 M examples/c_transform_log/step-0020/stats.csv
 M examples/c_transform_log/step-0020/stats.png
 M examples/c_transform_log/step-0020/stats.svg
 M examples/c_transform_log/step-0030/stats.csv
 M examples/c_transform_log/step-0030/stats.png
 M examples/c_transform_log/step-0030/stats.svg
 M examples/c_transform_log/step-0040/stats.csv
 M examples/c_transform_log/step-0040/stats.png
 M examples/c_transform_log/step-0040/stats.svg
 M examples/c_transform_log/wavepi.2.log
 M examples/c_transform_log/wavepi.4.log.xz
 M examples/c_transform_log/wavepi_exported.cfg

initialize_mesh::Number of active cells: 1024
initialize_mesh::Number of degrees of freedom in the first spatial mesh: 1089
initialize_mesh::cell diameters: minimal = 0.354, maximal = 0.354
initialize_mesh::dt: 0.0472
initialize_mesh::expected size of a DiscretizedFunction<dim>: 1.06 MiB
parameters:LogTransform::lower bound: 0.1
parameters:WaveEquation::theta: 0.5
parameters:WaveEquation::tol: 1e-8
parameters:constraints::lower bound: -1e300
parameters:constraints::upper bound: 1e300
parameters:general::dimension: 2
parameters:general::finite element degree: 1
parameters:general::quadrature order: 3
parameters:inversion::method: REGINN
parameters:inversion::tau: 2
parameters:log::console depth: 2
parameters:log::file: wavepi.log
parameters:log::file depth: 4
parameters:mesh::end time: 6
parameters:mesh::initial refines: 5
parameters:mesh::initial time steps: 128
parameters:output::data: true
parameters:output::destination: ./step-{{i}}/
parameters:output::discrepancy decrease: 0.5
parameters:output::estimate: true
parameters:output::estimate transformed: false
parameters:output::exact: true
parameters:output::exact transformed: false
parameters:output::interval: 50
parameters:output::last: true
parameters:output::residual: true
parameters:output::statistics: history
parameters:problem::H1L2 alpha: 0.5
parameters:problem::H2L2 alpha: 0.5
parameters:problem::H2L2 beta: 0.25
parameters:problem::constants: 
parameters:problem::epsilon: 1e-3
parameters:problem::initial guess: 1.0
parameters:problem::norm of codomain: L2L2
parameters:problem::norm of domain: H1L2
parameters:problem::parameter a: 1.0
parameters:problem::parameter c: 1.5
parameters:problem::parameter nu: 0.0
parameters:problem::parameter q: 0.0
parameters:problem::transform: Log
parameters:problem::type: c
parameters:watchdog::discrepancy increasing: false
parameters:watchdog::discrepancy slope min values: 40
parameters:watchdog::discrepancy slope percentage: 0.25
parameters:watchdog::discrepancy slope threshold: 0.0
parameters:watchdog::discrepancy threshold: 10.0
parameters:watchdog::maximum iteration count: 0
REGINN::Saving exact parameter in ./step-0000/
REGINN::Saving data in ./step-0000/
REGINN::Saving current residual in ./step-0000/
REGINN::Saving current estimate in ./step-0000/
REGINN::i=0 : rdisc=1.20, rnorm=0.313, rerr=1.31
REGINN::-0.105 ≤ estimate ≤ -0.105
REGINN::Solving linear problem using rtol=0.900 and max_iter=1
REGINN:CGLS::k=0 : rdisc=1.00, norm=0.00
REGINN:CGLS::k=1 : rdisc=0.671, norm=1.79
REGINN:CGLS::Safeguarding: λ=0.809 ⇒ rdisc=0.900
REGINN:CGLS::Target discrepancy reached after 1 iteration.
REGINN::i=1 : rdisc=1.08, rnorm=0.303, rerr=1.30
REGINN::-0.601 ≤ estimate ≤ 0.180
REGINN::
REGINN::Solving linear problem using rtol=0.900 and max_iter=2
REGINN:CGLS::k=0 : rdisc=1.00, norm=0.00
REGINN:CGLS::k=1 : rdisc=0.729, norm=1.25
REGINN:CGLS::Safeguarding: λ=0.771 ⇒ rdisc=0.900
REGINN:CGLS::Target discrepancy reached after 1 iteration.
REGINN::i=2 : rdisc=0.965, rnorm=0.302, rerr=1.29
REGINN::-0.911 ≤ estimate ≤ 0.495
REGINN::
REGINN::Solving linear problem using rtol=0.854 and max_iter=2
REGINN:CGLS::k=0 : rdisc=1.00, norm=0.00
REGINN:CGLS::k=1 : rdisc=0.749, norm=0.901
REGINN:CGLS::Safeguarding: λ=0.620 ⇒ rdisc=0.854
REGINN:CGLS::Target discrepancy reached after 1 iteration.
REGINN::i=3 : rdisc=0.800, rnorm=0.309, rerr=1.28
REGINN::-1.38 ≤ estimate ≤ 1.01
REGINN::
REGINN::Solving linear problem using rtol=0.811 and max_iter=2
REGINN:CGLS::k=0 : rdisc=1.00, norm=0.00
REGINN:CGLS::k=1 : rdisc=0.778, norm=0.519
REGINN:CGLS::Safeguarding: λ=0.362 ⇒ rdisc=0.811
REGINN:CGLS::Target discrepancy reached after 1 iteration.
REGINN::i=4 : rdisc=0.613, rnorm=0.322, rerr=1.28
REGINN::-2.01 ≤ estimate ≤ 1.74
REGINN::
REGINN::Solving linear problem using rtol=0.769 and max_iter=2
REGINN:CGLS::k=0 : rdisc=1.00, norm=0.00
REGINN:CGLS::k=1 : rdisc=0.882, norm=0.231
REGINN:CGLS::k=2 : rdisc=0.802, norm=0.684
REGINN:CGLS::Unsuccessful termination after 2 iterations!
REGINN::Linear solver did not achieve desired discrepancy due to max_iter.
REGINN::Saving current residual in ./step-0005/
REGINN::Saving current estimate in ./step-0005/
REGINN::i=5 : rdisc=0.493, rnorm=0.329, rerr=1.25
REGINN::-2.88 ≤ estimate ≤ 2.57
REGINN::
REGINN::Solving linear problem using rtol=0.730 and max_iter=3
REGINN:CGLS::k=0 : rdisc=1.00, norm=0.00
REGINN:CGLS::k=1 : rdisc=0.972, norm=0.199
REGINN:CGLS::k=2 : rdisc=0.930, norm=0.524
REGINN:CGLS::k=3 : rdisc=0.856, norm=1.13
REGINN:CGLS::Unsuccessful termination after 3 iterations!
REGINN::Linear solver did not achieve desired discrepancy due to max_iter.
REGINN::i=6 : rdisc=0.403, rnorm=0.326, rerr=1.19
REGINN::-2.68 ≤ estimate ≤ 2.32
REGINN::
REGINN::Solving linear problem using rtol=0.693 and max_iter=5
REGINN:CGLS::k=0 : rdisc=1.00, norm=0.00
REGINN:CGLS::k=1 : rdisc=0.966, norm=0.112
REGINN:CGLS::k=2 : rdisc=0.945, norm=0.220
REGINN:CGLS::k=3 : rdisc=0.891, norm=0.586
REGINN:CGLS::k=4 : rdisc=0.550, norm=2.81
REGINN:CGLS::Safeguarding: λ=0.600 ⇒ rdisc=0.693
REGINN:CGLS::Target discrepancy reached after 4 iterations.
REGINN::i=7 : rdisc=0.277, rnorm=0.418, rerr=1.11
REGINN::-2.29 ≤ estimate ≤ 2.06
REGINN::
REGINN::Solving linear problem using rtol=0.658 and max_iter=7
REGINN:CGLS::k=0 : rdisc=1.00, norm=0.00
REGINN:CGLS::k=1 : rdisc=0.935, norm=0.0938
REGINN:CGLS::k=2 : rdisc=0.900, norm=0.204
REGINN:CGLS::k=3 : rdisc=0.717, norm=1.02
REGINN:CGLS::k=4 : rdisc=0.510, norm=1.91
REGINN:CGLS::Safeguarding: λ=0.823 ⇒ rdisc=0.658
REGINN:CGLS::Target discrepancy reached after 4 iterations.
REGINN::Saving current residual in ./step-0008/
REGINN::Saving current estimate in ./step-0008/
REGINN::i=8 : rdisc=0.179, rnorm=0.520, rerr=1.07
REGINN::-1.35 ≤ estimate ≤ 1.41
REGINN::
REGINN::Solving linear problem using rtol=0.624 and max_iter=8
REGINN:CGLS::k=0 : rdisc=1.00, norm=0.00
REGINN:CGLS::k=1 : rdisc=0.897, norm=0.0811
REGINN:CGLS::k=2 : rdisc=0.868, norm=0.141
REGINN:CGLS::k=3 : rdisc=0.689, norm=0.742
REGINN:CGLS::k=4 : rdisc=0.620, norm=0.966
REGINN:CGLS::Safeguarding: λ=0.249 ⇒ rdisc=0.624
REGINN:CGLS::Target discrepancy reached after 4 iterations.
REGINN::i=9 : rdisc=0.139, rnorm=0.603, rerr=1.05
REGINN::-0.775 ≤ estimate ≤ 1.27
REGINN::
REGINN::Solving linear problem using rtol=0.592 and max_iter=8
REGINN:CGLS::k=0 : rdisc=1.00, norm=0.00
REGINN:CGLS::k=1 : rdisc=0.764, norm=0.101
REGINN:CGLS::k=2 : rdisc=0.727, norm=0.139
REGINN:CGLS::k=3 : rdisc=0.702, norm=0.192
REGINN:CGLS::k=4 : rdisc=0.661, norm=0.321
REGINN:CGLS::k=5 : rdisc=0.570, norm=0.654
REGINN:CGLS::Safeguarding: λ=0.478 ⇒ rdisc=0.592
REGINN:CGLS::Target discrepancy reached after 5 iterations.
REGINN::Saving current residual in ./step-0010/
REGINN::Saving current estimate in ./step-0010/
REGINN::i=10: rdisc=0.0846, rnorm=0.620, rerr=1.03
REGINN::-0.676 ≤ estimate ≤ 1.10
REGINN::
REGINN::Solving linear problem using rtol=0.562 and max_iter=9
REGINN:CGLS::k=0 : rdisc=1.00, norm=0.00
REGINN:CGLS::k=1 : rdisc=0.976, norm=0.0292
REGINN:CGLS::k=2 : rdisc=0.956, norm=0.0616
REGINN:CGLS::k=3 : rdisc=0.927, norm=0.137
REGINN:CGLS::k=4 : rdisc=0.896, norm=0.230
REGINN:CGLS::k=5 : rdisc=0.773, norm=0.636
REGINN:CGLS::k=6 : rdisc=0.736, norm=0.754
REGINN:CGLS::k=7 : rdisc=0.710, norm=0.835
REGINN:CGLS::k=8 : rdisc=0.689, norm=0.903
REGINN:CGLS::k=9 : rdisc=0.655, norm=1.02
REGINN:CGLS::Unsuccessful termination after 9 iterations!
REGINN::Linear solver did not achieve desired discrepancy due to max_iter.
REGINN::i=11: rdisc=0.0562, rnorm=0.672, rerr=1.01
REGINN::-0.512 ≤ estimate ≤ 1.20
REGINN::
REGINN::Solving linear problem using rtol=0.533 and max_iter=14
REGINN:CGLS::k=0 : rdisc=1.00, norm=0.00
REGINN:CGLS::k=1 : rdisc=0.972, norm=0.0256
REGINN:CGLS::k=2 : rdisc=0.961, norm=0.0371
REGINN:CGLS::k=3 : rdisc=0.939, norm=0.0753
REGINN:CGLS::k=4 : rdisc=0.925, norm=0.104
REGINN:CGLS::k=5 : rdisc=0.901, norm=0.166
REGINN:CGLS::k=6 : rdisc=0.872, norm=0.252
REGINN:CGLS::k=7 : rdisc=0.836, norm=0.370
REGINN:CGLS::k=8 : rdisc=0.827, norm=0.399
REGINN:CGLS::k=9 : rdisc=0.782, norm=0.555
REGINN:CGLS::k=10: rdisc=0.768, norm=0.608
REGINN:CGLS::k=11: rdisc=0.750, norm=0.671
REGINN:CGLS::k=12: rdisc=0.690, norm=0.899
REGINN:CGLS::k=13: rdisc=0.671, norm=0.969
REGINN:CGLS::k=14: rdisc=0.654, norm=1.03
REGINN:CGLS::Unsuccessful termination after 14 iterations!
REGINN::Linear solver did not achieve desired discrepancy due to max_iter.
REGINN::Saving current residual in ./step-0012/
REGINN::Saving current estimate in ./step-0012/
REGINN::i=12: rdisc=0.0412, rnorm=0.695, rerr=0.979
REGINN::-0.595 ≤ estimate ≤ 1.09
REGINN::
REGINN::Solving linear problem using rtol=0.699 and max_iter=23
REGINN:CGLS::k=0 : rdisc=1.00, norm=0.00
REGINN:CGLS::k=1 : rdisc=0.911, norm=0.0229
REGINN:CGLS::k=2 : rdisc=0.870, norm=0.0426
REGINN:CGLS::k=3 : rdisc=0.847, norm=0.0619
REGINN:CGLS::k=4 : rdisc=0.836, norm=0.0752
REGINN:CGLS::k=5 : rdisc=0.826, norm=0.0912
REGINN:CGLS::k=6 : rdisc=0.816, norm=0.111
REGINN:CGLS::k=7 : rdisc=0.811, norm=0.122
REGINN:CGLS::k=8 : rdisc=0.798, norm=0.159
REGINN:CGLS::k=9 : rdisc=0.778, norm=0.225
REGINN:CGLS::k=10: rdisc=0.760, norm=0.291
REGINN:CGLS::k=11: rdisc=0.748, norm=0.340
REGINN:CGLS::k=12: rdisc=0.738, norm=0.381
REGINN:CGLS::k=13: rdisc=0.716, norm=0.472
REGINN:CGLS::k=14: rdisc=0.710, norm=0.499
REGINN:CGLS::k=15: rdisc=0.679, norm=0.633
REGINN:CGLS::Safeguarding: λ=0.809 ⇒ rdisc=0.699
REGINN:CGLS::Target discrepancy reached after 15 iterations.
REGINN::i=13: rdisc=0.0296, rnorm=0.702, rerr=0.967
REGINN::-0.402 ≤ estimate ≤ 1.09
REGINN::
REGINN::Solving linear problem using rtol=0.719 and max_iter=29
REGINN:CGLS::k=0 : rdisc=1.00, norm=0.00
REGINN:CGLS::k=1 : rdisc=0.978, norm=0.00919
REGINN:CGLS::k=2 : rdisc=0.960, norm=0.0218
REGINN:CGLS::k=3 : rdisc=0.950, norm=0.0318
REGINN:CGLS::k=4 : rdisc=0.939, norm=0.0461
REGINN:CGLS::k=5 : rdisc=0.931, norm=0.0595
REGINN:CGLS::k=6 : rdisc=0.916, norm=0.0924
REGINN:CGLS::k=7 : rdisc=0.912, norm=0.103
REGINN:CGLS::k=8 : rdisc=0.905, norm=0.121
REGINN:CGLS::k=9 : rdisc=0.890, norm=0.168
REGINN:CGLS::k=10: rdisc=0.882, norm=0.194
REGINN:CGLS::k=11: rdisc=0.875, norm=0.220
REGINN:CGLS::k=12: rdisc=0.865, norm=0.256
REGINN:CGLS::k=13: rdisc=0.850, norm=0.313
REGINN:CGLS::k=14: rdisc=0.843, norm=0.341
REGINN:CGLS::k=15: rdisc=0.813, norm=0.465
REGINN:CGLS::k=16: rdisc=0.767, norm=0.659
REGINN:CGLS::k=17: rdisc=0.742, norm=0.760
REGINN:CGLS::k=18: rdisc=0.734, norm=0.792
REGINN:CGLS::k=19: rdisc=0.725, norm=0.830
REGINN:CGLS::k=20: rdisc=0.715, norm=0.869
REGINN:CGLS::Safeguarding: λ=0.583 ⇒ rdisc=0.719
REGINN:CGLS::Target discrepancy reached after 20 iterations.
REGINN::i=14: rdisc=0.0268, rnorm=0.730, rerr=0.948
REGINN::-0.315 ≤ estimate ≤ 1.02
REGINN::
REGINN::Solving linear problem using rtol=0.788 and max_iter=35
REGINN:CGLS::k=0 : rdisc=1.00, norm=0.00
REGINN:CGLS::k=1 : rdisc=0.861, norm=0.0205
REGINN:CGLS::k=2 : rdisc=0.821, norm=0.0305
REGINN:CGLS::k=3 : rdisc=0.798, norm=0.0409
REGINN:CGLS::k=4 : rdisc=0.781, norm=0.0526
REGINN:CGLS::Safeguarding: λ=0.641 ⇒ rdisc=0.788
REGINN:CGLS::Target discrepancy reached after 4 iterations.
REGINN::i=15: rdisc=0.0218, rnorm=0.729, rerr=0.948
REGINN::-0.315 ≤ estimate ≤ 0.930
REGINN::
REGINN::Solving linear problem using rtol=0.748 and max_iter=24
REGINN:CGLS::k=0 : rdisc=1.00, norm=0.00
REGINN:CGLS::k=1 : rdisc=0.974, norm=0.00829
REGINN:CGLS::k=2 : rdisc=0.965, norm=0.0128
REGINN:CGLS::k=3 : rdisc=0.946, norm=0.0316
REGINN:CGLS::k=4 : rdisc=0.930, norm=0.0501
REGINN:CGLS::k=5 : rdisc=0.922, norm=0.0624
REGINN:CGLS::k=6 : rdisc=0.914, norm=0.0751
REGINN:CGLS::k=7 : rdisc=0.911, norm=0.0809
REGINN:CGLS::k=8 : rdisc=0.903, norm=0.0988
REGINN:CGLS::k=9 : rdisc=0.895, norm=0.119
REGINN:CGLS::k=10: rdisc=0.889, norm=0.139
REGINN:CGLS::k=11: rdisc=0.883, norm=0.157
REGINN:CGLS::k=12: rdisc=0.870, norm=0.199
REGINN:CGLS::k=13: rdisc=0.867, norm=0.213
REGINN:CGLS::k=14: rdisc=0.859, norm=0.244
REGINN:CGLS::k=15: rdisc=0.849, norm=0.283
REGINN:CGLS::k=16: rdisc=0.841, norm=0.313
REGINN:CGLS::k=17: rdisc=0.812, norm=0.439
REGINN:CGLS::k=18: rdisc=0.806, norm=0.462
REGINN:CGLS::k=19: rdisc=0.800, norm=0.488
REGINN:CGLS::k=20: rdisc=0.788, norm=0.541
REGINN:CGLS::k=21: rdisc=0.774, norm=0.605
REGINN:CGLS::k=22: rdisc=0.758, norm=0.677
REGINN:CGLS::k=23: rdisc=0.746, norm=0.729
REGINN:CGLS::Safeguarding: λ=0.448 ⇒ rdisc=0.748
REGINN:CGLS::Target discrepancy reached after 23 iterations.
REGINN::Saving current residual in ./step-0016/
REGINN::Saving current estimate in ./step-0016/
REGINN::i=16: rdisc=0.0184, rnorm=0.735, rerr=0.930
REGINN::-0.365 ≤ estimate ≤ 1.01
REGINN::
REGINN::Solving linear problem using rtol=0.710 and max_iter=27
REGINN:CGLS::k=0 : rdisc=1.00, norm=0.00
REGINN:CGLS::k=1 : rdisc=0.918, norm=0.0118
REGINN:CGLS::k=2 : rdisc=0.888, norm=0.0186
REGINN:CGLS::k=3 : rdisc=0.874, norm=0.0240
REGINN:CGLS::k=4 : rdisc=0.860, norm=0.0329
REGINN:CGLS::k=5 : rdisc=0.849, norm=0.0440
REGINN:CGLS::k=6 : rdisc=0.842, norm=0.0525
REGINN:CGLS::k=7 : rdisc=0.840, norm=0.0565
REGINN:CGLS::k=8 : rdisc=0.834, norm=0.0651
REGINN:CGLS::k=9 : rdisc=0.829, norm=0.0759
REGINN:CGLS::k=10: rdisc=0.825, norm=0.0854
REGINN:CGLS::k=11: rdisc=0.821, norm=0.0946
REGINN:CGLS::k=12: rdisc=0.818, norm=0.102
REGINN:CGLS::k=13: rdisc=0.816, norm=0.109
REGINN:CGLS::k=14: rdisc=0.813, norm=0.117
REGINN:CGLS::k=15: rdisc=0.799, norm=0.164
REGINN:CGLS::k=16: rdisc=0.795, norm=0.182
REGINN:CGLS::k=17: rdisc=0.788, norm=0.209
REGINN:CGLS::k=18: rdisc=0.783, norm=0.228
REGINN:CGLS::k=19: rdisc=0.777, norm=0.254
REGINN:CGLS::k=20: rdisc=0.773, norm=0.272
REGINN:CGLS::k=21: rdisc=0.761, norm=0.326
REGINN:CGLS::k=22: rdisc=0.752, norm=0.371
REGINN:CGLS::k=23: rdisc=0.748, norm=0.387
REGINN:CGLS::k=24: rdisc=0.743, norm=0.414
REGINN:CGLS::k=25: rdisc=0.731, norm=0.468
REGINN:CGLS::k=26: rdisc=0.720, norm=0.526
REGINN:CGLS::k=27: rdisc=0.712, norm=0.564
REGINN:CGLS::Unsuccessful termination after 27 iterations!
REGINN::Linear solver did not achieve desired discrepancy due to max_iter.
REGINN::i=17: rdisc=0.0180, rnorm=0.752, rerr=0.916
REGINN::-0.390 ≤ estimate ≤ 0.956
REGINN::
REGINN::Solving linear problem using rtol=0.752 and max_iter=50
REGINN:CGLS::k=0 : rdisc=1.00, norm=0.00
REGINN:CGLS::k=1 : rdisc=0.818, norm=0.0176
REGINN:CGLS::k=2 : rdisc=0.761, norm=0.0251
REGINN:CGLS::k=3 : rdisc=0.738, norm=0.0302
REGINN:CGLS::Safeguarding: λ=0.779 ⇒ rdisc=0.752
REGINN:CGLS::Target discrepancy reached after 3 iterations.
REGINN::i=18: rdisc=0.0141, rnorm=0.751, rerr=0.916
REGINN::-0.390 ≤ estimate ≤ 0.831
REGINN::
REGINN::Solving linear problem using rtol=0.714 and max_iter=30
REGINN:CGLS::k=0 : rdisc=1.00, norm=0.00
REGINN:CGLS::k=1 : rdisc=0.964, norm=0.00716
REGINN:CGLS::k=2 : rdisc=0.937, norm=0.0148
REGINN:CGLS::k=3 : rdisc=0.924, norm=0.0202
REGINN:CGLS::k=4 : rdisc=0.914, norm=0.0265
REGINN:CGLS::k=5 : rdisc=0.904, norm=0.0350
REGINN:CGLS::k=6 : rdisc=0.898, norm=0.0411
REGINN:CGLS::k=7 : rdisc=0.890, norm=0.0511
REGINN:CGLS::k=8 : rdisc=0.883, norm=0.0610
REGINN:CGLS::k=9 : rdisc=0.875, norm=0.0754
REGINN:CGLS::k=10: rdisc=0.868, norm=0.0884
REGINN:CGLS::k=11: rdisc=0.864, norm=0.0969
REGINN:CGLS::k=12: rdisc=0.861, norm=0.103
REGINN:CGLS::k=13: rdisc=0.858, norm=0.110
REGINN:CGLS::k=14: rdisc=0.851, norm=0.126
REGINN:CGLS::k=15: rdisc=0.848, norm=0.134
REGINN:CGLS::k=16: rdisc=0.841, norm=0.153
REGINN:CGLS::k=17: rdisc=0.835, norm=0.170
REGINN:CGLS::k=18: rdisc=0.834, norm=0.176
REGINN:CGLS::k=19: rdisc=0.828, norm=0.192
REGINN:CGLS::k=20: rdisc=0.821, norm=0.216
REGINN:CGLS::k=21: rdisc=0.816, norm=0.234
REGINN:CGLS::k=22: rdisc=0.813, norm=0.245
REGINN:CGLS::k=23: rdisc=0.810, norm=0.255
REGINN:CGLS::k=24: rdisc=0.805, norm=0.274
REGINN:CGLS::k=25: rdisc=0.801, norm=0.290
REGINN:CGLS::k=26: rdisc=0.796, norm=0.309
REGINN:CGLS::k=27: rdisc=0.786, norm=0.348
REGINN:CGLS::k=28: rdisc=0.777, norm=0.386
REGINN:CGLS::k=29: rdisc=0.771, norm=0.411
REGINN:CGLS::k=30: rdisc=0.765, norm=0.435
REGINN:CGLS::Unsuccessful termination after 30 iterations!
REGINN::Linear solver did not achieve desired discrepancy due to max_iter.
REGINN::i=19: rdisc=0.0118, rnorm=0.752, rerr=0.905
REGINN::-0.410 ≤ estimate ≤ 0.957
REGINN::
REGINN::Solving linear problem using rtol=0.677 and max_iter=33
REGINN:CGLS::k=0 : rdisc=1.00, norm=0.00
REGINN:CGLS::k=1 : rdisc=0.955, norm=0.00625
REGINN:CGLS::k=2 : rdisc=0.929, norm=0.0115
REGINN:CGLS::k=3 : rdisc=0.914, norm=0.0166
REGINN:CGLS::k=4 : rdisc=0.897, norm=0.0254
REGINN:CGLS::k=5 : rdisc=0.886, norm=0.0327
REGINN:CGLS::k=6 : rdisc=0.880, norm=0.0379
REGINN:CGLS::k=7 : rdisc=0.878, norm=0.0402
REGINN:CGLS::k=8 : rdisc=0.874, norm=0.0440
REGINN:CGLS::k=9 : rdisc=0.871, norm=0.0485
REGINN:CGLS::k=10: rdisc=0.866, norm=0.0564
REGINN:CGLS::k=11: rdisc=0.860, norm=0.0669
REGINN:CGLS::k=12: rdisc=0.857, norm=0.0723
REGINN:CGLS::k=13: rdisc=0.854, norm=0.0782
REGINN:CGLS::k=14: rdisc=0.851, norm=0.0849
REGINN:CGLS::k=15: rdisc=0.849, norm=0.0902
REGINN:CGLS::k=16: rdisc=0.846, norm=0.0968
REGINN:CGLS::k=17: rdisc=0.840, norm=0.115
REGINN:CGLS::k=18: rdisc=0.837, norm=0.123
REGINN:CGLS::k=19: rdisc=0.830, norm=0.144
REGINN:CGLS::k=20: rdisc=0.825, norm=0.159
REGINN:CGLS::k=21: rdisc=0.818, norm=0.182
REGINN:CGLS::k=22: rdisc=0.811, norm=0.208
REGINN:CGLS::k=23: rdisc=0.807, norm=0.222
REGINN:CGLS::k=24: rdisc=0.804, norm=0.233
REGINN:CGLS::k=25: rdisc=0.800, norm=0.247
REGINN:CGLS::k=26: rdisc=0.793, norm=0.273
REGINN:CGLS::k=27: rdisc=0.787, norm=0.294
REGINN:CGLS::k=28: rdisc=0.779, norm=0.327
REGINN:CGLS::k=29: rdisc=0.777, norm=0.335
REGINN:CGLS::k=30: rdisc=0.772, norm=0.351
REGINN:CGLS::k=31: rdisc=0.753, norm=0.426
REGINN:CGLS::k=32: rdisc=0.743, norm=0.466
REGINN:CGLS::k=33: rdisc=0.734, norm=0.501
REGINN:CGLS::Unsuccessful termination after 33 iterations!
REGINN::Linear solver did not achieve desired discrepancy due to max_iter.
REGINN::i=20: rdisc=0.0119, rnorm=0.767, rerr=0.894
REGINN::-0.422 ≤ estimate ≤ 0.857
REGINN::
REGINN::Solving linear problem using rtol=0.706 and max_iter=63
REGINN:CGLS::k=0 : rdisc=1.00, norm=0.00
REGINN:CGLS::k=1 : rdisc=0.859, norm=0.0116
REGINN:CGLS::k=2 : rdisc=0.796, norm=0.0183
REGINN:CGLS::k=3 : rdisc=0.761, norm=0.0244
REGINN:CGLS::k=4 : rdisc=0.740, norm=0.0299
REGINN:CGLS::k=5 : rdisc=0.725, norm=0.0359
REGINN:CGLS::k=6 : rdisc=0.717, norm=0.0401
REGINN:CGLS::k=7 : rdisc=0.714, norm=0.0418
REGINN:CGLS::k=8 : rdisc=0.705, norm=0.0483
REGINN:CGLS::Safeguarding: λ=0.283 ⇒ rdisc=0.706
REGINN:CGLS::Target discrepancy reached after 8 iterations.
REGINN::Saving current residual in ./step-0021/
REGINN::Saving current estimate in ./step-0021/
REGINN::i=21: rdisc=0.00890, rnorm=0.765, rerr=0.893
REGINN::-0.424 ≤ estimate ≤ 0.718
REGINN::
REGINN::Solving linear problem using rtol=0.670 and max_iter=41
REGINN:CGLS::k=0 : rdisc=1.00, norm=0.00
REGINN:CGLS::k=1 : rdisc=0.969, norm=0.00410
REGINN:CGLS::k=2 : rdisc=0.954, norm=0.00720
REGINN:CGLS::k=3 : rdisc=0.945, norm=0.00991
REGINN:CGLS::k=4 : rdisc=0.941, norm=0.0117
REGINN:CGLS::k=5 : rdisc=0.935, norm=0.0170
REGINN:CGLS::k=6 : rdisc=0.928, norm=0.0248
REGINN:CGLS::k=7 : rdisc=0.925, norm=0.0285
REGINN:CGLS::k=8 : rdisc=0.916, norm=0.0399
REGINN:CGLS::k=9 : rdisc=0.912, norm=0.0465
REGINN:CGLS::k=10: rdisc=0.907, norm=0.0542
REGINN:CGLS::k=11: rdisc=0.901, norm=0.0631
REGINN:CGLS::k=12: rdisc=0.899, norm=0.0681
REGINN:CGLS::k=13: rdisc=0.897, norm=0.0710
REGINN:CGLS::k=14: rdisc=0.896, norm=0.0733
REGINN:CGLS::k=15: rdisc=0.890, norm=0.0843
REGINN:CGLS::k=16: rdisc=0.886, norm=0.0937
REGINN:CGLS::k=17: rdisc=0.882, norm=0.105
REGINN:CGLS::k=18: rdisc=0.879, norm=0.113
REGINN:CGLS::k=19: rdisc=0.873, norm=0.127
REGINN:CGLS::k=20: rdisc=0.870, norm=0.136
REGINN:CGLS::k=21: rdisc=0.866, norm=0.149
REGINN:CGLS::k=22: rdisc=0.863, norm=0.157
REGINN:CGLS::k=23: rdisc=0.862, norm=0.160
REGINN:CGLS::k=24: rdisc=0.860, norm=0.166
REGINN:CGLS::k=25: rdisc=0.854, norm=0.186
REGINN:CGLS::k=26: rdisc=0.850, norm=0.197
REGINN:CGLS::k=27: rdisc=0.848, norm=0.206
REGINN:CGLS::k=28: rdisc=0.840, norm=0.232
REGINN:CGLS::k=29: rdisc=0.838, norm=0.238
REGINN:CGLS::k=30: rdisc=0.829, norm=0.269
REGINN:CGLS::k=31: rdisc=0.817, norm=0.314
REGINN:CGLS::k=32: rdisc=0.806, norm=0.353
REGINN:CGLS::k=33: rdisc=0.800, norm=0.377
REGINN:CGLS::k=34: rdisc=0.794, norm=0.401
REGINN:CGLS::k=35: rdisc=0.790, norm=0.416
REGINN:CGLS::k=36: rdisc=0.776, norm=0.467
REGINN:CGLS::k=37: rdisc=0.762, norm=0.519
REGINN:CGLS::k=38: rdisc=0.754, norm=0.547
REGINN:CGLS::k=39: rdisc=0.747, norm=0.574
REGINN:CGLS::k=40: rdisc=0.740, norm=0.601
REGINN:CGLS::k=41: rdisc=0.731, norm=0.632
REGINN:CGLS::Unsuccessful termination after 41 iterations!
REGINN::Linear solver did not achieve desired discrepancy due to max_iter.
REGINN::i=22: rdisc=0.00989, rnorm=0.780, rerr=0.881
REGINN::-0.434 ≤ estimate ≤ 0.652
REGINN::
REGINN::Solving linear problem using rtol=0.935 and max_iter=49
REGINN:CGLS::k=0 : rdisc=1.00, norm=0.00
REGINN:CGLS::k=1 : rdisc=0.854, norm=0.0101
REGINN:CGLS::Safeguarding: λ=0.731 ⇒ rdisc=0.935
REGINN:CGLS::Target discrepancy reached after 1 iteration.
REGINN::i=23: rdisc=0.00940, rnorm=0.780, rerr=0.881
REGINN::-0.434 ≤ estimate ≤ 0.640
REGINN::
REGINN::Solving linear problem using rtol=0.887 and max_iter=42
REGINN:CGLS::k=0 : rdisc=1.00, norm=0.00
REGINN:CGLS::k=1 : rdisc=0.875, norm=0.0100
REGINN:CGLS::Safeguarding: λ=0.303 ⇒ rdisc=0.887
REGINN:CGLS::Target discrepancy reached after 1 iteration.
REGINN::i=24: rdisc=0.00863, rnorm=0.780, rerr=0.881
REGINN::-0.434 ≤ estimate ≤ 0.638
REGINN::
REGINN::Solving linear problem using rtol=0.842 and max_iter=2
REGINN:CGLS::k=0 : rdisc=1.00, norm=0.00
REGINN:CGLS::k=1 : rdisc=0.902, norm=0.0111
REGINN:CGLS::k=2 : rdisc=0.867, norm=0.0154
REGINN:CGLS::Unsuccessful termination after 2 iterations!
REGINN::Linear solver did not achieve desired discrepancy due to max_iter.
REGINN::i=25: rdisc=0.00771, rnorm=0.780, rerr=0.881
REGINN::-0.434 ≤ estimate ≤ 0.639
REGINN::
REGINN::Solving linear problem using rtol=0.799 and max_iter=3
REGINN:CGLS::k=0 : rdisc=1.00, norm=0.00
REGINN:CGLS::k=1 : rdisc=0.969, norm=0.00589
REGINN:CGLS::k=2 : rdisc=0.907, norm=0.0184
REGINN:CGLS::k=3 : rdisc=0.863, norm=0.0296
REGINN:CGLS::Unsuccessful termination after 3 iterations!
REGINN::Linear solver did not achieve desired discrepancy due to max_iter.
REGINN::i=26: rdisc=0.00676, rnorm=0.779, rerr=0.881
REGINN::-0.435 ≤ estimate ≤ 0.639
REGINN::
REGINN::Solving linear problem using rtol=0.758 and max_iter=5
REGINN:CGLS::k=0 : rdisc=1.00, norm=0.00
REGINN:CGLS::k=1 : rdisc=0.982, norm=0.00347
REGINN:CGLS::k=2 : rdisc=0.970, norm=0.00720
REGINN:CGLS::k=3 : rdisc=0.953, norm=0.0139
REGINN:CGLS::k=4 : rdisc=0.932, norm=0.0238
REGINN:CGLS::k=5 : rdisc=0.922, norm=0.0282
REGINN:CGLS::Unsuccessful termination after 5 iterations!
REGINN::Linear solver did not achieve desired discrepancy due to max_iter.
REGINN::i=27: rdisc=0.00631, rnorm=0.779, rerr=0.880
REGINN::-0.435 ≤ estimate ≤ 0.640
REGINN::
REGINN::Solving linear problem using rtol=0.720 and max_iter=8
REGINN:CGLS::k=0 : rdisc=1.00, norm=0.00
REGINN:CGLS::k=1 : rdisc=0.996, norm=0.00133
REGINN:CGLS::k=2 : rdisc=0.991, norm=0.00358
REGINN:CGLS::k=3 : rdisc=0.987, norm=0.00568
REGINN:CGLS::k=4 : rdisc=0.982, norm=0.00879
REGINN:CGLS::k=5 : rdisc=0.972, norm=0.0179
REGINN:CGLS::k=6 : rdisc=0.964, norm=0.0262
REGINN:CGLS::k=7 : rdisc=0.957, norm=0.0340
REGINN:CGLS::k=8 : rdisc=0.953, norm=0.0376
REGINN:CGLS::Unsuccessful termination after 8 iterations!
REGINN::Linear solver did not achieve desired discrepancy due to max_iter.
REGINN::i=28: rdisc=0.00617, rnorm=0.779, rerr=0.880
REGINN::-0.435 ≤ estimate ≤ 0.642
REGINN::
REGINN::Solving linear problem using rtol=0.683 and max_iter=13
REGINN:CGLS::k=0 : rdisc=1.00, norm=0.00
REGINN:CGLS::k=1 : rdisc=0.981, norm=0.00376
REGINN:CGLS::k=2 : rdisc=0.974, norm=0.00535
REGINN:CGLS::k=3 : rdisc=0.970, norm=0.00655
REGINN:CGLS::k=4 : rdisc=0.969, norm=0.00705
REGINN:CGLS::k=5 : rdisc=0.967, norm=0.00829
REGINN:CGLS::k=6 : rdisc=0.965, norm=0.00959
REGINN:CGLS::k=7 : rdisc=0.963, norm=0.0125
REGINN:CGLS::k=8 : rdisc=0.961, norm=0.0159
REGINN:CGLS::k=9 : rdisc=0.958, norm=0.0214
REGINN:CGLS::k=10: rdisc=0.955, norm=0.0280
REGINN:CGLS::k=11: rdisc=0.952, norm=0.0350
REGINN:CGLS::k=12: rdisc=0.947, norm=0.0447
REGINN:CGLS::k=13: rdisc=0.947, norm=0.0467
REGINN:CGLS::Unsuccessful termination after 13 iterations!
REGINN::Linear solver did not achieve desired discrepancy due to max_iter.
REGINN::i=29: rdisc=0.00600, rnorm=0.779, rerr=0.879
REGINN::-0.436 ≤ estimate ≤ 0.647
REGINN::
REGINN::Solving linear problem using rtol=0.804 and max_iter=21
REGINN:CGLS::k=0 : rdisc=1.00, norm=0.00
REGINN:CGLS::k=1 : rdisc=0.983, norm=0.00292
REGINN:CGLS::k=2 : rdisc=0.976, norm=0.00442
REGINN:CGLS::k=3 : rdisc=0.972, norm=0.00557
REGINN:CGLS::k=4 : rdisc=0.970, norm=0.00629
REGINN:CGLS::k=5 : rdisc=0.968, norm=0.00755
REGINN:CGLS::k=6 : rdisc=0.968, norm=0.00808
REGINN:CGLS::k=7 : rdisc=0.967, norm=0.00910
REGINN:CGLS::k=8 : rdisc=0.966, norm=0.0107
REGINN:CGLS::k=9 : rdisc=0.964, norm=0.0151
REGINN:CGLS::k=10: rdisc=0.963, norm=0.0174
REGINN:CGLS::k=11: rdisc=0.962, norm=0.0209
REGINN:CGLS::k=12: rdisc=0.959, norm=0.0290
REGINN:CGLS::k=13: rdisc=0.958, norm=0.0319
REGINN:CGLS::k=14: rdisc=0.957, norm=0.0349
REGINN:CGLS::k=15: rdisc=0.951, norm=0.0544
REGINN:CGLS::k=16: rdisc=0.945, norm=0.0740
REGINN:CGLS::k=17: rdisc=0.941, norm=0.0862
REGINN:CGLS::k=18: rdisc=0.939, norm=0.0942
REGINN:CGLS::k=19: rdisc=0.935, norm=0.109
REGINN:CGLS::k=20: rdisc=0.930, norm=0.126
REGINN:CGLS::k=21: rdisc=0.925, norm=0.144
REGINN:CGLS::Unsuccessful termination after 21 iterations!
REGINN::Linear solver did not achieve desired discrepancy due to max_iter.
REGINN::i=30: rdisc=0.00563, rnorm=0.781, rerr=0.876
REGINN::-0.438 ≤ estimate ≤ 0.663
REGINN::
REGINN::Solving linear problem using rtol=0.878 and max_iter=34
REGINN:CGLS::k=0 : rdisc=1.00, norm=0.00
REGINN:CGLS::k=1 : rdisc=0.990, norm=0.00245
REGINN:CGLS::k=2 : rdisc=0.985, norm=0.00382
REGINN:CGLS::k=3 : rdisc=0.981, norm=0.00561
REGINN:CGLS::k=4 : rdisc=0.977, norm=0.00721
REGINN:CGLS::k=5 : rdisc=0.975, norm=0.00904
REGINN:CGLS::k=6 : rdisc=0.972, norm=0.0109
REGINN:CGLS::k=7 : rdisc=0.970, norm=0.0128
REGINN:CGLS::k=8 : rdisc=0.968, norm=0.0155
REGINN:CGLS::k=9 : rdisc=0.967, norm=0.0162
REGINN:CGLS::k=10: rdisc=0.965, norm=0.0186
REGINN:CGLS::k=11: rdisc=0.963, norm=0.0223
REGINN:CGLS::k=12: rdisc=0.961, norm=0.0259
REGINN:CGLS::k=13: rdisc=0.959, norm=0.0299
REGINN:CGLS::k=14: rdisc=0.958, norm=0.0316
REGINN:CGLS::k=15: rdisc=0.957, norm=0.0337
REGINN:CGLS::k=16: rdisc=0.956, norm=0.0366
REGINN:CGLS::k=17: rdisc=0.954, norm=0.0413
REGINN:CGLS::k=18: rdisc=0.953, norm=0.0443
REGINN:CGLS::k=19: rdisc=0.951, norm=0.0475
REGINN:CGLS::k=20: rdisc=0.950, norm=0.0499
REGINN:CGLS::k=21: rdisc=0.949, norm=0.0531
REGINN:CGLS::k=22: rdisc=0.947, norm=0.0592
REGINN:CGLS::k=23: rdisc=0.944, norm=0.0691
REGINN:CGLS::k=24: rdisc=0.940, norm=0.0824
REGINN:CGLS::k=25: rdisc=0.937, norm=0.0908
REGINN:CGLS::k=26: rdisc=0.935, norm=0.0980
REGINN:CGLS::k=27: rdisc=0.933, norm=0.107
REGINN:CGLS::k=28: rdisc=0.928, norm=0.125
REGINN:CGLS::k=29: rdisc=0.922, norm=0.143
REGINN:CGLS::k=30: rdisc=0.910, norm=0.187
REGINN:CGLS::k=31: rdisc=0.907, norm=0.198
REGINN:CGLS::k=32: rdisc=0.902, norm=0.216
REGINN:CGLS::k=33: rdisc=0.899, norm=0.228
REGINN:CGLS::k=34: rdisc=0.892, norm=0.255
REGINN:CGLS::Unsuccessful termination after 34 iterations!
REGINN::Linear solver did not achieve desired discrepancy due to max_iter.
REGINN::i=31: rdisc=0.00532, rnorm=0.784, rerr=0.870
REGINN::-0.434 ≤ estimate ≤ 0.679
REGINN::
REGINN::Solving linear problem using rtol=0.924 and max_iter=55
REGINN:CGLS::k=0 : rdisc=1.00, norm=0.00
REGINN:CGLS::k=1 : rdisc=0.975, norm=0.00264
REGINN:CGLS::k=2 : rdisc=0.968, norm=0.00367
REGINN:CGLS::k=3 : rdisc=0.955, norm=0.00688
REGINN:CGLS::k=4 : rdisc=0.939, norm=0.0123
REGINN:CGLS::k=5 : rdisc=0.933, norm=0.0143
REGINN:CGLS::k=6 : rdisc=0.932, norm=0.0152
REGINN:CGLS::k=7 : rdisc=0.929, norm=0.0167
REGINN:CGLS::k=8 : rdisc=0.927, norm=0.0182
REGINN:CGLS::k=9 : rdisc=0.925, norm=0.0198
REGINN:CGLS::k=10: rdisc=0.922, norm=0.0232
REGINN:CGLS::Safeguarding: λ=0.762 ⇒ rdisc=0.924
REGINN:CGLS::Target discrepancy reached after 10 iterations.
REGINN::i=32: rdisc=0.00493, rnorm=0.784, rerr=0.870
REGINN::-0.434 ≤ estimate ≤ 0.679
REGINN::
REGINN::Solving linear problem using rtol=0.877 and max_iter=44
REGINN:CGLS::k=0 : rdisc=1.00, norm=0.00
REGINN:CGLS::k=1 : rdisc=0.998, norm=0.00114
REGINN:CGLS::k=2 : rdisc=0.996, norm=0.00182
REGINN:CGLS::k=3 : rdisc=0.995, norm=0.00283
REGINN:CGLS::k=4 : rdisc=0.994, norm=0.00380
REGINN:CGLS::k=5 : rdisc=0.992, norm=0.00582
REGINN:CGLS::k=6 : rdisc=0.991, norm=0.00745
REGINN:CGLS::k=7 : rdisc=0.986, norm=0.0142
REGINN:CGLS::k=8 : rdisc=0.983, norm=0.0206
REGINN:CGLS::k=9 : rdisc=0.981, norm=0.0230
REGINN:CGLS::k=10: rdisc=0.979, norm=0.0280
REGINN:CGLS::k=11: rdisc=0.974, norm=0.0357
REGINN:CGLS::k=12: rdisc=0.973, norm=0.0394
REGINN:CGLS::k=13: rdisc=0.971, norm=0.0432
REGINN:CGLS::k=14: rdisc=0.970, norm=0.0455
REGINN:CGLS::k=15: rdisc=0.969, norm=0.0468
REGINN:CGLS::k=16: rdisc=0.966, norm=0.0524
REGINN:CGLS::k=17: rdisc=0.965, norm=0.0560
REGINN:CGLS::k=18: rdisc=0.963, norm=0.0589
REGINN:CGLS::k=19: rdisc=0.961, norm=0.0647
REGINN:CGLS::k=20: rdisc=0.959, norm=0.0703
REGINN:CGLS::k=21: rdisc=0.958, norm=0.0722
REGINN:CGLS::k=22: rdisc=0.957, norm=0.0744
REGINN:CGLS::k=23: rdisc=0.955, norm=0.0791
REGINN:CGLS::k=24: rdisc=0.954, norm=0.0839
REGINN:CGLS::k=25: rdisc=0.952, norm=0.0879
REGINN:CGLS::k=26: rdisc=0.951, norm=0.0920
REGINN:CGLS::k=27: rdisc=0.950, norm=0.0938
REGINN:CGLS::k=28: rdisc=0.948, norm=0.0987
REGINN:CGLS::k=29: rdisc=0.946, norm=0.105
REGINN:CGLS::k=30: rdisc=0.944, norm=0.111
REGINN:CGLS::k=31: rdisc=0.942, norm=0.117
REGINN:CGLS::k=32: rdisc=0.938, norm=0.130
REGINN:CGLS::k=33: rdisc=0.935, norm=0.140
REGINN:CGLS::k=34: rdisc=0.934, norm=0.144
REGINN:CGLS::k=35: rdisc=0.929, norm=0.163
REGINN:CGLS::k=36: rdisc=0.922, norm=0.188
REGINN:CGLS::k=37: rdisc=0.915, norm=0.212
REGINN:CGLS::k=38: rdisc=0.909, norm=0.233
REGINN:CGLS::k=39: rdisc=0.903, norm=0.255
REGINN:CGLS::k=40: rdisc=0.900, norm=0.266
REGINN:CGLS::k=41: rdisc=0.895, norm=0.283
REGINN:CGLS::k=42: rdisc=0.891, norm=0.300
REGINN:CGLS::k=43: rdisc=0.884, norm=0.324
REGINN:CGLS::k=44: rdisc=0.879, norm=0.345
REGINN:CGLS::Unsuccessful termination after 44 iterations!
REGINN::Linear solver did not achieve desired discrepancy due to max_iter.
REGINN::i=33: rdisc=0.00462, rnorm=0.791, rerr=0.863
REGINN::-0.435 ≤ estimate ≤ 0.654
REGINN::
REGINN::Solving linear problem using rtol=0.971 and max_iter=54
REGINN:CGLS::k=0 : rdisc=1.00, norm=0.00
REGINN:CGLS::k=1 : rdisc=0.971, norm=0.00399
REGINN:CGLS::k=2 : rdisc=0.956, norm=0.00627
REGINN:CGLS::Safeguarding: λ=0.995 ⇒ rdisc=0.971
REGINN:CGLS::Target discrepancy reached after 2 iterations.
REGINN::i=34: rdisc=0.00450, rnorm=0.791, rerr=0.862
REGINN::-0.435 ≤ estimate ≤ 0.654
REGINN::
REGINN::Solving linear problem using rtol=0.922 and max_iter=46
REGINN:CGLS::k=0 : rdisc=1.00, norm=0.00
REGINN:CGLS::k=1 : rdisc=0.990, norm=0.00123
REGINN:CGLS::k=2 : rdisc=0.977, norm=0.00375
REGINN:CGLS::k=3 : rdisc=0.960, norm=0.00802
REGINN:CGLS::k=4 : rdisc=0.951, norm=0.0104
REGINN:CGLS::k=5 : rdisc=0.943, norm=0.0135
REGINN:CGLS::k=6 : rdisc=0.938, norm=0.0153
REGINN:CGLS::k=7 : rdisc=0.935, norm=0.0171
REGINN:CGLS::k=8 : rdisc=0.932, norm=0.0186
REGINN:CGLS::k=9 : rdisc=0.929, norm=0.0200
REGINN:CGLS::k=10: rdisc=0.924, norm=0.0240
REGINN:CGLS::k=11: rdisc=0.921, norm=0.0263
REGINN:CGLS::Safeguarding: λ=0.531 ⇒ rdisc=0.922
REGINN:CGLS::Target discrepancy reached after 11 iterations.
REGINN::Saving current residual in ./step-0035/
REGINN::Saving current estimate in ./step-0035/
REGINN::i=35: rdisc=0.00416, rnorm=0.790, rerr=0.862
REGINN::-0.435 ≤ estimate ≤ 0.653
REGINN::
REGINN::Solving linear problem using rtol=0.875 and max_iter=13
REGINN:CGLS::k=0 : rdisc=1.00, norm=0.00
REGINN:CGLS::k=1 : rdisc=0.997, norm=0.00117
REGINN:CGLS::k=2 : rdisc=0.996, norm=0.00161
REGINN:CGLS::k=3 : rdisc=0.995, norm=0.00205
REGINN:CGLS::k=4 : rdisc=0.994, norm=0.00279
REGINN:CGLS::k=5 : rdisc=0.992, norm=0.00473
REGINN:CGLS::k=6 : rdisc=0.991, norm=0.00597
REGINN:CGLS::k=7 : rdisc=0.987, norm=0.0128
REGINN:CGLS::k=8 : rdisc=0.982, norm=0.0198
REGINN:CGLS::k=9 : rdisc=0.980, norm=0.0227
REGINN:CGLS::k=10: rdisc=0.979, norm=0.0255
REGINN:CGLS::k=11: rdisc=0.977, norm=0.0288
REGINN:CGLS::k=12: rdisc=0.974, norm=0.0337
REGINN:CGLS::k=13: rdisc=0.972, norm=0.0366
REGINN:CGLS::Unsuccessful termination after 13 iterations!
REGINN::Linear solver did not achieve desired discrepancy due to max_iter.
REGINN::i=36: rdisc=0.00407, rnorm=0.790, rerr=0.862
REGINN::-0.434 ≤ estimate ≤ 0.650
REGINN::
REGINN::Solving linear problem using rtol=0.893 and max_iter=24
REGINN:CGLS::k=0 : rdisc=1.00, norm=0.00
REGINN:CGLS::k=1 : rdisc=0.994, norm=0.00154
REGINN:CGLS::k=2 : rdisc=0.993, norm=0.00175
REGINN:CGLS::k=3 : rdisc=0.992, norm=0.00204
REGINN:CGLS::k=4 : rdisc=0.992, norm=0.00233
REGINN:CGLS::k=5 : rdisc=0.991, norm=0.00277
REGINN:CGLS::k=6 : rdisc=0.991, norm=0.00379
REGINN:CGLS::k=7 : rdisc=0.990, norm=0.00493
REGINN:CGLS::k=8 : rdisc=0.989, norm=0.00602
REGINN:CGLS::k=9 : rdisc=0.989, norm=0.00772
REGINN:CGLS::k=10: rdisc=0.988, norm=0.0102
REGINN:CGLS::k=11: rdisc=0.987, norm=0.0124
REGINN:CGLS::k=12: rdisc=0.985, norm=0.0168
REGINN:CGLS::k=13: rdisc=0.984, norm=0.0186
REGINN:CGLS::k=14: rdisc=0.984, norm=0.0199
REGINN:CGLS::k=15: rdisc=0.982, norm=0.0254
REGINN:CGLS::k=16: rdisc=0.981, norm=0.0285
REGINN:CGLS::k=17: rdisc=0.979, norm=0.0347
REGINN:CGLS::k=18: rdisc=0.976, norm=0.0440
REGINN:CGLS::k=19: rdisc=0.974, norm=0.0491
REGINN:CGLS::k=20: rdisc=0.973, norm=0.0521
REGINN:CGLS::k=21: rdisc=0.971, norm=0.0594
REGINN:CGLS::k=22: rdisc=0.969, norm=0.0670
REGINN:CGLS::k=23: rdisc=0.967, norm=0.0743
REGINN:CGLS::k=24: rdisc=0.964, norm=0.0839
REGINN:CGLS::Unsuccessful termination after 24 iterations!
REGINN::Linear solver did not achieve desired discrepancy due to max_iter.
REGINN::i=37: rdisc=0.00395, rnorm=0.791, rerr=0.860
REGINN::-0.434 ≤ estimate ≤ 0.635
REGINN::
REGINN::Solving linear problem using rtol=0.941 and max_iter=37
REGINN:CGLS::k=0 : rdisc=1.00, norm=0.00
REGINN:CGLS::k=1 : rdisc=0.998, norm=0.000618
REGINN:CGLS::k=2 : rdisc=0.995, norm=0.00142
REGINN:CGLS::k=3 : rdisc=0.993, norm=0.00236
REGINN:CGLS::k=4 : rdisc=0.991, norm=0.00344
REGINN:CGLS::k=5 : rdisc=0.990, norm=0.00461
REGINN:CGLS::k=6 : rdisc=0.989, norm=0.00542
REGINN:CGLS::k=7 : rdisc=0.988, norm=0.00656
REGINN:CGLS::k=8 : rdisc=0.987, norm=0.00733
REGINN:CGLS::k=9 : rdisc=0.986, norm=0.00869
REGINN:CGLS::k=10: rdisc=0.985, norm=0.0104
REGINN:CGLS::k=11: rdisc=0.984, norm=0.0124
REGINN:CGLS::k=12: rdisc=0.983, norm=0.0137
REGINN:CGLS::k=13: rdisc=0.982, norm=0.0145
REGINN:CGLS::k=14: rdisc=0.982, norm=0.0162
REGINN:CGLS::k=15: rdisc=0.981, norm=0.0175
REGINN:CGLS::k=16: rdisc=0.980, norm=0.0199
REGINN:CGLS::k=17: rdisc=0.979, norm=0.0225
REGINN:CGLS::k=18: rdisc=0.978, norm=0.0248
REGINN:CGLS::k=19: rdisc=0.977, norm=0.0262
REGINN:CGLS::k=20: rdisc=0.977, norm=0.0274
REGINN:CGLS::k=21: rdisc=0.976, norm=0.0296
REGINN:CGLS::k=22: rdisc=0.975, norm=0.0329
REGINN:CGLS::k=23: rdisc=0.973, norm=0.0373
REGINN:CGLS::k=24: rdisc=0.972, norm=0.0414
REGINN:CGLS::k=25: rdisc=0.970, norm=0.0466
REGINN:CGLS::k=26: rdisc=0.969, norm=0.0512
REGINN:CGLS::k=27: rdisc=0.968, norm=0.0555
REGINN:CGLS::k=28: rdisc=0.965, norm=0.0641
REGINN:CGLS::k=29: rdisc=0.961, norm=0.0769
REGINN:CGLS::k=30: rdisc=0.958, norm=0.0894
REGINN:CGLS::k=31: rdisc=0.954, norm=0.104
REGINN:CGLS::k=32: rdisc=0.951, norm=0.115
REGINN:CGLS::k=33: rdisc=0.949, norm=0.120
REGINN:CGLS::k=34: rdisc=0.947, norm=0.130
REGINN:CGLS::k=35: rdisc=0.944, norm=0.138
REGINN:CGLS::k=36: rdisc=0.941, norm=0.149
REGINN:CGLS::Safeguarding: λ=0.103 ⇒ rdisc=0.941
REGINN:CGLS::Target discrepancy reached after 36 iterations.
REGINN::i=38: rdisc=0.00375, rnorm=0.793, rerr=0.857
REGINN::-0.443 ≤ estimate ≤ 0.606
REGINN::
REGINN::Solving linear problem using rtol=0.960 and max_iter=60
REGINN:CGLS::k=0 : rdisc=1.00, norm=0.00
REGINN:CGLS::k=1 : rdisc=0.996, norm=0.00102
REGINN:CGLS::k=2 : rdisc=0.993, norm=0.00199
REGINN:CGLS::k=3 : rdisc=0.990, norm=0.00290
REGINN:CGLS::k=4 : rdisc=0.987, norm=0.00450
REGINN:CGLS::k=5 : rdisc=0.984, norm=0.00608
REGINN:CGLS::k=6 : rdisc=0.982, norm=0.00757
REGINN:CGLS::k=7 : rdisc=0.980, norm=0.00936
REGINN:CGLS::k=8 : rdisc=0.979, norm=0.0100
REGINN:CGLS::k=9 : rdisc=0.978, norm=0.0110
REGINN:CGLS::k=10: rdisc=0.976, norm=0.0131
REGINN:CGLS::k=11: rdisc=0.974, norm=0.0155
REGINN:CGLS::k=12: rdisc=0.972, norm=0.0179
REGINN:CGLS::k=13: rdisc=0.970, norm=0.0201
REGINN:CGLS::k=14: rdisc=0.969, norm=0.0215
REGINN:CGLS::k=15: rdisc=0.968, norm=0.0230
REGINN:CGLS::k=16: rdisc=0.967, norm=0.0252
REGINN:CGLS::k=17: rdisc=0.965, norm=0.0283
REGINN:CGLS::k=18: rdisc=0.964, norm=0.0300
REGINN:CGLS::k=19: rdisc=0.963, norm=0.0311
REGINN:CGLS::k=20: rdisc=0.963, norm=0.0320
REGINN:CGLS::k=21: rdisc=0.961, norm=0.0352
REGINN:CGLS::k=22: rdisc=0.959, norm=0.0390
REGINN:CGLS::Safeguarding: λ=0.627 ⇒ rdisc=0.960
REGINN:CGLS::Target discrepancy reached after 22 iterations.
REGINN::i=39: rdisc=0.00361, rnorm=0.793, rerr=0.857
REGINN::-0.447 ≤ estimate ≤ 0.602
REGINN::
REGINN::Solving linear problem using rtol=0.911 and max_iter=58
REGINN:CGLS::k=0 : rdisc=1.00, norm=0.00
REGINN:CGLS::k=1 : rdisc=0.998, norm=0.000515
REGINN:CGLS::k=2 : rdisc=0.997, norm=0.000875
REGINN:CGLS::k=3 : rdisc=0.996, norm=0.00133
REGINN:CGLS::k=4 : rdisc=0.995, norm=0.00190
REGINN:CGLS::k=5 : rdisc=0.994, norm=0.00257
REGINN:CGLS::k=6 : rdisc=0.994, norm=0.00311
REGINN:CGLS::k=7 : rdisc=0.994, norm=0.00341
REGINN:CGLS::k=8 : rdisc=0.993, norm=0.00418
REGINN:CGLS::k=9 : rdisc=0.993, norm=0.00519
REGINN:CGLS::k=10: rdisc=0.992, norm=0.00643
REGINN:CGLS::k=11: rdisc=0.991, norm=0.00819
REGINN:CGLS::k=12: rdisc=0.991, norm=0.0102
REGINN:CGLS::k=13: rdisc=0.990, norm=0.0118
REGINN:CGLS::k=14: rdisc=0.990, norm=0.0127
REGINN:CGLS::k=15: rdisc=0.988, norm=0.0177
REGINN:CGLS::k=16: rdisc=0.987, norm=0.0215
REGINN:CGLS::k=17: rdisc=0.985, norm=0.0263
REGINN:CGLS::k=18: rdisc=0.984, norm=0.0313
REGINN:CGLS::k=19: rdisc=0.983, norm=0.0331
REGINN:CGLS::k=20: rdisc=0.982, norm=0.0363
REGINN:CGLS::k=21: rdisc=0.981, norm=0.0400
REGINN:CGLS::k=22: rdisc=0.979, norm=0.0478
REGINN:CGLS::k=23: rdisc=0.977, norm=0.0529
REGINN:CGLS::k=24: rdisc=0.974, norm=0.0633
REGINN:CGLS::k=25: rdisc=0.971, norm=0.0762
REGINN:CGLS::k=26: rdisc=0.969, norm=0.0817
REGINN:CGLS::k=27: rdisc=0.966, norm=0.0930
REGINN:CGLS::k=28: rdisc=0.963, norm=0.104
REGINN:CGLS::k=29: rdisc=0.960, norm=0.115
REGINN:CGLS::k=30: rdisc=0.955, norm=0.131
REGINN:CGLS::k=31: rdisc=0.953, norm=0.139
REGINN:CGLS::k=32: rdisc=0.952, norm=0.144
REGINN:CGLS::k=33: rdisc=0.949, norm=0.153
REGINN:CGLS::k=34: rdisc=0.947, norm=0.163
REGINN:CGLS::k=35: rdisc=0.944, norm=0.172
REGINN:CGLS::k=36: rdisc=0.941, norm=0.183
REGINN:CGLS::k=37: rdisc=0.940, norm=0.188
REGINN:CGLS::k=38: rdisc=0.938, norm=0.196
REGINN:CGLS::k=39: rdisc=0.933, norm=0.211
REGINN:CGLS::k=40: rdisc=0.927, norm=0.235
REGINN:CGLS::k=41: rdisc=0.920, norm=0.261
REGINN:CGLS::k=42: rdisc=0.917, norm=0.271
REGINN:CGLS::k=43: rdisc=0.912, norm=0.288
REGINN:CGLS::k=44: rdisc=0.908, norm=0.303
REGINN:CGLS::Safeguarding: λ=0.785 ⇒ rdisc=0.911
REGINN:CGLS::Target discrepancy reached after 44 iterations.
REGINN::i=40: rdisc=0.00347, rnorm=0.799, rerr=0.851
REGINN::-0.488 ≤ estimate ≤ 0.659
REGINN::
REGINN::Solving linear problem using rtol=0.954 and max_iter=66
REGINN:CGLS::k=0 : rdisc=1.00, norm=0.00
REGINN:CGLS::k=1 : rdisc=0.977, norm=0.00168
REGINN:CGLS::k=2 : rdisc=0.965, norm=0.00284
REGINN:CGLS::k=3 : rdisc=0.952, norm=0.00462
REGINN:CGLS::Safeguarding: λ=0.428 ⇒ rdisc=0.954
REGINN:CGLS::Target discrepancy reached after 3 iterations.
REGINN::i=41: rdisc=0.00333, rnorm=0.799, rerr=0.851
REGINN::-0.488 ≤ estimate ≤ 0.659
REGINN::
REGINN::Solving linear problem using rtol=0.906 and max_iter=47
REGINN:CGLS::k=0 : rdisc=1.00, norm=0.00
REGINN:CGLS::k=1 : rdisc=0.995, norm=0.000880
REGINN:CGLS::k=2 : rdisc=0.987, norm=0.00245
REGINN:CGLS::k=3 : rdisc=0.976, norm=0.00521
REGINN:CGLS::k=4 : rdisc=0.969, norm=0.00732
REGINN:CGLS::k=5 : rdisc=0.965, norm=0.00838
REGINN:CGLS::k=6 : rdisc=0.962, norm=0.00969
REGINN:CGLS::k=7 : rdisc=0.959, norm=0.0116
REGINN:CGLS::k=8 : rdisc=0.957, norm=0.0129
REGINN:CGLS::k=9 : rdisc=0.955, norm=0.0136
REGINN:CGLS::k=10: rdisc=0.953, norm=0.0151
REGINN:CGLS::k=11: rdisc=0.952, norm=0.0161
REGINN:CGLS::k=12: rdisc=0.951, norm=0.0175
REGINN:CGLS::k=13: rdisc=0.949, norm=0.0192
REGINN:CGLS::k=14: rdisc=0.947, norm=0.0208
REGINN:CGLS::k=15: rdisc=0.946, norm=0.0219
REGINN:CGLS::k=16: rdisc=0.944, norm=0.0248
REGINN:CGLS::k=17: rdisc=0.942, norm=0.0275
REGINN:CGLS::k=18: rdisc=0.939, norm=0.0308
REGINN:CGLS::k=19: rdisc=0.938, norm=0.0334
REGINN:CGLS::k=20: rdisc=0.936, norm=0.0354
REGINN:CGLS::k=21: rdisc=0.935, norm=0.0366
REGINN:CGLS::k=22: rdisc=0.934, norm=0.0389
REGINN:CGLS::k=23: rdisc=0.932, norm=0.0420
REGINN:CGLS::k=24: rdisc=0.931, norm=0.0437
REGINN:CGLS::k=25: rdisc=0.930, norm=0.0457
REGINN:CGLS::k=26: rdisc=0.929, norm=0.0474
REGINN:CGLS::k=27: rdisc=0.928, norm=0.0485
REGINN:CGLS::k=28: rdisc=0.927, norm=0.0504
REGINN:CGLS::k=29: rdisc=0.927, norm=0.0512
REGINN:CGLS::k=30: rdisc=0.926, norm=0.0523
REGINN:CGLS::k=31: rdisc=0.925, norm=0.0543
REGINN:CGLS::k=32: rdisc=0.925, norm=0.0559
REGINN:CGLS::k=33: rdisc=0.924, norm=0.0571
REGINN:CGLS::k=34: rdisc=0.924, norm=0.0583
REGINN:CGLS::k=35: rdisc=0.923, norm=0.0596
REGINN:CGLS::k=36: rdisc=0.923, norm=0.0604
REGINN:CGLS::k=37: rdisc=0.922, norm=0.0620
REGINN:CGLS::k=38: rdisc=0.921, norm=0.0637
REGINN:CGLS::k=39: rdisc=0.920, norm=0.0654
REGINN:CGLS::k=40: rdisc=0.920, norm=0.0677
REGINN:CGLS::k=41: rdisc=0.918, norm=0.0708
REGINN:CGLS::k=42: rdisc=0.918, norm=0.0727
REGINN:CGLS::k=43: rdisc=0.917, norm=0.0745
REGINN:CGLS::k=44: rdisc=0.916, norm=0.0775
REGINN:CGLS::k=45: rdisc=0.916, norm=0.0790
REGINN:CGLS::k=46: rdisc=0.914, norm=0.0832
REGINN:CGLS::k=47: rdisc=0.913, norm=0.0878
REGINN:CGLS::Unsuccessful termination after 47 iterations!
REGINN::Linear solver did not achieve desired discrepancy due to max_iter.
REGINN::i=42: rdisc=0.00307, rnorm=0.800, rerr=0.850
REGINN::-0.488 ≤ estimate ≤ 0.661
REGINN::
REGINN::Solving linear problem using rtol=0.860 and max_iter=50
REGINN:CGLS::k=0 : rdisc=1.00, norm=0.00
REGINN:CGLS::k=1 : rdisc=0.993, norm=0.00122
REGINN:CGLS::k=2 : rdisc=0.991, norm=0.00154
REGINN:CGLS::k=3 : rdisc=0.989, norm=0.00224
REGINN:CGLS::k=4 : rdisc=0.987, norm=0.00290
REGINN:CGLS::k=5 : rdisc=0.985, norm=0.00399
REGINN:CGLS::k=6 : rdisc=0.984, norm=0.00458
REGINN:CGLS::k=7 : rdisc=0.983, norm=0.00540
REGINN:CGLS::k=8 : rdisc=0.983, norm=0.00593
REGINN:CGLS::k=9 : rdisc=0.982, norm=0.00632
REGINN:CGLS::k=10: rdisc=0.982, norm=0.00689
REGINN:CGLS::k=11: rdisc=0.981, norm=0.00793
REGINN:CGLS::k=12: rdisc=0.980, norm=0.00895
REGINN:CGLS::k=13: rdisc=0.979, norm=0.0105
REGINN:CGLS::k=14: rdisc=0.979, norm=0.0111
REGINN:CGLS::k=15: rdisc=0.978, norm=0.0128
REGINN:CGLS::k=16: rdisc=0.977, norm=0.0145
REGINN:CGLS::k=17: rdisc=0.976, norm=0.0164
REGINN:CGLS::k=18: rdisc=0.975, norm=0.0179
REGINN:CGLS::k=19: rdisc=0.975, norm=0.0191
REGINN:CGLS::k=20: rdisc=0.974, norm=0.0201
REGINN:CGLS::k=21: rdisc=0.974, norm=0.0215
REGINN:CGLS::k=22: rdisc=0.973, norm=0.0237
REGINN:CGLS::k=23: rdisc=0.972, norm=0.0250
REGINN:CGLS::k=24: rdisc=0.972, norm=0.0265
REGINN:CGLS::k=25: rdisc=0.971, norm=0.0276
REGINN:CGLS::k=26: rdisc=0.971, norm=0.0285
REGINN:CGLS::k=27: rdisc=0.969, norm=0.0324
REGINN:CGLS::k=28: rdisc=0.968, norm=0.0362
REGINN:CGLS::k=29: rdisc=0.967, norm=0.0398
REGINN:CGLS::k=30: rdisc=0.966, norm=0.0435
REGINN:CGLS::k=31: rdisc=0.965, norm=0.0465
REGINN:CGLS::k=32: rdisc=0.964, norm=0.0486
REGINN:CGLS::k=33: rdisc=0.962, norm=0.0544
REGINN:CGLS::k=34: rdisc=0.961, norm=0.0580
REGINN:CGLS::k=35: rdisc=0.960, norm=0.0616
REGINN:CGLS::k=36: rdisc=0.959, norm=0.0647
REGINN:CGLS::k=37: rdisc=0.959, norm=0.0662
REGINN:CGLS::k=38: rdisc=0.958, norm=0.0701
REGINN:CGLS::k=39: rdisc=0.956, norm=0.0771
REGINN:CGLS::k=40: rdisc=0.954, norm=0.0818
REGINN:CGLS::k=41: rdisc=0.953, norm=0.0856
REGINN:CGLS::k=42: rdisc=0.952, norm=0.0877
REGINN:CGLS::k=43: rdisc=0.951, norm=0.0923
REGINN:CGLS::k=44: rdisc=0.950, norm=0.0959
REGINN:CGLS::k=45: rdisc=0.947, norm=0.107
REGINN:CGLS::k=46: rdisc=0.945, norm=0.114
REGINN:CGLS::k=47: rdisc=0.944, norm=0.117
REGINN:CGLS::k=48: rdisc=0.943, norm=0.121
REGINN:CGLS::k=49: rdisc=0.941, norm=0.130
REGINN:CGLS::k=50: rdisc=0.937, norm=0.143
REGINN:CGLS::Unsuccessful termination after 50 iterations!
REGINN::Linear solver did not achieve desired discrepancy due to max_iter.
REGINN::i=43: rdisc=0.00293, rnorm=0.802, rerr=0.847
REGINN::-0.508 ≤ estimate ≤ 0.699
REGINN::
REGINN::Solving linear problem using rtol=0.867 and max_iter=97
REGINN:CGLS::k=0 : rdisc=1.00, norm=0.00
REGINN:CGLS::k=1 : rdisc=0.993, norm=0.000695
REGINN:CGLS::k=2 : rdisc=0.988, norm=0.00145
REGINN:CGLS::k=3 : rdisc=0.985, norm=0.00224
REGINN:CGLS::k=4 : rdisc=0.981, norm=0.00338
REGINN:CGLS::k=5 : rdisc=0.978, norm=0.00467
REGINN:CGLS::k=6 : rdisc=0.976, norm=0.00542
REGINN:CGLS::k=7 : rdisc=0.975, norm=0.00593
REGINN:CGLS::k=8 : rdisc=0.975, norm=0.00642
REGINN:CGLS::k=9 : rdisc=0.973, norm=0.00777
REGINN:CGLS::k=10: rdisc=0.971, norm=0.00875
REGINN:CGLS::k=11: rdisc=0.970, norm=0.0104
REGINN:CGLS::k=12: rdisc=0.968, norm=0.0119
REGINN:CGLS::k=13: rdisc=0.968, norm=0.0124
REGINN:CGLS::k=14: rdisc=0.966, norm=0.0144
REGINN:CGLS::k=15: rdisc=0.965, norm=0.0155
REGINN:CGLS::k=16: rdisc=0.963, norm=0.0176
REGINN:CGLS::k=17: rdisc=0.962, norm=0.0201
REGINN:CGLS::k=18: rdisc=0.961, norm=0.0215
REGINN:CGLS::k=19: rdisc=0.960, norm=0.0222
REGINN:CGLS::k=20: rdisc=0.960, norm=0.0232
REGINN:CGLS::k=21: rdisc=0.958, norm=0.0251
REGINN:CGLS::k=22: rdisc=0.957, norm=0.0267
REGINN:CGLS::k=23: rdisc=0.957, norm=0.0280
REGINN:CGLS::k=24: rdisc=0.956, norm=0.0286
REGINN:CGLS::k=25: rdisc=0.956, norm=0.0297
REGINN:CGLS::k=26: rdisc=0.955, norm=0.0306
REGINN:CGLS::k=27: rdisc=0.954, norm=0.0322
REGINN:CGLS::k=28: rdisc=0.953, norm=0.0348
REGINN:CGLS::k=29: rdisc=0.953, norm=0.0356
REGINN:CGLS::k=30: rdisc=0.952, norm=0.0375
REGINN:CGLS::k=31: rdisc=0.951, norm=0.0402
REGINN:CGLS::k=32: rdisc=0.950, norm=0.0421
REGINN:CGLS::k=33: rdisc=0.949, norm=0.0435
REGINN:CGLS::k=34: rdisc=0.949, norm=0.0449
REGINN:CGLS::k=35: rdisc=0.948, norm=0.0455
REGINN:CGLS::k=36: rdisc=0.948, norm=0.0468
REGINN:CGLS::k=37: rdisc=0.947, norm=0.0485
REGINN:CGLS::k=38: rdisc=0.947, norm=0.0497
REGINN:CGLS::k=39: rdisc=0.946, norm=0.0516
REGINN:CGLS::k=40: rdisc=0.945, norm=0.0533
REGINN:CGLS::k=41: rdisc=0.945, norm=0.0541
REGINN:CGLS::k=42: rdisc=0.944, norm=0.0566
REGINN:CGLS::k=43: rdisc=0.943, norm=0.0587
REGINN:CGLS::k=44: rdisc=0.943, norm=0.0604
REGINN:CGLS::k=45: rdisc=0.942, norm=0.0628
REGINN:CGLS::k=46: rdisc=0.941, norm=0.0646
REGINN:CGLS::k=47: rdisc=0.941, norm=0.0669
REGINN:CGLS::k=48: rdisc=0.940, norm=0.0689
REGINN:CGLS::k=49: rdisc=0.939, norm=0.0708
REGINN:CGLS::k=50: rdisc=0.938, norm=0.0745
REGINN:CGLS::k=51: rdisc=0.938, norm=0.0763
REGINN:CGLS::k=52: rdisc=0.936, norm=0.0815
REGINN:CGLS::k=53: rdisc=0.932, norm=0.0940
REGINN:CGLS::k=54: rdisc=0.931, norm=0.100
REGINN:CGLS::k=55: rdisc=0.929, norm=0.105
REGINN:CGLS::k=56: rdisc=0.928, norm=0.109
REGINN:CGLS::k=57: rdisc=0.926, norm=0.117
REGINN:CGLS::k=58: rdisc=0.923, norm=0.127
REGINN:CGLS::k=59: rdisc=0.922, norm=0.133
REGINN:CGLS::k=60: rdisc=0.919, norm=0.145
REGINN:CGLS::k=61: rdisc=0.916, norm=0.154
REGINN:CGLS::k=62: rdisc=0.914, norm=0.162
REGINN:CGLS::k=63: rdisc=0.912, norm=0.172
REGINN:CGLS::k=64: rdisc=0.908, norm=0.187
REGINN:CGLS::k=65: rdisc=0.902, norm=0.211
REGINN:CGLS::k=66: rdisc=0.899, norm=0.223
REGINN:CGLS::k=67: rdisc=0.896, norm=0.234
REGINN:CGLS::k=68: rdisc=0.891, norm=0.252
REGINN:CGLS::k=69: rdisc=0.888, norm=0.264
REGINN:CGLS::k=70: rdisc=0.885, norm=0.278
REGINN:CGLS::k=71: rdisc=0.880, norm=0.296
REGINN:CGLS::k=72: rdisc=0.878, norm=0.306
REGINN:CGLS::k=73: rdisc=0.875, norm=0.315
REGINN:CGLS::k=74: rdisc=0.871, norm=0.333
REGINN:CGLS::k=75: rdisc=0.866, norm=0.351
REGINN:CGLS::Safeguarding: λ=0.478 ⇒ rdisc=0.867
REGINN:CGLS::Target discrepancy reached after 75 iterations.
REGINN::i=44: rdisc=0.00281, rnorm=0.810, rerr=0.841
REGINN::-0.539 ≤ estimate ≤ 0.763
REGINN::
REGINN::Solving linear problem using rtol=0.911 and max_iter=125
REGINN:CGLS::k=0 : rdisc=1.00, norm=0.00
REGINN:CGLS::k=1 : rdisc=0.972, norm=0.00182
REGINN:CGLS::k=2 : rdisc=0.959, norm=0.00287
REGINN:CGLS::k=3 : rdisc=0.943, norm=0.00466
REGINN:CGLS::k=4 : rdisc=0.929, norm=0.00650
REGINN:CGLS::k=5 : rdisc=0.921, norm=0.00797
REGINN:CGLS::k=6 : rdisc=0.913, norm=0.00973
REGINN:CGLS::k=7 : rdisc=0.907, norm=0.0114
REGINN:CGLS::Safeguarding: λ=0.796 ⇒ rdisc=0.911
REGINN:CGLS::Target discrepancy reached after 7 iterations.
REGINN::i=45: rdisc=0.00257, rnorm=0.809, rerr=0.841
REGINN::-0.539 ≤ estimate ≤ 0.763
REGINN::
REGINN::Solving linear problem using rtol=0.864 and max_iter=82
REGINN:CGLS::k=0 : rdisc=1.00, norm=0.00
REGINN:CGLS::k=1 : rdisc=0.997, norm=0.000629
REGINN:CGLS::k=2 : rdisc=0.995, norm=0.000961
REGINN:CGLS::k=3 : rdisc=0.992, norm=0.00187
REGINN:CGLS::k=4 : rdisc=0.989, norm=0.00329
REGINN:CGLS::k=5 : rdisc=0.982, norm=0.00644
REGINN:CGLS::k=6 : rdisc=0.974, norm=0.00993
REGINN:CGLS::k=7 : rdisc=0.971, norm=0.0116
REGINN:CGLS::k=8 : rdisc=0.967, norm=0.0136
REGINN:CGLS::k=9 : rdisc=0.966, norm=0.0142
REGINN:CGLS::k=10: rdisc=0.965, norm=0.0151
REGINN:CGLS::k=11: rdisc=0.961, norm=0.0175
REGINN:CGLS::k=12: rdisc=0.957, norm=0.0203
REGINN:CGLS::k=13: rdisc=0.951, norm=0.0247
REGINN:CGLS::k=14: rdisc=0.948, norm=0.0271
REGINN:CGLS::k=15: rdisc=0.946, norm=0.0283
REGINN:CGLS::k=16: rdisc=0.945, norm=0.0292
REGINN:CGLS::k=17: rdisc=0.943, norm=0.0318
REGINN:CGLS::k=18: rdisc=0.941, norm=0.0329
REGINN:CGLS::k=19: rdisc=0.939, norm=0.0346
REGINN:CGLS::k=20: rdisc=0.937, norm=0.0366
REGINN:CGLS::k=21: rdisc=0.935, norm=0.0386
REGINN:CGLS::k=22: rdisc=0.934, norm=0.0399
REGINN:CGLS::k=23: rdisc=0.933, norm=0.0406
REGINN:CGLS::k=24: rdisc=0.931, norm=0.0429
REGINN:CGLS::k=25: rdisc=0.930, norm=0.0446
REGINN:CGLS::k=26: rdisc=0.928, norm=0.0463
REGINN:CGLS::k=27: rdisc=0.927, norm=0.0476
REGINN:CGLS::k=28: rdisc=0.926, norm=0.0485
REGINN:CGLS::k=29: rdisc=0.926, norm=0.0493
REGINN:CGLS::k=30: rdisc=0.925, norm=0.0500
REGINN:CGLS::k=31: rdisc=0.925, norm=0.0508
REGINN:CGLS::k=32: rdisc=0.924, norm=0.0521
REGINN:CGLS::k=33: rdisc=0.923, norm=0.0528
REGINN:CGLS::k=34: rdisc=0.922, norm=0.0541
REGINN:CGLS::k=35: rdisc=0.921, norm=0.0553
REGINN:CGLS::k=36: rdisc=0.921, norm=0.0559
REGINN:CGLS::k=37: rdisc=0.920, norm=0.0569
REGINN:CGLS::k=38: rdisc=0.919, norm=0.0585
REGINN:CGLS::k=39: rdisc=0.919, norm=0.0592
REGINN:CGLS::k=40: rdisc=0.918, norm=0.0608
REGINN:CGLS::k=41: rdisc=0.917, norm=0.0617
REGINN:CGLS::k=42: rdisc=0.916, norm=0.0633
REGINN:CGLS::k=43: rdisc=0.916, norm=0.0636
REGINN:CGLS::k=44: rdisc=0.915, norm=0.0663
REGINN:CGLS::k=45: rdisc=0.914, norm=0.0673
REGINN:CGLS::k=46: rdisc=0.914, norm=0.0685
REGINN:CGLS::k=47: rdisc=0.913, norm=0.0694
REGINN:CGLS::k=48: rdisc=0.912, norm=0.0711
REGINN:CGLS::k=49: rdisc=0.912, norm=0.0716
REGINN:CGLS::k=50: rdisc=0.911, norm=0.0732
REGINN:CGLS::k=51: rdisc=0.911, norm=0.0739
REGINN:CGLS::k=52: rdisc=0.911, norm=0.0747
REGINN:CGLS::k=53: rdisc=0.910, norm=0.0759
REGINN:CGLS::k=54: rdisc=0.910, norm=0.0768
REGINN:CGLS::k=55: rdisc=0.909, norm=0.0784
REGINN:CGLS::k=56: rdisc=0.908, norm=0.0804
REGINN:CGLS::k=57: rdisc=0.908, norm=0.0809
REGINN:CGLS::k=58: rdisc=0.907, norm=0.0821
REGINN:CGLS::k=59: rdisc=0.907, norm=0.0834
REGINN:CGLS::k=60: rdisc=0.906, norm=0.0852
REGINN:CGLS::k=61: rdisc=0.905, norm=0.0882
REGINN:CGLS::k=62: rdisc=0.905, norm=0.0897
REGINN:CGLS::k=63: rdisc=0.904, norm=0.0917
REGINN:CGLS::k=64: rdisc=0.903, norm=0.0941
REGINN:CGLS::k=65: rdisc=0.903, norm=0.0950
REGINN:CGLS::k=66: rdisc=0.902, norm=0.0986
REGINN:CGLS::k=67: rdisc=0.900, norm=0.102
REGINN:CGLS::k=68: rdisc=0.899, norm=0.106
REGINN:CGLS::k=69: rdisc=0.898, norm=0.109
REGINN:CGLS::k=70: rdisc=0.898, norm=0.111
REGINN:CGLS::k=71: rdisc=0.897, norm=0.113
REGINN:CGLS::k=72: rdisc=0.896, norm=0.117
REGINN:CGLS::k=73: rdisc=0.894, norm=0.121
REGINN:CGLS::k=74: rdisc=0.893, norm=0.126
REGINN:CGLS::k=75: rdisc=0.892, norm=0.129
REGINN:CGLS::k=76: rdisc=0.891, norm=0.134
REGINN:CGLS::k=77: rdisc=0.890, norm=0.137
REGINN:CGLS::k=78: rdisc=0.889, norm=0.143
REGINN:CGLS::k=79: rdisc=0.886, norm=0.153
REGINN:CGLS::k=80: rdisc=0.884, norm=0.160
REGINN:CGLS::k=81: rdisc=0.883, norm=0.165
REGINN:CGLS::k=82: rdisc=0.882, norm=0.168
REGINN:CGLS::Unsuccessful termination after 82 iterations!
REGINN::Linear solver did not achieve desired discrepancy due to max_iter.
REGINN::i=46: rdisc=0.00237, rnorm=0.811, rerr=0.838
REGINN::-0.558 ≤ estimate ≤ 0.801
REGINN::
REGINN::Solving linear problem using rtol=0.987 and max_iter=89
REGINN:CGLS::k=0 : rdisc=1.00, norm=0.00
REGINN:CGLS::k=1 : rdisc=0.993, norm=0.000559
REGINN:CGLS::k=2 : rdisc=0.985, norm=0.00153
REGINN:CGLS::Safeguarding: λ=0.552 ⇒ rdisc=0.987
REGINN:CGLS::Target discrepancy reached after 2 iterations.
REGINN::i=47: rdisc=0.00234, rnorm=0.811, rerr=0.838
REGINN::-0.558 ≤ estimate ≤ 0.801
REGINN::
REGINN::Solving linear problem using rtol=0.937 and max_iter=84
REGINN:CGLS::k=0 : rdisc=1.00, norm=0.00
REGINN:CGLS::k=1 : rdisc=0.992, norm=0.00144
REGINN:CGLS::k=2 : rdisc=0.986, norm=0.00241
REGINN:CGLS::k=3 : rdisc=0.981, norm=0.00343
REGINN:CGLS::k=4 : rdisc=0.974, norm=0.00512
REGINN:CGLS::k=5 : rdisc=0.970, norm=0.00638
REGINN:CGLS::k=6 : rdisc=0.966, norm=0.00758
REGINN:CGLS::k=7 : rdisc=0.963, norm=0.00860
REGINN:CGLS::k=8 : rdisc=0.962, norm=0.00895
REGINN:CGLS::k=9 : rdisc=0.961, norm=0.00947
REGINN:CGLS::k=10: rdisc=0.959, norm=0.0102
REGINN:CGLS::k=11: rdisc=0.958, norm=0.0109
REGINN:CGLS::k=12: rdisc=0.955, norm=0.0125
REGINN:CGLS::k=13: rdisc=0.953, norm=0.0137
REGINN:CGLS::k=14: rdisc=0.953, norm=0.0140
REGINN:CGLS::k=15: rdisc=0.952, norm=0.0150
REGINN:CGLS::k=16: rdisc=0.951, norm=0.0157
REGINN:CGLS::k=17: rdisc=0.950, norm=0.0166
REGINN:CGLS::k=18: rdisc=0.948, norm=0.0181
REGINN:CGLS::k=19: rdisc=0.947, norm=0.0193
REGINN:CGLS::k=20: rdisc=0.946, norm=0.0208
REGINN:CGLS::k=21: rdisc=0.945, norm=0.0212
REGINN:CGLS::k=22: rdisc=0.944, norm=0.0226
REGINN:CGLS::k=23: rdisc=0.943, norm=0.0243
REGINN:CGLS::k=24: rdisc=0.942, norm=0.0253
REGINN:CGLS::k=25: rdisc=0.941, norm=0.0269
REGINN:CGLS::k=26: rdisc=0.940, norm=0.0276
REGINN:CGLS::k=27: rdisc=0.939, norm=0.0288
REGINN:CGLS::k=28: rdisc=0.939, norm=0.0296
REGINN:CGLS::k=29: rdisc=0.938, norm=0.0308
REGINN:CGLS::k=30: rdisc=0.937, norm=0.0319
REGINN:CGLS::k=31: rdisc=0.937, norm=0.0330
REGINN:CGLS::Safeguarding: λ=0.878 ⇒ rdisc=0.937
REGINN:CGLS::Target discrepancy reached after 31 iterations.
REGINN::i=48: rdisc=0.00222, rnorm=0.811, rerr=0.838
REGINN::-0.559 ≤ estimate ≤ 0.802
REGINN::
REGINN::Solving linear problem using rtol=0.902 and max_iter=33
REGINN:CGLS::k=0 : rdisc=1.00, norm=0.00
REGINN:CGLS::k=1 : rdisc=0.997, norm=0.000349
REGINN:CGLS::k=2 : rdisc=0.994, norm=0.000726
REGINN:CGLS::k=3 : rdisc=0.994, norm=0.000941
REGINN:CGLS::k=4 : rdisc=0.993, norm=0.00117
REGINN:CGLS::k=5 : rdisc=0.992, norm=0.00142
REGINN:CGLS::k=6 : rdisc=0.992, norm=0.00185
REGINN:CGLS::k=7 : rdisc=0.992, norm=0.00201
REGINN:CGLS::k=8 : rdisc=0.991, norm=0.00236
REGINN:CGLS::k=9 : rdisc=0.991, norm=0.00294
REGINN:CGLS::k=10: rdisc=0.990, norm=0.00339
REGINN:CGLS::k=11: rdisc=0.990, norm=0.00388
REGINN:CGLS::k=12: rdisc=0.990, norm=0.00437
REGINN:CGLS::k=13: rdisc=0.990, norm=0.00457
REGINN:CGLS::k=14: rdisc=0.989, norm=0.00528
REGINN:CGLS::k=15: rdisc=0.989, norm=0.00604
REGINN:CGLS::k=16: rdisc=0.988, norm=0.00675
REGINN:CGLS::k=17: rdisc=0.988, norm=0.00816
REGINN:CGLS::k=18: rdisc=0.987, norm=0.00900
REGINN:CGLS::k=19: rdisc=0.987, norm=0.0105
REGINN:CGLS::k=20: rdisc=0.986, norm=0.0125
REGINN:CGLS::k=21: rdisc=0.985, norm=0.0148
REGINN:CGLS::k=22: rdisc=0.984, norm=0.0173
REGINN:CGLS::k=23: rdisc=0.984, norm=0.0190
REGINN:CGLS::k=24: rdisc=0.983, norm=0.0200
REGINN:CGLS::k=25: rdisc=0.983, norm=0.0217
REGINN:CGLS::k=26: rdisc=0.981, norm=0.0253
REGINN:CGLS::k=27: rdisc=0.981, norm=0.0273
REGINN:CGLS::k=28: rdisc=0.980, norm=0.0303
REGINN:CGLS::k=29: rdisc=0.979, norm=0.0329
REGINN:CGLS::k=30: rdisc=0.978, norm=0.0338
REGINN:CGLS::k=31: rdisc=0.977, norm=0.0382
REGINN:CGLS::k=32: rdisc=0.976, norm=0.0407
REGINN:CGLS::k=33: rdisc=0.975, norm=0.0438
REGINN:CGLS::Unsuccessful termination after 33 iterations!
REGINN::Linear solver did not achieve desired discrepancy due to max_iter.
REGINN::i=49: rdisc=0.00217, rnorm=0.811, rerr=0.838
REGINN::-0.561 ≤ estimate ≤ 0.807
REGINN::
REGINN::Solving linear problem using rtol=0.920 and max_iter=64
REGINN:CGLS::k=0 : rdisc=1.00, norm=0.00
REGINN:CGLS::k=1 : rdisc=0.998, norm=0.000315
REGINN:CGLS::k=2 : rdisc=0.997, norm=0.000528
REGINN:CGLS::k=3 : rdisc=0.996, norm=0.000879
REGINN:CGLS::k=4 : rdisc=0.995, norm=0.00119
REGINN:CGLS::k=5 : rdisc=0.995, norm=0.00151
REGINN:CGLS::k=6 : rdisc=0.994, norm=0.00192
REGINN:CGLS::k=7 : rdisc=0.994, norm=0.00224
REGINN:CGLS::k=8 : rdisc=0.993, norm=0.00247
REGINN:CGLS::k=9 : rdisc=0.993, norm=0.00304
REGINN:CGLS::k=10: rdisc=0.993, norm=0.00344
REGINN:CGLS::k=11: rdisc=0.992, norm=0.00410
REGINN:CGLS::k=12: rdisc=0.992, norm=0.00457
REGINN:CGLS::k=13: rdisc=0.992, norm=0.00478
REGINN:CGLS::k=14: rdisc=0.991, norm=0.00526
REGINN:CGLS::k=15: rdisc=0.991, norm=0.00582
REGINN:CGLS::k=16: rdisc=0.991, norm=0.00626
REGINN:CGLS::k=17: rdisc=0.990, norm=0.00699
REGINN:CGLS::k=18: rdisc=0.990, norm=0.00793
REGINN:CGLS::k=19: rdisc=0.990, norm=0.00827
REGINN:CGLS::k=20: rdisc=0.990, norm=0.00903
REGINN:CGLS::k=21: rdisc=0.989, norm=0.0101
REGINN:CGLS::k=22: rdisc=0.989, norm=0.0111
REGINN:CGLS::k=23: rdisc=0.988, norm=0.0119
REGINN:CGLS::k=24: rdisc=0.988, norm=0.0128
REGINN:CGLS::k=25: rdisc=0.988, norm=0.0137
REGINN:CGLS::k=26: rdisc=0.987, norm=0.0146
REGINN:CGLS::k=27: rdisc=0.987, norm=0.0154
REGINN:CGLS::k=28: rdisc=0.987, norm=0.0161
REGINN:CGLS::k=29: rdisc=0.987, norm=0.0175
REGINN:CGLS::k=30: rdisc=0.986, norm=0.0196
REGINN:CGLS::k=31: rdisc=0.985, norm=0.0214
REGINN:CGLS::k=32: rdisc=0.985, norm=0.0235
REGINN:CGLS::k=33: rdisc=0.984, norm=0.0255
REGINN:CGLS::k=34: rdisc=0.984, norm=0.0271
REGINN:CGLS::k=35: rdisc=0.983, norm=0.0286
REGINN:CGLS::k=36: rdisc=0.982, norm=0.0342
REGINN:CGLS::k=37: rdisc=0.981, norm=0.0373
REGINN:CGLS::k=38: rdisc=0.980, norm=0.0400
REGINN:CGLS::k=39: rdisc=0.979, norm=0.0452
REGINN:CGLS::k=40: rdisc=0.978, norm=0.0489
REGINN:CGLS::k=41: rdisc=0.977, norm=0.0514
REGINN:CGLS::k=42: rdisc=0.976, norm=0.0553
REGINN:CGLS::k=43: rdisc=0.975, norm=0.0606
REGINN:CGLS::k=44: rdisc=0.974, norm=0.0643
REGINN:CGLS::k=45: rdisc=0.971, norm=0.0731
REGINN:CGLS::k=46: rdisc=0.969, norm=0.0808
REGINN:CGLS::k=47: rdisc=0.968, norm=0.0859
REGINN:CGLS::k=48: rdisc=0.967, norm=0.0904
REGINN:CGLS::k=49: rdisc=0.964, norm=0.101
REGINN:CGLS::k=50: rdisc=0.962, norm=0.110
REGINN:CGLS::k=51: rdisc=0.960, norm=0.116
REGINN:CGLS::k=52: rdisc=0.957, norm=0.128
REGINN:CGLS::k=53: rdisc=0.955, norm=0.135
REGINN:CGLS::k=54: rdisc=0.953, norm=0.145
REGINN:CGLS::k=55: rdisc=0.952, norm=0.149
REGINN:CGLS::k=56: rdisc=0.948, norm=0.162
REGINN:CGLS::k=57: rdisc=0.946, norm=0.173
REGINN:CGLS::k=58: rdisc=0.944, norm=0.181
REGINN:CGLS::k=59: rdisc=0.941, norm=0.192
REGINN:CGLS::k=60: rdisc=0.940, norm=0.197
REGINN:CGLS::k=61: rdisc=0.937, norm=0.208
REGINN:CGLS::k=62: rdisc=0.935, norm=0.214
REGINN:CGLS::k=63: rdisc=0.933, norm=0.222
REGINN:CGLS::k=64: rdisc=0.930, norm=0.236
REGINN:CGLS::Unsuccessful termination after 64 iterations!
REGINN::Linear solver did not achieve desired discrepancy due to max_iter.
REGINN::Saving current residual in ./step-0050/
REGINN::Saving current estimate in ./step-0050/
REGINN::i=50: rdisc=0.00219, rnorm=0.816, rerr=0.834
REGINN::-0.576 ≤ estimate ≤ 0.835
REGINN::
REGINN::Solving linear problem using rtol=0.958 and max_iter=97
REGINN:CGLS::k=0 : rdisc=1.00, norm=0.00
REGINN:CGLS::k=1 : rdisc=0.981, norm=0.000935
REGINN:CGLS::k=2 : rdisc=0.956, norm=0.00257
REGINN:CGLS::Safeguarding: λ=0.260 ⇒ rdisc=0.958
REGINN:CGLS::Target discrepancy reached after 2 iterations.
REGINN::i=51: rdisc=0.00211, rnorm=0.816, rerr=0.834
REGINN::-0.576 ≤ estimate ≤ 0.835
REGINN::
REGINN::Solving linear problem using rtol=0.947 and max_iter=66
REGINN:CGLS::k=0 : rdisc=1.00, norm=0.00
REGINN:CGLS::k=1 : rdisc=0.986, norm=0.00140
REGINN:CGLS::k=2 : rdisc=0.977, norm=0.00247
REGINN:CGLS::k=3 : rdisc=0.972, norm=0.00311
REGINN:CGLS::k=4 : rdisc=0.962, norm=0.00470
REGINN:CGLS::k=5 : rdisc=0.957, norm=0.00588
REGINN:CGLS::k=6 : rdisc=0.949, norm=0.00766
REGINN:CGLS::k=7 : rdisc=0.946, norm=0.00870
REGINN:CGLS::Safeguarding: λ=0.588 ⇒ rdisc=0.947
REGINN:CGLS::Target discrepancy reached after 7 iterations.
REGINN::i=52: rdisc=0.00200, rnorm=0.816, rerr=0.834
REGINN::-0.576 ≤ estimate ≤ 0.835
REGINN::
REGINN::Solving linear problem using rtol=0.998 and max_iter=9
REGINN:CGLS::k=0 : rdisc=1.00, norm=0.00
REGINN:CGLS::k=1 : rdisc=0.997, norm=0.000503
REGINN:CGLS::Safeguarding: λ=0.439 ⇒ rdisc=0.998
REGINN:CGLS::Target discrepancy reached after 1 iteration.
REGINN::i=53: rdisc=0.00200, rnorm=0.816, rerr=0.834
REGINN::-0.576 ≤ estimate ≤ 0.835
REGINN::
REGINN::Saving current residual in ./step-0053/
REGINN::Saving current estimate in ./step-0053/
REGINN::Target discrepancy reached after 53 iterations.
REGINN::-0.576 ≤ estimate ≤ 0.835
Relative error of the reconstruction: 0.217
stats::forward              : 55 calls, average 0.391 s per call
stats::linearization forward: 951 calls, average 0.373 s per call
stats::linearization adjoint: 951 calls, average 0.431 s per call
stats::measure forward      : 1006 calls, average 0.000179 s per call
stats::measure adjoint      : 951 calls, average 0.000205 s per call
stats::total wall time      : 14min 46s
