JobId thies-arch0 Wed Mar 21 14:10:48 2018
wavepi 76c36a0a
Release-Build, compiled on 2018-03-21T13:01:55Z from commit 76c36a0ab1ae287044d62313a4f0b1040e0262bb ("cosmetics") on branch banach

initialize_mesh::Number of active cells: 1024
initialize_mesh::Number of degrees of freedom in the first spatial mesh: 1089
initialize_mesh::cell diameters: minimal = 0.354, maximal = 0.354
initialize_mesh::dt: 0.0235
initialize_mesh::expected size of a DiscretizedFunction<2>: 2.13 MiB
Initializing problem
Generating synthetic data (inverse crime)
wall time for data synthesis        : 1.2s
wall time for mesh and problem init : 4.3ms
parameters:LogTransform::lower bound: 0.0
parameters:WaveEquation::max iter: 10000
parameters:WaveEquation::theta: 0.5
parameters:WaveEquation::tol: 1e-8
parameters:constraints::lower bound: -1e300
parameters:constraints::upper bound: 1e300
parameters:general::dimension: 2
parameters:general::finite element degree: 1
parameters:general::quadrature order: 3
parameters:inversion::method: NonlinearLandweber
parameters:inversion::tau: 2
parameters:log::console depth: 2
parameters:log::file: wavepi.log
parameters:log::file depth: 6
parameters:log::file depth mpi: 4
parameters:mesh::end time: 6
parameters:mesh::initial refines: 5
parameters:mesh::initial time steps: 256
parameters:output::data: true
parameters:output::destination: ./step-{{i}}/
parameters:output::discrepancy decrease: 0.25
parameters:output::estimate: true
parameters:output::estimate transformed: false
parameters:output::exact: true
parameters:output::exact transformed: false
parameters:output::interval: 0
parameters:output::last: true
parameters:output::residual: true
parameters:output::statistics: history
parameters:problem::H1H1 beta: 0.5
parameters:problem::H1H1 gamma: 0.5
parameters:problem::H1L2 alpha: 0.5
parameters:problem::H2L2 alpha: 0.5
parameters:problem::H2L2 beta: 0.25
parameters:problem::H2L2+L2H1 alpha: 0.5
parameters:problem::H2L2+L2H1 beta: 0.25
parameters:problem::H2L2+L2H1 gamma: 0.5
parameters:problem::constants: 
parameters:problem::epsilon: 1e-2
parameters:problem::initial guess: 0.0
parameters:problem::norm of codomain: L2L2
parameters:problem::norm of domain: H1L2
parameters:problem::parameter a: 1.0
parameters:problem::parameter c: 2.0
parameters:problem::parameter nu: 0.0
parameters:problem::parameter q: 2*if(norm{x|y|z} < 2.0, 2.0+abs(sin(t)), 0.0)
parameters:problem::transform: Identity
parameters:problem::type: q
parameters:watchdog::discrepancy increasing: false
parameters:watchdog::discrepancy slope min values: 40
parameters:watchdog::discrepancy slope percentage: 0.25
parameters:watchdog::discrepancy slope threshold: 0.0
parameters:watchdog::discrepancy threshold: 10.0
parameters:watchdog::maximum iteration count: 0
Landweber::Saving exact parameter in ./step-0000/
Landweber::Saving data in ./step-0000/
Landweber::i=0 : rdisc=1.37 , rnorm=0.00 , rerr=1.00 
Landweber::0.00 ≤ estimate ≤ 0.00
Landweber::i=1 : rdisc=0.750, rnorm=0.700, rerr=0.842
Landweber::-1.31 ≤ estimate ≤ 2.88
Landweber::i=2 : rdisc=0.729, rnorm=0.708, rerr=0.842
Landweber::-1.32 ≤ estimate ≤ 2.97
Landweber::i=3 : rdisc=0.714, rnorm=0.702, rerr=0.832
Landweber::-1.33 ≤ estimate ≤ 3.04
Landweber::i=4 : rdisc=0.702, rnorm=0.706, rerr=0.830
Landweber::-1.34 ≤ estimate ≤ 3.10
Landweber::i=5 : rdisc=0.692, rnorm=0.710, rerr=0.830
Landweber::-1.35 ≤ estimate ≤ 3.15
Landweber::i=6 : rdisc=0.683, rnorm=0.709, rerr=0.825
Landweber::-1.36 ≤ estimate ≤ 3.19
Landweber::i=7 : rdisc=0.676, rnorm=0.709, rerr=0.821
Landweber::-1.37 ≤ estimate ≤ 3.23
Landweber::i=8 : rdisc=0.669, rnorm=0.706, rerr=0.816
Landweber::-1.38 ≤ estimate ≤ 3.27
Landweber::i=9 : rdisc=0.662, rnorm=0.705, rerr=0.812
Landweber::-1.39 ≤ estimate ≤ 3.30
Landweber::i=10: rdisc=0.657, rnorm=0.706, rerr=0.811
Landweber::-1.40 ≤ estimate ≤ 3.33
Landweber::i=11: rdisc=0.651, rnorm=0.711, rerr=0.813
Landweber::-1.59 ≤ estimate ≤ 3.36
Landweber::i=12: rdisc=0.646, rnorm=0.728, rerr=0.826
Landweber::-1.72 ≤ estimate ≤ 3.38
Landweber::i=13: rdisc=0.642, rnorm=0.737, rerr=0.833
Landweber::-1.80 ≤ estimate ≤ 3.41
Landweber::i=14: rdisc=0.637, rnorm=0.751, rerr=0.843
Landweber::-1.85 ≤ estimate ≤ 3.43
Landweber::i=15: rdisc=0.633, rnorm=0.754, rerr=0.844
Landweber::-1.90 ≤ estimate ≤ 3.45
Landweber::i=16: rdisc=0.629, rnorm=0.762, rerr=0.850
Landweber::-1.93 ≤ estimate ≤ 3.47
Landweber::i=17: rdisc=0.626, rnorm=0.785, rerr=0.869
Landweber::-1.96 ≤ estimate ≤ 3.49
Landweber::i=18: rdisc=0.622, rnorm=0.791, rerr=0.872
Landweber::-1.99 ≤ estimate ≤ 3.51
Landweber::i=19: rdisc=0.619, rnorm=0.801, rerr=0.880
Landweber::-2.01 ≤ estimate ≤ 3.53
Landweber::i=20: rdisc=0.615, rnorm=0.802, rerr=0.880
Landweber::-2.03 ≤ estimate ≤ 3.54
Landweber::i=21: rdisc=0.612, rnorm=0.812, rerr=0.887
Landweber::-2.05 ≤ estimate ≤ 3.56
Landweber::i=22: rdisc=0.609, rnorm=0.816, rerr=0.889
Landweber::-2.06 ≤ estimate ≤ 3.57
Landweber::i=23: rdisc=0.606, rnorm=0.810, rerr=0.883
Landweber::-2.08 ≤ estimate ≤ 3.59
Landweber::i=24: rdisc=0.604, rnorm=0.812, rerr=0.883
Landweber::-2.09 ≤ estimate ≤ 3.60
Landweber::i=25: rdisc=0.601, rnorm=0.816, rerr=0.886
Landweber::-2.11 ≤ estimate ≤ 3.62
Landweber::i=26: rdisc=0.598, rnorm=0.816, rerr=0.885
Landweber::-2.12 ≤ estimate ≤ 3.63
Landweber::i=27: rdisc=0.596, rnorm=0.817, rerr=0.885
Landweber::-2.13 ≤ estimate ≤ 3.65
Landweber::i=28: rdisc=0.593, rnorm=0.812, rerr=0.879
Landweber::-2.14 ≤ estimate ≤ 3.66
Landweber::i=29: rdisc=0.591, rnorm=0.812, rerr=0.878
Landweber::-2.15 ≤ estimate ≤ 3.67
Landweber::i=30: rdisc=0.589, rnorm=0.813, rerr=0.878
Landweber::-2.16 ≤ estimate ≤ 3.68
Landweber::i=31: rdisc=0.586, rnorm=0.815, rerr=0.879
Landweber::-2.17 ≤ estimate ≤ 3.70
Landweber::i=32: rdisc=0.584, rnorm=0.816, rerr=0.879
Landweber::-2.17 ≤ estimate ≤ 3.71
Landweber::i=33: rdisc=0.582, rnorm=0.820, rerr=0.881
Landweber::-2.18 ≤ estimate ≤ 3.72
Landweber::i=34: rdisc=0.580, rnorm=0.822, rerr=0.883
Landweber::-2.19 ≤ estimate ≤ 3.73
Landweber::i=35: rdisc=0.578, rnorm=0.826, rerr=0.885
Landweber::-2.20 ≤ estimate ≤ 3.74
Landweber::i=36: rdisc=0.576, rnorm=0.830, rerr=0.888
Landweber::-2.20 ≤ estimate ≤ 3.75
Landweber::i=37: rdisc=0.574, rnorm=0.833, rerr=0.890
Landweber::-2.21 ≤ estimate ≤ 3.76
Landweber::i=38: rdisc=0.572, rnorm=0.835, rerr=0.891
Landweber::-2.21 ≤ estimate ≤ 3.77
Landweber::i=39: rdisc=0.570, rnorm=0.837, rerr=0.892
Landweber::-2.22 ≤ estimate ≤ 3.78
Landweber::i=40: rdisc=0.569, rnorm=0.842, rerr=0.896
Landweber::-2.23 ≤ estimate ≤ 3.79
Landweber::i=41: rdisc=0.567, rnorm=0.845, rerr=0.897
Landweber::-2.23 ≤ estimate ≤ 3.80
Landweber::i=42: rdisc=0.565, rnorm=0.845, rerr=0.897
Landweber::-2.24 ≤ estimate ≤ 3.81
Landweber::i=43: rdisc=0.564, rnorm=0.846, rerr=0.897
Landweber::-2.24 ≤ estimate ≤ 3.81
Landweber::i=44: rdisc=0.562, rnorm=0.846, rerr=0.896
Landweber::-2.24 ≤ estimate ≤ 3.82
Landweber::i=45: rdisc=0.560, rnorm=0.847, rerr=0.896
Landweber::-2.25 ≤ estimate ≤ 3.83
Landweber::i=46: rdisc=0.559, rnorm=0.847, rerr=0.896
Landweber::-2.25 ≤ estimate ≤ 3.84
Landweber::i=47: rdisc=0.557, rnorm=0.846, rerr=0.894
Landweber::-2.26 ≤ estimate ≤ 3.85
Landweber::i=48: rdisc=0.556, rnorm=0.847, rerr=0.894
Landweber::-2.26 ≤ estimate ≤ 3.86
Landweber::i=49: rdisc=0.554, rnorm=0.848, rerr=0.895
Landweber::-2.26 ≤ estimate ≤ 3.86
Landweber::i=50: rdisc=0.553, rnorm=0.847, rerr=0.893
Landweber::-2.27 ≤ estimate ≤ 3.87
Landweber::i=51: rdisc=0.551, rnorm=0.847, rerr=0.892
Landweber::-2.27 ≤ estimate ≤ 3.88
Landweber::i=52: rdisc=0.550, rnorm=0.847, rerr=0.892
Landweber::-2.27 ≤ estimate ≤ 3.89
Landweber::i=53: rdisc=0.548, rnorm=0.847, rerr=0.891
Landweber::-2.28 ≤ estimate ≤ 3.89
Landweber::i=54: rdisc=0.547, rnorm=0.847, rerr=0.890
Landweber::-2.28 ≤ estimate ≤ 3.90
Landweber::i=55: rdisc=0.546, rnorm=0.847, rerr=0.890
Landweber::-2.28 ≤ estimate ≤ 3.91
Landweber::i=56: rdisc=0.544, rnorm=0.848, rerr=0.890
Landweber::-2.29 ≤ estimate ≤ 3.91
Landweber::i=57: rdisc=0.543, rnorm=0.849, rerr=0.890
Landweber::-2.29 ≤ estimate ≤ 3.92
Landweber::i=58: rdisc=0.542, rnorm=0.849, rerr=0.890
Landweber::-2.29 ≤ estimate ≤ 3.93
Landweber::i=59: rdisc=0.540, rnorm=0.849, rerr=0.889
Landweber::-2.29 ≤ estimate ≤ 3.93
Landweber::i=60: rdisc=0.539, rnorm=0.850, rerr=0.889
Landweber::-2.30 ≤ estimate ≤ 3.94
Landweber::i=61: rdisc=0.538, rnorm=0.849, rerr=0.888
Landweber::-2.30 ≤ estimate ≤ 3.94
Landweber::i=62: rdisc=0.537, rnorm=0.850, rerr=0.888
Landweber::-2.30 ≤ estimate ≤ 3.95
Landweber::i=63: rdisc=0.535, rnorm=0.851, rerr=0.888
Landweber::-2.30 ≤ estimate ≤ 3.96
Landweber::i=64: rdisc=0.534, rnorm=0.853, rerr=0.890
Landweber::-2.31 ≤ estimate ≤ 3.96
Landweber::i=65: rdisc=0.533, rnorm=0.855, rerr=0.891
Landweber::-2.31 ≤ estimate ≤ 3.97
Landweber::i=66: rdisc=0.532, rnorm=0.855, rerr=0.891
Landweber::-2.31 ≤ estimate ≤ 3.97
Landweber::i=67: rdisc=0.531, rnorm=0.855, rerr=0.890
Landweber::-2.31 ≤ estimate ≤ 3.98
Landweber::i=68: rdisc=0.529, rnorm=0.855, rerr=0.890
Landweber::-2.31 ≤ estimate ≤ 3.99
Landweber::i=69: rdisc=0.528, rnorm=0.856, rerr=0.890
Landweber::-2.32 ≤ estimate ≤ 3.99
Landweber::i=70: rdisc=0.527, rnorm=0.857, rerr=0.890
Landweber::-2.32 ≤ estimate ≤ 4.00
Landweber::i=71: rdisc=0.526, rnorm=0.858, rerr=0.890
Landweber::-2.32 ≤ estimate ≤ 4.00
Landweber::i=72: rdisc=0.525, rnorm=0.861, rerr=0.894
Landweber::-2.32 ≤ estimate ≤ 4.01
Landweber::i=73: rdisc=0.524, rnorm=0.864, rerr=0.896
Landweber::-2.32 ≤ estimate ≤ 4.01
Landweber::i=74: rdisc=0.523, rnorm=0.869, rerr=0.900
Landweber::-2.32 ≤ estimate ≤ 4.02
Landweber::i=75: rdisc=0.522, rnorm=0.877, rerr=0.907
Landweber::-2.33 ≤ estimate ≤ 4.02
Landweber::i=76: rdisc=0.521, rnorm=0.883, rerr=0.912
Landweber::-2.33 ≤ estimate ≤ 4.03
Landweber::i=77: rdisc=0.520, rnorm=0.886, rerr=0.915
Landweber::-2.33 ≤ estimate ≤ 4.03
Landweber::i=78: rdisc=0.519, rnorm=0.887, rerr=0.916
Landweber::-2.33 ≤ estimate ≤ 4.04
Landweber::i=79: rdisc=0.517, rnorm=0.889, rerr=0.917
Landweber::-2.33 ≤ estimate ≤ 4.04
Landweber::i=80: rdisc=0.516, rnorm=0.892, rerr=0.919
Landweber::-2.33 ≤ estimate ≤ 4.05
Landweber::i=81: rdisc=0.515, rnorm=0.893, rerr=0.920
Landweber::-2.33 ≤ estimate ≤ 4.05
Landweber::i=82: rdisc=0.514, rnorm=0.895, rerr=0.922
Landweber::-2.33 ≤ estimate ≤ 4.06
Landweber::i=83: rdisc=0.513, rnorm=0.896, rerr=0.922
Landweber::-2.34 ≤ estimate ≤ 4.06
Landweber::i=84: rdisc=0.512, rnorm=0.900, rerr=0.925
Landweber::-2.34 ≤ estimate ≤ 4.07
Landweber::i=85: rdisc=0.512, rnorm=0.903, rerr=0.928
Landweber::-2.34 ≤ estimate ≤ 4.07
Landweber::i=86: rdisc=0.511, rnorm=0.905, rerr=0.930
Landweber::-2.34 ≤ estimate ≤ 4.08
Landweber::i=87: rdisc=0.510, rnorm=0.906, rerr=0.930
Landweber::-2.34 ≤ estimate ≤ 4.08
Landweber::i=88: rdisc=0.509, rnorm=0.907, rerr=0.931
Landweber::-2.34 ≤ estimate ≤ 4.08
Landweber::i=89: rdisc=0.508, rnorm=0.910, rerr=0.933
Landweber::-2.34 ≤ estimate ≤ 4.09
Landweber::i=90: rdisc=0.507, rnorm=0.915, rerr=0.937
Landweber::-2.34 ≤ estimate ≤ 4.09
Landweber::i=91: rdisc=0.506, rnorm=0.919, rerr=0.941
Landweber::-2.34 ≤ estimate ≤ 4.10
Landweber::i=92: rdisc=0.505, rnorm=0.920, rerr=0.942
Landweber::-2.34 ≤ estimate ≤ 4.10
Landweber::i=93: rdisc=0.504, rnorm=0.924, rerr=0.945
Landweber::-2.34 ≤ estimate ≤ 4.11
Landweber::i=94: rdisc=0.503, rnorm=0.927, rerr=0.948
Landweber::-2.34 ≤ estimate ≤ 4.11
Landweber::i=95: rdisc=0.502, rnorm=0.929, rerr=0.950
Landweber::-2.34 ≤ estimate ≤ 4.11
Landweber::i=96: rdisc=0.502, rnorm=0.930, rerr=0.951
Landweber::-2.35 ≤ estimate ≤ 4.12
Landweber::i=97: rdisc=0.501, rnorm=0.932, rerr=0.952
Landweber::-2.35 ≤ estimate ≤ 4.12
Landweber::i=98: rdisc=0.500, rnorm=0.933, rerr=0.953
Landweber::-2.35 ≤ estimate ≤ 4.13
Landweber::i=99: rdisc=0.499, rnorm=0.934, rerr=0.953
Landweber::-2.35 ≤ estimate ≤ 4.13
Landweber::i=100: rdisc=0.498, rnorm=0.935, rerr=0.954
Landweber::-2.35 ≤ estimate ≤ 4.13
Landweber::i=101: rdisc=0.497, rnorm=0.936, rerr=0.955
Landweber::-2.35 ≤ estimate ≤ 4.14
Landweber::i=102: rdisc=0.497, rnorm=0.939, rerr=0.957
Landweber::-2.35 ≤ estimate ≤ 4.14
Landweber::i=103: rdisc=0.496, rnorm=0.940, rerr=0.958
Landweber::-2.35 ≤ estimate ≤ 4.14
Landweber::i=104: rdisc=0.495, rnorm=0.943, rerr=0.960
Landweber::-2.35 ≤ estimate ≤ 4.15
Landweber::i=105: rdisc=0.494, rnorm=0.943, rerr=0.960
Landweber::-2.35 ≤ estimate ≤ 4.15
Landweber::i=106: rdisc=0.493, rnorm=0.945, rerr=0.962
Landweber::-2.35 ≤ estimate ≤ 4.16
Landweber::i=107: rdisc=0.493, rnorm=0.946, rerr=0.963
Landweber::-2.35 ≤ estimate ≤ 4.16
Landweber::i=108: rdisc=0.492, rnorm=0.947, rerr=0.963
Landweber::-2.35 ≤ estimate ≤ 4.16
Landweber::i=109: rdisc=0.491, rnorm=0.948, rerr=0.964
Landweber::-2.35 ≤ estimate ≤ 4.17
Landweber::i=110: rdisc=0.490, rnorm=0.950, rerr=0.965
Landweber::-2.35 ≤ estimate ≤ 4.17
Landweber::i=111: rdisc=0.490, rnorm=0.951, rerr=0.965
Landweber::-2.35 ≤ estimate ≤ 4.17
Landweber::i=112: rdisc=0.489, rnorm=0.951, rerr=0.966
Landweber::-2.35 ≤ estimate ≤ 4.18
Landweber::i=113: rdisc=0.488, rnorm=0.952, rerr=0.966
Landweber::-2.35 ≤ estimate ≤ 4.18
Landweber::i=114: rdisc=0.487, rnorm=0.953, rerr=0.967
Landweber::-2.35 ≤ estimate ≤ 4.18
Landweber::i=115: rdisc=0.487, rnorm=0.955, rerr=0.968
Landweber::-2.35 ≤ estimate ≤ 4.19
Landweber::i=116: rdisc=0.486, rnorm=0.956, rerr=0.969
Landweber::-2.35 ≤ estimate ≤ 4.19
Landweber::i=117: rdisc=0.485, rnorm=0.956, rerr=0.970
Landweber::-2.35 ≤ estimate ≤ 4.19
Landweber::i=118: rdisc=0.484, rnorm=0.959, rerr=0.971
Landweber::-2.35 ≤ estimate ≤ 4.20
Landweber::i=119: rdisc=0.484, rnorm=0.961, rerr=0.974
Landweber::-2.35 ≤ estimate ≤ 4.20
Landweber::i=120: rdisc=0.483, rnorm=0.963, rerr=0.975
Landweber::-2.35 ≤ estimate ≤ 4.20
Landweber::i=121: rdisc=0.482, rnorm=0.964, rerr=0.976
Landweber::-2.35 ≤ estimate ≤ 4.21
Landweber::i=122: rdisc=0.482, rnorm=0.965, rerr=0.976
Landweber::-2.35 ≤ estimate ≤ 4.21
Landweber::i=123: rdisc=0.481, rnorm=0.965, rerr=0.976
Landweber::-2.35 ≤ estimate ≤ 4.21
Landweber::i=124: rdisc=0.480, rnorm=0.966, rerr=0.977
Landweber::-2.35 ≤ estimate ≤ 4.22
Landweber::i=125: rdisc=0.480, rnorm=0.966, rerr=0.977
Landweber::-2.35 ≤ estimate ≤ 4.22
Landweber::i=126: rdisc=0.479, rnorm=0.967, rerr=0.977
Landweber::-2.35 ≤ estimate ≤ 4.22
Landweber::i=127: rdisc=0.478, rnorm=0.968, rerr=0.978
Landweber::-2.35 ≤ estimate ≤ 4.23
Landweber::i=128: rdisc=0.478, rnorm=0.969, rerr=0.979
Landweber::-2.35 ≤ estimate ≤ 4.23
Landweber::i=129: rdisc=0.477, rnorm=0.970, rerr=0.980
Landweber::-2.35 ≤ estimate ≤ 4.23
Landweber::i=130: rdisc=0.476, rnorm=0.971, rerr=0.980
Landweber::-2.35 ≤ estimate ≤ 4.24
Landweber::i=131: rdisc=0.476, rnorm=0.972, rerr=0.981
Landweber::-2.35 ≤ estimate ≤ 4.24
Landweber::i=132: rdisc=0.475, rnorm=0.972, rerr=0.981
Landweber::-2.35 ≤ estimate ≤ 4.24
Landweber::i=133: rdisc=0.474, rnorm=0.974, rerr=0.982
Landweber::-2.35 ≤ estimate ≤ 4.24
Landweber::i=134: rdisc=0.474, rnorm=0.974, rerr=0.982
Landweber::-2.35 ≤ estimate ≤ 4.25
Landweber::i=135: rdisc=0.473, rnorm=0.974, rerr=0.982
Landweber::-2.34 ≤ estimate ≤ 4.25
Landweber::i=136: rdisc=0.472, rnorm=0.976, rerr=0.984
Landweber::-2.34 ≤ estimate ≤ 4.25
Landweber::i=137: rdisc=0.472, rnorm=0.977, rerr=0.984
Landweber::-2.34 ≤ estimate ≤ 4.26
Landweber::i=138: rdisc=0.471, rnorm=0.979, rerr=0.986
Landweber::-2.34 ≤ estimate ≤ 4.26
Landweber::i=139: rdisc=0.471, rnorm=0.982, rerr=0.989
Landweber::-2.34 ≤ estimate ≤ 4.26
Landweber::i=140: rdisc=0.470, rnorm=0.986, rerr=0.993
Landweber::-2.34 ≤ estimate ≤ 4.26
Landweber::i=141: rdisc=0.469, rnorm=0.988, rerr=0.994
Landweber::-2.34 ≤ estimate ≤ 4.27
Landweber::i=142: rdisc=0.469, rnorm=0.988, rerr=0.995
Landweber::-2.34 ≤ estimate ≤ 4.27
Landweber::i=143: rdisc=0.468, rnorm=0.990, rerr=0.996
Landweber::-2.34 ≤ estimate ≤ 4.27
Landweber::i=144: rdisc=0.468, rnorm=0.991, rerr=0.997
Landweber::-2.34 ≤ estimate ≤ 4.28
Landweber::i=145: rdisc=0.467, rnorm=0.992, rerr=0.997
Landweber::-2.34 ≤ estimate ≤ 4.28
Landweber::i=146: rdisc=0.466, rnorm=0.993, rerr=0.998
Landweber::-2.34 ≤ estimate ≤ 4.28
Landweber::i=147: rdisc=0.466, rnorm=0.993, rerr=0.998
Landweber::-2.34 ≤ estimate ≤ 4.28
Landweber::i=148: rdisc=0.465, rnorm=0.994, rerr=0.999
Landweber::-2.34 ≤ estimate ≤ 4.29
Landweber::i=149: rdisc=0.465, rnorm=0.994, rerr=0.999
Landweber::-2.34 ≤ estimate ≤ 4.29
Landweber::i=150: rdisc=0.464, rnorm=0.994, rerr=0.999
Landweber::-2.34 ≤ estimate ≤ 4.29
Landweber::i=151: rdisc=0.464, rnorm=0.995, rerr=0.999
Landweber::-2.34 ≤ estimate ≤ 4.29
Landweber::i=152: rdisc=0.463, rnorm=0.996, rerr=1.00 
Landweber::-2.33 ≤ estimate ≤ 4.30
Landweber::i=153: rdisc=0.462, rnorm=0.997, rerr=1.00 
Landweber::-2.33 ≤ estimate ≤ 4.30
Landweber::i=154: rdisc=0.462, rnorm=0.999, rerr=1.00 
Landweber::-2.33 ≤ estimate ≤ 4.30
Landweber::i=155: rdisc=0.461, rnorm=1.00 , rerr=1.00 
Landweber::-2.33 ≤ estimate ≤ 4.30
Landweber::i=156: rdisc=0.461, rnorm=1.00 , rerr=1.00 
Landweber::-2.33 ≤ estimate ≤ 4.31
Landweber::i=157: rdisc=0.460, rnorm=1.00 , rerr=1.00 
Landweber::-2.33 ≤ estimate ≤ 4.31
Landweber::i=158: rdisc=0.460, rnorm=1.00 , rerr=1.00 
Landweber::-2.33 ≤ estimate ≤ 4.31
Landweber::i=159: rdisc=0.459, rnorm=1.00 , rerr=1.01 
Landweber::-2.33 ≤ estimate ≤ 4.31
Landweber::i=160: rdisc=0.459, rnorm=1.00 , rerr=1.01 
Landweber::-2.33 ≤ estimate ≤ 4.32
Landweber::i=161: rdisc=0.458, rnorm=1.00 , rerr=1.01 
Landweber::-2.33 ≤ estimate ≤ 4.32
Landweber::i=162: rdisc=0.458, rnorm=1.00 , rerr=1.01 
Landweber::-2.33 ≤ estimate ≤ 4.32
Landweber::i=163: rdisc=0.457, rnorm=1.01 , rerr=1.01 
Landweber::-2.33 ≤ estimate ≤ 4.32
Landweber::i=164: rdisc=0.457, rnorm=1.01 , rerr=1.01 
Landweber::-2.32 ≤ estimate ≤ 4.33
Landweber::i=165: rdisc=0.456, rnorm=1.01 , rerr=1.01 
Landweber::-2.32 ≤ estimate ≤ 4.33
Landweber::i=166: rdisc=0.455, rnorm=1.01 , rerr=1.01 
Landweber::-2.32 ≤ estimate ≤ 4.33
Landweber::i=167: rdisc=0.455, rnorm=1.01 , rerr=1.01 
Landweber::-2.32 ≤ estimate ≤ 4.33
Landweber::i=168: rdisc=0.454, rnorm=1.01 , rerr=1.01 
Landweber::-2.32 ≤ estimate ≤ 4.34
Landweber::i=169: rdisc=0.454, rnorm=1.01 , rerr=1.01 
Landweber::-2.32 ≤ estimate ≤ 4.34
Landweber::i=170: rdisc=0.453, rnorm=1.01 , rerr=1.01 
Landweber::-2.32 ≤ estimate ≤ 4.34
Landweber::i=171: rdisc=0.453, rnorm=1.01 , rerr=1.01 
Landweber::-2.32 ≤ estimate ≤ 4.34
Landweber::i=172: rdisc=0.452, rnorm=1.01 , rerr=1.01 
Landweber::-2.32 ≤ estimate ≤ 4.35
Landweber::i=173: rdisc=0.452, rnorm=1.01 , rerr=1.01 
Landweber::-2.31 ≤ estimate ≤ 4.35
Landweber::i=174: rdisc=0.451, rnorm=1.01 , rerr=1.01 
Landweber::-2.31 ≤ estimate ≤ 4.35
Landweber::i=175: rdisc=0.451, rnorm=1.01 , rerr=1.01 
Landweber::-2.31 ≤ estimate ≤ 4.35
Landweber::i=176: rdisc=0.450, rnorm=1.01 , rerr=1.01 
Landweber::-2.31 ≤ estimate ≤ 4.35
Landweber::i=177: rdisc=0.450, rnorm=1.01 , rerr=1.01 
Landweber::-2.31 ≤ estimate ≤ 4.36
Landweber::i=178: rdisc=0.449, rnorm=1.01 , rerr=1.01 
Landweber::-2.31 ≤ estimate ≤ 4.36
Landweber::i=179: rdisc=0.449, rnorm=1.01 , rerr=1.01 
Landweber::-2.31 ≤ estimate ≤ 4.36
Landweber::i=180: rdisc=0.448, rnorm=1.02 , rerr=1.02 
Landweber::-2.31 ≤ estimate ≤ 4.36
Landweber::i=181: rdisc=0.448, rnorm=1.02 , rerr=1.02 
Landweber::-2.31 ≤ estimate ≤ 4.37
Landweber::i=182: rdisc=0.448, rnorm=1.02 , rerr=1.02 
Landweber::-2.30 ≤ estimate ≤ 4.37
Landweber::i=183: rdisc=0.447, rnorm=1.02 , rerr=1.02 
Landweber::-2.30 ≤ estimate ≤ 4.37
Landweber::i=184: rdisc=0.447, rnorm=1.02 , rerr=1.02 
Landweber::-2.30 ≤ estimate ≤ 4.37
Landweber::i=185: rdisc=0.446, rnorm=1.02 , rerr=1.02 
Landweber::-2.30 ≤ estimate ≤ 4.37
Landweber::i=186: rdisc=0.446, rnorm=1.03 , rerr=1.03 
Landweber::-2.30 ≤ estimate ≤ 4.38
Landweber::i=187: rdisc=0.445, rnorm=1.03 , rerr=1.03 
Landweber::-2.30 ≤ estimate ≤ 4.38
Landweber::i=188: rdisc=0.445, rnorm=1.03 , rerr=1.03 
Landweber::-2.30 ≤ estimate ≤ 4.38
Landweber::i=189: rdisc=0.444, rnorm=1.03 , rerr=1.03 
Landweber::-2.29 ≤ estimate ≤ 4.38
Landweber::i=190: rdisc=0.444, rnorm=1.03 , rerr=1.03 
Landweber::-2.29 ≤ estimate ≤ 4.38
Landweber::i=191: rdisc=0.443, rnorm=1.03 , rerr=1.03 
Landweber::-2.29 ≤ estimate ≤ 4.39
Landweber::i=192: rdisc=0.443, rnorm=1.03 , rerr=1.03 
Landweber::-2.29 ≤ estimate ≤ 4.39
Landweber::i=193: rdisc=0.442, rnorm=1.04 , rerr=1.03 
Landweber::-2.29 ≤ estimate ≤ 4.39
Landweber::i=194: rdisc=0.442, rnorm=1.04 , rerr=1.04 
Landweber::-2.29 ≤ estimate ≤ 4.39
Landweber::i=195: rdisc=0.441, rnorm=1.04 , rerr=1.04 
Landweber::-2.29 ≤ estimate ≤ 4.40
Landweber::i=196: rdisc=0.441, rnorm=1.04 , rerr=1.04 
Landweber::-2.28 ≤ estimate ≤ 4.40
Landweber::i=197: rdisc=0.441, rnorm=1.04 , rerr=1.04 
Landweber::-2.28 ≤ estimate ≤ 4.40
Landweber::i=198: rdisc=0.440, rnorm=1.04 , rerr=1.04 
Landweber::-2.28 ≤ estimate ≤ 4.40
Landweber::i=199: rdisc=0.440, rnorm=1.04 , rerr=1.04 
Landweber::-2.28 ≤ estimate ≤ 4.40
Landweber::i=200: rdisc=0.439, rnorm=1.04 , rerr=1.04 
Landweber::-2.28 ≤ estimate ≤ 4.41
Landweber::i=201: rdisc=0.439, rnorm=1.04 , rerr=1.04 
Landweber::-2.28 ≤ estimate ≤ 4.41
Landweber::i=202: rdisc=0.438, rnorm=1.04 , rerr=1.04 
Landweber::-2.27 ≤ estimate ≤ 4.41
Landweber::i=203: rdisc=0.438, rnorm=1.04 , rerr=1.04 
Landweber::-2.27 ≤ estimate ≤ 4.41
Landweber::i=204: rdisc=0.438, rnorm=1.04 , rerr=1.04 
Landweber::-2.27 ≤ estimate ≤ 4.41
Landweber::i=205: rdisc=0.437, rnorm=1.04 , rerr=1.04 
Landweber::-2.27 ≤ estimate ≤ 4.41
Landweber::i=206: rdisc=0.437, rnorm=1.04 , rerr=1.04 
Landweber::-2.27 ≤ estimate ≤ 4.42
Landweber::i=207: rdisc=0.436, rnorm=1.04 , rerr=1.04 
Landweber::-2.26 ≤ estimate ≤ 4.42
Landweber::i=208: rdisc=0.436, rnorm=1.04 , rerr=1.04 
Landweber::-2.26 ≤ estimate ≤ 4.42
Landweber::i=209: rdisc=0.435, rnorm=1.04 , rerr=1.04 
Landweber::-2.26 ≤ estimate ≤ 4.42
Landweber::i=210: rdisc=0.435, rnorm=1.05 , rerr=1.04 
Landweber::-2.26 ≤ estimate ≤ 4.42
Landweber::i=211: rdisc=0.435, rnorm=1.05 , rerr=1.04 
Landweber::-2.26 ≤ estimate ≤ 4.43
Landweber::i=212: rdisc=0.434, rnorm=1.05 , rerr=1.04 
Landweber::-2.25 ≤ estimate ≤ 4.43
Landweber::i=213: rdisc=0.434, rnorm=1.05 , rerr=1.04 
Landweber::-2.25 ≤ estimate ≤ 4.43
Landweber::i=214: rdisc=0.433, rnorm=1.05 , rerr=1.04 
Landweber::-2.25 ≤ estimate ≤ 4.43
Landweber::i=215: rdisc=0.433, rnorm=1.05 , rerr=1.04 
Landweber::-2.25 ≤ estimate ≤ 4.43
Landweber::i=216: rdisc=0.432, rnorm=1.05 , rerr=1.04 
Landweber::-2.25 ≤ estimate ≤ 4.44
Landweber::i=217: rdisc=0.432, rnorm=1.05 , rerr=1.04 
Landweber::-2.24 ≤ estimate ≤ 4.44
Landweber::i=218: rdisc=0.432, rnorm=1.05 , rerr=1.04 
Landweber::-2.24 ≤ estimate ≤ 4.44
Landweber::i=219: rdisc=0.431, rnorm=1.05 , rerr=1.05 
Landweber::-2.24 ≤ estimate ≤ 4.44
Landweber::i=220: rdisc=0.431, rnorm=1.05 , rerr=1.05 
Landweber::-2.24 ≤ estimate ≤ 4.44
Landweber::i=221: rdisc=0.430, rnorm=1.05 , rerr=1.05 
Landweber::-2.24 ≤ estimate ≤ 4.44
Landweber::i=222: rdisc=0.430, rnorm=1.05 , rerr=1.05 
Landweber::-2.23 ≤ estimate ≤ 4.45
Landweber::i=223: rdisc=0.430, rnorm=1.05 , rerr=1.05 
Landweber::-2.23 ≤ estimate ≤ 4.45
Landweber::i=224: rdisc=0.429, rnorm=1.05 , rerr=1.05 
Landweber::-2.23 ≤ estimate ≤ 4.45
Landweber::i=225: rdisc=0.429, rnorm=1.05 , rerr=1.05 
Landweber::-2.23 ≤ estimate ≤ 4.45
Landweber::i=226: rdisc=0.429, rnorm=1.05 , rerr=1.05 
Landweber::-2.22 ≤ estimate ≤ 4.45
Landweber::i=227: rdisc=0.428, rnorm=1.06 , rerr=1.05 
Landweber::-2.22 ≤ estimate ≤ 4.46
Landweber::i=228: rdisc=0.428, rnorm=1.06 , rerr=1.05 
Landweber::-2.22 ≤ estimate ≤ 4.46
Landweber::i=229: rdisc=0.427, rnorm=1.06 , rerr=1.05 
Landweber::-2.22 ≤ estimate ≤ 4.46
Landweber::i=230: rdisc=0.427, rnorm=1.06 , rerr=1.05 
Landweber::-2.21 ≤ estimate ≤ 4.46
Landweber::i=231: rdisc=0.427, rnorm=1.06 , rerr=1.06 
Landweber::-2.21 ≤ estimate ≤ 4.46
Landweber::i=232: rdisc=0.426, rnorm=1.06 , rerr=1.06 
Landweber::-2.21 ≤ estimate ≤ 4.46
Landweber::i=233: rdisc=0.426, rnorm=1.06 , rerr=1.06 
Landweber::-2.21 ≤ estimate ≤ 4.47
Landweber::i=234: rdisc=0.425, rnorm=1.07 , rerr=1.06 
Landweber::-2.20 ≤ estimate ≤ 4.47
Landweber::i=235: rdisc=0.425, rnorm=1.07 , rerr=1.06 
Landweber::-2.20 ≤ estimate ≤ 4.47
Landweber::i=236: rdisc=0.425, rnorm=1.07 , rerr=1.06 
Landweber::-2.20 ≤ estimate ≤ 4.47
Landweber::i=237: rdisc=0.424, rnorm=1.07 , rerr=1.06 
Landweber::-2.19 ≤ estimate ≤ 4.47
Landweber::i=238: rdisc=0.424, rnorm=1.07 , rerr=1.06 
Landweber::-2.19 ≤ estimate ≤ 4.47
Landweber::i=239: rdisc=0.424, rnorm=1.07 , rerr=1.06 
Landweber::-2.19 ≤ estimate ≤ 4.48
Landweber::i=240: rdisc=0.423, rnorm=1.07 , rerr=1.06 
Landweber::-2.19 ≤ estimate ≤ 4.48
Landweber::i=241: rdisc=0.423, rnorm=1.07 , rerr=1.07 
Landweber::-2.18 ≤ estimate ≤ 4.48
Landweber::i=242: rdisc=0.422, rnorm=1.08 , rerr=1.07 
Landweber::-2.18 ≤ estimate ≤ 4.48
Landweber::i=243: rdisc=0.422, rnorm=1.08 , rerr=1.07 
Landweber::-2.18 ≤ estimate ≤ 4.48
Landweber::i=244: rdisc=0.422, rnorm=1.08 , rerr=1.07 
Landweber::-2.17 ≤ estimate ≤ 4.48
Landweber::i=245: rdisc=0.421, rnorm=1.08 , rerr=1.07 
Landweber::-2.17 ≤ estimate ≤ 4.49
Landweber::i=246: rdisc=0.421, rnorm=1.08 , rerr=1.07 
Landweber::-2.17 ≤ estimate ≤ 4.49
Landweber::i=247: rdisc=0.421, rnorm=1.08 , rerr=1.07 
Landweber::-2.16 ≤ estimate ≤ 4.49
Landweber::i=248: rdisc=0.420, rnorm=1.08 , rerr=1.07 
Landweber::-2.16 ≤ estimate ≤ 4.49
Landweber::i=249: rdisc=0.420, rnorm=1.08 , rerr=1.07 
Landweber::-2.16 ≤ estimate ≤ 4.49
Landweber::i=250: rdisc=0.420, rnorm=1.08 , rerr=1.07 
Landweber::-2.15 ≤ estimate ≤ 4.49
Landweber::i=251: rdisc=0.419, rnorm=1.08 , rerr=1.07 
Landweber::-2.15 ≤ estimate ≤ 4.50
Landweber::i=252: rdisc=0.419, rnorm=1.08 , rerr=1.07 
Landweber::-2.15 ≤ estimate ≤ 4.50
Landweber::i=253: rdisc=0.419, rnorm=1.08 , rerr=1.07 
Landweber::-2.14 ≤ estimate ≤ 4.50
Landweber::i=254: rdisc=0.418, rnorm=1.08 , rerr=1.07 
Landweber::-2.14 ≤ estimate ≤ 4.50
Landweber::i=255: rdisc=0.418, rnorm=1.08 , rerr=1.07 
Landweber::-2.13 ≤ estimate ≤ 4.50
Landweber::i=256: rdisc=0.417, rnorm=1.08 , rerr=1.07 
Landweber::-2.13 ≤ estimate ≤ 4.50
Landweber::i=257: rdisc=0.417, rnorm=1.09 , rerr=1.07 
Landweber::-2.13 ≤ estimate ≤ 4.51
Landweber::i=258: rdisc=0.417, rnorm=1.09 , rerr=1.07 
Landweber::-2.12 ≤ estimate ≤ 4.51
Landweber::i=259: rdisc=0.416, rnorm=1.09 , rerr=1.07 
Landweber::-2.12 ≤ estimate ≤ 4.51
Landweber::i=260: rdisc=0.416, rnorm=1.09 , rerr=1.07 
Landweber::-2.11 ≤ estimate ≤ 4.51
Landweber::i=261: rdisc=0.416, rnorm=1.09 , rerr=1.07 
Landweber::-2.11 ≤ estimate ≤ 4.51
Landweber::i=262: rdisc=0.415, rnorm=1.09 , rerr=1.08 
Landweber::-2.11 ≤ estimate ≤ 4.51
Landweber::i=263: rdisc=0.415, rnorm=1.09 , rerr=1.08 
Landweber::-2.10 ≤ estimate ≤ 4.51
Landweber::i=264: rdisc=0.415, rnorm=1.09 , rerr=1.08 
Landweber::-2.10 ≤ estimate ≤ 4.52
Landweber::i=265: rdisc=0.414, rnorm=1.09 , rerr=1.08 
Landweber::-2.10 ≤ estimate ≤ 4.52
Landweber::i=266: rdisc=0.414, rnorm=1.09 , rerr=1.08 
Landweber::-2.11 ≤ estimate ≤ 4.52
Landweber::i=267: rdisc=0.414, rnorm=1.09 , rerr=1.08 
Landweber::-2.11 ≤ estimate ≤ 4.52
Landweber::i=268: rdisc=0.413, rnorm=1.09 , rerr=1.08 
Landweber::-2.11 ≤ estimate ≤ 4.52
Landweber::i=269: rdisc=0.413, rnorm=1.09 , rerr=1.08 
Landweber::-2.11 ≤ estimate ≤ 4.52
Landweber::i=270: rdisc=0.413, rnorm=1.10 , rerr=1.08 
Landweber::-2.11 ≤ estimate ≤ 4.52
Landweber::i=271: rdisc=0.412, rnorm=1.10 , rerr=1.08 
Landweber::-2.11 ≤ estimate ≤ 4.53
Landweber::i=272: rdisc=0.412, rnorm=1.10 , rerr=1.08 
Landweber::-2.11 ≤ estimate ≤ 4.53
Landweber::i=273: rdisc=0.412, rnorm=1.10 , rerr=1.09 
Landweber::-2.11 ≤ estimate ≤ 4.53
Landweber::i=274: rdisc=0.411, rnorm=1.10 , rerr=1.09 
Landweber::-2.11 ≤ estimate ≤ 4.53
Landweber::i=275: rdisc=0.411, rnorm=1.10 , rerr=1.09 
Landweber::-2.12 ≤ estimate ≤ 4.53
Landweber::i=276: rdisc=0.411, rnorm=1.10 , rerr=1.09 
Landweber::-2.12 ≤ estimate ≤ 4.53
Landweber::i=277: rdisc=0.410, rnorm=1.10 , rerr=1.09 
Landweber::-2.12 ≤ estimate ≤ 4.53
Landweber::i=278: rdisc=0.410, rnorm=1.10 , rerr=1.09 
Landweber::-2.12 ≤ estimate ≤ 4.54
Landweber::i=279: rdisc=0.410, rnorm=1.11 , rerr=1.09 
Landweber::-2.12 ≤ estimate ≤ 4.54
Landweber::i=280: rdisc=0.409, rnorm=1.11 , rerr=1.09 
Landweber::-2.12 ≤ estimate ≤ 4.54
Landweber::i=281: rdisc=0.409, rnorm=1.11 , rerr=1.09 
Landweber::-2.12 ≤ estimate ≤ 4.54
Landweber::i=282: rdisc=0.409, rnorm=1.11 , rerr=1.10 
Landweber::-2.12 ≤ estimate ≤ 4.54
Landweber::i=283: rdisc=0.409, rnorm=1.11 , rerr=1.10 
Landweber::-2.13 ≤ estimate ≤ 4.54
Landweber::i=284: rdisc=0.408, rnorm=1.11 , rerr=1.10 
Landweber::-2.13 ≤ estimate ≤ 4.54
Landweber::i=285: rdisc=0.408, rnorm=1.11 , rerr=1.10 
Landweber::-2.13 ≤ estimate ≤ 4.55
Landweber::i=286: rdisc=0.408, rnorm=1.11 , rerr=1.10 
Landweber::-2.13 ≤ estimate ≤ 4.55
Landweber::i=287: rdisc=0.407, rnorm=1.11 , rerr=1.10 
Landweber::-2.13 ≤ estimate ≤ 4.55
Landweber::i=288: rdisc=0.407, rnorm=1.11 , rerr=1.10 
Landweber::-2.13 ≤ estimate ≤ 4.55
Landweber::i=289: rdisc=0.407, rnorm=1.11 , rerr=1.10 
Landweber::-2.13 ≤ estimate ≤ 4.55
Landweber::i=290: rdisc=0.406, rnorm=1.11 , rerr=1.10 
Landweber::-2.13 ≤ estimate ≤ 4.55
Landweber::i=291: rdisc=0.406, rnorm=1.12 , rerr=1.10 
Landweber::-2.13 ≤ estimate ≤ 4.55
Landweber::i=292: rdisc=0.406, rnorm=1.12 , rerr=1.10 
Landweber::-2.14 ≤ estimate ≤ 4.56
Landweber::i=293: rdisc=0.405, rnorm=1.12 , rerr=1.10 
Landweber::-2.14 ≤ estimate ≤ 4.56
Landweber::i=294: rdisc=0.405, rnorm=1.12 , rerr=1.10 
Landweber::-2.14 ≤ estimate ≤ 4.56
Landweber::i=295: rdisc=0.405, rnorm=1.12 , rerr=1.10 
Landweber::-2.14 ≤ estimate ≤ 4.56
Landweber::i=296: rdisc=0.404, rnorm=1.12 , rerr=1.10 
Landweber::-2.14 ≤ estimate ≤ 4.56
Landweber::i=297: rdisc=0.404, rnorm=1.12 , rerr=1.11 
Landweber::-2.14 ≤ estimate ≤ 4.56
Landweber::i=298: rdisc=0.404, rnorm=1.12 , rerr=1.11 
Landweber::-2.14 ≤ estimate ≤ 4.56
Landweber::i=299: rdisc=0.404, rnorm=1.12 , rerr=1.11 
Landweber::-2.14 ≤ estimate ≤ 4.57
Landweber::i=300: rdisc=0.403, rnorm=1.13 , rerr=1.11 
Landweber::-2.14 ≤ estimate ≤ 4.57
Landweber::i=301: rdisc=0.403, rnorm=1.13 , rerr=1.11 
Landweber::-2.15 ≤ estimate ≤ 4.57
Landweber::i=302: rdisc=0.403, rnorm=1.13 , rerr=1.11 
Landweber::-2.15 ≤ estimate ≤ 4.57
Landweber::i=303: rdisc=0.402, rnorm=1.13 , rerr=1.11 
Landweber::-2.15 ≤ estimate ≤ 4.57
Landweber::i=304: rdisc=0.402, rnorm=1.13 , rerr=1.11 
Landweber::-2.15 ≤ estimate ≤ 4.57
Landweber::i=305: rdisc=0.402, rnorm=1.13 , rerr=1.11 
Landweber::-2.15 ≤ estimate ≤ 4.57
Landweber::i=306: rdisc=0.401, rnorm=1.13 , rerr=1.11 
Landweber::-2.15 ≤ estimate ≤ 4.58
Landweber::i=307: rdisc=0.401, rnorm=1.13 , rerr=1.11 
Landweber::-2.15 ≤ estimate ≤ 4.58
Landweber::i=308: rdisc=0.401, rnorm=1.13 , rerr=1.11 
Landweber::-2.15 ≤ estimate ≤ 4.58
Landweber::i=309: rdisc=0.401, rnorm=1.13 , rerr=1.12 
Landweber::-2.15 ≤ estimate ≤ 4.58
Landweber::i=310: rdisc=0.400, rnorm=1.13 , rerr=1.11 
Landweber::-2.15 ≤ estimate ≤ 4.58
Landweber::i=311: rdisc=0.400, rnorm=1.13 , rerr=1.11 
Landweber::-2.15 ≤ estimate ≤ 4.58
Landweber::i=312: rdisc=0.400, rnorm=1.13 , rerr=1.12 
Landweber::-2.16 ≤ estimate ≤ 4.58
Landweber::i=313: rdisc=0.399, rnorm=1.13 , rerr=1.12 
Landweber::-2.16 ≤ estimate ≤ 4.58
Landweber::i=314: rdisc=0.399, rnorm=1.14 , rerr=1.12 
Landweber::-2.16 ≤ estimate ≤ 4.59
Landweber::i=315: rdisc=0.399, rnorm=1.14 , rerr=1.12 
Landweber::-2.16 ≤ estimate ≤ 4.59
Landweber::i=316: rdisc=0.399, rnorm=1.14 , rerr=1.12 
Landweber::-2.16 ≤ estimate ≤ 4.59
Landweber::i=317: rdisc=0.398, rnorm=1.14 , rerr=1.12 
Landweber::-2.16 ≤ estimate ≤ 4.59
Landweber::i=318: rdisc=0.398, rnorm=1.14 , rerr=1.12 
Landweber::-2.16 ≤ estimate ≤ 4.59
Landweber::i=319: rdisc=0.398, rnorm=1.14 , rerr=1.12 
Landweber::-2.16 ≤ estimate ≤ 4.59
Landweber::i=320: rdisc=0.398, rnorm=1.14 , rerr=1.12 
Landweber::-2.16 ≤ estimate ≤ 4.59
Landweber::i=321: rdisc=0.397, rnorm=1.14 , rerr=1.12 
Landweber::-2.16 ≤ estimate ≤ 4.60
Landweber::i=322: rdisc=0.397, rnorm=1.14 , rerr=1.12 
Landweber::-2.17 ≤ estimate ≤ 4.60
Landweber::i=323: rdisc=0.397, rnorm=1.14 , rerr=1.12 
Landweber::-2.17 ≤ estimate ≤ 4.60
Landweber::i=324: rdisc=0.396, rnorm=1.14 , rerr=1.12 
Landweber::-2.17 ≤ estimate ≤ 4.60
Landweber::i=325: rdisc=0.396, rnorm=1.14 , rerr=1.12 
Landweber::-2.17 ≤ estimate ≤ 4.60
Landweber::i=326: rdisc=0.396, rnorm=1.14 , rerr=1.12 
Landweber::-2.17 ≤ estimate ≤ 4.60
Landweber::i=327: rdisc=0.396, rnorm=1.14 , rerr=1.12 
Landweber::-2.17 ≤ estimate ≤ 4.60
Landweber::i=328: rdisc=0.395, rnorm=1.14 , rerr=1.12 
Landweber::-2.17 ≤ estimate ≤ 4.60
Landweber::i=329: rdisc=0.395, rnorm=1.14 , rerr=1.12 
Landweber::-2.17 ≤ estimate ≤ 4.61
Landweber::i=330: rdisc=0.395, rnorm=1.14 , rerr=1.12 
Landweber::-2.17 ≤ estimate ≤ 4.61
Landweber::i=331: rdisc=0.394, rnorm=1.14 , rerr=1.12 
Landweber::-2.17 ≤ estimate ≤ 4.61
Landweber::i=332: rdisc=0.394, rnorm=1.14 , rerr=1.12 
Landweber::-2.17 ≤ estimate ≤ 4.61
Landweber::i=333: rdisc=0.394, rnorm=1.14 , rerr=1.12 
Landweber::-2.17 ≤ estimate ≤ 4.61
Landweber::i=334: rdisc=0.394, rnorm=1.14 , rerr=1.12 
Landweber::-2.18 ≤ estimate ≤ 4.61
Landweber::i=335: rdisc=0.393, rnorm=1.15 , rerr=1.12 
Landweber::-2.18 ≤ estimate ≤ 4.61
Landweber::i=336: rdisc=0.393, rnorm=1.15 , rerr=1.12 
Landweber::-2.18 ≤ estimate ≤ 4.61
Landweber::i=337: rdisc=0.393, rnorm=1.15 , rerr=1.12 
Landweber::-2.18 ≤ estimate ≤ 4.62
Landweber::i=338: rdisc=0.393, rnorm=1.15 , rerr=1.12 
Landweber::-2.18 ≤ estimate ≤ 4.62
Landweber::i=339: rdisc=0.392, rnorm=1.15 , rerr=1.13 
Landweber::-2.18 ≤ estimate ≤ 4.62
Landweber::i=340: rdisc=0.392, rnorm=1.15 , rerr=1.13 
Landweber::-2.18 ≤ estimate ≤ 4.62
Landweber::i=341: rdisc=0.392, rnorm=1.15 , rerr=1.13 
Landweber::-2.18 ≤ estimate ≤ 4.62
Landweber::i=342: rdisc=0.392, rnorm=1.15 , rerr=1.13 
Landweber::-2.18 ≤ estimate ≤ 4.62
Landweber::i=343: rdisc=0.391, rnorm=1.15 , rerr=1.13 
Landweber::-2.18 ≤ estimate ≤ 4.62
Landweber::i=344: rdisc=0.391, rnorm=1.15 , rerr=1.13 
Landweber::-2.18 ≤ estimate ≤ 4.62
Landweber::i=345: rdisc=0.391, rnorm=1.15 , rerr=1.13 
Landweber::-2.18 ≤ estimate ≤ 4.62
Landweber::i=346: rdisc=0.391, rnorm=1.15 , rerr=1.13 
Landweber::-2.19 ≤ estimate ≤ 4.63
Landweber::i=347: rdisc=0.390, rnorm=1.15 , rerr=1.13 
Landweber::-2.19 ≤ estimate ≤ 4.63
Landweber::i=348: rdisc=0.390, rnorm=1.15 , rerr=1.13 
Landweber::-2.19 ≤ estimate ≤ 4.63
Landweber::i=349: rdisc=0.390, rnorm=1.15 , rerr=1.13 
Landweber::-2.19 ≤ estimate ≤ 4.63
Landweber::i=350: rdisc=0.390, rnorm=1.15 , rerr=1.13 
Landweber::-2.19 ≤ estimate ≤ 4.63
Landweber::i=351: rdisc=0.389, rnorm=1.15 , rerr=1.13 
Landweber::-2.19 ≤ estimate ≤ 4.63
Landweber::i=352: rdisc=0.389, rnorm=1.15 , rerr=1.13 
Landweber::-2.19 ≤ estimate ≤ 4.63
Landweber::i=353: rdisc=0.389, rnorm=1.15 , rerr=1.13 
Landweber::-2.19 ≤ estimate ≤ 4.63
Landweber::i=354: rdisc=0.388, rnorm=1.15 , rerr=1.13 
Landweber::-2.19 ≤ estimate ≤ 4.64
Landweber::i=355: rdisc=0.388, rnorm=1.15 , rerr=1.13 
Landweber::-2.19 ≤ estimate ≤ 4.64
Landweber::i=356: rdisc=0.388, rnorm=1.15 , rerr=1.13 
Landweber::-2.19 ≤ estimate ≤ 4.64
Landweber::i=357: rdisc=0.388, rnorm=1.15 , rerr=1.13 
Landweber::-2.19 ≤ estimate ≤ 4.64
Landweber::i=358: rdisc=0.387, rnorm=1.15 , rerr=1.13 
Landweber::-2.19 ≤ estimate ≤ 4.64
Landweber::i=359: rdisc=0.387, rnorm=1.15 , rerr=1.13 
Landweber::-2.20 ≤ estimate ≤ 4.64
Landweber::i=360: rdisc=0.387, rnorm=1.15 , rerr=1.13 
Landweber::-2.20 ≤ estimate ≤ 4.64
Landweber::i=361: rdisc=0.387, rnorm=1.15 , rerr=1.13 
Landweber::-2.20 ≤ estimate ≤ 4.64
Landweber::i=362: rdisc=0.386, rnorm=1.15 , rerr=1.13 
Landweber::-2.20 ≤ estimate ≤ 4.64
Landweber::i=363: rdisc=0.386, rnorm=1.15 , rerr=1.13 
Landweber::-2.20 ≤ estimate ≤ 4.65
Landweber::i=364: rdisc=0.386, rnorm=1.15 , rerr=1.13 
Landweber::-2.20 ≤ estimate ≤ 4.65
Landweber::i=365: rdisc=0.386, rnorm=1.15 , rerr=1.13 
Landweber::-2.20 ≤ estimate ≤ 4.65
Landweber::i=366: rdisc=0.385, rnorm=1.16 , rerr=1.13 
Landweber::-2.20 ≤ estimate ≤ 4.65
Landweber::i=367: rdisc=0.385, rnorm=1.16 , rerr=1.13 
Landweber::-2.20 ≤ estimate ≤ 4.65
Landweber::i=368: rdisc=0.385, rnorm=1.16 , rerr=1.13 
Landweber::-2.20 ≤ estimate ≤ 4.65
Landweber::i=369: rdisc=0.385, rnorm=1.16 , rerr=1.13 
Landweber::-2.20 ≤ estimate ≤ 4.65
Landweber::i=370: rdisc=0.385, rnorm=1.16 , rerr=1.13 
Landweber::-2.20 ≤ estimate ≤ 4.65
Landweber::i=371: rdisc=0.384, rnorm=1.16 , rerr=1.13 
Landweber::-2.20 ≤ estimate ≤ 4.65
Landweber::i=372: rdisc=0.384, rnorm=1.16 , rerr=1.14 
Landweber::-2.20 ≤ estimate ≤ 4.66
Landweber::i=373: rdisc=0.384, rnorm=1.16 , rerr=1.14 
Landweber::-2.20 ≤ estimate ≤ 4.66
Landweber::i=374: rdisc=0.384, rnorm=1.16 , rerr=1.14 
Landweber::-2.21 ≤ estimate ≤ 4.66
Landweber::i=375: rdisc=0.383, rnorm=1.17 , rerr=1.14 
Landweber::-2.21 ≤ estimate ≤ 4.66
Landweber::i=376: rdisc=0.383, rnorm=1.17 , rerr=1.14 
Landweber::-2.21 ≤ estimate ≤ 4.66
Landweber::i=377: rdisc=0.383, rnorm=1.17 , rerr=1.14 
Landweber::-2.21 ≤ estimate ≤ 4.66
Landweber::i=378: rdisc=0.383, rnorm=1.17 , rerr=1.14 
Landweber::-2.21 ≤ estimate ≤ 4.66
Landweber::i=379: rdisc=0.382, rnorm=1.17 , rerr=1.14 
Landweber::-2.21 ≤ estimate ≤ 4.66
Landweber::i=380: rdisc=0.382, rnorm=1.17 , rerr=1.14 
Landweber::-2.21 ≤ estimate ≤ 4.66
Landweber::i=381: rdisc=0.382, rnorm=1.17 , rerr=1.14 
Landweber::-2.21 ≤ estimate ≤ 4.67
Landweber::i=382: rdisc=0.382, rnorm=1.17 , rerr=1.14 
Landweber::-2.21 ≤ estimate ≤ 4.67
Landweber::i=383: rdisc=0.381, rnorm=1.17 , rerr=1.14 
Landweber::-2.21 ≤ estimate ≤ 4.67
Landweber::i=384: rdisc=0.381, rnorm=1.17 , rerr=1.14 
Landweber::-2.21 ≤ estimate ≤ 4.67
Landweber::i=385: rdisc=0.381, rnorm=1.17 , rerr=1.14 
Landweber::-2.21 ≤ estimate ≤ 4.67
Landweber::i=386: rdisc=0.381, rnorm=1.17 , rerr=1.14 
Landweber::-2.21 ≤ estimate ≤ 4.67
Landweber::i=387: rdisc=0.381, rnorm=1.17 , rerr=1.14 
Landweber::-2.21 ≤ estimate ≤ 4.67
Landweber::i=388: rdisc=0.380, rnorm=1.17 , rerr=1.14 
Landweber::-2.21 ≤ estimate ≤ 4.67
Landweber::i=389: rdisc=0.380, rnorm=1.17 , rerr=1.14 
Landweber::-2.21 ≤ estimate ≤ 4.67
Landweber::i=390: rdisc=0.380, rnorm=1.17 , rerr=1.14 
Landweber::-2.22 ≤ estimate ≤ 4.68
Landweber::i=391: rdisc=0.380, rnorm=1.17 , rerr=1.14 
Landweber::-2.22 ≤ estimate ≤ 4.68
Landweber::i=392: rdisc=0.379, rnorm=1.17 , rerr=1.14 
Landweber::-2.22 ≤ estimate ≤ 4.68
Landweber::i=393: rdisc=0.379, rnorm=1.17 , rerr=1.14 
Landweber::-2.22 ≤ estimate ≤ 4.68
Landweber::i=394: rdisc=0.379, rnorm=1.17 , rerr=1.14 
Landweber::-2.22 ≤ estimate ≤ 4.68
Landweber::i=395: rdisc=0.379, rnorm=1.17 , rerr=1.14 
Landweber::-2.22 ≤ estimate ≤ 4.68
Landweber::i=396: rdisc=0.378, rnorm=1.17 , rerr=1.14 
Landweber::-2.22 ≤ estimate ≤ 4.68
Landweber::i=397: rdisc=0.378, rnorm=1.17 , rerr=1.14 
Landweber::-2.22 ≤ estimate ≤ 4.68
Landweber::i=398: rdisc=0.378, rnorm=1.17 , rerr=1.14 
Landweber::-2.22 ≤ estimate ≤ 4.68
Landweber::i=399: rdisc=0.378, rnorm=1.17 , rerr=1.14 
Landweber::-2.22 ≤ estimate ≤ 4.68
Landweber::i=400: rdisc=0.378, rnorm=1.17 , rerr=1.14 
Landweber::-2.22 ≤ estimate ≤ 4.69
Landweber::i=401: rdisc=0.377, rnorm=1.17 , rerr=1.14 
Landweber::-2.22 ≤ estimate ≤ 4.69
Landweber::i=402: rdisc=0.377, rnorm=1.17 , rerr=1.14 
Landweber::-2.22 ≤ estimate ≤ 4.69
Landweber::i=403: rdisc=0.377, rnorm=1.17 , rerr=1.14 
Landweber::-2.22 ≤ estimate ≤ 4.69
Landweber::i=404: rdisc=0.377, rnorm=1.17 , rerr=1.14 
Landweber::-2.22 ≤ estimate ≤ 4.69
Landweber::i=405: rdisc=0.376, rnorm=1.17 , rerr=1.14 
Landweber::-2.22 ≤ estimate ≤ 4.69
Landweber::i=406: rdisc=0.376, rnorm=1.17 , rerr=1.14 
Landweber::-2.23 ≤ estimate ≤ 4.69
Landweber::i=407: rdisc=0.376, rnorm=1.17 , rerr=1.14 
Landweber::-2.23 ≤ estimate ≤ 4.69
Landweber::i=408: rdisc=0.376, rnorm=1.17 , rerr=1.14 
Landweber::-2.23 ≤ estimate ≤ 4.69
Landweber::i=409: rdisc=0.376, rnorm=1.17 , rerr=1.14 
Landweber::-2.23 ≤ estimate ≤ 4.70
Landweber::i=410: rdisc=0.375, rnorm=1.17 , rerr=1.14 
Landweber::-2.23 ≤ estimate ≤ 4.70
Landweber::i=411: rdisc=0.375, rnorm=1.17 , rerr=1.14 
Landweber::-2.23 ≤ estimate ≤ 4.70
Landweber::i=412: rdisc=0.375, rnorm=1.17 , rerr=1.14 
Landweber::-2.23 ≤ estimate ≤ 4.70
Landweber::i=413: rdisc=0.375, rnorm=1.17 , rerr=1.14 
Landweber::-2.23 ≤ estimate ≤ 4.70
Landweber::i=414: rdisc=0.374, rnorm=1.17 , rerr=1.14 
Landweber::-2.23 ≤ estimate ≤ 4.70
Landweber::i=415: rdisc=0.374, rnorm=1.17 , rerr=1.14 
Landweber::-2.23 ≤ estimate ≤ 4.70
Landweber::i=416: rdisc=0.374, rnorm=1.17 , rerr=1.14 
Landweber::-2.23 ≤ estimate ≤ 4.70
Landweber::i=417: rdisc=0.374, rnorm=1.17 , rerr=1.14 
Landweber::-2.23 ≤ estimate ≤ 4.70
Landweber::i=418: rdisc=0.374, rnorm=1.17 , rerr=1.14 
Landweber::-2.23 ≤ estimate ≤ 4.70
Landweber::i=419: rdisc=0.373, rnorm=1.17 , rerr=1.14 
Landweber::-2.23 ≤ estimate ≤ 4.71
Landweber::i=420: rdisc=0.373, rnorm=1.17 , rerr=1.14 
Landweber::-2.23 ≤ estimate ≤ 4.71
Landweber::i=421: rdisc=0.373, rnorm=1.17 , rerr=1.14 
Landweber::-2.23 ≤ estimate ≤ 4.71
Landweber::i=422: rdisc=0.373, rnorm=1.17 , rerr=1.14 
Landweber::-2.23 ≤ estimate ≤ 4.71
Landweber::i=423: rdisc=0.373, rnorm=1.17 , rerr=1.14 
Landweber::-2.23 ≤ estimate ≤ 4.71
Landweber::i=424: rdisc=0.372, rnorm=1.17 , rerr=1.14 
Landweber::-2.23 ≤ estimate ≤ 4.71
Landweber::i=425: rdisc=0.372, rnorm=1.18 , rerr=1.14 
Landweber::-2.24 ≤ estimate ≤ 4.71
Landweber::i=426: rdisc=0.372, rnorm=1.18 , rerr=1.14 
Landweber::-2.24 ≤ estimate ≤ 4.71
Landweber::i=427: rdisc=0.372, rnorm=1.18 , rerr=1.14 
Landweber::-2.24 ≤ estimate ≤ 4.71
Landweber::i=428: rdisc=0.371, rnorm=1.18 , rerr=1.15 
Landweber::-2.24 ≤ estimate ≤ 4.71
Landweber::i=429: rdisc=0.371, rnorm=1.18 , rerr=1.15 
Landweber::-2.24 ≤ estimate ≤ 4.72
Landweber::i=430: rdisc=0.371, rnorm=1.18 , rerr=1.15 
Landweber::-2.24 ≤ estimate ≤ 4.72
Landweber::i=431: rdisc=0.371, rnorm=1.18 , rerr=1.15 
Landweber::-2.24 ≤ estimate ≤ 4.72
Landweber::i=432: rdisc=0.371, rnorm=1.18 , rerr=1.15 
Landweber::-2.24 ≤ estimate ≤ 4.72
Landweber::i=433: rdisc=0.370, rnorm=1.18 , rerr=1.15 
Landweber::-2.24 ≤ estimate ≤ 4.72
Landweber::i=434: rdisc=0.370, rnorm=1.18 , rerr=1.15 
Landweber::-2.24 ≤ estimate ≤ 4.72
Landweber::i=435: rdisc=0.370, rnorm=1.18 , rerr=1.15 
Landweber::-2.24 ≤ estimate ≤ 4.72
Landweber::i=436: rdisc=0.370, rnorm=1.18 , rerr=1.15 
Landweber::-2.24 ≤ estimate ≤ 4.72
Landweber::i=437: rdisc=0.370, rnorm=1.18 , rerr=1.15 
Landweber::-2.24 ≤ estimate ≤ 4.72
Landweber::i=438: rdisc=0.369, rnorm=1.18 , rerr=1.15 
Landweber::-2.24 ≤ estimate ≤ 4.72
Landweber::i=439: rdisc=0.369, rnorm=1.18 , rerr=1.15 
Landweber::-2.24 ≤ estimate ≤ 4.72
Landweber::i=440: rdisc=0.369, rnorm=1.18 , rerr=1.15 
Landweber::-2.24 ≤ estimate ≤ 4.73
Landweber::i=441: rdisc=0.369, rnorm=1.18 , rerr=1.15 
Landweber::-2.25 ≤ estimate ≤ 4.73
Landweber::i=442: rdisc=0.369, rnorm=1.18 , rerr=1.15 
Landweber::-2.25 ≤ estimate ≤ 4.73
Landweber::i=443: rdisc=0.368, rnorm=1.18 , rerr=1.15 
Landweber::-2.25 ≤ estimate ≤ 4.73
Landweber::i=444: rdisc=0.368, rnorm=1.18 , rerr=1.15 
Landweber::-2.25 ≤ estimate ≤ 4.73
Landweber::i=445: rdisc=0.368, rnorm=1.18 , rerr=1.15 
Landweber::-2.25 ≤ estimate ≤ 4.73
Landweber::i=446: rdisc=0.368, rnorm=1.18 , rerr=1.15 
Landweber::-2.25 ≤ estimate ≤ 4.73
Landweber::i=447: rdisc=0.368, rnorm=1.18 , rerr=1.15 
Landweber::-2.25 ≤ estimate ≤ 4.73
Landweber::i=448: rdisc=0.367, rnorm=1.18 , rerr=1.15 
Landweber::-2.25 ≤ estimate ≤ 4.73
Landweber::i=449: rdisc=0.367, rnorm=1.19 , rerr=1.15 
Landweber::-2.25 ≤ estimate ≤ 4.73
Landweber::i=450: rdisc=0.367, rnorm=1.19 , rerr=1.15 
Landweber::-2.25 ≤ estimate ≤ 4.73
Landweber::i=451: rdisc=0.367, rnorm=1.19 , rerr=1.15 
Landweber::-2.25 ≤ estimate ≤ 4.74
Landweber::i=452: rdisc=0.367, rnorm=1.19 , rerr=1.15 
Landweber::-2.25 ≤ estimate ≤ 4.74
Landweber::i=453: rdisc=0.366, rnorm=1.18 , rerr=1.15 
Landweber::-2.25 ≤ estimate ≤ 4.74
Landweber::i=454: rdisc=0.366, rnorm=1.19 , rerr=1.15 
Landweber::-2.25 ≤ estimate ≤ 4.74
Landweber::i=455: rdisc=0.366, rnorm=1.19 , rerr=1.15 
Landweber::-2.25 ≤ estimate ≤ 4.74
Landweber::i=456: rdisc=0.366, rnorm=1.19 , rerr=1.15 
Landweber::-2.26 ≤ estimate ≤ 4.74
Landweber::i=457: rdisc=0.366, rnorm=1.19 , rerr=1.15 
Landweber::-2.26 ≤ estimate ≤ 4.74
Landweber::i=458: rdisc=0.365, rnorm=1.19 , rerr=1.15 
Landweber::-2.26 ≤ estimate ≤ 4.74
Landweber::i=459: rdisc=0.365, rnorm=1.19 , rerr=1.15 
Landweber::-2.26 ≤ estimate ≤ 4.74
Landweber::i=460: rdisc=0.365, rnorm=1.19 , rerr=1.15 
Landweber::-2.26 ≤ estimate ≤ 4.74
Landweber::i=461: rdisc=0.365, rnorm=1.19 , rerr=1.15 
Landweber::-2.26 ≤ estimate ≤ 4.74
Landweber::i=462: rdisc=0.365, rnorm=1.19 , rerr=1.15 
Landweber::-2.26 ≤ estimate ≤ 4.75
Landweber::i=463: rdisc=0.364, rnorm=1.19 , rerr=1.15 
Landweber::-2.26 ≤ estimate ≤ 4.75
Landweber::i=464: rdisc=0.364, rnorm=1.19 , rerr=1.15 
Landweber::-2.26 ≤ estimate ≤ 4.75
Landweber::i=465: rdisc=0.364, rnorm=1.19 , rerr=1.15 
Landweber::-2.26 ≤ estimate ≤ 4.75
Landweber::i=466: rdisc=0.364, rnorm=1.19 , rerr=1.15 
Landweber::-2.26 ≤ estimate ≤ 4.75
Landweber::i=467: rdisc=0.364, rnorm=1.19 , rerr=1.15 
Landweber::-2.26 ≤ estimate ≤ 4.75
Landweber::i=468: rdisc=0.363, rnorm=1.19 , rerr=1.15 
Landweber::-2.26 ≤ estimate ≤ 4.75
Landweber::i=469: rdisc=0.363, rnorm=1.19 , rerr=1.16 
Landweber::-2.26 ≤ estimate ≤ 4.75
Landweber::i=470: rdisc=0.363, rnorm=1.19 , rerr=1.16 
Landweber::-2.26 ≤ estimate ≤ 4.75
Landweber::i=471: rdisc=0.363, rnorm=1.19 , rerr=1.16 
Landweber::-2.26 ≤ estimate ≤ 4.75
Landweber::i=472: rdisc=0.363, rnorm=1.19 , rerr=1.16 
Landweber::-2.26 ≤ estimate ≤ 4.75
Landweber::i=473: rdisc=0.362, rnorm=1.19 , rerr=1.16 
Landweber::-2.27 ≤ estimate ≤ 4.76
Landweber::i=474: rdisc=0.362, rnorm=1.19 , rerr=1.16 
Landweber::-2.27 ≤ estimate ≤ 4.76
Landweber::i=475: rdisc=0.362, rnorm=1.19 , rerr=1.16 
Landweber::-2.27 ≤ estimate ≤ 4.76
Landweber::i=476: rdisc=0.362, rnorm=1.19 , rerr=1.16 
Landweber::-2.27 ≤ estimate ≤ 4.76
Landweber::i=477: rdisc=0.362, rnorm=1.19 , rerr=1.16 
Landweber::-2.27 ≤ estimate ≤ 4.76
Landweber::i=478: rdisc=0.362, rnorm=1.19 , rerr=1.16 
Landweber::-2.27 ≤ estimate ≤ 4.76
Landweber::i=479: rdisc=0.361, rnorm=1.19 , rerr=1.16 
Landweber::-2.27 ≤ estimate ≤ 4.76
Landweber::i=480: rdisc=0.361, rnorm=1.19 , rerr=1.16 
Landweber::-2.27 ≤ estimate ≤ 4.76
Landweber::i=481: rdisc=0.361, rnorm=1.19 , rerr=1.16 
Landweber::-2.27 ≤ estimate ≤ 4.76
Landweber::i=482: rdisc=0.361, rnorm=1.19 , rerr=1.16 
Landweber::-2.27 ≤ estimate ≤ 4.76
Landweber::i=483: rdisc=0.361, rnorm=1.19 , rerr=1.16 
Landweber::-2.27 ≤ estimate ≤ 4.76
Landweber::i=484: rdisc=0.360, rnorm=1.19 , rerr=1.16 
Landweber::-2.27 ≤ estimate ≤ 4.77
Landweber::i=485: rdisc=0.360, rnorm=1.19 , rerr=1.16 
Landweber::-2.27 ≤ estimate ≤ 4.77
Landweber::i=486: rdisc=0.360, rnorm=1.19 , rerr=1.16 
Landweber::-2.27 ≤ estimate ≤ 4.77
Landweber::i=487: rdisc=0.360, rnorm=1.19 , rerr=1.16 
Landweber::-2.27 ≤ estimate ≤ 4.77
Landweber::i=488: rdisc=0.360, rnorm=1.19 , rerr=1.16 
Landweber::-2.27 ≤ estimate ≤ 4.77
Landweber::i=489: rdisc=0.359, rnorm=1.19 , rerr=1.16 
Landweber::-2.27 ≤ estimate ≤ 4.77
Landweber::i=490: rdisc=0.359, rnorm=1.20 , rerr=1.16 
Landweber::-2.28 ≤ estimate ≤ 4.77
Landweber::i=491: rdisc=0.359, rnorm=1.20 , rerr=1.16 
Landweber::-2.28 ≤ estimate ≤ 4.77
Landweber::i=492: rdisc=0.359, rnorm=1.20 , rerr=1.16 
Landweber::-2.28 ≤ estimate ≤ 4.77
Landweber::i=493: rdisc=0.359, rnorm=1.20 , rerr=1.16 
Landweber::-2.28 ≤ estimate ≤ 4.77
Landweber::i=494: rdisc=0.359, rnorm=1.20 , rerr=1.16 
Landweber::-2.28 ≤ estimate ≤ 4.77
Landweber::i=495: rdisc=0.358, rnorm=1.20 , rerr=1.16 
Landweber::-2.28 ≤ estimate ≤ 4.77
Landweber::i=496: rdisc=0.358, rnorm=1.20 , rerr=1.16 
Landweber::-2.28 ≤ estimate ≤ 4.78
Landweber::i=497: rdisc=0.358, rnorm=1.20 , rerr=1.16 
Landweber::-2.28 ≤ estimate ≤ 4.78
Landweber::i=498: rdisc=0.358, rnorm=1.20 , rerr=1.17 
Landweber::-2.28 ≤ estimate ≤ 4.78
Landweber::i=499: rdisc=0.358, rnorm=1.20 , rerr=1.17 
Landweber::-2.28 ≤ estimate ≤ 4.78
Landweber::i=500: rdisc=0.357, rnorm=1.20 , rerr=1.17 
Landweber::-2.28 ≤ estimate ≤ 4.78
Landweber::i=501: rdisc=0.357, rnorm=1.20 , rerr=1.17 
Landweber::-2.28 ≤ estimate ≤ 4.78
Landweber::i=502: rdisc=0.357, rnorm=1.20 , rerr=1.17 
Landweber::-2.28 ≤ estimate ≤ 4.78
Landweber::i=503: rdisc=0.357, rnorm=1.20 , rerr=1.17 
Landweber::-2.28 ≤ estimate ≤ 4.78
Landweber::i=504: rdisc=0.357, rnorm=1.20 , rerr=1.17 
Landweber::-2.28 ≤ estimate ≤ 4.78
Landweber::i=505: rdisc=0.357, rnorm=1.21 , rerr=1.17 
Landweber::-2.28 ≤ estimate ≤ 4.78
Landweber::i=506: rdisc=0.356, rnorm=1.21 , rerr=1.17 
Landweber::-2.28 ≤ estimate ≤ 4.78
Landweber::i=507: rdisc=0.356, rnorm=1.21 , rerr=1.17 
Landweber::-2.29 ≤ estimate ≤ 4.78
Landweber::i=508: rdisc=0.356, rnorm=1.21 , rerr=1.17 
Landweber::-2.29 ≤ estimate ≤ 4.79
Landweber::i=509: rdisc=0.356, rnorm=1.21 , rerr=1.17 
Landweber::-2.29 ≤ estimate ≤ 4.79
Landweber::i=510: rdisc=0.356, rnorm=1.21 , rerr=1.17 
Landweber::-2.29 ≤ estimate ≤ 4.79
Landweber::i=511: rdisc=0.355, rnorm=1.21 , rerr=1.17 
Landweber::-2.29 ≤ estimate ≤ 4.79
Landweber::i=512: rdisc=0.355, rnorm=1.21 , rerr=1.17 
Landweber::-2.29 ≤ estimate ≤ 4.79
Landweber::i=513: rdisc=0.355, rnorm=1.21 , rerr=1.17 
Landweber::-2.29 ≤ estimate ≤ 4.79
Landweber::i=514: rdisc=0.355, rnorm=1.21 , rerr=1.17 
Landweber::-2.29 ≤ estimate ≤ 4.79
Landweber::i=515: rdisc=0.355, rnorm=1.21 , rerr=1.17 
Landweber::-2.29 ≤ estimate ≤ 4.79
Landweber::i=516: rdisc=0.355, rnorm=1.21 , rerr=1.17 
Landweber::-2.29 ≤ estimate ≤ 4.79
Landweber::i=517: rdisc=0.354, rnorm=1.21 , rerr=1.17 
Landweber::-2.29 ≤ estimate ≤ 4.79
Landweber::i=518: rdisc=0.354, rnorm=1.21 , rerr=1.17 
Landweber::-2.29 ≤ estimate ≤ 4.79
Landweber::i=519: rdisc=0.354, rnorm=1.21 , rerr=1.17 
Landweber::-2.29 ≤ estimate ≤ 4.79
Landweber::i=520: rdisc=0.354, rnorm=1.21 , rerr=1.17 
Landweber::-2.29 ≤ estimate ≤ 4.79
Landweber::i=521: rdisc=0.354, rnorm=1.21 , rerr=1.17 
Landweber::-2.29 ≤ estimate ≤ 4.80
Landweber::i=522: rdisc=0.354, rnorm=1.21 , rerr=1.17 
Landweber::-2.29 ≤ estimate ≤ 4.80
Landweber::i=523: rdisc=0.353, rnorm=1.21 , rerr=1.17 
Landweber::-2.29 ≤ estimate ≤ 4.80
Landweber::i=524: rdisc=0.353, rnorm=1.21 , rerr=1.18 
Landweber::-2.30 ≤ estimate ≤ 4.80
Landweber::i=525: rdisc=0.353, rnorm=1.21 , rerr=1.18 
Landweber::-2.30 ≤ estimate ≤ 4.80
Landweber::i=526: rdisc=0.353, rnorm=1.21 , rerr=1.18 
Landweber::-2.30 ≤ estimate ≤ 4.80
Landweber::i=527: rdisc=0.353, rnorm=1.21 , rerr=1.18 
Landweber::-2.30 ≤ estimate ≤ 4.80
Landweber::i=528: rdisc=0.353, rnorm=1.21 , rerr=1.18 
Landweber::-2.30 ≤ estimate ≤ 4.80
Landweber::i=529: rdisc=0.352, rnorm=1.21 , rerr=1.18 
Landweber::-2.30 ≤ estimate ≤ 4.80
Landweber::i=530: rdisc=0.352, rnorm=1.21 , rerr=1.18 
Landweber::-2.30 ≤ estimate ≤ 4.80
Landweber::i=531: rdisc=0.352, rnorm=1.21 , rerr=1.18 
Landweber::-2.30 ≤ estimate ≤ 4.80
Landweber::i=532: rdisc=0.352, rnorm=1.21 , rerr=1.18 
Landweber::-2.30 ≤ estimate ≤ 4.80
Landweber::i=533: rdisc=0.352, rnorm=1.21 , rerr=1.18 
Landweber::-2.30 ≤ estimate ≤ 4.81
Landweber::i=534: rdisc=0.352, rnorm=1.21 , rerr=1.18 
Landweber::-2.30 ≤ estimate ≤ 4.81
Landweber::i=535: rdisc=0.351, rnorm=1.21 , rerr=1.18 
Landweber::-2.30 ≤ estimate ≤ 4.81
Landweber::i=536: rdisc=0.351, rnorm=1.21 , rerr=1.18 
Landweber::-2.30 ≤ estimate ≤ 4.81
Landweber::i=537: rdisc=0.351, rnorm=1.21 , rerr=1.18 
Landweber::-2.30 ≤ estimate ≤ 4.81
Landweber::i=538: rdisc=0.351, rnorm=1.21 , rerr=1.18 
Landweber::-2.30 ≤ estimate ≤ 4.81
Landweber::i=539: rdisc=0.351, rnorm=1.21 , rerr=1.18 
Landweber::-2.30 ≤ estimate ≤ 4.81
Landweber::i=540: rdisc=0.350, rnorm=1.21 , rerr=1.18 
Landweber::-2.30 ≤ estimate ≤ 4.81
Landweber::i=541: rdisc=0.350, rnorm=1.22 , rerr=1.18 
Landweber::-2.30 ≤ estimate ≤ 4.81
Landweber::i=542: rdisc=0.350, rnorm=1.22 , rerr=1.18 
Landweber::-2.30 ≤ estimate ≤ 4.81
Landweber::i=543: rdisc=0.350, rnorm=1.22 , rerr=1.18 
Landweber::-2.31 ≤ estimate ≤ 4.81
Landweber::i=544: rdisc=0.350, rnorm=1.22 , rerr=1.18 
Landweber::-2.31 ≤ estimate ≤ 4.81
Landweber::i=545: rdisc=0.350, rnorm=1.22 , rerr=1.18 
Landweber::-2.31 ≤ estimate ≤ 4.81
Landweber::i=546: rdisc=0.350, rnorm=1.22 , rerr=1.18 
Landweber::-2.31 ≤ estimate ≤ 4.82
Landweber::i=547: rdisc=0.349, rnorm=1.22 , rerr=1.18 
Landweber::-2.31 ≤ estimate ≤ 4.82
Landweber::i=548: rdisc=0.349, rnorm=1.22 , rerr=1.18 
Landweber::-2.31 ≤ estimate ≤ 4.82
Landweber::i=549: rdisc=0.349, rnorm=1.22 , rerr=1.18 
Landweber::-2.31 ≤ estimate ≤ 4.82
Landweber::i=550: rdisc=0.349, rnorm=1.22 , rerr=1.18 
Landweber::-2.31 ≤ estimate ≤ 4.82
Landweber::i=551: rdisc=0.349, rnorm=1.22 , rerr=1.18 
Landweber::-2.31 ≤ estimate ≤ 4.82
Landweber::i=552: rdisc=0.349, rnorm=1.22 , rerr=1.18 
Landweber::-2.31 ≤ estimate ≤ 4.82
Landweber::i=553: rdisc=0.348, rnorm=1.22 , rerr=1.19 
Landweber::-2.31 ≤ estimate ≤ 4.82
Landweber::i=554: rdisc=0.348, rnorm=1.22 , rerr=1.19 
Landweber::-2.31 ≤ estimate ≤ 4.82
Landweber::i=555: rdisc=0.348, rnorm=1.22 , rerr=1.19 
Landweber::-2.31 ≤ estimate ≤ 4.82
Landweber::i=556: rdisc=0.348, rnorm=1.22 , rerr=1.19 
Landweber::-2.31 ≤ estimate ≤ 4.82
Landweber::i=557: rdisc=0.348, rnorm=1.22 , rerr=1.19 
Landweber::-2.31 ≤ estimate ≤ 4.82
Landweber::i=558: rdisc=0.348, rnorm=1.22 , rerr=1.19 
Landweber::-2.31 ≤ estimate ≤ 4.82
Landweber::i=559: rdisc=0.347, rnorm=1.22 , rerr=1.19 
Landweber::-2.31 ≤ estimate ≤ 4.83
Landweber::i=560: rdisc=0.347, rnorm=1.23 , rerr=1.19 
Landweber::-2.31 ≤ estimate ≤ 4.83
Landweber::i=561: rdisc=0.347, rnorm=1.23 , rerr=1.19 
Landweber::-2.31 ≤ estimate ≤ 4.83
Landweber::i=562: rdisc=0.347, rnorm=1.23 , rerr=1.19 
Landweber::-2.32 ≤ estimate ≤ 4.83
Landweber::i=563: rdisc=0.347, rnorm=1.23 , rerr=1.19 
Landweber::-2.32 ≤ estimate ≤ 4.83
Landweber::i=564: rdisc=0.347, rnorm=1.23 , rerr=1.19 
Landweber::-2.32 ≤ estimate ≤ 4.83
Landweber::i=565: rdisc=0.346, rnorm=1.23 , rerr=1.19 
Landweber::-2.32 ≤ estimate ≤ 4.83
Landweber::i=566: rdisc=0.346, rnorm=1.23 , rerr=1.19 
Landweber::-2.32 ≤ estimate ≤ 4.83
Landweber::i=567: rdisc=0.346, rnorm=1.23 , rerr=1.19 
Landweber::-2.32 ≤ estimate ≤ 4.83
Landweber::i=568: rdisc=0.346, rnorm=1.23 , rerr=1.19 
Landweber::-2.32 ≤ estimate ≤ 4.83
Landweber::i=569: rdisc=0.346, rnorm=1.23 , rerr=1.19 
Landweber::-2.32 ≤ estimate ≤ 4.83
Landweber::i=570: rdisc=0.346, rnorm=1.23 , rerr=1.19 
Landweber::-2.32 ≤ estimate ≤ 4.83
Landweber::i=571: rdisc=0.346, rnorm=1.23 , rerr=1.19 
Landweber::-2.32 ≤ estimate ≤ 4.83
Landweber::i=572: rdisc=0.345, rnorm=1.23 , rerr=1.19 
Landweber::-2.32 ≤ estimate ≤ 4.83
Landweber::i=573: rdisc=0.345, rnorm=1.23 , rerr=1.19 
Landweber::-2.32 ≤ estimate ≤ 4.84
Landweber::i=574: rdisc=0.345, rnorm=1.23 , rerr=1.19 
Landweber::-2.32 ≤ estimate ≤ 4.84
Landweber::i=575: rdisc=0.345, rnorm=1.23 , rerr=1.19 
Landweber::-2.32 ≤ estimate ≤ 4.84
Landweber::i=576: rdisc=0.345, rnorm=1.23 , rerr=1.19 
Landweber::-2.32 ≤ estimate ≤ 4.84
Landweber::i=577: rdisc=0.345, rnorm=1.23 , rerr=1.19 
Landweber::-2.32 ≤ estimate ≤ 4.84
Landweber::i=578: rdisc=0.344, rnorm=1.23 , rerr=1.19 
Landweber::-2.32 ≤ estimate ≤ 4.84
Landweber::i=579: rdisc=0.344, rnorm=1.23 , rerr=1.19 
Landweber::-2.32 ≤ estimate ≤ 4.84
Landweber::i=580: rdisc=0.344, rnorm=1.23 , rerr=1.19 
Landweber::-2.32 ≤ estimate ≤ 4.84
Landweber::i=581: rdisc=0.344, rnorm=1.23 , rerr=1.19 
Landweber::-2.33 ≤ estimate ≤ 4.84
Landweber::i=582: rdisc=0.344, rnorm=1.23 , rerr=1.19 
Landweber::-2.33 ≤ estimate ≤ 4.84
Landweber::i=583: rdisc=0.344, rnorm=1.23 , rerr=1.20 
Landweber::-2.33 ≤ estimate ≤ 4.84
Landweber::i=584: rdisc=0.344, rnorm=1.23 , rerr=1.20 
Landweber::-2.33 ≤ estimate ≤ 4.84
Landweber::i=585: rdisc=0.343, rnorm=1.23 , rerr=1.20 
Landweber::-2.33 ≤ estimate ≤ 4.84
Landweber::i=586: rdisc=0.343, rnorm=1.23 , rerr=1.20 
Landweber::-2.33 ≤ estimate ≤ 4.84
Landweber::i=587: rdisc=0.343, rnorm=1.24 , rerr=1.20 
Landweber::-2.33 ≤ estimate ≤ 4.85
Landweber::i=588: rdisc=0.343, rnorm=1.24 , rerr=1.20 
Landweber::-2.33 ≤ estimate ≤ 4.85
Landweber::i=589: rdisc=0.343, rnorm=1.24 , rerr=1.20 
Landweber::-2.33 ≤ estimate ≤ 4.85
Landweber::Saving current residual in ./step-0590/
Landweber::Saving current estimate in ./step-0590/
Landweber::i=590: rdisc=0.343, rnorm=1.24 , rerr=1.20 
Landweber::-2.33 ≤ estimate ≤ 4.85
Landweber::i=591: rdisc=0.342, rnorm=1.24 , rerr=1.20 
Landweber::-2.33 ≤ estimate ≤ 4.85
Landweber::i=592: rdisc=0.342, rnorm=1.24 , rerr=1.20 
Landweber::-2.33 ≤ estimate ≤ 4.85
Landweber::i=593: rdisc=0.342, rnorm=1.24 , rerr=1.20 
Landweber::-2.33 ≤ estimate ≤ 4.85
Landweber::i=594: rdisc=0.342, rnorm=1.24 , rerr=1.20 
Landweber::-2.33 ≤ estimate ≤ 4.85
Landweber::i=595: rdisc=0.342, rnorm=1.24 , rerr=1.20 
Landweber::-2.33 ≤ estimate ≤ 4.85
Landweber::i=596: rdisc=0.342, rnorm=1.24 , rerr=1.20 
Landweber::-2.33 ≤ estimate ≤ 4.85
Landweber::i=597: rdisc=0.342, rnorm=1.24 , rerr=1.20 
Landweber::-2.33 ≤ estimate ≤ 4.85
Landweber::i=598: rdisc=0.341, rnorm=1.24 , rerr=1.20 
Landweber::-2.33 ≤ estimate ≤ 4.85
Landweber::i=599: rdisc=0.341, rnorm=1.24 , rerr=1.20 
Landweber::-2.33 ≤ estimate ≤ 4.85
Landweber::i=600: rdisc=0.341, rnorm=1.24 , rerr=1.20 
Landweber::-2.33 ≤ estimate ≤ 4.85
Landweber::i=601: rdisc=0.341, rnorm=1.24 , rerr=1.20 
Landweber::-2.34 ≤ estimate ≤ 4.86
Landweber::i=602: rdisc=0.341, rnorm=1.24 , rerr=1.20 
Landweber::-2.34 ≤ estimate ≤ 4.86
Landweber::i=603: rdisc=0.341, rnorm=1.24 , rerr=1.20 
Landweber::-2.34 ≤ estimate ≤ 4.86
Landweber::i=604: rdisc=0.340, rnorm=1.24 , rerr=1.20 
Landweber::-2.34 ≤ estimate ≤ 4.86
Landweber::i=605: rdisc=0.340, rnorm=1.24 , rerr=1.20 
Landweber::-2.34 ≤ estimate ≤ 4.86
Landweber::i=606: rdisc=0.340, rnorm=1.24 , rerr=1.20 
Landweber::-2.34 ≤ estimate ≤ 4.86
Landweber::i=607: rdisc=0.340, rnorm=1.24 , rerr=1.20 
Landweber::-2.34 ≤ estimate ≤ 4.86
Landweber::i=608: rdisc=0.340, rnorm=1.24 , rerr=1.20 
Landweber::-2.34 ≤ estimate ≤ 4.86
Landweber::i=609: rdisc=0.340, rnorm=1.24 , rerr=1.20 
Landweber::-2.34 ≤ estimate ≤ 4.86
Landweber::i=610: rdisc=0.340, rnorm=1.24 , rerr=1.20 
Landweber::-2.34 ≤ estimate ≤ 4.86
Landweber::i=611: rdisc=0.339, rnorm=1.24 , rerr=1.20 
Landweber::-2.34 ≤ estimate ≤ 4.86
Landweber::i=612: rdisc=0.339, rnorm=1.24 , rerr=1.20 
Landweber::-2.34 ≤ estimate ≤ 4.86
Landweber::i=613: rdisc=0.339, rnorm=1.24 , rerr=1.20 
Landweber::-2.34 ≤ estimate ≤ 4.86
Landweber::i=614: rdisc=0.339, rnorm=1.24 , rerr=1.20 
Landweber::-2.34 ≤ estimate ≤ 4.86
Landweber::i=615: rdisc=0.339, rnorm=1.24 , rerr=1.20 
Landweber::-2.34 ≤ estimate ≤ 4.86
Landweber::i=616: rdisc=0.339, rnorm=1.24 , rerr=1.20 
Landweber::-2.34 ≤ estimate ≤ 4.87
Landweber::i=617: rdisc=0.339, rnorm=1.24 , rerr=1.20 
Landweber::-2.34 ≤ estimate ≤ 4.87
Landweber::i=618: rdisc=0.338, rnorm=1.24 , rerr=1.20 
Landweber::-2.34 ≤ estimate ≤ 4.87
Landweber::i=619: rdisc=0.338, rnorm=1.24 , rerr=1.20 
Landweber::-2.34 ≤ estimate ≤ 4.87
Landweber::i=620: rdisc=0.338, rnorm=1.24 , rerr=1.20 
Landweber::-2.34 ≤ estimate ≤ 4.87
Landweber::i=621: rdisc=0.338, rnorm=1.24 , rerr=1.20 
Landweber::-2.34 ≤ estimate ≤ 4.87
Landweber::i=622: rdisc=0.338, rnorm=1.24 , rerr=1.20 
Landweber::-2.34 ≤ estimate ≤ 4.87
Landweber::i=623: rdisc=0.338, rnorm=1.24 , rerr=1.20 
Landweber::-2.35 ≤ estimate ≤ 4.87
Landweber::i=624: rdisc=0.338, rnorm=1.24 , rerr=1.20 
Landweber::-2.35 ≤ estimate ≤ 4.87
Landweber::i=625: rdisc=0.337, rnorm=1.24 , rerr=1.20 
Landweber::-2.35 ≤ estimate ≤ 4.87
Landweber::i=626: rdisc=0.337, rnorm=1.24 , rerr=1.20 
Landweber::-2.35 ≤ estimate ≤ 4.87
Landweber::i=627: rdisc=0.337, rnorm=1.24 , rerr=1.20 
Landweber::-2.35 ≤ estimate ≤ 4.87
Landweber::i=628: rdisc=0.337, rnorm=1.24 , rerr=1.20 
Landweber::-2.35 ≤ estimate ≤ 4.87
Landweber::i=629: rdisc=0.337, rnorm=1.24 , rerr=1.20 
Landweber::-2.35 ≤ estimate ≤ 4.87
Landweber::i=630: rdisc=0.337, rnorm=1.24 , rerr=1.20 
Landweber::-2.35 ≤ estimate ≤ 4.87
Landweber::i=631: rdisc=0.337, rnorm=1.24 , rerr=1.20 
Landweber::-2.35 ≤ estimate ≤ 4.88
Landweber::i=632: rdisc=0.336, rnorm=1.24 , rerr=1.20 
Landweber::-2.35 ≤ estimate ≤ 4.88
Landweber::i=633: rdisc=0.336, rnorm=1.24 , rerr=1.20 
Landweber::-2.35 ≤ estimate ≤ 4.88
Landweber::i=634: rdisc=0.336, rnorm=1.24 , rerr=1.20 
Landweber::-2.35 ≤ estimate ≤ 4.88
Landweber::i=635: rdisc=0.336, rnorm=1.24 , rerr=1.20 
Landweber::-2.35 ≤ estimate ≤ 4.88
Landweber::i=636: rdisc=0.336, rnorm=1.24 , rerr=1.20 
Landweber::-2.35 ≤ estimate ≤ 4.88
Landweber::i=637: rdisc=0.336, rnorm=1.24 , rerr=1.20 
Landweber::-2.35 ≤ estimate ≤ 4.88
Landweber::i=638: rdisc=0.336, rnorm=1.24 , rerr=1.20 
Landweber::-2.35 ≤ estimate ≤ 4.88
Landweber::i=639: rdisc=0.335, rnorm=1.24 , rerr=1.20 
Landweber::-2.35 ≤ estimate ≤ 4.88
Landweber::i=640: rdisc=0.335, rnorm=1.24 , rerr=1.20 
Landweber::-2.35 ≤ estimate ≤ 4.88
Landweber::i=641: rdisc=0.335, rnorm=1.25 , rerr=1.20 
Landweber::-2.35 ≤ estimate ≤ 4.88
Landweber::i=642: rdisc=0.335, rnorm=1.25 , rerr=1.20 
Landweber::-2.35 ≤ estimate ≤ 4.88
Landweber::i=643: rdisc=0.335, rnorm=1.25 , rerr=1.20 
Landweber::-2.35 ≤ estimate ≤ 4.88
Landweber::i=644: rdisc=0.335, rnorm=1.25 , rerr=1.20 
Landweber::-2.35 ≤ estimate ≤ 4.88
Landweber::i=645: rdisc=0.335, rnorm=1.25 , rerr=1.20 
Landweber::-2.36 ≤ estimate ≤ 4.88
Landweber::i=646: rdisc=0.334, rnorm=1.25 , rerr=1.20 
Landweber::-2.36 ≤ estimate ≤ 4.89
Landweber::i=647: rdisc=0.334, rnorm=1.25 , rerr=1.20 
Landweber::-2.36 ≤ estimate ≤ 4.89
Landweber::i=648: rdisc=0.334, rnorm=1.25 , rerr=1.20 
Landweber::-2.36 ≤ estimate ≤ 4.89
Landweber::i=649: rdisc=0.334, rnorm=1.25 , rerr=1.20 
Landweber::-2.36 ≤ estimate ≤ 4.89
Landweber::i=650: rdisc=0.334, rnorm=1.25 , rerr=1.20 
Landweber::-2.36 ≤ estimate ≤ 4.89
Landweber::i=651: rdisc=0.334, rnorm=1.25 , rerr=1.20 
Landweber::-2.36 ≤ estimate ≤ 4.89
Landweber::i=652: rdisc=0.334, rnorm=1.25 , rerr=1.20 
Landweber::-2.36 ≤ estimate ≤ 4.89
Landweber::i=653: rdisc=0.333, rnorm=1.25 , rerr=1.20 
Landweber::-2.36 ≤ estimate ≤ 4.89
Landweber::i=654: rdisc=0.333, rnorm=1.25 , rerr=1.20 
Landweber::-2.36 ≤ estimate ≤ 4.89
Landweber::i=655: rdisc=0.333, rnorm=1.25 , rerr=1.20 
Landweber::-2.36 ≤ estimate ≤ 4.89
Landweber::i=656: rdisc=0.333, rnorm=1.25 , rerr=1.20 
Landweber::-2.36 ≤ estimate ≤ 4.89
Landweber::i=657: rdisc=0.333, rnorm=1.25 , rerr=1.20 
Landweber::-2.36 ≤ estimate ≤ 4.89
Landweber::i=658: rdisc=0.333, rnorm=1.25 , rerr=1.20 
Landweber::-2.36 ≤ estimate ≤ 4.89
Landweber::i=659: rdisc=0.333, rnorm=1.25 , rerr=1.20 
Landweber::-2.36 ≤ estimate ≤ 4.89
Landweber::i=660: rdisc=0.332, rnorm=1.25 , rerr=1.20 
Landweber::-2.36 ≤ estimate ≤ 4.89
Landweber::i=661: rdisc=0.332, rnorm=1.25 , rerr=1.20 
Landweber::-2.36 ≤ estimate ≤ 4.89
Landweber::i=662: rdisc=0.332, rnorm=1.25 , rerr=1.20 
Landweber::-2.36 ≤ estimate ≤ 4.90
Landweber::i=663: rdisc=0.332, rnorm=1.25 , rerr=1.20 
Landweber::-2.36 ≤ estimate ≤ 4.90
Landweber::i=664: rdisc=0.332, rnorm=1.25 , rerr=1.20 
Landweber::-2.36 ≤ estimate ≤ 4.90
Landweber::i=665: rdisc=0.332, rnorm=1.25 , rerr=1.20 
Landweber::-2.36 ≤ estimate ≤ 4.90
Landweber::i=666: rdisc=0.332, rnorm=1.25 , rerr=1.20 
Landweber::-2.36 ≤ estimate ≤ 4.90
Landweber::i=667: rdisc=0.332, rnorm=1.25 , rerr=1.20 
Landweber::-2.36 ≤ estimate ≤ 4.90
Landweber::i=668: rdisc=0.331, rnorm=1.25 , rerr=1.20 
Landweber::-2.36 ≤ estimate ≤ 4.90
Landweber::i=669: rdisc=0.331, rnorm=1.25 , rerr=1.20 
Landweber::-2.36 ≤ estimate ≤ 4.90
Landweber::i=670: rdisc=0.331, rnorm=1.25 , rerr=1.20 
Landweber::-2.37 ≤ estimate ≤ 4.90
Landweber::i=671: rdisc=0.331, rnorm=1.25 , rerr=1.20 
Landweber::-2.37 ≤ estimate ≤ 4.90
Landweber::i=672: rdisc=0.331, rnorm=1.25 , rerr=1.21 
Landweber::-2.37 ≤ estimate ≤ 4.90
Landweber::i=673: rdisc=0.331, rnorm=1.25 , rerr=1.21 
Landweber::-2.37 ≤ estimate ≤ 4.90
Landweber::i=674: rdisc=0.331, rnorm=1.25 , rerr=1.21 
Landweber::-2.37 ≤ estimate ≤ 4.90
Landweber::i=675: rdisc=0.330, rnorm=1.25 , rerr=1.21 
Landweber::-2.37 ≤ estimate ≤ 4.90
Landweber::i=676: rdisc=0.330, rnorm=1.25 , rerr=1.21 
Landweber::-2.37 ≤ estimate ≤ 4.90
Landweber::i=677: rdisc=0.330, rnorm=1.25 , rerr=1.21 
Landweber::-2.37 ≤ estimate ≤ 4.90
Landweber::i=678: rdisc=0.330, rnorm=1.25 , rerr=1.21 
Landweber::-2.37 ≤ estimate ≤ 4.91
Landweber::i=679: rdisc=0.330, rnorm=1.25 , rerr=1.21 
Landweber::-2.37 ≤ estimate ≤ 4.91
Landweber::i=680: rdisc=0.330, rnorm=1.25 , rerr=1.21 
Landweber::-2.37 ≤ estimate ≤ 4.91
Landweber::i=681: rdisc=0.330, rnorm=1.25 , rerr=1.21 
Landweber::-2.37 ≤ estimate ≤ 4.91
Landweber::i=682: rdisc=0.330, rnorm=1.25 , rerr=1.21 
Landweber::-2.37 ≤ estimate ≤ 4.91
Landweber::i=683: rdisc=0.329, rnorm=1.25 , rerr=1.21 
Landweber::-2.37 ≤ estimate ≤ 4.91
Landweber::i=684: rdisc=0.329, rnorm=1.25 , rerr=1.21 
Landweber::-2.37 ≤ estimate ≤ 4.91
Landweber::i=685: rdisc=0.329, rnorm=1.25 , rerr=1.21 
Landweber::-2.37 ≤ estimate ≤ 4.91
Landweber::i=686: rdisc=0.329, rnorm=1.25 , rerr=1.21 
Landweber::-2.37 ≤ estimate ≤ 4.91
Landweber::i=687: rdisc=0.329, rnorm=1.25 , rerr=1.21 
Landweber::-2.37 ≤ estimate ≤ 4.91
Landweber::i=688: rdisc=0.329, rnorm=1.25 , rerr=1.21 
Landweber::-2.37 ≤ estimate ≤ 4.91
Landweber::i=689: rdisc=0.329, rnorm=1.25 , rerr=1.21 
Landweber::-2.37 ≤ estimate ≤ 4.91
Landweber::i=690: rdisc=0.328, rnorm=1.25 , rerr=1.21 
Landweber::-2.37 ≤ estimate ≤ 4.91
Landweber::i=691: rdisc=0.328, rnorm=1.25 , rerr=1.21 
Landweber::-2.37 ≤ estimate ≤ 4.91
Landweber::i=692: rdisc=0.328, rnorm=1.25 , rerr=1.21 
Landweber::-2.37 ≤ estimate ≤ 4.91
Landweber::i=693: rdisc=0.328, rnorm=1.25 , rerr=1.21 
Landweber::-2.37 ≤ estimate ≤ 4.91
Landweber::i=694: rdisc=0.328, rnorm=1.25 , rerr=1.21 
Landweber::-2.37 ≤ estimate ≤ 4.91
Landweber::i=695: rdisc=0.328, rnorm=1.25 , rerr=1.21 
Landweber::-2.37 ≤ estimate ≤ 4.92
Landweber::i=696: rdisc=0.328, rnorm=1.25 , rerr=1.21 
Landweber::-2.38 ≤ estimate ≤ 4.92
Landweber::i=697: rdisc=0.328, rnorm=1.25 , rerr=1.21 
Landweber::-2.38 ≤ estimate ≤ 4.92
Landweber::i=698: rdisc=0.327, rnorm=1.25 , rerr=1.21 
Landweber::-2.38 ≤ estimate ≤ 4.92
Landweber::i=699: rdisc=0.327, rnorm=1.25 , rerr=1.21 
Landweber::-2.38 ≤ estimate ≤ 4.92
Landweber::i=700: rdisc=0.327, rnorm=1.25 , rerr=1.21 
Landweber::-2.38 ≤ estimate ≤ 4.92
Landweber::i=701: rdisc=0.327, rnorm=1.25 , rerr=1.21 
Landweber::-2.38 ≤ estimate ≤ 4.92
Landweber::i=702: rdisc=0.327, rnorm=1.25 , rerr=1.21 
Landweber::-2.38 ≤ estimate ≤ 4.92
Landweber::i=703: rdisc=0.327, rnorm=1.25 , rerr=1.21 
Landweber::-2.38 ≤ estimate ≤ 4.92
Landweber::i=704: rdisc=0.327, rnorm=1.25 , rerr=1.21 
Landweber::-2.38 ≤ estimate ≤ 4.92
Landweber::i=705: rdisc=0.327, rnorm=1.25 , rerr=1.21 
Landweber::-2.38 ≤ estimate ≤ 4.92
Landweber::i=706: rdisc=0.326, rnorm=1.25 , rerr=1.21 
Landweber::-2.38 ≤ estimate ≤ 4.92
Landweber::i=707: rdisc=0.326, rnorm=1.25 , rerr=1.21 
Landweber::-2.38 ≤ estimate ≤ 4.92
Landweber::i=708: rdisc=0.326, rnorm=1.25 , rerr=1.21 
Landweber::-2.38 ≤ estimate ≤ 4.92
Landweber::i=709: rdisc=0.326, rnorm=1.25 , rerr=1.21 
Landweber::-2.38 ≤ estimate ≤ 4.92
Landweber::i=710: rdisc=0.326, rnorm=1.25 , rerr=1.21 
Landweber::-2.38 ≤ estimate ≤ 4.92
Landweber::i=711: rdisc=0.326, rnorm=1.25 , rerr=1.21 
Landweber::-2.38 ≤ estimate ≤ 4.93
Landweber::i=712: rdisc=0.326, rnorm=1.25 , rerr=1.21 
Landweber::-2.38 ≤ estimate ≤ 4.93
Landweber::i=713: rdisc=0.326, rnorm=1.25 , rerr=1.21 
Landweber::-2.38 ≤ estimate ≤ 4.93
Landweber::i=714: rdisc=0.325, rnorm=1.25 , rerr=1.21 
Landweber::-2.38 ≤ estimate ≤ 4.93
Landweber::i=715: rdisc=0.325, rnorm=1.25 , rerr=1.21 
Landweber::-2.38 ≤ estimate ≤ 4.93
Landweber::i=716: rdisc=0.325, rnorm=1.25 , rerr=1.21 
Landweber::-2.38 ≤ estimate ≤ 4.93
Landweber::i=717: rdisc=0.325, rnorm=1.25 , rerr=1.21 
Landweber::-2.38 ≤ estimate ≤ 4.93
Landweber::i=718: rdisc=0.325, rnorm=1.25 , rerr=1.21 
Landweber::-2.38 ≤ estimate ≤ 4.93
Landweber::i=719: rdisc=0.325, rnorm=1.25 , rerr=1.21 
Landweber::-2.38 ≤ estimate ≤ 4.93
Landweber::i=720: rdisc=0.325, rnorm=1.25 , rerr=1.21 
Landweber::-2.38 ≤ estimate ≤ 4.93
Landweber::i=721: rdisc=0.325, rnorm=1.25 , rerr=1.21 
Landweber::-2.38 ≤ estimate ≤ 4.93
Landweber::i=722: rdisc=0.324, rnorm=1.25 , rerr=1.21 
Landweber::-2.38 ≤ estimate ≤ 4.93
Landweber::i=723: rdisc=0.324, rnorm=1.25 , rerr=1.21 
Landweber::-2.38 ≤ estimate ≤ 4.93
Landweber::i=724: rdisc=0.324, rnorm=1.25 , rerr=1.21 
Landweber::-2.39 ≤ estimate ≤ 4.93
Landweber::i=725: rdisc=0.324, rnorm=1.26 , rerr=1.21 
Landweber::-2.39 ≤ estimate ≤ 4.93
Landweber::i=726: rdisc=0.324, rnorm=1.26 , rerr=1.21 
Landweber::-2.39 ≤ estimate ≤ 4.93
Landweber::i=727: rdisc=0.324, rnorm=1.26 , rerr=1.21 
Landweber::-2.39 ≤ estimate ≤ 4.93
Landweber::i=728: rdisc=0.324, rnorm=1.26 , rerr=1.21 
Landweber::-2.39 ≤ estimate ≤ 4.93
Landweber::i=729: rdisc=0.324, rnorm=1.26 , rerr=1.21 
Landweber::-2.39 ≤ estimate ≤ 4.94
Landweber::i=730: rdisc=0.323, rnorm=1.26 , rerr=1.21 
Landweber::-2.39 ≤ estimate ≤ 4.94
Landweber::i=731: rdisc=0.323, rnorm=1.26 , rerr=1.21 
Landweber::-2.39 ≤ estimate ≤ 4.94
Landweber::i=732: rdisc=0.323, rnorm=1.26 , rerr=1.21 
Landweber::-2.39 ≤ estimate ≤ 4.94
Landweber::i=733: rdisc=0.323, rnorm=1.26 , rerr=1.21 
Landweber::-2.39 ≤ estimate ≤ 4.94
Landweber::i=734: rdisc=0.323, rnorm=1.26 , rerr=1.21 
Landweber::-2.39 ≤ estimate ≤ 4.94
Landweber::i=735: rdisc=0.323, rnorm=1.26 , rerr=1.21 
Landweber::-2.39 ≤ estimate ≤ 4.94
Landweber::i=736: rdisc=0.323, rnorm=1.26 , rerr=1.21 
Landweber::-2.39 ≤ estimate ≤ 4.94
Landweber::i=737: rdisc=0.323, rnorm=1.26 , rerr=1.21 
Landweber::-2.39 ≤ estimate ≤ 4.94
Landweber::i=738: rdisc=0.322, rnorm=1.26 , rerr=1.21 
Landweber::-2.39 ≤ estimate ≤ 4.94
Landweber::i=739: rdisc=0.322, rnorm=1.26 , rerr=1.21 
Landweber::-2.39 ≤ estimate ≤ 4.94
Landweber::i=740: rdisc=0.322, rnorm=1.26 , rerr=1.21 
Landweber::-2.39 ≤ estimate ≤ 4.94
Landweber::i=741: rdisc=0.322, rnorm=1.26 , rerr=1.21 
Landweber::-2.39 ≤ estimate ≤ 4.94
Landweber::i=742: rdisc=0.322, rnorm=1.26 , rerr=1.21 
Landweber::-2.39 ≤ estimate ≤ 4.94
Landweber::i=743: rdisc=0.322, rnorm=1.26 , rerr=1.21 
Landweber::-2.39 ≤ estimate ≤ 4.94
Landweber::i=744: rdisc=0.322, rnorm=1.26 , rerr=1.21 
Landweber::-2.39 ≤ estimate ≤ 4.94
Landweber::i=745: rdisc=0.322, rnorm=1.26 , rerr=1.21 
Landweber::-2.39 ≤ estimate ≤ 4.94
Landweber::i=746: rdisc=0.321, rnorm=1.26 , rerr=1.21 
Landweber::-2.39 ≤ estimate ≤ 4.94
Landweber::i=747: rdisc=0.321, rnorm=1.26 , rerr=1.21 
Landweber::-2.39 ≤ estimate ≤ 4.95
Landweber::i=748: rdisc=0.321, rnorm=1.26 , rerr=1.21 
Landweber::-2.39 ≤ estimate ≤ 4.95
Landweber::i=749: rdisc=0.321, rnorm=1.26 , rerr=1.21 
Landweber::-2.39 ≤ estimate ≤ 4.95
Landweber::i=750: rdisc=0.321, rnorm=1.26 , rerr=1.21 
Landweber::-2.39 ≤ estimate ≤ 4.95
Landweber::i=751: rdisc=0.321, rnorm=1.26 , rerr=1.21 
Landweber::-2.39 ≤ estimate ≤ 4.95
Landweber::i=752: rdisc=0.321, rnorm=1.26 , rerr=1.21 
Landweber::-2.40 ≤ estimate ≤ 4.95
Landweber::i=753: rdisc=0.321, rnorm=1.26 , rerr=1.21 
Landweber::-2.40 ≤ estimate ≤ 4.95
Landweber::i=754: rdisc=0.321, rnorm=1.26 , rerr=1.21 
Landweber::-2.40 ≤ estimate ≤ 4.95
Landweber::i=755: rdisc=0.320, rnorm=1.26 , rerr=1.21 
Landweber::-2.40 ≤ estimate ≤ 4.95
Landweber::i=756: rdisc=0.320, rnorm=1.26 , rerr=1.21 
Landweber::-2.40 ≤ estimate ≤ 4.95
Landweber::i=757: rdisc=0.320, rnorm=1.26 , rerr=1.21 
Landweber::-2.40 ≤ estimate ≤ 4.95
Landweber::i=758: rdisc=0.320, rnorm=1.26 , rerr=1.21 
Landweber::-2.40 ≤ estimate ≤ 4.95
Landweber::i=759: rdisc=0.320, rnorm=1.26 , rerr=1.21 
Landweber::-2.40 ≤ estimate ≤ 4.95
Landweber::i=760: rdisc=0.320, rnorm=1.26 , rerr=1.21 
Landweber::-2.40 ≤ estimate ≤ 4.95
Landweber::i=761: rdisc=0.320, rnorm=1.26 , rerr=1.21 
Landweber::-2.40 ≤ estimate ≤ 4.95
Landweber::i=762: rdisc=0.320, rnorm=1.26 , rerr=1.21 
Landweber::-2.40 ≤ estimate ≤ 4.95
Landweber::i=763: rdisc=0.319, rnorm=1.26 , rerr=1.21 
Landweber::-2.40 ≤ estimate ≤ 4.95
Landweber::i=764: rdisc=0.319, rnorm=1.26 , rerr=1.21 
Landweber::-2.40 ≤ estimate ≤ 4.95
Landweber::i=765: rdisc=0.319, rnorm=1.26 , rerr=1.21 
Landweber::-2.40 ≤ estimate ≤ 4.96
Landweber::i=766: rdisc=0.319, rnorm=1.26 , rerr=1.21 
Landweber::-2.40 ≤ estimate ≤ 4.96
Landweber::i=767: rdisc=0.319, rnorm=1.26 , rerr=1.21 
Landweber::-2.40 ≤ estimate ≤ 4.96
Landweber::i=768: rdisc=0.319, rnorm=1.26 , rerr=1.21 
Landweber::-2.40 ≤ estimate ≤ 4.96
Landweber::i=769: rdisc=0.319, rnorm=1.26 , rerr=1.21 
Landweber::-2.40 ≤ estimate ≤ 4.96
Landweber::i=770: rdisc=0.319, rnorm=1.26 , rerr=1.21 
Landweber::-2.40 ≤ estimate ≤ 4.96
Landweber::i=771: rdisc=0.319, rnorm=1.26 , rerr=1.21 
Landweber::-2.40 ≤ estimate ≤ 4.96
Landweber::i=772: rdisc=0.318, rnorm=1.26 , rerr=1.21 
Landweber::-2.40 ≤ estimate ≤ 4.96
Landweber::i=773: rdisc=0.318, rnorm=1.26 , rerr=1.21 
Landweber::-2.40 ≤ estimate ≤ 4.96
Landweber::i=774: rdisc=0.318, rnorm=1.26 , rerr=1.21 
Landweber::-2.40 ≤ estimate ≤ 4.96
Landweber::i=775: rdisc=0.318, rnorm=1.26 , rerr=1.21 
Landweber::-2.40 ≤ estimate ≤ 4.96
Landweber::i=776: rdisc=0.318, rnorm=1.26 , rerr=1.21 
Landweber::-2.40 ≤ estimate ≤ 4.96
Landweber::i=777: rdisc=0.318, rnorm=1.26 , rerr=1.21 
Landweber::-2.40 ≤ estimate ≤ 4.96
Landweber::i=778: rdisc=0.318, rnorm=1.26 , rerr=1.21 
Landweber::-2.40 ≤ estimate ≤ 4.96
Landweber::i=779: rdisc=0.318, rnorm=1.26 , rerr=1.21 
Landweber::-2.41 ≤ estimate ≤ 4.96
Landweber::i=780: rdisc=0.317, rnorm=1.26 , rerr=1.21 
Landweber::-2.41 ≤ estimate ≤ 4.96
Landweber::i=781: rdisc=0.317, rnorm=1.26 , rerr=1.21 
Landweber::-2.41 ≤ estimate ≤ 4.96
Landweber::i=782: rdisc=0.317, rnorm=1.26 , rerr=1.21 
Landweber::-2.41 ≤ estimate ≤ 4.96
Landweber::i=783: rdisc=0.317, rnorm=1.26 , rerr=1.21 
Landweber::-2.41 ≤ estimate ≤ 4.97
Landweber::i=784: rdisc=0.317, rnorm=1.26 , rerr=1.21 
Landweber::-2.41 ≤ estimate ≤ 4.97
Landweber::i=785: rdisc=0.317, rnorm=1.26 , rerr=1.21 
Landweber::-2.41 ≤ estimate ≤ 4.97
Landweber::i=786: rdisc=0.317, rnorm=1.26 , rerr=1.21 
Landweber::-2.41 ≤ estimate ≤ 4.97
Landweber::i=787: rdisc=0.317, rnorm=1.26 , rerr=1.21 
Landweber::-2.41 ≤ estimate ≤ 4.97
Landweber::i=788: rdisc=0.317, rnorm=1.26 , rerr=1.21 
Landweber::-2.41 ≤ estimate ≤ 4.97
Landweber::i=789: rdisc=0.316, rnorm=1.26 , rerr=1.21 
Landweber::-2.41 ≤ estimate ≤ 4.97
Landweber::i=790: rdisc=0.316, rnorm=1.26 , rerr=1.21 
Landweber::-2.41 ≤ estimate ≤ 4.97
Landweber::i=791: rdisc=0.316, rnorm=1.26 , rerr=1.21 
Landweber::-2.41 ≤ estimate ≤ 4.97
Landweber::i=792: rdisc=0.316, rnorm=1.26 , rerr=1.21 
Landweber::-2.41 ≤ estimate ≤ 4.97
Landweber::i=793: rdisc=0.316, rnorm=1.26 , rerr=1.21 
Landweber::-2.41 ≤ estimate ≤ 4.97
Landweber::i=794: rdisc=0.316, rnorm=1.26 , rerr=1.21 
Landweber::-2.41 ≤ estimate ≤ 4.97
Landweber::i=795: rdisc=0.316, rnorm=1.26 , rerr=1.21 
Landweber::-2.41 ≤ estimate ≤ 4.97
Landweber::i=796: rdisc=0.316, rnorm=1.26 , rerr=1.21 
Landweber::-2.41 ≤ estimate ≤ 4.97
Landweber::i=797: rdisc=0.316, rnorm=1.26 , rerr=1.21 
Landweber::-2.41 ≤ estimate ≤ 4.97
Landweber::i=798: rdisc=0.315, rnorm=1.26 , rerr=1.21 
Landweber::-2.41 ≤ estimate ≤ 4.97
Landweber::i=799: rdisc=0.315, rnorm=1.26 , rerr=1.21 
Landweber::-2.41 ≤ estimate ≤ 4.97
Landweber::i=800: rdisc=0.315, rnorm=1.26 , rerr=1.21 
Landweber::-2.41 ≤ estimate ≤ 4.97
Landweber::i=801: rdisc=0.315, rnorm=1.26 , rerr=1.21 
Landweber::-2.41 ≤ estimate ≤ 4.97
Landweber::i=802: rdisc=0.315, rnorm=1.26 , rerr=1.21 
Landweber::-2.41 ≤ estimate ≤ 4.97
Landweber::i=803: rdisc=0.315, rnorm=1.26 , rerr=1.21 
Landweber::-2.41 ≤ estimate ≤ 4.98
Landweber::i=804: rdisc=0.315, rnorm=1.26 , rerr=1.21 
Landweber::-2.41 ≤ estimate ≤ 4.98
Landweber::i=805: rdisc=0.315, rnorm=1.26 , rerr=1.21 
Landweber::-2.41 ≤ estimate ≤ 4.98
Landweber::i=806: rdisc=0.314, rnorm=1.26 , rerr=1.21 
Landweber::-2.41 ≤ estimate ≤ 4.98
Landweber::i=807: rdisc=0.314, rnorm=1.26 , rerr=1.21 
Landweber::-2.42 ≤ estimate ≤ 4.98
Landweber::i=808: rdisc=0.314, rnorm=1.26 , rerr=1.21 
Landweber::-2.42 ≤ estimate ≤ 4.98
Landweber::i=809: rdisc=0.314, rnorm=1.26 , rerr=1.21 
Landweber::-2.42 ≤ estimate ≤ 4.98
Landweber::i=810: rdisc=0.314, rnorm=1.26 , rerr=1.21 
Landweber::-2.42 ≤ estimate ≤ 4.98
Landweber::i=811: rdisc=0.314, rnorm=1.27 , rerr=1.21 
Landweber::-2.42 ≤ estimate ≤ 4.98
Landweber::i=812: rdisc=0.314, rnorm=1.27 , rerr=1.21 
Landweber::-2.42 ≤ estimate ≤ 4.98
Landweber::i=813: rdisc=0.314, rnorm=1.27 , rerr=1.21 
Landweber::-2.42 ≤ estimate ≤ 4.98
Landweber::i=814: rdisc=0.314, rnorm=1.27 , rerr=1.21 
Landweber::-2.42 ≤ estimate ≤ 4.98
Landweber::i=815: rdisc=0.313, rnorm=1.27 , rerr=1.21 
Landweber::-2.42 ≤ estimate ≤ 4.98
Landweber::i=816: rdisc=0.313, rnorm=1.27 , rerr=1.21 
Landweber::-2.42 ≤ estimate ≤ 4.98
Landweber::i=817: rdisc=0.313, rnorm=1.27 , rerr=1.21 
Landweber::-2.42 ≤ estimate ≤ 4.98
Landweber::i=818: rdisc=0.313, rnorm=1.27 , rerr=1.21 
Landweber::-2.42 ≤ estimate ≤ 4.98
Landweber::i=819: rdisc=0.313, rnorm=1.27 , rerr=1.21 
Landweber::-2.42 ≤ estimate ≤ 4.98
Landweber::i=820: rdisc=0.313, rnorm=1.27 , rerr=1.21 
Landweber::-2.42 ≤ estimate ≤ 4.98
Landweber::i=821: rdisc=0.313, rnorm=1.27 , rerr=1.22 
Landweber::-2.42 ≤ estimate ≤ 4.98
Landweber::i=822: rdisc=0.313, rnorm=1.27 , rerr=1.22 
Landweber::-2.42 ≤ estimate ≤ 4.99
Landweber::i=823: rdisc=0.313, rnorm=1.27 , rerr=1.22 
Landweber::-2.42 ≤ estimate ≤ 4.99
Landweber::i=824: rdisc=0.312, rnorm=1.27 , rerr=1.22 
Landweber::-2.42 ≤ estimate ≤ 4.99
Landweber::i=825: rdisc=0.312, rnorm=1.27 , rerr=1.22 
Landweber::-2.42 ≤ estimate ≤ 4.99
Landweber::i=826: rdisc=0.312, rnorm=1.27 , rerr=1.22 
Landweber::-2.42 ≤ estimate ≤ 4.99
Landweber::i=827: rdisc=0.312, rnorm=1.27 , rerr=1.22 
Landweber::-2.42 ≤ estimate ≤ 4.99
Landweber::i=828: rdisc=0.312, rnorm=1.27 , rerr=1.22 
Landweber::-2.42 ≤ estimate ≤ 4.99
Landweber::i=829: rdisc=0.312, rnorm=1.27 , rerr=1.22 
Landweber::-2.42 ≤ estimate ≤ 4.99
Landweber::i=830: rdisc=0.312, rnorm=1.27 , rerr=1.22 
Landweber::-2.42 ≤ estimate ≤ 4.99
Landweber::i=831: rdisc=0.312, rnorm=1.27 , rerr=1.22 
Landweber::-2.42 ≤ estimate ≤ 4.99
Landweber::i=832: rdisc=0.312, rnorm=1.27 , rerr=1.22 
Landweber::-2.42 ≤ estimate ≤ 4.99
Landweber::i=833: rdisc=0.312, rnorm=1.27 , rerr=1.22 
Landweber::-2.42 ≤ estimate ≤ 4.99
Landweber::i=834: rdisc=0.311, rnorm=1.27 , rerr=1.22 
Landweber::-2.42 ≤ estimate ≤ 4.99
Landweber::i=835: rdisc=0.311, rnorm=1.27 , rerr=1.22 
Landweber::-2.43 ≤ estimate ≤ 4.99
Landweber::i=836: rdisc=0.311, rnorm=1.27 , rerr=1.22 
Landweber::-2.43 ≤ estimate ≤ 4.99
Landweber::i=837: rdisc=0.311, rnorm=1.27 , rerr=1.22 
Landweber::-2.43 ≤ estimate ≤ 4.99
Landweber::i=838: rdisc=0.311, rnorm=1.27 , rerr=1.22 
Landweber::-2.43 ≤ estimate ≤ 4.99
Landweber::i=839: rdisc=0.311, rnorm=1.27 , rerr=1.22 
Landweber::-2.43 ≤ estimate ≤ 4.99
Landweber::i=840: rdisc=0.311, rnorm=1.27 , rerr=1.22 
Landweber::-2.43 ≤ estimate ≤ 4.99
Landweber::i=841: rdisc=0.311, rnorm=1.27 , rerr=1.22 
Landweber::-2.43 ≤ estimate ≤ 4.99
Landweber::i=842: rdisc=0.311, rnorm=1.27 , rerr=1.22 
Landweber::-2.43 ≤ estimate ≤ 5.00
Landweber::i=843: rdisc=0.310, rnorm=1.27 , rerr=1.22 
Landweber::-2.43 ≤ estimate ≤ 5.00
Landweber::i=844: rdisc=0.310, rnorm=1.27 , rerr=1.22 
Landweber::-2.43 ≤ estimate ≤ 5.00
Landweber::i=845: rdisc=0.310, rnorm=1.27 , rerr=1.22 
Landweber::-2.43 ≤ estimate ≤ 5.00
Landweber::i=846: rdisc=0.310, rnorm=1.27 , rerr=1.22 
Landweber::-2.43 ≤ estimate ≤ 5.00
Landweber::i=847: rdisc=0.310, rnorm=1.27 , rerr=1.22 
Landweber::-2.43 ≤ estimate ≤ 5.00
Landweber::i=848: rdisc=0.310, rnorm=1.27 , rerr=1.22 
Landweber::-2.43 ≤ estimate ≤ 5.00
Landweber::i=849: rdisc=0.310, rnorm=1.27 , rerr=1.22 
Landweber::-2.43 ≤ estimate ≤ 5.00
Landweber::i=850: rdisc=0.310, rnorm=1.27 , rerr=1.22 
Landweber::-2.43 ≤ estimate ≤ 5.00
Landweber::i=851: rdisc=0.310, rnorm=1.27 , rerr=1.22 
Landweber::-2.43 ≤ estimate ≤ 5.00
Landweber::i=852: rdisc=0.309, rnorm=1.27 , rerr=1.22 
Landweber::-2.43 ≤ estimate ≤ 5.00
Landweber::i=853: rdisc=0.309, rnorm=1.27 , rerr=1.22 
Landweber::-2.43 ≤ estimate ≤ 5.00
Landweber::i=854: rdisc=0.309, rnorm=1.27 , rerr=1.22 
Landweber::-2.43 ≤ estimate ≤ 5.00
Landweber::i=855: rdisc=0.309, rnorm=1.27 , rerr=1.22 
Landweber::-2.43 ≤ estimate ≤ 5.00
Landweber::i=856: rdisc=0.309, rnorm=1.27 , rerr=1.22 
Landweber::-2.43 ≤ estimate ≤ 5.00
Landweber::i=857: rdisc=0.309, rnorm=1.27 , rerr=1.22 
Landweber::-2.43 ≤ estimate ≤ 5.00
Landweber::i=858: rdisc=0.309, rnorm=1.27 , rerr=1.22 
Landweber::-2.43 ≤ estimate ≤ 5.00
Landweber::i=859: rdisc=0.309, rnorm=1.27 , rerr=1.22 
Landweber::-2.43 ≤ estimate ≤ 5.00
Landweber::i=860: rdisc=0.309, rnorm=1.27 , rerr=1.22 
Landweber::-2.43 ≤ estimate ≤ 5.00
Landweber::i=861: rdisc=0.309, rnorm=1.27 , rerr=1.22 
Landweber::-2.43 ≤ estimate ≤ 5.00
Landweber::i=862: rdisc=0.308, rnorm=1.27 , rerr=1.22 
Landweber::-2.43 ≤ estimate ≤ 5.00
Landweber::i=863: rdisc=0.308, rnorm=1.27 , rerr=1.22 
Landweber::-2.44 ≤ estimate ≤ 5.01
Landweber::i=864: rdisc=0.308, rnorm=1.27 , rerr=1.22 
Landweber::-2.44 ≤ estimate ≤ 5.01
Landweber::i=865: rdisc=0.308, rnorm=1.27 , rerr=1.22 
Landweber::-2.44 ≤ estimate ≤ 5.01
Landweber::i=866: rdisc=0.308, rnorm=1.27 , rerr=1.22 
Landweber::-2.44 ≤ estimate ≤ 5.01
Landweber::i=867: rdisc=0.308, rnorm=1.27 , rerr=1.22 
Landweber::-2.44 ≤ estimate ≤ 5.01
Landweber::i=868: rdisc=0.308, rnorm=1.27 , rerr=1.22 
Landweber::-2.44 ≤ estimate ≤ 5.01
Landweber::i=869: rdisc=0.308, rnorm=1.27 , rerr=1.22 
Landweber::-2.44 ≤ estimate ≤ 5.01
Landweber::i=870: rdisc=0.308, rnorm=1.27 , rerr=1.22 
Landweber::-2.44 ≤ estimate ≤ 5.01
Landweber::i=871: rdisc=0.308, rnorm=1.27 , rerr=1.22 
Landweber::-2.44 ≤ estimate ≤ 5.01
Landweber::i=872: rdisc=0.307, rnorm=1.27 , rerr=1.22 
Landweber::-2.44 ≤ estimate ≤ 5.01
Landweber::i=873: rdisc=0.307, rnorm=1.27 , rerr=1.22 
Landweber::-2.44 ≤ estimate ≤ 5.01
Landweber::i=874: rdisc=0.307, rnorm=1.27 , rerr=1.22 
Landweber::-2.44 ≤ estimate ≤ 5.01
Landweber::i=875: rdisc=0.307, rnorm=1.27 , rerr=1.22 
Landweber::-2.44 ≤ estimate ≤ 5.01
Landweber::i=876: rdisc=0.307, rnorm=1.27 , rerr=1.22 
Landweber::-2.44 ≤ estimate ≤ 5.01
Landweber::i=877: rdisc=0.307, rnorm=1.27 , rerr=1.22 
Landweber::-2.44 ≤ estimate ≤ 5.01
Landweber::i=878: rdisc=0.307, rnorm=1.27 , rerr=1.22 
Landweber::-2.44 ≤ estimate ≤ 5.01
Landweber::i=879: rdisc=0.307, rnorm=1.27 , rerr=1.22 
Landweber::-2.44 ≤ estimate ≤ 5.01
Landweber::i=880: rdisc=0.307, rnorm=1.27 , rerr=1.22 
Landweber::-2.44 ≤ estimate ≤ 5.01
Landweber::i=881: rdisc=0.306, rnorm=1.27 , rerr=1.22 
Landweber::-2.44 ≤ estimate ≤ 5.01
Landweber::i=882: rdisc=0.306, rnorm=1.27 , rerr=1.22 
Landweber::-2.44 ≤ estimate ≤ 5.01
Landweber::i=883: rdisc=0.306, rnorm=1.27 , rerr=1.22 
Landweber::-2.44 ≤ estimate ≤ 5.01
Landweber::i=884: rdisc=0.306, rnorm=1.27 , rerr=1.22 
Landweber::-2.44 ≤ estimate ≤ 5.02
Landweber::i=885: rdisc=0.306, rnorm=1.27 , rerr=1.22 
Landweber::-2.44 ≤ estimate ≤ 5.02
Landweber::i=886: rdisc=0.306, rnorm=1.27 , rerr=1.22 
Landweber::-2.44 ≤ estimate ≤ 5.02
Landweber::i=887: rdisc=0.306, rnorm=1.27 , rerr=1.22 
Landweber::-2.44 ≤ estimate ≤ 5.02
Landweber::i=888: rdisc=0.306, rnorm=1.27 , rerr=1.22 
Landweber::-2.44 ≤ estimate ≤ 5.02
Landweber::i=889: rdisc=0.306, rnorm=1.27 , rerr=1.22 
Landweber::-2.44 ≤ estimate ≤ 5.02
Landweber::i=890: rdisc=0.306, rnorm=1.27 , rerr=1.22 
Landweber::-2.44 ≤ estimate ≤ 5.02
Landweber::i=891: rdisc=0.305, rnorm=1.27 , rerr=1.22 
Landweber::-2.45 ≤ estimate ≤ 5.02
Landweber::i=892: rdisc=0.305, rnorm=1.27 , rerr=1.22 
Landweber::-2.45 ≤ estimate ≤ 5.02
Landweber::i=893: rdisc=0.305, rnorm=1.27 , rerr=1.22 
Landweber::-2.45 ≤ estimate ≤ 5.02
Landweber::i=894: rdisc=0.305, rnorm=1.27 , rerr=1.22 
Landweber::-2.45 ≤ estimate ≤ 5.02
Landweber::i=895: rdisc=0.305, rnorm=1.27 , rerr=1.22 
Landweber::-2.45 ≤ estimate ≤ 5.02
Landweber::i=896: rdisc=0.305, rnorm=1.27 , rerr=1.22 
Landweber::-2.45 ≤ estimate ≤ 5.02
Landweber::i=897: rdisc=0.305, rnorm=1.27 , rerr=1.22 
Landweber::-2.45 ≤ estimate ≤ 5.02
Landweber::i=898: rdisc=0.305, rnorm=1.27 , rerr=1.22 
Landweber::-2.45 ≤ estimate ≤ 5.02
Landweber::i=899: rdisc=0.305, rnorm=1.27 , rerr=1.22 
Landweber::-2.45 ≤ estimate ≤ 5.02
Landweber::i=900: rdisc=0.305, rnorm=1.27 , rerr=1.22 
Landweber::-2.45 ≤ estimate ≤ 5.02
Landweber::i=901: rdisc=0.304, rnorm=1.27 , rerr=1.22 
Landweber::-2.45 ≤ estimate ≤ 5.02
Landweber::i=902: rdisc=0.304, rnorm=1.27 , rerr=1.22 
Landweber::-2.45 ≤ estimate ≤ 5.02
Landweber::i=903: rdisc=0.304, rnorm=1.27 , rerr=1.22 
Landweber::-2.45 ≤ estimate ≤ 5.02
Landweber::i=904: rdisc=0.304, rnorm=1.27 , rerr=1.22 
Landweber::-2.45 ≤ estimate ≤ 5.02
Landweber::i=905: rdisc=0.304, rnorm=1.27 , rerr=1.22 
Landweber::-2.45 ≤ estimate ≤ 5.02
Landweber::i=906: rdisc=0.304, rnorm=1.27 , rerr=1.22 
Landweber::-2.45 ≤ estimate ≤ 5.03
Landweber::i=907: rdisc=0.304, rnorm=1.27 , rerr=1.22 
Landweber::-2.45 ≤ estimate ≤ 5.03
Landweber::i=908: rdisc=0.304, rnorm=1.28 , rerr=1.22 
Landweber::-2.45 ≤ estimate ≤ 5.03
Landweber::i=909: rdisc=0.304, rnorm=1.28 , rerr=1.22 
Landweber::-2.45 ≤ estimate ≤ 5.03
Landweber::i=910: rdisc=0.304, rnorm=1.28 , rerr=1.22 
Landweber::-2.45 ≤ estimate ≤ 5.03
Landweber::i=911: rdisc=0.303, rnorm=1.28 , rerr=1.22 
Landweber::-2.45 ≤ estimate ≤ 5.03
Landweber::i=912: rdisc=0.303, rnorm=1.28 , rerr=1.22 
Landweber::-2.45 ≤ estimate ≤ 5.03
Landweber::i=913: rdisc=0.303, rnorm=1.28 , rerr=1.22 
Landweber::-2.45 ≤ estimate ≤ 5.03
Landweber::i=914: rdisc=0.303, rnorm=1.28 , rerr=1.22 
Landweber::-2.45 ≤ estimate ≤ 5.03
Landweber::i=915: rdisc=0.303, rnorm=1.28 , rerr=1.22 
Landweber::-2.45 ≤ estimate ≤ 5.03
Landweber::i=916: rdisc=0.303, rnorm=1.28 , rerr=1.22 
Landweber::-2.45 ≤ estimate ≤ 5.03
Landweber::i=917: rdisc=0.303, rnorm=1.28 , rerr=1.22 
Landweber::-2.45 ≤ estimate ≤ 5.03
Landweber::i=918: rdisc=0.303, rnorm=1.28 , rerr=1.22 
Landweber::-2.45 ≤ estimate ≤ 5.03
Landweber::i=919: rdisc=0.303, rnorm=1.28 , rerr=1.22 
Landweber::-2.45 ≤ estimate ≤ 5.03
Landweber::i=920: rdisc=0.303, rnorm=1.28 , rerr=1.22 
Landweber::-2.45 ≤ estimate ≤ 5.03
Landweber::Saving current residual in ./step-0920/
Landweber::Saving current estimate in ./step-0920/
Landweber::Unsuccessful termination after 920 iterations!
Landweber::-2.45 ≤ estimate ≤ 5.03
Relative (ℝⁿ, ‖·‖₂) error of the reconstruction: 0.796
Relative L²([0,T], L²(Ω)) error of the reconstruction: 0.710
Relative H¹([0,T], L²(Ω)) error of the reconstruction: 1.22
Relative H¹([0, T], H¹(Ω)) error of the reconstruction: 4.12
Relative H²([0,T], L²(Ω)) error of the reconstruction: 40.9
Relative (ℝⁿ, ‖·‖₂) error of (reconstruction - initial guess): 0.796
Relative L²([0,T], L²(Ω)) error of (reconstruction - initial guess): 0.710
Relative H¹([0,T], L²(Ω)) error of (reconstruction - initial guess): 1.22
Relative H¹([0, T], H¹(Ω)) error of (reconstruction - initial guess): 4.12
Relative H²([0,T], L²(Ω)) error of (reconstruction - initial guess): 40.9
stats::forward              : 922 calls, average 972.3ms per call
stats::linearization forward: 0 calls, average 0s per call
stats::linearization adjoint: 920 calls, average 912.1ms per call
stats::measure forward      : 922 calls, average 1.2ms per call
stats::measure adjoint      : 920 calls, average 1.1ms per call
stats::total wall time      : 34min 50s
