JobId thies-laptop Tue Jan 30 12:18:50 2018
wavepi d2070970-dirty
Release-Build, compiled on 2018-01-30T11:16:24Z
from git commit d2070970e46e3ae1a1614bf5a983ee503186993f on branch master
working dir was dirty
   modified: examples/problem_a_h1l2_1/history.csv examples/problem_a_h1l2_1/history.png examples/problem_a_h1l2_1/history.svg examples/problem_a_h1l2_1/wavepi.2.log examples/problem_a_h1l2_1/wavepi.4.log.xz examples/problem_a_h1l2_1/wavepi_exported.cfg include/problems/AProblem.h include/problems/CProblem.h 
initialize_mesh::Number of active cells: 4096
initialize_mesh::Number of degrees of freedom in the first spatial mesh: 4225
initialize_mesh::cell diameters: minimal = 0.177, maximal = 0.177
initialize_mesh::dt: 0.0235
parameters:WaveEquation::theta: 0.5
parameters:WaveEquation::tol: 1e-8
parameters:constraints::lower bound: 0.1
parameters:constraints::upper bound: 1e300
parameters:general::dimension: 2
parameters:general::finite element degree: 1
parameters:general::quadrature order: 3
parameters:inversion::method: REGINN
parameters:inversion::tau: 2
parameters:log::console depth: 2
parameters:log::file: wavepi.log
parameters:log::file depth: 100
parameters:mesh::end time: 6
parameters:mesh::initial refines: 6
parameters:mesh::initial time steps: 256
parameters:output::data: true
parameters:output::destination: ./step-{{i}}/
parameters:output::discrepancy decrease: 0.5
parameters:output::estimate: true
parameters:output::exact: true
parameters:output::interval: 50
parameters:output::last: true
parameters:output::residual: true
parameters:output::statistics: history
parameters:problem::constants: 
parameters:problem::epsilon: 1e-2
parameters:problem::initial guess: 1.0
parameters:problem::norm of codomain: L2L2
parameters:problem::norm of domain: H1L2
parameters:problem::parameter a: 1.5
parameters:problem::parameter c: 1.5
parameters:problem::parameter nu: 0.0
parameters:problem::parameter q: 0.0
parameters:problem::type: a
parameters:watchdog::discrepancy increasing: false
parameters:watchdog::discrepancy slope min values: 40
parameters:watchdog::discrepancy slope percentage: 0.25
parameters:watchdog::discrepancy slope threshold: 0.0
parameters:watchdog::discrepancy threshold: 10.0
parameters:watchdog::maximum iteration count: 0
REGINN::i=0 : rdisc=1.21, rnorm=0.667, rerr=0.333
REGINN::Saving exact parameter in ./step-0000/
REGINN::Saving data in ./step-0000/
REGINN::Saving current residual in ./step-0000/
REGINN::Saving current estimate in ./step-0000/
REGINN::1.00 ≤ estimate ≤ 1.00
REGINN::Solving linear problem using rtol=0.700 and max_iter=0
REGINN:CGLS::k=0 : rdisc=1.00, norm=0.00
REGINN:CGLS::k=1 : rdisc=0.701, norm=1.47
REGINN:CGLS::k=2 : rdisc=0.639, norm=2.19
REGINN:CGLS::Target discrepancy reached after 2 iterations.
REGINN:post_processing::Adjusted lower bound of estimate from -1.34 to 0.100
REGINN::i=1 : rdisc=0.924, rnorm=0.678, rerr=0.335
REGINN::0.100 ≤ estimate ≤ 4.50
REGINN::Solving linear problem using rtol=0.700 and max_iter=0
REGINN:CGLS::k=0 : rdisc=1.00, norm=0.00
REGINN:CGLS::k=1 : rdisc=0.759, norm=1.85
REGINN:CGLS::k=2 : rdisc=0.668, norm=3.88
REGINN:CGLS::Target discrepancy reached after 2 iterations.
REGINN:post_processing::Adjusted lower bound of estimate from 0.0788 to 0.100
REGINN::i=2 : rdisc=0.649, rnorm=0.737, rerr=0.335
REGINN::0.100 ≤ estimate ≤ 5.37
REGINN::Solving linear problem using rtol=0.598 and max_iter=0
REGINN:CGLS::k=0 : rdisc=1.00, norm=0.00
REGINN:CGLS::k=1 : rdisc=0.777, norm=1.33
REGINN:CGLS::k=2 : rdisc=0.651, norm=3.31
REGINN:CGLS::k=3 : rdisc=0.636, norm=3.71
REGINN:CGLS::k=4 : rdisc=0.609, norm=4.38
REGINN:CGLS::k=5 : rdisc=0.595, norm=4.92
REGINN:CGLS::Target discrepancy reached after 5 iterations.
REGINN:post_processing::Adjusted lower bound of estimate from -0.864 to 0.100
REGINN::i=3 : rdisc=0.317, rnorm=0.843, rerr=0.313
REGINN::Saving current residual in ./step-0003/
REGINN::Saving current estimate in ./step-0003/
REGINN::0.100 ≤ estimate ≤ 5.15
REGINN::Solving linear problem using rtol=0.512 and max_iter=0
REGINN:CGLS::k=0 : rdisc=1.00, norm=0.00
REGINN:CGLS::k=1 : rdisc=0.857, norm=1.59
REGINN:CGLS::k=2 : rdisc=0.641, norm=4.20
REGINN:CGLS::k=3 : rdisc=0.493, norm=6.05
REGINN:CGLS::Target discrepancy reached after 3 iterations.
REGINN:post_processing::Adjusted lower bound of estimate from -1.65 to 0.100
REGINN::i=4 : rdisc=0.393, rnorm=0.861, rerr=0.276
REGINN::0.100 ≤ estimate ≤ 3.76
REGINN::Solving linear problem using rtol=0.438 and max_iter=0
REGINN:CGLS::k=0 : rdisc=1.00, norm=0.00
REGINN:CGLS::k=1 : rdisc=0.593, norm=0.401
REGINN:CGLS::k=2 : rdisc=0.486, norm=0.630
REGINN:CGLS::k=3 : rdisc=0.396, norm=0.749
REGINN:CGLS::Target discrepancy reached after 3 iterations.
REGINN:post_processing::Adjusted lower bound of estimate from 0.0889 to 0.100
REGINN::i=5 : rdisc=0.183, rnorm=0.867, rerr=0.273
REGINN::0.100 ≤ estimate ≤ 3.98
REGINN::Solving linear problem using rtol=0.374 and max_iter=0
REGINN:CGLS::k=0 : rdisc=1.00, norm=0.00
REGINN:CGLS::k=1 : rdisc=0.672, norm=0.446
REGINN:CGLS::k=2 : rdisc=0.533, norm=0.742
REGINN:CGLS::k=3 : rdisc=0.450, norm=0.983
REGINN:CGLS::k=4 : rdisc=0.414, norm=1.14
REGINN:CGLS::k=5 : rdisc=0.400, norm=1.19
REGINN:CGLS::k=6 : rdisc=0.363, norm=1.45
REGINN:CGLS::Target discrepancy reached after 6 iterations.
REGINN:post_processing::Adjusted lower bound of estimate from -0.301 to 0.100
REGINN::i=6 : rdisc=0.0755, rnorm=0.876, rerr=0.263
REGINN::Saving current residual in ./step-0006/
REGINN::Saving current estimate in ./step-0006/
REGINN::0.100 ≤ estimate ≤ 3.94
REGINN::Solving linear problem using rtol=0.320 and max_iter=0
REGINN:CGLS::k=0 : rdisc=1.00, norm=0.00
REGINN:CGLS::k=1 : rdisc=0.854, norm=0.154
REGINN:CGLS::k=2 : rdisc=0.765, norm=0.343
REGINN:CGLS::k=3 : rdisc=0.720, norm=0.499
REGINN:CGLS::k=4 : rdisc=0.696, norm=0.584
REGINN:CGLS::k=5 : rdisc=0.645, norm=0.881
REGINN:CGLS::k=6 : rdisc=0.594, norm=1.27
REGINN:CGLS::k=7 : rdisc=0.581, norm=1.39
REGINN:CGLS::k=8 : rdisc=0.544, norm=1.72
REGINN:CGLS::k=9 : rdisc=0.512, norm=2.00
REGINN:CGLS::k=10: rdisc=0.498, norm=2.15
REGINN:CGLS::k=11: rdisc=0.479, norm=2.36
REGINN:CGLS::k=12: rdisc=0.463, norm=2.63
REGINN:CGLS::k=13: rdisc=0.457, norm=2.81
REGINN:CGLS::k=14: rdisc=0.447, norm=3.07
REGINN:CGLS::k=15: rdisc=0.443, norm=3.25
REGINN:CGLS::k=16: rdisc=0.440, norm=3.39
REGINN:CGLS::k=17: rdisc=0.437, norm=3.75
REGINN:CGLS::k=18: rdisc=0.437, norm=3.98
REGINN:CGLS::k=19: rdisc=0.437, norm=4.11
REGINN:CGLS::Unsuccessful termination after 19 iterations!
REGINN::Linear solver did not achieve desired discrepancy.
REGINN::  Aborting REGINN!
REGINN::Unsuccessful termination after 6 iterations!
REGINN::Saving current residual in ./step-0006/
REGINN::Saving current estimate in ./step-0006/
REGINN::0.100 ≤ estimate ≤ 3.94
stats::forward              : 8 calls, average 5.05 s per call
stats::linearization forward: 40 calls, average 5.66 s per call
stats::linearization adjoint: 40 calls, average 6.57 s per call
stats::measure forward      : 48 calls, average 0.00122 s per call
stats::measure adjoint      : 40 calls, average 0.00140 s per call
