JobId arch-vm0 Mon Feb 26 11:35:15 2018
wavepi 1ea872c3
Release-Build, compiled on 2018-02-23T12:31:51Z from commit 1ea872c33a71efe2cbf2ea88da2d59999d0ca907 ("CubeBoundary") on branch master

initialize_mesh::Number of active cells: 4096
initialize_mesh::Number of degrees of freedom in the first spatial mesh: 4225
initialize_mesh::cell diameters: minimal = 0.177, maximal = 0.177
initialize_mesh::dt: 0.0235
initialize_mesh::expected size of a DiscretizedFunction<dim>: 8.25 MiB
parameters:LogTransform::lower bound: 0.1
parameters:WaveEquation::theta: 0.5
parameters:WaveEquation::tol: 1e-8
parameters:constraints::lower bound: -1e300
parameters:constraints::upper bound: 1e300
parameters:general::dimension: 2
parameters:general::finite element degree: 1
parameters:general::quadrature order: 3
parameters:inversion::method: REGINN
parameters:inversion::tau: 2
parameters:log::console depth: 2
parameters:log::file: wavepi.log
parameters:log::file depth: 4
parameters:mesh::end time: 6
parameters:mesh::initial refines: 6
parameters:mesh::initial time steps: 256
parameters:output::data: true
parameters:output::destination: ./step-{{i}}/
parameters:output::discrepancy decrease: 0.5
parameters:output::estimate: true
parameters:output::estimate transformed: false
parameters:output::exact: true
parameters:output::exact transformed: false
parameters:output::interval: 50
parameters:output::last: true
parameters:output::residual: true
parameters:output::statistics: history
parameters:problem::H1L2 alpha: 0.5
parameters:problem::H2L2 alpha: 0.5
parameters:problem::H2L2 beta: 0.25
parameters:problem::constants: 
parameters:problem::epsilon: 1e-3
parameters:problem::initial guess: 1.0
parameters:problem::norm of codomain: L2L2
parameters:problem::norm of domain: H1L2
parameters:problem::parameter a: 1.0
parameters:problem::parameter c: 1.5
parameters:problem::parameter nu: 0.0
parameters:problem::parameter q: 0.0
parameters:problem::transform: Log
parameters:problem::type: c
parameters:watchdog::discrepancy increasing: false
parameters:watchdog::discrepancy slope min values: 40
parameters:watchdog::discrepancy slope percentage: 0.25
parameters:watchdog::discrepancy slope threshold: 0.0
parameters:watchdog::discrepancy threshold: 10.0
parameters:watchdog::maximum iteration count: 0
REGINN::Saving exact parameter in ./step-0000/
REGINN::Saving data in ./step-0000/
REGINN::Saving current residual in ./step-0000/
REGINN::Saving current estimate in ./step-0000/
REGINN::i=0 : rdisc=1.21, rnorm=0.313, rerr=1.31
REGINN::-0.105 ≤ estimate ≤ -0.105
REGINN::Solving linear problem using rtol=0.900 and max_iter=1
REGINN:CGLS::k=0 : rdisc=1.00, norm=0.00
REGINN:CGLS::k=1 : rdisc=0.760, norm=1.49
REGINN:CGLS::Safeguarding: λ=0.741 ⇒ rdisc=0.900
REGINN:CGLS::Target discrepancy reached after 1 iteration.
REGINN::i=1 : rdisc=1.07, rnorm=0.302, rerr=1.30
REGINN::-0.184 ≤ estimate ≤ 0.179
REGINN::
REGINN::Solving linear problem using rtol=0.900 and max_iter=2
REGINN:CGLS::k=0 : rdisc=1.00, norm=0.00
REGINN:CGLS::k=1 : rdisc=0.748, norm=1.25
REGINN:CGLS::Safeguarding: λ=0.754 ⇒ rdisc=0.900
REGINN:CGLS::Target discrepancy reached after 1 iteration.
REGINN::i=2 : rdisc=0.953, rnorm=0.301, rerr=1.29
REGINN::-0.153 ≤ estimate ≤ 0.455
REGINN::
REGINN::Solving linear problem using rtol=0.809 and max_iter=2
REGINN:CGLS::k=0 : rdisc=1.00, norm=0.00
REGINN:CGLS::k=1 : rdisc=0.737, norm=1.08
REGINN:CGLS::Safeguarding: λ=0.494 ⇒ rdisc=0.809
REGINN:CGLS::Target discrepancy reached after 1 iteration.
REGINN::i=3 : rdisc=0.735, rnorm=0.316, rerr=1.27
REGINN::-0.121 ≤ estimate ≤ 1.06
REGINN::
REGINN::Solving linear problem using rtol=0.728 and max_iter=2
REGINN:CGLS::k=0 : rdisc=1.00, norm=0.00
REGINN:CGLS::k=1 : rdisc=0.767, norm=0.738
REGINN:CGLS::k=2 : rdisc=0.650, norm=1.53
REGINN:CGLS::Safeguarding: λ=0.802 ⇒ rdisc=0.728
REGINN:CGLS::Target discrepancy reached after 2 iterations.
REGINN::Saving current residual in ./step-0004/
REGINN::Saving current estimate in ./step-0004/
REGINN::i=4 : rdisc=0.510, rnorm=0.362, rerr=1.25
REGINN::-0.109 ≤ estimate ≤ 2.66
REGINN::
REGINN::Solving linear problem using rtol=0.654 and max_iter=3
REGINN:CGLS::k=0 : rdisc=1.00, norm=0.00
REGINN:CGLS::k=1 : rdisc=0.944, norm=0.365
REGINN:CGLS::k=2 : rdisc=0.875, norm=0.841
REGINN:CGLS::k=3 : rdisc=0.801, norm=1.39
REGINN:CGLS::Unsuccessful termination after 3 iterations!
REGINN::Linear solver did not achieve desired discrepancy due to max_iter.
REGINN::i=5 : rdisc=0.464, rnorm=0.390, rerr=1.18
REGINN::-0.605 ≤ estimate ≤ 2.70
REGINN::
REGINN::Solving linear problem using rtol=0.588 and max_iter=5
REGINN:CGLS::k=0 : rdisc=1.00, norm=0.00
REGINN:CGLS::k=1 : rdisc=0.861, norm=0.280
REGINN:CGLS::k=2 : rdisc=0.808, norm=0.459
REGINN:CGLS::k=3 : rdisc=0.784, norm=0.577
REGINN:CGLS::k=4 : rdisc=0.742, norm=0.876
REGINN:CGLS::k=5 : rdisc=0.516, norm=2.89
REGINN:CGLS::Safeguarding: λ=0.528 ⇒ rdisc=0.588
REGINN:CGLS::Target discrepancy reached after 5 iterations.
REGINN::i=6 : rdisc=0.352, rnorm=0.481, rerr=1.10
REGINN::-4.02 ≤ estimate ≤ 2.14
REGINN::
REGINN::Solving linear problem using rtol=0.529 and max_iter=8
REGINN:CGLS::k=0 : rdisc=1.00, norm=0.00
REGINN:CGLS::k=1 : rdisc=0.701, norm=0.357
REGINN:CGLS::k=2 : rdisc=0.649, norm=0.467
REGINN:CGLS::k=3 : rdisc=0.550, norm=0.965
REGINN:CGLS::k=4 : rdisc=0.478, norm=1.38
REGINN:CGLS::Safeguarding: λ=0.833 ⇒ rdisc=0.529
REGINN:CGLS::Target discrepancy reached after 4 iterations.
REGINN::Saving current residual in ./step-0007/
REGINN::Saving current estimate in ./step-0007/
REGINN::i=7 : rdisc=0.227, rnorm=0.526, rerr=1.07
REGINN::-3.36 ≤ estimate ≤ 2.80
REGINN::
REGINN::Solving linear problem using rtol=0.475 and max_iter=9
REGINN:CGLS::k=0 : rdisc=1.00, norm=0.00
REGINN:CGLS::k=1 : rdisc=0.885, norm=0.139
REGINN:CGLS::k=2 : rdisc=0.751, norm=0.317
REGINN:CGLS::k=3 : rdisc=0.664, norm=0.486
REGINN:CGLS::k=4 : rdisc=0.610, norm=0.633
REGINN:CGLS::k=5 : rdisc=0.483, norm=1.10
REGINN:CGLS::k=6 : rdisc=0.466, norm=1.17
REGINN:CGLS::Safeguarding: λ=0.752 ⇒ rdisc=0.475
REGINN:CGLS::Target discrepancy reached after 6 iterations.
REGINN::i=8 : rdisc=0.125, rnorm=0.609, rerr=1.04
REGINN::-3.39 ≤ estimate ≤ 2.91
REGINN::
REGINN::Solving linear problem using rtol=0.427 and max_iter=10
REGINN:CGLS::k=0 : rdisc=1.00, norm=0.00
REGINN:CGLS::k=1 : rdisc=0.830, norm=0.101
REGINN:CGLS::k=2 : rdisc=0.772, norm=0.142
REGINN:CGLS::k=3 : rdisc=0.724, norm=0.208
REGINN:CGLS::k=4 : rdisc=0.663, norm=0.362
REGINN:CGLS::k=5 : rdisc=0.634, norm=0.454
REGINN:CGLS::k=6 : rdisc=0.576, norm=0.655
REGINN:CGLS::k=7 : rdisc=0.553, norm=0.737
REGINN:CGLS::k=8 : rdisc=0.525, norm=0.838
REGINN:CGLS::k=9 : rdisc=0.486, norm=0.979
REGINN:CGLS::k=10: rdisc=0.464, norm=1.06
REGINN:CGLS::Unsuccessful termination after 10 iterations!
REGINN::Linear solver did not achieve desired discrepancy due to max_iter.
REGINN::Saving current residual in ./step-0009/
REGINN::Saving current estimate in ./step-0009/
REGINN::i=9 : rdisc=0.0624, rnorm=0.665, rerr=1.02
REGINN::-3.86 ≤ estimate ≤ 2.73
REGINN::
REGINN::Solving linear problem using rtol=0.656 and max_iter=16
REGINN:CGLS::k=0 : rdisc=1.00, norm=0.00
REGINN:CGLS::k=1 : rdisc=0.934, norm=0.0336
REGINN:CGLS::k=2 : rdisc=0.894, norm=0.0589
REGINN:CGLS::k=3 : rdisc=0.869, norm=0.0820
REGINN:CGLS::k=4 : rdisc=0.850, norm=0.108
REGINN:CGLS::k=5 : rdisc=0.828, norm=0.149
REGINN:CGLS::k=6 : rdisc=0.799, norm=0.219
REGINN:CGLS::k=7 : rdisc=0.756, norm=0.337
REGINN:CGLS::k=8 : rdisc=0.742, norm=0.376
REGINN:CGLS::k=9 : rdisc=0.692, norm=0.526
REGINN:CGLS::k=10: rdisc=0.668, norm=0.599
REGINN:CGLS::k=11: rdisc=0.615, norm=0.767
REGINN:CGLS::Safeguarding: λ=0.871 ⇒ rdisc=0.656
REGINN:CGLS::Target discrepancy reached after 11 iterations.
REGINN::i=10: rdisc=0.0412, rnorm=0.660, rerr=1.00
REGINN::-3.80 ≤ estimate ≤ 2.50
REGINN::
REGINN::Solving linear problem using rtol=0.686 and max_iter=21
REGINN:CGLS::k=0 : rdisc=1.00, norm=0.00
REGINN:CGLS::k=1 : rdisc=0.969, norm=0.0171
REGINN:CGLS::k=2 : rdisc=0.959, norm=0.0238
REGINN:CGLS::k=3 : rdisc=0.943, norm=0.0417
REGINN:CGLS::k=4 : rdisc=0.918, norm=0.0814
REGINN:CGLS::k=5 : rdisc=0.888, norm=0.138
REGINN:CGLS::k=6 : rdisc=0.861, norm=0.191
REGINN:CGLS::k=7 : rdisc=0.838, norm=0.241
REGINN:CGLS::k=8 : rdisc=0.827, norm=0.266
REGINN:CGLS::k=9 : rdisc=0.799, norm=0.334
REGINN:CGLS::k=10: rdisc=0.730, norm=0.516
REGINN:CGLS::k=11: rdisc=0.684, norm=0.639
REGINN:CGLS::Safeguarding: λ=0.220 ⇒ rdisc=0.686
REGINN:CGLS::Target discrepancy reached after 11 iterations.
REGINN::Saving current residual in ./step-0011/
REGINN::Saving current estimate in ./step-0011/
REGINN::i=11: rdisc=0.0290, rnorm=0.689, rerr=0.988
REGINN::-3.95 ≤ estimate ≤ 2.12
REGINN::
REGINN::Solving linear problem using rtol=0.686 and max_iter=22
REGINN:CGLS::k=0 : rdisc=1.00, norm=0.00
REGINN:CGLS::k=1 : rdisc=0.977, norm=0.00794
REGINN:CGLS::k=2 : rdisc=0.949, norm=0.0216
REGINN:CGLS::k=3 : rdisc=0.918, norm=0.0445
REGINN:CGLS::k=4 : rdisc=0.896, norm=0.0646
REGINN:CGLS::k=5 : rdisc=0.870, norm=0.0923
REGINN:CGLS::k=6 : rdisc=0.860, norm=0.105
REGINN:CGLS::k=7 : rdisc=0.853, norm=0.115
REGINN:CGLS::k=8 : rdisc=0.833, norm=0.150
REGINN:CGLS::k=9 : rdisc=0.812, norm=0.190
REGINN:CGLS::k=10: rdisc=0.800, norm=0.216
REGINN:CGLS::k=11: rdisc=0.779, norm=0.266
REGINN:CGLS::k=12: rdisc=0.754, norm=0.329
REGINN:CGLS::k=13: rdisc=0.735, norm=0.378
REGINN:CGLS::k=14: rdisc=0.707, norm=0.451
REGINN:CGLS::k=15: rdisc=0.627, norm=0.653
REGINN:CGLS::Safeguarding: λ=0.851 ⇒ rdisc=0.686
REGINN:CGLS::Target discrepancy reached after 15 iterations.
REGINN::i=12: rdisc=0.0203, rnorm=0.694, rerr=0.979
REGINN::-3.76 ≤ estimate ≤ 2.03
REGINN::
REGINN::Solving linear problem using rtol=0.769 and max_iter=26
REGINN:CGLS::k=0 : rdisc=1.00, norm=0.00
REGINN:CGLS::k=1 : rdisc=0.979, norm=0.00526
REGINN:CGLS::k=2 : rdisc=0.952, norm=0.0160
REGINN:CGLS::k=3 : rdisc=0.923, norm=0.0344
REGINN:CGLS::k=4 : rdisc=0.908, norm=0.0465
REGINN:CGLS::k=5 : rdisc=0.897, norm=0.0565
REGINN:CGLS::k=6 : rdisc=0.892, norm=0.0613
REGINN:CGLS::k=7 : rdisc=0.885, norm=0.0707
REGINN:CGLS::k=8 : rdisc=0.873, norm=0.0882
REGINN:CGLS::k=9 : rdisc=0.856, norm=0.120
REGINN:CGLS::k=10: rdisc=0.849, norm=0.133
REGINN:CGLS::k=11: rdisc=0.845, norm=0.142
REGINN:CGLS::k=12: rdisc=0.820, norm=0.201
REGINN:CGLS::k=13: rdisc=0.801, norm=0.250
REGINN:CGLS::k=14: rdisc=0.775, norm=0.317
REGINN:CGLS::k=15: rdisc=0.736, norm=0.418
REGINN:CGLS::Safeguarding: λ=0.919 ⇒ rdisc=0.769
REGINN:CGLS::Target discrepancy reached after 15 iterations.
REGINN::i=13: rdisc=0.0158, rnorm=0.706, rerr=0.973
REGINN::-3.79 ≤ estimate ≤ 1.93
REGINN::
REGINN::Solving linear problem using rtol=0.768 and max_iter=30
REGINN:CGLS::k=0 : rdisc=1.00, norm=0.00
REGINN:CGLS::k=1 : rdisc=0.976, norm=0.00539
REGINN:CGLS::k=2 : rdisc=0.965, norm=0.00842
REGINN:CGLS::k=3 : rdisc=0.953, norm=0.0148
REGINN:CGLS::k=4 : rdisc=0.940, norm=0.0254
REGINN:CGLS::k=5 : rdisc=0.929, norm=0.0371
REGINN:CGLS::k=6 : rdisc=0.925, norm=0.0426
REGINN:CGLS::k=7 : rdisc=0.920, norm=0.0486
REGINN:CGLS::k=8 : rdisc=0.910, norm=0.0645
REGINN:CGLS::k=9 : rdisc=0.901, norm=0.0789
REGINN:CGLS::k=10: rdisc=0.894, norm=0.0939
REGINN:CGLS::k=11: rdisc=0.888, norm=0.106
REGINN:CGLS::k=12: rdisc=0.883, norm=0.117
REGINN:CGLS::k=13: rdisc=0.876, norm=0.133
REGINN:CGLS::k=14: rdisc=0.861, norm=0.168
REGINN:CGLS::k=15: rdisc=0.826, norm=0.258
REGINN:CGLS::k=16: rdisc=0.803, norm=0.319
REGINN:CGLS::k=17: rdisc=0.787, norm=0.360
REGINN:CGLS::k=18: rdisc=0.754, norm=0.446
REGINN:CGLS::Safeguarding: λ=0.648 ⇒ rdisc=0.768
REGINN:CGLS::Target discrepancy reached after 18 iterations.
REGINN::Saving current residual in ./step-0014/
REGINN::Saving current estimate in ./step-0014/
REGINN::i=14: rdisc=0.0125, rnorm=0.713, rerr=0.966
REGINN::-3.72 ≤ estimate ≤ 1.87
REGINN::
REGINN::Solving linear problem using rtol=0.806 and max_iter=33
REGINN:CGLS::k=0 : rdisc=1.00, norm=0.00
REGINN:CGLS::k=1 : rdisc=0.985, norm=0.00255
REGINN:CGLS::k=2 : rdisc=0.971, norm=0.00668
REGINN:CGLS::k=3 : rdisc=0.954, norm=0.0146
REGINN:CGLS::k=4 : rdisc=0.937, norm=0.0246
REGINN:CGLS::k=5 : rdisc=0.927, norm=0.0323
REGINN:CGLS::k=6 : rdisc=0.924, norm=0.0344
REGINN:CGLS::k=7 : rdisc=0.915, norm=0.0422
REGINN:CGLS::k=8 : rdisc=0.907, norm=0.0515
REGINN:CGLS::k=9 : rdisc=0.898, norm=0.0630
REGINN:CGLS::k=10: rdisc=0.896, norm=0.0657
REGINN:CGLS::k=11: rdisc=0.892, norm=0.0715
REGINN:CGLS::k=12: rdisc=0.889, norm=0.0763
REGINN:CGLS::k=13: rdisc=0.885, norm=0.0842
REGINN:CGLS::k=14: rdisc=0.880, norm=0.0928
REGINN:CGLS::k=15: rdisc=0.872, norm=0.110
REGINN:CGLS::k=16: rdisc=0.869, norm=0.116
REGINN:CGLS::k=17: rdisc=0.865, norm=0.125
REGINN:CGLS::k=18: rdisc=0.858, norm=0.142
REGINN:CGLS::k=19: rdisc=0.837, norm=0.198
REGINN:CGLS::k=20: rdisc=0.829, norm=0.221
REGINN:CGLS::k=21: rdisc=0.821, norm=0.244
REGINN:CGLS::k=22: rdisc=0.809, norm=0.280
REGINN:CGLS::k=23: rdisc=0.791, norm=0.331
REGINN:CGLS::Safeguarding: λ=0.915 ⇒ rdisc=0.806
REGINN:CGLS::Target discrepancy reached after 23 iterations.
REGINN::i=15: rdisc=0.0102, rnorm=0.719, rerr=0.960
REGINN::-3.70 ≤ estimate ≤ 1.75
REGINN::
REGINN::Solving linear problem using rtol=0.847 and max_iter=41
REGINN:CGLS::k=0 : rdisc=1.00, norm=0.00
REGINN:CGLS::k=1 : rdisc=0.993, norm=0.00136
REGINN:CGLS::k=2 : rdisc=0.985, norm=0.00442
REGINN:CGLS::k=3 : rdisc=0.977, norm=0.00905
REGINN:CGLS::k=4 : rdisc=0.969, norm=0.0151
REGINN:CGLS::k=5 : rdisc=0.959, norm=0.0245
REGINN:CGLS::k=6 : rdisc=0.957, norm=0.0261
REGINN:CGLS::k=7 : rdisc=0.950, norm=0.0331
REGINN:CGLS::k=8 : rdisc=0.944, norm=0.0398
REGINN:CGLS::k=9 : rdisc=0.940, norm=0.0454
REGINN:CGLS::k=10: rdisc=0.938, norm=0.0487
REGINN:CGLS::k=11: rdisc=0.932, norm=0.0580
REGINN:CGLS::k=12: rdisc=0.929, norm=0.0625
REGINN:CGLS::k=13: rdisc=0.927, norm=0.0672
REGINN:CGLS::k=14: rdisc=0.921, norm=0.0773
REGINN:CGLS::k=15: rdisc=0.920, norm=0.0811
REGINN:CGLS::k=16: rdisc=0.918, norm=0.0853
REGINN:CGLS::k=17: rdisc=0.915, norm=0.0918
REGINN:CGLS::k=18: rdisc=0.910, norm=0.103
REGINN:CGLS::k=19: rdisc=0.904, norm=0.119
REGINN:CGLS::k=20: rdisc=0.903, norm=0.121
REGINN:CGLS::k=21: rdisc=0.896, norm=0.141
REGINN:CGLS::k=22: rdisc=0.893, norm=0.151
REGINN:CGLS::k=23: rdisc=0.884, norm=0.178
REGINN:CGLS::k=24: rdisc=0.862, norm=0.245
REGINN:CGLS::k=25: rdisc=0.859, norm=0.257
REGINN:CGLS::k=26: rdisc=0.835, norm=0.330
REGINN:CGLS::Safeguarding: λ=0.710 ⇒ rdisc=0.847
REGINN:CGLS::Target discrepancy reached after 26 iterations.
REGINN::i=16: rdisc=0.00872, rnorm=0.722, rerr=0.955
REGINN::-3.68 ≤ estimate ≤ 1.73
REGINN::
REGINN::Solving linear problem using rtol=0.864 and max_iter=49
REGINN:CGLS::k=0 : rdisc=1.00, norm=0.00
REGINN:CGLS::k=1 : rdisc=0.994, norm=0.00130
REGINN:CGLS::k=2 : rdisc=0.986, norm=0.00405
REGINN:CGLS::k=3 : rdisc=0.975, norm=0.0100
REGINN:CGLS::k=4 : rdisc=0.969, norm=0.0139
REGINN:CGLS::k=5 : rdisc=0.964, norm=0.0171
REGINN:CGLS::k=6 : rdisc=0.957, norm=0.0236
REGINN:CGLS::k=7 : rdisc=0.955, norm=0.0250
REGINN:CGLS::k=8 : rdisc=0.949, norm=0.0313
REGINN:CGLS::k=9 : rdisc=0.945, norm=0.0370
REGINN:CGLS::k=10: rdisc=0.942, norm=0.0404
REGINN:CGLS::k=11: rdisc=0.941, norm=0.0415
REGINN:CGLS::k=12: rdisc=0.940, norm=0.0443
REGINN:CGLS::k=13: rdisc=0.937, norm=0.0482
REGINN:CGLS::k=14: rdisc=0.936, norm=0.0507
REGINN:CGLS::k=15: rdisc=0.931, norm=0.0593
REGINN:CGLS::k=16: rdisc=0.930, norm=0.0611
REGINN:CGLS::k=17: rdisc=0.926, norm=0.0716
REGINN:CGLS::k=18: rdisc=0.923, norm=0.0788
REGINN:CGLS::k=19: rdisc=0.920, norm=0.0874
REGINN:CGLS::k=20: rdisc=0.917, norm=0.0945
REGINN:CGLS::k=21: rdisc=0.915, norm=0.0991
REGINN:CGLS::k=22: rdisc=0.913, norm=0.106
REGINN:CGLS::k=23: rdisc=0.910, norm=0.116
REGINN:CGLS::k=24: rdisc=0.907, norm=0.122
REGINN:CGLS::k=25: rdisc=0.898, norm=0.151
REGINN:CGLS::k=26: rdisc=0.896, norm=0.159
REGINN:CGLS::k=27: rdisc=0.886, norm=0.194
REGINN:CGLS::k=28: rdisc=0.873, norm=0.238
REGINN:CGLS::k=29: rdisc=0.862, norm=0.275
REGINN:CGLS::Safeguarding: λ=0.380 ⇒ rdisc=0.864
REGINN:CGLS::Target discrepancy reached after 29 iterations.
REGINN::i=17: rdisc=0.00757, rnorm=0.726, rerr=0.949
REGINN::-3.68 ≤ estimate ≤ 1.75
REGINN::
REGINN::Solving linear problem using rtol=0.877 and max_iter=55
REGINN:CGLS::k=0 : rdisc=1.00, norm=0.00
REGINN:CGLS::k=1 : rdisc=0.998, norm=0.000757
REGINN:CGLS::k=2 : rdisc=0.992, norm=0.00364
REGINN:CGLS::k=3 : rdisc=0.985, norm=0.00759
REGINN:CGLS::k=4 : rdisc=0.982, norm=0.00945
REGINN:CGLS::k=5 : rdisc=0.971, norm=0.0187
REGINN:CGLS::k=6 : rdisc=0.966, norm=0.0237
REGINN:CGLS::k=7 : rdisc=0.965, norm=0.0253
REGINN:CGLS::k=8 : rdisc=0.962, norm=0.0284
REGINN:CGLS::k=9 : rdisc=0.959, norm=0.0331
REGINN:CGLS::k=10: rdisc=0.955, norm=0.0374
REGINN:CGLS::k=11: rdisc=0.953, norm=0.0419
REGINN:CGLS::k=12: rdisc=0.952, norm=0.0433
REGINN:CGLS::k=13: rdisc=0.950, norm=0.0459
REGINN:CGLS::k=14: rdisc=0.948, norm=0.0501
REGINN:CGLS::k=15: rdisc=0.946, norm=0.0538
REGINN:CGLS::k=16: rdisc=0.943, norm=0.0604
REGINN:CGLS::k=17: rdisc=0.940, norm=0.0659
REGINN:CGLS::k=18: rdisc=0.940, norm=0.0670
REGINN:CGLS::k=19: rdisc=0.938, norm=0.0719
REGINN:CGLS::k=20: rdisc=0.933, norm=0.0829
REGINN:CGLS::k=21: rdisc=0.929, norm=0.0932
REGINN:CGLS::k=22: rdisc=0.928, norm=0.0957
REGINN:CGLS::k=23: rdisc=0.927, norm=0.0984
REGINN:CGLS::k=24: rdisc=0.926, norm=0.102
REGINN:CGLS::k=25: rdisc=0.925, norm=0.107
REGINN:CGLS::k=26: rdisc=0.921, norm=0.117
REGINN:CGLS::k=27: rdisc=0.913, norm=0.143
REGINN:CGLS::k=28: rdisc=0.912, norm=0.147
REGINN:CGLS::k=29: rdisc=0.903, norm=0.178
REGINN:CGLS::k=30: rdisc=0.894, norm=0.209
REGINN:CGLS::k=31: rdisc=0.885, norm=0.239
REGINN:CGLS::k=32: rdisc=0.879, norm=0.263
REGINN:CGLS::k=33: rdisc=0.877, norm=0.270
REGINN:CGLS::Safeguarding: λ=0.416 ⇒ rdisc=0.877
REGINN:CGLS::Target discrepancy reached after 33 iterations.
REGINN::i=18: rdisc=0.00674, rnorm=0.729, rerr=0.943
REGINN::-3.69 ≤ estimate ≤ 1.80
REGINN::
REGINN::Solving linear problem using rtol=0.891 and max_iter=62
REGINN:CGLS::k=0 : rdisc=1.00, norm=0.00
REGINN:CGLS::k=1 : rdisc=0.995, norm=0.000851
REGINN:CGLS::k=2 : rdisc=0.989, norm=0.00263
REGINN:CGLS::k=3 : rdisc=0.983, norm=0.00505
REGINN:CGLS::k=4 : rdisc=0.978, norm=0.00778
REGINN:CGLS::k=5 : rdisc=0.972, norm=0.0114
REGINN:CGLS::k=6 : rdisc=0.969, norm=0.0141
REGINN:CGLS::k=7 : rdisc=0.965, norm=0.0170
REGINN:CGLS::k=8 : rdisc=0.959, norm=0.0233
REGINN:CGLS::k=9 : rdisc=0.954, norm=0.0286
REGINN:CGLS::k=10: rdisc=0.951, norm=0.0320
REGINN:CGLS::k=11: rdisc=0.950, norm=0.0340
REGINN:CGLS::k=12: rdisc=0.949, norm=0.0355
REGINN:CGLS::k=13: rdisc=0.947, norm=0.0381
REGINN:CGLS::k=14: rdisc=0.944, norm=0.0421
REGINN:CGLS::k=15: rdisc=0.941, norm=0.0476
REGINN:CGLS::k=16: rdisc=0.938, norm=0.0527
REGINN:CGLS::k=17: rdisc=0.937, norm=0.0535
REGINN:CGLS::k=18: rdisc=0.935, norm=0.0578
REGINN:CGLS::k=19: rdisc=0.932, norm=0.0631
REGINN:CGLS::k=20: rdisc=0.930, norm=0.0683
REGINN:CGLS::k=21: rdisc=0.928, norm=0.0730
REGINN:CGLS::k=22: rdisc=0.927, norm=0.0750
REGINN:CGLS::k=23: rdisc=0.925, norm=0.0782
REGINN:CGLS::k=24: rdisc=0.924, norm=0.0813
REGINN:CGLS::k=25: rdisc=0.922, norm=0.0866
REGINN:CGLS::k=26: rdisc=0.919, norm=0.0931
REGINN:CGLS::k=27: rdisc=0.918, norm=0.0955
REGINN:CGLS::k=28: rdisc=0.917, norm=0.0988
REGINN:CGLS::k=29: rdisc=0.915, norm=0.105
REGINN:CGLS::k=30: rdisc=0.912, norm=0.114
REGINN:CGLS::k=31: rdisc=0.911, norm=0.118
REGINN:CGLS::k=32: rdisc=0.907, norm=0.131
REGINN:CGLS::k=33: rdisc=0.906, norm=0.133
REGINN:CGLS::k=34: rdisc=0.902, norm=0.145
REGINN:CGLS::k=35: rdisc=0.899, norm=0.157
REGINN:CGLS::k=36: rdisc=0.889, norm=0.192
REGINN:CGLS::Safeguarding: λ=0.504 ⇒ rdisc=0.891
REGINN:CGLS::Target discrepancy reached after 36 iterations.
REGINN::Saving current residual in ./step-0019/
REGINN::Saving current estimate in ./step-0019/
REGINN::i=19: rdisc=0.00604, rnorm=0.730, rerr=0.939
REGINN::-3.68 ≤ estimate ≤ 1.79
REGINN::
REGINN::Solving linear problem using rtol=0.899 and max_iter=69
REGINN:CGLS::k=0 : rdisc=1.00, norm=0.00
REGINN:CGLS::k=1 : rdisc=0.996, norm=0.00124
REGINN:CGLS::k=2 : rdisc=0.995, norm=0.00181
REGINN:CGLS::k=3 : rdisc=0.991, norm=0.00423
REGINN:CGLS::k=4 : rdisc=0.989, norm=0.00551
REGINN:CGLS::k=5 : rdisc=0.987, norm=0.00732
REGINN:CGLS::k=6 : rdisc=0.983, norm=0.0116
REGINN:CGLS::k=7 : rdisc=0.982, norm=0.0124
REGINN:CGLS::k=8 : rdisc=0.980, norm=0.0158
REGINN:CGLS::k=9 : rdisc=0.977, norm=0.0201
REGINN:CGLS::k=10: rdisc=0.975, norm=0.0228
REGINN:CGLS::k=11: rdisc=0.973, norm=0.0262
REGINN:CGLS::k=12: rdisc=0.972, norm=0.0271
REGINN:CGLS::k=13: rdisc=0.971, norm=0.0297
REGINN:CGLS::k=14: rdisc=0.969, norm=0.0337
REGINN:CGLS::k=15: rdisc=0.967, norm=0.0375
REGINN:CGLS::k=16: rdisc=0.966, norm=0.0400
REGINN:CGLS::k=17: rdisc=0.964, norm=0.0446
REGINN:CGLS::k=18: rdisc=0.964, norm=0.0454
REGINN:CGLS::k=19: rdisc=0.961, norm=0.0516
REGINN:CGLS::k=20: rdisc=0.957, norm=0.0620
REGINN:CGLS::k=21: rdisc=0.955, norm=0.0690
REGINN:CGLS::k=22: rdisc=0.952, norm=0.0754
REGINN:CGLS::k=23: rdisc=0.952, norm=0.0769
REGINN:CGLS::k=24: rdisc=0.949, norm=0.0844
REGINN:CGLS::k=25: rdisc=0.946, norm=0.0934
REGINN:CGLS::k=26: rdisc=0.945, norm=0.0969
REGINN:CGLS::k=27: rdisc=0.943, norm=0.103
REGINN:CGLS::k=28: rdisc=0.942, norm=0.106
REGINN:CGLS::k=29: rdisc=0.939, norm=0.116
REGINN:CGLS::k=30: rdisc=0.937, norm=0.123
REGINN:CGLS::k=31: rdisc=0.932, norm=0.140
REGINN:CGLS::k=32: rdisc=0.931, norm=0.143
REGINN:CGLS::k=33: rdisc=0.929, norm=0.151
REGINN:CGLS::k=34: rdisc=0.925, norm=0.164
REGINN:CGLS::k=35: rdisc=0.915, norm=0.201
REGINN:CGLS::k=36: rdisc=0.911, norm=0.213
REGINN:CGLS::k=37: rdisc=0.908, norm=0.226
REGINN:CGLS::k=38: rdisc=0.895, norm=0.271
REGINN:CGLS::Safeguarding: λ=0.580 ⇒ rdisc=0.899
REGINN:CGLS::Target discrepancy reached after 38 iterations.
REGINN::i=20: rdisc=0.00551, rnorm=0.734, rerr=0.934
REGINN::-3.70 ≤ estimate ≤ 1.79
REGINN::
REGINN::Solving linear problem using rtol=0.904 and max_iter=74
REGINN:CGLS::k=0 : rdisc=1.00, norm=0.00
REGINN:CGLS::k=1 : rdisc=0.996, norm=0.000687
REGINN:CGLS::k=2 : rdisc=0.989, norm=0.00270
REGINN:CGLS::k=3 : rdisc=0.982, norm=0.00510
REGINN:CGLS::k=4 : rdisc=0.980, norm=0.00606
REGINN:CGLS::k=5 : rdisc=0.974, norm=0.00962
REGINN:CGLS::k=6 : rdisc=0.971, norm=0.0114
REGINN:CGLS::k=7 : rdisc=0.971, norm=0.0120
REGINN:CGLS::k=8 : rdisc=0.967, norm=0.0152
REGINN:CGLS::k=9 : rdisc=0.963, norm=0.0196
REGINN:CGLS::k=10: rdisc=0.960, norm=0.0236
REGINN:CGLS::k=11: rdisc=0.959, norm=0.0251
REGINN:CGLS::k=12: rdisc=0.958, norm=0.0266
REGINN:CGLS::k=13: rdisc=0.956, norm=0.0295
REGINN:CGLS::k=14: rdisc=0.953, norm=0.0334
REGINN:CGLS::k=15: rdisc=0.951, norm=0.0370
REGINN:CGLS::k=16: rdisc=0.949, norm=0.0408
REGINN:CGLS::k=17: rdisc=0.948, norm=0.0418
REGINN:CGLS::k=18: rdisc=0.946, norm=0.0465
REGINN:CGLS::k=19: rdisc=0.944, norm=0.0498
REGINN:CGLS::k=20: rdisc=0.942, norm=0.0540
REGINN:CGLS::k=21: rdisc=0.941, norm=0.0554
REGINN:CGLS::k=22: rdisc=0.939, norm=0.0586
REGINN:CGLS::k=23: rdisc=0.938, norm=0.0620
REGINN:CGLS::k=24: rdisc=0.936, norm=0.0650
REGINN:CGLS::k=25: rdisc=0.933, norm=0.0725
REGINN:CGLS::k=26: rdisc=0.933, norm=0.0737
REGINN:CGLS::k=27: rdisc=0.930, norm=0.0800
REGINN:CGLS::k=28: rdisc=0.929, norm=0.0834
REGINN:CGLS::k=29: rdisc=0.927, norm=0.0874
REGINN:CGLS::k=30: rdisc=0.927, norm=0.0884
REGINN:CGLS::k=31: rdisc=0.926, norm=0.0917
REGINN:CGLS::k=32: rdisc=0.924, norm=0.0954
REGINN:CGLS::k=33: rdisc=0.923, norm=0.0994
REGINN:CGLS::k=34: rdisc=0.921, norm=0.106
REGINN:CGLS::k=35: rdisc=0.920, norm=0.107
REGINN:CGLS::k=36: rdisc=0.919, norm=0.112
REGINN:CGLS::k=37: rdisc=0.916, norm=0.121
REGINN:CGLS::k=38: rdisc=0.911, norm=0.134
REGINN:CGLS::k=39: rdisc=0.909, norm=0.142
REGINN:CGLS::k=40: rdisc=0.906, norm=0.152
REGINN:CGLS::k=41: rdisc=0.901, norm=0.169
REGINN:CGLS::Safeguarding: λ=0.710 ⇒ rdisc=0.904
REGINN:CGLS::Target discrepancy reached after 41 iterations.
REGINN::i=21: rdisc=0.00503, rnorm=0.736, rerr=0.930
REGINN::-3.68 ≤ estimate ≤ 1.79
REGINN::
REGINN::Solving linear problem using rtol=0.910 and max_iter=79
REGINN:CGLS::k=0 : rdisc=1.00, norm=0.00
REGINN:CGLS::k=1 : rdisc=0.998, norm=0.000430
REGINN:CGLS::k=2 : rdisc=0.995, norm=0.00151
REGINN:CGLS::k=3 : rdisc=0.990, norm=0.00349
REGINN:CGLS::k=4 : rdisc=0.988, norm=0.00445
REGINN:CGLS::k=5 : rdisc=0.986, norm=0.00584
REGINN:CGLS::k=6 : rdisc=0.985, norm=0.00646
REGINN:CGLS::k=7 : rdisc=0.984, norm=0.00736
REGINN:CGLS::k=8 : rdisc=0.982, norm=0.0101
REGINN:CGLS::k=9 : rdisc=0.979, norm=0.0137
REGINN:CGLS::k=10: rdisc=0.978, norm=0.0159
REGINN:CGLS::k=11: rdisc=0.977, norm=0.0169
REGINN:CGLS::k=12: rdisc=0.976, norm=0.0186
REGINN:CGLS::k=13: rdisc=0.974, norm=0.0219
REGINN:CGLS::k=14: rdisc=0.973, norm=0.0250
REGINN:CGLS::k=15: rdisc=0.970, norm=0.0298
REGINN:CGLS::k=16: rdisc=0.968, norm=0.0339
REGINN:CGLS::k=17: rdisc=0.968, norm=0.0349
REGINN:CGLS::k=18: rdisc=0.965, norm=0.0411
REGINN:CGLS::k=19: rdisc=0.964, norm=0.0444
REGINN:CGLS::k=20: rdisc=0.961, norm=0.0497
REGINN:CGLS::k=21: rdisc=0.960, norm=0.0524
REGINN:CGLS::k=22: rdisc=0.959, norm=0.0553
REGINN:CGLS::k=23: rdisc=0.958, norm=0.0578
REGINN:CGLS::k=24: rdisc=0.956, norm=0.0625
REGINN:CGLS::k=25: rdisc=0.954, norm=0.0686
REGINN:CGLS::k=26: rdisc=0.951, norm=0.0754
REGINN:CGLS::k=27: rdisc=0.949, norm=0.0816
REGINN:CGLS::k=28: rdisc=0.949, norm=0.0835
REGINN:CGLS::k=29: rdisc=0.947, norm=0.0867
REGINN:CGLS::k=30: rdisc=0.946, norm=0.0914
REGINN:CGLS::k=31: rdisc=0.945, norm=0.0941
REGINN:CGLS::k=32: rdisc=0.942, norm=0.103
REGINN:CGLS::k=33: rdisc=0.941, norm=0.105
REGINN:CGLS::k=34: rdisc=0.939, norm=0.111
REGINN:CGLS::k=35: rdisc=0.937, norm=0.117
REGINN:CGLS::k=36: rdisc=0.933, norm=0.130
REGINN:CGLS::k=37: rdisc=0.933, norm=0.131
REGINN:CGLS::k=38: rdisc=0.929, norm=0.143
REGINN:CGLS::k=39: rdisc=0.925, norm=0.157
REGINN:CGLS::k=40: rdisc=0.922, norm=0.169
REGINN:CGLS::k=41: rdisc=0.919, norm=0.178
REGINN:CGLS::k=42: rdisc=0.917, norm=0.186
REGINN:CGLS::k=43: rdisc=0.905, norm=0.227
REGINN:CGLS::Safeguarding: λ=0.623 ⇒ rdisc=0.910
REGINN:CGLS::Target discrepancy reached after 43 iterations.
REGINN::i=22: rdisc=0.00465, rnorm=0.739, rerr=0.926
REGINN::-3.69 ≤ estimate ≤ 1.82
REGINN::
REGINN::Solving linear problem using rtol=0.913 and max_iter=84
REGINN:CGLS::k=0 : rdisc=1.00, norm=0.00
REGINN:CGLS::k=1 : rdisc=0.997, norm=0.000630
REGINN:CGLS::k=2 : rdisc=0.993, norm=0.00192
REGINN:CGLS::k=3 : rdisc=0.988, norm=0.00357
REGINN:CGLS::k=4 : rdisc=0.986, norm=0.00452
REGINN:CGLS::k=5 : rdisc=0.981, norm=0.00683
REGINN:CGLS::k=6 : rdisc=0.979, norm=0.00884
REGINN:CGLS::k=7 : rdisc=0.978, norm=0.00938
REGINN:CGLS::k=8 : rdisc=0.974, norm=0.0126
REGINN:CGLS::k=9 : rdisc=0.971, norm=0.0158
REGINN:CGLS::k=10: rdisc=0.970, norm=0.0174
REGINN:CGLS::k=11: rdisc=0.968, norm=0.0200
REGINN:CGLS::k=12: rdisc=0.966, norm=0.0215
REGINN:CGLS::k=13: rdisc=0.965, norm=0.0232
REGINN:CGLS::k=14: rdisc=0.963, norm=0.0260
REGINN:CGLS::k=15: rdisc=0.961, norm=0.0296
REGINN:CGLS::k=16: rdisc=0.959, norm=0.0321
REGINN:CGLS::k=17: rdisc=0.958, norm=0.0332
REGINN:CGLS::k=18: rdisc=0.955, norm=0.0386
REGINN:CGLS::k=19: rdisc=0.953, norm=0.0419
REGINN:CGLS::k=20: rdisc=0.952, norm=0.0436
REGINN:CGLS::k=21: rdisc=0.951, norm=0.0455
REGINN:CGLS::k=22: rdisc=0.951, norm=0.0466
REGINN:CGLS::k=23: rdisc=0.949, norm=0.0497
REGINN:CGLS::k=24: rdisc=0.948, norm=0.0532
REGINN:CGLS::k=25: rdisc=0.945, norm=0.0593
REGINN:CGLS::k=26: rdisc=0.943, norm=0.0625
REGINN:CGLS::k=27: rdisc=0.942, norm=0.0645
REGINN:CGLS::k=28: rdisc=0.941, norm=0.0671
REGINN:CGLS::k=29: rdisc=0.939, norm=0.0714
REGINN:CGLS::k=30: rdisc=0.938, norm=0.0741
REGINN:CGLS::k=31: rdisc=0.937, norm=0.0766
REGINN:CGLS::k=32: rdisc=0.934, norm=0.0843
REGINN:CGLS::k=33: rdisc=0.934, norm=0.0851
REGINN:CGLS::k=34: rdisc=0.933, norm=0.0885
REGINN:CGLS::k=35: rdisc=0.931, norm=0.0943
REGINN:CGLS::k=36: rdisc=0.928, norm=0.102
REGINN:CGLS::k=37: rdisc=0.927, norm=0.104
REGINN:CGLS::k=38: rdisc=0.926, norm=0.108
REGINN:CGLS::k=39: rdisc=0.925, norm=0.111
REGINN:CGLS::k=40: rdisc=0.924, norm=0.114
REGINN:CGLS::k=41: rdisc=0.922, norm=0.119
REGINN:CGLS::k=42: rdisc=0.919, norm=0.127
REGINN:CGLS::k=43: rdisc=0.918, norm=0.131
REGINN:CGLS::k=44: rdisc=0.914, norm=0.143
REGINN:CGLS::k=45: rdisc=0.904, norm=0.178
REGINN:CGLS::Safeguarding: λ=0.943 ⇒ rdisc=0.913
REGINN:CGLS::Target discrepancy reached after 45 iterations.
REGINN::i=23: rdisc=0.00430, rnorm=0.741, rerr=0.923
REGINN::-3.68 ≤ estimate ≤ 1.83
REGINN::
REGINN::Solving linear problem using rtol=0.916 and max_iter=88
REGINN:CGLS::k=0 : rdisc=1.00, norm=0.00
REGINN:CGLS::k=1 : rdisc=0.998, norm=0.000390
REGINN:CGLS::k=2 : rdisc=0.995, norm=0.00127
REGINN:CGLS::k=3 : rdisc=0.992, norm=0.00245
REGINN:CGLS::k=4 : rdisc=0.989, norm=0.00376
REGINN:CGLS::k=5 : rdisc=0.987, norm=0.00497
REGINN:CGLS::k=6 : rdisc=0.985, norm=0.00668
REGINN:CGLS::k=7 : rdisc=0.985, norm=0.00703
REGINN:CGLS::k=8 : rdisc=0.983, norm=0.00878
REGINN:CGLS::k=9 : rdisc=0.980, norm=0.0117
REGINN:CGLS::k=10: rdisc=0.979, norm=0.0132
REGINN:CGLS::k=11: rdisc=0.977, norm=0.0158
REGINN:CGLS::k=12: rdisc=0.976, norm=0.0168
REGINN:CGLS::k=13: rdisc=0.976, norm=0.0175
REGINN:CGLS::k=14: rdisc=0.974, norm=0.0197
REGINN:CGLS::k=15: rdisc=0.973, norm=0.0222
REGINN:CGLS::k=16: rdisc=0.970, norm=0.0258
REGINN:CGLS::k=17: rdisc=0.968, norm=0.0311
REGINN:CGLS::k=18: rdisc=0.967, norm=0.0322
REGINN:CGLS::k=19: rdisc=0.965, norm=0.0366
REGINN:CGLS::k=20: rdisc=0.963, norm=0.0414
REGINN:CGLS::k=21: rdisc=0.962, norm=0.0430
REGINN:CGLS::k=22: rdisc=0.960, norm=0.0461
REGINN:CGLS::k=23: rdisc=0.959, norm=0.0489
REGINN:CGLS::k=24: rdisc=0.959, norm=0.0498
REGINN:CGLS::k=25: rdisc=0.956, norm=0.0550
REGINN:CGLS::k=26: rdisc=0.954, norm=0.0598
REGINN:CGLS::k=27: rdisc=0.953, norm=0.0628
REGINN:CGLS::k=28: rdisc=0.952, norm=0.0655
REGINN:CGLS::k=29: rdisc=0.952, norm=0.0666
REGINN:CGLS::k=30: rdisc=0.950, norm=0.0700
REGINN:CGLS::k=31: rdisc=0.947, norm=0.0784
REGINN:CGLS::k=32: rdisc=0.946, norm=0.0821
REGINN:CGLS::k=33: rdisc=0.945, norm=0.0833
REGINN:CGLS::k=34: rdisc=0.945, norm=0.0854
REGINN:CGLS::k=35: rdisc=0.943, norm=0.0887
REGINN:CGLS::k=36: rdisc=0.940, norm=0.0987
REGINN:CGLS::k=37: rdisc=0.937, norm=0.106
REGINN:CGLS::k=38: rdisc=0.937, norm=0.107
REGINN:CGLS::k=39: rdisc=0.935, norm=0.112
REGINN:CGLS::k=40: rdisc=0.934, norm=0.117
REGINN:CGLS::k=41: rdisc=0.932, norm=0.122
REGINN:CGLS::k=42: rdisc=0.930, norm=0.127
REGINN:CGLS::k=43: rdisc=0.929, norm=0.132
REGINN:CGLS::k=44: rdisc=0.927, norm=0.138
REGINN:CGLS::k=45: rdisc=0.918, norm=0.166
REGINN:CGLS::k=46: rdisc=0.914, norm=0.182
REGINN:CGLS::Safeguarding: λ=0.730 ⇒ rdisc=0.916
REGINN:CGLS::Target discrepancy reached after 46 iterations.
REGINN::i=24: rdisc=0.00402, rnorm=0.743, rerr=0.919
REGINN::-3.68 ≤ estimate ≤ 1.88
REGINN::
REGINN::Solving linear problem using rtol=0.917 and max_iter=91
REGINN:CGLS::k=0 : rdisc=1.00, norm=0.00
REGINN:CGLS::k=1 : rdisc=0.997, norm=0.000490
REGINN:CGLS::k=2 : rdisc=0.994, norm=0.00130
REGINN:CGLS::k=3 : rdisc=0.989, norm=0.00280
REGINN:CGLS::k=4 : rdisc=0.985, norm=0.00404
REGINN:CGLS::k=5 : rdisc=0.982, norm=0.00536
REGINN:CGLS::k=6 : rdisc=0.980, norm=0.00687
REGINN:CGLS::k=7 : rdisc=0.979, norm=0.00712
REGINN:CGLS::k=8 : rdisc=0.976, norm=0.0103
REGINN:CGLS::k=9 : rdisc=0.972, norm=0.0134
REGINN:CGLS::k=10: rdisc=0.970, norm=0.0157
REGINN:CGLS::k=11: rdisc=0.968, norm=0.0177
REGINN:CGLS::k=12: rdisc=0.968, norm=0.0182
REGINN:CGLS::k=13: rdisc=0.966, norm=0.0207
REGINN:CGLS::k=14: rdisc=0.965, norm=0.0226
REGINN:CGLS::k=15: rdisc=0.963, norm=0.0247
REGINN:CGLS::k=16: rdisc=0.961, norm=0.0279
REGINN:CGLS::k=17: rdisc=0.960, norm=0.0286
REGINN:CGLS::k=18: rdisc=0.958, norm=0.0322
REGINN:CGLS::k=19: rdisc=0.956, norm=0.0344
REGINN:CGLS::k=20: rdisc=0.955, norm=0.0365
REGINN:CGLS::k=21: rdisc=0.954, norm=0.0386
REGINN:CGLS::k=22: rdisc=0.953, norm=0.0399
REGINN:CGLS::k=23: rdisc=0.953, norm=0.0407
REGINN:CGLS::k=24: rdisc=0.952, norm=0.0424
REGINN:CGLS::k=25: rdisc=0.949, norm=0.0487
REGINN:CGLS::k=26: rdisc=0.946, norm=0.0536
REGINN:CGLS::k=27: rdisc=0.946, norm=0.0542
REGINN:CGLS::k=28: rdisc=0.944, norm=0.0593
REGINN:CGLS::k=29: rdisc=0.942, norm=0.0621
REGINN:CGLS::k=30: rdisc=0.941, norm=0.0641
REGINN:CGLS::k=31: rdisc=0.940, norm=0.0674
REGINN:CGLS::k=32: rdisc=0.940, norm=0.0683
REGINN:CGLS::k=33: rdisc=0.938, norm=0.0711
REGINN:CGLS::k=34: rdisc=0.936, norm=0.0759
REGINN:CGLS::k=35: rdisc=0.935, norm=0.0791
REGINN:CGLS::k=36: rdisc=0.933, norm=0.0834
REGINN:CGLS::k=37: rdisc=0.933, norm=0.0842
REGINN:CGLS::k=38: rdisc=0.932, norm=0.0868
REGINN:CGLS::k=39: rdisc=0.931, norm=0.0889
REGINN:CGLS::k=40: rdisc=0.930, norm=0.0935
REGINN:CGLS::k=41: rdisc=0.929, norm=0.0956
REGINN:CGLS::k=42: rdisc=0.928, norm=0.0971
REGINN:CGLS::k=43: rdisc=0.927, norm=0.102
REGINN:CGLS::k=44: rdisc=0.925, norm=0.107
REGINN:CGLS::k=45: rdisc=0.923, norm=0.112
REGINN:CGLS::k=46: rdisc=0.923, norm=0.113
REGINN:CGLS::k=47: rdisc=0.920, norm=0.122
REGINN:CGLS::k=48: rdisc=0.918, norm=0.127
REGINN:CGLS::k=49: rdisc=0.912, norm=0.148
REGINN:CGLS::Safeguarding: λ=0.909 ⇒ rdisc=0.917
REGINN:CGLS::Target discrepancy reached after 49 iterations.
REGINN::i=25: rdisc=0.00373, rnorm=0.745, rerr=0.916
REGINN::-3.67 ≤ estimate ≤ 1.90
REGINN::
REGINN::Solving linear problem using rtol=0.921 and max_iter=95
REGINN:CGLS::k=0 : rdisc=1.00, norm=0.00
REGINN:CGLS::k=1 : rdisc=0.999, norm=0.000251
REGINN:CGLS::k=2 : rdisc=0.995, norm=0.00147
REGINN:CGLS::k=3 : rdisc=0.992, norm=0.00281
REGINN:CGLS::k=4 : rdisc=0.991, norm=0.00340
REGINN:CGLS::k=5 : rdisc=0.989, norm=0.00444
REGINN:CGLS::k=6 : rdisc=0.987, norm=0.00529
REGINN:CGLS::k=7 : rdisc=0.987, norm=0.00561
REGINN:CGLS::k=8 : rdisc=0.985, norm=0.00710
REGINN:CGLS::k=9 : rdisc=0.983, norm=0.00994
REGINN:CGLS::k=10: rdisc=0.981, norm=0.0121
REGINN:CGLS::k=11: rdisc=0.980, norm=0.0133
REGINN:CGLS::k=12: rdisc=0.980, norm=0.0141
REGINN:CGLS::k=13: rdisc=0.979, norm=0.0154
REGINN:CGLS::k=14: rdisc=0.977, norm=0.0172
REGINN:CGLS::k=15: rdisc=0.976, norm=0.0199
REGINN:CGLS::k=16: rdisc=0.974, norm=0.0219
REGINN:CGLS::k=17: rdisc=0.973, norm=0.0239
REGINN:CGLS::k=18: rdisc=0.972, norm=0.0263
REGINN:CGLS::k=19: rdisc=0.970, norm=0.0293
REGINN:CGLS::k=20: rdisc=0.968, norm=0.0338
REGINN:CGLS::k=21: rdisc=0.967, norm=0.0352
REGINN:CGLS::k=22: rdisc=0.966, norm=0.0383
REGINN:CGLS::k=23: rdisc=0.965, norm=0.0391
REGINN:CGLS::k=24: rdisc=0.964, norm=0.0410
REGINN:CGLS::k=25: rdisc=0.962, norm=0.0450
REGINN:CGLS::k=26: rdisc=0.960, norm=0.0495
REGINN:CGLS::k=27: rdisc=0.960, norm=0.0502
REGINN:CGLS::k=28: rdisc=0.958, norm=0.0542
REGINN:CGLS::k=29: rdisc=0.957, norm=0.0563
REGINN:CGLS::k=30: rdisc=0.957, norm=0.0581
REGINN:CGLS::k=31: rdisc=0.955, norm=0.0611
REGINN:CGLS::k=32: rdisc=0.954, norm=0.0657
REGINN:CGLS::k=33: rdisc=0.952, norm=0.0692
REGINN:CGLS::k=34: rdisc=0.952, norm=0.0699
REGINN:CGLS::k=35: rdisc=0.950, norm=0.0741
REGINN:CGLS::k=36: rdisc=0.948, norm=0.0791
REGINN:CGLS::k=37: rdisc=0.947, norm=0.0842
REGINN:CGLS::k=38: rdisc=0.946, norm=0.0863
REGINN:CGLS::k=39: rdisc=0.945, norm=0.0880
REGINN:CGLS::k=40: rdisc=0.943, norm=0.0930
REGINN:CGLS::k=41: rdisc=0.941, norm=0.0993
REGINN:CGLS::k=42: rdisc=0.940, norm=0.103
REGINN:CGLS::k=43: rdisc=0.939, norm=0.106
REGINN:CGLS::k=44: rdisc=0.938, norm=0.109
REGINN:CGLS::k=45: rdisc=0.936, norm=0.113
REGINN:CGLS::k=46: rdisc=0.934, norm=0.120
REGINN:CGLS::k=47: rdisc=0.930, norm=0.132
REGINN:CGLS::k=48: rdisc=0.928, norm=0.138
REGINN:CGLS::k=49: rdisc=0.927, norm=0.143
REGINN:CGLS::k=50: rdisc=0.921, norm=0.162
REGINN:CGLS::Safeguarding: λ=0.223 ⇒ rdisc=0.921
REGINN:CGLS::Target discrepancy reached after 50 iterations.
REGINN::i=26: rdisc=0.00352, rnorm=0.747, rerr=0.913
REGINN::-3.66 ≤ estimate ≤ 1.95
REGINN::
REGINN::Solving linear problem using rtol=0.922 and max_iter=99
REGINN:CGLS::k=0 : rdisc=1.00, norm=0.00
REGINN:CGLS::k=1 : rdisc=0.997, norm=0.000330
REGINN:CGLS::k=2 : rdisc=0.994, norm=0.000929
REGINN:CGLS::k=3 : rdisc=0.989, norm=0.00249
REGINN:CGLS::k=4 : rdisc=0.984, norm=0.00414
REGINN:CGLS::k=5 : rdisc=0.981, norm=0.00538
REGINN:CGLS::k=6 : rdisc=0.980, norm=0.00603
REGINN:CGLS::k=7 : rdisc=0.978, norm=0.00695
REGINN:CGLS::k=8 : rdisc=0.975, norm=0.00934
REGINN:CGLS::k=9 : rdisc=0.972, norm=0.0109
REGINN:CGLS::k=10: rdisc=0.971, norm=0.0124
REGINN:CGLS::k=11: rdisc=0.970, norm=0.0130
REGINN:CGLS::k=12: rdisc=0.969, norm=0.0138
REGINN:CGLS::k=13: rdisc=0.968, norm=0.0153
REGINN:CGLS::k=14: rdisc=0.966, norm=0.0172
REGINN:CGLS::k=15: rdisc=0.964, norm=0.0195
REGINN:CGLS::k=16: rdisc=0.962, norm=0.0212
REGINN:CGLS::k=17: rdisc=0.962, norm=0.0216
REGINN:CGLS::k=18: rdisc=0.960, norm=0.0242
REGINN:CGLS::k=19: rdisc=0.958, norm=0.0271
REGINN:CGLS::k=20: rdisc=0.957, norm=0.0282
REGINN:CGLS::k=21: rdisc=0.956, norm=0.0303
REGINN:CGLS::k=22: rdisc=0.955, norm=0.0315
REGINN:CGLS::k=23: rdisc=0.954, norm=0.0332
REGINN:CGLS::k=24: rdisc=0.953, norm=0.0356
REGINN:CGLS::k=25: rdisc=0.951, norm=0.0384
REGINN:CGLS::k=26: rdisc=0.949, norm=0.0419
REGINN:CGLS::k=27: rdisc=0.948, norm=0.0430
REGINN:CGLS::k=28: rdisc=0.948, norm=0.0448
REGINN:CGLS::k=29: rdisc=0.947, norm=0.0467
REGINN:CGLS::k=30: rdisc=0.946, norm=0.0483
REGINN:CGLS::k=31: rdisc=0.944, norm=0.0522
REGINN:CGLS::k=32: rdisc=0.942, norm=0.0566
REGINN:CGLS::k=33: rdisc=0.941, norm=0.0591
REGINN:CGLS::k=34: rdisc=0.940, norm=0.0604
REGINN:CGLS::k=35: rdisc=0.938, norm=0.0641
REGINN:CGLS::k=36: rdisc=0.937, norm=0.0671
REGINN:CGLS::k=37: rdisc=0.937, norm=0.0685
REGINN:CGLS::k=38: rdisc=0.936, norm=0.0706
REGINN:CGLS::k=39: rdisc=0.935, norm=0.0719
REGINN:CGLS::k=40: rdisc=0.934, norm=0.0744
REGINN:CGLS::k=41: rdisc=0.933, norm=0.0772
REGINN:CGLS::k=42: rdisc=0.932, norm=0.0798
REGINN:CGLS::k=43: rdisc=0.932, norm=0.0810
REGINN:CGLS::k=44: rdisc=0.931, norm=0.0827
REGINN:CGLS::k=45: rdisc=0.929, norm=0.0876
REGINN:CGLS::k=46: rdisc=0.928, norm=0.0902
REGINN:CGLS::k=47: rdisc=0.927, norm=0.0934
REGINN:CGLS::k=48: rdisc=0.927, norm=0.0944
REGINN:CGLS::k=49: rdisc=0.926, norm=0.0956
REGINN:CGLS::k=50: rdisc=0.924, norm=0.101
REGINN:CGLS::k=51: rdisc=0.921, norm=0.111
REGINN:CGLS::Safeguarding: λ=0.510 ⇒ rdisc=0.922
REGINN:CGLS::Target discrepancy reached after 51 iterations.
REGINN::i=27: rdisc=0.00327, rnorm=0.749, rerr=0.911
REGINN::-3.66 ≤ estimate ≤ 1.98
REGINN::
REGINN::Solving linear problem using rtol=0.922 and max_iter=101
REGINN:CGLS::k=0 : rdisc=1.00, norm=0.00
REGINN:CGLS::k=1 : rdisc=1.00, norm=0.000137
REGINN:CGLS::k=2 : rdisc=0.998, norm=0.000752
REGINN:CGLS::k=3 : rdisc=0.995, norm=0.00209
REGINN:CGLS::k=4 : rdisc=0.994, norm=0.00265
REGINN:CGLS::k=5 : rdisc=0.993, norm=0.00370
REGINN:CGLS::k=6 : rdisc=0.992, norm=0.00418
REGINN:CGLS::k=7 : rdisc=0.991, norm=0.00501
REGINN:CGLS::k=8 : rdisc=0.990, norm=0.00677
REGINN:CGLS::k=9 : rdisc=0.989, norm=0.00828
REGINN:CGLS::k=10: rdisc=0.987, norm=0.0102
REGINN:CGLS::k=11: rdisc=0.987, norm=0.0106
REGINN:CGLS::k=12: rdisc=0.986, norm=0.0119
REGINN:CGLS::k=13: rdisc=0.985, norm=0.0133
REGINN:CGLS::k=14: rdisc=0.984, norm=0.0147
REGINN:CGLS::k=15: rdisc=0.982, norm=0.0178
REGINN:CGLS::k=16: rdisc=0.981, norm=0.0198
REGINN:CGLS::k=17: rdisc=0.980, norm=0.0209
REGINN:CGLS::k=18: rdisc=0.979, norm=0.0232
REGINN:CGLS::k=19: rdisc=0.978, norm=0.0256
REGINN:CGLS::k=20: rdisc=0.976, norm=0.0291
REGINN:CGLS::k=21: rdisc=0.975, norm=0.0308
REGINN:CGLS::k=22: rdisc=0.974, norm=0.0330
REGINN:CGLS::k=23: rdisc=0.974, norm=0.0338
REGINN:CGLS::k=24: rdisc=0.973, norm=0.0358
REGINN:CGLS::k=25: rdisc=0.972, norm=0.0381
REGINN:CGLS::k=26: rdisc=0.970, norm=0.0413
REGINN:CGLS::k=27: rdisc=0.970, norm=0.0419
REGINN:CGLS::k=28: rdisc=0.968, norm=0.0450
REGINN:CGLS::k=29: rdisc=0.967, norm=0.0481
REGINN:CGLS::k=30: rdisc=0.966, norm=0.0515
REGINN:CGLS::k=31: rdisc=0.965, norm=0.0543
REGINN:CGLS::k=32: rdisc=0.964, norm=0.0555
REGINN:CGLS::k=33: rdisc=0.963, norm=0.0569
REGINN:CGLS::k=34: rdisc=0.962, norm=0.0593
REGINN:CGLS::k=35: rdisc=0.961, norm=0.0630
REGINN:CGLS::k=36: rdisc=0.959, norm=0.0675
REGINN:CGLS::k=37: rdisc=0.958, norm=0.0706
REGINN:CGLS::k=38: rdisc=0.957, norm=0.0726
REGINN:CGLS::k=39: rdisc=0.956, norm=0.0776
REGINN:CGLS::k=40: rdisc=0.955, norm=0.0790
REGINN:CGLS::k=41: rdisc=0.954, norm=0.0834
REGINN:CGLS::k=42: rdisc=0.953, norm=0.0861
REGINN:CGLS::k=43: rdisc=0.952, norm=0.0884
REGINN:CGLS::k=44: rdisc=0.950, norm=0.0933
REGINN:CGLS::k=45: rdisc=0.949, norm=0.0975
REGINN:CGLS::k=46: rdisc=0.946, norm=0.104
REGINN:CGLS::k=47: rdisc=0.946, norm=0.107
REGINN:CGLS::k=48: rdisc=0.943, norm=0.113
REGINN:CGLS::k=49: rdisc=0.943, norm=0.115
REGINN:CGLS::k=50: rdisc=0.938, norm=0.129
REGINN:CGLS::k=51: rdisc=0.934, norm=0.141
REGINN:CGLS::k=52: rdisc=0.928, norm=0.163
REGINN:CGLS::k=53: rdisc=0.927, norm=0.167
REGINN:CGLS::k=54: rdisc=0.919, norm=0.192
REGINN:CGLS::Safeguarding: λ=0.661 ⇒ rdisc=0.922
REGINN:CGLS::Target discrepancy reached after 54 iterations.
REGINN::i=28: rdisc=0.00309, rnorm=0.752, rerr=0.908
REGINN::-3.64 ≤ estimate ≤ 2.06
REGINN::
REGINN::Solving linear problem using rtol=0.926 and max_iter=105
REGINN:CGLS::k=0 : rdisc=1.00, norm=0.00
REGINN:CGLS::k=1 : rdisc=0.997, norm=0.000328
REGINN:CGLS::k=2 : rdisc=0.993, norm=0.000913
REGINN:CGLS::k=3 : rdisc=0.987, norm=0.00248
REGINN:CGLS::k=4 : rdisc=0.982, norm=0.00375
REGINN:CGLS::k=5 : rdisc=0.978, norm=0.00518
REGINN:CGLS::k=6 : rdisc=0.976, norm=0.00572
REGINN:CGLS::k=7 : rdisc=0.975, norm=0.00612
REGINN:CGLS::k=8 : rdisc=0.971, norm=0.00812
REGINN:CGLS::k=9 : rdisc=0.968, norm=0.0106
REGINN:CGLS::k=10: rdisc=0.967, norm=0.0112
REGINN:CGLS::k=11: rdisc=0.966, norm=0.0121
REGINN:CGLS::k=12: rdisc=0.964, norm=0.0132
REGINN:CGLS::k=13: rdisc=0.963, norm=0.0144
REGINN:CGLS::k=14: rdisc=0.962, norm=0.0154
REGINN:CGLS::k=15: rdisc=0.960, norm=0.0167
REGINN:CGLS::k=16: rdisc=0.959, norm=0.0177
REGINN:CGLS::k=17: rdisc=0.959, norm=0.0187
REGINN:CGLS::k=18: rdisc=0.957, norm=0.0207
REGINN:CGLS::k=19: rdisc=0.955, norm=0.0231
REGINN:CGLS::k=20: rdisc=0.953, norm=0.0253
REGINN:CGLS::k=21: rdisc=0.953, norm=0.0262
REGINN:CGLS::k=22: rdisc=0.952, norm=0.0268
REGINN:CGLS::k=23: rdisc=0.950, norm=0.0295
REGINN:CGLS::k=24: rdisc=0.949, norm=0.0315
REGINN:CGLS::k=25: rdisc=0.948, norm=0.0332
REGINN:CGLS::k=26: rdisc=0.948, norm=0.0335
REGINN:CGLS::k=27: rdisc=0.947, norm=0.0354
REGINN:CGLS::k=28: rdisc=0.945, norm=0.0377
REGINN:CGLS::k=29: rdisc=0.944, norm=0.0396
REGINN:CGLS::k=30: rdisc=0.943, norm=0.0409
REGINN:CGLS::k=31: rdisc=0.942, norm=0.0429
REGINN:CGLS::k=32: rdisc=0.941, norm=0.0445
REGINN:CGLS::k=33: rdisc=0.940, norm=0.0475
REGINN:CGLS::k=34: rdisc=0.939, norm=0.0493
REGINN:CGLS::k=35: rdisc=0.938, norm=0.0513
REGINN:CGLS::k=36: rdisc=0.937, norm=0.0535
REGINN:CGLS::k=37: rdisc=0.937, norm=0.0538
REGINN:CGLS::k=38: rdisc=0.936, norm=0.0560
REGINN:CGLS::k=39: rdisc=0.935, norm=0.0572
REGINN:CGLS::k=40: rdisc=0.934, norm=0.0599
REGINN:CGLS::k=41: rdisc=0.932, norm=0.0632
REGINN:CGLS::k=42: rdisc=0.932, norm=0.0640
REGINN:CGLS::k=43: rdisc=0.931, norm=0.0658
REGINN:CGLS::k=44: rdisc=0.930, norm=0.0689
REGINN:CGLS::k=45: rdisc=0.929, norm=0.0705
REGINN:CGLS::k=46: rdisc=0.928, norm=0.0731
REGINN:CGLS::k=47: rdisc=0.928, norm=0.0735
REGINN:CGLS::k=48: rdisc=0.927, norm=0.0760
REGINN:CGLS::k=49: rdisc=0.927, norm=0.0770
REGINN:CGLS::k=50: rdisc=0.926, norm=0.0793
REGINN:CGLS::Safeguarding: λ=0.160 ⇒ rdisc=0.926
REGINN:CGLS::Target discrepancy reached after 50 iterations.
REGINN::Saving current residual in ./step-0029/
REGINN::Saving current estimate in ./step-0029/
REGINN::i=29: rdisc=0.00288, rnorm=0.753, rerr=0.906
REGINN::-3.63 ≤ estimate ≤ 2.08
REGINN::
REGINN::Solving linear problem using rtol=0.832 and max_iter=104
REGINN:CGLS::k=0 : rdisc=1.00, norm=0.00
REGINN:CGLS::k=1 : rdisc=1.00, norm=7.96e-05
REGINN:CGLS::k=2 : rdisc=0.999, norm=0.000509
REGINN:CGLS::k=3 : rdisc=0.998, norm=0.00102
REGINN:CGLS::k=4 : rdisc=0.997, norm=0.00149
REGINN:CGLS::k=5 : rdisc=0.997, norm=0.00215
REGINN:CGLS::k=6 : rdisc=0.996, norm=0.00238
REGINN:CGLS::k=7 : rdisc=0.996, norm=0.00296
REGINN:CGLS::k=8 : rdisc=0.995, norm=0.00413
REGINN:CGLS::k=9 : rdisc=0.994, norm=0.00585
REGINN:CGLS::k=10: rdisc=0.993, norm=0.00732
REGINN:CGLS::k=11: rdisc=0.993, norm=0.00766
REGINN:CGLS::k=12: rdisc=0.992, norm=0.00846
REGINN:CGLS::k=13: rdisc=0.991, norm=0.0102
REGINN:CGLS::k=14: rdisc=0.990, norm=0.0115
REGINN:CGLS::k=15: rdisc=0.989, norm=0.0136
REGINN:CGLS::k=16: rdisc=0.988, norm=0.0154
REGINN:CGLS::k=17: rdisc=0.988, norm=0.0161
REGINN:CGLS::k=18: rdisc=0.987, norm=0.0189
REGINN:CGLS::k=19: rdisc=0.986, norm=0.0205
REGINN:CGLS::k=20: rdisc=0.984, norm=0.0236
REGINN:CGLS::k=21: rdisc=0.984, norm=0.0251
REGINN:CGLS::k=22: rdisc=0.983, norm=0.0262
REGINN:CGLS::k=23: rdisc=0.983, norm=0.0273
REGINN:CGLS::k=24: rdisc=0.982, norm=0.0287
REGINN:CGLS::k=25: rdisc=0.981, norm=0.0307
REGINN:CGLS::k=26: rdisc=0.980, norm=0.0340
REGINN:CGLS::k=27: rdisc=0.980, norm=0.0346
REGINN:CGLS::k=28: rdisc=0.978, norm=0.0382
REGINN:CGLS::k=29: rdisc=0.977, norm=0.0409
REGINN:CGLS::k=30: rdisc=0.976, norm=0.0444
REGINN:CGLS::k=31: rdisc=0.975, norm=0.0466
REGINN:CGLS::k=32: rdisc=0.974, norm=0.0480
REGINN:CGLS::k=33: rdisc=0.973, norm=0.0513
REGINN:CGLS::k=34: rdisc=0.972, norm=0.0541
REGINN:CGLS::k=35: rdisc=0.971, norm=0.0567
REGINN:CGLS::k=36: rdisc=0.970, norm=0.0597
REGINN:CGLS::k=37: rdisc=0.970, norm=0.0603
REGINN:CGLS::k=38: rdisc=0.968, norm=0.0651
REGINN:CGLS::k=39: rdisc=0.967, norm=0.0691
REGINN:CGLS::k=40: rdisc=0.966, norm=0.0701
REGINN:CGLS::k=41: rdisc=0.965, norm=0.0731
REGINN:CGLS::k=42: rdisc=0.965, norm=0.0750
REGINN:CGLS::k=43: rdisc=0.964, norm=0.0781
REGINN:CGLS::k=44: rdisc=0.962, norm=0.0831
REGINN:CGLS::k=45: rdisc=0.960, norm=0.0895
REGINN:CGLS::k=46: rdisc=0.959, norm=0.0908
REGINN:CGLS::k=47: rdisc=0.958, norm=0.0938
REGINN:CGLS::k=48: rdisc=0.957, norm=0.0994
REGINN:CGLS::k=49: rdisc=0.956, norm=0.102
REGINN:CGLS::k=50: rdisc=0.954, norm=0.109
REGINN:CGLS::k=51: rdisc=0.951, norm=0.116
REGINN:CGLS::k=52: rdisc=0.949, norm=0.124
REGINN:CGLS::k=53: rdisc=0.944, norm=0.138
REGINN:CGLS::k=54: rdisc=0.938, norm=0.159
REGINN:CGLS::k=55: rdisc=0.933, norm=0.176
REGINN:CGLS::k=56: rdisc=0.929, norm=0.188
REGINN:CGLS::k=57: rdisc=0.923, norm=0.211
REGINN:CGLS::k=58: rdisc=0.920, norm=0.219
REGINN:CGLS::k=59: rdisc=0.916, norm=0.232
REGINN:CGLS::k=60: rdisc=0.906, norm=0.267
REGINN:CGLS::k=61: rdisc=0.891, norm=0.317
REGINN:CGLS::k=62: rdisc=0.890, norm=0.320
REGINN:CGLS::k=63: rdisc=0.887, norm=0.331
REGINN:CGLS::k=64: rdisc=0.883, norm=0.344
REGINN:CGLS::k=65: rdisc=0.880, norm=0.352
REGINN:CGLS::k=66: rdisc=0.874, norm=0.371
REGINN:CGLS::k=67: rdisc=0.873, norm=0.376
REGINN:CGLS::k=68: rdisc=0.866, norm=0.398
REGINN:CGLS::k=69: rdisc=0.860, norm=0.417
REGINN:CGLS::k=70: rdisc=0.855, norm=0.435
REGINN:CGLS::k=71: rdisc=0.848, norm=0.455
REGINN:CGLS::k=72: rdisc=0.847, norm=0.459
REGINN:CGLS::k=73: rdisc=0.845, norm=0.467
REGINN:CGLS::k=74: rdisc=0.843, norm=0.474
REGINN:CGLS::k=75: rdisc=0.838, norm=0.488
REGINN:CGLS::k=76: rdisc=0.835, norm=0.497
REGINN:CGLS::k=77: rdisc=0.831, norm=0.510
REGINN:CGLS::Safeguarding: λ=0.548 ⇒ rdisc=0.832
REGINN:CGLS::Target discrepancy reached after 77 iterations.
REGINN::i=30: rdisc=0.00309, rnorm=0.766, rerr=0.899
REGINN::-3.57 ≤ estimate ≤ 2.32
REGINN::
REGINN::Solving linear problem using rtol=0.890 and max_iter=127
REGINN:CGLS::k=0 : rdisc=1.00, norm=0.00
REGINN:CGLS::k=1 : rdisc=0.965, norm=0.000911
REGINN:CGLS::k=2 : rdisc=0.937, norm=0.00218
REGINN:CGLS::k=3 : rdisc=0.905, norm=0.00466
REGINN:CGLS::k=4 : rdisc=0.848, norm=0.0103
REGINN:CGLS::Safeguarding: λ=0.854 ⇒ rdisc=0.890
REGINN:CGLS::Target discrepancy reached after 4 iterations.
REGINN::i=31: rdisc=0.00276, rnorm=0.766, rerr=0.898
REGINN::-3.57 ≤ estimate ≤ 2.32
REGINN::
REGINN::Solving linear problem using rtol=0.800 and max_iter=81
REGINN:CGLS::k=0 : rdisc=1.00, norm=0.00
REGINN:CGLS::k=1 : rdisc=0.983, norm=0.00114
REGINN:CGLS::k=2 : rdisc=0.977, norm=0.00173
REGINN:CGLS::k=3 : rdisc=0.964, norm=0.00313
REGINN:CGLS::k=4 : rdisc=0.925, norm=0.00860
REGINN:CGLS::k=5 : rdisc=0.917, norm=0.00989
REGINN:CGLS::k=6 : rdisc=0.899, norm=0.0133
REGINN:CGLS::k=7 : rdisc=0.896, norm=0.0139
REGINN:CGLS::k=8 : rdisc=0.886, norm=0.0164
REGINN:CGLS::k=9 : rdisc=0.879, norm=0.0182
REGINN:CGLS::k=10: rdisc=0.875, norm=0.0196
REGINN:CGLS::k=11: rdisc=0.871, norm=0.0208
REGINN:CGLS::k=12: rdisc=0.871, norm=0.0210
REGINN:CGLS::k=13: rdisc=0.869, norm=0.0216
REGINN:CGLS::k=14: rdisc=0.865, norm=0.0231
REGINN:CGLS::k=15: rdisc=0.861, norm=0.0249
REGINN:CGLS::k=16: rdisc=0.859, norm=0.0261
REGINN:CGLS::k=17: rdisc=0.857, norm=0.0269
REGINN:CGLS::k=18: rdisc=0.854, norm=0.0282
REGINN:CGLS::k=19: rdisc=0.851, norm=0.0301
REGINN:CGLS::k=20: rdisc=0.850, norm=0.0309
REGINN:CGLS::k=21: rdisc=0.849, norm=0.0315
REGINN:CGLS::k=22: rdisc=0.848, norm=0.0320
REGINN:CGLS::k=23: rdisc=0.846, norm=0.0331
REGINN:CGLS::k=24: rdisc=0.844, norm=0.0347
REGINN:CGLS::k=25: rdisc=0.839, norm=0.0386
REGINN:CGLS::k=26: rdisc=0.838, norm=0.0393
REGINN:CGLS::k=27: rdisc=0.837, norm=0.0405
REGINN:CGLS::k=28: rdisc=0.835, norm=0.0415
REGINN:CGLS::k=29: rdisc=0.833, norm=0.0435
REGINN:CGLS::k=30: rdisc=0.832, norm=0.0452
REGINN:CGLS::k=31: rdisc=0.831, norm=0.0456
REGINN:CGLS::k=32: rdisc=0.830, norm=0.0465
REGINN:CGLS::k=33: rdisc=0.828, norm=0.0486
REGINN:CGLS::k=34: rdisc=0.827, norm=0.0497
REGINN:CGLS::k=35: rdisc=0.825, norm=0.0522
REGINN:CGLS::k=36: rdisc=0.824, norm=0.0524
REGINN:CGLS::k=37: rdisc=0.823, norm=0.0539
REGINN:CGLS::k=38: rdisc=0.822, norm=0.0547
REGINN:CGLS::k=39: rdisc=0.821, norm=0.0565
REGINN:CGLS::k=40: rdisc=0.821, norm=0.0568
REGINN:CGLS::k=41: rdisc=0.820, norm=0.0574
REGINN:CGLS::k=42: rdisc=0.820, norm=0.0580
REGINN:CGLS::k=43: rdisc=0.819, norm=0.0594
REGINN:CGLS::k=44: rdisc=0.818, norm=0.0604
REGINN:CGLS::k=45: rdisc=0.817, norm=0.0617
REGINN:CGLS::k=46: rdisc=0.817, norm=0.0619
REGINN:CGLS::k=47: rdisc=0.816, norm=0.0626
REGINN:CGLS::k=48: rdisc=0.816, norm=0.0636
REGINN:CGLS::k=49: rdisc=0.815, norm=0.0643
REGINN:CGLS::k=50: rdisc=0.815, norm=0.0647
REGINN:CGLS::k=51: rdisc=0.814, norm=0.0654
REGINN:CGLS::k=52: rdisc=0.814, norm=0.0659
REGINN:CGLS::k=53: rdisc=0.813, norm=0.0674
REGINN:CGLS::k=54: rdisc=0.812, norm=0.0686
REGINN:CGLS::k=55: rdisc=0.812, norm=0.0700
REGINN:CGLS::k=56: rdisc=0.811, norm=0.0703
REGINN:CGLS::k=57: rdisc=0.811, norm=0.0709
REGINN:CGLS::k=58: rdisc=0.811, norm=0.0716
REGINN:CGLS::k=59: rdisc=0.810, norm=0.0722
REGINN:CGLS::k=60: rdisc=0.810, norm=0.0733
REGINN:CGLS::k=61: rdisc=0.809, norm=0.0739
REGINN:CGLS::k=62: rdisc=0.809, norm=0.0747
REGINN:CGLS::k=63: rdisc=0.808, norm=0.0761
REGINN:CGLS::k=64: rdisc=0.808, norm=0.0769
REGINN:CGLS::k=65: rdisc=0.807, norm=0.0788
REGINN:CGLS::k=66: rdisc=0.807, norm=0.0792
REGINN:CGLS::k=67: rdisc=0.806, norm=0.0801
REGINN:CGLS::k=68: rdisc=0.806, norm=0.0808
REGINN:CGLS::k=69: rdisc=0.806, norm=0.0817
REGINN:CGLS::k=70: rdisc=0.805, norm=0.0836
REGINN:CGLS::k=71: rdisc=0.805, norm=0.0839
REGINN:CGLS::k=72: rdisc=0.804, norm=0.0858
REGINN:CGLS::k=73: rdisc=0.803, norm=0.0884
REGINN:CGLS::k=74: rdisc=0.803, norm=0.0894
REGINN:CGLS::k=75: rdisc=0.802, norm=0.0905
REGINN:CGLS::k=76: rdisc=0.802, norm=0.0913
REGINN:CGLS::k=77: rdisc=0.802, norm=0.0920
REGINN:CGLS::k=78: rdisc=0.801, norm=0.0945
REGINN:CGLS::k=79: rdisc=0.799, norm=0.0982
REGINN:CGLS::Safeguarding: λ=0.894 ⇒ rdisc=0.800
REGINN:CGLS::Target discrepancy reached after 79 iterations.
REGINN::i=32: rdisc=0.00223, rnorm=0.765, rerr=0.897
REGINN::-3.54 ≤ estimate ≤ 2.30
REGINN::
REGINN::Solving linear problem using rtol=0.894 and max_iter=83
REGINN:CGLS::k=0 : rdisc=1.00, norm=0.00
REGINN:CGLS::k=1 : rdisc=0.999, norm=0.000140
REGINN:CGLS::k=2 : rdisc=0.998, norm=0.000283
REGINN:CGLS::k=3 : rdisc=0.997, norm=0.000580
REGINN:CGLS::k=4 : rdisc=0.996, norm=0.00100
REGINN:CGLS::k=5 : rdisc=0.995, norm=0.00171
REGINN:CGLS::k=6 : rdisc=0.994, norm=0.00192
REGINN:CGLS::k=7 : rdisc=0.993, norm=0.00291
REGINN:CGLS::k=8 : rdisc=0.991, norm=0.00390
REGINN:CGLS::k=9 : rdisc=0.990, norm=0.00549
REGINN:CGLS::k=10: rdisc=0.989, norm=0.00592
REGINN:CGLS::k=11: rdisc=0.989, norm=0.00614
REGINN:CGLS::k=12: rdisc=0.988, norm=0.00702
REGINN:CGLS::k=13: rdisc=0.987, norm=0.00769
REGINN:CGLS::k=14: rdisc=0.987, norm=0.00825
REGINN:CGLS::k=15: rdisc=0.986, norm=0.00908
REGINN:CGLS::k=16: rdisc=0.985, norm=0.0100
REGINN:CGLS::k=17: rdisc=0.985, norm=0.0103
REGINN:CGLS::k=18: rdisc=0.985, norm=0.0106
REGINN:CGLS::k=19: rdisc=0.984, norm=0.0117
REGINN:CGLS::k=20: rdisc=0.983, norm=0.0125
REGINN:CGLS::k=21: rdisc=0.983, norm=0.0131
REGINN:CGLS::k=22: rdisc=0.983, norm=0.0134
REGINN:CGLS::k=23: rdisc=0.982, norm=0.0147
REGINN:CGLS::k=24: rdisc=0.982, norm=0.0154
REGINN:CGLS::k=25: rdisc=0.981, norm=0.0160
REGINN:CGLS::k=26: rdisc=0.981, norm=0.0166
REGINN:CGLS::k=27: rdisc=0.981, norm=0.0169
REGINN:CGLS::k=28: rdisc=0.980, norm=0.0179
REGINN:CGLS::k=29: rdisc=0.979, norm=0.0196
REGINN:CGLS::k=30: rdisc=0.979, norm=0.0204
REGINN:CGLS::k=31: rdisc=0.979, norm=0.0208
REGINN:CGLS::k=32: rdisc=0.978, norm=0.0226
REGINN:CGLS::k=33: rdisc=0.978, norm=0.0232
REGINN:CGLS::k=34: rdisc=0.977, norm=0.0241
REGINN:CGLS::k=35: rdisc=0.977, norm=0.0246
REGINN:CGLS::k=36: rdisc=0.977, norm=0.0255
REGINN:CGLS::k=37: rdisc=0.976, norm=0.0265
REGINN:CGLS::k=38: rdisc=0.976, norm=0.0277
REGINN:CGLS::k=39: rdisc=0.975, norm=0.0289
REGINN:CGLS::k=40: rdisc=0.975, norm=0.0296
REGINN:CGLS::k=41: rdisc=0.974, norm=0.0316
REGINN:CGLS::k=42: rdisc=0.974, norm=0.0325
REGINN:CGLS::k=43: rdisc=0.973, norm=0.0347
REGINN:CGLS::k=44: rdisc=0.973, norm=0.0355
REGINN:CGLS::k=45: rdisc=0.972, norm=0.0368
REGINN:CGLS::k=46: rdisc=0.971, norm=0.0405
REGINN:CGLS::k=47: rdisc=0.970, norm=0.0431
REGINN:CGLS::k=48: rdisc=0.970, norm=0.0435
REGINN:CGLS::k=49: rdisc=0.969, norm=0.0452
REGINN:CGLS::k=50: rdisc=0.969, norm=0.0464
REGINN:CGLS::k=51: rdisc=0.968, norm=0.0477
REGINN:CGLS::k=52: rdisc=0.968, norm=0.0491
REGINN:CGLS::k=53: rdisc=0.968, norm=0.0495
REGINN:CGLS::k=54: rdisc=0.967, norm=0.0511
REGINN:CGLS::k=55: rdisc=0.966, norm=0.0536
REGINN:CGLS::k=56: rdisc=0.965, norm=0.0574
REGINN:CGLS::k=57: rdisc=0.965, norm=0.0579
REGINN:CGLS::k=58: rdisc=0.964, norm=0.0600
REGINN:CGLS::k=59: rdisc=0.963, norm=0.0628
REGINN:CGLS::k=60: rdisc=0.963, norm=0.0650
REGINN:CGLS::k=61: rdisc=0.962, norm=0.0682
REGINN:CGLS::k=62: rdisc=0.962, norm=0.0689
REGINN:CGLS::k=63: rdisc=0.961, norm=0.0703
REGINN:CGLS::k=64: rdisc=0.960, norm=0.0740
REGINN:CGLS::k=65: rdisc=0.959, norm=0.0758
REGINN:CGLS::k=66: rdisc=0.959, norm=0.0784
REGINN:CGLS::k=67: rdisc=0.958, norm=0.0796
REGINN:CGLS::k=68: rdisc=0.957, norm=0.0827
REGINN:CGLS::k=69: rdisc=0.956, norm=0.0862
REGINN:CGLS::k=70: rdisc=0.955, norm=0.0896
REGINN:CGLS::k=71: rdisc=0.955, norm=0.0911
REGINN:CGLS::k=72: rdisc=0.954, norm=0.0951
REGINN:CGLS::k=73: rdisc=0.953, norm=0.0994
REGINN:CGLS::k=74: rdisc=0.952, norm=0.101
REGINN:CGLS::k=75: rdisc=0.952, norm=0.103
REGINN:CGLS::k=76: rdisc=0.951, norm=0.105
REGINN:CGLS::k=77: rdisc=0.950, norm=0.109
REGINN:CGLS::k=78: rdisc=0.948, norm=0.116
REGINN:CGLS::k=79: rdisc=0.947, norm=0.118
REGINN:CGLS::k=80: rdisc=0.946, norm=0.125
REGINN:CGLS::k=81: rdisc=0.945, norm=0.129
REGINN:CGLS::k=82: rdisc=0.942, norm=0.138
REGINN:CGLS::k=83: rdisc=0.941, norm=0.142
REGINN:CGLS::Unsuccessful termination after 83 iterations!
REGINN::Linear solver did not achieve desired discrepancy due to max_iter.
REGINN::i=33: rdisc=0.00214, rnorm=0.766, rerr=0.894
REGINN::-3.49 ≤ estimate ≤ 2.28
REGINN::
REGINN::Solving linear problem using rtol=0.935 and max_iter=162
REGINN:CGLS::k=0 : rdisc=1.00, norm=0.00
REGINN:CGLS::k=1 : rdisc=0.997, norm=0.000179
REGINN:CGLS::k=2 : rdisc=0.995, norm=0.000472
REGINN:CGLS::k=3 : rdisc=0.993, norm=0.000875
REGINN:CGLS::k=4 : rdisc=0.990, norm=0.00173
REGINN:CGLS::k=5 : rdisc=0.987, norm=0.00255
REGINN:CGLS::k=6 : rdisc=0.986, norm=0.00277
REGINN:CGLS::k=7 : rdisc=0.984, norm=0.00365
REGINN:CGLS::k=8 : rdisc=0.982, norm=0.00452
REGINN:CGLS::k=9 : rdisc=0.981, norm=0.00547
REGINN:CGLS::k=10: rdisc=0.980, norm=0.00562
REGINN:CGLS::k=11: rdisc=0.980, norm=0.00616
REGINN:CGLS::k=12: rdisc=0.979, norm=0.00655
REGINN:CGLS::k=13: rdisc=0.978, norm=0.00710
REGINN:CGLS::k=14: rdisc=0.977, norm=0.00771
REGINN:CGLS::k=15: rdisc=0.976, norm=0.00867
REGINN:CGLS::k=16: rdisc=0.976, norm=0.00882
REGINN:CGLS::k=17: rdisc=0.975, norm=0.00975
REGINN:CGLS::k=18: rdisc=0.974, norm=0.0110
REGINN:CGLS::k=19: rdisc=0.973, norm=0.0122
REGINN:CGLS::k=20: rdisc=0.973, norm=0.0127
REGINN:CGLS::k=21: rdisc=0.972, norm=0.0133
REGINN:CGLS::k=22: rdisc=0.971, norm=0.0140
REGINN:CGLS::k=23: rdisc=0.971, norm=0.0148
REGINN:CGLS::k=24: rdisc=0.970, norm=0.0160
REGINN:CGLS::k=25: rdisc=0.969, norm=0.0172
REGINN:CGLS::k=26: rdisc=0.969, norm=0.0176
REGINN:CGLS::k=27: rdisc=0.968, norm=0.0190
REGINN:CGLS::k=28: rdisc=0.967, norm=0.0197
REGINN:CGLS::k=29: rdisc=0.967, norm=0.0206
REGINN:CGLS::k=30: rdisc=0.966, norm=0.0212
REGINN:CGLS::k=31: rdisc=0.966, norm=0.0218
REGINN:CGLS::k=32: rdisc=0.966, norm=0.0223
REGINN:CGLS::k=33: rdisc=0.965, norm=0.0231
REGINN:CGLS::k=34: rdisc=0.964, norm=0.0247
REGINN:CGLS::k=35: rdisc=0.963, norm=0.0262
REGINN:CGLS::k=36: rdisc=0.963, norm=0.0263
REGINN:CGLS::k=37: rdisc=0.963, norm=0.0270
REGINN:CGLS::k=38: rdisc=0.962, norm=0.0279
REGINN:CGLS::k=39: rdisc=0.962, norm=0.0289
REGINN:CGLS::k=40: rdisc=0.961, norm=0.0299
REGINN:CGLS::k=41: rdisc=0.961, norm=0.0308
REGINN:CGLS::k=42: rdisc=0.961, norm=0.0310
REGINN:CGLS::k=43: rdisc=0.960, norm=0.0325
REGINN:CGLS::k=44: rdisc=0.959, norm=0.0341
REGINN:CGLS::k=45: rdisc=0.959, norm=0.0347
REGINN:CGLS::k=46: rdisc=0.959, norm=0.0357
REGINN:CGLS::k=47: rdisc=0.959, norm=0.0360
REGINN:CGLS::k=48: rdisc=0.958, norm=0.0380
REGINN:CGLS::k=49: rdisc=0.957, norm=0.0402
REGINN:CGLS::k=50: rdisc=0.956, norm=0.0421
REGINN:CGLS::k=51: rdisc=0.956, norm=0.0424
REGINN:CGLS::k=52: rdisc=0.956, norm=0.0429
REGINN:CGLS::k=53: rdisc=0.955, norm=0.0442
REGINN:CGLS::k=54: rdisc=0.955, norm=0.0452
REGINN:CGLS::k=55: rdisc=0.954, norm=0.0466
REGINN:CGLS::k=56: rdisc=0.954, norm=0.0468
REGINN:CGLS::k=57: rdisc=0.954, norm=0.0480
REGINN:CGLS::k=58: rdisc=0.953, norm=0.0488
REGINN:CGLS::k=59: rdisc=0.953, norm=0.0501
REGINN:CGLS::k=60: rdisc=0.953, norm=0.0509
REGINN:CGLS::k=61: rdisc=0.952, norm=0.0515
REGINN:CGLS::k=62: rdisc=0.952, norm=0.0520
REGINN:CGLS::k=63: rdisc=0.952, norm=0.0532
REGINN:CGLS::k=64: rdisc=0.951, norm=0.0549
REGINN:CGLS::k=65: rdisc=0.951, norm=0.0556
REGINN:CGLS::k=66: rdisc=0.951, norm=0.0566
REGINN:CGLS::k=67: rdisc=0.950, norm=0.0577
REGINN:CGLS::k=68: rdisc=0.950, norm=0.0595
REGINN:CGLS::k=69: rdisc=0.949, norm=0.0601
REGINN:CGLS::k=70: rdisc=0.949, norm=0.0607
REGINN:CGLS::k=71: rdisc=0.949, norm=0.0617
REGINN:CGLS::k=72: rdisc=0.949, norm=0.0630
REGINN:CGLS::k=73: rdisc=0.948, norm=0.0649
REGINN:CGLS::k=74: rdisc=0.948, norm=0.0652
REGINN:CGLS::k=75: rdisc=0.947, norm=0.0673
REGINN:CGLS::k=76: rdisc=0.947, norm=0.0687
REGINN:CGLS::k=77: rdisc=0.946, norm=0.0721
REGINN:CGLS::k=78: rdisc=0.946, norm=0.0728
REGINN:CGLS::k=79: rdisc=0.945, norm=0.0738
REGINN:CGLS::k=80: rdisc=0.945, norm=0.0751
REGINN:CGLS::k=81: rdisc=0.944, norm=0.0771
REGINN:CGLS::k=82: rdisc=0.943, norm=0.0818
REGINN:CGLS::k=83: rdisc=0.943, norm=0.0823
REGINN:CGLS::k=84: rdisc=0.942, norm=0.0866
REGINN:CGLS::k=85: rdisc=0.940, norm=0.0917
REGINN:CGLS::k=86: rdisc=0.939, norm=0.0971
REGINN:CGLS::k=87: rdisc=0.938, norm=0.0985
REGINN:CGLS::k=88: rdisc=0.937, norm=0.103
REGINN:CGLS::k=89: rdisc=0.936, norm=0.110
REGINN:CGLS::k=90: rdisc=0.935, norm=0.113
REGINN:CGLS::Safeguarding: λ=0.679 ⇒ rdisc=0.935
REGINN:CGLS::Target discrepancy reached after 90 iterations.
REGINN::i=34: rdisc=0.00202, rnorm=0.767, rerr=0.892
REGINN::-3.46 ≤ estimate ≤ 2.28
REGINN::
REGINN::Solving linear problem using rtol=0.987 and max_iter=173
REGINN:CGLS::k=0 : rdisc=1.00, norm=0.00
REGINN:CGLS::k=1 : rdisc=0.999, norm=0.000118
REGINN:CGLS::k=2 : rdisc=0.998, norm=0.000350
REGINN:CGLS::k=3 : rdisc=0.996, norm=0.000757
REGINN:CGLS::k=4 : rdisc=0.994, norm=0.00149
REGINN:CGLS::k=5 : rdisc=0.992, norm=0.00213
REGINN:CGLS::k=6 : rdisc=0.991, norm=0.00272
REGINN:CGLS::k=7 : rdisc=0.990, norm=0.00309
REGINN:CGLS::k=8 : rdisc=0.988, norm=0.00438
REGINN:CGLS::k=9 : rdisc=0.986, norm=0.00529
REGINN:CGLS::Safeguarding: λ=0.625 ⇒ rdisc=0.987
REGINN:CGLS::Target discrepancy reached after 9 iterations.
REGINN::i=35: rdisc=0.00200, rnorm=0.767, rerr=0.892
REGINN::-3.46 ≤ estimate ≤ 2.28
REGINN::
REGINN::Saving current residual in ./step-0035/
REGINN::Saving current estimate in ./step-0035/
REGINN::Target discrepancy reached after 35 iterations.
REGINN::-3.46 ≤ estimate ≤ 2.28
Relative error of the reconstruction: 0.233
stats::forward              : 37 calls, average 3.57 s per call
stats::linearization forward: 1059 calls, average 2.67 s per call
stats::linearization adjoint: 1059 calls, average 2.98 s per call
stats::measure forward      : 1096 calls, average 0.00144 s per call
stats::measure adjoint      : 1059 calls, average 0.00150 s per call
stats::total wall time      : 113min 57s
