JobId thies-laptop Wed Feb 21 17:05:44 2018
wavepi d9cee4f5-dirty
Debug-Build, compiled on 2018-02-21T16:05:28Z from commit d9cee4f5291ccb9ee87b655f00f87c34ba56206c ("rewrite configs to work again") on branch master

working directory was dirty, git status: 
 M examples/c_transform_log.cfg
 M lib/SettingsManager.cpp
?? examples/c_measurements.cfg
?? examples/c_measurements/
?? examples/c_transform_log/

initialize_mesh::Number of active cells: 256
initialize_mesh::Number of degrees of freedom in the first spatial mesh: 289
initialize_mesh::cell diameters: minimal = 0.707, maximal = 0.707
initialize_mesh::dt: 0.0472
initialize_mesh::expected size of a DiscretizedFunction<dim>: 0.282 MiB
parameters:LogTransform::lower bound: 0.0
parameters:WaveEquation::theta: 0.5
parameters:WaveEquation::tol: 1e-8
parameters:constraints::lower bound: 0.1
parameters:constraints::upper bound: 1e300
parameters:general::dimension: 2
parameters:general::finite element degree: 1
parameters:general::quadrature order: 3
parameters:inversion::method: REGINN
parameters:inversion::tau: 2
parameters:log::console depth: 2
parameters:log::file: wavepi.log
parameters:log::file depth: 4
parameters:mesh::end time: 6
parameters:mesh::initial refines: 4
parameters:mesh::initial time steps: 128
parameters:output::data: true
parameters:output::destination: ./step-{{i}}/
parameters:output::discrepancy decrease: 0.5
parameters:output::estimate: true
parameters:output::estimate transformed: false
parameters:output::exact: true
parameters:output::exact transformed: false
parameters:output::interval: 50
parameters:output::last: true
parameters:output::residual: true
parameters:output::statistics: history
parameters:problem::H1L2 alpha: 0.5
parameters:problem::H2L2 alpha: 0.5
parameters:problem::H2L2 beta: 0.25
parameters:problem::constants: 
parameters:problem::epsilon: 1e-3
parameters:problem::initial guess: 1.0
parameters:problem::norm of codomain: L2L2
parameters:problem::norm of domain: H1L2
parameters:problem::parameter a: 1.0
parameters:problem::parameter c: 1.5
parameters:problem::parameter nu: 0.0
parameters:problem::parameter q: 0.0
parameters:problem::transform: Identity
parameters:problem::type: c
parameters:watchdog::discrepancy increasing: false
parameters:watchdog::discrepancy slope min values: 40
parameters:watchdog::discrepancy slope percentage: 0.25
parameters:watchdog::discrepancy slope threshold: 0.0
parameters:watchdog::discrepancy threshold: 10.0
parameters:watchdog::maximum iteration count: 0
REGINN::Saving exact parameter in ./step-0000/
REGINN::Saving data in ./step-0000/
REGINN::Saving current residual in ./step-0000/
REGINN::Saving current estimate in ./step-0000/
REGINN::i=0 : rdisc=0.332, rnorm=0.667, rerr=0.333
REGINN::1.00 ≤ estimate ≤ 1.00
REGINN::Solving linear problem using rtol=0.900 and max_iter=1
REGINN:CGLS::k=0 : rdisc=1.00, norm=0.00
REGINN:CGLS::k=1 : rdisc=0.627, norm=0.427
REGINN:CGLS::Safeguarding: λ=0.829 ⇒ rdisc=0.900
REGINN:CGLS::Target discrepancy reached after 1 iteration.
REGINN::i=1 : rdisc=0.309, rnorm=0.667, rerr=0.333
REGINN::0.978 ≤ estimate ≤ 1.07
REGINN::
REGINN::Solving linear problem using rtol=0.900 and max_iter=2
REGINN:CGLS::k=0 : rdisc=1.00, norm=0.00
REGINN:CGLS::k=1 : rdisc=0.648, norm=0.400
REGINN:CGLS::Safeguarding: λ=0.820 ⇒ rdisc=0.900
REGINN:CGLS::Target discrepancy reached after 1 iteration.
REGINN::i=2 : rdisc=0.287, rnorm=0.667, rerr=0.333
REGINN::0.957 ≤ estimate ≤ 1.15
REGINN::
REGINN::Solving linear problem using rtol=0.854 and max_iter=2
REGINN:CGLS::k=0 : rdisc=1.00, norm=0.00
REGINN:CGLS::k=1 : rdisc=0.669, norm=0.375
REGINN:CGLS::Safeguarding: λ=0.714 ⇒ rdisc=0.854
REGINN:CGLS::Target discrepancy reached after 1 iteration.
REGINN::i=3 : rdisc=0.256, rnorm=0.667, rerr=0.333
REGINN::0.926 ≤ estimate ≤ 1.28
REGINN::
REGINN::Solving linear problem using rtol=0.811 and max_iter=2
REGINN:CGLS::k=0 : rdisc=1.00, norm=0.00
REGINN:CGLS::k=1 : rdisc=0.697, norm=0.345
REGINN:CGLS::Safeguarding: λ=0.576 ⇒ rdisc=0.811
REGINN:CGLS::Target discrepancy reached after 1 iteration.
REGINN::i=4 : rdisc=0.220, rnorm=0.668, rerr=0.333
REGINN::0.884 ≤ estimate ≤ 1.46
REGINN::
REGINN::Solving linear problem using rtol=0.769 and max_iter=2
REGINN:CGLS::k=0 : rdisc=1.00, norm=0.00
REGINN:CGLS::k=1 : rdisc=0.721, norm=0.325
REGINN:CGLS::Safeguarding: λ=0.386 ⇒ rdisc=0.769
REGINN:CGLS::Target discrepancy reached after 1 iteration.
REGINN::i=5 : rdisc=0.181, rnorm=0.669, rerr=0.332
REGINN::0.829 ≤ estimate ≤ 1.69
REGINN::
REGINN::Solving linear problem using rtol=0.730 and max_iter=2
REGINN:CGLS::k=0 : rdisc=1.00, norm=0.00
REGINN:CGLS::k=1 : rdisc=0.785, norm=0.266
REGINN:CGLS::k=2 : rdisc=0.742, norm=0.318
REGINN:CGLS::Unsuccessful termination after 2 iterations!
REGINN::Linear solver did not achieve desired discrepancy due to max_iter.
REGINN::Saving current residual in ./step-0006/
REGINN::Saving current estimate in ./step-0006/
REGINN::i=6 : rdisc=0.138, rnorm=0.670, rerr=0.332
REGINN::0.776 ≤ estimate ≤ 1.95
REGINN::
REGINN::Solving linear problem using rtol=0.693 and max_iter=3
REGINN:CGLS::k=0 : rdisc=1.00, norm=0.00
REGINN:CGLS::k=1 : rdisc=0.927, norm=0.0796
REGINN:CGLS::k=2 : rdisc=0.799, norm=0.252
REGINN:CGLS::k=3 : rdisc=0.686, norm=0.411
REGINN:CGLS::Safeguarding: λ=0.242 ⇒ rdisc=0.693
REGINN:CGLS::Target discrepancy reached after 3 iterations.
REGINN::i=7 : rdisc=0.105, rnorm=0.671, rerr=0.332
REGINN::0.769 ≤ estimate ≤ 2.06
REGINN::
REGINN::Solving linear problem using rtol=0.658 and max_iter=5
REGINN:CGLS::k=0 : rdisc=1.00, norm=0.00
REGINN:CGLS::k=1 : rdisc=0.929, norm=0.0533
REGINN:CGLS::k=2 : rdisc=0.848, norm=0.143
REGINN:CGLS::k=3 : rdisc=0.620, norm=0.422
REGINN:CGLS::Safeguarding: λ=0.378 ⇒ rdisc=0.658
REGINN:CGLS::Target discrepancy reached after 3 iterations.
REGINN::i=8 : rdisc=0.0790, rnorm=0.672, rerr=0.332
REGINN::0.771 ≤ estimate ≤ 1.99
REGINN::
REGINN::Solving linear problem using rtol=0.624 and max_iter=6
REGINN:CGLS::k=0 : rdisc=1.00, norm=0.00
REGINN:CGLS::k=1 : rdisc=0.950, norm=0.0375
REGINN:CGLS::k=2 : rdisc=0.882, norm=0.106
REGINN:CGLS::k=3 : rdisc=0.679, norm=0.329
REGINN:CGLS::k=4 : rdisc=0.607, norm=0.402
REGINN:CGLS::Safeguarding: λ=0.475 ⇒ rdisc=0.624
REGINN:CGLS::Target discrepancy reached after 4 iterations.
REGINN::Saving current residual in ./step-0009/
REGINN::Saving current estimate in ./step-0009/
REGINN::i=9 : rdisc=0.0563, rnorm=0.674, rerr=0.333
REGINN::0.711 ≤ estimate ≤ 2.10
REGINN::
REGINN::Solving linear problem using rtol=0.592 and max_iter=7
REGINN:CGLS::k=0 : rdisc=1.00, norm=0.00
REGINN:CGLS::k=1 : rdisc=0.946, norm=0.0293
REGINN:CGLS::k=2 : rdisc=0.916, norm=0.0503
REGINN:CGLS::k=3 : rdisc=0.827, norm=0.144
REGINN:CGLS::k=4 : rdisc=0.702, norm=0.277
REGINN:CGLS::k=5 : rdisc=0.631, norm=0.352
REGINN:CGLS::k=6 : rdisc=0.569, norm=0.420
REGINN:CGLS::Safeguarding: λ=0.603 ⇒ rdisc=0.592
REGINN:CGLS::Target discrepancy reached after 6 iterations.
REGINN::i=10: rdisc=0.0415, rnorm=0.676, rerr=0.332
REGINN::0.690 ≤ estimate ≤ 2.21
REGINN::
REGINN::Solving linear problem using rtol=0.562 and max_iter=10
REGINN:CGLS::k=0 : rdisc=1.00, norm=0.00
REGINN:CGLS::k=1 : rdisc=0.911, norm=0.0271
REGINN:CGLS::k=2 : rdisc=0.878, norm=0.0394
REGINN:CGLS::k=3 : rdisc=0.845, norm=0.0605
REGINN:CGLS::k=4 : rdisc=0.813, norm=0.0900
REGINN:CGLS::k=5 : rdisc=0.747, norm=0.167
REGINN:CGLS::k=6 : rdisc=0.631, norm=0.314
REGINN:CGLS::k=7 : rdisc=0.611, norm=0.337
REGINN:CGLS::k=8 : rdisc=0.562, norm=0.396
REGINN:CGLS::Safeguarding: λ=0.0410 ⇒ rdisc=0.562
REGINN:CGLS::Target discrepancy reached after 8 iterations.
REGINN::i=11: rdisc=0.0305, rnorm=0.679, rerr=0.331
REGINN::0.716 ≤ estimate ≤ 2.22
REGINN::
REGINN::Solving linear problem using rtol=0.671 and max_iter=14
REGINN:CGLS::k=0 : rdisc=1.00, norm=0.00
REGINN:CGLS::k=1 : rdisc=0.889, norm=0.0230
REGINN:CGLS::k=2 : rdisc=0.843, norm=0.0344
REGINN:CGLS::k=3 : rdisc=0.815, norm=0.0452
REGINN:CGLS::k=4 : rdisc=0.793, norm=0.0577
REGINN:CGLS::k=5 : rdisc=0.769, norm=0.0774
REGINN:CGLS::k=6 : rdisc=0.714, norm=0.139
REGINN:CGLS::k=7 : rdisc=0.693, norm=0.164
REGINN:CGLS::k=8 : rdisc=0.598, norm=0.282
REGINN:CGLS::Safeguarding: λ=0.867 ⇒ rdisc=0.671
REGINN:CGLS::Target discrepancy reached after 8 iterations.
REGINN::Saving current residual in ./step-0012/
REGINN::Saving current estimate in ./step-0012/
REGINN::i=12: rdisc=0.0227, rnorm=0.679, rerr=0.331
REGINN::0.740 ≤ estimate ≤ 2.19
REGINN::
REGINN::Solving linear problem using rtol=0.670 and max_iter=16
REGINN:CGLS::k=0 : rdisc=1.00, norm=0.00
REGINN:CGLS::k=1 : rdisc=0.939, norm=0.0178
REGINN:CGLS::k=2 : rdisc=0.925, norm=0.0224
REGINN:CGLS::k=3 : rdisc=0.916, norm=0.0264
REGINN:CGLS::k=4 : rdisc=0.889, norm=0.0477
REGINN:CGLS::k=5 : rdisc=0.785, norm=0.157
REGINN:CGLS::k=6 : rdisc=0.719, norm=0.224
REGINN:CGLS::k=7 : rdisc=0.642, norm=0.296
REGINN:CGLS::Safeguarding: λ=0.593 ⇒ rdisc=0.670
REGINN:CGLS::Target discrepancy reached after 7 iterations.
REGINN::i=13: rdisc=0.0192, rnorm=0.681, rerr=0.331
REGINN::0.686 ≤ estimate ≤ 2.25
REGINN::
REGINN::Solving linear problem using rtol=0.636 and max_iter=15
REGINN:CGLS::k=0 : rdisc=1.00, norm=0.00
REGINN:CGLS::k=1 : rdisc=0.887, norm=0.0177
REGINN:CGLS::k=2 : rdisc=0.845, norm=0.0250
REGINN:CGLS::k=3 : rdisc=0.832, norm=0.0278
REGINN:CGLS::k=4 : rdisc=0.820, norm=0.0326
REGINN:CGLS::k=5 : rdisc=0.807, norm=0.0413
REGINN:CGLS::k=6 : rdisc=0.766, norm=0.0803
REGINN:CGLS::k=7 : rdisc=0.729, norm=0.122
REGINN:CGLS::k=8 : rdisc=0.684, norm=0.171
REGINN:CGLS::k=9 : rdisc=0.625, norm=0.233
REGINN:CGLS::Safeguarding: λ=0.417 ⇒ rdisc=0.636
REGINN:CGLS::Target discrepancy reached after 9 iterations.
REGINN::i=14: rdisc=0.0175, rnorm=0.681, rerr=0.331
REGINN::0.628 ≤ estimate ≤ 2.33
REGINN::
REGINN::Solving linear problem using rtol=0.716 and max_iter=16
REGINN:CGLS::k=0 : rdisc=1.00, norm=0.00
REGINN:CGLS::k=1 : rdisc=0.819, norm=0.0215
REGINN:CGLS::k=2 : rdisc=0.764, norm=0.0283
REGINN:CGLS::k=3 : rdisc=0.743, norm=0.0316
REGINN:CGLS::k=4 : rdisc=0.729, norm=0.0348
REGINN:CGLS::k=5 : rdisc=0.724, norm=0.0366
REGINN:CGLS::k=6 : rdisc=0.712, norm=0.0439
REGINN:CGLS::Safeguarding: λ=0.605 ⇒ rdisc=0.716
REGINN:CGLS::Target discrepancy reached after 6 iterations.
REGINN::i=15: rdisc=0.0142, rnorm=0.681, rerr=0.331
REGINN::0.625 ≤ estimate ≤ 2.33
REGINN::
REGINN::Solving linear problem using rtol=0.680 and max_iter=15
REGINN:CGLS::k=0 : rdisc=1.00, norm=0.00
REGINN:CGLS::k=1 : rdisc=0.916, norm=0.0136
REGINN:CGLS::k=2 : rdisc=0.905, norm=0.0156
REGINN:CGLS::k=3 : rdisc=0.896, norm=0.0179
REGINN:CGLS::k=4 : rdisc=0.886, norm=0.0219
REGINN:CGLS::k=5 : rdisc=0.880, norm=0.0261
REGINN:CGLS::k=6 : rdisc=0.860, norm=0.0430
REGINN:CGLS::k=7 : rdisc=0.832, norm=0.0725
REGINN:CGLS::k=8 : rdisc=0.808, norm=0.0984
REGINN:CGLS::k=9 : rdisc=0.738, norm=0.175
REGINN:CGLS::k=10: rdisc=0.711, norm=0.203
REGINN:CGLS::k=11: rdisc=0.695, norm=0.220
REGINN:CGLS::k=12: rdisc=0.689, norm=0.226
REGINN:CGLS::k=13: rdisc=0.675, norm=0.241
REGINN:CGLS::Safeguarding: λ=0.589 ⇒ rdisc=0.680
REGINN:CGLS::Target discrepancy reached after 13 iterations.
REGINN::i=16: rdisc=0.0160, rnorm=0.683, rerr=0.331
REGINN::0.596 ≤ estimate ≤ 2.40
REGINN::
REGINN::Solving linear problem using rtol=0.851 and max_iter=19
REGINN:CGLS::k=0 : rdisc=1.00, norm=0.00
REGINN:CGLS::k=1 : rdisc=0.776, norm=0.0215
REGINN:CGLS::Safeguarding: λ=0.555 ⇒ rdisc=0.851
REGINN:CGLS::Target discrepancy reached after 1 iteration.
REGINN::i=17: rdisc=0.0146, rnorm=0.683, rerr=0.331
REGINN::0.596 ≤ estimate ≤ 2.40
REGINN::
REGINN::Solving linear problem using rtol=0.808 and max_iter=14
REGINN:CGLS::k=0 : rdisc=1.00, norm=0.00
REGINN:CGLS::k=1 : rdisc=0.751, norm=0.0249
REGINN:CGLS::Safeguarding: λ=0.451 ⇒ rdisc=0.808
REGINN:CGLS::Target discrepancy reached after 1 iteration.
REGINN::i=18: rdisc=0.0132, rnorm=0.682, rerr=0.331
REGINN::0.596 ≤ estimate ≤ 2.40
REGINN::
REGINN::Solving linear problem using rtol=0.767 and max_iter=2
REGINN:CGLS::k=0 : rdisc=1.00, norm=0.00
REGINN:CGLS::k=1 : rdisc=0.851, norm=0.0166
REGINN:CGLS::k=2 : rdisc=0.809, norm=0.0214
REGINN:CGLS::Unsuccessful termination after 2 iterations!
REGINN::Linear solver did not achieve desired discrepancy due to max_iter.
REGINN::i=19: rdisc=0.0116, rnorm=0.682, rerr=0.331
REGINN::0.596 ≤ estimate ≤ 2.40
REGINN::
REGINN::Solving linear problem using rtol=0.728 and max_iter=3
REGINN:CGLS::k=0 : rdisc=1.00, norm=0.00
REGINN:CGLS::k=1 : rdisc=0.959, norm=0.00507
REGINN:CGLS::k=2 : rdisc=0.901, norm=0.0149
REGINN:CGLS::k=3 : rdisc=0.885, norm=0.0183
REGINN:CGLS::Unsuccessful termination after 3 iterations!
REGINN::Linear solver did not achieve desired discrepancy due to max_iter.
REGINN::Saving current residual in ./step-0020/
REGINN::Saving current estimate in ./step-0020/
REGINN::i=20: rdisc=0.0109, rnorm=0.682, rerr=0.331
REGINN::0.595 ≤ estimate ≤ 2.40
REGINN::
REGINN::Solving linear problem using rtol=0.691 and max_iter=5
REGINN:CGLS::k=0 : rdisc=1.00, norm=0.00
REGINN:CGLS::k=1 : rdisc=0.976, norm=0.00317
REGINN:CGLS::k=2 : rdisc=0.957, norm=0.00760
REGINN:CGLS::k=3 : rdisc=0.937, norm=0.0139
REGINN:CGLS::k=4 : rdisc=0.926, norm=0.0184
REGINN:CGLS::k=5 : rdisc=0.921, norm=0.0210
REGINN:CGLS::Unsuccessful termination after 5 iterations!
REGINN::Linear solver did not achieve desired discrepancy due to max_iter.
REGINN::i=21: rdisc=0.0104, rnorm=0.682, rerr=0.331
REGINN::0.592 ≤ estimate ≤ 2.40
REGINN::
REGINN::Solving linear problem using rtol=0.655 and max_iter=8
REGINN:CGLS::k=0 : rdisc=1.00, norm=0.00
REGINN:CGLS::k=1 : rdisc=0.987, norm=0.00218
REGINN:CGLS::k=2 : rdisc=0.978, norm=0.00483
REGINN:CGLS::k=3 : rdisc=0.970, norm=0.00833
REGINN:CGLS::k=4 : rdisc=0.960, norm=0.0148
REGINN:CGLS::k=5 : rdisc=0.951, norm=0.0218
REGINN:CGLS::k=6 : rdisc=0.937, norm=0.0350
REGINN:CGLS::k=7 : rdisc=0.927, norm=0.0453
REGINN:CGLS::k=8 : rdisc=0.876, norm=0.0998
REGINN:CGLS::Unsuccessful termination after 8 iterations!
REGINN::Linear solver did not achieve desired discrepancy due to max_iter.
REGINN::i=22: rdisc=0.0103, rnorm=0.683, rerr=0.331
REGINN::0.588 ≤ estimate ≤ 2.42
REGINN::
REGINN::Solving linear problem using rtol=0.622 and max_iter=13
REGINN:CGLS::k=0 : rdisc=1.00, norm=0.00
REGINN:CGLS::k=1 : rdisc=0.910, norm=0.0102
REGINN:CGLS::k=2 : rdisc=0.896, norm=0.0119
REGINN:CGLS::k=3 : rdisc=0.884, norm=0.0142
REGINN:CGLS::k=4 : rdisc=0.875, norm=0.0167
REGINN:CGLS::k=5 : rdisc=0.871, norm=0.0185
REGINN:CGLS::k=6 : rdisc=0.865, norm=0.0219
REGINN:CGLS::k=7 : rdisc=0.840, norm=0.0477
REGINN:CGLS::k=8 : rdisc=0.817, norm=0.0733
REGINN:CGLS::k=9 : rdisc=0.782, norm=0.114
REGINN:CGLS::k=10: rdisc=0.746, norm=0.156
REGINN:CGLS::k=11: rdisc=0.679, norm=0.229
REGINN:CGLS::k=12: rdisc=0.655, norm=0.255
REGINN:CGLS::k=13: rdisc=0.646, norm=0.264
REGINN:CGLS::Unsuccessful termination after 13 iterations!
REGINN::Linear solver did not achieve desired discrepancy due to max_iter.
REGINN::i=23: rdisc=0.0122, rnorm=0.684, rerr=0.331
REGINN::0.594 ≤ estimate ≤ 2.46
REGINN::
REGINN::Solving linear problem using rtol=0.767 and max_iter=21
REGINN:CGLS::k=0 : rdisc=1.00, norm=0.00
REGINN:CGLS::k=1 : rdisc=0.730, norm=0.0167
REGINN:CGLS::Safeguarding: λ=0.344 ⇒ rdisc=0.767
REGINN:CGLS::Target discrepancy reached after 1 iteration.
REGINN::i=24: rdisc=0.0105, rnorm=0.684, rerr=0.331
REGINN::0.590 ≤ estimate ≤ 2.46
REGINN::
REGINN::Solving linear problem using rtol=0.728 and max_iter=14
REGINN:CGLS::k=0 : rdisc=1.00, norm=0.00
REGINN:CGLS::k=1 : rdisc=0.749, norm=0.0165
REGINN:CGLS::k=2 : rdisc=0.710, norm=0.0191
REGINN:CGLS::Safeguarding: λ=0.669 ⇒ rdisc=0.728
REGINN:CGLS::Target discrepancy reached after 2 iterations.
REGINN::i=25: rdisc=0.00868, rnorm=0.684, rerr=0.331
REGINN::0.591 ≤ estimate ≤ 2.46
REGINN::
REGINN::Solving linear problem using rtol=0.691 and max_iter=3
REGINN:CGLS::k=0 : rdisc=1.00, norm=0.00
REGINN:CGLS::k=1 : rdisc=0.914, norm=0.00682
REGINN:CGLS::k=2 : rdisc=0.847, norm=0.0128
REGINN:CGLS::k=3 : rdisc=0.817, norm=0.0165
REGINN:CGLS::Unsuccessful termination after 3 iterations!
REGINN::Linear solver did not achieve desired discrepancy due to max_iter.
REGINN::i=26: rdisc=0.00770, rnorm=0.684, rerr=0.331
REGINN::0.589 ≤ estimate ≤ 2.46
REGINN::
REGINN::Solving linear problem using rtol=0.655 and max_iter=5
REGINN:CGLS::k=0 : rdisc=1.00, norm=0.00
REGINN:CGLS::k=1 : rdisc=0.965, norm=0.00302
REGINN:CGLS::k=2 : rdisc=0.931, norm=0.00716
REGINN:CGLS::k=3 : rdisc=0.914, norm=0.0101
REGINN:CGLS::k=4 : rdisc=0.892, norm=0.0150
REGINN:CGLS::k=5 : rdisc=0.887, norm=0.0163
REGINN:CGLS::Unsuccessful termination after 5 iterations!
REGINN::Linear solver did not achieve desired discrepancy due to max_iter.
REGINN::i=27: rdisc=0.00718, rnorm=0.684, rerr=0.331
REGINN::0.588 ≤ estimate ≤ 2.45
REGINN::
REGINN::Solving linear problem using rtol=0.622 and max_iter=8
REGINN:CGLS::k=0 : rdisc=1.00, norm=0.00
REGINN:CGLS::k=1 : rdisc=0.980, norm=0.00196
REGINN:CGLS::k=2 : rdisc=0.963, norm=0.00457
REGINN:CGLS::k=3 : rdisc=0.957, norm=0.00603
REGINN:CGLS::k=4 : rdisc=0.944, norm=0.0111
REGINN:CGLS::k=5 : rdisc=0.937, norm=0.0144
REGINN:CGLS::k=6 : rdisc=0.929, norm=0.0194
REGINN:CGLS::k=7 : rdisc=0.923, norm=0.0235
REGINN:CGLS::k=8 : rdisc=0.907, norm=0.0354
REGINN:CGLS::Unsuccessful termination after 8 iterations!
REGINN::Linear solver did not achieve desired discrepancy due to max_iter.
REGINN::i=28: rdisc=0.00691, rnorm=0.684, rerr=0.331
REGINN::0.582 ≤ estimate ≤ 2.45
REGINN::
REGINN::Solving linear problem using rtol=0.590 and max_iter=13
REGINN:CGLS::k=0 : rdisc=1.00, norm=0.00
REGINN:CGLS::k=1 : rdisc=0.972, norm=0.00288
REGINN:CGLS::k=2 : rdisc=0.954, norm=0.00518
REGINN:CGLS::k=3 : rdisc=0.947, norm=0.00688
REGINN:CGLS::k=4 : rdisc=0.944, norm=0.00796
REGINN:CGLS::k=5 : rdisc=0.940, norm=0.00996
REGINN:CGLS::k=6 : rdisc=0.936, norm=0.0129
REGINN:CGLS::k=7 : rdisc=0.933, norm=0.0153
REGINN:CGLS::k=8 : rdisc=0.914, norm=0.0328
REGINN:CGLS::k=9 : rdisc=0.883, norm=0.0646
REGINN:CGLS::k=10: rdisc=0.867, norm=0.0800
REGINN:CGLS::k=11: rdisc=0.830, norm=0.117
REGINN:CGLS::k=12: rdisc=0.803, norm=0.143
REGINN:CGLS::k=13: rdisc=0.798, norm=0.148
REGINN:CGLS::Unsuccessful termination after 13 iterations!
REGINN::Linear solver did not achieve desired discrepancy due to max_iter.
REGINN::i=29: rdisc=0.00729, rnorm=0.684, rerr=0.331
REGINN::0.562 ≤ estimate ≤ 2.47
REGINN::
REGINN::Solving linear problem using rtol=0.747 and max_iter=21
REGINN:CGLS::k=0 : rdisc=1.00, norm=0.00
REGINN:CGLS::k=1 : rdisc=0.813, norm=0.00979
REGINN:CGLS::k=2 : rdisc=0.782, norm=0.0116
REGINN:CGLS::k=3 : rdisc=0.772, norm=0.0124
REGINN:CGLS::k=4 : rdisc=0.756, norm=0.0143
REGINN:CGLS::k=5 : rdisc=0.751, norm=0.0153
REGINN:CGLS::k=6 : rdisc=0.746, norm=0.0163
REGINN:CGLS::Safeguarding: λ=0.415 ⇒ rdisc=0.747
REGINN:CGLS::Target discrepancy reached after 6 iterations.
REGINN::i=30: rdisc=0.00605, rnorm=0.684, rerr=0.331
REGINN::0.559 ≤ estimate ≤ 2.47
REGINN::
REGINN::Solving linear problem using rtol=0.709 and max_iter=19
REGINN:CGLS::k=0 : rdisc=1.00, norm=0.00
REGINN:CGLS::k=1 : rdisc=0.944, norm=0.00357
REGINN:CGLS::k=2 : rdisc=0.913, norm=0.00597
REGINN:CGLS::k=3 : rdisc=0.908, norm=0.00658
REGINN:CGLS::k=4 : rdisc=0.899, norm=0.00821
REGINN:CGLS::k=5 : rdisc=0.897, norm=0.00890
REGINN:CGLS::k=6 : rdisc=0.894, norm=0.0101
REGINN:CGLS::k=7 : rdisc=0.893, norm=0.0104
REGINN:CGLS::k=8 : rdisc=0.887, norm=0.0139
REGINN:CGLS::k=9 : rdisc=0.873, norm=0.0275
REGINN:CGLS::k=10: rdisc=0.866, norm=0.0347
REGINN:CGLS::k=11: rdisc=0.859, norm=0.0412
REGINN:CGLS::k=12: rdisc=0.843, norm=0.0592
REGINN:CGLS::k=13: rdisc=0.823, norm=0.0799
REGINN:CGLS::k=14: rdisc=0.809, norm=0.0947
REGINN:CGLS::k=15: rdisc=0.777, norm=0.128
REGINN:CGLS::k=16: rdisc=0.757, norm=0.149
REGINN:CGLS::k=17: rdisc=0.743, norm=0.162
REGINN:CGLS::k=18: rdisc=0.728, norm=0.177
REGINN:CGLS::k=19: rdisc=0.714, norm=0.191
REGINN:CGLS::Unsuccessful termination after 19 iterations!
REGINN::Linear solver did not achieve desired discrepancy due to max_iter.
REGINN::i=31: rdisc=0.00699, rnorm=0.685, rerr=0.331
REGINN::0.530 ≤ estimate ≤ 2.48
REGINN::
REGINN::Solving linear problem using rtol=0.907 and max_iter=25
REGINN:CGLS::k=0 : rdisc=1.00, norm=0.00
REGINN:CGLS::k=1 : rdisc=0.742, norm=0.0102
REGINN:CGLS::Safeguarding: λ=0.778 ⇒ rdisc=0.907
REGINN:CGLS::Target discrepancy reached after 1 iteration.
REGINN::i=32: rdisc=0.00668, rnorm=0.685, rerr=0.331
REGINN::0.530 ≤ estimate ≤ 2.48
REGINN::
REGINN::Solving linear problem using rtol=0.861 and max_iter=20
REGINN:CGLS::k=0 : rdisc=1.00, norm=0.00
REGINN:CGLS::k=1 : rdisc=0.763, norm=0.00958
REGINN:CGLS::Safeguarding: λ=0.617 ⇒ rdisc=0.861
REGINN:CGLS::Target discrepancy reached after 1 iteration.
REGINN::i=33: rdisc=0.00621, rnorm=0.685, rerr=0.331
REGINN::0.529 ≤ estimate ≤ 2.48
REGINN::
REGINN::Solving linear problem using rtol=0.817 and max_iter=2
REGINN:CGLS::k=0 : rdisc=1.00, norm=0.00
REGINN:CGLS::k=1 : rdisc=0.799, norm=0.00854
REGINN:CGLS::Safeguarding: λ=0.285 ⇒ rdisc=0.817
REGINN:CGLS::Target discrepancy reached after 1 iteration.
REGINN::i=34: rdisc=0.00556, rnorm=0.685, rerr=0.331
REGINN::0.529 ≤ estimate ≤ 2.48
REGINN::
REGINN::Solving linear problem using rtol=0.775 and max_iter=2
REGINN:CGLS::k=0 : rdisc=1.00, norm=0.00
REGINN:CGLS::k=1 : rdisc=0.861, norm=0.00681
REGINN:CGLS::k=2 : rdisc=0.829, norm=0.00845
REGINN:CGLS::Unsuccessful termination after 2 iterations!
REGINN::Linear solver did not achieve desired discrepancy due to max_iter.
REGINN::Saving current residual in ./step-0035/
REGINN::Saving current estimate in ./step-0035/
REGINN::i=35: rdisc=0.00493, rnorm=0.685, rerr=0.331
REGINN::0.527 ≤ estimate ≤ 2.48
REGINN::
REGINN::Solving linear problem using rtol=0.736 and max_iter=3
REGINN:CGLS::k=0 : rdisc=1.00, norm=0.00
REGINN:CGLS::k=1 : rdisc=0.965, norm=0.00204
REGINN:CGLS::k=2 : rdisc=0.913, norm=0.00617
REGINN:CGLS::k=3 : rdisc=0.890, norm=0.00856
REGINN:CGLS::Unsuccessful termination after 3 iterations!
REGINN::Linear solver did not achieve desired discrepancy due to max_iter.
REGINN::i=36: rdisc=0.00460, rnorm=0.685, rerr=0.331
REGINN::0.526 ≤ estimate ≤ 2.48
REGINN::
REGINN::Solving linear problem using rtol=0.698 and max_iter=5
REGINN:CGLS::k=0 : rdisc=1.00, norm=0.00
REGINN:CGLS::k=1 : rdisc=0.982, norm=0.00119
REGINN:CGLS::k=2 : rdisc=0.961, norm=0.00354
REGINN:CGLS::k=3 : rdisc=0.947, norm=0.00556
REGINN:CGLS::k=4 : rdisc=0.932, norm=0.00830
REGINN:CGLS::k=5 : rdisc=0.924, norm=0.0104
REGINN:CGLS::Unsuccessful termination after 5 iterations!
REGINN::Linear solver did not achieve desired discrepancy due to max_iter.
REGINN::i=37: rdisc=0.00439, rnorm=0.685, rerr=0.331
REGINN::0.525 ≤ estimate ≤ 2.48
REGINN::
REGINN::Solving linear problem using rtol=0.663 and max_iter=8
REGINN:CGLS::k=0 : rdisc=1.00, norm=0.00
REGINN:CGLS::k=1 : rdisc=0.988, norm=0.000886
REGINN:CGLS::k=2 : rdisc=0.977, norm=0.00250
REGINN:CGLS::k=3 : rdisc=0.972, norm=0.00355
REGINN:CGLS::k=4 : rdisc=0.967, norm=0.00485
REGINN:CGLS::k=5 : rdisc=0.963, norm=0.00610
REGINN:CGLS::k=6 : rdisc=0.958, norm=0.00846
REGINN:CGLS::k=7 : rdisc=0.956, norm=0.00929
REGINN:CGLS::k=8 : rdisc=0.948, norm=0.0140
REGINN:CGLS::Unsuccessful termination after 8 iterations!
REGINN::Linear solver did not achieve desired discrepancy due to max_iter.
REGINN::i=38: rdisc=0.00426, rnorm=0.685, rerr=0.331
REGINN::0.524 ≤ estimate ≤ 2.48
REGINN::
REGINN::Solving linear problem using rtol=0.629 and max_iter=13
REGINN:CGLS::k=0 : rdisc=1.00, norm=0.00
REGINN:CGLS::k=1 : rdisc=0.989, norm=0.000919
REGINN:CGLS::k=2 : rdisc=0.980, norm=0.00211
REGINN:CGLS::k=3 : rdisc=0.977, norm=0.00263
REGINN:CGLS::k=4 : rdisc=0.975, norm=0.00320
REGINN:CGLS::k=5 : rdisc=0.973, norm=0.00380
REGINN:CGLS::k=6 : rdisc=0.970, norm=0.00584
REGINN:CGLS::k=7 : rdisc=0.968, norm=0.00744
REGINN:CGLS::k=8 : rdisc=0.958, norm=0.0167
REGINN:CGLS::k=9 : rdisc=0.946, norm=0.0275
REGINN:CGLS::k=10: rdisc=0.942, norm=0.0315
REGINN:CGLS::k=11: rdisc=0.936, norm=0.0367
REGINN:CGLS::k=12: rdisc=0.932, norm=0.0411
REGINN:CGLS::k=13: rdisc=0.929, norm=0.0434
REGINN:CGLS::Unsuccessful termination after 13 iterations!
REGINN::Linear solver did not achieve desired discrepancy due to max_iter.
REGINN::i=39: rdisc=0.00418, rnorm=0.685, rerr=0.332
REGINN::0.519 ≤ estimate ≤ 2.49
REGINN::
REGINN::Solving linear problem using rtol=0.771 and max_iter=21
REGINN:CGLS::k=0 : rdisc=1.00, norm=0.00
REGINN:CGLS::k=1 : rdisc=0.968, norm=0.00211
REGINN:CGLS::k=2 : rdisc=0.952, norm=0.00335
REGINN:CGLS::k=3 : rdisc=0.948, norm=0.00380
REGINN:CGLS::k=4 : rdisc=0.945, norm=0.00433
REGINN:CGLS::k=5 : rdisc=0.944, norm=0.00461
REGINN:CGLS::k=6 : rdisc=0.941, norm=0.00546
REGINN:CGLS::k=7 : rdisc=0.940, norm=0.00581
REGINN:CGLS::k=8 : rdisc=0.938, norm=0.00722
REGINN:CGLS::k=9 : rdisc=0.931, norm=0.0135
REGINN:CGLS::k=10: rdisc=0.924, norm=0.0210
REGINN:CGLS::k=11: rdisc=0.917, norm=0.0275
REGINN:CGLS::k=12: rdisc=0.911, norm=0.0337
REGINN:CGLS::k=13: rdisc=0.906, norm=0.0395
REGINN:CGLS::k=14: rdisc=0.903, norm=0.0421
REGINN:CGLS::k=15: rdisc=0.896, norm=0.0505
REGINN:CGLS::k=16: rdisc=0.886, norm=0.0612
REGINN:CGLS::k=17: rdisc=0.861, norm=0.0879
REGINN:CGLS::k=18: rdisc=0.848, norm=0.103
REGINN:CGLS::k=19: rdisc=0.839, norm=0.112
REGINN:CGLS::k=20: rdisc=0.827, norm=0.125
REGINN:CGLS::k=21: rdisc=0.812, norm=0.141
REGINN:CGLS::Unsuccessful termination after 21 iterations!
REGINN::Linear solver did not achieve desired discrepancy due to max_iter.
REGINN::i=40: rdisc=0.00422, rnorm=0.685, rerr=0.332
REGINN::0.505 ≤ estimate ≤ 2.48
REGINN::
REGINN::Solving linear problem using rtol=0.857 and max_iter=34
REGINN:CGLS::k=0 : rdisc=1.00, norm=0.00
REGINN:CGLS::k=1 : rdisc=0.890, norm=0.00311
REGINN:CGLS::k=2 : rdisc=0.840, norm=0.00490
REGINN:CGLS::Safeguarding: λ=0.589 ⇒ rdisc=0.857
REGINN:CGLS::Target discrepancy reached after 2 iterations.
REGINN::i=41: rdisc=0.00388, rnorm=0.685, rerr=0.332
REGINN::0.505 ≤ estimate ≤ 2.48
REGINN::
REGINN::Solving linear problem using rtol=0.814 and max_iter=23
REGINN:CGLS::k=0 : rdisc=1.00, norm=0.00
REGINN:CGLS::k=1 : rdisc=0.940, norm=0.00232
REGINN:CGLS::k=2 : rdisc=0.901, norm=0.00422
REGINN:CGLS::k=3 : rdisc=0.884, norm=0.00529
REGINN:CGLS::k=4 : rdisc=0.867, norm=0.00696
REGINN:CGLS::k=5 : rdisc=0.860, norm=0.00787
REGINN:CGLS::k=6 : rdisc=0.851, norm=0.00933
REGINN:CGLS::k=7 : rdisc=0.848, norm=0.00992
REGINN:CGLS::k=8 : rdisc=0.843, norm=0.0115
REGINN:CGLS::k=9 : rdisc=0.837, norm=0.0131
REGINN:CGLS::k=10: rdisc=0.834, norm=0.0141
REGINN:CGLS::k=11: rdisc=0.832, norm=0.0151
REGINN:CGLS::k=12: rdisc=0.829, norm=0.0163
REGINN:CGLS::k=13: rdisc=0.828, norm=0.0169
REGINN:CGLS::k=14: rdisc=0.827, norm=0.0176
REGINN:CGLS::k=15: rdisc=0.824, norm=0.0193
REGINN:CGLS::k=16: rdisc=0.822, norm=0.0204
REGINN:CGLS::k=17: rdisc=0.820, norm=0.0218
REGINN:CGLS::k=18: rdisc=0.818, norm=0.0234
REGINN:CGLS::k=19: rdisc=0.817, norm=0.0245
REGINN:CGLS::k=20: rdisc=0.816, norm=0.0255
REGINN:CGLS::k=21: rdisc=0.813, norm=0.0282
REGINN:CGLS::Safeguarding: λ=0.582 ⇒ rdisc=0.814
REGINN:CGLS::Target discrepancy reached after 21 iterations.
REGINN::i=42: rdisc=0.00350, rnorm=0.685, rerr=0.332
REGINN::0.502 ≤ estimate ≤ 2.49
REGINN::
REGINN::Solving linear problem using rtol=0.772 and max_iter=23
REGINN:CGLS::k=0 : rdisc=1.00, norm=0.00
REGINN:CGLS::k=1 : rdisc=0.949, norm=0.00192
REGINN:CGLS::k=2 : rdisc=0.924, norm=0.00316
REGINN:CGLS::k=3 : rdisc=0.912, norm=0.00394
REGINN:CGLS::k=4 : rdisc=0.906, norm=0.00457
REGINN:CGLS::k=5 : rdisc=0.903, norm=0.00493
REGINN:CGLS::k=6 : rdisc=0.900, norm=0.00559
REGINN:CGLS::k=7 : rdisc=0.899, norm=0.00578
REGINN:CGLS::k=8 : rdisc=0.897, norm=0.00647
REGINN:CGLS::k=9 : rdisc=0.896, norm=0.00734
REGINN:CGLS::k=10: rdisc=0.895, norm=0.00793
REGINN:CGLS::k=11: rdisc=0.894, norm=0.00841
REGINN:CGLS::k=12: rdisc=0.892, norm=0.0100
REGINN:CGLS::k=13: rdisc=0.890, norm=0.0114
REGINN:CGLS::k=14: rdisc=0.889, norm=0.0130
REGINN:CGLS::k=15: rdisc=0.885, norm=0.0167
REGINN:CGLS::k=16: rdisc=0.880, norm=0.0224
REGINN:CGLS::k=17: rdisc=0.873, norm=0.0307
REGINN:CGLS::k=18: rdisc=0.866, norm=0.0400
REGINN:CGLS::k=19: rdisc=0.862, norm=0.0440
REGINN:CGLS::k=20: rdisc=0.854, norm=0.0546
REGINN:CGLS::k=21: rdisc=0.849, norm=0.0604
REGINN:CGLS::k=22: rdisc=0.835, norm=0.0777
REGINN:CGLS::k=23: rdisc=0.821, norm=0.0948
REGINN:CGLS::Unsuccessful termination after 23 iterations!
REGINN::Linear solver did not achieve desired discrepancy due to max_iter.
REGINN::i=43: rdisc=0.00355, rnorm=0.685, rerr=0.332
REGINN::0.498 ≤ estimate ≤ 2.48
REGINN::
REGINN::Solving linear problem using rtol=0.791 and max_iter=44
REGINN:CGLS::k=0 : rdisc=1.00, norm=0.00
REGINN:CGLS::k=1 : rdisc=0.883, norm=0.00292
REGINN:CGLS::k=2 : rdisc=0.831, norm=0.00459
REGINN:CGLS::k=3 : rdisc=0.804, norm=0.00573
REGINN:CGLS::k=4 : rdisc=0.795, norm=0.00625
REGINN:CGLS::k=5 : rdisc=0.791, norm=0.00659
REGINN:CGLS::Safeguarding: λ=0.234 ⇒ rdisc=0.791
REGINN:CGLS::Target discrepancy reached after 5 iterations.
REGINN::i=44: rdisc=0.00309, rnorm=0.685, rerr=0.332
REGINN::0.498 ≤ estimate ≤ 2.48
REGINN::
REGINN::Solving linear problem using rtol=0.751 and max_iter=28
REGINN:CGLS::k=0 : rdisc=1.00, norm=0.00
REGINN:CGLS::k=1 : rdisc=0.942, norm=0.00155
REGINN:CGLS::k=2 : rdisc=0.925, norm=0.00219
REGINN:CGLS::k=3 : rdisc=0.911, norm=0.00308
REGINN:CGLS::k=4 : rdisc=0.906, norm=0.00366
REGINN:CGLS::k=5 : rdisc=0.902, norm=0.00416
REGINN:CGLS::k=6 : rdisc=0.899, norm=0.00490
REGINN:CGLS::k=7 : rdisc=0.898, norm=0.00512
REGINN:CGLS::k=8 : rdisc=0.896, norm=0.00572
REGINN:CGLS::k=9 : rdisc=0.894, norm=0.00624
REGINN:CGLS::k=10: rdisc=0.894, norm=0.00656
REGINN:CGLS::k=11: rdisc=0.893, norm=0.00681
REGINN:CGLS::k=12: rdisc=0.892, norm=0.00756
REGINN:CGLS::k=13: rdisc=0.891, norm=0.00821
REGINN:CGLS::k=14: rdisc=0.890, norm=0.00925
REGINN:CGLS::k=15: rdisc=0.887, norm=0.0114
REGINN:CGLS::k=16: rdisc=0.885, norm=0.0136
REGINN:CGLS::k=17: rdisc=0.882, norm=0.0172
REGINN:CGLS::k=18: rdisc=0.880, norm=0.0196
REGINN:CGLS::k=19: rdisc=0.877, norm=0.0230
REGINN:CGLS::k=20: rdisc=0.874, norm=0.0266
REGINN:CGLS::k=21: rdisc=0.871, norm=0.0297
REGINN:CGLS::k=22: rdisc=0.864, norm=0.0381
REGINN:CGLS::k=23: rdisc=0.859, norm=0.0444
REGINN:CGLS::k=24: rdisc=0.857, norm=0.0469
REGINN:CGLS::k=25: rdisc=0.846, norm=0.0595
REGINN:CGLS::k=26: rdisc=0.843, norm=0.0639
REGINN:CGLS::k=27: rdisc=0.839, norm=0.0688
REGINN:CGLS::k=28: rdisc=0.814, norm=0.0994
REGINN:CGLS::Unsuccessful termination after 28 iterations!
REGINN::Linear solver did not achieve desired discrepancy due to max_iter.
REGINN::i=45: rdisc=0.00313, rnorm=0.685, rerr=0.332
REGINN::0.496 ≤ estimate ≤ 2.47
REGINN::
REGINN::Solving linear problem using rtol=0.713 and max_iter=33
REGINN:CGLS::k=0 : rdisc=1.00, norm=0.00
REGINN:CGLS::k=1 : rdisc=0.891, norm=0.00233
REGINN:CGLS::k=2 : rdisc=0.850, norm=0.00348
REGINN:CGLS::k=3 : rdisc=0.824, norm=0.00454
REGINN:CGLS::k=4 : rdisc=0.816, norm=0.00502
REGINN:CGLS::k=5 : rdisc=0.809, norm=0.00560
REGINN:CGLS::k=6 : rdisc=0.803, norm=0.00652
REGINN:CGLS::k=7 : rdisc=0.801, norm=0.00690
REGINN:CGLS::k=8 : rdisc=0.797, norm=0.00780
REGINN:CGLS::k=9 : rdisc=0.794, norm=0.00841
REGINN:CGLS::k=10: rdisc=0.792, norm=0.00918
REGINN:CGLS::k=11: rdisc=0.791, norm=0.00949
REGINN:CGLS::k=12: rdisc=0.789, norm=0.0103
REGINN:CGLS::k=13: rdisc=0.788, norm=0.0107
REGINN:CGLS::k=14: rdisc=0.786, norm=0.0113
REGINN:CGLS::k=15: rdisc=0.785, norm=0.0123
REGINN:CGLS::k=16: rdisc=0.783, norm=0.0130
REGINN:CGLS::k=17: rdisc=0.782, norm=0.0138
REGINN:CGLS::k=18: rdisc=0.781, norm=0.0144
REGINN:CGLS::k=19: rdisc=0.780, norm=0.0153
REGINN:CGLS::k=20: rdisc=0.779, norm=0.0160
REGINN:CGLS::k=21: rdisc=0.778, norm=0.0166
REGINN:CGLS::k=22: rdisc=0.776, norm=0.0182
REGINN:CGLS::k=23: rdisc=0.776, norm=0.0190
REGINN:CGLS::k=24: rdisc=0.775, norm=0.0195
REGINN:CGLS::k=25: rdisc=0.773, norm=0.0220
REGINN:CGLS::k=26: rdisc=0.771, norm=0.0240
REGINN:CGLS::k=27: rdisc=0.768, norm=0.0271
REGINN:CGLS::k=28: rdisc=0.765, norm=0.0310
REGINN:CGLS::k=29: rdisc=0.762, norm=0.0340
REGINN:CGLS::k=30: rdisc=0.761, norm=0.0359
REGINN:CGLS::k=31: rdisc=0.757, norm=0.0412
REGINN:CGLS::k=32: rdisc=0.751, norm=0.0491
REGINN:CGLS::k=33: rdisc=0.748, norm=0.0529
REGINN:CGLS::Unsuccessful termination after 33 iterations!
REGINN::Linear solver did not achieve desired discrepancy due to max_iter.
REGINN::i=46: rdisc=0.00291, rnorm=0.685, rerr=0.332
REGINN::0.497 ≤ estimate ≤ 2.47
REGINN::
REGINN::Solving linear problem using rtol=0.755 and max_iter=61
REGINN:CGLS::k=0 : rdisc=1.00, norm=0.00
REGINN:CGLS::k=1 : rdisc=0.862, norm=0.00223
REGINN:CGLS::k=2 : rdisc=0.839, norm=0.00275
REGINN:CGLS::k=3 : rdisc=0.811, norm=0.00390
REGINN:CGLS::k=4 : rdisc=0.805, norm=0.00429
REGINN:CGLS::k=5 : rdisc=0.801, norm=0.00465
REGINN:CGLS::k=6 : rdisc=0.796, norm=0.00543
REGINN:CGLS::k=7 : rdisc=0.794, norm=0.00569
REGINN:CGLS::k=8 : rdisc=0.792, norm=0.00633
REGINN:CGLS::k=9 : rdisc=0.790, norm=0.00670
REGINN:CGLS::k=10: rdisc=0.789, norm=0.00715
REGINN:CGLS::k=11: rdisc=0.788, norm=0.00745
REGINN:CGLS::k=12: rdisc=0.787, norm=0.00790
REGINN:CGLS::k=13: rdisc=0.787, norm=0.00808
REGINN:CGLS::k=14: rdisc=0.785, norm=0.00860
REGINN:CGLS::k=15: rdisc=0.784, norm=0.00940
REGINN:CGLS::k=16: rdisc=0.783, norm=0.00986
REGINN:CGLS::k=17: rdisc=0.783, norm=0.0104
REGINN:CGLS::k=18: rdisc=0.782, norm=0.0112
REGINN:CGLS::k=19: rdisc=0.781, norm=0.0118
REGINN:CGLS::k=20: rdisc=0.780, norm=0.0129
REGINN:CGLS::k=21: rdisc=0.777, norm=0.0156
REGINN:CGLS::k=22: rdisc=0.774, norm=0.0193
REGINN:CGLS::k=23: rdisc=0.772, norm=0.0215
REGINN:CGLS::k=24: rdisc=0.771, norm=0.0226
REGINN:CGLS::k=25: rdisc=0.765, norm=0.0303
REGINN:CGLS::k=26: rdisc=0.762, norm=0.0334
REGINN:CGLS::k=27: rdisc=0.759, norm=0.0374
REGINN:CGLS::k=28: rdisc=0.751, norm=0.0486
REGINN:CGLS::Safeguarding: λ=0.734 ⇒ rdisc=0.755
REGINN:CGLS::Target discrepancy reached after 28 iterations.
REGINN::i=47: rdisc=0.00274, rnorm=0.685, rerr=0.332
REGINN::0.494 ≤ estimate ≤ 2.47
REGINN::
REGINN::Solving linear problem using rtol=0.730 and max_iter=61
REGINN:CGLS::k=0 : rdisc=1.00, norm=0.00
REGINN:CGLS::k=1 : rdisc=0.881, norm=0.00198
REGINN:CGLS::k=2 : rdisc=0.851, norm=0.00267
REGINN:CGLS::k=3 : rdisc=0.823, norm=0.00373
REGINN:CGLS::k=4 : rdisc=0.818, norm=0.00402
REGINN:CGLS::k=5 : rdisc=0.815, norm=0.00427
REGINN:CGLS::k=6 : rdisc=0.811, norm=0.00474
REGINN:CGLS::k=7 : rdisc=0.810, norm=0.00494
REGINN:CGLS::k=8 : rdisc=0.807, norm=0.00562
REGINN:CGLS::k=9 : rdisc=0.806, norm=0.00591
REGINN:CGLS::k=10: rdisc=0.805, norm=0.00624
REGINN:CGLS::k=11: rdisc=0.805, norm=0.00647
REGINN:CGLS::k=12: rdisc=0.804, norm=0.00677
REGINN:CGLS::k=13: rdisc=0.804, norm=0.00691
REGINN:CGLS::k=14: rdisc=0.803, norm=0.00726
REGINN:CGLS::k=15: rdisc=0.802, norm=0.00806
REGINN:CGLS::k=16: rdisc=0.801, norm=0.00893
REGINN:CGLS::k=17: rdisc=0.800, norm=0.00978
REGINN:CGLS::k=18: rdisc=0.798, norm=0.0112
REGINN:CGLS::k=19: rdisc=0.796, norm=0.0129
REGINN:CGLS::k=20: rdisc=0.795, norm=0.0142
REGINN:CGLS::k=21: rdisc=0.793, norm=0.0163
REGINN:CGLS::k=22: rdisc=0.787, norm=0.0230
REGINN:CGLS::k=23: rdisc=0.785, norm=0.0252
REGINN:CGLS::k=24: rdisc=0.779, norm=0.0327
REGINN:CGLS::k=25: rdisc=0.778, norm=0.0349
REGINN:CGLS::k=26: rdisc=0.776, norm=0.0372
REGINN:CGLS::k=27: rdisc=0.773, norm=0.0408
REGINN:CGLS::k=28: rdisc=0.767, norm=0.0485
REGINN:CGLS::k=29: rdisc=0.763, norm=0.0532
REGINN:CGLS::k=30: rdisc=0.759, norm=0.0586
REGINN:CGLS::k=31: rdisc=0.756, norm=0.0611
REGINN:CGLS::k=32: rdisc=0.752, norm=0.0663
REGINN:CGLS::k=33: rdisc=0.747, norm=0.0734
REGINN:CGLS::k=34: rdisc=0.738, norm=0.0839
REGINN:CGLS::k=35: rdisc=0.729, norm=0.0947
REGINN:CGLS::Safeguarding: λ=0.247 ⇒ rdisc=0.730
REGINN:CGLS::Target discrepancy reached after 35 iterations.
REGINN::i=48: rdisc=0.00273, rnorm=0.685, rerr=0.332
REGINN::0.495 ≤ estimate ≤ 2.46
REGINN::
REGINN::Solving linear problem using rtol=0.783 and max_iter=63
REGINN:CGLS::k=0 : rdisc=1.00, norm=0.00
REGINN:CGLS::k=1 : rdisc=0.853, norm=0.00232
REGINN:CGLS::k=2 : rdisc=0.803, norm=0.00354
REGINN:CGLS::k=3 : rdisc=0.776, norm=0.00444
REGINN:CGLS::Safeguarding: λ=0.505 ⇒ rdisc=0.783
REGINN:CGLS::Target discrepancy reached after 3 iterations.
REGINN::Saving current residual in ./step-0049/
REGINN::Saving current estimate in ./step-0049/
REGINN::i=49: rdisc=0.00240, rnorm=0.685, rerr=0.332
REGINN::0.494 ≤ estimate ≤ 2.46
REGINN::Saving current residual in ./step-0049/
REGINN::Saving current estimate in ./step-0049/
REGINN::Unsuccessful termination after 49 iterations!
REGINN::0.494 ≤ estimate ≤ 2.46
stats::forward              : 51 calls, average 1.47 s per call
stats::linearization forward: 397 calls, average 1.52 s per call
stats::linearization adjoint: 397 calls, average 1.59 s per call
stats::measure forward      : 448 calls, average 0.00689 s per call
stats::measure adjoint      : 397 calls, average 0.0148 s per call
stats::total wall time      : 22min 15s
