JobId arch-vm0 Mon Mar  5 11:18:42 2018
wavepi a4eb428e
Release-Build, compiled on 2018-03-05T10:16:15Z from commit a4eb428ee27d04fefe83b3d22e7a48329af474d8 ("param_a problems") on branch master

initialize_mesh::Number of active cells: 1024
initialize_mesh::Number of degrees of freedom in the first spatial mesh: 1089
initialize_mesh::cell diameters: minimal = 0.354, maximal = 0.354
initialize_mesh::dt: 0.0472
initialize_mesh::expected size of a DiscretizedFunction<dim>: 1.06 MiB
parameters:LogTransform::lower bound: 0.1
parameters:WaveEquation::max iter: 10000
parameters:WaveEquation::theta: 0.5
parameters:WaveEquation::tol: 1e-8
parameters:constraints::lower bound: -1e300
parameters:constraints::upper bound: 1e300
parameters:general::dimension: 2
parameters:general::finite element degree: 1
parameters:general::quadrature order: 3
parameters:inversion::method: REGINN
parameters:inversion::tau: 2
parameters:log::console depth: 2
parameters:log::file: wavepi.log
parameters:log::file depth: 4
parameters:mesh::end time: 6
parameters:mesh::initial refines: 5
parameters:mesh::initial time steps: 128
parameters:output::data: true
parameters:output::destination: ./step-{{i}}/
parameters:output::discrepancy decrease: 0.5
parameters:output::estimate: true
parameters:output::estimate transformed: false
parameters:output::exact: true
parameters:output::exact transformed: false
parameters:output::interval: 50
parameters:output::last: true
parameters:output::residual: true
parameters:output::statistics: history
parameters:problem::H1H1 beta: 0.5
parameters:problem::H1H1 gamma: 0.5
parameters:problem::H1L2 alpha: 0.5
parameters:problem::H2L2 alpha: 0.5
parameters:problem::H2L2 beta: 0.25
parameters:problem::constants: 
parameters:problem::epsilon: 1e-3
parameters:problem::initial guess: 1.0
parameters:problem::norm of codomain: L2L2
parameters:problem::norm of domain: H1L2
parameters:problem::parameter a: 1.5
parameters:problem::parameter c: 2.0
parameters:problem::parameter nu: 0.0
parameters:problem::parameter q: 0.0
parameters:problem::transform: Log
parameters:problem::type: a
parameters:watchdog::discrepancy increasing: false
parameters:watchdog::discrepancy slope min values: 40
parameters:watchdog::discrepancy slope percentage: 0.25
parameters:watchdog::discrepancy slope threshold: 0.0
parameters:watchdog::discrepancy threshold: 10.0
parameters:watchdog::maximum iteration count: 0
REGINN::Saving exact parameter in ./step-0000/
REGINN::Saving data in ./step-0000/
REGINN::Saving current residual in ./step-0000/
REGINN::Saving current estimate in ./step-0000/
REGINN::i=0 : rdisc=1.18 , rnorm=0.313, rerr=1.31 
REGINN::-0.105 ≤ estimate ≤ -0.105
REGINN::Solving linear problem using rtol=0.900 and max_iter=1
REGINN:CGLS::k=0 : rdisc=1.00 , norm=0.00 
REGINN:CGLS::k=1 : rdisc=0.703, norm=1.60 
REGINN:CGLS::Safeguarding: λ=0.793 ⇒ rdisc=0.900
REGINN:CGLS::Target discrepancy reached after 1 iteration.
REGINN::i=1 : rdisc=1.06 , rnorm=0.307, rerr=1.30 
REGINN::-0.188 ≤ estimate ≤ 0.203
REGINN::
REGINN::Solving linear problem using rtol=0.900 and max_iter=2
REGINN:CGLS::k=0 : rdisc=1.00 , norm=0.00 
REGINN:CGLS::k=1 : rdisc=0.695, norm=1.62 
REGINN:CGLS::Safeguarding: λ=0.800 ⇒ rdisc=0.900
REGINN:CGLS::Target discrepancy reached after 1 iteration.
REGINN::i=2 : rdisc=0.953, rnorm=0.307, rerr=1.29 
REGINN::-0.230 ≤ estimate ≤ 0.469
REGINN::
REGINN::Solving linear problem using rtol=0.854 and max_iter=2
REGINN:CGLS::k=0 : rdisc=1.00 , norm=0.00 
REGINN:CGLS::k=1 : rdisc=0.693, norm=1.62 
REGINN:CGLS::Safeguarding: λ=0.700 ⇒ rdisc=0.854
REGINN:CGLS::Target discrepancy reached after 1 iteration.
REGINN::i=3 : rdisc=0.813, rnorm=0.318, rerr=1.28 
REGINN::-0.267 ≤ estimate ≤ 0.876
REGINN::
REGINN::Solving linear problem using rtol=0.811 and max_iter=2
REGINN:CGLS::k=0 : rdisc=1.00 , norm=0.00 
REGINN:CGLS::k=1 : rdisc=0.705, norm=1.58 
REGINN:CGLS::Safeguarding: λ=0.574 ⇒ rdisc=0.811
REGINN:CGLS::Target discrepancy reached after 1 iteration.
REGINN::i=4 : rdisc=0.658, rnorm=0.350, rerr=1.27 
REGINN::-0.319 ≤ estimate ≤ 1.57
REGINN::
REGINN::Solving linear problem using rtol=0.769 and max_iter=2
REGINN:CGLS::k=0 : rdisc=1.00 , norm=0.00 
REGINN:CGLS::k=1 : rdisc=0.723, norm=1.53 
REGINN:CGLS::Safeguarding: λ=0.368 ⇒ rdisc=0.769
REGINN:CGLS::Target discrepancy reached after 1 iteration.
REGINN::Saving current residual in ./step-0005/
REGINN::Saving current estimate in ./step-0005/
REGINN::i=5 : rdisc=0.500, rnorm=0.410, rerr=1.24 
REGINN::-0.417 ≤ estimate ≤ 2.28
REGINN::
REGINN::Solving linear problem using rtol=0.730 and max_iter=2
REGINN:CGLS::k=0 : rdisc=1.00 , norm=0.00 
REGINN:CGLS::k=1 : rdisc=0.740, norm=1.88 
REGINN:CGLS::k=2 : rdisc=0.615, norm=2.87 
REGINN:CGLS::Safeguarding: λ=0.959 ⇒ rdisc=0.730
REGINN:CGLS::Target discrepancy reached after 2 iterations.
REGINN::i=6 : rdisc=0.348, rnorm=0.514, rerr=1.17 
REGINN::-0.588 ≤ estimate ≤ 1.82
REGINN::
REGINN::Solving linear problem using rtol=0.693 and max_iter=3
REGINN:CGLS::k=0 : rdisc=1.00 , norm=0.00 
REGINN:CGLS::k=1 : rdisc=0.876, norm=0.570
REGINN:CGLS::k=2 : rdisc=0.656, norm=2.01 
REGINN:CGLS::Safeguarding: λ=0.402 ⇒ rdisc=0.693
REGINN:CGLS::Target discrepancy reached after 2 iterations.
REGINN::Saving current residual in ./step-0007/
REGINN::Saving current estimate in ./step-0007/
REGINN::i=7 : rdisc=0.238, rnorm=0.511, rerr=1.11 
REGINN::-0.741 ≤ estimate ≤ 1.82
REGINN::
REGINN::Solving linear problem using rtol=0.658 and max_iter=4
REGINN:CGLS::k=0 : rdisc=1.00 , norm=0.00 
REGINN:CGLS::k=1 : rdisc=0.829, norm=0.735
REGINN:CGLS::k=2 : rdisc=0.690, norm=1.43 
REGINN:CGLS::k=3 : rdisc=0.530, norm=2.17 
REGINN:CGLS::Safeguarding: λ=0.888 ⇒ rdisc=0.658
REGINN:CGLS::Target discrepancy reached after 3 iterations.
REGINN::i=8 : rdisc=0.148, rnorm=0.632, rerr=1.06 
REGINN::-0.479 ≤ estimate ≤ 1.29
REGINN::
REGINN::Solving linear problem using rtol=0.624 and max_iter=5
REGINN:CGLS::k=0 : rdisc=1.00 , norm=0.00 
REGINN:CGLS::k=1 : rdisc=0.874, norm=0.184
REGINN:CGLS::k=2 : rdisc=0.773, norm=0.588
REGINN:CGLS::k=3 : rdisc=0.667, norm=1.03 
REGINN:CGLS::k=4 : rdisc=0.591, norm=1.37 
REGINN:CGLS::Safeguarding: λ=0.662 ⇒ rdisc=0.624
REGINN:CGLS::Target discrepancy reached after 4 iterations.
REGINN::Saving current residual in ./step-0009/
REGINN::Saving current estimate in ./step-0009/
REGINN::i=9 : rdisc=0.0944, rnorm=0.683, rerr=1.03 
REGINN::-0.374 ≤ estimate ≤ 1.37
REGINN::
REGINN::Solving linear problem using rtol=0.592 and max_iter=7
REGINN:CGLS::k=0 : rdisc=1.00 , norm=0.00 
REGINN:CGLS::k=1 : rdisc=0.930, norm=0.147
REGINN:CGLS::k=2 : rdisc=0.882, norm=0.289
REGINN:CGLS::k=3 : rdisc=0.840, norm=0.423
REGINN:CGLS::k=4 : rdisc=0.793, norm=0.615
REGINN:CGLS::k=5 : rdisc=0.720, norm=1.07 
REGINN:CGLS::k=6 : rdisc=0.684, norm=1.29 
REGINN:CGLS::k=7 : rdisc=0.655, norm=1.57 
REGINN:CGLS::Unsuccessful termination after 7 iterations!
REGINN::Linear solver did not achieve desired discrepancy due to max_iter.
REGINN::i=10: rdisc=0.0650, rnorm=0.713, rerr=0.989
REGINN::-0.464 ≤ estimate ≤ 1.35
REGINN::
REGINN::Solving linear problem using rtol=0.562 and max_iter=11
REGINN:CGLS::k=0 : rdisc=1.00 , norm=0.00 
REGINN:CGLS::k=1 : rdisc=0.902, norm=0.0672
REGINN:CGLS::k=2 : rdisc=0.868, norm=0.115
REGINN:CGLS::k=3 : rdisc=0.838, norm=0.168
REGINN:CGLS::k=4 : rdisc=0.808, norm=0.252
REGINN:CGLS::k=5 : rdisc=0.776, norm=0.350
REGINN:CGLS::k=6 : rdisc=0.758, norm=0.411
REGINN:CGLS::k=7 : rdisc=0.734, norm=0.506
REGINN:CGLS::k=8 : rdisc=0.715, norm=0.592
REGINN:CGLS::k=9 : rdisc=0.693, norm=0.705
REGINN:CGLS::k=10: rdisc=0.681, norm=0.773
REGINN:CGLS::k=11: rdisc=0.650, norm=0.965
REGINN:CGLS::Unsuccessful termination after 11 iterations!
REGINN::Linear solver did not achieve desired discrepancy due to max_iter.
REGINN::Saving current residual in ./step-0011/
REGINN::Saving current estimate in ./step-0011/
REGINN::i=11: rdisc=0.0417, rnorm=0.708, rerr=0.959
REGINN::-0.189 ≤ estimate ≤ 0.934
REGINN::
REGINN::Solving linear problem using rtol=0.721 and max_iter=18
REGINN:CGLS::k=0 : rdisc=1.00 , norm=0.00 
REGINN:CGLS::k=1 : rdisc=0.980, norm=0.0543
REGINN:CGLS::k=2 : rdisc=0.960, norm=0.119
REGINN:CGLS::k=3 : rdisc=0.936, norm=0.203
REGINN:CGLS::k=4 : rdisc=0.921, norm=0.274
REGINN:CGLS::k=5 : rdisc=0.905, norm=0.365
REGINN:CGLS::k=6 : rdisc=0.896, norm=0.432
REGINN:CGLS::k=7 : rdisc=0.878, norm=0.575
REGINN:CGLS::k=8 : rdisc=0.861, norm=0.737
REGINN:CGLS::k=9 : rdisc=0.852, norm=0.837
REGINN:CGLS::k=10: rdisc=0.827, norm=1.00 
REGINN:CGLS::k=11: rdisc=0.815, norm=1.16 
REGINN:CGLS::k=12: rdisc=0.793, norm=1.44 
REGINN:CGLS::k=13: rdisc=0.757, norm=1.68 
REGINN:CGLS::k=14: rdisc=0.747, norm=1.76 
REGINN:CGLS::k=15: rdisc=0.737, norm=1.85 
REGINN:CGLS::k=16: rdisc=0.732, norm=1.90 
REGINN:CGLS::k=17: rdisc=0.722, norm=1.97 
REGINN:CGLS::k=18: rdisc=0.718, norm=2.04 
REGINN:CGLS::Safeguarding: λ=0.945 ⇒ rdisc=0.721
REGINN:CGLS::Target discrepancy reached after 18 iterations.
REGINN::i=12: rdisc=0.0288, rnorm=0.791, rerr=0.924
REGINN::-0.338 ≤ estimate ≤ 1.30
REGINN::
REGINN::Solving linear problem using rtol=0.828 and max_iter=29
REGINN:CGLS::k=0 : rdisc=1.00 , norm=0.00 
REGINN:CGLS::k=1 : rdisc=0.962, norm=0.0463
REGINN:CGLS::k=2 : rdisc=0.932, norm=0.0808
REGINN:CGLS::k=3 : rdisc=0.882, norm=0.156
REGINN:CGLS::k=4 : rdisc=0.868, norm=0.185
REGINN:CGLS::k=5 : rdisc=0.848, norm=0.237
REGINN:CGLS::k=6 : rdisc=0.835, norm=0.294
REGINN:CGLS::k=7 : rdisc=0.829, norm=0.353
REGINN:CGLS::k=8 : rdisc=0.824, norm=0.436
REGINN:CGLS::Safeguarding: λ=0.987 ⇒ rdisc=0.828
REGINN:CGLS::Target discrepancy reached after 8 iterations.
REGINN::i=13: rdisc=0.0238, rnorm=0.779, rerr=0.916
REGINN::-0.373 ≤ estimate ≤ 1.01
REGINN::
REGINN::Solving linear problem using rtol=0.786 and max_iter=26
REGINN:CGLS::k=0 : rdisc=1.00 , norm=0.00 
REGINN:CGLS::k=1 : rdisc=0.976, norm=0.0173
REGINN:CGLS::k=2 : rdisc=0.955, norm=0.0350
REGINN:CGLS::k=3 : rdisc=0.930, norm=0.0679
REGINN:CGLS::k=4 : rdisc=0.916, norm=0.0868
REGINN:CGLS::k=5 : rdisc=0.911, norm=0.0951
REGINN:CGLS::k=6 : rdisc=0.901, norm=0.115
REGINN:CGLS::k=7 : rdisc=0.892, norm=0.140
REGINN:CGLS::k=8 : rdisc=0.878, norm=0.184
REGINN:CGLS::k=9 : rdisc=0.854, norm=0.268
REGINN:CGLS::k=10: rdisc=0.818, norm=0.432
REGINN:CGLS::k=11: rdisc=0.801, norm=0.510
REGINN:CGLS::k=12: rdisc=0.792, norm=0.556
REGINN:CGLS::k=13: rdisc=0.776, norm=0.640
REGINN:CGLS::Safeguarding: λ=0.834 ⇒ rdisc=0.786
REGINN:CGLS::Target discrepancy reached after 13 iterations.
REGINN::Saving current residual in ./step-0014/
REGINN::Saving current estimate in ./step-0014/
REGINN::i=14: rdisc=0.0185, rnorm=0.772, rerr=0.905
REGINN::-0.377 ≤ estimate ≤ 0.916
REGINN::
REGINN::Solving linear problem using rtol=0.868 and max_iter=21
REGINN:CGLS::k=0 : rdisc=1.00 , norm=0.00 
REGINN:CGLS::k=1 : rdisc=0.995, norm=0.00614
REGINN:CGLS::k=2 : rdisc=0.987, norm=0.0220
REGINN:CGLS::k=3 : rdisc=0.973, norm=0.0494
REGINN:CGLS::k=4 : rdisc=0.962, norm=0.0780
REGINN:CGLS::k=5 : rdisc=0.958, norm=0.0916
REGINN:CGLS::k=6 : rdisc=0.950, norm=0.122
REGINN:CGLS::k=7 : rdisc=0.943, norm=0.155
REGINN:CGLS::k=8 : rdisc=0.940, norm=0.174
REGINN:CGLS::k=9 : rdisc=0.936, norm=0.215
REGINN:CGLS::k=10: rdisc=0.940, norm=0.330
REGINN:CGLS::Unsuccessful termination after 10 iterations!
REGINN::Linear solver did not achieve desired discrepancy.
REGINN::  Aborting REGINN!
REGINN::Saving current residual in ./step-0014/
REGINN::Saving current estimate in ./step-0014/
REGINN::Unsuccessful termination after 14 iterations!
REGINN::-0.377 ≤ estimate ≤ 0.916
Relative ℝⁿ error of the reconstruction: 0.227
Relative L²([0,T], L²(Ω)) error of the reconstruction: 0.215
Relative H¹([0,T], L²(Ω)) error of the reconstruction: 0.241
Relative H¹([0,T], H¹(Ω)) error of the reconstruction: 0.754
Relative H²([0,T], L²(Ω)) error of the reconstruction: 0.525
stats::forward              : 16 calls, average 537.6ms per call
stats::linearization forward: 83 calls, average 557.2ms per call
stats::linearization adjoint: 83 calls, average 743.0ms per call
stats::measure forward      : 99 calls, average 281.2µs per call
stats::measure adjoint      : 83 calls, average 327.9µs per call
stats::total wall time      : 2min 21s
