JobId thies-vm Tue Dec 12 12:54:33 2017
wavepi f965de51-dirty
initialize_mesh::Number of active cells: 4096
initialize_mesh::Number of degrees of freedom in the first spatial mesh: 4225
initialize_mesh::cell diameters: minimal = 0.0442, maximal = 0.0442
initialize_mesh::dt: 0.0235
parameters:WaveEquation::theta: 0.5
parameters:WaveEquation::tol: 1e-8
parameters:constraints::lower bound: 0.1
parameters:constraints::upper bound: 1e300
parameters:general::dimension: 2
parameters:general::finite element degree: 1
parameters:general::quadrature order: 3
parameters:inversion::method: REGINN
parameters:inversion::tau: 2
parameters:log::console depth: 2
parameters:log::file: wavepi.log
parameters:log::file depth: 100
parameters:mesh::end time: 6
parameters:mesh::initial refines: 6
parameters:mesh::initial time steps: 256
parameters:output::data: true
parameters:output::destination: ./step-{{i}}/
parameters:output::estimate: true
parameters:output::exact: true
parameters:output::interval: 50
parameters:output::last: true
parameters:output::residual: true
parameters:output::statistics: history
parameters:problem::constants: 
parameters:problem::epsilon: 1e-2
parameters:problem::initial guess: 0.5
parameters:problem::parameter a: 1.0
parameters:problem::parameter c: 2.0
parameters:problem::parameter nu: 0.0
parameters:problem::parameter q: 0.0
parameters:problem::type: L2C
parameters:watchdog::discrepancy slope min values: 25
parameters:watchdog::discrepancy slope percentage: 0.25
parameters:watchdog::discrepancy slope threshold: 0.0
parameters:watchdog::discrepancy threshold: 10.0
REGINN::i=0: rdisc=0.619, rnorm=0.250, rerr=0.750
REGINN::Saving exact parameter in ./step-0000/
REGINN::Saving data in ./step-0000/
REGINN::Saving current residual in ./step-0000/
REGINN::Saving current estimate in ./step-0000/
REGINN::0.500 <= estimate <= 0.500
REGINN::Solving linear problem using rtol=0.700
REGINN:CGLS::k=0: rdisc=1.00, norm=0.00
REGINN:CGLS::k=1: rdisc=0.941, norm=0.263
REGINN:CGLS::k=2: rdisc=0.900, norm=0.546
REGINN:CGLS::k=3: rdisc=0.833, norm=1.18
REGINN:CGLS::k=4: rdisc=0.786, norm=1.66
REGINN:CGLS::k=5: rdisc=0.721, norm=2.38
REGINN:CGLS::k=6: rdisc=0.672, norm=2.95
REGINN:CGLS::Target discrepancy reached after 6 iterations.
REGINN:post_processing::Adjusted lower bound of estimate from -2.86 to 0.100
REGINN::i=1: rdisc=0.592, rnorm=0.416, rerr=0.725
REGINN::0.100 <= estimate <= 4.08
REGINN::Solving linear problem using rtol=0.700
REGINN:CGLS::k=0: rdisc=1.00, norm=0.00
REGINN:CGLS::k=1: rdisc=0.769, norm=0.0380
REGINN:CGLS::k=2: rdisc=0.726, norm=0.0455
REGINN:CGLS::k=3: rdisc=0.711, norm=0.0498
REGINN:CGLS::k=4: rdisc=0.671, norm=0.0800
REGINN:CGLS::Target discrepancy reached after 4 iterations.
REGINN:post_processing::Adjusted lower bound of estimate from -0.551 to 0.100
REGINN::i=2: rdisc=0.506, rnorm=0.402, rerr=0.725
REGINN::0.100 <= estimate <= 4.09
REGINN::Solving linear problem using rtol=0.598
REGINN:CGLS::k=0: rdisc=1.00, norm=0.00
REGINN:CGLS::k=1: rdisc=0.831, norm=0.0310
REGINN:CGLS::k=2: rdisc=0.815, norm=0.0348
REGINN:CGLS::k=3: rdisc=0.778, norm=0.0612
REGINN:CGLS::k=4: rdisc=0.748, norm=0.0923
REGINN:CGLS::k=5: rdisc=0.732, norm=0.112
REGINN:CGLS::k=6: rdisc=0.719, norm=0.130
REGINN:CGLS::k=7: rdisc=0.708, norm=0.145
REGINN:CGLS::k=8: rdisc=0.696, norm=0.164
REGINN:CGLS::k=9: rdisc=0.670, norm=0.209
REGINN:CGLS::k=10: rdisc=0.662, norm=0.226
REGINN:CGLS::k=11: rdisc=0.639, norm=0.271
REGINN:CGLS::k=12: rdisc=0.626, norm=0.298
REGINN:CGLS::k=13: rdisc=0.601, norm=0.353
REGINN:CGLS::k=14: rdisc=0.591, norm=0.372
REGINN:CGLS::Target discrepancy reached after 14 iterations.
REGINN:post_processing::Adjusted lower bound of estimate from -2.93 to 0.100
REGINN::i=3: rdisc=0.559, rnorm=0.406, rerr=0.719
REGINN::0.100 <= estimate <= 4.52
REGINN::Solving linear problem using rtol=0.841
REGINN:CGLS::k=0: rdisc=1.00, norm=0.00
REGINN:CGLS::k=1: rdisc=0.787, norm=0.0128
REGINN:CGLS::Target discrepancy reached after 1 iteration.
REGINN:post_processing::Adjusted lower bound of estimate from -0.231 to 0.100
REGINN::i=4: rdisc=0.511, rnorm=0.406, rerr=0.719
REGINN::0.100 <= estimate <= 4.52
REGINN::Solving linear problem using rtol=0.719
REGINN:CGLS::k=0: rdisc=1.00, norm=0.00
REGINN:CGLS::k=1: rdisc=0.831, norm=0.0141
REGINN:CGLS::k=2: rdisc=0.698, norm=0.0309
REGINN:CGLS::Target discrepancy reached after 2 iterations.
REGINN:post_processing::Adjusted lower bound of estimate from -0.310 to 0.100
REGINN::i=5: rdisc=0.461, rnorm=0.406, rerr=0.719
REGINN::0.100 <= estimate <= 4.52
REGINN::Solving linear problem using rtol=0.817
REGINN:CGLS::k=0: rdisc=1.00, norm=0.00
REGINN:CGLS::k=1: rdisc=0.848, norm=0.0128
REGINN:CGLS::k=2: rdisc=0.767, norm=0.0244
REGINN:CGLS::Target discrepancy reached after 2 iterations.
REGINN:post_processing::Adjusted lower bound of estimate from -0.291 to 0.100
REGINN::i=6: rdisc=0.418, rnorm=0.406, rerr=0.718
REGINN::0.100 <= estimate <= 4.52
REGINN::Solving linear problem using rtol=0.776
REGINN:CGLS::k=0: rdisc=1.00, norm=0.00
REGINN:CGLS::k=1: rdisc=0.891, norm=0.00753
REGINN:CGLS::k=2: rdisc=0.837, norm=0.0140
REGINN:CGLS::k=3: rdisc=0.779, norm=0.0240
REGINN:CGLS::k=4: rdisc=0.749, norm=0.0306
REGINN:CGLS::Target discrepancy reached after 4 iterations.
REGINN:post_processing::Adjusted lower bound of estimate from -0.480 to 0.100
REGINN::i=7: rdisc=0.394, rnorm=0.406, rerr=0.718
REGINN::0.100 <= estimate <= 4.51
REGINN::Solving linear problem using rtol=0.843
REGINN:CGLS::k=0: rdisc=1.00, norm=0.00
REGINN:CGLS::k=1: rdisc=0.882, norm=0.00771
REGINN:CGLS::k=2: rdisc=0.840, norm=0.0121
REGINN:CGLS::Target discrepancy reached after 2 iterations.
REGINN:post_processing::Adjusted lower bound of estimate from -0.223 to 0.100
REGINN::i=8: rdisc=0.370, rnorm=0.406, rerr=0.718
REGINN::0.100 <= estimate <= 4.51
REGINN::Solving linear problem using rtol=0.721
REGINN:CGLS::k=0: rdisc=1.00, norm=0.00
REGINN:CGLS::k=1: rdisc=0.921, norm=0.00488
REGINN:CGLS::k=2: rdisc=0.888, norm=0.00839
REGINN:CGLS::k=3: rdisc=0.842, norm=0.0164
REGINN:CGLS::k=4: rdisc=0.810, norm=0.0233
REGINN:CGLS::k=5: rdisc=0.778, norm=0.0313
REGINN:CGLS::k=6: rdisc=0.756, norm=0.0373
REGINN:CGLS::k=7: rdisc=0.720, norm=0.0475
REGINN:CGLS::Target discrepancy reached after 7 iterations.
REGINN:post_processing::Adjusted lower bound of estimate from -0.777 to 0.100
REGINN::i=9: rdisc=0.375, rnorm=0.407, rerr=0.717
REGINN::0.100 <= estimate <= 4.55
REGINN::Solving linear problem using rtol=0.874
REGINN:CGLS::k=0: rdisc=1.00, norm=0.00
REGINN:CGLS::k=1: rdisc=0.860, norm=0.00732
REGINN:CGLS::Target discrepancy reached after 1 iteration.
REGINN:post_processing::Adjusted lower bound of estimate from -0.150 to 0.100
REGINN::i=10: rdisc=0.352, rnorm=0.407, rerr=0.717
REGINN::0.100 <= estimate <= 4.56
REGINN::Solving linear problem using rtol=0.748
REGINN:CGLS::k=0: rdisc=1.00, norm=0.00
REGINN:CGLS::k=1: rdisc=0.891, norm=0.00632
REGINN:CGLS::k=2: rdisc=0.851, norm=0.00949
REGINN:CGLS::k=3: rdisc=0.817, norm=0.0140
REGINN:CGLS::k=4: rdisc=0.792, norm=0.0188
REGINN:CGLS::k=5: rdisc=0.772, norm=0.0244
REGINN:CGLS::k=6: rdisc=0.757, norm=0.0289
REGINN:CGLS::k=7: rdisc=0.720, norm=0.0417
REGINN:CGLS::Target discrepancy reached after 7 iterations.
REGINN:post_processing::Adjusted lower bound of estimate from -1.05 to 0.100
REGINN::i=11: rdisc=0.346, rnorm=0.407, rerr=0.717
REGINN::0.100 <= estimate <= 4.48
REGINN::Solving linear problem using rtol=0.916
REGINN:CGLS::k=0: rdisc=1.00, norm=0.00
REGINN:CGLS::k=1: rdisc=0.861, norm=0.00602
REGINN:CGLS::Target discrepancy reached after 1 iteration.
REGINN:post_processing::Adjusted lower bound of estimate from -0.0816 to 0.100
REGINN::i=12: rdisc=0.327, rnorm=0.407, rerr=0.717
REGINN::0.100 <= estimate <= 4.48
REGINN::Solving linear problem using rtol=0.783
REGINN:CGLS::k=0: rdisc=1.00, norm=0.00
REGINN:CGLS::k=1: rdisc=0.888, norm=0.00534
REGINN:CGLS::k=2: rdisc=0.856, norm=0.00736
REGINN:CGLS::k=3: rdisc=0.825, norm=0.0104
REGINN:CGLS::k=4: rdisc=0.807, norm=0.0132
REGINN:CGLS::k=5: rdisc=0.790, norm=0.0172
REGINN:CGLS::k=6: rdisc=0.776, norm=0.0208
REGINN:CGLS::Target discrepancy reached after 6 iterations.
REGINN:post_processing::Adjusted lower bound of estimate from -0.681 to 0.100
REGINN::i=13: rdisc=0.309, rnorm=0.407, rerr=0.716
REGINN::0.100 <= estimate <= 4.48
REGINN::Solving linear problem using rtol=0.916
REGINN:CGLS::k=0: rdisc=1.00, norm=0.00
REGINN:CGLS::k=1: rdisc=0.899, norm=0.00418
REGINN:CGLS::Target discrepancy reached after 1 iteration.
REGINN:post_processing::Adjusted lower bound of estimate from -0.00578 to 0.100
REGINN::i=14: rdisc=0.298, rnorm=0.407, rerr=0.716
REGINN::0.100 <= estimate <= 4.48
REGINN::Solving linear problem using rtol=0.783
REGINN:CGLS::k=0: rdisc=1.00, norm=0.00
REGINN:CGLS::k=1: rdisc=0.923, norm=0.00362
REGINN:CGLS::k=2: rdisc=0.903, norm=0.00484
REGINN:CGLS::k=3: rdisc=0.883, norm=0.00682
REGINN:CGLS::k=4: rdisc=0.866, norm=0.00937
REGINN:CGLS::k=5: rdisc=0.845, norm=0.0139
REGINN:CGLS::k=6: rdisc=0.828, norm=0.0182
REGINN:CGLS::k=7: rdisc=0.802, norm=0.0253
REGINN:CGLS::k=8: rdisc=0.780, norm=0.0316
REGINN:CGLS::Target discrepancy reached after 8 iterations.
REGINN:post_processing::Adjusted lower bound of estimate from -0.675 to 0.100
REGINN::i=15: rdisc=0.309, rnorm=0.407, rerr=0.716
REGINN::0.100 <= estimate <= 5.26
REGINN::Solving linear problem using rtol=0.924
REGINN:CGLS::k=0: rdisc=1.00, norm=0.00
REGINN:CGLS::k=1: rdisc=0.874, norm=0.00442
REGINN:CGLS::Target discrepancy reached after 1 iteration.
REGINN:post_processing::Adjusted lower bound of estimate from 0.0159 to 0.100
REGINN::i=16: rdisc=0.292, rnorm=0.407, rerr=0.716
REGINN::0.100 <= estimate <= 5.27
REGINN::Solving linear problem using rtol=0.790
REGINN:CGLS::k=0: rdisc=1.00, norm=0.00
REGINN:CGLS::k=1: rdisc=0.903, norm=0.00382
REGINN:CGLS::k=2: rdisc=0.881, norm=0.00501
REGINN:CGLS::k=3: rdisc=0.858, norm=0.00681
REGINN:CGLS::k=4: rdisc=0.847, norm=0.00814
REGINN:CGLS::k=5: rdisc=0.834, norm=0.0103
REGINN:CGLS::k=6: rdisc=0.824, norm=0.0126
REGINN:CGLS::k=7: rdisc=0.802, norm=0.0186
REGINN:CGLS::k=8: rdisc=0.786, norm=0.0229
REGINN:CGLS::Target discrepancy reached after 8 iterations.
REGINN:post_processing::Adjusted lower bound of estimate from -0.382 to 0.100
REGINN::i=17: rdisc=0.295, rnorm=0.408, rerr=0.716
REGINN::0.100 <= estimate <= 5.80
REGINN::Solving linear problem using rtol=0.925
REGINN:CGLS::k=0: rdisc=1.00, norm=0.00
REGINN:CGLS::k=1: rdisc=0.877, norm=0.00394
REGINN:CGLS::Target discrepancy reached after 1 iteration.
REGINN:post_processing::Adjusted lower bound of estimate from 0.0447 to 0.100
REGINN::i=18: rdisc=0.282, rnorm=0.408, rerr=0.716
REGINN::0.100 <= estimate <= 5.81
REGINN::Solving linear problem using rtol=0.791
REGINN:CGLS::k=0: rdisc=1.00, norm=0.00
REGINN:CGLS::k=1: rdisc=0.905, norm=0.00346
REGINN:CGLS::k=2: rdisc=0.884, norm=0.00444
REGINN:CGLS::k=3: rdisc=0.866, norm=0.00579
REGINN:CGLS::k=4: rdisc=0.857, norm=0.00676
REGINN:CGLS::k=5: rdisc=0.845, norm=0.00859
REGINN:CGLS::k=6: rdisc=0.836, norm=0.0105
REGINN:CGLS::k=7: rdisc=0.811, norm=0.0169
REGINN:CGLS::k=8: rdisc=0.796, norm=0.0209
REGINN:CGLS::k=9: rdisc=0.771, norm=0.0281
REGINN:CGLS::Target discrepancy reached after 9 iterations.
REGINN:post_processing::Adjusted lower bound of estimate from -0.337 to 0.100
REGINN::i=19: rdisc=0.305, rnorm=0.408, rerr=0.716
REGINN::0.100 <= estimate <= 6.34
REGINN::Solving linear problem using rtol=0.928
REGINN:CGLS::k=0: rdisc=1.00, norm=0.00
REGINN:CGLS::k=1: rdisc=0.839, norm=0.00471
REGINN:CGLS::Target discrepancy reached after 1 iteration.
REGINN:post_processing::Adjusted lower bound of estimate from 0.0544 to 0.100
REGINN::i=20: rdisc=0.284, rnorm=0.408, rerr=0.716
REGINN::0.100 <= estimate <= 6.36
REGINN::Solving linear problem using rtol=0.793
REGINN:CGLS::k=0: rdisc=1.00, norm=0.00
REGINN:CGLS::k=1: rdisc=0.877, norm=0.00394
REGINN:CGLS::k=2: rdisc=0.853, norm=0.00495
REGINN:CGLS::k=3: rdisc=0.832, norm=0.00627
REGINN:CGLS::k=4: rdisc=0.822, norm=0.00715
REGINN:CGLS::k=5: rdisc=0.812, norm=0.00846
REGINN:CGLS::k=6: rdisc=0.800, norm=0.0108
REGINN:CGLS::k=7: rdisc=0.789, norm=0.0137
REGINN:CGLS::Target discrepancy reached after 7 iterations.
REGINN:post_processing::Adjusted lower bound of estimate from -0.0773 to 0.100
REGINN::i=21: rdisc=0.279, rnorm=0.408, rerr=0.715
REGINN::0.100 <= estimate <= 6.57
REGINN::Solving linear problem using rtol=0.922
REGINN:CGLS::k=0: rdisc=1.00, norm=0.00
REGINN:CGLS::k=1: rdisc=0.876, norm=0.00353
REGINN:CGLS::Target discrepancy reached after 1 iteration.
REGINN:post_processing::Adjusted lower bound of estimate from 0.0570 to 0.100
REGINN::i=22: rdisc=0.267, rnorm=0.408, rerr=0.715
REGINN::0.100 <= estimate <= 6.58
REGINN::Solving linear problem using rtol=0.788
REGINN:CGLS::k=0: rdisc=1.00, norm=0.00
REGINN:CGLS::k=1: rdisc=0.905, norm=0.00304
REGINN:CGLS::k=2: rdisc=0.887, norm=0.00383
REGINN:CGLS::k=3: rdisc=0.872, norm=0.00477
REGINN:CGLS::k=4: rdisc=0.865, norm=0.00546
REGINN:CGLS::k=5: rdisc=0.854, norm=0.00692
REGINN:CGLS::k=6: rdisc=0.843, norm=0.00916
REGINN:CGLS::k=7: rdisc=0.826, norm=0.0132
REGINN:CGLS::k=8: rdisc=0.805, norm=0.0187
REGINN:CGLS::k=9: rdisc=0.791, norm=0.0224
REGINN:CGLS::k=10: rdisc=0.760, norm=0.0307
REGINN:CGLS::Target discrepancy reached after 10 iterations.
REGINN:post_processing::Adjusted lower bound of estimate from -0.291 to 0.100
REGINN::i=23: rdisc=0.314, rnorm=0.408, rerr=0.715
REGINN::0.100 <= estimate <= 7.00
REGINN::Solving linear problem using rtol=0.930
REGINN:CGLS::k=0: rdisc=1.00, norm=0.00
REGINN:CGLS::k=1: rdisc=0.797, norm=0.00553
REGINN:CGLS::Target discrepancy reached after 1 iteration.
REGINN:post_processing::Adjusted lower bound of estimate from 0.0305 to 0.100
REGINN::i=24: rdisc=0.282, rnorm=0.408, rerr=0.715
REGINN::0.100 <= estimate <= 7.01
REGINN::Solving linear problem using rtol=0.795
REGINN:CGLS::k=0: rdisc=1.00, norm=0.00
REGINN:CGLS::k=1: rdisc=0.850, norm=0.00428
REGINN:CGLS::k=2: rdisc=0.822, norm=0.00530
REGINN:CGLS::k=3: rdisc=0.801, norm=0.00648
REGINN:CGLS::k=4: rdisc=0.790, norm=0.00728
REGINN:CGLS::Target discrepancy reached after 4 iterations.
REGINN:post_processing::Adjusted lower bound of estimate from 0.00157 to 0.100
REGINN::i=25: rdisc=0.261, rnorm=0.408, rerr=0.715
REGINN::0.100 <= estimate <= 7.04
REGINN::Solving linear problem using rtol=0.901
REGINN:CGLS::k=0: rdisc=1.00, norm=0.00
REGINN:CGLS::k=1: rdisc=0.894, norm=0.00305
REGINN:CGLS::Target discrepancy reached after 1 iteration.
REGINN:post_processing::Adjusted lower bound of estimate from 0.0611 to 0.100
REGINN::i=26: rdisc=0.253, rnorm=0.408, rerr=0.715
REGINN::0.100 <= estimate <= 7.05
REGINN::Solving linear problem using rtol=0.771
REGINN:CGLS::k=0: rdisc=1.00, norm=0.00
REGINN:CGLS::k=1: rdisc=0.922, norm=0.00255
REGINN:CGLS::k=2: rdisc=0.903, norm=0.00348
REGINN:CGLS::k=3: rdisc=0.891, norm=0.00432
REGINN:CGLS::k=4: rdisc=0.884, norm=0.00495
REGINN:CGLS::k=5: rdisc=0.874, norm=0.00629
REGINN:CGLS::k=6: rdisc=0.862, norm=0.00827
REGINN:CGLS::k=7: rdisc=0.846, norm=0.0116
REGINN:CGLS::k=8: rdisc=0.833, norm=0.0145
REGINN:CGLS::k=9: rdisc=0.817, norm=0.0186
REGINN:CGLS::k=10: rdisc=0.797, norm=0.0235
REGINN:CGLS::k=11: rdisc=0.772, norm=0.0296
REGINN:CGLS::k=12: rdisc=0.750, norm=0.0352
REGINN:CGLS::Target discrepancy reached after 12 iterations.
REGINN:post_processing::Adjusted lower bound of estimate from -0.305 to 0.100
REGINN::i=27: rdisc=0.330, rnorm=0.408, rerr=0.715
REGINN::0.100 <= estimate <= 7.43
REGINN::Solving linear problem using rtol=0.932
REGINN:CGLS::k=0: rdisc=1.00, norm=0.00
REGINN:CGLS::k=1: rdisc=0.761, norm=0.00658
REGINN:CGLS::Target discrepancy reached after 1 iteration.
REGINN:post_processing::Adjusted lower bound of estimate from -0.0323 to 0.100
REGINN::i=28: rdisc=0.288, rnorm=0.409, rerr=0.715
REGINN::0.100 <= estimate <= 7.44
REGINN::Solving linear problem using rtol=0.797
REGINN:CGLS::k=0: rdisc=1.00, norm=0.00
REGINN:CGLS::k=1: rdisc=0.821, norm=0.00491
REGINN:CGLS::k=2: rdisc=0.788, norm=0.00607
REGINN:CGLS::Target discrepancy reached after 2 iterations.
REGINN:post_processing::Adjusted lower bound of estimate from 0.0182 to 0.100
REGINN::i=29: rdisc=0.260, rnorm=0.409, rerr=0.715
REGINN::0.100 <= estimate <= 7.47
REGINN::Solving linear problem using rtol=0.853
REGINN:CGLS::k=0: rdisc=1.00, norm=0.00
REGINN:CGLS::k=1: rdisc=0.892, norm=0.00312
REGINN:CGLS::k=2: rdisc=0.865, norm=0.00418
REGINN:CGLS::k=3: rdisc=0.844, norm=0.00545
REGINN:CGLS::Target discrepancy reached after 3 iterations.
REGINN:post_processing::Adjusted lower bound of estimate from -0.0175 to 0.100
REGINN::i=30: rdisc=0.248, rnorm=0.409, rerr=0.714
REGINN::0.100 <= estimate <= 7.49
REGINN::Solving linear problem using rtol=0.857
REGINN:CGLS::k=0: rdisc=1.00, norm=0.00
REGINN:CGLS::k=1: rdisc=0.923, norm=0.00235
REGINN:CGLS::k=2: rdisc=0.901, norm=0.00333
REGINN:CGLS::k=3: rdisc=0.879, norm=0.00489
REGINN:CGLS::k=4: rdisc=0.872, norm=0.00550
REGINN:CGLS::k=5: rdisc=0.861, norm=0.00670
REGINN:CGLS::k=6: rdisc=0.851, norm=0.00805
REGINN:CGLS::Target discrepancy reached after 6 iterations.
REGINN:post_processing::Adjusted lower bound of estimate from -0.129 to 0.100
REGINN::i=31: rdisc=0.246, rnorm=0.409, rerr=0.714
REGINN::0.100 <= estimate <= 7.58
REGINN::Solving linear problem using rtol=0.882
REGINN:CGLS::k=0: rdisc=1.00, norm=0.00
REGINN:CGLS::k=1: rdisc=0.913, norm=0.00238
REGINN:CGLS::k=2: rdisc=0.897, norm=0.00303
REGINN:CGLS::k=3: rdisc=0.884, norm=0.00380
REGINN:CGLS::k=4: rdisc=0.875, norm=0.00454
REGINN:CGLS::Target discrepancy reached after 4 iterations.
REGINN:post_processing::Adjusted lower bound of estimate from -0.0164 to 0.100
REGINN::i=32: rdisc=0.240, rnorm=0.409, rerr=0.714
REGINN::0.100 <= estimate <= 7.62
REGINN::Solving linear problem using rtol=0.754
REGINN:CGLS::k=0: rdisc=1.00, norm=0.00
REGINN:CGLS::k=1: rdisc=0.931, norm=0.00199
REGINN:CGLS::k=2: rdisc=0.919, norm=0.00251
REGINN:CGLS::k=3: rdisc=0.907, norm=0.00333
REGINN:CGLS::k=4: rdisc=0.899, norm=0.00410
REGINN:CGLS::k=5: rdisc=0.888, norm=0.00554
REGINN:CGLS::k=6: rdisc=0.876, norm=0.00738
REGINN:CGLS::k=7: rdisc=0.860, norm=0.0103
REGINN:CGLS::k=8: rdisc=0.848, norm=0.0129
REGINN:CGLS::k=9: rdisc=0.833, norm=0.0161
REGINN:CGLS::k=10: rdisc=0.817, norm=0.0195
REGINN:CGLS::k=11: rdisc=0.794, norm=0.0246
REGINN:CGLS::k=12: rdisc=0.772, norm=0.0296
REGINN:CGLS::k=13: rdisc=0.746, norm=0.0355
REGINN:CGLS::Target discrepancy reached after 13 iterations.
REGINN:post_processing::Adjusted lower bound of estimate from -0.379 to 0.100
REGINN::i=33: rdisc=0.339, rnorm=0.409, rerr=0.714
REGINN::0.100 <= estimate <= 7.93
REGINN::Solving linear problem using rtol=0.878
REGINN:CGLS::k=0: rdisc=1.00, norm=0.00
REGINN:CGLS::k=1: rdisc=0.738, norm=0.00722
REGINN:CGLS::Target discrepancy reached after 1 iteration.
REGINN:post_processing::Adjusted lower bound of estimate from -0.0375 to 0.100
REGINN::i=34: rdisc=0.291, rnorm=0.409, rerr=0.714
REGINN::0.100 <= estimate <= 7.94
REGINN::Solving linear problem using rtol=0.751
REGINN:CGLS::k=0: rdisc=1.00, norm=0.00
REGINN:CGLS::k=1: rdisc=0.805, norm=0.00516
REGINN:CGLS::k=2: rdisc=0.770, norm=0.00629
REGINN:CGLS::k=3: rdisc=0.744, norm=0.00758
REGINN:CGLS::Target discrepancy reached after 3 iterations.
REGINN:post_processing::Adjusted lower bound of estimate from -0.0652 to 0.100
REGINN::i=35: rdisc=0.255, rnorm=0.409, rerr=0.714
REGINN::0.100 <= estimate <= 7.98
REGINN::Solving linear problem using rtol=0.871
REGINN:CGLS::k=0: rdisc=1.00, norm=0.00
REGINN:CGLS::k=1: rdisc=0.888, norm=0.00295
REGINN:CGLS::k=2: rdisc=0.862, norm=0.00393
REGINN:CGLS::Target discrepancy reached after 2 iterations.
REGINN:post_processing::Adjusted lower bound of estimate from 0.0118 to 0.100
REGINN::i=36: rdisc=0.243, rnorm=0.409, rerr=0.714
REGINN::0.100 <= estimate <= 8.01
REGINN::Solving linear problem using rtol=0.745
REGINN:CGLS::k=0: rdisc=1.00, norm=0.00
REGINN:CGLS::k=1: rdisc=0.928, norm=0.00209
REGINN:CGLS::k=2: rdisc=0.904, norm=0.00311
REGINN:CGLS::k=3: rdisc=0.881, norm=0.00462
REGINN:CGLS::k=4: rdisc=0.865, norm=0.00597
REGINN:CGLS::k=5: rdisc=0.853, norm=0.00723
REGINN:CGLS::k=6: rdisc=0.840, norm=0.00884
REGINN:CGLS::k=7: rdisc=0.830, norm=0.0103
REGINN:CGLS::k=8: rdisc=0.819, norm=0.0122
REGINN:CGLS::k=9: rdisc=0.809, norm=0.0140
REGINN:CGLS::k=10: rdisc=0.796, norm=0.0167
REGINN:CGLS::k=11: rdisc=0.778, norm=0.0207
REGINN:CGLS::k=12: rdisc=0.757, norm=0.0256
REGINN:CGLS::k=13: rdisc=0.735, norm=0.0308
REGINN:CGLS::Target discrepancy reached after 13 iterations.
REGINN:post_processing::Adjusted lower bound of estimate from -0.548 to 0.100
REGINN::i=37: rdisc=0.315, rnorm=0.409, rerr=0.713
REGINN::0.100 <= estimate <= 8.28
REGINN::Solving linear problem using rtol=0.913
REGINN:CGLS::k=0: rdisc=1.00, norm=0.00
REGINN:CGLS::k=1: rdisc=0.764, norm=0.00606
REGINN:CGLS::Target discrepancy reached after 1 iteration.
REGINN:post_processing::Adjusted lower bound of estimate from -0.0124 to 0.100
REGINN::i=38: rdisc=0.277, rnorm=0.409, rerr=0.713
REGINN::0.100 <= estimate <= 8.29
REGINN::Solving linear problem using rtol=0.780
REGINN:CGLS::k=0: rdisc=1.00, norm=0.00
REGINN:CGLS::k=1: rdisc=0.830, norm=0.00441
REGINN:CGLS::k=2: rdisc=0.794, norm=0.00556
REGINN:CGLS::k=3: rdisc=0.765, norm=0.00695
REGINN:CGLS::Target discrepancy reached after 3 iterations.
REGINN:post_processing::Adjusted lower bound of estimate from -0.0387 to 0.100
REGINN::i=39: rdisc=0.248, rnorm=0.409, rerr=0.713
REGINN::0.100 <= estimate <= 8.33
REGINN::Solving linear problem using rtol=0.880
REGINN:CGLS::k=0: rdisc=1.00, norm=0.00
REGINN:CGLS::k=1: rdisc=0.900, norm=0.00262
REGINN:CGLS::k=2: rdisc=0.872, norm=0.00366
REGINN:CGLS::Target discrepancy reached after 2 iterations.
REGINN:post_processing::Adjusted lower bound of estimate from 0.0325 to 0.100
REGINN::i=40: rdisc=0.238, rnorm=0.409, rerr=0.713
REGINN::0.100 <= estimate <= 8.36
REGINN::Solving linear problem using rtol=0.753
REGINN:CGLS::k=0: rdisc=1.00, norm=0.00
REGINN:CGLS::k=1: rdisc=0.935, norm=0.00186
REGINN:CGLS::k=2: rdisc=0.910, norm=0.00293
REGINN:CGLS::k=3: rdisc=0.886, norm=0.00432
REGINN:CGLS::k=4: rdisc=0.864, norm=0.00605
REGINN:CGLS::k=5: rdisc=0.852, norm=0.00716
REGINN:CGLS::k=6: rdisc=0.839, norm=0.00879
REGINN:CGLS::k=7: rdisc=0.831, norm=0.00997
REGINN:CGLS::k=8: rdisc=0.819, norm=0.0118
REGINN:CGLS::k=9: rdisc=0.808, norm=0.0139
REGINN:CGLS::k=10: rdisc=0.795, norm=0.0165
REGINN:CGLS::k=11: rdisc=0.774, norm=0.0210
REGINN:CGLS::k=12: rdisc=0.750, norm=0.0265
REGINN:CGLS::Target discrepancy reached after 12 iterations.
REGINN:post_processing::Adjusted lower bound of estimate from -0.311 to 0.100
REGINN::i=41: rdisc=0.297, rnorm=0.409, rerr=0.713
REGINN::0.100 <= estimate <= 8.61
REGINN::Solving linear problem using rtol=0.911
REGINN:CGLS::k=0: rdisc=1.00, norm=0.00
REGINN:CGLS::k=1: rdisc=0.778, norm=0.00545
REGINN:CGLS::Target discrepancy reached after 1 iteration.
REGINN:post_processing::Adjusted lower bound of estimate from 0.00654 to 0.100
REGINN::i=42: rdisc=0.262, rnorm=0.409, rerr=0.713
REGINN::0.100 <= estimate <= 8.62
REGINN::Solving linear problem using rtol=0.779
REGINN:CGLS::k=0: rdisc=1.00, norm=0.00
REGINN:CGLS::k=1: rdisc=0.850, norm=0.00386
REGINN:CGLS::k=2: rdisc=0.817, norm=0.00493
REGINN:CGLS::k=3: rdisc=0.789, norm=0.00629
REGINN:CGLS::k=4: rdisc=0.768, norm=0.00775
REGINN:CGLS::Target discrepancy reached after 4 iterations.
REGINN:post_processing::Adjusted lower bound of estimate from -0.0112 to 0.100
REGINN::i=43: rdisc=0.238, rnorm=0.410, rerr=0.713
REGINN::0.100 <= estimate <= 8.66
REGINN::Solving linear problem using rtol=0.897
REGINN:CGLS::k=0: rdisc=1.00, norm=0.00
REGINN:CGLS::k=1: rdisc=0.905, norm=0.00249
REGINN:CGLS::k=2: rdisc=0.884, norm=0.00323
REGINN:CGLS::Target discrepancy reached after 2 iterations.
REGINN:post_processing::Adjusted lower bound of estimate from 0.0396 to 0.100
REGINN::i=44: rdisc=0.228, rnorm=0.410, rerr=0.713
REGINN::0.100 <= estimate <= 8.68
REGINN::Solving linear problem using rtol=0.767
REGINN:CGLS::k=0: rdisc=1.00, norm=0.00
REGINN:CGLS::k=1: rdisc=0.943, norm=0.00171
REGINN:CGLS::k=2: rdisc=0.923, norm=0.00255
REGINN:CGLS::k=3: rdisc=0.903, norm=0.00376
REGINN:CGLS::k=4: rdisc=0.885, norm=0.00518
REGINN:CGLS::k=5: rdisc=0.875, norm=0.00619
REGINN:CGLS::k=6: rdisc=0.862, norm=0.00787
REGINN:CGLS::k=7: rdisc=0.854, norm=0.00919
REGINN:CGLS::k=8: rdisc=0.842, norm=0.0112
REGINN:CGLS::k=9: rdisc=0.828, norm=0.0139
REGINN:CGLS::k=10: rdisc=0.814, norm=0.0166
REGINN:CGLS::k=11: rdisc=0.791, norm=0.0213
REGINN:CGLS::k=12: rdisc=0.766, norm=0.0267
REGINN:CGLS::Target discrepancy reached after 12 iterations.
REGINN:post_processing::Adjusted lower bound of estimate from -0.377 to 0.100
REGINN::i=45: rdisc=0.296, rnorm=0.410, rerr=0.713
REGINN::0.100 <= estimate <= 8.89
REGINN::Solving linear problem using rtol=0.913
REGINN:CGLS::k=0: rdisc=1.00, norm=0.00
REGINN:CGLS::k=1: rdisc=0.747, norm=0.00618
REGINN:CGLS::Target discrepancy reached after 1 iteration.
REGINN:post_processing::Adjusted lower bound of estimate from 0.0121 to 0.100
REGINN::i=46: rdisc=0.251, rnorm=0.410, rerr=0.713
REGINN::0.100 <= estimate <= 8.90
REGINN::Solving linear problem using rtol=0.781
REGINN:CGLS::k=0: rdisc=1.00, norm=0.00
REGINN:CGLS::k=1: rdisc=0.857, norm=0.00368
REGINN:CGLS::k=2: rdisc=0.828, norm=0.00465
REGINN:CGLS::k=3: rdisc=0.803, norm=0.00591
REGINN:CGLS::k=4: rdisc=0.787, norm=0.00699
REGINN:CGLS::k=5: rdisc=0.778, norm=0.00784
REGINN:CGLS::Target discrepancy reached after 5 iterations.
REGINN:post_processing::Adjusted lower bound of estimate from -0.0323 to 0.100
REGINN::i=47: rdisc=0.229, rnorm=0.410, rerr=0.713
REGINN::0.100 <= estimate <= 8.94
REGINN::Solving linear problem using rtol=0.908
REGINN:CGLS::k=0: rdisc=1.00, norm=0.00
REGINN:CGLS::k=1: rdisc=0.905, norm=0.00252
REGINN:CGLS::Target discrepancy reached after 1 iteration.
REGINN:post_processing::Adjusted lower bound of estimate from 0.0624 to 0.100
REGINN::i=48: rdisc=0.220, rnorm=0.410, rerr=0.713
REGINN::0.100 <= estimate <= 8.95
REGINN::Solving linear problem using rtol=0.777
REGINN:CGLS::k=0: rdisc=1.00, norm=0.00
REGINN:CGLS::k=1: rdisc=0.941, norm=0.00194
REGINN:CGLS::k=2: rdisc=0.925, norm=0.00268
REGINN:CGLS::k=3: rdisc=0.909, norm=0.00375
REGINN:CGLS::k=4: rdisc=0.899, norm=0.00461
REGINN:CGLS::k=5: rdisc=0.889, norm=0.00565
REGINN:CGLS::k=6: rdisc=0.877, norm=0.00725
REGINN:CGLS::k=7: rdisc=0.867, norm=0.00885
REGINN:CGLS::k=8: rdisc=0.854, norm=0.0112
REGINN:CGLS::k=9: rdisc=0.836, norm=0.0147
REGINN:CGLS::k=10: rdisc=0.812, norm=0.0193
REGINN:CGLS::k=11: rdisc=0.801, norm=0.0217
REGINN:CGLS::k=12: rdisc=0.777, norm=0.0267
REGINN:CGLS::k=13: rdisc=0.756, norm=0.0312
REGINN:CGLS::Target discrepancy reached after 13 iterations.
REGINN:post_processing::Adjusted lower bound of estimate from -0.460 to 0.100
REGINN::i=49: rdisc=0.314, rnorm=0.410, rerr=0.712
REGINN::0.100 <= estimate <= 9.15
REGINN::Solving linear problem using rtol=0.934
REGINN:CGLS::k=0: rdisc=1.00, norm=0.00
REGINN:CGLS::k=1: rdisc=0.687, norm=0.00781
REGINN:CGLS::Target discrepancy reached after 1 iteration.
REGINN:post_processing::Adjusted lower bound of estimate from -0.0191 to 0.100
REGINN::i=50: rdisc=0.248, rnorm=0.410, rerr=0.712
REGINN::Saving current residual in ./step-0050/
REGINN::Saving current estimate in ./step-0050/
REGINN::0.100 <= estimate <= 9.15
REGINN::Solving linear problem using rtol=0.798
REGINN:CGLS::k=0: rdisc=1.00, norm=0.00
REGINN:CGLS::k=1: rdisc=0.853, norm=0.00375
REGINN:CGLS::k=2: rdisc=0.821, norm=0.00479
REGINN:CGLS::k=3: rdisc=0.793, norm=0.00621
REGINN:CGLS::Target discrepancy reached after 3 iterations.
REGINN:post_processing::Adjusted lower bound of estimate from -0.0334 to 0.100
REGINN::i=51: rdisc=0.223, rnorm=0.410, rerr=0.712
REGINN::0.100 <= estimate <= 9.17
REGINN::Solving linear problem using rtol=0.886
REGINN:CGLS::k=0: rdisc=1.00, norm=0.00
REGINN:CGLS::k=1: rdisc=0.920, norm=0.00226
REGINN:CGLS::k=2: rdisc=0.898, norm=0.00313
REGINN:CGLS::k=3: rdisc=0.879, norm=0.00427
REGINN:CGLS::Target discrepancy reached after 3 iterations.
REGINN:post_processing::Adjusted lower bound of estimate from 0.00615 to 0.100
REGINN::i=52: rdisc=0.213, rnorm=0.410, rerr=0.712
REGINN::0.100 <= estimate <= 9.18
REGINN::Solving linear problem using rtol=0.842
REGINN:CGLS::k=0: rdisc=1.00, norm=0.00
REGINN:CGLS::k=1: rdisc=0.949, norm=0.00165
REGINN:CGLS::k=2: rdisc=0.931, norm=0.00255
REGINN:CGLS::k=3: rdisc=0.912, norm=0.00400
REGINN:CGLS::k=4: rdisc=0.903, norm=0.00485
REGINN:CGLS::k=5: rdisc=0.896, norm=0.00570
REGINN:CGLS::k=6: rdisc=0.886, norm=0.00699
REGINN:CGLS::k=7: rdisc=0.876, norm=0.00839
REGINN:CGLS::k=8: rdisc=0.864, norm=0.0104
REGINN:CGLS::k=9: rdisc=0.846, norm=0.0137
REGINN:CGLS::k=10: rdisc=0.824, norm=0.0178
REGINN:CGLS::Target discrepancy reached after 10 iterations.
REGINN:post_processing::Adjusted lower bound of estimate from -0.246 to 0.100
REGINN::i=53: rdisc=0.251, rnorm=0.410, rerr=0.712
REGINN::0.100 <= estimate <= 9.29
REGINN::Solving linear problem using rtol=0.905
REGINN:CGLS::k=0: rdisc=1.00, norm=0.00
REGINN:CGLS::k=1: rdisc=0.799, norm=0.00424
REGINN:CGLS::Target discrepancy reached after 1 iteration.
REGINN:post_processing::Adjusted lower bound of estimate from 0.0337 to 0.100
REGINN::i=54: rdisc=0.219, rnorm=0.410, rerr=0.712
REGINN::0.100 <= estimate <= 9.29
REGINN::Solving linear problem using rtol=0.774
REGINN:CGLS::k=0: rdisc=1.00, norm=0.00
REGINN:CGLS::k=1: rdisc=0.910, norm=0.00234
REGINN:CGLS::k=2: rdisc=0.890, norm=0.00312
REGINN:CGLS::k=3: rdisc=0.875, norm=0.00399
REGINN:CGLS::k=4: rdisc=0.866, norm=0.00471
REGINN:CGLS::k=5: rdisc=0.858, norm=0.00546
REGINN:CGLS::k=6: rdisc=0.850, norm=0.00658
REGINN:CGLS::k=7: rdisc=0.840, norm=0.00807
REGINN:CGLS::k=8: rdisc=0.827, norm=0.0105
REGINN:CGLS::k=9: rdisc=0.810, norm=0.0142
REGINN:CGLS::k=10: rdisc=0.792, norm=0.0181
REGINN:CGLS::k=11: rdisc=0.775, norm=0.0220
REGINN:CGLS::k=12: rdisc=0.751, norm=0.0274
REGINN:CGLS::Target discrepancy reached after 12 iterations.
REGINN:post_processing::Adjusted lower bound of estimate from -0.314 to 0.100
REGINN::i=55: rdisc=0.297, rnorm=0.410, rerr=0.712
REGINN::0.100 <= estimate <= 9.38
REGINN::Solving linear problem using rtol=0.932
REGINN:CGLS::k=0: rdisc=1.00, norm=0.00
REGINN:CGLS::k=1: rdisc=0.690, norm=0.00676
REGINN:CGLS::Target discrepancy reached after 1 iteration.
REGINN:post_processing::Adjusted lower bound of estimate from -0.00719 to 0.100
REGINN::i=56: rdisc=0.234, rnorm=0.410, rerr=0.711
REGINN::0.100 <= estimate <= 9.38
REGINN::Solving linear problem using rtol=0.797
REGINN:CGLS::k=0: rdisc=1.00, norm=0.00
REGINN:CGLS::k=1: rdisc=0.856, norm=0.00332
REGINN:CGLS::k=2: rdisc=0.828, norm=0.00419
REGINN:CGLS::k=3: rdisc=0.802, norm=0.00540
REGINN:CGLS::k=4: rdisc=0.790, norm=0.00614
REGINN:CGLS::Target discrepancy reached after 4 iterations.
REGINN:post_processing::Adjusted lower bound of estimate from -0.0567 to 0.100
REGINN::i=57: rdisc=0.211, rnorm=0.411, rerr=0.711
REGINN::0.100 <= estimate <= 9.39
REGINN::Solving linear problem using rtol=0.902
REGINN:CGLS::k=0: rdisc=1.00, norm=0.00
REGINN:CGLS::k=1: rdisc=0.916, norm=0.00208
REGINN:CGLS::k=2: rdisc=0.903, norm=0.00255
REGINN:CGLS::k=3: rdisc=0.886, norm=0.00347
REGINN:CGLS::Target discrepancy reached after 3 iterations.
REGINN:post_processing::Adjusted lower bound of estimate from 0.0179 to 0.100
REGINN::i=58: rdisc=0.202, rnorm=0.411, rerr=0.711
REGINN::0.100 <= estimate <= 9.39
REGINN::Solving linear problem using rtol=0.771
REGINN:CGLS::k=0: rdisc=1.00, norm=0.00
REGINN:CGLS::k=1: rdisc=0.950, norm=0.00147
REGINN:CGLS::k=2: rdisc=0.940, norm=0.00193
REGINN:CGLS::k=3: rdisc=0.927, norm=0.00280
REGINN:CGLS::k=4: rdisc=0.918, norm=0.00364
REGINN:CGLS::k=5: rdisc=0.909, norm=0.00473
REGINN:CGLS::k=6: rdisc=0.899, norm=0.00613
REGINN:CGLS::k=7: rdisc=0.887, norm=0.00797
REGINN:CGLS::k=8: rdisc=0.872, norm=0.0107
REGINN:CGLS::k=9: rdisc=0.854, norm=0.0141
REGINN:CGLS::k=10: rdisc=0.836, norm=0.0175
REGINN:CGLS::k=11: rdisc=0.816, norm=0.0213
REGINN:CGLS::k=12: rdisc=0.800, norm=0.0245
REGINN:CGLS::k=13: rdisc=0.781, norm=0.0281
REGINN:CGLS::k=14: rdisc=0.764, norm=0.0315
REGINN:CGLS::Target discrepancy reached after 14 iterations.
REGINN:post_processing::Adjusted lower bound of estimate from -0.358 to 0.100
REGINN::i=59: rdisc=0.321, rnorm=0.411, rerr=0.711
REGINN::0.100 <= estimate <= 9.45
REGINN::Solving linear problem using rtol=0.903
REGINN:CGLS::k=0: rdisc=1.00, norm=0.00
REGINN:CGLS::k=1: rdisc=0.656, norm=0.00782
REGINN:CGLS::Target discrepancy reached after 1 iteration.
REGINN:post_processing::Adjusted lower bound of estimate from -0.0179 to 0.100
REGINN::i=60: rdisc=0.240, rnorm=0.411, rerr=0.711
REGINN::0.100 <= estimate <= 9.45
REGINN::Solving linear problem using rtol=0.772
REGINN:CGLS::k=0: rdisc=1.00, norm=0.00
REGINN:CGLS::k=1: rdisc=0.833, norm=0.00369
REGINN:CGLS::k=2: rdisc=0.805, norm=0.00449
REGINN:CGLS::k=3: rdisc=0.770, norm=0.00599
REGINN:CGLS::Target discrepancy reached after 3 iterations.
REGINN:post_processing::Adjusted lower bound of estimate from -0.0326 to 0.100
REGINN::i=61: rdisc=0.210, rnorm=0.411, rerr=0.711
REGINN::0.100 <= estimate <= 9.45
REGINN::Solving linear problem using rtol=0.878
REGINN:CGLS::k=0: rdisc=1.00, norm=0.00
REGINN:CGLS::k=1: rdisc=0.918, norm=0.00201
REGINN:CGLS::k=2: rdisc=0.902, norm=0.00254
REGINN:CGLS::k=3: rdisc=0.878, norm=0.00377
REGINN:CGLS::k=4: rdisc=0.866, norm=0.00461
REGINN:CGLS::Target discrepancy reached after 4 iterations.
REGINN:post_processing::Adjusted lower bound of estimate from -0.00150 to 0.100
REGINN::i=62: rdisc=0.200, rnorm=0.411, rerr=0.711
REGINN::0.100 <= estimate <= 9.45
REGINN::Solving linear problem using rtol=0.863
REGINN:CGLS::k=0: rdisc=1.00, norm=0.00
REGINN:CGLS::k=1: rdisc=0.943, norm=0.00154
REGINN:CGLS::k=2: rdisc=0.933, norm=0.00191
REGINN:CGLS::k=3: rdisc=0.918, norm=0.00288
REGINN:CGLS::k=4: rdisc=0.908, norm=0.00379
REGINN:CGLS::k=5: rdisc=0.897, norm=0.00503
REGINN:CGLS::k=6: rdisc=0.886, norm=0.00653
REGINN:CGLS::k=7: rdisc=0.877, norm=0.00779
REGINN:CGLS::k=8: rdisc=0.866, norm=0.00960
REGINN:CGLS::k=9: rdisc=0.851, norm=0.0123
REGINN:CGLS::Target discrepancy reached after 9 iterations.
REGINN:post_processing::Adjusted lower bound of estimate from -0.138 to 0.100
REGINN::i=63: rdisc=0.221, rnorm=0.411, rerr=0.711
REGINN::0.100 <= estimate <= 9.47
REGINN::Solving linear problem using rtol=0.892
REGINN:CGLS::k=0: rdisc=1.00, norm=0.00
REGINN:CGLS::k=1: rdisc=0.842, norm=0.00297
REGINN:CGLS::Target discrepancy reached after 1 iteration.
REGINN:post_processing::Adjusted lower bound of estimate from 0.0615 to 0.100
REGINN::i=64: rdisc=0.199, rnorm=0.411, rerr=0.711
REGINN::0.100 <= estimate <= 9.47
REGINN::Solving linear problem using rtol=0.763
REGINN:CGLS::k=0: rdisc=1.00, norm=0.00
REGINN:CGLS::k=1: rdisc=0.930, norm=0.00175
REGINN:CGLS::k=2: rdisc=0.919, norm=0.00216
REGINN:CGLS::k=3: rdisc=0.906, norm=0.00287
REGINN:CGLS::k=4: rdisc=0.899, norm=0.00342
REGINN:CGLS::k=5: rdisc=0.891, norm=0.00428
REGINN:CGLS::k=6: rdisc=0.881, norm=0.00577
REGINN:CGLS::k=7: rdisc=0.872, norm=0.00729
REGINN:CGLS::k=8: rdisc=0.856, norm=0.0101
REGINN:CGLS::k=9: rdisc=0.842, norm=0.0129
REGINN:CGLS::k=10: rdisc=0.827, norm=0.0159
REGINN:CGLS::k=11: rdisc=0.806, norm=0.0200
REGINN:CGLS::k=12: rdisc=0.788, norm=0.0237
REGINN:CGLS::k=13: rdisc=0.763, norm=0.0288
REGINN:CGLS::k=14: rdisc=0.750, norm=0.0315
REGINN:CGLS::Target discrepancy reached after 14 iterations.
REGINN:post_processing::Adjusted lower bound of estimate from -0.523 to 0.100
REGINN::i=65: rdisc=0.319, rnorm=0.411, rerr=0.710
REGINN::0.100 <= estimate <= 9.50
REGINN::Solving linear problem using rtol=0.934
REGINN:CGLS::k=0: rdisc=1.00, norm=0.00
REGINN:CGLS::k=1: rdisc=0.650, norm=0.00764
REGINN:CGLS::Target discrepancy reached after 1 iteration.
REGINN:post_processing::Adjusted lower bound of estimate from 0.00219 to 0.100
REGINN::i=66: rdisc=0.238, rnorm=0.411, rerr=0.710
REGINN::0.100 <= estimate <= 9.50
REGINN::Solving linear problem using rtol=0.798
REGINN:CGLS::k=0: rdisc=1.00, norm=0.00
REGINN:CGLS::k=1: rdisc=0.824, norm=0.00360
REGINN:CGLS::k=2: rdisc=0.793, norm=0.00433
REGINN:CGLS::Target discrepancy reached after 2 iterations.
REGINN:post_processing::Adjusted lower bound of estimate from 0.0159 to 0.100
REGINN::i=67: rdisc=0.210, rnorm=0.411, rerr=0.710
REGINN::0.100 <= estimate <= 9.50
REGINN::Solving linear problem using rtol=0.854
REGINN:CGLS::k=0: rdisc=1.00, norm=0.00
REGINN:CGLS::k=1: rdisc=0.921, norm=0.00187
REGINN:CGLS::k=2: rdisc=0.889, norm=0.00280
REGINN:CGLS::k=3: rdisc=0.856, norm=0.00432
REGINN:CGLS::k=4: rdisc=0.843, norm=0.00512
REGINN:CGLS::Target discrepancy reached after 4 iterations.
REGINN:post_processing::Adjusted lower bound of estimate from 0.00102 to 0.100
REGINN::i=68: rdisc=0.197, rnorm=0.411, rerr=0.710
REGINN::0.100 <= estimate <= 9.51
REGINN::Solving linear problem using rtol=0.881
REGINN:CGLS::k=0: rdisc=1.00, norm=0.00
REGINN:CGLS::k=1: rdisc=0.942, norm=0.00151
REGINN:CGLS::k=2: rdisc=0.929, norm=0.00193
REGINN:CGLS::k=3: rdisc=0.907, norm=0.00311
REGINN:CGLS::k=4: rdisc=0.896, norm=0.00404
REGINN:CGLS::k=5: rdisc=0.886, norm=0.00503
REGINN:CGLS::k=6: rdisc=0.875, norm=0.00634
REGINN:CGLS::Target discrepancy reached after 6 iterations.
REGINN:post_processing::Adjusted lower bound of estimate from 0.00393 to 0.100
REGINN::i=69: rdisc=0.195, rnorm=0.411, rerr=0.710
REGINN::0.100 <= estimate <= 9.51
REGINN::Solving linear problem using rtol=0.874
REGINN:CGLS::k=0: rdisc=1.00, norm=0.00
REGINN:CGLS::k=1: rdisc=0.925, norm=0.00176
REGINN:CGLS::k=2: rdisc=0.912, norm=0.00227
REGINN:CGLS::k=3: rdisc=0.906, norm=0.00265
REGINN:CGLS::k=4: rdisc=0.899, norm=0.00318
REGINN:CGLS::k=5: rdisc=0.890, norm=0.00422
REGINN:CGLS::k=6: rdisc=0.879, norm=0.00580
REGINN:CGLS::k=7: rdisc=0.869, norm=0.00741
REGINN:CGLS::Target discrepancy reached after 7 iterations.
REGINN:post_processing::Adjusted lower bound of estimate from -0.0328 to 0.100
REGINN::i=70: rdisc=0.198, rnorm=0.411, rerr=0.710
REGINN::0.100 <= estimate <= 9.51
REGINN::Solving linear problem using rtol=0.848
REGINN:CGLS::k=0: rdisc=1.00, norm=0.00
REGINN:CGLS::k=1: rdisc=0.902, norm=0.00203
REGINN:CGLS::k=2: rdisc=0.892, norm=0.00231
REGINN:CGLS::k=3: rdisc=0.885, norm=0.00268
REGINN:CGLS::k=4: rdisc=0.880, norm=0.00303
REGINN:CGLS::k=5: rdisc=0.873, norm=0.00382
REGINN:CGLS::k=6: rdisc=0.863, norm=0.00541
REGINN:CGLS::k=7: rdisc=0.848, norm=0.00801
REGINN:CGLS::k=8: rdisc=0.831, norm=0.0113
REGINN:CGLS::Target discrepancy reached after 8 iterations.
REGINN:post_processing::Adjusted lower bound of estimate from -0.138 to 0.100
REGINN::i=71: rdisc=0.215, rnorm=0.411, rerr=0.710
REGINN::0.100 <= estimate <= 9.52
REGINN::Solving linear problem using rtol=0.823
REGINN:CGLS::k=0: rdisc=1.00, norm=0.00
REGINN:CGLS::k=1: rdisc=0.834, norm=0.00291
REGINN:CGLS::k=2: rdisc=0.820, norm=0.00317
REGINN:CGLS::Target discrepancy reached after 2 iterations.
REGINN:post_processing::Adjusted lower bound of estimate from 0.0485 to 0.100
REGINN::i=72: rdisc=0.192, rnorm=0.411, rerr=0.710
REGINN::0.100 <= estimate <= 9.52
REGINN::Solving linear problem using rtol=0.704
REGINN:CGLS::k=0: rdisc=1.00, norm=0.00
REGINN:CGLS::k=1: rdisc=0.926, norm=0.00171
REGINN:CGLS::k=2: rdisc=0.914, norm=0.00213
REGINN:CGLS::k=3: rdisc=0.908, norm=0.00247
REGINN:CGLS::k=4: rdisc=0.903, norm=0.00285
REGINN:CGLS::k=5: rdisc=0.896, norm=0.00374
REGINN:CGLS::k=6: rdisc=0.883, norm=0.00573
REGINN:CGLS::k=7: rdisc=0.869, norm=0.00840
REGINN:CGLS::k=8: rdisc=0.850, norm=0.0119
REGINN:CGLS::k=9: rdisc=0.831, norm=0.0157
REGINN:CGLS::k=10: rdisc=0.817, norm=0.0184
REGINN:CGLS::k=11: rdisc=0.797, norm=0.0223
REGINN:CGLS::k=12: rdisc=0.782, norm=0.0252
REGINN:CGLS::k=13: rdisc=0.759, norm=0.0298
REGINN:CGLS::k=14: rdisc=0.744, norm=0.0327
REGINN:CGLS::k=15: rdisc=0.729, norm=0.0357
REGINN:CGLS::k=16: rdisc=0.720, norm=0.0374
REGINN:CGLS::k=17: rdisc=0.708, norm=0.0398
REGINN:CGLS::k=18: rdisc=0.697, norm=0.0420
REGINN:CGLS::Target discrepancy reached after 18 iterations.
REGINN:post_processing::Adjusted lower bound of estimate from -0.833 to 0.100
REGINN::i=73: rdisc=0.382, rnorm=0.412, rerr=0.710
REGINN::0.100 <= estimate <= 9.57
REGINN::Solving linear problem using rtol=0.919
REGINN:CGLS::k=0: rdisc=1.00, norm=0.00
REGINN:CGLS::k=1: rdisc=0.606, norm=0.0108
REGINN:CGLS::Target discrepancy reached after 1 iteration.
REGINN:post_processing::Adjusted lower bound of estimate from -0.0490 to 0.100
REGINN::i=74: rdisc=0.271, rnorm=0.412, rerr=0.710
REGINN::0.100 <= estimate <= 9.56
REGINN::Solving linear problem using rtol=0.786
REGINN:CGLS::k=0: rdisc=1.00, norm=0.00
REGINN:CGLS::k=1: rdisc=0.806, norm=0.00402
REGINN:CGLS::k=2: rdisc=0.724, norm=0.00590
REGINN:CGLS::Target discrepancy reached after 2 iterations.
REGINN:post_processing::Adjusted lower bound of estimate from -0.00687 to 0.100
REGINN::i=75: rdisc=0.228, rnorm=0.412, rerr=0.710
REGINN::0.100 <= estimate <= 9.56
REGINN::Solving linear problem using rtol=0.848
REGINN:CGLS::k=0: rdisc=1.00, norm=0.00
REGINN:CGLS::k=1: rdisc=0.903, norm=0.00204
REGINN:CGLS::k=2: rdisc=0.844, norm=0.00361
REGINN:CGLS::Target discrepancy reached after 2 iterations.
REGINN:post_processing::Adjusted lower bound of estimate from 0.0337 to 0.100
REGINN::i=76: rdisc=0.210, rnorm=0.412, rerr=0.709
REGINN::0.100 <= estimate <= 9.56
REGINN::Solving linear problem using rtol=0.806
REGINN:CGLS::k=0: rdisc=1.00, norm=0.00
REGINN:CGLS::k=1: rdisc=0.948, norm=0.00127
REGINN:CGLS::k=2: rdisc=0.900, norm=0.00285
REGINN:CGLS::k=3: rdisc=0.861, norm=0.00462
REGINN:CGLS::k=4: rdisc=0.836, norm=0.00621
REGINN:CGLS::k=5: rdisc=0.823, norm=0.00724
REGINN:CGLS::k=6: rdisc=0.812, norm=0.00825
REGINN:CGLS::k=7: rdisc=0.803, norm=0.00913
REGINN:CGLS::Target discrepancy reached after 7 iterations.
REGINN:post_processing::Adjusted lower bound of estimate from -0.00416 to 0.100
REGINN::i=77: rdisc=0.203, rnorm=0.412, rerr=0.709
REGINN::0.100 <= estimate <= 9.56
REGINN::Solving linear problem using rtol=0.897
REGINN:CGLS::k=0: rdisc=1.00, norm=0.00
REGINN:CGLS::k=1: rdisc=0.901, norm=0.00205
REGINN:CGLS::k=2: rdisc=0.885, norm=0.00245
REGINN:CGLS::Target discrepancy reached after 2 iterations.
REGINN:post_processing::Adjusted lower bound of estimate from 0.0567 to 0.100
REGINN::i=78: rdisc=0.192, rnorm=0.412, rerr=0.709
REGINN::0.100 <= estimate <= 9.56
REGINN::Solving linear problem using rtol=0.767
REGINN:CGLS::k=0: rdisc=1.00, norm=0.00
REGINN:CGLS::k=1: rdisc=0.959, norm=0.00107
REGINN:CGLS::k=2: rdisc=0.940, norm=0.00172
REGINN:CGLS::k=3: rdisc=0.919, norm=0.00288
REGINN:CGLS::k=4: rdisc=0.903, norm=0.00420
REGINN:CGLS::k=5: rdisc=0.890, norm=0.00561
REGINN:CGLS::k=6: rdisc=0.876, norm=0.00733
REGINN:CGLS::k=7: rdisc=0.863, norm=0.00921
REGINN:CGLS::k=8: rdisc=0.851, norm=0.0109
REGINN:CGLS::k=9: rdisc=0.838, norm=0.0130
REGINN:CGLS::k=10: rdisc=0.825, norm=0.0150
REGINN:CGLS::k=11: rdisc=0.815, norm=0.0167
REGINN:CGLS::k=12: rdisc=0.804, norm=0.0187
REGINN:CGLS::k=13: rdisc=0.783, norm=0.0223
REGINN:CGLS::k=14: rdisc=0.770, norm=0.0248
REGINN:CGLS::k=15: rdisc=0.755, norm=0.0274
REGINN:CGLS::Target discrepancy reached after 15 iterations.
REGINN:post_processing::Adjusted lower bound of estimate from -0.342 to 0.100
REGINN::i=79: rdisc=0.293, rnorm=0.412, rerr=0.709
REGINN::0.100 <= estimate <= 9.56
REGINN::Solving linear problem using rtol=0.921
REGINN:CGLS::k=0: rdisc=1.00, norm=0.00
REGINN:CGLS::k=1: rdisc=0.674, norm=0.00643
REGINN:CGLS::Target discrepancy reached after 1 iteration.
REGINN:post_processing::Adjusted lower bound of estimate from 0.0131 to 0.100
REGINN::i=80: rdisc=0.224, rnorm=0.412, rerr=0.709
REGINN::0.100 <= estimate <= 9.55
REGINN::Solving linear problem using rtol=0.787
REGINN:CGLS::k=0: rdisc=1.00, norm=0.00
REGINN:CGLS::k=1: rdisc=0.856, norm=0.00268
REGINN:CGLS::k=2: rdisc=0.814, norm=0.00357
REGINN:CGLS::k=3: rdisc=0.773, norm=0.00513
REGINN:CGLS::Target discrepancy reached after 3 iterations.
REGINN:post_processing::Adjusted lower bound of estimate from 0.0104 to 0.100
REGINN::i=81: rdisc=0.196, rnorm=0.412, rerr=0.709
REGINN::0.100 <= estimate <= 9.55
REGINN::Solving linear problem using rtol=0.883
REGINN:CGLS::k=0: rdisc=1.00, norm=0.00
REGINN:CGLS::k=1: rdisc=0.925, norm=0.00158
REGINN:CGLS::k=2: rdisc=0.907, norm=0.00205
REGINN:CGLS::k=3: rdisc=0.879, norm=0.00347
REGINN:CGLS::Target discrepancy reached after 3 iterations.
REGINN:post_processing::Adjusted lower bound of estimate from 0.0500 to 0.100
REGINN::i=82: rdisc=0.187, rnorm=0.412, rerr=0.709
REGINN::0.100 <= estimate <= 9.55
REGINN::Solving linear problem using rtol=0.838
REGINN:CGLS::k=0: rdisc=1.00, norm=0.00
REGINN:CGLS::k=1: rdisc=0.954, norm=0.00115
REGINN:CGLS::k=2: rdisc=0.944, norm=0.00146
REGINN:CGLS::k=3: rdisc=0.920, norm=0.00292
REGINN:CGLS::k=4: rdisc=0.911, norm=0.00370
REGINN:CGLS::k=5: rdisc=0.897, norm=0.00510
REGINN:CGLS::k=6: rdisc=0.888, norm=0.00613
REGINN:CGLS::k=7: rdisc=0.880, norm=0.00711
REGINN:CGLS::k=8: rdisc=0.873, norm=0.00817
REGINN:CGLS::k=9: rdisc=0.863, norm=0.00965
REGINN:CGLS::k=10: rdisc=0.847, norm=0.0122
REGINN:CGLS::k=11: rdisc=0.834, norm=0.0144
REGINN:CGLS::Target discrepancy reached after 11 iterations.
REGINN:post_processing::Adjusted lower bound of estimate from -0.0946 to 0.100
REGINN::i=83: rdisc=0.223, rnorm=0.412, rerr=0.709
REGINN::0.100 <= estimate <= 9.55
REGINN::Solving linear problem using rtol=0.908
REGINN:CGLS::k=0: rdisc=1.00, norm=0.00
REGINN:CGLS::k=1: rdisc=0.794, norm=0.00330
REGINN:CGLS::Target discrepancy reached after 1 iteration.
REGINN:post_processing::Adjusted lower bound of estimate from 0.0566 to 0.100
REGINN::i=84: rdisc=0.193, rnorm=0.412, rerr=0.709
REGINN::0.100 <= estimate <= 9.55
REGINN::Solving linear problem using rtol=0.776
REGINN:CGLS::k=0: rdisc=1.00, norm=0.00
REGINN:CGLS::k=1: rdisc=0.912, norm=0.00173
REGINN:CGLS::k=2: rdisc=0.900, norm=0.00203
REGINN:CGLS::k=3: rdisc=0.876, norm=0.00314
REGINN:CGLS::k=4: rdisc=0.868, norm=0.00375
REGINN:CGLS::k=5: rdisc=0.860, norm=0.00447
REGINN:CGLS::k=6: rdisc=0.854, norm=0.00524
REGINN:CGLS::k=7: rdisc=0.847, norm=0.00609
REGINN:CGLS::k=8: rdisc=0.838, norm=0.00749
REGINN:CGLS::k=9: rdisc=0.827, norm=0.00944
REGINN:CGLS::k=10: rdisc=0.810, norm=0.0125
REGINN:CGLS::k=11: rdisc=0.793, norm=0.0159
REGINN:CGLS::k=12: rdisc=0.778, norm=0.0190
REGINN:CGLS::k=13: rdisc=0.766, norm=0.0214
REGINN:CGLS::Target discrepancy reached after 13 iterations.
REGINN:post_processing::Adjusted lower bound of estimate from -0.229 to 0.100
REGINN::i=85: rdisc=0.269, rnorm=0.412, rerr=0.709
REGINN::0.100 <= estimate <= 9.54
REGINN::Solving linear problem using rtol=0.934
REGINN:CGLS::k=0: rdisc=1.00, norm=0.00
REGINN:CGLS::k=1: rdisc=0.711, norm=0.00475
REGINN:CGLS::Target discrepancy reached after 1 iteration.
REGINN:post_processing::Adjusted lower bound of estimate from 0.0405 to 0.100
REGINN::i=86: rdisc=0.215, rnorm=0.412, rerr=0.709
REGINN::0.100 <= estimate <= 9.54
REGINN::Solving linear problem using rtol=0.798
REGINN:CGLS::k=0: rdisc=1.00, norm=0.00
REGINN:CGLS::k=1: rdisc=0.837, norm=0.00269
REGINN:CGLS::k=2: rdisc=0.814, norm=0.00313
REGINN:CGLS::k=3: rdisc=0.780, norm=0.00441
REGINN:CGLS::Target discrepancy reached after 3 iterations.
REGINN:post_processing::Adjusted lower bound of estimate from 0.0369 to 0.100
REGINN::i=87: rdisc=0.190, rnorm=0.412, rerr=0.709
REGINN::0.100 <= estimate <= 9.54
REGINN::Solving linear problem using rtol=0.886
REGINN:CGLS::k=0: rdisc=1.00, norm=0.00
REGINN:CGLS::k=1: rdisc=0.911, norm=0.00170
REGINN:CGLS::k=2: rdisc=0.903, norm=0.00190
REGINN:CGLS::k=3: rdisc=0.881, norm=0.00305
REGINN:CGLS::Target discrepancy reached after 3 iterations.
REGINN:post_processing::Adjusted lower bound of estimate from 0.0583 to 0.100
REGINN::i=88: rdisc=0.181, rnorm=0.412, rerr=0.709
REGINN::0.100 <= estimate <= 9.54
REGINN::Solving linear problem using rtol=0.842
REGINN:CGLS::k=0: rdisc=1.00, norm=0.00
REGINN:CGLS::k=1: rdisc=0.946, norm=0.00123
REGINN:CGLS::k=2: rdisc=0.933, norm=0.00186
REGINN:CGLS::k=3: rdisc=0.922, norm=0.00259
REGINN:CGLS::k=4: rdisc=0.917, norm=0.00310
REGINN:CGLS::k=5: rdisc=0.907, norm=0.00417
REGINN:CGLS::k=6: rdisc=0.899, norm=0.00514
REGINN:CGLS::k=7: rdisc=0.885, norm=0.00714
REGINN:CGLS::k=8: rdisc=0.877, norm=0.00833
REGINN:CGLS::k=9: rdisc=0.865, norm=0.0103
REGINN:CGLS::k=10: rdisc=0.850, norm=0.0129
REGINN:CGLS::k=11: rdisc=0.835, norm=0.0155
REGINN:CGLS::Target discrepancy reached after 11 iterations.
REGINN:post_processing::Adjusted lower bound of estimate from -0.136 to 0.100
REGINN::i=89: rdisc=0.232, rnorm=0.412, rerr=0.708
REGINN::0.100 <= estimate <= 9.54
REGINN::Solving linear problem using rtol=0.909
REGINN:CGLS::k=0: rdisc=1.00, norm=0.00
REGINN:CGLS::k=1: rdisc=0.768, norm=0.00336
REGINN:CGLS::Target discrepancy reached after 1 iteration.
REGINN:post_processing::Adjusted lower bound of estimate from 0.0615 to 0.100
REGINN::i=90: rdisc=0.196, rnorm=0.413, rerr=0.708
REGINN::0.100 <= estimate <= 9.54
REGINN::Solving linear problem using rtol=0.777
REGINN:CGLS::k=0: rdisc=1.00, norm=0.00
REGINN:CGLS::k=1: rdisc=0.878, norm=0.00203
REGINN:CGLS::k=2: rdisc=0.868, norm=0.00224
REGINN:CGLS::k=3: rdisc=0.844, norm=0.00326
REGINN:CGLS::k=4: rdisc=0.836, norm=0.00371
REGINN:CGLS::k=5: rdisc=0.829, norm=0.00437
REGINN:CGLS::k=6: rdisc=0.824, norm=0.00486
REGINN:CGLS::k=7: rdisc=0.819, norm=0.00557
REGINN:CGLS::k=8: rdisc=0.812, norm=0.00662
REGINN:CGLS::k=9: rdisc=0.799, norm=0.00887
REGINN:CGLS::k=10: rdisc=0.783, norm=0.0120
REGINN:CGLS::k=11: rdisc=0.766, norm=0.0155
REGINN:CGLS::Target discrepancy reached after 11 iterations.
REGINN:post_processing::Adjusted lower bound of estimate from -0.142 to 0.100
REGINN::i=91: rdisc=0.236, rnorm=0.413, rerr=0.708
REGINN::0.100 <= estimate <= 9.54
REGINN::Solving linear problem using rtol=0.931
REGINN:CGLS::k=0: rdisc=1.00, norm=0.00
REGINN:CGLS::k=1: rdisc=0.754, norm=0.00347
REGINN:CGLS::Target discrepancy reached after 1 iteration.
REGINN:post_processing::Adjusted lower bound of estimate from 0.0592 to 0.100
REGINN::i=92: rdisc=0.199, rnorm=0.413, rerr=0.708
REGINN::0.100 <= estimate <= 9.54
REGINN::Solving linear problem using rtol=0.796
REGINN:CGLS::k=0: rdisc=1.00, norm=0.00
REGINN:CGLS::k=1: rdisc=0.860, norm=0.00218
REGINN:CGLS::k=2: rdisc=0.849, norm=0.00239
REGINN:CGLS::k=3: rdisc=0.825, norm=0.00334
REGINN:CGLS::k=4: rdisc=0.818, norm=0.00376
REGINN:CGLS::k=5: rdisc=0.810, norm=0.00437
REGINN:CGLS::k=6: rdisc=0.806, norm=0.00480
REGINN:CGLS::k=7: rdisc=0.801, norm=0.00553
REGINN:CGLS::k=8: rdisc=0.793, norm=0.00670
REGINN:CGLS::Target discrepancy reached after 8 iterations.
REGINN:post_processing::Adjusted lower bound of estimate from -0.0157 to 0.100
REGINN::i=93: rdisc=0.196, rnorm=0.413, rerr=0.708
REGINN::0.100 <= estimate <= 9.54
REGINN::Solving linear problem using rtol=0.926
REGINN:CGLS::k=0: rdisc=1.00, norm=0.00
REGINN:CGLS::k=1: rdisc=0.857, norm=0.00211
REGINN:CGLS::Target discrepancy reached after 1 iteration.
REGINN:post_processing::Adjusted lower bound of estimate from 0.0761 to 0.100
REGINN::i=94: rdisc=0.180, rnorm=0.413, rerr=0.708
REGINN::0.100 <= estimate <= 9.54
REGINN::Solving linear problem using rtol=0.792
REGINN:CGLS::k=0: rdisc=1.00, norm=0.00
REGINN:CGLS::k=1: rdisc=0.927, norm=0.00136
REGINN:CGLS::k=2: rdisc=0.921, norm=0.00153
REGINN:CGLS::k=3: rdisc=0.906, norm=0.00225
REGINN:CGLS::k=4: rdisc=0.901, norm=0.00262
REGINN:CGLS::k=5: rdisc=0.893, norm=0.00356
REGINN:CGLS::k=6: rdisc=0.885, norm=0.00451
REGINN:CGLS::k=7: rdisc=0.872, norm=0.00663
REGINN:CGLS::k=8: rdisc=0.865, norm=0.00788
REGINN:CGLS::k=9: rdisc=0.848, norm=0.0108
REGINN:CGLS::k=10: rdisc=0.831, norm=0.0140
REGINN:CGLS::k=11: rdisc=0.814, norm=0.0170
REGINN:CGLS::k=12: rdisc=0.799, norm=0.0198
REGINN:CGLS::k=13: rdisc=0.791, norm=0.0214
REGINN:CGLS::Target discrepancy reached after 13 iterations.
REGINN:post_processing::Adjusted lower bound of estimate from -0.177 to 0.100
REGINN::i=95: rdisc=0.273, rnorm=0.413, rerr=0.708
REGINN::0.100 <= estimate <= 9.54
REGINN::Solving linear problem using rtol=0.935
REGINN:CGLS::k=0: rdisc=1.00, norm=0.00
REGINN:CGLS::k=1: rdisc=0.696, norm=0.00456
REGINN:CGLS::Target discrepancy reached after 1 iteration.
REGINN:post_processing::Adjusted lower bound of estimate from 0.0545 to 0.100
REGINN::i=96: rdisc=0.215, rnorm=0.413, rerr=0.708
REGINN::0.100 <= estimate <= 9.54
REGINN::Solving linear problem using rtol=0.799
REGINN:CGLS::k=0: rdisc=1.00, norm=0.00
REGINN:CGLS::k=1: rdisc=0.809, norm=0.00279
REGINN:CGLS::k=2: rdisc=0.792, norm=0.00308
REGINN:CGLS::Target discrepancy reached after 2 iterations.
REGINN:post_processing::Adjusted lower bound of estimate from 0.0656 to 0.100
REGINN::i=97: rdisc=0.190, rnorm=0.413, rerr=0.708
REGINN::0.100 <= estimate <= 9.54
REGINN::Solving linear problem using rtol=0.855
REGINN:CGLS::k=0: rdisc=1.00, norm=0.00
REGINN:CGLS::k=1: rdisc=0.911, norm=0.00156
REGINN:CGLS::k=2: rdisc=0.896, norm=0.00188
REGINN:CGLS::k=3: rdisc=0.862, norm=0.00330
REGINN:CGLS::k=4: rdisc=0.851, norm=0.00390
REGINN:CGLS::Target discrepancy reached after 4 iterations.
REGINN:post_processing::Adjusted lower bound of estimate from 0.0459 to 0.100
REGINN::i=98: rdisc=0.179, rnorm=0.413, rerr=0.708
REGINN::0.100 <= estimate <= 9.54
REGINN::Solving linear problem using rtol=0.881
REGINN:CGLS::k=0: rdisc=1.00, norm=0.00
REGINN:CGLS::k=1: rdisc=0.929, norm=0.00131
REGINN:CGLS::k=2: rdisc=0.917, norm=0.00177
REGINN:CGLS::k=3: rdisc=0.906, norm=0.00244
REGINN:CGLS::k=4: rdisc=0.898, norm=0.00311
REGINN:CGLS::k=5: rdisc=0.888, norm=0.00409
REGINN:CGLS::k=6: rdisc=0.880, norm=0.00511
REGINN:CGLS::Target discrepancy reached after 6 iterations.
REGINN:post_processing::Adjusted lower bound of estimate from 0.0206 to 0.100
REGINN::i=99: rdisc=0.181, rnorm=0.413, rerr=0.708
REGINN::0.100 <= estimate <= 9.54
REGINN:Watchdog::disc(i) ~ -0.0001  i + 0.03 (computed over 25 entries)
REGINN::Solving linear problem using rtol=0.875
REGINN:CGLS::k=0: rdisc=1.00, norm=0.00
REGINN:CGLS::k=1: rdisc=0.913, norm=0.00142
REGINN:CGLS::k=2: rdisc=0.906, norm=0.00153
REGINN:CGLS::k=3: rdisc=0.896, norm=0.00200
REGINN:CGLS::k=4: rdisc=0.891, norm=0.00241
REGINN:CGLS::k=5: rdisc=0.880, norm=0.00366
REGINN:CGLS::k=6: rdisc=0.876, norm=0.00427
REGINN:CGLS::k=7: rdisc=0.863, norm=0.00621
REGINN:CGLS::Target discrepancy reached after 7 iterations.
REGINN:post_processing::Adjusted lower bound of estimate from -0.00117 to 0.100
REGINN::i=100: rdisc=0.185, rnorm=0.413, rerr=0.708
REGINN::Saving current residual in ./step-0100/
REGINN::Saving current estimate in ./step-0100/
REGINN::0.100 <= estimate <= 9.54
REGINN:Watchdog::disc(i) ~ -0.0001  i + 0.03 (computed over 25 entries)
REGINN::Solving linear problem using rtol=0.848
REGINN:CGLS::k=0: rdisc=1.00, norm=0.00
REGINN:CGLS::k=1: rdisc=0.887, norm=0.00162
REGINN:CGLS::k=2: rdisc=0.876, norm=0.00179
REGINN:CGLS::k=3: rdisc=0.868, norm=0.00211
REGINN:CGLS::k=4: rdisc=0.864, norm=0.00236
REGINN:CGLS::k=5: rdisc=0.857, norm=0.00312
REGINN:CGLS::k=6: rdisc=0.849, norm=0.00439
REGINN:CGLS::k=7: rdisc=0.837, norm=0.00641
REGINN:CGLS::Target discrepancy reached after 7 iterations.
REGINN:post_processing::Adjusted lower bound of estimate from 0.00175 to 0.100
REGINN::i=101: rdisc=0.189, rnorm=0.413, rerr=0.708
REGINN::0.100 <= estimate <= 9.54
REGINN:Watchdog::disc(i) ~ -0.0001  i + 0.03 (computed over 25 entries)
REGINN::Solving linear problem using rtol=0.805
REGINN:CGLS::k=0: rdisc=1.00, norm=0.00
REGINN:CGLS::k=1: rdisc=0.870, norm=0.00175
REGINN:CGLS::k=2: rdisc=0.857, norm=0.00194
REGINN:CGLS::k=3: rdisc=0.850, norm=0.00220
REGINN:CGLS::k=4: rdisc=0.847, norm=0.00239
REGINN:CGLS::k=5: rdisc=0.841, norm=0.00298
REGINN:CGLS::k=6: rdisc=0.831, norm=0.00468
REGINN:CGLS::k=7: rdisc=0.816, norm=0.00745
REGINN:CGLS::k=8: rdisc=0.801, norm=0.0103
REGINN:CGLS::Target discrepancy reached after 8 iterations.
REGINN:post_processing::Adjusted lower bound of estimate from -0.0455 to 0.100
REGINN::i=102: rdisc=0.208, rnorm=0.413, rerr=0.708
REGINN::0.100 <= estimate <= 9.54
REGINN:Watchdog::disc(i) ~ -0.0001  i + 0.03 (computed over 25 entries)
REGINN::Solving linear problem using rtol=0.788
REGINN:CGLS::k=0: rdisc=1.00, norm=0.00
REGINN:CGLS::k=1: rdisc=0.801, norm=0.00242
REGINN:CGLS::k=2: rdisc=0.773, norm=0.00278
REGINN:CGLS::Target discrepancy reached after 2 iterations.
REGINN:post_processing::Adjusted lower bound of estimate from 0.0719 to 0.100
REGINN::i=103: rdisc=0.180, rnorm=0.413, rerr=0.707
REGINN::0.100 <= estimate <= 9.54
REGINN:Watchdog::disc(i) ~ -9.e-05  i + 0.03 (computed over 26 entries)
REGINN::Solving linear problem using rtol=0.674
REGINN:CGLS::k=0: rdisc=1.00, norm=0.00
REGINN:CGLS::k=1: rdisc=0.907, norm=0.00140
REGINN:CGLS::k=2: rdisc=0.898, norm=0.00156
REGINN:CGLS::k=3: rdisc=0.888, norm=0.00196
REGINN:CGLS::k=4: rdisc=0.884, norm=0.00223
REGINN:CGLS::k=5: rdisc=0.877, norm=0.00304
REGINN:CGLS::k=6: rdisc=0.871, norm=0.00386
REGINN:CGLS::k=7: rdisc=0.861, norm=0.00552
REGINN:CGLS::k=8: rdisc=0.847, norm=0.00790
REGINN:CGLS::k=9: rdisc=0.833, norm=0.0106
REGINN:CGLS::k=10: rdisc=0.824, norm=0.0122
REGINN:CGLS::k=11: rdisc=0.808, norm=0.0152
REGINN:CGLS::k=12: rdisc=0.791, norm=0.0184
REGINN:CGLS::k=13: rdisc=0.775, norm=0.0215
REGINN:CGLS::k=14: rdisc=0.763, norm=0.0237
REGINN:CGLS::k=15: rdisc=0.749, norm=0.0263
REGINN:CGLS::k=16: rdisc=0.737, norm=0.0287
REGINN:CGLS::k=17: rdisc=0.720, norm=0.0317
REGINN:CGLS::k=18: rdisc=0.705, norm=0.0345
REGINN:CGLS::k=19: rdisc=0.698, norm=0.0359
REGINN:CGLS::k=20: rdisc=0.686, norm=0.0382
REGINN:CGLS::k=21: rdisc=0.669, norm=0.0412
REGINN:CGLS::Target discrepancy reached after 21 iterations.
REGINN:post_processing::Adjusted lower bound of estimate from -0.393 to 0.100
REGINN::i=104: rdisc=0.388, rnorm=0.413, rerr=0.707
REGINN::0.100 <= estimate <= 9.61
REGINN:Watchdog::disc(i) ~ -4.e-05  i + 0.02 (computed over 26 entries)
REGINN::Solving linear problem using rtol=0.921
REGINN:CGLS::k=0: rdisc=1.00, norm=0.00
REGINN:CGLS::k=1: rdisc=0.654, norm=0.00771
REGINN:CGLS::Target discrepancy reached after 1 iteration.
REGINN:post_processing::Adjusted lower bound of estimate from 0.0201 to 0.100
REGINN::i=105: rdisc=0.290, rnorm=0.414, rerr=0.707
REGINN::0.100 <= estimate <= 9.61
REGINN:Watchdog::disc(i) ~ -3.e-05  i + 0.02 (computed over 26 entries)
REGINN::Solving linear problem using rtol=0.787
REGINN:CGLS::k=0: rdisc=1.00, norm=0.00
REGINN:CGLS::k=1: rdisc=0.715, norm=0.00503
REGINN:CGLS::Target discrepancy reached after 1 iteration.
REGINN:post_processing::Adjusted lower bound of estimate from 0.0503 to 0.100
REGINN::i=106: rdisc=0.240, rnorm=0.414, rerr=0.707
REGINN::0.100 <= estimate <= 9.61
REGINN:Watchdog::disc(i) ~ 6.e-06  i + 0.02 (computed over 26 entries)
REGINN:Watchdog::slope is too large; Aborting Iteration!
REGINN::Unsuccessful termination after 106 iterations!
REGINN::Saving current residual in ./step-0106/
REGINN::Saving current estimate in ./step-0106/
REGINN::0.100 <= estimate <= 9.61
stats::forward              : 108 calls, average 3.15 s per call
stats::linearization forward: 533 calls, average 2.57 s per call
stats::linearization adjoint: 533 calls, average 2.86 s per call
stats::measure forward      : 641 calls, average 0.00145 s per call
stats::measure adjoint      : 533 calls, average 0.00171 s per call
