JobId arch-vm0 Wed Mar  7 15:43:17 2018
wavepi cbd1f0d6
Release-Build, compiled on 2018-03-07T13:30:56Z from commit cbd1f0d62252788efb4b378cf0937ff8fbdbd134 ("Last output differently") on branch master

initialize_mesh::Number of active cells: 1024
initialize_mesh::Number of degrees of freedom in the first spatial mesh: 1089
initialize_mesh::cell diameters: minimal = 0.354, maximal = 0.354
initialize_mesh::dt: 0.0235
initialize_mesh::expected size of a DiscretizedFunction<dim>: 2.13 MiB
parameters:LogTransform::lower bound: 0.0
parameters:WaveEquation::max iter: 10000
parameters:WaveEquation::theta: 0.5
parameters:WaveEquation::tol: 1e-8
parameters:constraints::lower bound: 0.0
parameters:constraints::upper bound: 1e300
parameters:general::dimension: 2
parameters:general::finite element degree: 1
parameters:general::quadrature order: 3
parameters:inversion::method: REGINN
parameters:inversion::tau: 2
parameters:log::console depth: 2
parameters:log::file: wavepi.log
parameters:log::file depth: 4
parameters:mesh::end time: 6
parameters:mesh::initial refines: 5
parameters:mesh::initial time steps: 256
parameters:output::data: true
parameters:output::destination: ./step-{{i}}/
parameters:output::discrepancy decrease: 0.5
parameters:output::estimate: true
parameters:output::estimate transformed: false
parameters:output::exact: true
parameters:output::exact transformed: false
parameters:output::interval: 50
parameters:output::last: true
parameters:output::residual: true
parameters:output::statistics: history
parameters:problem::H1H1 beta: 0.5
parameters:problem::H1H1 gamma: 0.5
parameters:problem::H1L2 alpha: 0.5
parameters:problem::H2L2 alpha: 0.5
parameters:problem::H2L2 beta: 0.25
parameters:problem::constants: 
parameters:problem::epsilon: 1e-3
parameters:problem::initial guess: 1.0
parameters:problem::norm of codomain: L2L2
parameters:problem::norm of domain: L2L2
parameters:problem::parameter a: 1.0
parameters:problem::parameter c: 2.0
parameters:problem::parameter nu: 0.0
parameters:problem::parameter q: 1.5
parameters:problem::transform: Identity
parameters:problem::type: q
parameters:watchdog::discrepancy increasing: false
parameters:watchdog::discrepancy slope min values: 40
parameters:watchdog::discrepancy slope percentage: 0.25
parameters:watchdog::discrepancy slope threshold: 0.0
parameters:watchdog::discrepancy threshold: 10.0
parameters:watchdog::maximum iteration count: 0
REGINN::Saving exact parameter in ./step-0000/
REGINN::Saving data in ./step-0000/
REGINN::Saving current residual in ./step-0000/
REGINN::Saving current estimate in ./step-0000/
REGINN::i=0 : rdisc=0.175, rnorm=0.667, rerr=0.333
REGINN::1.00 ≤ estimate ≤ 1.00
REGINN::Solving linear problem using rtol=0.900 and max_iter=1
REGINN:CGLS::k=0 : rdisc=1.00 , norm=0.00 
REGINN:CGLS::k=1 : rdisc=0.524, norm=0.979
REGINN:CGLS::Safeguarding: λ=0.859 ⇒ rdisc=0.900
REGINN:CGLS::Target discrepancy reached after 1 iteration.
REGINN::i=1 : rdisc=0.159, rnorm=0.667, rerr=0.333
REGINN::0.917 ≤ estimate ≤ 1.43
REGINN::
REGINN::Solving linear problem using rtol=0.900 and max_iter=2
REGINN:CGLS::k=0 : rdisc=1.00 , norm=0.00 
REGINN:CGLS::k=1 : rdisc=0.553, norm=0.900
REGINN:CGLS::Safeguarding: λ=0.852 ⇒ rdisc=0.900
REGINN:CGLS::Target discrepancy reached after 1 iteration.
REGINN::i=2 : rdisc=0.145, rnorm=0.668, rerr=0.332
REGINN::0.839 ≤ estimate ≤ 1.84
REGINN::
REGINN::Solving linear problem using rtol=0.854 and max_iter=2
REGINN:CGLS::k=0 : rdisc=1.00 , norm=0.00 
REGINN:CGLS::k=1 : rdisc=0.583, norm=0.828
REGINN:CGLS::Safeguarding: λ=0.768 ⇒ rdisc=0.854
REGINN:CGLS::Target discrepancy reached after 1 iteration.
REGINN::i=3 : rdisc=0.127, rnorm=0.669, rerr=0.331
REGINN::0.733 ≤ estimate ≤ 2.43
REGINN::
REGINN::Solving linear problem using rtol=0.811 and max_iter=2
REGINN:CGLS::k=0 : rdisc=1.00 , norm=0.00 
REGINN:CGLS::k=1 : rdisc=0.628, norm=0.734
REGINN:CGLS::Safeguarding: λ=0.659 ⇒ rdisc=0.811
REGINN:CGLS::Target discrepancy reached after 1 iteration.
REGINN::i=4 : rdisc=0.106, rnorm=0.671, rerr=0.330
REGINN::0.609 ≤ estimate ≤ 3.18
REGINN::
REGINN::Solving linear problem using rtol=0.769 and max_iter=2
REGINN:CGLS::k=0 : rdisc=1.00 , norm=0.00 
REGINN:CGLS::k=1 : rdisc=0.681, norm=0.641
REGINN:CGLS::Safeguarding: λ=0.489 ⇒ rdisc=0.769
REGINN:CGLS::Target discrepancy reached after 1 iteration.
REGINN::Saving current residual in ./step-0005/
REGINN::Saving current estimate in ./step-0005/
REGINN::i=5 : rdisc=0.0838, rnorm=0.674, rerr=0.329
REGINN::0.490 ≤ estimate ≤ 4.10
REGINN::
REGINN::Solving linear problem using rtol=0.730 and max_iter=2
REGINN:CGLS::k=0 : rdisc=1.00 , norm=0.00 
REGINN:CGLS::k=1 : rdisc=0.724, norm=0.605
REGINN:CGLS::Safeguarding: λ=0.139 ⇒ rdisc=0.730
REGINN:CGLS::Target discrepancy reached after 1 iteration.
REGINN::i=6 : rdisc=0.0624, rnorm=0.678, rerr=0.327
REGINN::0.436 ≤ estimate ≤ 5.14
REGINN::
REGINN::Solving linear problem using rtol=0.693 and max_iter=2
REGINN:CGLS::k=0 : rdisc=1.00 , norm=0.00 
REGINN:CGLS::k=1 : rdisc=0.902, norm=0.281
REGINN:CGLS::k=2 : rdisc=0.792, norm=0.658
REGINN:CGLS::Unsuccessful termination after 2 iterations!
REGINN::Linear solver did not achieve desired discrepancy due to max_iter.
REGINN::i=7 : rdisc=0.0499, rnorm=0.686, rerr=0.324
REGINN::0.274 ≤ estimate ≤ 4.51
REGINN::
REGINN::Solving linear problem using rtol=0.658 and max_iter=3
REGINN:CGLS::k=0 : rdisc=1.00 , norm=0.00 
REGINN:CGLS::k=1 : rdisc=0.925, norm=0.201
REGINN:CGLS::k=2 : rdisc=0.824, norm=0.530
REGINN:CGLS::k=3 : rdisc=0.549, norm=1.45 
REGINN:CGLS::Safeguarding: λ=0.590 ⇒ rdisc=0.658
REGINN:CGLS::Target discrepancy reached after 3 iterations.
REGINN::Saving current residual in ./step-0008/
REGINN::Saving current estimate in ./step-0008/
REGINN::i=8 : rdisc=0.0338, rnorm=0.694, rerr=0.318
REGINN::0.306 ≤ estimate ≤ 4.13
REGINN::
REGINN::Solving linear problem using rtol=0.624 and max_iter=5
REGINN:CGLS::k=0 : rdisc=1.00 , norm=0.00 
REGINN:CGLS::k=1 : rdisc=0.954, norm=0.0933
REGINN:CGLS::k=2 : rdisc=0.853, norm=0.375
REGINN:CGLS::k=3 : rdisc=0.487, norm=1.32 
REGINN:CGLS::Safeguarding: λ=0.557 ⇒ rdisc=0.624
REGINN:CGLS::Target discrepancy reached after 3 iterations.
REGINN:post_processing::Adjusted lower bound of estimate from -0.686 to 0.00
REGINN::i=9 : rdisc=0.0227, rnorm=0.705, rerr=0.315
REGINN::0.00 ≤ estimate ≤ 4.72
REGINN::
REGINN::Solving linear problem using rtol=0.592 and max_iter=6
REGINN:CGLS::k=0 : rdisc=1.00 , norm=0.00 
REGINN:CGLS::k=1 : rdisc=0.950, norm=0.0660
REGINN:CGLS::k=2 : rdisc=0.906, norm=0.143
REGINN:CGLS::k=3 : rdisc=0.692, norm=0.670
REGINN:CGLS::k=4 : rdisc=0.574, norm=0.919
REGINN:CGLS::Safeguarding: λ=0.381 ⇒ rdisc=0.592
REGINN:CGLS::Target discrepancy reached after 4 iterations.
REGINN:post_processing::Adjusted lower bound of estimate from -1.66 to 0.00
REGINN::Saving current residual in ./step-0010/
REGINN::Saving current estimate in ./step-0010/
REGINN::i=10: rdisc=0.0149, rnorm=0.715, rerr=0.312
REGINN::0.00 ≤ estimate ≤ 5.50
REGINN::
REGINN::Solving linear problem using rtol=0.562 and max_iter=7
REGINN:CGLS::k=0 : rdisc=1.00 , norm=0.00 
REGINN:CGLS::k=1 : rdisc=0.929, norm=0.0456
REGINN:CGLS::k=2 : rdisc=0.895, norm=0.0770
REGINN:CGLS::k=3 : rdisc=0.858, norm=0.149
REGINN:CGLS::k=4 : rdisc=0.814, norm=0.264
REGINN:CGLS::k=5 : rdisc=0.663, norm=0.661
REGINN:CGLS::k=6 : rdisc=0.590, norm=0.838
REGINN:CGLS::k=7 : rdisc=0.536, norm=0.970
REGINN:CGLS::Safeguarding: λ=0.690 ⇒ rdisc=0.562
REGINN:CGLS::Target discrepancy reached after 7 iterations.
REGINN:post_processing::Adjusted lower bound of estimate from -1.15 to 0.00
REGINN::i=11: rdisc=0.0103, rnorm=0.726, rerr=0.309
REGINN::0.00 ≤ estimate ≤ 5.02
REGINN::
REGINN::Solving linear problem using rtol=0.533 and max_iter=11
REGINN:CGLS::k=0 : rdisc=1.00 , norm=0.00 
REGINN:CGLS::k=1 : rdisc=0.875, norm=0.0398
REGINN:CGLS::k=2 : rdisc=0.835, norm=0.0600
REGINN:CGLS::k=3 : rdisc=0.820, norm=0.0734
REGINN:CGLS::k=4 : rdisc=0.800, norm=0.104
REGINN:CGLS::k=5 : rdisc=0.758, norm=0.201
REGINN:CGLS::k=6 : rdisc=0.704, norm=0.355
REGINN:CGLS::k=7 : rdisc=0.642, norm=0.539
REGINN:CGLS::k=8 : rdisc=0.582, norm=0.723
REGINN:CGLS::k=9 : rdisc=0.538, norm=0.856
REGINN:CGLS::k=10: rdisc=0.530, norm=0.880
REGINN:CGLS::Safeguarding: λ=0.671 ⇒ rdisc=0.533
REGINN:CGLS::Target discrepancy reached after 10 iterations.
REGINN:post_processing::Adjusted lower bound of estimate from -0.458 to 0.00
REGINN::Saving current residual in ./step-0012/
REGINN::Saving current estimate in ./step-0012/
REGINN::i=12: rdisc=0.00614, rnorm=0.733, rerr=0.306
REGINN::0.00 ≤ estimate ≤ 5.78
REGINN::
REGINN::Solving linear problem using rtol=0.673 and max_iter=17
REGINN:CGLS::k=0 : rdisc=1.00 , norm=0.00 
REGINN:CGLS::k=1 : rdisc=0.961, norm=0.0137
REGINN:CGLS::k=2 : rdisc=0.938, norm=0.0268
REGINN:CGLS::k=3 : rdisc=0.927, norm=0.0369
REGINN:CGLS::k=4 : rdisc=0.913, norm=0.0545
REGINN:CGLS::k=5 : rdisc=0.894, norm=0.0862
REGINN:CGLS::k=6 : rdisc=0.874, norm=0.126
REGINN:CGLS::k=7 : rdisc=0.855, norm=0.174
REGINN:CGLS::k=8 : rdisc=0.816, norm=0.279
REGINN:CGLS::k=9 : rdisc=0.775, norm=0.394
REGINN:CGLS::k=10: rdisc=0.740, norm=0.494
REGINN:CGLS::k=11: rdisc=0.719, norm=0.553
REGINN:CGLS::k=12: rdisc=0.699, norm=0.608
REGINN:CGLS::k=13: rdisc=0.684, norm=0.650
REGINN:CGLS::k=14: rdisc=0.638, norm=0.779
REGINN:CGLS::Safeguarding: λ=0.866 ⇒ rdisc=0.673
REGINN:CGLS::Target discrepancy reached after 14 iterations.
REGINN:post_processing::Adjusted lower bound of estimate from -0.479 to 0.00
REGINN::i=13: rdisc=0.00482, rnorm=0.738, rerr=0.304
REGINN::0.00 ≤ estimate ≤ 5.94
REGINN::
REGINN::Solving linear problem using rtol=0.766 and max_iter=24
REGINN:CGLS::k=0 : rdisc=1.00 , norm=0.00 
REGINN:CGLS::k=1 : rdisc=0.918, norm=0.0152
REGINN:CGLS::k=2 : rdisc=0.886, norm=0.0247
REGINN:CGLS::k=3 : rdisc=0.880, norm=0.0278
REGINN:CGLS::k=4 : rdisc=0.871, norm=0.0336
REGINN:CGLS::k=5 : rdisc=0.854, norm=0.0582
REGINN:CGLS::k=6 : rdisc=0.837, norm=0.0913
REGINN:CGLS::k=7 : rdisc=0.820, norm=0.131
REGINN:CGLS::k=8 : rdisc=0.808, norm=0.163
REGINN:CGLS::k=9 : rdisc=0.787, norm=0.223
REGINN:CGLS::k=10: rdisc=0.775, norm=0.260
REGINN:CGLS::k=11: rdisc=0.761, norm=0.302
REGINN:CGLS::Safeguarding: λ=0.576 ⇒ rdisc=0.766
REGINN:CGLS::Target discrepancy reached after 11 iterations.
REGINN:post_processing::Adjusted lower bound of estimate from -0.455 to 0.00
REGINN::i=14: rdisc=0.00401, rnorm=0.741, rerr=0.303
REGINN::0.00 ≤ estimate ≤ 5.90
REGINN::
REGINN::Solving linear problem using rtol=0.726 and max_iter=25
REGINN:CGLS::k=0 : rdisc=1.00 , norm=0.00 
REGINN:CGLS::k=1 : rdisc=0.955, norm=0.00902
REGINN:CGLS::k=2 : rdisc=0.932, norm=0.0175
REGINN:CGLS::k=3 : rdisc=0.928, norm=0.0198
REGINN:CGLS::k=4 : rdisc=0.923, norm=0.0241
REGINN:CGLS::k=5 : rdisc=0.915, norm=0.0355
REGINN:CGLS::k=6 : rdisc=0.907, norm=0.0504
REGINN:CGLS::k=7 : rdisc=0.897, norm=0.0724
REGINN:CGLS::k=8 : rdisc=0.876, norm=0.131
REGINN:CGLS::k=9 : rdisc=0.861, norm=0.175
REGINN:CGLS::k=10: rdisc=0.833, norm=0.261
REGINN:CGLS::k=11: rdisc=0.824, norm=0.289
REGINN:CGLS::k=12: rdisc=0.796, norm=0.377
REGINN:CGLS::k=13: rdisc=0.773, norm=0.449
REGINN:CGLS::k=14: rdisc=0.734, norm=0.572
REGINN:CGLS::k=15: rdisc=0.705, norm=0.662
REGINN:CGLS::Safeguarding: λ=0.864 ⇒ rdisc=0.726
REGINN:CGLS::Target discrepancy reached after 15 iterations.
REGINN:post_processing::Adjusted lower bound of estimate from -0.821 to 0.00
REGINN::i=15: rdisc=0.00360, rnorm=0.746, rerr=0.301
REGINN::0.00 ≤ estimate ≤ 5.88
REGINN::
REGINN::Solving linear problem using rtol=0.799 and max_iter=26
REGINN:CGLS::k=0 : rdisc=1.00 , norm=0.00 
REGINN:CGLS::k=1 : rdisc=0.904, norm=0.0121
REGINN:CGLS::k=2 : rdisc=0.845, norm=0.0240
REGINN:CGLS::k=3 : rdisc=0.830, norm=0.0284
REGINN:CGLS::k=4 : rdisc=0.820, norm=0.0326
REGINN:CGLS::k=5 : rdisc=0.810, norm=0.0384
REGINN:CGLS::k=6 : rdisc=0.802, norm=0.0472
REGINN:CGLS::k=7 : rdisc=0.793, norm=0.0597
REGINN:CGLS::Safeguarding: λ=0.791 ⇒ rdisc=0.799
REGINN:CGLS::Target discrepancy reached after 7 iterations.
REGINN:post_processing::Adjusted lower bound of estimate from -0.254 to 0.00
REGINN::Saving current residual in ./step-0016/
REGINN::Saving current estimate in ./step-0016/
REGINN::i=16: rdisc=0.00296, rnorm=0.746, rerr=0.301
REGINN::0.00 ≤ estimate ≤ 5.77
REGINN::
REGINN::Solving linear problem using rtol=0.758 and max_iter=22
REGINN:CGLS::k=0 : rdisc=1.00 , norm=0.00 
REGINN:CGLS::k=1 : rdisc=0.984, norm=0.00435
REGINN:CGLS::k=2 : rdisc=0.972, norm=0.00959
REGINN:CGLS::k=3 : rdisc=0.970, norm=0.0109
REGINN:CGLS::k=4 : rdisc=0.968, norm=0.0126
REGINN:CGLS::k=5 : rdisc=0.963, norm=0.0202
REGINN:CGLS::k=6 : rdisc=0.954, norm=0.0416
REGINN:CGLS::k=7 : rdisc=0.941, norm=0.0745
REGINN:CGLS::k=8 : rdisc=0.927, norm=0.116
REGINN:CGLS::k=9 : rdisc=0.921, norm=0.133
REGINN:CGLS::k=10: rdisc=0.914, norm=0.155
REGINN:CGLS::k=11: rdisc=0.907, norm=0.177
REGINN:CGLS::k=12: rdisc=0.897, norm=0.210
REGINN:CGLS::k=13: rdisc=0.886, norm=0.249
REGINN:CGLS::k=14: rdisc=0.868, norm=0.308
REGINN:CGLS::k=15: rdisc=0.829, norm=0.440
REGINN:CGLS::k=16: rdisc=0.772, norm=0.627
REGINN:CGLS::k=17: rdisc=0.728, norm=0.764
REGINN:CGLS::Safeguarding: λ=0.820 ⇒ rdisc=0.758
REGINN:CGLS::Target discrepancy reached after 17 iterations.
REGINN:post_processing::Adjusted lower bound of estimate from -0.889 to 0.00
REGINN::i=17: rdisc=0.00296, rnorm=0.752, rerr=0.299
REGINN::0.00 ≤ estimate ≤ 5.61
REGINN::
REGINN::Solving linear problem using rtol=0.899 and max_iter=24
REGINN:CGLS::k=0 : rdisc=1.00 , norm=0.00 
REGINN:CGLS::k=1 : rdisc=0.875, norm=0.0105
REGINN:CGLS::Safeguarding: λ=0.431 ⇒ rdisc=0.899
REGINN:CGLS::Target discrepancy reached after 1 iteration.
REGINN:post_processing::Adjusted lower bound of estimate from -0.0224 to 0.00
REGINN::i=18: rdisc=0.00271, rnorm=0.752, rerr=0.299
REGINN::0.00 ≤ estimate ≤ 5.60
REGINN::
REGINN::Solving linear problem using rtol=0.854 and max_iter=18
REGINN:CGLS::k=0 : rdisc=1.00 , norm=0.00 
REGINN:CGLS::k=1 : rdisc=0.943, norm=0.00769
REGINN:CGLS::k=2 : rdisc=0.882, norm=0.0195
REGINN:CGLS::k=3 : rdisc=0.858, norm=0.0265
REGINN:CGLS::k=4 : rdisc=0.848, norm=0.0301
REGINN:CGLS::Safeguarding: λ=0.761 ⇒ rdisc=0.854
REGINN:CGLS::Target discrepancy reached after 4 iterations.
REGINN:post_processing::Adjusted lower bound of estimate from -0.184 to 0.00
REGINN::i=19: rdisc=0.00237, rnorm=0.752, rerr=0.299
REGINN::0.00 ≤ estimate ≤ 5.53
REGINN::
REGINN::Solving linear problem using rtol=0.843 and max_iter=5
REGINN:CGLS::k=0 : rdisc=1.00 , norm=0.00 
REGINN:CGLS::k=1 : rdisc=0.986, norm=0.00349
REGINN:CGLS::k=2 : rdisc=0.972, norm=0.00881
REGINN:CGLS::k=3 : rdisc=0.955, norm=0.0183
REGINN:CGLS::k=4 : rdisc=0.947, norm=0.0236
REGINN:CGLS::k=5 : rdisc=0.940, norm=0.0289
REGINN:CGLS::Unsuccessful termination after 5 iterations!
REGINN::Linear solver did not achieve desired discrepancy due to max_iter.
REGINN:post_processing::Adjusted lower bound of estimate from -0.127 to 0.00
REGINN::i=20: rdisc=0.00224, rnorm=0.752, rerr=0.299
REGINN::0.00 ≤ estimate ≤ 5.44
REGINN::
REGINN::Solving linear problem using rtol=0.891 and max_iter=9
REGINN:CGLS::k=0 : rdisc=1.00 , norm=0.00 
REGINN:CGLS::k=1 : rdisc=0.996, norm=0.00168
REGINN:CGLS::k=2 : rdisc=0.992, norm=0.00419
REGINN:CGLS::k=3 : rdisc=0.991, norm=0.00539
REGINN:CGLS::k=4 : rdisc=0.985, norm=0.0135
REGINN:CGLS::k=5 : rdisc=0.979, norm=0.0241
REGINN:CGLS::k=6 : rdisc=0.976, norm=0.0287
REGINN:CGLS::k=7 : rdisc=0.968, norm=0.0481
REGINN:CGLS::k=8 : rdisc=0.964, norm=0.0582
REGINN:CGLS::k=9 : rdisc=0.957, norm=0.0772
REGINN:CGLS::Unsuccessful termination after 9 iterations!
REGINN::Linear solver did not achieve desired discrepancy due to max_iter.
REGINN:post_processing::Adjusted lower bound of estimate from -0.173 to 0.00
REGINN::i=21: rdisc=0.00217, rnorm=0.752, rerr=0.299
REGINN::0.00 ≤ estimate ≤ 5.36
REGINN::
REGINN::Solving linear problem using rtol=0.922 and max_iter=14
REGINN:CGLS::k=0 : rdisc=1.00 , norm=0.00 
REGINN:CGLS::k=1 : rdisc=0.995, norm=0.00217
REGINN:CGLS::k=2 : rdisc=0.993, norm=0.00338
REGINN:CGLS::k=3 : rdisc=0.991, norm=0.00523
REGINN:CGLS::k=4 : rdisc=0.990, norm=0.00706
REGINN:CGLS::k=5 : rdisc=0.987, norm=0.0114
REGINN:CGLS::k=6 : rdisc=0.985, norm=0.0155
REGINN:CGLS::k=7 : rdisc=0.983, norm=0.0212
REGINN:CGLS::k=8 : rdisc=0.980, norm=0.0320
REGINN:CGLS::k=9 : rdisc=0.972, norm=0.0589
REGINN:CGLS::k=10: rdisc=0.967, norm=0.0782
REGINN:CGLS::k=11: rdisc=0.963, norm=0.0923
REGINN:CGLS::k=12: rdisc=0.952, norm=0.133
REGINN:CGLS::k=13: rdisc=0.945, norm=0.159
REGINN:CGLS::k=14: rdisc=0.938, norm=0.184
REGINN:CGLS::Unsuccessful termination after 14 iterations!
REGINN::Linear solver did not achieve desired discrepancy due to max_iter.
REGINN:post_processing::Adjusted lower bound of estimate from -0.251 to 0.00
REGINN::i=22: rdisc=0.00209, rnorm=0.754, rerr=0.299
REGINN::0.00 ≤ estimate ≤ 5.28
REGINN::
REGINN::Solving linear problem using rtol=0.955 and max_iter=23
REGINN:CGLS::k=0 : rdisc=1.00 , norm=0.00 
REGINN:CGLS::k=1 : rdisc=0.992, norm=0.00241
REGINN:CGLS::k=2 : rdisc=0.985, norm=0.00534
REGINN:CGLS::k=3 : rdisc=0.980, norm=0.00802
REGINN:CGLS::k=4 : rdisc=0.975, norm=0.0120
REGINN:CGLS::k=5 : rdisc=0.967, norm=0.0201
REGINN:CGLS::k=6 : rdisc=0.964, norm=0.0245
REGINN:CGLS::k=7 : rdisc=0.958, norm=0.0338
REGINN:CGLS::k=8 : rdisc=0.955, norm=0.0391
REGINN:CGLS::Safeguarding: λ=0.390 ⇒ rdisc=0.955
REGINN:CGLS::Target discrepancy reached after 8 iterations.
REGINN:post_processing::Adjusted lower bound of estimate from -0.107 to 0.00
REGINN::i=23: rdisc=0.00200, rnorm=0.754, rerr=0.299
REGINN::0.00 ≤ estimate ≤ 5.21
REGINN::
REGINN::Solving linear problem using rtol=0.998 and max_iter=22
REGINN:CGLS::k=0 : rdisc=1.00 , norm=0.00 
REGINN:CGLS::k=1 : rdisc=0.999, norm=0.00100
REGINN:CGLS::k=2 : rdisc=0.997, norm=0.00239
REGINN:CGLS::Safeguarding: λ=0.660 ⇒ rdisc=0.998
REGINN:CGLS::Target discrepancy reached after 2 iterations.
REGINN:post_processing::Adjusted lower bound of estimate from -0.00840 to 0.00
REGINN::i=24: rdisc=0.00200, rnorm=0.754, rerr=0.299
REGINN::0.00 ≤ estimate ≤ 5.21
REGINN::
REGINN::Saving current residual in ./step-0024/
REGINN::Saving current estimate in ./step-0024/
REGINN::Target discrepancy reached after 24 iterations.
REGINN::0.00 ≤ estimate ≤ 5.21
Relative ℝⁿ error of the reconstruction: 0.330
Relative L²([0,T], L²(Ω)) error of the reconstruction: 0.299
Relative H¹([0,T], L²(Ω)) error of the reconstruction: 0.675
Relative H¹([0,T], H¹(Ω)) error of the reconstruction: 5.94
Relative H²([0,T], L²(Ω)) error of the reconstruction: 5.05
Relative ℝⁿ error of (reconstruction - initial guess): 0.990
Relative L²([0,T], L²(Ω)) error of (reconstruction - initial guess): 0.896
Relative H¹([0,T], L²(Ω)) error of (reconstruction - initial guess): 2.03
Relative H¹([0,T], H¹(Ω)) error of (reconstruction - initial guess): 17.8
Relative H²([0,T], L²(Ω)) error of (reconstruction - initial guess): 15.2
stats::forward              : 26 calls, average 1.5s per call
stats::linearization forward: 142 calls, average 1.6s per call
stats::linearization adjoint: 142 calls, average 1.8s per call
stats::measure forward      : 168 calls, average 761.0µs per call
stats::measure adjoint      : 142 calls, average 809.8µs per call
stats::total wall time      : 9min 27s
