JobId thies-arch0 Wed Apr  4 20:49:51 2018
wavepi 3fa08ced-dirty
Release-Build, compiled on 2018-03-28T15:17:13Z from commit 3fa08cedb040cdd8a617b11f141a1a310502145c ("distribute random noise from root to everyone else") on branch master

working directory was dirty, git status: 
 M problems/q_banach/p1_1_h1h1.cfg
 M problems/q_banach/p1_5_h1h1.cfg
 M problems/q_banach/p2_h1h1.cfg
 M problems/q_banach/p2_h1h1_hilbert.cfg
 M problems/q_banach/p8_h1h1.cfg
 M problems/q_banach/rhs4_p1_1_h1h1.cfg
 M problems/q_banach/rhs4_p1_5_h1h1.cfg
 M problems/q_banach/rhs4_p2_h1h1_hilbert.cfg
 M problems/q_banach/rhs4_p8_h1h1.cfg
?? problems/q_banach/p1_1_h1h1/
?? problems/q_banach/p1_1_h1h1_gamma/
?? problems/q_banach/p1_1_l2l2/
?? problems/q_banach/p1_5_h1h1/
?? problems/q_banach/p1_5_h1h1_gamma/
?? problems/q_banach/rhs4_p1_1_h1h1/
?? problems/q_banach/rhs4_p1_1_h1h1_gamma/
?? problems/q_banach/rhs4_p1_1_l2l2/

initialize_mesh::Number of active cells: 1024
initialize_mesh::Number of degrees of freedom in the first spatial mesh: 1089
initialize_mesh::cell diameters: minimal = 0.354, maximal = 0.354
initialize_mesh::dt: 0.0235
initialize_mesh::expected size of a DiscretizedFunction<2>: 2.13 MiB
Initializing problem
Generating synthetic data (inverse crime)
generate_data:run::distributing noisy data to other nodes
generate_data:run::Distribution of data complete.
wall time for data synthesis        : 1.4s
wall time for mesh and problem init : 249.9ms
parameters:LogTransform::lower bound: 0.0
parameters:WaveEquation::max iter: 10000
parameters:WaveEquation::theta: 0.5
parameters:WaveEquation::tol: 1e-8
parameters:constraints::lower bound: -1e300
parameters:constraints::upper bound: 1e300
parameters:general::dimension: 2
parameters:general::finite element degree: 1
parameters:general::quadrature order: 3
parameters:inversion::method: REGINN
parameters:inversion::tau: 2
parameters:log::console depth: 2
parameters:log::file: wavepi.log
parameters:log::file depth: 3
parameters:log::file depth mpi: 3
parameters:mesh::end time: 6
parameters:mesh::initial refines: 5
parameters:mesh::initial time steps: 256
parameters:output::data: true
parameters:output::destination: ./step-{{i}}/
parameters:output::discrepancy decrease: 0.25
parameters:output::estimate: true
parameters:output::estimate transformed: false
parameters:output::exact: true
parameters:output::exact transformed: false
parameters:output::interval: 10
parameters:output::last: true
parameters:output::residual: true
parameters:output::statistics: history
parameters:problem::H1H1 beta: 0.5
parameters:problem::H1H1 gamma: 0.5
parameters:problem::H1L2 alpha: 0.5
parameters:problem::H2L2 alpha: 0.5
parameters:problem::H2L2 beta: 0.25
parameters:problem::H2L2+L2H1 alpha: 0.5
parameters:problem::H2L2+L2H1 beta: 0.25
parameters:problem::H2L2+L2H1 gamma: 0.5
parameters:problem::background parameter: 0.0
parameters:problem::constants: 
parameters:problem::domain lp wrapping: true
parameters:problem::domain p: 8.0
parameters:problem::epsilon: 5e-3
parameters:problem::initial guess: 0.0
parameters:problem::norm of codomain: L2L2
parameters:problem::norm of domain: Coefficients
parameters:problem::parameter a: 1.0
parameters:problem::parameter c: 2.0
parameters:problem::parameter nu: 0.0
parameters:problem::parameter q: 2*if(norm{x|y|z} < 1.5, 2.0+abs(sin(t)), 0.0)
parameters:problem::transform: Identity
parameters:problem::type: q
parameters:watchdog::discrepancy increasing: false
parameters:watchdog::discrepancy slope min values: 40
parameters:watchdog::discrepancy slope percentage: 0.25
parameters:watchdog::discrepancy slope threshold: 0.0
parameters:watchdog::discrepancy threshold: 10.0
parameters:watchdog::maximum iteration count: 0
REGINN::Saving exact parameter in ./step-0000/
REGINN::Saving data in ./step-0000/
REGINN::Saving current residual in ./step-0000/
REGINN::Saving current estimate in ./step-0000/
REGINN::i=0 : rdisc=1.63 , rnorm=0.00 , rerr=1.00 
REGINN::0.00 ≤ estimate ≤ 0.00
REGINN::Solving linear problem using rtol=0.900 and max_iter=1
REGINN:Gradient::k=0 : rdisc=1.00 , norm=0.00 
REGINN:Gradient::k=1 : rdisc=0.664, norm=2.11 
REGINN:Gradient::Target discrepancy reached after 1 iteration.
REGINN::i=1 : rdisc=1.11 , rnorm=0.107, rerr=0.912
REGINN::-0.559 ≤ estimate ≤ 0.733
REGINN::
REGINN::Solving linear problem using rtol=0.900 and max_iter=2
REGINN:Gradient::k=0 : rdisc=1.00 , norm=0.00 
REGINN:Gradient::k=1 : rdisc=0.870, norm=2.24 
REGINN:Gradient::Target discrepancy reached after 1 iteration.
REGINN::i=2 : rdisc=0.960, rnorm=0.217, rerr=0.859
REGINN::-0.919 ≤ estimate ≤ 1.55
REGINN::
REGINN::Solving linear problem using rtol=0.855 and max_iter=2
REGINN:Gradient::k=0 : rdisc=1.00 , norm=0.00 
REGINN:Gradient::k=1 : rdisc=0.628, norm=8.98 
REGINN:Gradient::Target discrepancy reached after 1 iteration.
REGINN::i=3 : rdisc=0.586, rnorm=0.620, rerr=1.12 
REGINN::-3.52 ≤ estimate ≤ 4.82
REGINN::
REGINN::Solving linear problem using rtol=0.812 and max_iter=2
REGINN:Gradient::k=0 : rdisc=1.00 , norm=0.00 
REGINN:Gradient::k=1 : rdisc=0.824, norm=2.45 
REGINN:Gradient::k=2 : rdisc=0.710, norm=4.42 
REGINN:Gradient::Target discrepancy reached after 2 iterations.
REGINN::i=4 : rdisc=0.410, rnorm=0.801, rerr=1.15 
REGINN::-3.66 ≤ estimate ≤ 6.43
REGINN::
REGINN::Solving linear problem using rtol=0.772 and max_iter=3
REGINN:Gradient::k=0 : rdisc=1.00 , norm=0.00 
REGINN:Gradient::k=1 : rdisc=0.814, norm=1.92 
REGINN:Gradient::k=2 : rdisc=0.735, norm=3.05 
REGINN:Gradient::Target discrepancy reached after 2 iterations.
REGINN::Saving current residual in ./step-0005/
REGINN::Saving current estimate in ./step-0005/
REGINN::i=5 : rdisc=0.301, rnorm=0.936, rerr=1.13 
REGINN::-3.65 ≤ estimate ≤ 7.41
REGINN::
REGINN::Solving linear problem using rtol=0.733 and max_iter=4
REGINN:Gradient::k=0 : rdisc=1.00 , norm=0.00 
REGINN:Gradient::k=1 : rdisc=0.875, norm=1.41 
REGINN:Gradient::k=2 : rdisc=0.820, norm=2.02 
REGINN:Gradient::k=3 : rdisc=0.735, norm=3.22 
REGINN:Gradient::k=4 : rdisc=0.694, norm=3.57 
REGINN:Gradient::Target discrepancy reached after 4 iterations.
REGINN::i=6 : rdisc=0.210, rnorm=1.00 , rerr=1.12 
REGINN::-3.88 ≤ estimate ≤ 8.22
REGINN::
REGINN::Solving linear problem using rtol=0.696 and max_iter=6
REGINN:Gradient::k=0 : rdisc=1.00 , norm=0.00 
REGINN:Gradient::k=1 : rdisc=0.909, norm=1.19 
REGINN:Gradient::k=2 : rdisc=0.850, norm=1.55 
REGINN:Gradient::k=3 : rdisc=0.769, norm=2.70 
REGINN:Gradient::k=4 : rdisc=0.709, norm=3.13 
REGINN:Gradient::k=5 : rdisc=0.669, norm=3.70 
REGINN:Gradient::Target discrepancy reached after 5 iterations.
REGINN::i=7 : rdisc=0.139, rnorm=1.10 , rerr=1.10 
REGINN::-4.40 ≤ estimate ≤ 9.29
REGINN::
REGINN::Solving linear problem using rtol=0.662 and max_iter=9
REGINN:Gradient::k=0 : rdisc=1.00 , norm=0.00 
REGINN:Gradient::k=1 : rdisc=0.926, norm=0.756
REGINN:Gradient::k=2 : rdisc=0.872, norm=1.06 
REGINN:Gradient::k=3 : rdisc=0.832, norm=1.45 
REGINN:Gradient::k=4 : rdisc=0.795, norm=1.74 
REGINN:Gradient::k=5 : rdisc=0.762, norm=2.08 
REGINN:Gradient::k=6 : rdisc=0.733, norm=2.33 
REGINN:Gradient::k=7 : rdisc=0.706, norm=2.65 
REGINN:Gradient::k=8 : rdisc=0.682, norm=2.86 
REGINN:Gradient::k=9 : rdisc=0.658, norm=3.16 
REGINN:Gradient::Target discrepancy reached after 9 iterations.
REGINN::i=8 : rdisc=0.0932, rnorm=1.14 , rerr=1.11 
REGINN::-5.43 ≤ estimate ≤ 10.3
REGINN::
REGINN::Solving linear problem using rtol=0.629 and max_iter=14
REGINN:Gradient::k=0 : rdisc=1.00 , norm=0.00 
REGINN:Gradient::k=1 : rdisc=0.963, norm=0.245
REGINN:Gradient::k=2 : rdisc=0.930, norm=0.508
REGINN:Gradient::k=3 : rdisc=0.905, norm=0.673
REGINN:Gradient::k=4 : rdisc=0.879, norm=0.924
REGINN:Gradient::k=5 : rdisc=0.856, norm=1.08 
REGINN:Gradient::k=6 : rdisc=0.832, norm=1.32 
REGINN:Gradient::k=7 : rdisc=0.814, norm=1.45 
REGINN:Gradient::k=8 : rdisc=0.795, norm=1.67 
REGINN:Gradient::k=9 : rdisc=0.775, norm=1.82 
REGINN:Gradient::k=10: rdisc=0.763, norm=1.95 
REGINN:Gradient::k=11: rdisc=0.751, norm=2.07 
REGINN:Gradient::k=12: rdisc=0.739, norm=2.20 
REGINN:Gradient::k=13: rdisc=0.729, norm=2.31 
REGINN:Gradient::k=14: rdisc=0.715, norm=2.48 
REGINN:Gradient::Unsuccessful termination after 14 iterations!
REGINN::Linear solver did not achieve desired discrepancy due to max_iter.
REGINN::Saving current residual in ./step-0009/
REGINN::Saving current estimate in ./step-0009/
REGINN::i=9 : rdisc=0.0676, rnorm=1.14 , rerr=1.12 
REGINN::-5.98 ≤ estimate ≤ 10.6
REGINN::
REGINN::Solving linear problem using rtol=0.761 and max_iter=23
REGINN:Gradient::k=0 : rdisc=1.00 , norm=0.00 
REGINN:Gradient::k=1 : rdisc=0.981, norm=0.115
REGINN:Gradient::k=2 : rdisc=0.958, norm=0.347
REGINN:Gradient::k=3 : rdisc=0.939, norm=0.445
REGINN:Gradient::k=4 : rdisc=0.917, norm=0.672
REGINN:Gradient::k=5 : rdisc=0.901, norm=0.755
REGINN:Gradient::k=6 : rdisc=0.876, norm=1.04 
REGINN:Gradient::k=7 : rdisc=0.857, norm=1.13 
REGINN:Gradient::k=8 : rdisc=0.845, norm=1.24 
REGINN:Gradient::k=9 : rdisc=0.835, norm=1.33 
REGINN:Gradient::k=10: rdisc=0.825, norm=1.42 
REGINN:Gradient::k=11: rdisc=0.817, norm=1.49 
REGINN:Gradient::k=12: rdisc=0.805, norm=1.62 
REGINN:Gradient::k=13: rdisc=0.796, norm=1.69 
REGINN:Gradient::k=14: rdisc=0.779, norm=1.90 
REGINN:Gradient::k=15: rdisc=0.765, norm=1.97 
REGINN:Gradient::k=16: rdisc=0.756, norm=2.08 
REGINN:Gradient::Target discrepancy reached after 16 iterations.
REGINN::Saving current residual in ./step-0010/
REGINN::Saving current estimate in ./step-0010/
REGINN::i=10: rdisc=0.0515, rnorm=1.11 , rerr=1.10 
REGINN::-5.77 ≤ estimate ≤ 9.88
REGINN::
REGINN::Solving linear problem using rtol=0.791 and max_iter=30
REGINN:Gradient::k=0 : rdisc=1.00 , norm=0.00 
REGINN:Gradient::k=1 : rdisc=0.989, norm=0.0852
REGINN:Gradient::k=2 : rdisc=0.980, norm=0.150
REGINN:Gradient::k=3 : rdisc=0.971, norm=0.221
REGINN:Gradient::k=4 : rdisc=0.962, norm=0.285
REGINN:Gradient::k=5 : rdisc=0.953, norm=0.357
REGINN:Gradient::k=6 : rdisc=0.946, norm=0.410
REGINN:Gradient::k=7 : rdisc=0.936, norm=0.499
REGINN:Gradient::k=8 : rdisc=0.928, norm=0.543
REGINN:Gradient::k=9 : rdisc=0.916, norm=0.663
REGINN:Gradient::k=10: rdisc=0.906, norm=0.705
REGINN:Gradient::k=11: rdisc=0.892, norm=0.854
REGINN:Gradient::k=12: rdisc=0.880, norm=0.898
REGINN:Gradient::k=13: rdisc=0.868, norm=1.02 
REGINN:Gradient::k=14: rdisc=0.858, norm=1.07 
REGINN:Gradient::k=15: rdisc=0.850, norm=1.15 
REGINN:Gradient::k=16: rdisc=0.843, norm=1.19 
REGINN:Gradient::k=17: rdisc=0.835, norm=1.28 
REGINN:Gradient::k=18: rdisc=0.828, norm=1.32 
REGINN:Gradient::k=19: rdisc=0.820, norm=1.40 
REGINN:Gradient::k=20: rdisc=0.813, norm=1.44 
REGINN:Gradient::k=21: rdisc=0.805, norm=1.52 
REGINN:Gradient::k=22: rdisc=0.799, norm=1.57 
REGINN:Gradient::k=23: rdisc=0.792, norm=1.63 
REGINN:Gradient::k=24: rdisc=0.787, norm=1.67 
REGINN:Gradient::Target discrepancy reached after 24 iterations.
REGINN::i=11: rdisc=0.0409, rnorm=1.09 , rerr=1.08 
REGINN::-5.47 ≤ estimate ≤ 9.26
REGINN::
REGINN::Solving linear problem using rtol=0.861 and max_iter=40
REGINN:Gradient::k=0 : rdisc=1.00 , norm=0.00 
REGINN:Gradient::k=1 : rdisc=0.992, norm=0.0632
REGINN:Gradient::k=2 : rdisc=0.986, norm=0.0987
REGINN:Gradient::k=3 : rdisc=0.979, norm=0.145
REGINN:Gradient::k=4 : rdisc=0.973, norm=0.184
REGINN:Gradient::k=5 : rdisc=0.967, norm=0.230
REGINN:Gradient::k=6 : rdisc=0.961, norm=0.270
REGINN:Gradient::k=7 : rdisc=0.955, norm=0.315
REGINN:Gradient::k=8 : rdisc=0.949, norm=0.354
REGINN:Gradient::k=9 : rdisc=0.943, norm=0.400
REGINN:Gradient::k=10: rdisc=0.937, norm=0.438
REGINN:Gradient::k=11: rdisc=0.932, norm=0.483
REGINN:Gradient::k=12: rdisc=0.926, norm=0.520
REGINN:Gradient::k=13: rdisc=0.920, norm=0.568
REGINN:Gradient::k=14: rdisc=0.915, norm=0.602
REGINN:Gradient::k=15: rdisc=0.909, norm=0.656
REGINN:Gradient::k=16: rdisc=0.903, norm=0.684
REGINN:Gradient::k=17: rdisc=0.895, norm=0.763
REGINN:Gradient::k=18: rdisc=0.888, norm=0.790
REGINN:Gradient::k=19: rdisc=0.876, norm=0.911
REGINN:Gradient::k=20: rdisc=0.865, norm=0.941
REGINN:Gradient::k=21: rdisc=0.853, norm=1.08 
REGINN:Gradient::Target discrepancy reached after 21 iterations.
REGINN::i=12: rdisc=0.0350, rnorm=1.08 , rerr=1.07 
REGINN::-5.22 ≤ estimate ≤ 9.14
REGINN::
REGINN::Solving linear problem using rtol=0.818 and max_iter=45
REGINN:Gradient::k=0 : rdisc=1.00 , norm=0.00 
REGINN:Gradient::k=1 : rdisc=0.989, norm=0.0428
REGINN:Gradient::k=2 : rdisc=0.981, norm=0.0987
REGINN:Gradient::k=3 : rdisc=0.974, norm=0.131
REGINN:Gradient::k=4 : rdisc=0.969, norm=0.166
REGINN:Gradient::k=5 : rdisc=0.964, norm=0.196
REGINN:Gradient::k=6 : rdisc=0.959, norm=0.232
REGINN:Gradient::k=7 : rdisc=0.954, norm=0.262
REGINN:Gradient::k=8 : rdisc=0.949, norm=0.297
REGINN:Gradient::k=9 : rdisc=0.945, norm=0.327
REGINN:Gradient::k=10: rdisc=0.940, norm=0.360
REGINN:Gradient::k=11: rdisc=0.935, norm=0.390
REGINN:Gradient::k=12: rdisc=0.931, norm=0.419
REGINN:Gradient::k=13: rdisc=0.927, norm=0.451
REGINN:Gradient::k=14: rdisc=0.923, norm=0.476
REGINN:Gradient::k=15: rdisc=0.918, norm=0.511
REGINN:Gradient::k=16: rdisc=0.914, norm=0.535
REGINN:Gradient::k=17: rdisc=0.909, norm=0.574
REGINN:Gradient::k=18: rdisc=0.905, norm=0.598
REGINN:Gradient::k=19: rdisc=0.900, norm=0.638
REGINN:Gradient::k=20: rdisc=0.895, norm=0.663
REGINN:Gradient::k=21: rdisc=0.891, norm=0.703
REGINN:Gradient::k=22: rdisc=0.886, norm=0.728
REGINN:Gradient::k=23: rdisc=0.881, norm=0.767
REGINN:Gradient::k=24: rdisc=0.877, norm=0.791
REGINN:Gradient::k=25: rdisc=0.872, norm=0.831
REGINN:Gradient::k=26: rdisc=0.868, norm=0.854
REGINN:Gradient::k=27: rdisc=0.864, norm=0.895
REGINN:Gradient::k=28: rdisc=0.859, norm=0.918
REGINN:Gradient::k=29: rdisc=0.855, norm=0.959
REGINN:Gradient::k=30: rdisc=0.850, norm=0.982
REGINN:Gradient::k=31: rdisc=0.846, norm=1.02 
REGINN:Gradient::k=32: rdisc=0.841, norm=1.05 
REGINN:Gradient::k=33: rdisc=0.837, norm=1.09 
REGINN:Gradient::k=34: rdisc=0.832, norm=1.11 
REGINN:Gradient::k=35: rdisc=0.828, norm=1.15 
REGINN:Gradient::k=36: rdisc=0.824, norm=1.18 
REGINN:Gradient::k=37: rdisc=0.819, norm=1.22 
REGINN:Gradient::k=38: rdisc=0.815, norm=1.24 
REGINN:Gradient::Target discrepancy reached after 38 iterations.
REGINN::i=13: rdisc=0.0287, rnorm=1.07 , rerr=1.05 
REGINN::-4.94 ≤ estimate ≤ 9.27
REGINN::
REGINN::Solving linear problem using rtol=0.899 and max_iter=59
REGINN:Gradient::k=0 : rdisc=1.00 , norm=0.00 
REGINN:Gradient::k=1 : rdisc=0.995, norm=0.0318
REGINN:Gradient::k=2 : rdisc=0.992, norm=0.0519
REGINN:Gradient::k=3 : rdisc=0.987, norm=0.0796
REGINN:Gradient::k=4 : rdisc=0.984, norm=0.101
REGINN:Gradient::k=5 : rdisc=0.980, norm=0.131
REGINN:Gradient::k=6 : rdisc=0.976, norm=0.152
REGINN:Gradient::k=7 : rdisc=0.971, norm=0.184
REGINN:Gradient::k=8 : rdisc=0.967, norm=0.205
REGINN:Gradient::k=9 : rdisc=0.963, norm=0.240
REGINN:Gradient::k=10: rdisc=0.959, norm=0.261
REGINN:Gradient::k=11: rdisc=0.954, norm=0.298
REGINN:Gradient::k=12: rdisc=0.950, norm=0.318
REGINN:Gradient::k=13: rdisc=0.945, norm=0.360
REGINN:Gradient::k=14: rdisc=0.940, norm=0.380
REGINN:Gradient::k=15: rdisc=0.934, norm=0.427
REGINN:Gradient::k=16: rdisc=0.929, norm=0.447
REGINN:Gradient::k=17: rdisc=0.923, norm=0.501
REGINN:Gradient::k=18: rdisc=0.918, norm=0.520
REGINN:Gradient::k=19: rdisc=0.912, norm=0.571
REGINN:Gradient::k=20: rdisc=0.907, norm=0.591
REGINN:Gradient::k=21: rdisc=0.902, norm=0.629
REGINN:Gradient::k=22: rdisc=0.898, norm=0.650
REGINN:Gradient::Target discrepancy reached after 22 iterations.
REGINN::i=14: rdisc=0.0259, rnorm=1.06 , rerr=1.05 
REGINN::-4.89 ≤ estimate ≤ 9.31
REGINN::
REGINN::Solving linear problem using rtol=0.854 and max_iter=60
REGINN:Gradient::k=0 : rdisc=1.00 , norm=0.00 
REGINN:Gradient::k=1 : rdisc=0.996, norm=0.0250
REGINN:Gradient::k=2 : rdisc=0.993, norm=0.0424
REGINN:Gradient::k=3 : rdisc=0.990, norm=0.0623
REGINN:Gradient::k=4 : rdisc=0.987, norm=0.0813
REGINN:Gradient::k=5 : rdisc=0.984, norm=0.101
REGINN:Gradient::k=6 : rdisc=0.981, norm=0.120
REGINN:Gradient::k=7 : rdisc=0.978, norm=0.141
REGINN:Gradient::k=8 : rdisc=0.976, norm=0.158
REGINN:Gradient::k=9 : rdisc=0.972, norm=0.180
REGINN:Gradient::k=10: rdisc=0.970, norm=0.197
REGINN:Gradient::k=11: rdisc=0.967, norm=0.219
REGINN:Gradient::k=12: rdisc=0.964, norm=0.236
REGINN:Gradient::k=13: rdisc=0.960, norm=0.261
REGINN:Gradient::k=14: rdisc=0.957, norm=0.277
REGINN:Gradient::k=15: rdisc=0.954, norm=0.303
REGINN:Gradient::k=16: rdisc=0.951, norm=0.320
REGINN:Gradient::k=17: rdisc=0.947, norm=0.348
REGINN:Gradient::k=18: rdisc=0.944, norm=0.364
REGINN:Gradient::k=19: rdisc=0.940, norm=0.394
REGINN:Gradient::k=20: rdisc=0.937, norm=0.410
REGINN:Gradient::k=21: rdisc=0.933, norm=0.443
REGINN:Gradient::k=22: rdisc=0.930, norm=0.457
REGINN:Gradient::k=23: rdisc=0.925, norm=0.498
REGINN:Gradient::k=24: rdisc=0.921, norm=0.512
REGINN:Gradient::k=25: rdisc=0.915, norm=0.569
REGINN:Gradient::k=26: rdisc=0.909, norm=0.585
REGINN:Gradient::k=27: rdisc=0.904, norm=0.633
REGINN:Gradient::k=28: rdisc=0.899, norm=0.650
REGINN:Gradient::k=29: rdisc=0.896, norm=0.675
REGINN:Gradient::k=30: rdisc=0.894, norm=0.689
REGINN:Gradient::k=31: rdisc=0.891, norm=0.711
REGINN:Gradient::k=32: rdisc=0.888, norm=0.726
REGINN:Gradient::k=33: rdisc=0.886, norm=0.745
REGINN:Gradient::k=34: rdisc=0.884, norm=0.760
REGINN:Gradient::k=35: rdisc=0.882, norm=0.778
REGINN:Gradient::k=36: rdisc=0.879, norm=0.793
REGINN:Gradient::k=37: rdisc=0.877, norm=0.809
REGINN:Gradient::k=38: rdisc=0.875, norm=0.824
REGINN:Gradient::k=39: rdisc=0.873, norm=0.839
REGINN:Gradient::k=40: rdisc=0.871, norm=0.853
REGINN:Gradient::k=41: rdisc=0.869, norm=0.868
REGINN:Gradient::k=42: rdisc=0.867, norm=0.882
REGINN:Gradient::k=43: rdisc=0.866, norm=0.896
REGINN:Gradient::k=44: rdisc=0.864, norm=0.911
REGINN:Gradient::k=45: rdisc=0.862, norm=0.922
REGINN:Gradient::k=46: rdisc=0.860, norm=0.938
REGINN:Gradient::k=47: rdisc=0.859, norm=0.947
REGINN:Gradient::k=48: rdisc=0.856, norm=0.967
REGINN:Gradient::k=49: rdisc=0.855, norm=0.975
REGINN:Gradient::k=50: rdisc=0.850, norm=1.02 
REGINN:Gradient::Target discrepancy reached after 50 iterations.
REGINN::i=15: rdisc=0.0222, rnorm=1.06 , rerr=1.05 
REGINN::-4.91 ≤ estimate ≤ 9.24
REGINN::
REGINN::Solving linear problem using rtol=0.936 and max_iter=72
REGINN:Gradient::k=0 : rdisc=1.00 , norm=0.00 
REGINN:Gradient::k=1 : rdisc=0.996, norm=0.0161
REGINN:Gradient::k=2 : rdisc=0.991, norm=0.0494
REGINN:Gradient::k=3 : rdisc=0.987, norm=0.0658
REGINN:Gradient::k=4 : rdisc=0.985, norm=0.0831
REGINN:Gradient::k=5 : rdisc=0.982, norm=0.0943
REGINN:Gradient::k=6 : rdisc=0.980, norm=0.115
REGINN:Gradient::k=7 : rdisc=0.978, norm=0.125
REGINN:Gradient::k=8 : rdisc=0.973, norm=0.167
REGINN:Gradient::k=9 : rdisc=0.969, norm=0.179
REGINN:Gradient::k=10: rdisc=0.965, norm=0.208
REGINN:Gradient::k=11: rdisc=0.962, norm=0.221
REGINN:Gradient::k=12: rdisc=0.959, norm=0.243
REGINN:Gradient::k=13: rdisc=0.957, norm=0.257
REGINN:Gradient::k=14: rdisc=0.955, norm=0.269
REGINN:Gradient::k=15: rdisc=0.953, norm=0.279
REGINN:Gradient::k=16: rdisc=0.951, norm=0.293
REGINN:Gradient::k=17: rdisc=0.950, norm=0.302
REGINN:Gradient::k=18: rdisc=0.948, norm=0.320
REGINN:Gradient::k=19: rdisc=0.946, norm=0.329
REGINN:Gradient::k=20: rdisc=0.942, norm=0.363
REGINN:Gradient::k=21: rdisc=0.939, norm=0.374
REGINN:Gradient::k=22: rdisc=0.935, norm=0.411
REGINN:Gradient::Target discrepancy reached after 22 iterations.
REGINN::i=16: rdisc=0.0208, rnorm=1.05 , rerr=1.05 
REGINN::-5.01 ≤ estimate ≤ 9.21
REGINN::
REGINN::Solving linear problem using rtol=0.889 and max_iter=72
REGINN:Gradient::k=0 : rdisc=1.00 , norm=0.00 
REGINN:Gradient::k=1 : rdisc=0.996, norm=0.0141
REGINN:Gradient::k=2 : rdisc=0.994, norm=0.0292
REGINN:Gradient::k=3 : rdisc=0.992, norm=0.0396
REGINN:Gradient::k=4 : rdisc=0.990, norm=0.0528
REGINN:Gradient::k=5 : rdisc=0.988, norm=0.0648
REGINN:Gradient::k=6 : rdisc=0.986, norm=0.0777
REGINN:Gradient::k=7 : rdisc=0.984, norm=0.0901
REGINN:Gradient::k=8 : rdisc=0.982, norm=0.103
REGINN:Gradient::k=9 : rdisc=0.981, norm=0.115
REGINN:Gradient::k=10: rdisc=0.979, norm=0.127
REGINN:Gradient::k=11: rdisc=0.977, norm=0.140
REGINN:Gradient::k=12: rdisc=0.975, norm=0.152
REGINN:Gradient::k=13: rdisc=0.973, norm=0.165
REGINN:Gradient::k=14: rdisc=0.971, norm=0.177
REGINN:Gradient::k=15: rdisc=0.970, norm=0.190
REGINN:Gradient::k=16: rdisc=0.968, norm=0.202
REGINN:Gradient::k=17: rdisc=0.966, norm=0.215
REGINN:Gradient::k=18: rdisc=0.964, norm=0.226
REGINN:Gradient::k=19: rdisc=0.963, norm=0.239
REGINN:Gradient::k=20: rdisc=0.961, norm=0.250
REGINN:Gradient::k=21: rdisc=0.959, norm=0.262
REGINN:Gradient::k=22: rdisc=0.958, norm=0.272
REGINN:Gradient::k=23: rdisc=0.956, norm=0.285
REGINN:Gradient::k=24: rdisc=0.954, norm=0.295
REGINN:Gradient::k=25: rdisc=0.953, norm=0.308
REGINN:Gradient::k=26: rdisc=0.951, norm=0.318
REGINN:Gradient::k=27: rdisc=0.949, norm=0.331
REGINN:Gradient::k=28: rdisc=0.948, norm=0.341
REGINN:Gradient::k=29: rdisc=0.946, norm=0.355
REGINN:Gradient::k=30: rdisc=0.944, norm=0.365
REGINN:Gradient::k=31: rdisc=0.942, norm=0.379
REGINN:Gradient::k=32: rdisc=0.941, norm=0.389
REGINN:Gradient::k=33: rdisc=0.939, norm=0.404
REGINN:Gradient::k=34: rdisc=0.937, norm=0.413
REGINN:Gradient::k=35: rdisc=0.935, norm=0.429
REGINN:Gradient::k=36: rdisc=0.934, norm=0.438
REGINN:Gradient::k=37: rdisc=0.932, norm=0.454
REGINN:Gradient::k=38: rdisc=0.930, norm=0.463
REGINN:Gradient::k=39: rdisc=0.928, norm=0.482
REGINN:Gradient::k=40: rdisc=0.926, norm=0.490
REGINN:Gradient::k=41: rdisc=0.924, norm=0.510
REGINN:Gradient::k=42: rdisc=0.922, norm=0.519
REGINN:Gradient::k=43: rdisc=0.920, norm=0.540
REGINN:Gradient::k=44: rdisc=0.918, norm=0.549
REGINN:Gradient::k=45: rdisc=0.916, norm=0.568
REGINN:Gradient::k=46: rdisc=0.914, norm=0.577
REGINN:Gradient::k=47: rdisc=0.912, norm=0.593
REGINN:Gradient::k=48: rdisc=0.910, norm=0.603
REGINN:Gradient::k=49: rdisc=0.908, norm=0.616
REGINN:Gradient::k=50: rdisc=0.907, norm=0.626
REGINN:Gradient::k=51: rdisc=0.905, norm=0.638
REGINN:Gradient::k=52: rdisc=0.904, norm=0.648
REGINN:Gradient::k=53: rdisc=0.903, norm=0.658
REGINN:Gradient::k=54: rdisc=0.901, norm=0.668
REGINN:Gradient::k=55: rdisc=0.900, norm=0.678
REGINN:Gradient::k=56: rdisc=0.899, norm=0.688
REGINN:Gradient::k=57: rdisc=0.897, norm=0.696
REGINN:Gradient::k=58: rdisc=0.896, norm=0.707
REGINN:Gradient::k=59: rdisc=0.895, norm=0.715
REGINN:Gradient::k=60: rdisc=0.893, norm=0.726
REGINN:Gradient::k=61: rdisc=0.892, norm=0.734
REGINN:Gradient::k=62: rdisc=0.891, norm=0.746
REGINN:Gradient::k=63: rdisc=0.890, norm=0.752
REGINN:Gradient::k=64: rdisc=0.888, norm=0.770
REGINN:Gradient::Target discrepancy reached after 64 iterations.
REGINN::i=17: rdisc=0.0186, rnorm=1.05 , rerr=1.05 
REGINN::-5.20 ≤ estimate ≤ 9.15
REGINN::
REGINN::Solving linear problem using rtol=0.962 and max_iter=86
REGINN:Gradient::k=0 : rdisc=1.00 , norm=0.00 
REGINN:Gradient::k=1 : rdisc=0.998, norm=0.0106
REGINN:Gradient::k=2 : rdisc=0.995, norm=0.0337
REGINN:Gradient::k=3 : rdisc=0.992, norm=0.0414
REGINN:Gradient::k=4 : rdisc=0.990, norm=0.0592
REGINN:Gradient::k=5 : rdisc=0.988, norm=0.0678
REGINN:Gradient::k=6 : rdisc=0.987, norm=0.0780
REGINN:Gradient::k=7 : rdisc=0.985, norm=0.0870
REGINN:Gradient::k=8 : rdisc=0.984, norm=0.0967
REGINN:Gradient::k=9 : rdisc=0.983, norm=0.104
REGINN:Gradient::k=10: rdisc=0.981, norm=0.115
REGINN:Gradient::k=11: rdisc=0.980, norm=0.122
REGINN:Gradient::k=12: rdisc=0.978, norm=0.137
REGINN:Gradient::k=13: rdisc=0.977, norm=0.143
REGINN:Gradient::k=14: rdisc=0.974, norm=0.174
REGINN:Gradient::k=15: rdisc=0.971, norm=0.182
REGINN:Gradient::k=16: rdisc=0.968, norm=0.203
REGINN:Gradient::k=17: rdisc=0.966, norm=0.211
REGINN:Gradient::k=18: rdisc=0.964, norm=0.226
REGINN:Gradient::k=19: rdisc=0.963, norm=0.234
REGINN:Gradient::k=20: rdisc=0.961, norm=0.245
REGINN:Gradient::Target discrepancy reached after 20 iterations.
REGINN::i=18: rdisc=0.0179, rnorm=1.05 , rerr=1.05 
REGINN::-5.27 ≤ estimate ≤ 9.13
REGINN::
REGINN::Solving linear problem using rtol=0.914 and max_iter=84
REGINN:Gradient::k=0 : rdisc=1.00 , norm=0.00 
REGINN:Gradient::k=1 : rdisc=0.998, norm=0.0109
REGINN:Gradient::k=2 : rdisc=0.997, norm=0.0185
REGINN:Gradient::k=3 : rdisc=0.996, norm=0.0284
REGINN:Gradient::k=4 : rdisc=0.994, norm=0.0362
REGINN:Gradient::k=5 : rdisc=0.993, norm=0.0467
REGINN:Gradient::k=6 : rdisc=0.992, norm=0.0543
REGINN:Gradient::k=7 : rdisc=0.990, norm=0.0655
REGINN:Gradient::k=8 : rdisc=0.989, norm=0.0730
REGINN:Gradient::k=9 : rdisc=0.987, norm=0.0848
REGINN:Gradient::k=10: rdisc=0.986, norm=0.0922
REGINN:Gradient::k=11: rdisc=0.984, norm=0.105
REGINN:Gradient::k=12: rdisc=0.983, norm=0.112
REGINN:Gradient::k=13: rdisc=0.981, norm=0.126
REGINN:Gradient::k=14: rdisc=0.980, norm=0.133
REGINN:Gradient::k=15: rdisc=0.978, norm=0.148
REGINN:Gradient::k=16: rdisc=0.977, norm=0.156
REGINN:Gradient::k=17: rdisc=0.975, norm=0.171
REGINN:Gradient::k=18: rdisc=0.973, norm=0.179
REGINN:Gradient::k=19: rdisc=0.971, norm=0.196
REGINN:Gradient::k=20: rdisc=0.969, norm=0.203
REGINN:Gradient::k=21: rdisc=0.967, norm=0.222
REGINN:Gradient::k=22: rdisc=0.965, norm=0.230
REGINN:Gradient::k=23: rdisc=0.963, norm=0.247
REGINN:Gradient::k=24: rdisc=0.962, norm=0.255
REGINN:Gradient::k=25: rdisc=0.960, norm=0.272
REGINN:Gradient::k=26: rdisc=0.958, norm=0.280
REGINN:Gradient::k=27: rdisc=0.956, norm=0.293
REGINN:Gradient::k=28: rdisc=0.955, norm=0.301
REGINN:Gradient::k=29: rdisc=0.953, norm=0.312
REGINN:Gradient::k=30: rdisc=0.952, norm=0.320
REGINN:Gradient::k=31: rdisc=0.951, norm=0.329
REGINN:Gradient::k=32: rdisc=0.950, norm=0.337
REGINN:Gradient::k=33: rdisc=0.949, norm=0.344
REGINN:Gradient::k=34: rdisc=0.947, norm=0.353
REGINN:Gradient::k=35: rdisc=0.946, norm=0.359
REGINN:Gradient::k=36: rdisc=0.945, norm=0.369
REGINN:Gradient::k=37: rdisc=0.944, norm=0.374
REGINN:Gradient::k=38: rdisc=0.943, norm=0.384
REGINN:Gradient::k=39: rdisc=0.942, norm=0.390
REGINN:Gradient::k=40: rdisc=0.941, norm=0.399
REGINN:Gradient::k=41: rdisc=0.940, norm=0.405
REGINN:Gradient::k=42: rdisc=0.939, norm=0.414
REGINN:Gradient::k=43: rdisc=0.938, norm=0.420
REGINN:Gradient::k=44: rdisc=0.937, norm=0.429
REGINN:Gradient::k=45: rdisc=0.936, norm=0.434
REGINN:Gradient::k=46: rdisc=0.934, norm=0.445
REGINN:Gradient::k=47: rdisc=0.933, norm=0.450
REGINN:Gradient::k=48: rdisc=0.932, norm=0.464
REGINN:Gradient::k=49: rdisc=0.930, norm=0.469
REGINN:Gradient::k=50: rdisc=0.927, norm=0.500
REGINN:Gradient::k=51: rdisc=0.925, norm=0.507
REGINN:Gradient::k=52: rdisc=0.923, norm=0.525
REGINN:Gradient::k=53: rdisc=0.921, norm=0.530
REGINN:Gradient::k=54: rdisc=0.918, norm=0.559
REGINN:Gradient::k=55: rdisc=0.916, norm=0.565
REGINN:Gradient::k=56: rdisc=0.914, norm=0.580
REGINN:Gradient::k=57: rdisc=0.913, norm=0.587
REGINN:Gradient::Target discrepancy reached after 57 iterations.
REGINN::i=19: rdisc=0.0164, rnorm=1.04 , rerr=1.05 
REGINN::-5.42 ≤ estimate ≤ 9.34
REGINN::
REGINN::Solving linear problem using rtol=0.970 and max_iter=77
REGINN:Gradient::k=0 : rdisc=1.00 , norm=0.00 
REGINN:Gradient::k=1 : rdisc=0.998, norm=0.0157
REGINN:Gradient::k=2 : rdisc=0.997, norm=0.0215
REGINN:Gradient::k=3 : rdisc=0.995, norm=0.0306
REGINN:Gradient::k=4 : rdisc=0.994, norm=0.0365
REGINN:Gradient::k=5 : rdisc=0.993, norm=0.0453
REGINN:Gradient::k=6 : rdisc=0.992, norm=0.0514
REGINN:Gradient::k=7 : rdisc=0.991, norm=0.0601
REGINN:Gradient::k=8 : rdisc=0.990, norm=0.0661
REGINN:Gradient::k=9 : rdisc=0.989, norm=0.0746
REGINN:Gradient::k=10: rdisc=0.988, norm=0.0807
REGINN:Gradient::k=11: rdisc=0.987, norm=0.0890
REGINN:Gradient::k=12: rdisc=0.986, norm=0.0951
REGINN:Gradient::k=13: rdisc=0.985, norm=0.103
REGINN:Gradient::k=14: rdisc=0.984, norm=0.109
REGINN:Gradient::k=15: rdisc=0.983, norm=0.117
REGINN:Gradient::k=16: rdisc=0.982, norm=0.123
REGINN:Gradient::k=17: rdisc=0.981, norm=0.130
REGINN:Gradient::k=18: rdisc=0.980, norm=0.137
REGINN:Gradient::k=19: rdisc=0.979, norm=0.143
REGINN:Gradient::k=20: rdisc=0.978, norm=0.150
REGINN:Gradient::k=21: rdisc=0.977, norm=0.156
REGINN:Gradient::k=22: rdisc=0.976, norm=0.164
REGINN:Gradient::k=23: rdisc=0.975, norm=0.170
REGINN:Gradient::k=24: rdisc=0.974, norm=0.178
REGINN:Gradient::k=25: rdisc=0.973, norm=0.183
REGINN:Gradient::k=26: rdisc=0.972, norm=0.192
REGINN:Gradient::k=27: rdisc=0.971, norm=0.197
REGINN:Gradient::k=28: rdisc=0.970, norm=0.206
REGINN:Gradient::Target discrepancy reached after 28 iterations.
REGINN::Saving current residual in ./step-0020/
REGINN::Saving current estimate in ./step-0020/
REGINN::i=20: rdisc=0.0160, rnorm=1.04 , rerr=1.05 
REGINN::-5.48 ≤ estimate ≤ 9.43
REGINN::
REGINN::Solving linear problem using rtol=0.921 and max_iter=85
REGINN:Gradient::k=0 : rdisc=1.00 , norm=0.00 
REGINN:Gradient::k=1 : rdisc=0.999, norm=0.00698
REGINN:Gradient::k=2 : rdisc=0.998, norm=0.0148
REGINN:Gradient::k=3 : rdisc=0.997, norm=0.0211
REGINN:Gradient::k=4 : rdisc=0.996, norm=0.0296
REGINN:Gradient::k=5 : rdisc=0.995, norm=0.0357
REGINN:Gradient::k=6 : rdisc=0.993, norm=0.0445
REGINN:Gradient::k=7 : rdisc=0.992, norm=0.0506
REGINN:Gradient::k=8 : rdisc=0.991, norm=0.0596
REGINN:Gradient::k=9 : rdisc=0.990, norm=0.0657
REGINN:Gradient::k=10: rdisc=0.989, norm=0.0747
REGINN:Gradient::k=11: rdisc=0.988, norm=0.0808
REGINN:Gradient::k=12: rdisc=0.987, norm=0.0897
REGINN:Gradient::k=13: rdisc=0.986, norm=0.0958
REGINN:Gradient::k=14: rdisc=0.985, norm=0.105
REGINN:Gradient::k=15: rdisc=0.984, norm=0.111
REGINN:Gradient::k=16: rdisc=0.983, norm=0.119
REGINN:Gradient::k=17: rdisc=0.981, norm=0.125
REGINN:Gradient::k=18: rdisc=0.980, norm=0.133
REGINN:Gradient::k=19: rdisc=0.979, norm=0.139
REGINN:Gradient::k=20: rdisc=0.978, norm=0.147
REGINN:Gradient::k=21: rdisc=0.977, norm=0.153
REGINN:Gradient::k=22: rdisc=0.976, norm=0.161
REGINN:Gradient::k=23: rdisc=0.975, norm=0.167
REGINN:Gradient::k=24: rdisc=0.975, norm=0.174
REGINN:Gradient::k=25: rdisc=0.974, norm=0.180
REGINN:Gradient::k=26: rdisc=0.973, norm=0.187
REGINN:Gradient::k=27: rdisc=0.972, norm=0.193
REGINN:Gradient::k=28: rdisc=0.971, norm=0.200
REGINN:Gradient::k=29: rdisc=0.970, norm=0.206
REGINN:Gradient::k=30: rdisc=0.969, norm=0.212
REGINN:Gradient::k=31: rdisc=0.968, norm=0.218
REGINN:Gradient::k=32: rdisc=0.967, norm=0.224
REGINN:Gradient::k=33: rdisc=0.966, norm=0.231
REGINN:Gradient::k=34: rdisc=0.966, norm=0.236
REGINN:Gradient::k=35: rdisc=0.965, norm=0.243
REGINN:Gradient::k=36: rdisc=0.964, norm=0.248
REGINN:Gradient::k=37: rdisc=0.963, norm=0.256
REGINN:Gradient::k=38: rdisc=0.962, norm=0.261
REGINN:Gradient::k=39: rdisc=0.961, norm=0.269
REGINN:Gradient::k=40: rdisc=0.960, norm=0.273
REGINN:Gradient::k=41: rdisc=0.959, norm=0.284
REGINN:Gradient::k=42: rdisc=0.958, norm=0.287
REGINN:Gradient::k=43: rdisc=0.956, norm=0.309
REGINN:Gradient::k=44: rdisc=0.954, norm=0.312
REGINN:Gradient::k=45: rdisc=0.952, norm=0.332
REGINN:Gradient::k=46: rdisc=0.950, norm=0.337
REGINN:Gradient::k=47: rdisc=0.949, norm=0.349
REGINN:Gradient::k=48: rdisc=0.948, norm=0.353
REGINN:Gradient::k=49: rdisc=0.946, norm=0.364
REGINN:Gradient::k=50: rdisc=0.945, norm=0.368
REGINN:Gradient::k=51: rdisc=0.944, norm=0.383
REGINN:Gradient::k=52: rdisc=0.942, norm=0.388
REGINN:Gradient::k=53: rdisc=0.941, norm=0.400
REGINN:Gradient::k=54: rdisc=0.940, norm=0.405
REGINN:Gradient::k=55: rdisc=0.939, norm=0.414
REGINN:Gradient::k=56: rdisc=0.938, norm=0.419
REGINN:Gradient::k=57: rdisc=0.937, norm=0.427
REGINN:Gradient::k=58: rdisc=0.936, norm=0.432
REGINN:Gradient::k=59: rdisc=0.935, norm=0.442
REGINN:Gradient::k=60: rdisc=0.934, norm=0.446
REGINN:Gradient::k=61: rdisc=0.932, norm=0.464
REGINN:Gradient::k=62: rdisc=0.930, norm=0.469
REGINN:Gradient::k=63: rdisc=0.928, norm=0.489
REGINN:Gradient::k=64: rdisc=0.927, norm=0.494
REGINN:Gradient::k=65: rdisc=0.925, norm=0.502
REGINN:Gradient::k=66: rdisc=0.925, norm=0.508
REGINN:Gradient::k=67: rdisc=0.924, norm=0.514
REGINN:Gradient::k=68: rdisc=0.923, norm=0.520
REGINN:Gradient::k=69: rdisc=0.922, norm=0.526
REGINN:Gradient::k=70: rdisc=0.921, norm=0.531
REGINN:Gradient::k=71: rdisc=0.921, norm=0.537
REGINN:Gradient::Target discrepancy reached after 71 iterations.
REGINN::i=21: rdisc=0.0147, rnorm=1.04 , rerr=1.06 
REGINN::-5.63 ≤ estimate ≤ 9.61
REGINN::
REGINN::Solving linear problem using rtol=0.969 and max_iter=99
REGINN:Gradient::k=0 : rdisc=1.00 , norm=0.00 
REGINN:Gradient::k=1 : rdisc=0.999, norm=0.00957
REGINN:Gradient::k=2 : rdisc=0.998, norm=0.0139
REGINN:Gradient::k=3 : rdisc=0.997, norm=0.0224
REGINN:Gradient::k=4 : rdisc=0.995, norm=0.0278
REGINN:Gradient::k=5 : rdisc=0.994, norm=0.0359
REGINN:Gradient::k=6 : rdisc=0.993, norm=0.0412
REGINN:Gradient::k=7 : rdisc=0.992, norm=0.0492
REGINN:Gradient::k=8 : rdisc=0.991, norm=0.0545
REGINN:Gradient::k=9 : rdisc=0.990, norm=0.0623
REGINN:Gradient::k=10: rdisc=0.989, norm=0.0675
REGINN:Gradient::k=11: rdisc=0.988, norm=0.0751
REGINN:Gradient::k=12: rdisc=0.988, norm=0.0804
REGINN:Gradient::k=13: rdisc=0.987, norm=0.0875
REGINN:Gradient::k=14: rdisc=0.986, norm=0.0928
REGINN:Gradient::k=15: rdisc=0.985, norm=0.0995
REGINN:Gradient::k=16: rdisc=0.984, norm=0.105
REGINN:Gradient::k=17: rdisc=0.983, norm=0.111
REGINN:Gradient::k=18: rdisc=0.982, norm=0.116
REGINN:Gradient::k=19: rdisc=0.981, norm=0.122
REGINN:Gradient::k=20: rdisc=0.981, norm=0.128
REGINN:Gradient::k=21: rdisc=0.980, norm=0.133
REGINN:Gradient::k=22: rdisc=0.979, norm=0.139
REGINN:Gradient::k=23: rdisc=0.978, norm=0.144
REGINN:Gradient::k=24: rdisc=0.977, norm=0.150
REGINN:Gradient::k=25: rdisc=0.977, norm=0.155
REGINN:Gradient::k=26: rdisc=0.976, norm=0.160
REGINN:Gradient::k=27: rdisc=0.975, norm=0.166
REGINN:Gradient::k=28: rdisc=0.974, norm=0.171
REGINN:Gradient::k=29: rdisc=0.974, norm=0.176
REGINN:Gradient::k=30: rdisc=0.973, norm=0.182
REGINN:Gradient::k=31: rdisc=0.972, norm=0.187
REGINN:Gradient::k=32: rdisc=0.971, norm=0.193
REGINN:Gradient::k=33: rdisc=0.970, norm=0.198
REGINN:Gradient::k=34: rdisc=0.970, norm=0.204
REGINN:Gradient::k=35: rdisc=0.969, norm=0.209
REGINN:Gradient::Target discrepancy reached after 35 iterations.
REGINN::i=22: rdisc=0.0143, rnorm=1.04 , rerr=1.06 
REGINN::-5.69 ≤ estimate ≤ 9.69
REGINN::
REGINN::Solving linear problem using rtol=0.921 and max_iter=106
REGINN:Gradient::k=0 : rdisc=1.00 , norm=0.00 
REGINN:Gradient::k=1 : rdisc=0.999, norm=0.00667
REGINN:Gradient::k=2 : rdisc=0.998, norm=0.0119
REGINN:Gradient::k=3 : rdisc=0.997, norm=0.0174
REGINN:Gradient::k=4 : rdisc=0.997, norm=0.0232
REGINN:Gradient::k=5 : rdisc=0.996, norm=0.0284
REGINN:Gradient::k=6 : rdisc=0.995, norm=0.0343
REGINN:Gradient::k=7 : rdisc=0.994, norm=0.0395
REGINN:Gradient::k=8 : rdisc=0.993, norm=0.0454
REGINN:Gradient::k=9 : rdisc=0.993, norm=0.0505
REGINN:Gradient::k=10: rdisc=0.992, norm=0.0565
REGINN:Gradient::k=11: rdisc=0.991, norm=0.0616
REGINN:Gradient::k=12: rdisc=0.990, norm=0.0676
REGINN:Gradient::k=13: rdisc=0.989, norm=0.0727
REGINN:Gradient::k=14: rdisc=0.988, norm=0.0787
REGINN:Gradient::k=15: rdisc=0.988, norm=0.0837
REGINN:Gradient::k=16: rdisc=0.987, norm=0.0896
REGINN:Gradient::k=17: rdisc=0.986, norm=0.0948
REGINN:Gradient::k=18: rdisc=0.985, norm=0.101
REGINN:Gradient::k=19: rdisc=0.984, norm=0.106
REGINN:Gradient::k=20: rdisc=0.984, norm=0.111
REGINN:Gradient::k=21: rdisc=0.983, norm=0.116
REGINN:Gradient::k=22: rdisc=0.982, norm=0.122
REGINN:Gradient::k=23: rdisc=0.981, norm=0.127
REGINN:Gradient::k=24: rdisc=0.981, norm=0.132
REGINN:Gradient::k=25: rdisc=0.980, norm=0.138
REGINN:Gradient::k=26: rdisc=0.979, norm=0.143
REGINN:Gradient::k=27: rdisc=0.978, norm=0.148
REGINN:Gradient::k=28: rdisc=0.978, norm=0.154
REGINN:Gradient::k=29: rdisc=0.977, norm=0.159
REGINN:Gradient::k=30: rdisc=0.976, norm=0.164
REGINN:Gradient::k=31: rdisc=0.975, norm=0.169
REGINN:Gradient::k=32: rdisc=0.975, norm=0.175
REGINN:Gradient::k=33: rdisc=0.974, norm=0.180
REGINN:Gradient::k=34: rdisc=0.973, norm=0.185
REGINN:Gradient::k=35: rdisc=0.972, norm=0.190
REGINN:Gradient::k=36: rdisc=0.972, norm=0.196
REGINN:Gradient::k=37: rdisc=0.971, norm=0.201
REGINN:Gradient::k=38: rdisc=0.970, norm=0.206
REGINN:Gradient::k=39: rdisc=0.969, norm=0.211
REGINN:Gradient::k=40: rdisc=0.969, norm=0.217
REGINN:Gradient::k=41: rdisc=0.968, norm=0.222
REGINN:Gradient::k=42: rdisc=0.967, norm=0.227
REGINN:Gradient::k=43: rdisc=0.966, norm=0.232
REGINN:Gradient::k=44: rdisc=0.966, norm=0.237
REGINN:Gradient::k=45: rdisc=0.965, norm=0.242
REGINN:Gradient::k=46: rdisc=0.964, norm=0.248
REGINN:Gradient::k=47: rdisc=0.963, norm=0.253
REGINN:Gradient::k=48: rdisc=0.963, norm=0.258
REGINN:Gradient::k=49: rdisc=0.962, norm=0.263
REGINN:Gradient::k=50: rdisc=0.961, norm=0.268
REGINN:Gradient::k=51: rdisc=0.960, norm=0.273
REGINN:Gradient::k=52: rdisc=0.960, norm=0.279
REGINN:Gradient::k=53: rdisc=0.959, norm=0.284
REGINN:Gradient::k=54: rdisc=0.958, norm=0.289
REGINN:Gradient::k=55: rdisc=0.957, norm=0.294
REGINN:Gradient::k=56: rdisc=0.957, norm=0.299
REGINN:Gradient::k=57: rdisc=0.956, norm=0.304
REGINN:Gradient::k=58: rdisc=0.955, norm=0.310
REGINN:Gradient::k=59: rdisc=0.955, norm=0.315
REGINN:Gradient::k=60: rdisc=0.954, norm=0.320
REGINN:Gradient::k=61: rdisc=0.953, norm=0.325
REGINN:Gradient::k=62: rdisc=0.952, norm=0.330
REGINN:Gradient::k=63: rdisc=0.952, norm=0.335
REGINN:Gradient::k=64: rdisc=0.951, norm=0.340
REGINN:Gradient::k=65: rdisc=0.950, norm=0.345
REGINN:Gradient::k=66: rdisc=0.949, norm=0.350
REGINN:Gradient::k=67: rdisc=0.949, norm=0.355
REGINN:Gradient::k=68: rdisc=0.948, norm=0.360
REGINN:Gradient::k=69: rdisc=0.947, norm=0.365
REGINN:Gradient::k=70: rdisc=0.947, norm=0.371
REGINN:Gradient::k=71: rdisc=0.946, norm=0.375
REGINN:Gradient::k=72: rdisc=0.945, norm=0.381
REGINN:Gradient::k=73: rdisc=0.945, norm=0.386
REGINN:Gradient::k=74: rdisc=0.944, norm=0.391
REGINN:Gradient::k=75: rdisc=0.943, norm=0.395
REGINN:Gradient::k=76: rdisc=0.942, norm=0.400
REGINN:Gradient::k=77: rdisc=0.942, norm=0.405
REGINN:Gradient::k=78: rdisc=0.941, norm=0.410
REGINN:Gradient::k=79: rdisc=0.940, norm=0.415
REGINN:Gradient::k=80: rdisc=0.940, norm=0.420
REGINN:Gradient::k=81: rdisc=0.939, norm=0.425
REGINN:Gradient::k=82: rdisc=0.938, norm=0.430
REGINN:Gradient::k=83: rdisc=0.938, norm=0.435
REGINN:Gradient::k=84: rdisc=0.937, norm=0.440
REGINN:Gradient::k=85: rdisc=0.936, norm=0.445
REGINN:Gradient::k=86: rdisc=0.936, norm=0.450
REGINN:Gradient::k=87: rdisc=0.935, norm=0.455
REGINN:Gradient::k=88: rdisc=0.934, norm=0.460
REGINN:Gradient::k=89: rdisc=0.933, norm=0.465
REGINN:Gradient::k=90: rdisc=0.933, norm=0.470
REGINN:Gradient::k=91: rdisc=0.932, norm=0.474
REGINN:Gradient::k=92: rdisc=0.931, norm=0.480
REGINN:Gradient::k=93: rdisc=0.931, norm=0.484
REGINN:Gradient::k=94: rdisc=0.930, norm=0.490
REGINN:Gradient::k=95: rdisc=0.929, norm=0.494
REGINN:Gradient::k=96: rdisc=0.929, norm=0.499
REGINN:Gradient::k=97: rdisc=0.928, norm=0.504
REGINN:Gradient::k=98: rdisc=0.927, norm=0.509
REGINN:Gradient::k=99: rdisc=0.927, norm=0.514
REGINN:Gradient::k=100: rdisc=0.926, norm=0.520
REGINN:Gradient::k=101: rdisc=0.925, norm=0.524
REGINN:Gradient::k=102: rdisc=0.924, norm=0.530
REGINN:Gradient::k=103: rdisc=0.924, norm=0.534
REGINN:Gradient::k=104: rdisc=0.923, norm=0.540
REGINN:Gradient::k=105: rdisc=0.922, norm=0.545
REGINN:Gradient::k=106: rdisc=0.921, norm=0.551
REGINN:Gradient::Unsuccessful termination after 106 iterations!
REGINN::Linear solver did not achieve desired discrepancy due to max_iter.
REGINN::i=23: rdisc=0.0132, rnorm=1.04 , rerr=1.06 
REGINN::-5.82 ≤ estimate ≤ 9.87
REGINN::
REGINN::Solving linear problem using rtol=0.974 and max_iter=141
REGINN:Gradient::k=0 : rdisc=1.00 , norm=0.00 
REGINN:Gradient::k=1 : rdisc=0.999, norm=0.00554
REGINN:Gradient::k=2 : rdisc=0.998, norm=0.0120
REGINN:Gradient::k=3 : rdisc=0.997, norm=0.0167
REGINN:Gradient::k=4 : rdisc=0.996, norm=0.0231
REGINN:Gradient::k=5 : rdisc=0.995, norm=0.0277
REGINN:Gradient::k=6 : rdisc=0.995, norm=0.0342
REGINN:Gradient::k=7 : rdisc=0.994, norm=0.0387
REGINN:Gradient::k=8 : rdisc=0.993, norm=0.0453
REGINN:Gradient::k=9 : rdisc=0.992, norm=0.0497
REGINN:Gradient::k=10: rdisc=0.991, norm=0.0563
REGINN:Gradient::k=11: rdisc=0.990, norm=0.0608
REGINN:Gradient::k=12: rdisc=0.989, norm=0.0674
REGINN:Gradient::k=13: rdisc=0.989, norm=0.0718
REGINN:Gradient::k=14: rdisc=0.988, norm=0.0782
REGINN:Gradient::k=15: rdisc=0.987, norm=0.0827
REGINN:Gradient::k=16: rdisc=0.986, norm=0.0889
REGINN:Gradient::k=17: rdisc=0.985, norm=0.0933
REGINN:Gradient::k=18: rdisc=0.984, norm=0.0993
REGINN:Gradient::k=19: rdisc=0.984, norm=0.104
REGINN:Gradient::k=20: rdisc=0.983, norm=0.109
REGINN:Gradient::k=21: rdisc=0.982, norm=0.114
REGINN:Gradient::k=22: rdisc=0.981, norm=0.119
REGINN:Gradient::k=23: rdisc=0.981, norm=0.123
REGINN:Gradient::k=24: rdisc=0.980, norm=0.128
REGINN:Gradient::k=25: rdisc=0.979, norm=0.133
REGINN:Gradient::k=26: rdisc=0.979, norm=0.137
REGINN:Gradient::k=27: rdisc=0.978, norm=0.142
REGINN:Gradient::k=28: rdisc=0.977, norm=0.146
REGINN:Gradient::k=29: rdisc=0.977, norm=0.151
REGINN:Gradient::k=30: rdisc=0.976, norm=0.155
REGINN:Gradient::k=31: rdisc=0.975, norm=0.160
REGINN:Gradient::k=32: rdisc=0.974, norm=0.164
REGINN:Gradient::k=33: rdisc=0.974, norm=0.170
REGINN:Gradient::Target discrepancy reached after 33 iterations.
REGINN::i=24: rdisc=0.0129, rnorm=1.04 , rerr=1.07 
REGINN::-5.86 ≤ estimate ≤ 9.93
REGINN::
REGINN::Solving linear problem using rtol=0.925 and max_iter=139
REGINN:Gradient::k=0 : rdisc=1.00 , norm=0.00 
REGINN:Gradient::k=1 : rdisc=0.999, norm=0.00573
REGINN:Gradient::k=2 : rdisc=0.998, norm=0.00966
REGINN:Gradient::k=3 : rdisc=0.998, norm=0.0147
REGINN:Gradient::k=4 : rdisc=0.997, norm=0.0191
REGINN:Gradient::k=5 : rdisc=0.996, norm=0.0240
REGINN:Gradient::k=6 : rdisc=0.996, norm=0.0284
REGINN:Gradient::k=7 : rdisc=0.995, norm=0.0334
REGINN:Gradient::k=8 : rdisc=0.994, norm=0.0377
REGINN:Gradient::k=9 : rdisc=0.994, norm=0.0426
REGINN:Gradient::k=10: rdisc=0.993, norm=0.0470
REGINN:Gradient::k=11: rdisc=0.992, norm=0.0518
REGINN:Gradient::k=12: rdisc=0.991, norm=0.0562
REGINN:Gradient::k=13: rdisc=0.991, norm=0.0609
REGINN:Gradient::k=14: rdisc=0.990, norm=0.0654
REGINN:Gradient::k=15: rdisc=0.989, norm=0.0700
REGINN:Gradient::k=16: rdisc=0.989, norm=0.0746
REGINN:Gradient::k=17: rdisc=0.988, norm=0.0791
REGINN:Gradient::k=18: rdisc=0.987, norm=0.0838
REGINN:Gradient::k=19: rdisc=0.987, norm=0.0882
REGINN:Gradient::k=20: rdisc=0.986, norm=0.0929
REGINN:Gradient::k=21: rdisc=0.985, norm=0.0973
REGINN:Gradient::k=22: rdisc=0.985, norm=0.102
REGINN:Gradient::k=23: rdisc=0.984, norm=0.106
REGINN:Gradient::k=24: rdisc=0.983, norm=0.111
REGINN:Gradient::k=25: rdisc=0.983, norm=0.116
REGINN:Gradient::k=26: rdisc=0.982, norm=0.120
REGINN:Gradient::k=27: rdisc=0.981, norm=0.125
REGINN:Gradient::k=28: rdisc=0.981, norm=0.130
REGINN:Gradient::k=29: rdisc=0.980, norm=0.134
REGINN:Gradient::k=30: rdisc=0.979, norm=0.139
REGINN:Gradient::k=31: rdisc=0.978, norm=0.143
REGINN:Gradient::k=32: rdisc=0.978, norm=0.148
REGINN:Gradient::k=33: rdisc=0.977, norm=0.152
REGINN:Gradient::k=34: rdisc=0.976, norm=0.157
REGINN:Gradient::k=35: rdisc=0.976, norm=0.161
REGINN:Gradient::k=36: rdisc=0.975, norm=0.166
REGINN:Gradient::k=37: rdisc=0.974, norm=0.170
REGINN:Gradient::k=38: rdisc=0.974, norm=0.175
REGINN:Gradient::k=39: rdisc=0.973, norm=0.179
REGINN:Gradient::k=40: rdisc=0.973, norm=0.183
REGINN:Gradient::k=41: rdisc=0.972, norm=0.188
REGINN:Gradient::k=42: rdisc=0.971, norm=0.192
REGINN:Gradient::k=43: rdisc=0.971, norm=0.197
REGINN:Gradient::k=44: rdisc=0.970, norm=0.201
REGINN:Gradient::k=45: rdisc=0.969, norm=0.206
REGINN:Gradient::k=46: rdisc=0.969, norm=0.210
REGINN:Gradient::k=47: rdisc=0.968, norm=0.215
REGINN:Gradient::k=48: rdisc=0.967, norm=0.219
REGINN:Gradient::k=49: rdisc=0.967, norm=0.223
REGINN:Gradient::k=50: rdisc=0.966, norm=0.227
REGINN:Gradient::k=51: rdisc=0.965, norm=0.232
REGINN:Gradient::k=52: rdisc=0.965, norm=0.236
REGINN:Gradient::k=53: rdisc=0.964, norm=0.241
REGINN:Gradient::k=54: rdisc=0.963, norm=0.245
REGINN:Gradient::k=55: rdisc=0.963, norm=0.251
REGINN:Gradient::k=56: rdisc=0.962, norm=0.254
REGINN:Gradient::k=57: rdisc=0.961, norm=0.260
REGINN:Gradient::k=58: rdisc=0.960, norm=0.264
REGINN:Gradient::k=59: rdisc=0.960, norm=0.270
REGINN:Gradient::k=60: rdisc=0.959, norm=0.273
REGINN:Gradient::k=61: rdisc=0.958, norm=0.279
REGINN:Gradient::k=62: rdisc=0.958, norm=0.283
REGINN:Gradient::k=63: rdisc=0.957, norm=0.289
REGINN:Gradient::k=64: rdisc=0.956, norm=0.293
REGINN:Gradient::k=65: rdisc=0.955, norm=0.299
REGINN:Gradient::k=66: rdisc=0.955, norm=0.302
REGINN:Gradient::k=67: rdisc=0.954, norm=0.308
REGINN:Gradient::k=68: rdisc=0.953, norm=0.312
REGINN:Gradient::k=69: rdisc=0.953, norm=0.318
REGINN:Gradient::k=70: rdisc=0.952, norm=0.321
REGINN:Gradient::k=71: rdisc=0.951, norm=0.327
REGINN:Gradient::k=72: rdisc=0.951, norm=0.331
REGINN:Gradient::k=73: rdisc=0.950, norm=0.336
REGINN:Gradient::k=74: rdisc=0.949, norm=0.340
REGINN:Gradient::k=75: rdisc=0.949, norm=0.345
REGINN:Gradient::k=76: rdisc=0.948, norm=0.349
REGINN:Gradient::k=77: rdisc=0.947, norm=0.353
REGINN:Gradient::k=78: rdisc=0.947, norm=0.357
REGINN:Gradient::k=79: rdisc=0.946, norm=0.362
REGINN:Gradient::k=80: rdisc=0.945, norm=0.366
REGINN:Gradient::k=81: rdisc=0.945, norm=0.370
REGINN:Gradient::k=82: rdisc=0.944, norm=0.374
REGINN:Gradient::k=83: rdisc=0.944, norm=0.378
REGINN:Gradient::k=84: rdisc=0.943, norm=0.383
REGINN:Gradient::k=85: rdisc=0.942, norm=0.386
REGINN:Gradient::k=86: rdisc=0.942, norm=0.392
REGINN:Gradient::k=87: rdisc=0.941, norm=0.395
REGINN:Gradient::k=88: rdisc=0.940, norm=0.400
REGINN:Gradient::k=89: rdisc=0.940, norm=0.404
REGINN:Gradient::k=90: rdisc=0.939, norm=0.410
REGINN:Gradient::k=91: rdisc=0.938, norm=0.413
REGINN:Gradient::k=92: rdisc=0.938, norm=0.419
REGINN:Gradient::k=93: rdisc=0.937, norm=0.422
REGINN:Gradient::k=94: rdisc=0.936, norm=0.434
REGINN:Gradient::k=95: rdisc=0.935, norm=0.436
REGINN:Gradient::k=96: rdisc=0.932, norm=0.458
REGINN:Gradient::k=97: rdisc=0.930, norm=0.461
REGINN:Gradient::k=98: rdisc=0.929, norm=0.469
REGINN:Gradient::k=99: rdisc=0.928, norm=0.473
REGINN:Gradient::k=100: rdisc=0.928, norm=0.479
REGINN:Gradient::k=101: rdisc=0.927, norm=0.482
REGINN:Gradient::k=102: rdisc=0.926, norm=0.487
REGINN:Gradient::k=103: rdisc=0.926, norm=0.491
REGINN:Gradient::k=104: rdisc=0.925, norm=0.496
REGINN:Gradient::Target discrepancy reached after 104 iterations.
REGINN::i=25: rdisc=0.0120, rnorm=1.04 , rerr=1.07 
REGINN::-5.83 ≤ estimate ≤ 10.0
REGINN::
REGINN::Solving linear problem using rtol=0.976 and max_iter=137
REGINN:Gradient::k=0 : rdisc=1.00 , norm=0.00 
REGINN:Gradient::k=1 : rdisc=0.999, norm=0.00496
REGINN:Gradient::k=2 : rdisc=0.998, norm=0.00981
REGINN:Gradient::k=3 : rdisc=0.998, norm=0.0135
REGINN:Gradient::k=4 : rdisc=0.997, norm=0.0190
REGINN:Gradient::k=5 : rdisc=0.996, norm=0.0228
REGINN:Gradient::k=6 : rdisc=0.995, norm=0.0285
REGINN:Gradient::k=7 : rdisc=0.995, norm=0.0322
REGINN:Gradient::k=8 : rdisc=0.994, norm=0.0382
REGINN:Gradient::k=9 : rdisc=0.993, norm=0.0420
REGINN:Gradient::k=10: rdisc=0.992, norm=0.0480
REGINN:Gradient::k=11: rdisc=0.992, norm=0.0518
REGINN:Gradient::k=12: rdisc=0.991, norm=0.0579
REGINN:Gradient::k=13: rdisc=0.990, norm=0.0617
REGINN:Gradient::k=14: rdisc=0.989, norm=0.0678
REGINN:Gradient::k=15: rdisc=0.988, norm=0.0716
REGINN:Gradient::k=16: rdisc=0.988, norm=0.0776
REGINN:Gradient::k=17: rdisc=0.987, norm=0.0814
REGINN:Gradient::k=18: rdisc=0.986, norm=0.0872
REGINN:Gradient::k=19: rdisc=0.985, norm=0.0911
REGINN:Gradient::k=20: rdisc=0.985, norm=0.0964
REGINN:Gradient::k=21: rdisc=0.984, norm=0.100
REGINN:Gradient::k=22: rdisc=0.983, norm=0.105
REGINN:Gradient::k=23: rdisc=0.983, norm=0.109
REGINN:Gradient::k=24: rdisc=0.982, norm=0.113
REGINN:Gradient::k=25: rdisc=0.981, norm=0.117
REGINN:Gradient::k=26: rdisc=0.981, norm=0.121
REGINN:Gradient::k=27: rdisc=0.980, norm=0.125
REGINN:Gradient::k=28: rdisc=0.980, norm=0.128
REGINN:Gradient::k=29: rdisc=0.979, norm=0.133
REGINN:Gradient::k=30: rdisc=0.978, norm=0.136
REGINN:Gradient::k=31: rdisc=0.978, norm=0.141
REGINN:Gradient::k=32: rdisc=0.977, norm=0.144
REGINN:Gradient::k=33: rdisc=0.977, norm=0.148
REGINN:Gradient::k=34: rdisc=0.976, norm=0.152
REGINN:Gradient::Target discrepancy reached after 34 iterations.
REGINN::i=26: rdisc=0.0117, rnorm=1.04 , rerr=1.07 
REGINN::-5.80 ≤ estimate ≤ 10.1
REGINN::
REGINN::Solving linear problem using rtol=0.927 and max_iter=138
REGINN:Gradient::k=0 : rdisc=1.00 , norm=0.00 
REGINN:Gradient::k=1 : rdisc=0.999, norm=0.00490
REGINN:Gradient::k=2 : rdisc=0.999, norm=0.00851
REGINN:Gradient::k=3 : rdisc=0.998, norm=0.0126
REGINN:Gradient::k=4 : rdisc=0.997, norm=0.0166
REGINN:Gradient::k=5 : rdisc=0.997, norm=0.0204
REGINN:Gradient::k=6 : rdisc=0.996, norm=0.0245
REGINN:Gradient::k=7 : rdisc=0.996, norm=0.0282
REGINN:Gradient::k=8 : rdisc=0.995, norm=0.0322
REGINN:Gradient::k=9 : rdisc=0.995, norm=0.0357
REGINN:Gradient::k=10: rdisc=0.994, norm=0.0397
REGINN:Gradient::k=11: rdisc=0.993, norm=0.0433
REGINN:Gradient::k=12: rdisc=0.993, norm=0.0472
REGINN:Gradient::k=13: rdisc=0.992, norm=0.0508
REGINN:Gradient::k=14: rdisc=0.992, norm=0.0547
REGINN:Gradient::k=15: rdisc=0.991, norm=0.0583
REGINN:Gradient::k=16: rdisc=0.991, norm=0.0622
REGINN:Gradient::k=17: rdisc=0.990, norm=0.0658
REGINN:Gradient::k=18: rdisc=0.989, norm=0.0697
REGINN:Gradient::k=19: rdisc=0.989, norm=0.0733
REGINN:Gradient::k=20: rdisc=0.988, norm=0.0772
REGINN:Gradient::k=21: rdisc=0.988, norm=0.0807
REGINN:Gradient::k=22: rdisc=0.987, norm=0.0846
REGINN:Gradient::k=23: rdisc=0.987, norm=0.0882
REGINN:Gradient::k=24: rdisc=0.986, norm=0.0921
REGINN:Gradient::k=25: rdisc=0.985, norm=0.0957
REGINN:Gradient::k=26: rdisc=0.985, norm=0.0995
REGINN:Gradient::k=27: rdisc=0.984, norm=0.103
REGINN:Gradient::k=28: rdisc=0.984, norm=0.107
REGINN:Gradient::k=29: rdisc=0.983, norm=0.111
REGINN:Gradient::k=30: rdisc=0.983, norm=0.114
REGINN:Gradient::k=31: rdisc=0.982, norm=0.118
REGINN:Gradient::k=32: rdisc=0.982, norm=0.122
REGINN:Gradient::k=33: rdisc=0.981, norm=0.125
REGINN:Gradient::k=34: rdisc=0.980, norm=0.129
REGINN:Gradient::k=35: rdisc=0.980, norm=0.133
REGINN:Gradient::k=36: rdisc=0.979, norm=0.136
REGINN:Gradient::k=37: rdisc=0.979, norm=0.140
REGINN:Gradient::k=38: rdisc=0.978, norm=0.144
REGINN:Gradient::k=39: rdisc=0.978, norm=0.148
REGINN:Gradient::k=40: rdisc=0.977, norm=0.151
REGINN:Gradient::k=41: rdisc=0.977, norm=0.155
REGINN:Gradient::k=42: rdisc=0.976, norm=0.159
REGINN:Gradient::k=43: rdisc=0.975, norm=0.163
REGINN:Gradient::k=44: rdisc=0.975, norm=0.166
REGINN:Gradient::k=45: rdisc=0.974, norm=0.170
REGINN:Gradient::k=46: rdisc=0.974, norm=0.174
REGINN:Gradient::k=47: rdisc=0.973, norm=0.178
REGINN:Gradient::k=48: rdisc=0.973, norm=0.181
REGINN:Gradient::k=49: rdisc=0.972, norm=0.185
REGINN:Gradient::k=50: rdisc=0.972, norm=0.189
REGINN:Gradient::k=51: rdisc=0.971, norm=0.192
REGINN:Gradient::k=52: rdisc=0.971, norm=0.196
REGINN:Gradient::k=53: rdisc=0.970, norm=0.199
REGINN:Gradient::k=54: rdisc=0.969, norm=0.203
REGINN:Gradient::k=55: rdisc=0.969, norm=0.206
REGINN:Gradient::k=56: rdisc=0.968, norm=0.210
REGINN:Gradient::k=57: rdisc=0.968, norm=0.214
REGINN:Gradient::k=58: rdisc=0.967, norm=0.218
REGINN:Gradient::k=59: rdisc=0.967, norm=0.221
REGINN:Gradient::k=60: rdisc=0.966, norm=0.225
REGINN:Gradient::k=61: rdisc=0.966, norm=0.228
REGINN:Gradient::k=62: rdisc=0.965, norm=0.232
REGINN:Gradient::k=63: rdisc=0.965, norm=0.236
REGINN:Gradient::k=64: rdisc=0.964, norm=0.240
REGINN:Gradient::k=65: rdisc=0.963, norm=0.243
REGINN:Gradient::k=66: rdisc=0.963, norm=0.247
REGINN:Gradient::k=67: rdisc=0.962, norm=0.250
REGINN:Gradient::k=68: rdisc=0.962, norm=0.254
REGINN:Gradient::k=69: rdisc=0.961, norm=0.258
REGINN:Gradient::k=70: rdisc=0.961, norm=0.262
REGINN:Gradient::k=71: rdisc=0.960, norm=0.265
REGINN:Gradient::k=72: rdisc=0.960, norm=0.269
REGINN:Gradient::k=73: rdisc=0.959, norm=0.273
REGINN:Gradient::k=74: rdisc=0.958, norm=0.277
REGINN:Gradient::k=75: rdisc=0.958, norm=0.280
REGINN:Gradient::k=76: rdisc=0.957, norm=0.284
REGINN:Gradient::k=77: rdisc=0.957, norm=0.288
REGINN:Gradient::k=78: rdisc=0.956, norm=0.292
REGINN:Gradient::k=79: rdisc=0.956, norm=0.295
REGINN:Gradient::k=80: rdisc=0.955, norm=0.299
REGINN:Gradient::k=81: rdisc=0.955, norm=0.302
REGINN:Gradient::k=82: rdisc=0.954, norm=0.306
REGINN:Gradient::k=83: rdisc=0.954, norm=0.310
REGINN:Gradient::k=84: rdisc=0.953, norm=0.313
REGINN:Gradient::k=85: rdisc=0.953, norm=0.317
REGINN:Gradient::k=86: rdisc=0.952, norm=0.320
REGINN:Gradient::k=87: rdisc=0.952, norm=0.324
REGINN:Gradient::k=88: rdisc=0.951, norm=0.327
REGINN:Gradient::k=89: rdisc=0.950, norm=0.331
REGINN:Gradient::k=90: rdisc=0.950, norm=0.334
REGINN:Gradient::k=91: rdisc=0.949, norm=0.339
REGINN:Gradient::k=92: rdisc=0.949, norm=0.342
REGINN:Gradient::k=93: rdisc=0.948, norm=0.347
REGINN:Gradient::k=94: rdisc=0.948, norm=0.350
REGINN:Gradient::k=95: rdisc=0.947, norm=0.355
REGINN:Gradient::k=96: rdisc=0.946, norm=0.357
REGINN:Gradient::k=97: rdisc=0.946, norm=0.364
REGINN:Gradient::k=98: rdisc=0.945, norm=0.366
REGINN:Gradient::k=99: rdisc=0.943, norm=0.385
REGINN:Gradient::k=100: rdisc=0.941, norm=0.387
REGINN:Gradient::k=101: rdisc=0.940, norm=0.397
REGINN:Gradient::k=102: rdisc=0.939, norm=0.401
REGINN:Gradient::k=103: rdisc=0.938, norm=0.405
REGINN:Gradient::k=104: rdisc=0.938, norm=0.408
REGINN:Gradient::k=105: rdisc=0.937, norm=0.412
REGINN:Gradient::k=106: rdisc=0.937, norm=0.415
REGINN:Gradient::k=107: rdisc=0.936, norm=0.419
REGINN:Gradient::k=108: rdisc=0.936, norm=0.422
REGINN:Gradient::k=109: rdisc=0.935, norm=0.426
REGINN:Gradient::k=110: rdisc=0.935, norm=0.429
REGINN:Gradient::k=111: rdisc=0.934, norm=0.433
REGINN:Gradient::k=112: rdisc=0.934, norm=0.436
REGINN:Gradient::k=113: rdisc=0.933, norm=0.439
REGINN:Gradient::k=114: rdisc=0.933, norm=0.443
REGINN:Gradient::k=115: rdisc=0.932, norm=0.446
REGINN:Gradient::k=116: rdisc=0.932, norm=0.450
REGINN:Gradient::k=117: rdisc=0.931, norm=0.453
REGINN:Gradient::k=118: rdisc=0.931, norm=0.457
REGINN:Gradient::k=119: rdisc=0.930, norm=0.460
REGINN:Gradient::k=120: rdisc=0.930, norm=0.464
REGINN:Gradient::k=121: rdisc=0.929, norm=0.467
REGINN:Gradient::k=122: rdisc=0.929, norm=0.470
REGINN:Gradient::k=123: rdisc=0.928, norm=0.473
REGINN:Gradient::k=124: rdisc=0.928, norm=0.477
REGINN:Gradient::k=125: rdisc=0.928, norm=0.480
REGINN:Gradient::k=126: rdisc=0.927, norm=0.483
REGINN:Gradient::Target discrepancy reached after 126 iterations.
REGINN::i=27: rdisc=0.0109, rnorm=1.04 , rerr=1.08 
REGINN::-5.67 ≤ estimate ≤ 10.2
REGINN::
REGINN::Solving linear problem using rtol=0.980 and max_iter=160
REGINN:Gradient::k=0 : rdisc=1.00 , norm=0.00 
REGINN:Gradient::k=1 : rdisc=0.999, norm=0.00525
REGINN:Gradient::k=2 : rdisc=0.999, norm=0.00845
REGINN:Gradient::k=3 : rdisc=0.998, norm=0.0122
REGINN:Gradient::k=4 : rdisc=0.997, norm=0.0156
REGINN:Gradient::k=5 : rdisc=0.997, norm=0.0192
REGINN:Gradient::k=6 : rdisc=0.996, norm=0.0225
REGINN:Gradient::k=7 : rdisc=0.996, norm=0.0261
REGINN:Gradient::k=8 : rdisc=0.995, norm=0.0293
REGINN:Gradient::k=9 : rdisc=0.995, norm=0.0328
REGINN:Gradient::k=10: rdisc=0.994, norm=0.0360
REGINN:Gradient::k=11: rdisc=0.994, norm=0.0394
REGINN:Gradient::k=12: rdisc=0.993, norm=0.0426
REGINN:Gradient::k=13: rdisc=0.993, norm=0.0460
REGINN:Gradient::k=14: rdisc=0.992, norm=0.0492
REGINN:Gradient::k=15: rdisc=0.992, norm=0.0524
REGINN:Gradient::k=16: rdisc=0.991, norm=0.0557
REGINN:Gradient::k=17: rdisc=0.991, norm=0.0588
REGINN:Gradient::k=18: rdisc=0.990, norm=0.0621
REGINN:Gradient::k=19: rdisc=0.990, norm=0.0652
REGINN:Gradient::k=20: rdisc=0.989, norm=0.0686
REGINN:Gradient::k=21: rdisc=0.989, norm=0.0718
REGINN:Gradient::k=22: rdisc=0.988, norm=0.0751
REGINN:Gradient::k=23: rdisc=0.988, norm=0.0784
REGINN:Gradient::k=24: rdisc=0.987, norm=0.0817
REGINN:Gradient::k=25: rdisc=0.987, norm=0.0851
REGINN:Gradient::k=26: rdisc=0.986, norm=0.0884
REGINN:Gradient::k=27: rdisc=0.986, norm=0.0917
REGINN:Gradient::k=28: rdisc=0.985, norm=0.0950
REGINN:Gradient::k=29: rdisc=0.985, norm=0.0984
REGINN:Gradient::k=30: rdisc=0.984, norm=0.102
REGINN:Gradient::k=31: rdisc=0.983, norm=0.105
REGINN:Gradient::k=32: rdisc=0.983, norm=0.108
REGINN:Gradient::k=33: rdisc=0.982, norm=0.112
REGINN:Gradient::k=34: rdisc=0.982, norm=0.115
REGINN:Gradient::k=35: rdisc=0.981, norm=0.118
REGINN:Gradient::k=36: rdisc=0.981, norm=0.122
REGINN:Gradient::k=37: rdisc=0.980, norm=0.125
REGINN:Gradient::Target discrepancy reached after 37 iterations.
REGINN::i=28: rdisc=0.0107, rnorm=1.04 , rerr=1.08 
REGINN::-5.64 ≤ estimate ≤ 10.3
REGINN::
REGINN::Solving linear problem using rtol=0.937 and max_iter=163
REGINN:Gradient::k=0 : rdisc=1.00 , norm=0.00 
REGINN:Gradient::k=1 : rdisc=0.999, norm=0.00446
REGINN:Gradient::k=2 : rdisc=0.999, norm=0.00725
REGINN:Gradient::k=3 : rdisc=0.998, norm=0.0113
REGINN:Gradient::k=4 : rdisc=0.998, norm=0.0143
REGINN:Gradient::k=5 : rdisc=0.997, norm=0.0185
REGINN:Gradient::k=6 : rdisc=0.997, norm=0.0214
REGINN:Gradient::k=7 : rdisc=0.996, norm=0.0261
REGINN:Gradient::k=8 : rdisc=0.995, norm=0.0290
REGINN:Gradient::k=9 : rdisc=0.995, norm=0.0341
REGINN:Gradient::k=10: rdisc=0.994, norm=0.0371
REGINN:Gradient::k=11: rdisc=0.993, norm=0.0423
REGINN:Gradient::k=12: rdisc=0.993, norm=0.0453
REGINN:Gradient::k=13: rdisc=0.992, norm=0.0507
REGINN:Gradient::k=14: rdisc=0.991, norm=0.0537
REGINN:Gradient::k=15: rdisc=0.991, norm=0.0592
REGINN:Gradient::k=16: rdisc=0.990, norm=0.0622
REGINN:Gradient::k=17: rdisc=0.989, norm=0.0676
REGINN:Gradient::k=18: rdisc=0.989, norm=0.0707
REGINN:Gradient::k=19: rdisc=0.988, norm=0.0763
REGINN:Gradient::k=20: rdisc=0.987, norm=0.0793
REGINN:Gradient::k=21: rdisc=0.987, norm=0.0846
REGINN:Gradient::k=22: rdisc=0.986, norm=0.0877
REGINN:Gradient::k=23: rdisc=0.985, norm=0.0931
REGINN:Gradient::k=24: rdisc=0.985, norm=0.0961
REGINN:Gradient::k=25: rdisc=0.984, norm=0.101
REGINN:Gradient::k=26: rdisc=0.983, norm=0.104
REGINN:Gradient::k=27: rdisc=0.983, norm=0.109
REGINN:Gradient::k=28: rdisc=0.982, norm=0.112
REGINN:Gradient::k=29: rdisc=0.982, norm=0.117
REGINN:Gradient::k=30: rdisc=0.981, norm=0.120
REGINN:Gradient::k=31: rdisc=0.980, norm=0.123
REGINN:Gradient::k=32: rdisc=0.980, norm=0.127
REGINN:Gradient::k=33: rdisc=0.979, norm=0.130
REGINN:Gradient::k=34: rdisc=0.979, norm=0.133
REGINN:Gradient::k=35: rdisc=0.978, norm=0.136
REGINN:Gradient::k=36: rdisc=0.978, norm=0.139
REGINN:Gradient::k=37: rdisc=0.977, norm=0.142
REGINN:Gradient::k=38: rdisc=0.977, norm=0.146
REGINN:Gradient::k=39: rdisc=0.976, norm=0.148
REGINN:Gradient::k=40: rdisc=0.976, norm=0.152
REGINN:Gradient::k=41: rdisc=0.975, norm=0.155
REGINN:Gradient::k=42: rdisc=0.975, norm=0.159
REGINN:Gradient::k=43: rdisc=0.974, norm=0.161
REGINN:Gradient::k=44: rdisc=0.974, norm=0.165
REGINN:Gradient::k=45: rdisc=0.973, norm=0.168
REGINN:Gradient::k=46: rdisc=0.973, norm=0.171
REGINN:Gradient::k=47: rdisc=0.972, norm=0.174
REGINN:Gradient::k=48: rdisc=0.972, norm=0.178
REGINN:Gradient::k=49: rdisc=0.971, norm=0.180
REGINN:Gradient::k=50: rdisc=0.971, norm=0.184
REGINN:Gradient::k=51: rdisc=0.970, norm=0.186
REGINN:Gradient::k=52: rdisc=0.970, norm=0.190
REGINN:Gradient::k=53: rdisc=0.970, norm=0.192
REGINN:Gradient::k=54: rdisc=0.969, norm=0.196
REGINN:Gradient::k=55: rdisc=0.969, norm=0.198
REGINN:Gradient::k=56: rdisc=0.968, norm=0.202
REGINN:Gradient::k=57: rdisc=0.968, norm=0.204
REGINN:Gradient::k=58: rdisc=0.967, norm=0.208
REGINN:Gradient::k=59: rdisc=0.967, norm=0.210
REGINN:Gradient::k=60: rdisc=0.966, norm=0.214
REGINN:Gradient::k=61: rdisc=0.966, norm=0.216
REGINN:Gradient::k=62: rdisc=0.965, norm=0.221
REGINN:Gradient::k=63: rdisc=0.965, norm=0.223
REGINN:Gradient::k=64: rdisc=0.964, norm=0.229
REGINN:Gradient::k=65: rdisc=0.964, norm=0.231
REGINN:Gradient::k=66: rdisc=0.962, norm=0.248
REGINN:Gradient::k=67: rdisc=0.960, norm=0.250
REGINN:Gradient::k=68: rdisc=0.959, norm=0.263
REGINN:Gradient::k=69: rdisc=0.957, norm=0.266
REGINN:Gradient::k=70: rdisc=0.957, norm=0.269
REGINN:Gradient::k=71: rdisc=0.956, norm=0.272
REGINN:Gradient::k=72: rdisc=0.956, norm=0.275
REGINN:Gradient::k=73: rdisc=0.955, norm=0.278
REGINN:Gradient::k=74: rdisc=0.955, norm=0.281
REGINN:Gradient::k=75: rdisc=0.955, norm=0.284
REGINN:Gradient::k=76: rdisc=0.954, norm=0.287
REGINN:Gradient::k=77: rdisc=0.954, norm=0.290
REGINN:Gradient::k=78: rdisc=0.953, norm=0.292
REGINN:Gradient::k=79: rdisc=0.953, norm=0.295
REGINN:Gradient::k=80: rdisc=0.953, norm=0.298
REGINN:Gradient::k=81: rdisc=0.952, norm=0.301
REGINN:Gradient::k=82: rdisc=0.952, norm=0.304
REGINN:Gradient::k=83: rdisc=0.951, norm=0.307
REGINN:Gradient::k=84: rdisc=0.951, norm=0.310
REGINN:Gradient::k=85: rdisc=0.950, norm=0.312
REGINN:Gradient::k=86: rdisc=0.950, norm=0.315
REGINN:Gradient::k=87: rdisc=0.950, norm=0.318
REGINN:Gradient::k=88: rdisc=0.949, norm=0.321
REGINN:Gradient::k=89: rdisc=0.949, norm=0.324
REGINN:Gradient::k=90: rdisc=0.948, norm=0.327
REGINN:Gradient::k=91: rdisc=0.948, norm=0.329
REGINN:Gradient::k=92: rdisc=0.948, norm=0.332
REGINN:Gradient::k=93: rdisc=0.947, norm=0.335
REGINN:Gradient::k=94: rdisc=0.947, norm=0.338
REGINN:Gradient::k=95: rdisc=0.946, norm=0.341
REGINN:Gradient::k=96: rdisc=0.946, norm=0.344
REGINN:Gradient::k=97: rdisc=0.945, norm=0.347
REGINN:Gradient::k=98: rdisc=0.945, norm=0.349
REGINN:Gradient::k=99: rdisc=0.945, norm=0.352
REGINN:Gradient::k=100: rdisc=0.944, norm=0.355
REGINN:Gradient::k=101: rdisc=0.944, norm=0.358
REGINN:Gradient::k=102: rdisc=0.943, norm=0.361
REGINN:Gradient::k=103: rdisc=0.943, norm=0.363
REGINN:Gradient::k=104: rdisc=0.943, norm=0.366
REGINN:Gradient::k=105: rdisc=0.942, norm=0.369
REGINN:Gradient::k=106: rdisc=0.942, norm=0.372
REGINN:Gradient::k=107: rdisc=0.941, norm=0.374
REGINN:Gradient::k=108: rdisc=0.941, norm=0.377
REGINN:Gradient::k=109: rdisc=0.941, norm=0.380
REGINN:Gradient::k=110: rdisc=0.940, norm=0.383
REGINN:Gradient::k=111: rdisc=0.940, norm=0.385
REGINN:Gradient::k=112: rdisc=0.939, norm=0.388
REGINN:Gradient::k=113: rdisc=0.939, norm=0.391
REGINN:Gradient::k=114: rdisc=0.939, norm=0.394
REGINN:Gradient::k=115: rdisc=0.938, norm=0.396
REGINN:Gradient::k=116: rdisc=0.938, norm=0.399
REGINN:Gradient::k=117: rdisc=0.938, norm=0.402
REGINN:Gradient::k=118: rdisc=0.937, norm=0.405
REGINN:Gradient::k=119: rdisc=0.937, norm=0.407
REGINN:Gradient::k=120: rdisc=0.936, norm=0.411
REGINN:Gradient::Target discrepancy reached after 120 iterations.
REGINN::i=29: rdisc=0.0100, rnorm=1.04 , rerr=1.08 
REGINN::-5.53 ≤ estimate ≤ 10.4
REGINN::
REGINN::Solving linear problem using rtol=0.997 and max_iter=157
REGINN:Gradient::k=0 : rdisc=1.00 , norm=0.00 
REGINN:Gradient::k=1 : rdisc=0.999, norm=0.00380
REGINN:Gradient::k=2 : rdisc=0.999, norm=0.00689
REGINN:Gradient::k=3 : rdisc=0.998, norm=0.0100
REGINN:Gradient::k=4 : rdisc=0.998, norm=0.0127
REGINN:Gradient::k=5 : rdisc=0.997, norm=0.0159
REGINN:Gradient::Target discrepancy reached after 5 iterations.
REGINN::Saving current residual in ./step-0030/
REGINN::Saving current estimate in ./step-0030/
REGINN::i=30: rdisc=0.0100, rnorm=1.04 , rerr=1.08 
REGINN::-5.53 ≤ estimate ≤ 10.4
REGINN::
REGINN::Saving current residual in ./step-0030/
REGINN::Saving current estimate in ./step-0030/
REGINN::Target discrepancy reached after 30 iterations.
REGINN::-5.53 ≤ estimate ≤ 10.4
Relative p-norm on top of (ℝⁿ, ‖·‖₂) with p=8.000000 error of the reconstruction: 1.08
reconstruction error in other norms: 
Relative (ℝⁿ, ‖·‖₂) error of the reconstruction: 0.631
Relative L²([0,T], L²(Ω)) error of the reconstruction: 0.518
Relative H¹([0,T], L²(Ω)) error of the reconstruction: 3.39
Relative H¹([0, T], H¹(Ω)) error of the reconstruction: 11.1
Relative H²([0,T], L²(Ω)) error of the reconstruction: 140.
Relative p-norm on top of (ℝⁿ, ‖·‖₂) with p=8.000000 error of (reconstruction - initial guess): 1.08
reconstruction error in other norms: 
Relative (ℝⁿ, ‖·‖₂) error of (reconstruction - initial guess): 0.631
Relative L²([0,T], L²(Ω)) error of (reconstruction - initial guess): 0.518
Relative H¹([0,T], L²(Ω)) error of (reconstruction - initial guess): 3.39
Relative H¹([0, T], H¹(Ω)) error of (reconstruction - initial guess): 11.1
Relative H²([0,T], L²(Ω)) error of (reconstruction - initial guess): 140.
stats::forward              : 32 calls, average 1.4s per call
stats::linearization forward: 1072 calls, average 1.3s per call
stats::linearization adjoint: 1072 calls, average 1.3s per call
stats::measure forward      : 1104 calls, average 624.5µs per call
stats::measure adjoint      : 1072 calls, average 458.7µs per call
stats::total wall time      : 50min 10s
