JobId arch-vm0 Thu Feb 22 12:32:25 2018
wavepi 154567e1-dirty
Release-Build, compiled on 2018-02-22T11:31:22Z from commit 154567e149dbca366753c0a1b16fa578efc667b3 ("fix error") on branch master

working directory was dirty, git status: 
 M examples/c_transform_identity/history.csv
 M examples/c_transform_identity/history.png
 M examples/c_transform_identity/history.svg
 M examples/c_transform_identity/history_reginn.csv
 M examples/c_transform_identity/history_reginn.png
 M examples/c_transform_identity/history_reginn.svg
 M examples/c_transform_identity/step-0010/stats.csv
 M examples/c_transform_identity/step-0010/stats.svg
 M examples/c_transform_identity/step-0020/stats.csv
 M examples/c_transform_identity/step-0020/stats.png
 M examples/c_transform_identity/step-0020/stats.svg
 M examples/c_transform_identity/step-0030/stats.csv
 M examples/c_transform_identity/step-0030/stats.png
 M examples/c_transform_identity/step-0030/stats.svg
 D examples/c_transform_identity/step-0040/stats.csv
 D examples/c_transform_identity/step-0040/stats.gplot
 D examples/c_transform_identity/step-0040/stats.png
 D examples/c_transform_identity/step-0040/stats.svg
 M examples/c_transform_identity/wavepi.2.log
 M examples/c_transform_identity/wavepi.4.log.xz
 M examples/c_transform_identity/wavepi_exported.cfg
 M examples/c_transform_log/history.csv
 M examples/c_transform_log/history.png
 M examples/c_transform_log/history.svg
 M examples/c_transform_log/history_reginn.csv
 M examples/c_transform_log/history_reginn.png
 M examples/c_transform_log/history_reginn.svg
 M examples/c_transform_log/step-0010/stats.csv
 M examples/c_transform_log/step-0010/stats.png
 M examples/c_transform_log/step-0010/stats.svg
 M examples/c_transform_log/step-0020/stats.csv
 M examples/c_transform_log/step-0020/stats.png
 M examples/c_transform_log/step-0020/stats.svg
 M examples/c_transform_log/step-0030/stats.csv
 M examples/c_transform_log/step-0030/stats.png
 M examples/c_transform_log/step-0030/stats.svg
 M examples/c_transform_log/step-0040/stats.csv
 M examples/c_transform_log/step-0040/stats.png
 M examples/c_transform_log/step-0040/stats.svg
 M examples/c_transform_log/wavepi.2.log
 M examples/c_transform_log/wavepi.4.log.xz
 M examples/c_transform_log/wavepi_exported.cfg

initialize_mesh::Number of active cells: 1024
initialize_mesh::Number of degrees of freedom in the first spatial mesh: 1089
initialize_mesh::cell diameters: minimal = 0.354, maximal = 0.354
initialize_mesh::dt: 0.0472
initialize_mesh::expected size of a DiscretizedFunction<dim>: 1.06 MiB
parameters:LogTransform::lower bound: 0.0
parameters:WaveEquation::theta: 0.5
parameters:WaveEquation::tol: 1e-8
parameters:constraints::lower bound: -1e300
parameters:constraints::upper bound: 1e300
parameters:general::dimension: 2
parameters:general::finite element degree: 1
parameters:general::quadrature order: 3
parameters:inversion::method: REGINN
parameters:inversion::tau: 2
parameters:log::console depth: 2
parameters:log::file: wavepi.log
parameters:log::file depth: 4
parameters:mesh::end time: 6
parameters:mesh::initial refines: 5
parameters:mesh::initial time steps: 128
parameters:output::data: true
parameters:output::destination: ./step-{{i}}/
parameters:output::discrepancy decrease: 0.5
parameters:output::estimate: true
parameters:output::estimate transformed: false
parameters:output::exact: true
parameters:output::exact transformed: false
parameters:output::interval: 50
parameters:output::last: true
parameters:output::residual: true
parameters:output::statistics: history
parameters:problem::H1L2 alpha: 0.5
parameters:problem::H2L2 alpha: 0.5
parameters:problem::H2L2 beta: 0.25
parameters:problem::constants: 
parameters:problem::epsilon: 1e-3
parameters:problem::initial guess: 1.0
parameters:problem::norm of codomain: L2L2
parameters:problem::norm of domain: H1L2
parameters:problem::parameter a: 1.0
parameters:problem::parameter c: 1.5
parameters:problem::parameter nu: 0.0
parameters:problem::parameter q: 0.0
parameters:problem::transform: Log
parameters:problem::type: c
parameters:watchdog::discrepancy increasing: false
parameters:watchdog::discrepancy slope min values: 40
parameters:watchdog::discrepancy slope percentage: 0.25
parameters:watchdog::discrepancy slope threshold: 0.0
parameters:watchdog::discrepancy threshold: 10.0
parameters:watchdog::maximum iteration count: 0
REGINN::Saving exact parameter in ./step-0000/
REGINN::Saving data in ./step-0000/
REGINN::Saving current residual in ./step-0000/
REGINN::Saving current estimate in ./step-0000/
REGINN::i=0 : rdisc=1.20, rnorm=0.00, rerr=1.00
REGINN::0.00 ≤ estimate ≤ 0.00
REGINN::Solving linear problem using rtol=0.900 and max_iter=1
REGINN:CGLS::k=0 : rdisc=1.00, norm=0.00
REGINN:CGLS::k=1 : rdisc=0.671, norm=1.62
REGINN:CGLS::Safeguarding: λ=0.809 ⇒ rdisc=0.900
REGINN:CGLS::Target discrepancy reached after 1 iteration.
REGINN::i=1 : rdisc=1.08, rnorm=0.0388, rerr=0.990
REGINN::-0.447 ≤ estimate ≤ 0.257
REGINN::
REGINN::Solving linear problem using rtol=0.900 and max_iter=2
REGINN:CGLS::k=0 : rdisc=1.00, norm=0.00
REGINN:CGLS::k=1 : rdisc=0.725, norm=1.16
REGINN:CGLS::Safeguarding: λ=0.774 ⇒ rdisc=0.900
REGINN:CGLS::Target discrepancy reached after 1 iteration.
REGINN::i=2 : rdisc=0.968, rnorm=0.0714, rerr=0.983
REGINN::-0.732 ≤ estimate ≤ 0.540
REGINN::
REGINN::Solving linear problem using rtol=0.854 and max_iter=2
REGINN:CGLS::k=0 : rdisc=1.00, norm=0.00
REGINN:CGLS::k=1 : rdisc=0.743, norm=0.867
REGINN:CGLS::Safeguarding: λ=0.629 ⇒ rdisc=0.854
REGINN:CGLS::Target discrepancy reached after 1 iteration.
REGINN::i=3 : rdisc=0.806, rnorm=0.110, rerr=0.977
REGINN::-1.15 ≤ estimate ≤ 1.01
REGINN::
REGINN::Solving linear problem using rtol=0.811 and max_iter=2
REGINN:CGLS::k=0 : rdisc=1.00, norm=0.00
REGINN:CGLS::k=1 : rdisc=0.772, norm=0.526
REGINN:CGLS::Safeguarding: λ=0.390 ⇒ rdisc=0.811
REGINN:CGLS::Target discrepancy reached after 1 iteration.
REGINN::i=4 : rdisc=0.620, rnorm=0.146, rerr=0.973
REGINN::-1.74 ≤ estimate ≤ 1.69
REGINN::
REGINN::Solving linear problem using rtol=0.769 and max_iter=2
REGINN:CGLS::k=0 : rdisc=1.00, norm=0.00
REGINN:CGLS::k=1 : rdisc=0.868, norm=0.246
REGINN:CGLS::k=2 : rdisc=0.786, norm=0.691
REGINN:CGLS::Unsuccessful termination after 2 iterations!
REGINN::Linear solver did not achieve desired discrepancy due to max_iter.
REGINN::Saving current residual in ./step-0005/
REGINN::Saving current estimate in ./step-0005/
REGINN::i=5 : rdisc=0.488, rnorm=0.198, rerr=0.951
REGINN::-2.68 ≤ estimate ≤ 2.56
REGINN::
REGINN::Solving linear problem using rtol=0.730 and max_iter=3
REGINN:CGLS::k=0 : rdisc=1.00, norm=0.00
REGINN:CGLS::k=1 : rdisc=0.965, norm=0.230
REGINN:CGLS::k=2 : rdisc=0.911, norm=0.610
REGINN:CGLS::k=3 : rdisc=0.839, norm=1.14
REGINN:CGLS::Unsuccessful termination after 3 iterations!
REGINN::Linear solver did not achieve desired discrepancy due to max_iter.
REGINN::i=6 : rdisc=0.388, rnorm=0.271, rerr=0.895
REGINN::-2.43 ≤ estimate ≤ 2.27
REGINN::
REGINN::Solving linear problem using rtol=0.693 and max_iter=5
REGINN:CGLS::k=0 : rdisc=1.00, norm=0.00
REGINN:CGLS::k=1 : rdisc=0.961, norm=0.109
REGINN:CGLS::k=2 : rdisc=0.938, norm=0.205
REGINN:CGLS::k=3 : rdisc=0.866, norm=0.638
REGINN:CGLS::k=4 : rdisc=0.534, norm=2.49
REGINN:CGLS::Safeguarding: λ=0.648 ⇒ rdisc=0.693
REGINN:CGLS::Target discrepancy reached after 4 iterations.
REGINN::i=7 : rdisc=0.268, rnorm=0.395, rerr=0.841
REGINN::-2.02 ≤ estimate ≤ 1.99
REGINN::
REGINN::Solving linear problem using rtol=0.658 and max_iter=7
REGINN:CGLS::k=0 : rdisc=1.00, norm=0.00
REGINN:CGLS::k=1 : rdisc=0.927, norm=0.0966
REGINN:CGLS::k=2 : rdisc=0.886, norm=0.214
REGINN:CGLS::k=3 : rdisc=0.710, norm=0.906
REGINN:CGLS::k=4 : rdisc=0.553, norm=1.50
REGINN:CGLS::Safeguarding: λ=0.801 ⇒ rdisc=0.658
REGINN:CGLS::Target discrepancy reached after 4 iterations.
REGINN::Saving current residual in ./step-0008/
REGINN::Saving current estimate in ./step-0008/
REGINN::i=8 : rdisc=0.173, rnorm=0.490, rerr=0.812
REGINN::-1.14 ≤ estimate ≤ 1.38
REGINN::
REGINN::Solving linear problem using rtol=0.624 and max_iter=8
REGINN:CGLS::k=0 : rdisc=1.00, norm=0.00
REGINN:CGLS::k=1 : rdisc=0.906, norm=0.0750
REGINN:CGLS::k=2 : rdisc=0.868, norm=0.153
REGINN:CGLS::k=3 : rdisc=0.719, norm=0.596
REGINN:CGLS::k=4 : rdisc=0.642, norm=0.816
REGINN:CGLS::k=5 : rdisc=0.554, norm=1.08
REGINN:CGLS::Safeguarding: λ=0.887 ⇒ rdisc=0.624
REGINN:CGLS::Target discrepancy reached after 5 iterations.
REGINN::i=9 : rdisc=0.142, rnorm=0.568, rerr=0.795
REGINN::-0.518 ≤ estimate ≤ 1.37
REGINN::
REGINN::Solving linear problem using rtol=0.592 and max_iter=9
REGINN:CGLS::k=0 : rdisc=1.00, norm=0.00
REGINN:CGLS::k=1 : rdisc=0.731, norm=0.0990
REGINN:CGLS::k=2 : rdisc=0.689, norm=0.134
REGINN:CGLS::k=3 : rdisc=0.659, norm=0.197
REGINN:CGLS::k=4 : rdisc=0.626, norm=0.295
REGINN:CGLS::k=5 : rdisc=0.533, norm=0.627
REGINN:CGLS::Safeguarding: λ=0.788 ⇒ rdisc=0.592
REGINN:CGLS::Target discrepancy reached after 5 iterations.
REGINN::Saving current residual in ./step-0010/
REGINN::Saving current estimate in ./step-0010/
REGINN::i=10: rdisc=0.0852, rnorm=0.577, rerr=0.787
REGINN::-0.467 ≤ estimate ≤ 1.17
REGINN::
REGINN::Solving linear problem using rtol=0.562 and max_iter=10
REGINN:CGLS::k=0 : rdisc=1.00, norm=0.00
REGINN:CGLS::k=1 : rdisc=0.984, norm=0.0194
REGINN:CGLS::k=2 : rdisc=0.963, norm=0.0568
REGINN:CGLS::k=3 : rdisc=0.933, norm=0.137
REGINN:CGLS::k=4 : rdisc=0.862, norm=0.342
REGINN:CGLS::k=5 : rdisc=0.720, norm=0.744
REGINN:CGLS::k=6 : rdisc=0.712, norm=0.764
REGINN:CGLS::k=7 : rdisc=0.691, norm=0.822
REGINN:CGLS::k=8 : rdisc=0.664, norm=0.902
REGINN:CGLS::k=9 : rdisc=0.603, norm=1.10
REGINN:CGLS::k=10: rdisc=0.573, norm=1.20
REGINN:CGLS::Unsuccessful termination after 10 iterations!
REGINN::Linear solver did not achieve desired discrepancy due to max_iter.
REGINN::i=11: rdisc=0.0499, rnorm=0.637, rerr=0.759
REGINN::-0.324 ≤ estimate ≤ 1.22
REGINN::
REGINN::Solving linear problem using rtol=0.533 and max_iter=15
REGINN:CGLS::k=0 : rdisc=1.00, norm=0.00
REGINN:CGLS::k=1 : rdisc=0.962, norm=0.0178
REGINN:CGLS::k=2 : rdisc=0.939, norm=0.0337
REGINN:CGLS::k=3 : rdisc=0.926, norm=0.0477
REGINN:CGLS::k=4 : rdisc=0.911, norm=0.0714
REGINN:CGLS::k=5 : rdisc=0.891, norm=0.116
REGINN:CGLS::k=6 : rdisc=0.873, norm=0.165
REGINN:CGLS::k=7 : rdisc=0.864, norm=0.190
REGINN:CGLS::k=8 : rdisc=0.828, norm=0.303
REGINN:CGLS::k=9 : rdisc=0.782, norm=0.456
REGINN:CGLS::k=10: rdisc=0.762, norm=0.526
REGINN:CGLS::k=11: rdisc=0.750, norm=0.565
REGINN:CGLS::k=12: rdisc=0.724, norm=0.655
REGINN:CGLS::k=13: rdisc=0.712, norm=0.696
REGINN:CGLS::k=14: rdisc=0.684, norm=0.794
REGINN:CGLS::k=15: rdisc=0.656, norm=0.891
REGINN:CGLS::Unsuccessful termination after 15 iterations!
REGINN::Linear solver did not achieve desired discrepancy due to max_iter.
REGINN::Saving current residual in ./step-0012/
REGINN::Saving current estimate in ./step-0012/
REGINN::i=12: rdisc=0.0375, rnorm=0.664, rerr=0.741
REGINN::-0.154 ≤ estimate ≤ 1.12
REGINN::
REGINN::Solving linear problem using rtol=0.688 and max_iter=25
REGINN:CGLS::k=0 : rdisc=1.00, norm=0.00
REGINN:CGLS::k=1 : rdisc=0.892, norm=0.0207
REGINN:CGLS::k=2 : rdisc=0.852, norm=0.0383
REGINN:CGLS::k=3 : rdisc=0.838, norm=0.0483
REGINN:CGLS::k=4 : rdisc=0.825, norm=0.0608
REGINN:CGLS::k=5 : rdisc=0.814, norm=0.0753
REGINN:CGLS::k=6 : rdisc=0.805, norm=0.0902
REGINN:CGLS::k=7 : rdisc=0.801, norm=0.0976
REGINN:CGLS::k=8 : rdisc=0.792, norm=0.121
REGINN:CGLS::k=9 : rdisc=0.770, norm=0.188
REGINN:CGLS::k=10: rdisc=0.761, norm=0.219
REGINN:CGLS::k=11: rdisc=0.753, norm=0.249
REGINN:CGLS::k=12: rdisc=0.738, norm=0.308
REGINN:CGLS::k=13: rdisc=0.733, norm=0.328
REGINN:CGLS::k=14: rdisc=0.710, norm=0.418
REGINN:CGLS::k=15: rdisc=0.693, norm=0.489
REGINN:CGLS::k=16: rdisc=0.674, norm=0.571
REGINN:CGLS::Safeguarding: λ=0.866 ⇒ rdisc=0.688
REGINN:CGLS::Target discrepancy reached after 16 iterations.
REGINN::i=13: rdisc=0.0282, rnorm=0.676, rerr=0.731
REGINN::-0.175 ≤ estimate ≤ 1.14
REGINN::
REGINN::Solving linear problem using rtol=0.707 and max_iter=31
REGINN:CGLS::k=0 : rdisc=1.00, norm=0.00
REGINN:CGLS::k=1 : rdisc=0.928, norm=0.0146
REGINN:CGLS::k=2 : rdisc=0.906, norm=0.0221
REGINN:CGLS::k=3 : rdisc=0.896, norm=0.0280
REGINN:CGLS::k=4 : rdisc=0.886, norm=0.0376
REGINN:CGLS::k=5 : rdisc=0.877, norm=0.0490
REGINN:CGLS::k=6 : rdisc=0.865, norm=0.0721
REGINN:CGLS::k=7 : rdisc=0.861, norm=0.0811
REGINN:CGLS::k=8 : rdisc=0.855, norm=0.0960
REGINN:CGLS::k=9 : rdisc=0.842, norm=0.131
REGINN:CGLS::k=10: rdisc=0.835, norm=0.152
REGINN:CGLS::k=11: rdisc=0.829, norm=0.172
REGINN:CGLS::k=12: rdisc=0.821, norm=0.198
REGINN:CGLS::k=13: rdisc=0.816, norm=0.219
REGINN:CGLS::k=14: rdisc=0.810, norm=0.238
REGINN:CGLS::k=15: rdisc=0.793, norm=0.305
REGINN:CGLS::k=16: rdisc=0.764, norm=0.423
REGINN:CGLS::k=17: rdisc=0.745, norm=0.501
REGINN:CGLS::k=18: rdisc=0.735, norm=0.542
REGINN:CGLS::k=19: rdisc=0.719, norm=0.608
REGINN:CGLS::k=20: rdisc=0.698, norm=0.696
REGINN:CGLS::Safeguarding: λ=0.666 ⇒ rdisc=0.707
REGINN:CGLS::Target discrepancy reached after 20 iterations.
REGINN::i=14: rdisc=0.0252, rnorm=0.694, rerr=0.718
REGINN::-0.203 ≤ estimate ≤ 1.04
REGINN::
REGINN::Solving linear problem using rtol=0.765 and max_iter=36
REGINN:CGLS::k=0 : rdisc=1.00, norm=0.00
REGINN:CGLS::k=1 : rdisc=0.843, norm=0.0197
REGINN:CGLS::k=2 : rdisc=0.802, norm=0.0278
REGINN:CGLS::k=3 : rdisc=0.781, norm=0.0358
REGINN:CGLS::k=4 : rdisc=0.769, norm=0.0425
REGINN:CGLS::k=5 : rdisc=0.757, norm=0.0538
REGINN:CGLS::Safeguarding: λ=0.791 ⇒ rdisc=0.765
REGINN:CGLS::Target discrepancy reached after 5 iterations.
REGINN::i=15: rdisc=0.0199, rnorm=0.693, rerr=0.718
REGINN::-0.203 ≤ estimate ≤ 0.930
REGINN::
REGINN::Solving linear problem using rtol=0.726 and max_iter=25
REGINN:CGLS::k=0 : rdisc=1.00, norm=0.00
REGINN:CGLS::k=1 : rdisc=0.973, norm=0.00744
REGINN:CGLS::k=2 : rdisc=0.966, norm=0.0106
REGINN:CGLS::k=3 : rdisc=0.958, norm=0.0175
REGINN:CGLS::k=4 : rdisc=0.945, norm=0.0347
REGINN:CGLS::k=5 : rdisc=0.936, norm=0.0499
REGINN:CGLS::k=6 : rdisc=0.930, norm=0.0621
REGINN:CGLS::k=7 : rdisc=0.928, norm=0.0660
REGINN:CGLS::k=8 : rdisc=0.921, norm=0.0821
REGINN:CGLS::k=9 : rdisc=0.915, norm=0.0991
REGINN:CGLS::k=10: rdisc=0.905, norm=0.129
REGINN:CGLS::k=11: rdisc=0.900, norm=0.146
REGINN:CGLS::k=12: rdisc=0.892, norm=0.173
REGINN:CGLS::k=13: rdisc=0.886, norm=0.192
REGINN:CGLS::k=14: rdisc=0.880, norm=0.212
REGINN:CGLS::k=15: rdisc=0.863, norm=0.277
REGINN:CGLS::k=16: rdisc=0.853, norm=0.315
REGINN:CGLS::k=17: rdisc=0.832, norm=0.393
REGINN:CGLS::k=18: rdisc=0.823, norm=0.428
REGINN:CGLS::k=19: rdisc=0.813, norm=0.468
REGINN:CGLS::k=20: rdisc=0.801, norm=0.514
REGINN:CGLS::k=21: rdisc=0.774, norm=0.618
REGINN:CGLS::k=22: rdisc=0.759, norm=0.676
REGINN:CGLS::k=23: rdisc=0.754, norm=0.698
REGINN:CGLS::k=24: rdisc=0.742, norm=0.741
REGINN:CGLS::k=25: rdisc=0.736, norm=0.766
REGINN:CGLS::Unsuccessful termination after 25 iterations!
REGINN::Linear solver did not achieve desired discrepancy due to max_iter.
REGINN::Saving current residual in ./step-0016/
REGINN::Saving current estimate in ./step-0016/
REGINN::i=16: rdisc=0.0187, rnorm=0.713, rerr=0.703
REGINN::-0.261 ≤ estimate ≤ 0.994
REGINN::
REGINN::Solving linear problem using rtol=0.689 and max_iter=30
REGINN:CGLS::k=0 : rdisc=1.00, norm=0.00
REGINN:CGLS::k=1 : rdisc=0.861, norm=0.0150
REGINN:CGLS::k=2 : rdisc=0.806, norm=0.0236
REGINN:CGLS::k=3 : rdisc=0.784, norm=0.0290
REGINN:CGLS::k=4 : rdisc=0.769, norm=0.0352
REGINN:CGLS::k=5 : rdisc=0.756, norm=0.0446
REGINN:CGLS::k=6 : rdisc=0.749, norm=0.0513
REGINN:CGLS::k=7 : rdisc=0.746, norm=0.0546
REGINN:CGLS::k=8 : rdisc=0.741, norm=0.0617
REGINN:CGLS::k=9 : rdisc=0.734, norm=0.0730
REGINN:CGLS::k=10: rdisc=0.730, norm=0.0798
REGINN:CGLS::k=11: rdisc=0.725, norm=0.0892
REGINN:CGLS::k=12: rdisc=0.723, norm=0.0938
REGINN:CGLS::k=13: rdisc=0.722, norm=0.0979
REGINN:CGLS::k=14: rdisc=0.719, norm=0.104
REGINN:CGLS::k=15: rdisc=0.713, norm=0.120
REGINN:CGLS::k=16: rdisc=0.709, norm=0.135
REGINN:CGLS::k=17: rdisc=0.702, norm=0.159
REGINN:CGLS::k=18: rdisc=0.700, norm=0.165
REGINN:CGLS::k=19: rdisc=0.694, norm=0.187
REGINN:CGLS::k=20: rdisc=0.690, norm=0.202
REGINN:CGLS::k=21: rdisc=0.687, norm=0.217
REGINN:CGLS::Safeguarding: λ=0.741 ⇒ rdisc=0.689
REGINN:CGLS::Target discrepancy reached after 21 iterations.
REGINN::i=17: rdisc=0.0137, rnorm=0.714, rerr=0.699
REGINN::-0.264 ≤ estimate ≤ 0.954
REGINN::
REGINN::Solving linear problem using rtol=0.654 and max_iter=46
REGINN:CGLS::k=0 : rdisc=1.00, norm=0.00
REGINN:CGLS::k=1 : rdisc=0.959, norm=0.00692
REGINN:CGLS::k=2 : rdisc=0.949, norm=0.00943
REGINN:CGLS::k=3 : rdisc=0.941, norm=0.0124
REGINN:CGLS::k=4 : rdisc=0.934, norm=0.0174
REGINN:CGLS::k=5 : rdisc=0.927, norm=0.0247
REGINN:CGLS::k=6 : rdisc=0.925, norm=0.0284
REGINN:CGLS::k=7 : rdisc=0.922, norm=0.0321
REGINN:CGLS::k=8 : rdisc=0.920, norm=0.0366
REGINN:CGLS::k=9 : rdisc=0.917, norm=0.0414
REGINN:CGLS::k=10: rdisc=0.914, norm=0.0477
REGINN:CGLS::k=11: rdisc=0.910, norm=0.0596
REGINN:CGLS::k=12: rdisc=0.907, norm=0.0685
REGINN:CGLS::k=13: rdisc=0.902, norm=0.0823
REGINN:CGLS::k=14: rdisc=0.899, norm=0.0931
REGINN:CGLS::k=15: rdisc=0.887, norm=0.133
REGINN:CGLS::k=16: rdisc=0.880, norm=0.157
REGINN:CGLS::k=17: rdisc=0.871, norm=0.193
REGINN:CGLS::k=18: rdisc=0.867, norm=0.207
REGINN:CGLS::k=19: rdisc=0.859, norm=0.236
REGINN:CGLS::k=20: rdisc=0.852, norm=0.263
REGINN:CGLS::k=21: rdisc=0.841, norm=0.302
REGINN:CGLS::k=22: rdisc=0.831, norm=0.342
REGINN:CGLS::k=23: rdisc=0.816, norm=0.398
REGINN:CGLS::k=24: rdisc=0.809, norm=0.424
REGINN:CGLS::k=25: rdisc=0.796, norm=0.475
REGINN:CGLS::k=26: rdisc=0.777, norm=0.548
REGINN:CGLS::k=27: rdisc=0.758, norm=0.616
REGINN:CGLS::k=28: rdisc=0.742, norm=0.676
REGINN:CGLS::k=29: rdisc=0.732, norm=0.712
REGINN:CGLS::k=30: rdisc=0.726, norm=0.735
REGINN:CGLS::k=31: rdisc=0.716, norm=0.770
REGINN:CGLS::k=32: rdisc=0.710, norm=0.794
REGINN:CGLS::k=33: rdisc=0.694, norm=0.849
REGINN:CGLS::k=34: rdisc=0.689, norm=0.865
REGINN:CGLS::k=35: rdisc=0.683, norm=0.887
REGINN:CGLS::k=36: rdisc=0.677, norm=0.909
REGINN:CGLS::k=37: rdisc=0.670, norm=0.934
REGINN:CGLS::k=38: rdisc=0.666, norm=0.948
REGINN:CGLS::k=39: rdisc=0.658, norm=0.973
REGINN:CGLS::k=40: rdisc=0.656, norm=0.981
REGINN:CGLS::k=41: rdisc=0.653, norm=0.991
REGINN:CGLS::Safeguarding: λ=0.410 ⇒ rdisc=0.654
REGINN:CGLS::Target discrepancy reached after 41 iterations.
REGINN::i=18: rdisc=0.0195, rnorm=0.743, rerr=0.682
REGINN::-0.303 ≤ estimate ≤ 1.03
REGINN::
REGINN::Solving linear problem using rtol=0.822 and max_iter=62
REGINN:CGLS::k=0 : rdisc=1.00, norm=0.00
REGINN:CGLS::k=1 : rdisc=0.755, norm=0.0218
REGINN:CGLS::Safeguarding: λ=0.495 ⇒ rdisc=0.822
REGINN:CGLS::Target discrepancy reached after 1 iteration.
REGINN::i=19: rdisc=0.0170, rnorm=0.742, rerr=0.682
REGINN::-0.303 ≤ estimate ≤ 0.980
REGINN::
REGINN::Solving linear problem using rtol=0.780 and max_iter=42
REGINN:CGLS::k=0 : rdisc=1.00, norm=0.00
REGINN:CGLS::k=1 : rdisc=0.776, norm=0.0238
REGINN:CGLS::Safeguarding: λ=0.131 ⇒ rdisc=0.780
REGINN:CGLS::Target discrepancy reached after 1 iteration.
REGINN::i=20: rdisc=0.0144, rnorm=0.742, rerr=0.682
REGINN::-0.303 ≤ estimate ≤ 0.868
REGINN::
REGINN::Solving linear problem using rtol=0.740 and max_iter=2
REGINN:CGLS::k=0 : rdisc=1.00, norm=0.00
REGINN:CGLS::k=1 : rdisc=0.857, norm=0.0182
REGINN:CGLS::k=2 : rdisc=0.746, norm=0.0328
REGINN:CGLS::Unsuccessful termination after 2 iterations!
REGINN::Linear solver did not achieve desired discrepancy due to max_iter.
REGINN::i=21: rdisc=0.0117, rnorm=0.741, rerr=0.682
REGINN::-0.303 ≤ estimate ≤ 0.739
REGINN::
REGINN::Solving linear problem using rtol=0.703 and max_iter=3
REGINN:CGLS::k=0 : rdisc=1.00, norm=0.00
REGINN:CGLS::k=1 : rdisc=0.893, norm=0.0197
REGINN:CGLS::k=2 : rdisc=0.846, norm=0.0284
REGINN:CGLS::k=3 : rdisc=0.827, norm=0.0324
REGINN:CGLS::Unsuccessful termination after 3 iterations!
REGINN::Linear solver did not achieve desired discrepancy due to max_iter.
REGINN::i=22: rdisc=0.0101, rnorm=0.741, rerr=0.682
REGINN::-0.303 ≤ estimate ≤ 0.784
REGINN::
REGINN::Solving linear problem using rtol=0.667 and max_iter=5
REGINN:CGLS::k=0 : rdisc=1.00, norm=0.00
REGINN:CGLS::k=1 : rdisc=0.970, norm=0.00560
REGINN:CGLS::k=2 : rdisc=0.951, norm=0.0104
REGINN:CGLS::k=3 : rdisc=0.915, norm=0.0222
REGINN:CGLS::k=4 : rdisc=0.897, norm=0.0293
REGINN:CGLS::k=5 : rdisc=0.872, norm=0.0419
REGINN:CGLS::Unsuccessful termination after 5 iterations!
REGINN::Linear solver did not achieve desired discrepancy due to max_iter.
REGINN::Saving current residual in ./step-0023/
REGINN::Saving current estimate in ./step-0023/
REGINN::i=23: rdisc=0.00892, rnorm=0.740, rerr=0.682
REGINN::-0.303 ≤ estimate ≤ 0.791
REGINN::
REGINN::Solving linear problem using rtol=0.633 and max_iter=8
REGINN:CGLS::k=0 : rdisc=1.00, norm=0.00
REGINN:CGLS::k=1 : rdisc=0.993, norm=0.00197
REGINN:CGLS::k=2 : rdisc=0.987, norm=0.00435
REGINN:CGLS::k=3 : rdisc=0.980, norm=0.00881
REGINN:CGLS::k=4 : rdisc=0.962, norm=0.0230
REGINN:CGLS::k=5 : rdisc=0.948, norm=0.0350
REGINN:CGLS::k=6 : rdisc=0.938, norm=0.0449
REGINN:CGLS::k=7 : rdisc=0.936, norm=0.0469
REGINN:CGLS::k=8 : rdisc=0.932, norm=0.0507
REGINN:CGLS::Unsuccessful termination after 8 iterations!
REGINN::Linear solver did not achieve desired discrepancy due to max_iter.
REGINN::i=24: rdisc=0.00843, rnorm=0.740, rerr=0.681
REGINN::-0.304 ≤ estimate ≤ 0.748
REGINN::
REGINN::Solving linear problem using rtol=0.601 and max_iter=13
REGINN:CGLS::k=0 : rdisc=1.00, norm=0.00
REGINN:CGLS::k=1 : rdisc=0.994, norm=0.00214
REGINN:CGLS::k=2 : rdisc=0.986, norm=0.00587
REGINN:CGLS::k=3 : rdisc=0.983, norm=0.00748
REGINN:CGLS::k=4 : rdisc=0.981, norm=0.00925
REGINN:CGLS::k=5 : rdisc=0.976, norm=0.0162
REGINN:CGLS::k=6 : rdisc=0.970, norm=0.0251
REGINN:CGLS::k=7 : rdisc=0.961, norm=0.0405
REGINN:CGLS::k=8 : rdisc=0.958, norm=0.0465
REGINN:CGLS::k=9 : rdisc=0.955, norm=0.0524
REGINN:CGLS::k=10: rdisc=0.951, norm=0.0594
REGINN:CGLS::k=11: rdisc=0.947, norm=0.0676
REGINN:CGLS::k=12: rdisc=0.939, norm=0.0830
REGINN:CGLS::k=13: rdisc=0.935, norm=0.0925
REGINN:CGLS::Unsuccessful termination after 13 iterations!
REGINN::Linear solver did not achieve desired discrepancy due to max_iter.
REGINN::i=25: rdisc=0.00853, rnorm=0.739, rerr=0.679
REGINN::-0.303 ≤ estimate ≤ 0.675
REGINN::
REGINN::Solving linear problem using rtol=0.753 and max_iter=21
REGINN:CGLS::k=0 : rdisc=1.00, norm=0.00
REGINN:CGLS::k=1 : rdisc=0.941, norm=0.0103
REGINN:CGLS::k=2 : rdisc=0.927, norm=0.0129
REGINN:CGLS::k=3 : rdisc=0.919, norm=0.0147
REGINN:CGLS::k=4 : rdisc=0.917, norm=0.0155
REGINN:CGLS::k=5 : rdisc=0.915, norm=0.0167
REGINN:CGLS::k=6 : rdisc=0.914, norm=0.0174
REGINN:CGLS::k=7 : rdisc=0.912, norm=0.0188
REGINN:CGLS::k=8 : rdisc=0.911, norm=0.0202
REGINN:CGLS::k=9 : rdisc=0.909, norm=0.0240
REGINN:CGLS::k=10: rdisc=0.906, norm=0.0302
REGINN:CGLS::k=11: rdisc=0.902, norm=0.0400
REGINN:CGLS::k=12: rdisc=0.896, norm=0.0557
REGINN:CGLS::k=13: rdisc=0.895, norm=0.0587
REGINN:CGLS::k=14: rdisc=0.890, norm=0.0716
REGINN:CGLS::k=15: rdisc=0.885, norm=0.0873
REGINN:CGLS::k=16: rdisc=0.878, norm=0.107
REGINN:CGLS::k=17: rdisc=0.875, norm=0.118
REGINN:CGLS::k=18: rdisc=0.868, norm=0.140
REGINN:CGLS::k=19: rdisc=0.865, norm=0.148
REGINN:CGLS::k=20: rdisc=0.857, norm=0.173
REGINN:CGLS::k=21: rdisc=0.840, norm=0.227
REGINN:CGLS::Unsuccessful termination after 21 iterations!
REGINN::Linear solver did not achieve desired discrepancy due to max_iter.
REGINN::i=26: rdisc=0.00730, rnorm=0.742, rerr=0.675
REGINN::-0.306 ≤ estimate ≤ 0.656
REGINN::
REGINN::Solving linear problem using rtol=0.847 and max_iter=34
REGINN:CGLS::k=0 : rdisc=1.00, norm=0.00
REGINN:CGLS::k=1 : rdisc=0.987, norm=0.00267
REGINN:CGLS::k=2 : rdisc=0.978, norm=0.00493
REGINN:CGLS::k=3 : rdisc=0.970, norm=0.00747
REGINN:CGLS::k=4 : rdisc=0.963, norm=0.0111
REGINN:CGLS::k=5 : rdisc=0.957, norm=0.0155
REGINN:CGLS::k=6 : rdisc=0.954, norm=0.0177
REGINN:CGLS::k=7 : rdisc=0.951, norm=0.0205
REGINN:CGLS::k=8 : rdisc=0.949, norm=0.0216
REGINN:CGLS::k=9 : rdisc=0.946, norm=0.0254
REGINN:CGLS::k=10: rdisc=0.944, norm=0.0278
REGINN:CGLS::k=11: rdisc=0.941, norm=0.0323
REGINN:CGLS::k=12: rdisc=0.938, norm=0.0370
REGINN:CGLS::k=13: rdisc=0.936, norm=0.0406
REGINN:CGLS::k=14: rdisc=0.934, norm=0.0441
REGINN:CGLS::k=15: rdisc=0.933, norm=0.0471
REGINN:CGLS::k=16: rdisc=0.930, norm=0.0520
REGINN:CGLS::k=17: rdisc=0.928, norm=0.0574
REGINN:CGLS::k=18: rdisc=0.925, norm=0.0648
REGINN:CGLS::k=19: rdisc=0.923, norm=0.0689
REGINN:CGLS::k=20: rdisc=0.922, norm=0.0730
REGINN:CGLS::k=21: rdisc=0.919, norm=0.0793
REGINN:CGLS::k=22: rdisc=0.914, norm=0.0942
REGINN:CGLS::k=23: rdisc=0.910, norm=0.106
REGINN:CGLS::k=24: rdisc=0.904, norm=0.125
REGINN:CGLS::k=25: rdisc=0.898, norm=0.143
REGINN:CGLS::k=26: rdisc=0.891, norm=0.166
REGINN:CGLS::k=27: rdisc=0.884, norm=0.188
REGINN:CGLS::k=28: rdisc=0.878, norm=0.209
REGINN:CGLS::k=29: rdisc=0.866, norm=0.247
REGINN:CGLS::k=30: rdisc=0.855, norm=0.284
REGINN:CGLS::k=31: rdisc=0.846, norm=0.314
REGINN:CGLS::Safeguarding: λ=0.305 ⇒ rdisc=0.847
REGINN:CGLS::Target discrepancy reached after 31 iterations.
REGINN::i=27: rdisc=0.00669, rnorm=0.747, rerr=0.669
REGINN::-0.306 ≤ estimate ≤ 0.680
REGINN::
REGINN::Solving linear problem using rtol=0.895 and max_iter=52
REGINN:CGLS::k=0 : rdisc=1.00, norm=0.00
REGINN:CGLS::k=1 : rdisc=0.967, norm=0.00327
REGINN:CGLS::k=2 : rdisc=0.956, norm=0.00487
REGINN:CGLS::k=3 : rdisc=0.937, norm=0.00933
REGINN:CGLS::k=4 : rdisc=0.913, norm=0.0172
REGINN:CGLS::k=5 : rdisc=0.904, norm=0.0211
REGINN:CGLS::k=6 : rdisc=0.902, norm=0.0222
REGINN:CGLS::k=7 : rdisc=0.899, norm=0.0234
REGINN:CGLS::k=8 : rdisc=0.895, norm=0.0258
REGINN:CGLS::k=9 : rdisc=0.893, norm=0.0279
REGINN:CGLS::Safeguarding: λ=0.937 ⇒ rdisc=0.895
REGINN:CGLS::Target discrepancy reached after 9 iterations.
REGINN::i=28: rdisc=0.00602, rnorm=0.747, rerr=0.669
REGINN::-0.305 ≤ estimate ≤ 0.681
REGINN::
REGINN::Solving linear problem using rtol=0.850 and max_iter=40
REGINN:CGLS::k=0 : rdisc=1.00, norm=0.00
REGINN:CGLS::k=1 : rdisc=0.995, norm=0.00158
REGINN:CGLS::k=2 : rdisc=0.993, norm=0.00267
REGINN:CGLS::k=3 : rdisc=0.991, norm=0.00363
REGINN:CGLS::k=4 : rdisc=0.990, norm=0.00476
REGINN:CGLS::k=5 : rdisc=0.986, norm=0.00837
REGINN:CGLS::k=6 : rdisc=0.984, norm=0.0108
REGINN:CGLS::k=7 : rdisc=0.980, norm=0.0164
REGINN:CGLS::k=8 : rdisc=0.976, norm=0.0230
REGINN:CGLS::k=9 : rdisc=0.975, norm=0.0244
REGINN:CGLS::k=10: rdisc=0.971, norm=0.0300
REGINN:CGLS::k=11: rdisc=0.968, norm=0.0356
REGINN:CGLS::k=12: rdisc=0.966, norm=0.0397
REGINN:CGLS::k=13: rdisc=0.964, norm=0.0428
REGINN:CGLS::k=14: rdisc=0.963, norm=0.0453
REGINN:CGLS::k=15: rdisc=0.961, norm=0.0481
REGINN:CGLS::k=16: rdisc=0.959, norm=0.0534
REGINN:CGLS::k=17: rdisc=0.957, norm=0.0581
REGINN:CGLS::k=18: rdisc=0.952, norm=0.0685
REGINN:CGLS::k=19: rdisc=0.950, norm=0.0737
REGINN:CGLS::k=20: rdisc=0.949, norm=0.0756
REGINN:CGLS::k=21: rdisc=0.946, norm=0.0832
REGINN:CGLS::k=22: rdisc=0.944, norm=0.0886
REGINN:CGLS::k=23: rdisc=0.942, norm=0.0938
REGINN:CGLS::k=24: rdisc=0.938, norm=0.103
REGINN:CGLS::k=25: rdisc=0.936, norm=0.109
REGINN:CGLS::k=26: rdisc=0.935, norm=0.112
REGINN:CGLS::k=27: rdisc=0.932, norm=0.119
REGINN:CGLS::k=28: rdisc=0.929, norm=0.127
REGINN:CGLS::k=29: rdisc=0.925, norm=0.141
REGINN:CGLS::k=30: rdisc=0.918, norm=0.163
REGINN:CGLS::k=31: rdisc=0.915, norm=0.171
REGINN:CGLS::k=32: rdisc=0.912, norm=0.180
REGINN:CGLS::k=33: rdisc=0.909, norm=0.191
REGINN:CGLS::k=34: rdisc=0.902, norm=0.212
REGINN:CGLS::k=35: rdisc=0.897, norm=0.227
REGINN:CGLS::k=36: rdisc=0.887, norm=0.259
REGINN:CGLS::k=37: rdisc=0.885, norm=0.266
REGINN:CGLS::k=38: rdisc=0.878, norm=0.289
REGINN:CGLS::k=39: rdisc=0.871, norm=0.313
REGINN:CGLS::k=40: rdisc=0.863, norm=0.338
REGINN:CGLS::Unsuccessful termination after 40 iterations!
REGINN::Linear solver did not achieve desired discrepancy due to max_iter.
REGINN::i=29: rdisc=0.00582, rnorm=0.755, rerr=0.663
REGINN::-0.305 ≤ estimate ≤ 0.722
REGINN::
REGINN::Solving linear problem using rtol=0.965 and max_iter=49
REGINN:CGLS::k=0 : rdisc=1.00, norm=0.00
REGINN:CGLS::k=1 : rdisc=0.966, norm=0.00342
REGINN:CGLS::k=2 : rdisc=0.941, norm=0.00648
REGINN:CGLS::Safeguarding: λ=0.981 ⇒ rdisc=0.965
REGINN:CGLS::Target discrepancy reached after 2 iterations.
REGINN::i=30: rdisc=0.00564, rnorm=0.755, rerr=0.663
REGINN::-0.305 ≤ estimate ≤ 0.722
REGINN::
REGINN::Solving linear problem using rtol=0.916 and max_iter=42
REGINN:CGLS::k=0 : rdisc=1.00, norm=0.00
REGINN:CGLS::k=1 : rdisc=0.986, norm=0.00180
REGINN:CGLS::k=2 : rdisc=0.954, norm=0.00737
REGINN:CGLS::k=3 : rdisc=0.937, norm=0.0113
REGINN:CGLS::k=4 : rdisc=0.924, norm=0.0149
REGINN:CGLS::k=5 : rdisc=0.914, norm=0.0183
REGINN:CGLS::Safeguarding: λ=0.431 ⇒ rdisc=0.916
REGINN:CGLS::Target discrepancy reached after 5 iterations.
REGINN::i=31: rdisc=0.00519, rnorm=0.755, rerr=0.663
REGINN::-0.304 ≤ estimate ≤ 0.722
REGINN::
REGINN::Solving linear problem using rtol=0.869 and max_iter=7
REGINN:CGLS::k=0 : rdisc=1.00, norm=0.00
REGINN:CGLS::k=1 : rdisc=0.995, norm=0.00159
REGINN:CGLS::k=2 : rdisc=0.991, norm=0.00336
REGINN:CGLS::k=3 : rdisc=0.988, norm=0.00485
REGINN:CGLS::k=4 : rdisc=0.984, norm=0.00763
REGINN:CGLS::k=5 : rdisc=0.978, norm=0.0119
REGINN:CGLS::k=6 : rdisc=0.974, norm=0.0145
REGINN:CGLS::k=7 : rdisc=0.969, norm=0.0189
REGINN:CGLS::Unsuccessful termination after 7 iterations!
REGINN::Linear solver did not achieve desired discrepancy due to max_iter.
REGINN::i=32: rdisc=0.00505, rnorm=0.755, rerr=0.663
REGINN::-0.304 ≤ estimate ≤ 0.722
REGINN::
REGINN::Solving linear problem using rtol=0.825 and max_iter=12
REGINN:CGLS::k=0 : rdisc=1.00, norm=0.00
REGINN:CGLS::k=1 : rdisc=0.995, norm=0.00148
REGINN:CGLS::k=2 : rdisc=0.993, norm=0.00201
REGINN:CGLS::k=3 : rdisc=0.991, norm=0.00271
REGINN:CGLS::k=4 : rdisc=0.990, norm=0.00326
REGINN:CGLS::k=5 : rdisc=0.989, norm=0.00515
REGINN:CGLS::k=6 : rdisc=0.987, norm=0.00733
REGINN:CGLS::k=7 : rdisc=0.983, norm=0.0128
REGINN:CGLS::k=8 : rdisc=0.979, norm=0.0192
REGINN:CGLS::k=9 : rdisc=0.976, norm=0.0245
REGINN:CGLS::k=10: rdisc=0.971, norm=0.0318
REGINN:CGLS::k=11: rdisc=0.968, norm=0.0378
REGINN:CGLS::k=12: rdisc=0.964, norm=0.0435
REGINN:CGLS::Unsuccessful termination after 12 iterations!
REGINN::Linear solver did not achieve desired discrepancy due to max_iter.
REGINN::i=33: rdisc=0.00491, rnorm=0.755, rerr=0.662
REGINN::-0.304 ≤ estimate ≤ 0.722
REGINN::
REGINN::Solving linear problem using rtol=0.897 and max_iter=19
REGINN:CGLS::k=0 : rdisc=1.00, norm=0.00
REGINN:CGLS::k=1 : rdisc=0.995, norm=0.00114
REGINN:CGLS::k=2 : rdisc=0.990, norm=0.00248
REGINN:CGLS::k=3 : rdisc=0.989, norm=0.00309
REGINN:CGLS::k=4 : rdisc=0.988, norm=0.00352
REGINN:CGLS::k=5 : rdisc=0.987, norm=0.00430
REGINN:CGLS::k=6 : rdisc=0.986, norm=0.00512
REGINN:CGLS::k=7 : rdisc=0.985, norm=0.00621
REGINN:CGLS::k=8 : rdisc=0.985, norm=0.00787
REGINN:CGLS::k=9 : rdisc=0.983, norm=0.0117
REGINN:CGLS::k=10: rdisc=0.981, norm=0.0145
REGINN:CGLS::k=11: rdisc=0.980, norm=0.0166
REGINN:CGLS::k=12: rdisc=0.978, norm=0.0207
REGINN:CGLS::k=13: rdisc=0.976, norm=0.0257
REGINN:CGLS::k=14: rdisc=0.975, norm=0.0286
REGINN:CGLS::k=15: rdisc=0.974, norm=0.0315
REGINN:CGLS::k=16: rdisc=0.973, norm=0.0343
REGINN:CGLS::k=17: rdisc=0.969, norm=0.0456
REGINN:CGLS::k=18: rdisc=0.967, norm=0.0525
REGINN:CGLS::k=19: rdisc=0.963, norm=0.0638
REGINN:CGLS::Unsuccessful termination after 19 iterations!
REGINN::Linear solver did not achieve desired discrepancy due to max_iter.
REGINN::i=34: rdisc=0.00474, rnorm=0.756, rerr=0.661
REGINN::-0.304 ≤ estimate ≤ 0.719
REGINN::
REGINN::Solving linear problem using rtol=0.934 and max_iter=31
REGINN:CGLS::k=0 : rdisc=1.00, norm=0.00
REGINN:CGLS::k=1 : rdisc=0.997, norm=0.000856
REGINN:CGLS::k=2 : rdisc=0.995, norm=0.00128
REGINN:CGLS::k=3 : rdisc=0.994, norm=0.00206
REGINN:CGLS::k=4 : rdisc=0.992, norm=0.00345
REGINN:CGLS::k=5 : rdisc=0.990, norm=0.00493
REGINN:CGLS::k=6 : rdisc=0.989, norm=0.00636
REGINN:CGLS::k=7 : rdisc=0.988, norm=0.00779
REGINN:CGLS::k=8 : rdisc=0.987, norm=0.00859
REGINN:CGLS::k=9 : rdisc=0.987, norm=0.00975
REGINN:CGLS::k=10: rdisc=0.986, norm=0.0110
REGINN:CGLS::k=11: rdisc=0.985, norm=0.0130
REGINN:CGLS::k=12: rdisc=0.984, norm=0.0153
REGINN:CGLS::k=13: rdisc=0.983, norm=0.0174
REGINN:CGLS::k=14: rdisc=0.982, norm=0.0197
REGINN:CGLS::k=15: rdisc=0.981, norm=0.0216
REGINN:CGLS::k=16: rdisc=0.980, norm=0.0244
REGINN:CGLS::k=17: rdisc=0.979, norm=0.0272
REGINN:CGLS::k=18: rdisc=0.978, norm=0.0303
REGINN:CGLS::k=19: rdisc=0.976, norm=0.0344
REGINN:CGLS::k=20: rdisc=0.975, norm=0.0373
REGINN:CGLS::k=21: rdisc=0.973, norm=0.0437
REGINN:CGLS::k=22: rdisc=0.969, norm=0.0562
REGINN:CGLS::k=23: rdisc=0.965, norm=0.0701
REGINN:CGLS::k=24: rdisc=0.961, norm=0.0836
REGINN:CGLS::k=25: rdisc=0.954, norm=0.108
REGINN:CGLS::k=26: rdisc=0.950, norm=0.122
REGINN:CGLS::k=27: rdisc=0.946, norm=0.134
REGINN:CGLS::k=28: rdisc=0.936, norm=0.168
REGINN:CGLS::k=29: rdisc=0.927, norm=0.197
REGINN:CGLS::Safeguarding: λ=0.884 ⇒ rdisc=0.934
REGINN:CGLS::Target discrepancy reached after 29 iterations.
REGINN::i=35: rdisc=0.00454, rnorm=0.758, rerr=0.658
REGINN::-0.303 ≤ estimate ≤ 0.707
REGINN::
REGINN::Solving linear problem using rtol=0.956 and max_iter=48
REGINN:CGLS::k=0 : rdisc=1.00, norm=0.00
REGINN:CGLS::k=1 : rdisc=0.988, norm=0.00157
REGINN:CGLS::k=2 : rdisc=0.982, norm=0.00253
REGINN:CGLS::k=3 : rdisc=0.974, norm=0.00463
REGINN:CGLS::k=4 : rdisc=0.964, norm=0.00798
REGINN:CGLS::k=5 : rdisc=0.958, norm=0.0102
REGINN:CGLS::k=6 : rdisc=0.955, norm=0.0116
REGINN:CGLS::Safeguarding: λ=0.408 ⇒ rdisc=0.956
REGINN:CGLS::Target discrepancy reached after 6 iterations.
REGINN::Saving current residual in ./step-0036/
REGINN::Saving current estimate in ./step-0036/
REGINN::i=36: rdisc=0.00434, rnorm=0.758, rerr=0.658
REGINN::-0.302 ≤ estimate ≤ 0.706
REGINN::
REGINN::Solving linear problem using rtol=0.907 and max_iter=35
REGINN:CGLS::k=0 : rdisc=1.00, norm=0.00
REGINN:CGLS::k=1 : rdisc=0.999, norm=0.000589
REGINN:CGLS::k=2 : rdisc=0.998, norm=0.00113
REGINN:CGLS::k=3 : rdisc=0.996, norm=0.00221
REGINN:CGLS::k=4 : rdisc=0.993, norm=0.00525
REGINN:CGLS::k=5 : rdisc=0.990, norm=0.00856
REGINN:CGLS::k=6 : rdisc=0.988, norm=0.0108
REGINN:CGLS::k=7 : rdisc=0.987, norm=0.0121
REGINN:CGLS::k=8 : rdisc=0.985, norm=0.0134
REGINN:CGLS::k=9 : rdisc=0.985, norm=0.0143
REGINN:CGLS::k=10: rdisc=0.984, norm=0.0149
REGINN:CGLS::k=11: rdisc=0.983, norm=0.0171
REGINN:CGLS::k=12: rdisc=0.981, norm=0.0194
REGINN:CGLS::k=13: rdisc=0.979, norm=0.0231
REGINN:CGLS::k=14: rdisc=0.978, norm=0.0266
REGINN:CGLS::k=15: rdisc=0.977, norm=0.0282
REGINN:CGLS::k=16: rdisc=0.976, norm=0.0298
REGINN:CGLS::k=17: rdisc=0.975, norm=0.0325
REGINN:CGLS::k=18: rdisc=0.974, norm=0.0342
REGINN:CGLS::k=19: rdisc=0.973, norm=0.0360
REGINN:CGLS::k=20: rdisc=0.972, norm=0.0391
REGINN:CGLS::k=21: rdisc=0.969, norm=0.0467
REGINN:CGLS::k=22: rdisc=0.968, norm=0.0503
REGINN:CGLS::k=23: rdisc=0.967, norm=0.0526
REGINN:CGLS::k=24: rdisc=0.965, norm=0.0571
REGINN:CGLS::k=25: rdisc=0.964, norm=0.0621
REGINN:CGLS::k=26: rdisc=0.961, norm=0.0697
REGINN:CGLS::k=27: rdisc=0.957, norm=0.0813
REGINN:CGLS::k=28: rdisc=0.955, norm=0.0890
REGINN:CGLS::k=29: rdisc=0.951, norm=0.0997
REGINN:CGLS::k=30: rdisc=0.950, norm=0.104
REGINN:CGLS::k=31: rdisc=0.948, norm=0.111
REGINN:CGLS::k=32: rdisc=0.944, norm=0.124
REGINN:CGLS::k=33: rdisc=0.939, norm=0.138
REGINN:CGLS::k=34: rdisc=0.930, norm=0.169
REGINN:CGLS::k=35: rdisc=0.924, norm=0.189
REGINN:CGLS::Unsuccessful termination after 35 iterations!
REGINN::Linear solver did not achieve desired discrepancy due to max_iter.
REGINN::i=37: rdisc=0.00408, rnorm=0.762, rerr=0.655
REGINN::-0.303 ≤ estimate ≤ 0.679
REGINN::
REGINN::Solving linear problem using rtol=0.983 and max_iter=41
REGINN:CGLS::k=0 : rdisc=1.00, norm=0.00
REGINN:CGLS::k=1 : rdisc=0.990, norm=0.00139
REGINN:CGLS::k=2 : rdisc=0.982, norm=0.00307
REGINN:CGLS::Safeguarding: λ=0.329 ⇒ rdisc=0.983
REGINN:CGLS::Target discrepancy reached after 2 iterations.
REGINN::i=38: rdisc=0.00402, rnorm=0.762, rerr=0.655
REGINN::-0.303 ≤ estimate ≤ 0.679
REGINN::
REGINN::Solving linear problem using rtol=0.933 and max_iter=37
REGINN:CGLS::k=0 : rdisc=1.00, norm=0.00
REGINN:CGLS::k=1 : rdisc=0.995, norm=0.00182
REGINN:CGLS::k=2 : rdisc=0.989, norm=0.00434
REGINN:CGLS::k=3 : rdisc=0.986, norm=0.00551
REGINN:CGLS::k=4 : rdisc=0.985, norm=0.00598
REGINN:CGLS::k=5 : rdisc=0.983, norm=0.00759
REGINN:CGLS::k=6 : rdisc=0.980, norm=0.00915
REGINN:CGLS::k=7 : rdisc=0.977, norm=0.0117
REGINN:CGLS::k=8 : rdisc=0.976, norm=0.0131
REGINN:CGLS::k=9 : rdisc=0.974, norm=0.0149
REGINN:CGLS::k=10: rdisc=0.972, norm=0.0174
REGINN:CGLS::k=11: rdisc=0.971, norm=0.0181
REGINN:CGLS::k=12: rdisc=0.967, norm=0.0227
REGINN:CGLS::k=13: rdisc=0.965, norm=0.0255
REGINN:CGLS::k=14: rdisc=0.964, norm=0.0276
REGINN:CGLS::k=15: rdisc=0.961, norm=0.0311
REGINN:CGLS::k=16: rdisc=0.959, norm=0.0353
REGINN:CGLS::k=17: rdisc=0.958, norm=0.0361
REGINN:CGLS::k=18: rdisc=0.957, norm=0.0384
REGINN:CGLS::k=19: rdisc=0.956, norm=0.0403
REGINN:CGLS::k=20: rdisc=0.955, norm=0.0420
REGINN:CGLS::k=21: rdisc=0.952, norm=0.0462
REGINN:CGLS::k=22: rdisc=0.951, norm=0.0484
REGINN:CGLS::k=23: rdisc=0.950, norm=0.0501
REGINN:CGLS::k=24: rdisc=0.949, norm=0.0522
REGINN:CGLS::k=25: rdisc=0.948, norm=0.0537
REGINN:CGLS::k=26: rdisc=0.948, norm=0.0552
REGINN:CGLS::k=27: rdisc=0.947, norm=0.0567
REGINN:CGLS::k=28: rdisc=0.945, norm=0.0603
REGINN:CGLS::k=29: rdisc=0.945, norm=0.0619
REGINN:CGLS::k=30: rdisc=0.944, norm=0.0639
REGINN:CGLS::k=31: rdisc=0.943, norm=0.0664
REGINN:CGLS::k=32: rdisc=0.942, norm=0.0691
REGINN:CGLS::k=33: rdisc=0.941, norm=0.0719
REGINN:CGLS::k=34: rdisc=0.939, norm=0.0759
REGINN:CGLS::k=35: rdisc=0.938, norm=0.0775
REGINN:CGLS::k=36: rdisc=0.936, norm=0.0832
REGINN:CGLS::k=37: rdisc=0.934, norm=0.0905
REGINN:CGLS::Unsuccessful termination after 37 iterations!
REGINN::Linear solver did not achieve desired discrepancy due to max_iter.
REGINN::i=39: rdisc=0.00380, rnorm=0.763, rerr=0.653
REGINN::-0.306 ≤ estimate ≤ 0.665
REGINN::
REGINN::Solving linear problem using rtol=0.885 and max_iter=39
REGINN:CGLS::k=0 : rdisc=1.00, norm=0.00
REGINN:CGLS::k=1 : rdisc=0.995, norm=0.000694
REGINN:CGLS::k=2 : rdisc=0.992, norm=0.00128
REGINN:CGLS::k=3 : rdisc=0.989, norm=0.00222
REGINN:CGLS::k=4 : rdisc=0.986, norm=0.00347
REGINN:CGLS::k=5 : rdisc=0.984, norm=0.00445
REGINN:CGLS::k=6 : rdisc=0.983, norm=0.00526
REGINN:CGLS::k=7 : rdisc=0.983, norm=0.00559
REGINN:CGLS::k=8 : rdisc=0.982, norm=0.00636
REGINN:CGLS::k=9 : rdisc=0.981, norm=0.00732
REGINN:CGLS::k=10: rdisc=0.980, norm=0.00803
REGINN:CGLS::k=11: rdisc=0.979, norm=0.0102
REGINN:CGLS::k=12: rdisc=0.978, norm=0.0113
REGINN:CGLS::k=13: rdisc=0.977, norm=0.0127
REGINN:CGLS::k=14: rdisc=0.976, norm=0.0138
REGINN:CGLS::k=15: rdisc=0.975, norm=0.0166
REGINN:CGLS::k=16: rdisc=0.974, norm=0.0191
REGINN:CGLS::k=17: rdisc=0.972, norm=0.0219
REGINN:CGLS::k=18: rdisc=0.972, norm=0.0227
REGINN:CGLS::k=19: rdisc=0.971, norm=0.0248
REGINN:CGLS::k=20: rdisc=0.970, norm=0.0264
REGINN:CGLS::k=21: rdisc=0.969, norm=0.0286
REGINN:CGLS::k=22: rdisc=0.968, norm=0.0312
REGINN:CGLS::k=23: rdisc=0.968, norm=0.0330
REGINN:CGLS::k=24: rdisc=0.966, norm=0.0360
REGINN:CGLS::k=25: rdisc=0.965, norm=0.0399
REGINN:CGLS::k=26: rdisc=0.963, norm=0.0447
REGINN:CGLS::k=27: rdisc=0.962, norm=0.0490
REGINN:CGLS::k=28: rdisc=0.959, norm=0.0565
REGINN:CGLS::k=29: rdisc=0.959, norm=0.0581
REGINN:CGLS::k=30: rdisc=0.957, norm=0.0642
REGINN:CGLS::k=31: rdisc=0.955, norm=0.0698
REGINN:CGLS::k=32: rdisc=0.953, norm=0.0760
REGINN:CGLS::k=33: rdisc=0.951, norm=0.0801
REGINN:CGLS::k=34: rdisc=0.950, norm=0.0838
REGINN:CGLS::k=35: rdisc=0.949, norm=0.0876
REGINN:CGLS::k=36: rdisc=0.946, norm=0.0961
REGINN:CGLS::k=37: rdisc=0.944, norm=0.105
REGINN:CGLS::k=38: rdisc=0.942, norm=0.111
REGINN:CGLS::k=39: rdisc=0.940, norm=0.117
REGINN:CGLS::Unsuccessful termination after 39 iterations!
REGINN::Linear solver did not achieve desired discrepancy due to max_iter.
REGINN::i=40: rdisc=0.00362, rnorm=0.765, rerr=0.651
REGINN::-0.326 ≤ estimate ≤ 0.652
REGINN::
REGINN::Solving linear problem using rtol=0.890 and max_iter=76
REGINN:CGLS::k=0 : rdisc=1.00, norm=0.00
REGINN:CGLS::k=1 : rdisc=0.995, norm=0.000844
REGINN:CGLS::k=2 : rdisc=0.989, norm=0.00244
REGINN:CGLS::k=3 : rdisc=0.987, norm=0.00338
REGINN:CGLS::k=4 : rdisc=0.985, norm=0.00433
REGINN:CGLS::k=5 : rdisc=0.984, norm=0.00498
REGINN:CGLS::k=6 : rdisc=0.982, norm=0.00574
REGINN:CGLS::k=7 : rdisc=0.980, norm=0.00737
REGINN:CGLS::k=8 : rdisc=0.978, norm=0.00876
REGINN:CGLS::k=9 : rdisc=0.976, norm=0.0110
REGINN:CGLS::k=10: rdisc=0.974, norm=0.0128
REGINN:CGLS::k=11: rdisc=0.974, norm=0.0135
REGINN:CGLS::k=12: rdisc=0.973, norm=0.0148
REGINN:CGLS::k=13: rdisc=0.972, norm=0.0164
REGINN:CGLS::k=14: rdisc=0.969, norm=0.0193
REGINN:CGLS::k=15: rdisc=0.968, norm=0.0211
REGINN:CGLS::k=16: rdisc=0.967, norm=0.0234
REGINN:CGLS::k=17: rdisc=0.965, norm=0.0254
REGINN:CGLS::k=18: rdisc=0.965, norm=0.0261
REGINN:CGLS::k=19: rdisc=0.964, norm=0.0281
REGINN:CGLS::k=20: rdisc=0.962, norm=0.0315
REGINN:CGLS::k=21: rdisc=0.961, norm=0.0335
REGINN:CGLS::k=22: rdisc=0.960, norm=0.0357
REGINN:CGLS::k=23: rdisc=0.959, norm=0.0375
REGINN:CGLS::k=24: rdisc=0.958, norm=0.0392
REGINN:CGLS::k=25: rdisc=0.957, norm=0.0415
REGINN:CGLS::k=26: rdisc=0.956, norm=0.0438
REGINN:CGLS::k=27: rdisc=0.955, norm=0.0461
REGINN:CGLS::k=28: rdisc=0.954, norm=0.0485
REGINN:CGLS::k=29: rdisc=0.953, norm=0.0495
REGINN:CGLS::k=30: rdisc=0.952, norm=0.0526
REGINN:CGLS::k=31: rdisc=0.951, norm=0.0540
REGINN:CGLS::k=32: rdisc=0.950, norm=0.0565
REGINN:CGLS::k=33: rdisc=0.950, norm=0.0580
REGINN:CGLS::k=34: rdisc=0.949, norm=0.0601
REGINN:CGLS::k=35: rdisc=0.948, norm=0.0623
REGINN:CGLS::k=36: rdisc=0.947, norm=0.0633
REGINN:CGLS::k=37: rdisc=0.947, norm=0.0660
REGINN:CGLS::k=38: rdisc=0.945, norm=0.0705
REGINN:CGLS::k=39: rdisc=0.943, norm=0.0757
REGINN:CGLS::k=40: rdisc=0.941, norm=0.0826
REGINN:CGLS::k=41: rdisc=0.939, norm=0.0867
REGINN:CGLS::k=42: rdisc=0.938, norm=0.0908
REGINN:CGLS::k=43: rdisc=0.935, norm=0.0987
REGINN:CGLS::k=44: rdisc=0.933, norm=0.108
REGINN:CGLS::k=45: rdisc=0.928, norm=0.121
REGINN:CGLS::k=46: rdisc=0.925, norm=0.133
REGINN:CGLS::k=47: rdisc=0.920, norm=0.150
REGINN:CGLS::k=48: rdisc=0.919, norm=0.154
REGINN:CGLS::k=49: rdisc=0.913, norm=0.173
REGINN:CGLS::k=50: rdisc=0.906, norm=0.197
REGINN:CGLS::k=51: rdisc=0.899, norm=0.222
REGINN:CGLS::k=52: rdisc=0.894, norm=0.239
REGINN:CGLS::k=53: rdisc=0.892, norm=0.245
REGINN:CGLS::k=54: rdisc=0.888, norm=0.257
REGINN:CGLS::Safeguarding: λ=0.789 ⇒ rdisc=0.890
REGINN:CGLS::Target discrepancy reached after 54 iterations.
REGINN::i=41: rdisc=0.00339, rnorm=0.771, rerr=0.647
REGINN::-0.352 ≤ estimate ≤ 0.703
REGINN::
REGINN::Solving linear problem using rtol=0.920 and max_iter=93
REGINN:CGLS::k=0 : rdisc=1.00, norm=0.00
REGINN:CGLS::k=1 : rdisc=0.985, norm=0.000995
REGINN:CGLS::k=2 : rdisc=0.972, norm=0.00243
REGINN:CGLS::k=3 : rdisc=0.956, norm=0.00528
REGINN:CGLS::k=4 : rdisc=0.948, norm=0.00703
REGINN:CGLS::k=5 : rdisc=0.944, norm=0.00805
REGINN:CGLS::k=6 : rdisc=0.940, norm=0.00931
REGINN:CGLS::k=7 : rdisc=0.938, norm=0.00994
REGINN:CGLS::k=8 : rdisc=0.935, norm=0.0110
REGINN:CGLS::k=9 : rdisc=0.931, norm=0.0129
REGINN:CGLS::k=10: rdisc=0.930, norm=0.0138
REGINN:CGLS::k=11: rdisc=0.926, norm=0.0160
REGINN:CGLS::k=12: rdisc=0.925, norm=0.0168
REGINN:CGLS::k=13: rdisc=0.922, norm=0.0186
REGINN:CGLS::k=14: rdisc=0.919, norm=0.0210
REGINN:CGLS::Safeguarding: λ=0.516 ⇒ rdisc=0.920
REGINN:CGLS::Target discrepancy reached after 14 iterations.
REGINN::i=42: rdisc=0.00312, rnorm=0.771, rerr=0.647
REGINN::-0.352 ≤ estimate ≤ 0.703
REGINN::
REGINN::Solving linear problem using rtol=0.873 and max_iter=68
REGINN:CGLS::k=0 : rdisc=1.00, norm=0.00
REGINN:CGLS::k=1 : rdisc=0.999, norm=0.000412
REGINN:CGLS::k=2 : rdisc=0.998, norm=0.000994
REGINN:CGLS::k=3 : rdisc=0.996, norm=0.00190
REGINN:CGLS::k=4 : rdisc=0.996, norm=0.00246
REGINN:CGLS::k=5 : rdisc=0.995, norm=0.00312
REGINN:CGLS::k=6 : rdisc=0.994, norm=0.00373
REGINN:CGLS::k=7 : rdisc=0.993, norm=0.00511
REGINN:CGLS::k=8 : rdisc=0.991, norm=0.00751
REGINN:CGLS::k=9 : rdisc=0.989, norm=0.00986
REGINN:CGLS::k=10: rdisc=0.988, norm=0.0118
REGINN:CGLS::k=11: rdisc=0.985, norm=0.0155
REGINN:CGLS::k=12: rdisc=0.983, norm=0.0195
REGINN:CGLS::k=13: rdisc=0.981, norm=0.0221
REGINN:CGLS::k=14: rdisc=0.980, norm=0.0241
REGINN:CGLS::k=15: rdisc=0.979, norm=0.0253
REGINN:CGLS::k=16: rdisc=0.979, norm=0.0264
REGINN:CGLS::k=17: rdisc=0.977, norm=0.0296
REGINN:CGLS::k=18: rdisc=0.976, norm=0.0311
REGINN:CGLS::k=19: rdisc=0.975, norm=0.0326
REGINN:CGLS::k=20: rdisc=0.974, norm=0.0341
REGINN:CGLS::k=21: rdisc=0.973, norm=0.0356
REGINN:CGLS::k=22: rdisc=0.973, norm=0.0363
REGINN:CGLS::k=23: rdisc=0.972, norm=0.0384
REGINN:CGLS::k=24: rdisc=0.971, norm=0.0410
REGINN:CGLS::k=25: rdisc=0.970, norm=0.0434
REGINN:CGLS::k=26: rdisc=0.969, norm=0.0450
REGINN:CGLS::k=27: rdisc=0.968, norm=0.0467
REGINN:CGLS::k=28: rdisc=0.967, norm=0.0480
REGINN:CGLS::k=29: rdisc=0.967, norm=0.0499
REGINN:CGLS::k=30: rdisc=0.966, norm=0.0513
REGINN:CGLS::k=31: rdisc=0.964, norm=0.0547
REGINN:CGLS::k=32: rdisc=0.964, norm=0.0563
REGINN:CGLS::k=33: rdisc=0.963, norm=0.0580
REGINN:CGLS::k=34: rdisc=0.963, norm=0.0590
REGINN:CGLS::k=35: rdisc=0.962, norm=0.0607
REGINN:CGLS::k=36: rdisc=0.961, norm=0.0633
REGINN:CGLS::k=37: rdisc=0.959, norm=0.0687
REGINN:CGLS::k=38: rdisc=0.957, norm=0.0733
REGINN:CGLS::k=39: rdisc=0.957, norm=0.0746
REGINN:CGLS::k=40: rdisc=0.956, norm=0.0781
REGINN:CGLS::k=41: rdisc=0.955, norm=0.0802
REGINN:CGLS::k=42: rdisc=0.952, norm=0.0888
REGINN:CGLS::k=43: rdisc=0.950, norm=0.0951
REGINN:CGLS::k=44: rdisc=0.948, norm=0.101
REGINN:CGLS::k=45: rdisc=0.947, norm=0.104
REGINN:CGLS::k=46: rdisc=0.945, norm=0.111
REGINN:CGLS::k=47: rdisc=0.942, norm=0.118
REGINN:CGLS::k=48: rdisc=0.940, norm=0.128
REGINN:CGLS::k=49: rdisc=0.938, norm=0.134
REGINN:CGLS::k=50: rdisc=0.935, norm=0.142
REGINN:CGLS::k=51: rdisc=0.934, norm=0.145
REGINN:CGLS::k=52: rdisc=0.931, norm=0.157
REGINN:CGLS::k=53: rdisc=0.930, norm=0.161
REGINN:CGLS::k=54: rdisc=0.926, norm=0.171
REGINN:CGLS::k=55: rdisc=0.924, norm=0.180
REGINN:CGLS::k=56: rdisc=0.922, norm=0.187
REGINN:CGLS::k=57: rdisc=0.919, norm=0.197
REGINN:CGLS::k=58: rdisc=0.917, norm=0.203
REGINN:CGLS::k=59: rdisc=0.913, norm=0.215
REGINN:CGLS::k=60: rdisc=0.908, norm=0.232
REGINN:CGLS::k=61: rdisc=0.903, norm=0.250
REGINN:CGLS::k=62: rdisc=0.901, norm=0.256
REGINN:CGLS::k=63: rdisc=0.895, norm=0.279
REGINN:CGLS::k=64: rdisc=0.890, norm=0.295
REGINN:CGLS::k=65: rdisc=0.887, norm=0.304
REGINN:CGLS::k=66: rdisc=0.883, norm=0.317
REGINN:CGLS::k=67: rdisc=0.881, norm=0.325
REGINN:CGLS::k=68: rdisc=0.878, norm=0.336
REGINN:CGLS::Unsuccessful termination after 68 iterations!
REGINN::Linear solver did not achieve desired discrepancy due to max_iter.
REGINN::i=43: rdisc=0.00300, rnorm=0.777, rerr=0.642
REGINN::-0.377 ≤ estimate ≤ 0.754
REGINN::
REGINN::Solving linear problem using rtol=0.973 and max_iter=82
REGINN:CGLS::k=0 : rdisc=1.00, norm=0.00
REGINN:CGLS::k=1 : rdisc=0.976, norm=0.00173
REGINN:CGLS::k=2 : rdisc=0.960, norm=0.00315
REGINN:CGLS::Safeguarding: λ=0.909 ⇒ rdisc=0.973
REGINN:CGLS::Target discrepancy reached after 2 iterations.
REGINN::i=44: rdisc=0.00293, rnorm=0.777, rerr=0.642
REGINN::-0.377 ≤ estimate ≤ 0.754
REGINN::
REGINN::Solving linear problem using rtol=0.923 and max_iter=70
REGINN:CGLS::k=0 : rdisc=1.00, norm=0.00
REGINN:CGLS::k=1 : rdisc=0.989, norm=0.00115
REGINN:CGLS::k=2 : rdisc=0.972, norm=0.00327
REGINN:CGLS::k=3 : rdisc=0.956, norm=0.00545
REGINN:CGLS::k=4 : rdisc=0.944, norm=0.00751
REGINN:CGLS::k=5 : rdisc=0.935, norm=0.00964
REGINN:CGLS::k=6 : rdisc=0.929, norm=0.0111
REGINN:CGLS::k=7 : rdisc=0.924, norm=0.0127
REGINN:CGLS::k=8 : rdisc=0.919, norm=0.0141
REGINN:CGLS::Safeguarding: λ=0.975 ⇒ rdisc=0.923
REGINN:CGLS::Target discrepancy reached after 8 iterations.
REGINN::i=45: rdisc=0.00270, rnorm=0.777, rerr=0.642
REGINN::-0.377 ≤ estimate ≤ 0.755
REGINN::
REGINN::Solving linear problem using rtol=0.876 and max_iter=10
REGINN:CGLS::k=0 : rdisc=1.00, norm=0.00
REGINN:CGLS::k=1 : rdisc=0.998, norm=0.000427
REGINN:CGLS::k=2 : rdisc=0.996, norm=0.000842
REGINN:CGLS::k=3 : rdisc=0.994, norm=0.00158
REGINN:CGLS::k=4 : rdisc=0.993, norm=0.00240
REGINN:CGLS::k=5 : rdisc=0.988, norm=0.00507
REGINN:CGLS::k=6 : rdisc=0.983, norm=0.00762
REGINN:CGLS::k=7 : rdisc=0.978, norm=0.0107
REGINN:CGLS::k=8 : rdisc=0.976, norm=0.0126
REGINN:CGLS::k=9 : rdisc=0.974, norm=0.0134
REGINN:CGLS::k=10: rdisc=0.972, norm=0.0152
REGINN:CGLS::Unsuccessful termination after 10 iterations!
REGINN::Linear solver did not achieve desired discrepancy due to max_iter.
REGINN::i=46: rdisc=0.00263, rnorm=0.777, rerr=0.642
REGINN::-0.378 ≤ estimate ≤ 0.756
REGINN::
REGINN::Solving linear problem using rtol=0.900 and max_iter=18
REGINN:CGLS::k=0 : rdisc=1.00, norm=0.00
REGINN:CGLS::k=1 : rdisc=0.997, norm=0.000574
REGINN:CGLS::k=2 : rdisc=0.996, norm=0.000678
REGINN:CGLS::k=3 : rdisc=0.996, norm=0.000845
REGINN:CGLS::k=4 : rdisc=0.995, norm=0.00129
REGINN:CGLS::k=5 : rdisc=0.993, norm=0.00269
REGINN:CGLS::k=6 : rdisc=0.992, norm=0.00431
REGINN:CGLS::k=7 : rdisc=0.990, norm=0.00615
REGINN:CGLS::k=8 : rdisc=0.987, norm=0.00884
REGINN:CGLS::k=9 : rdisc=0.987, norm=0.00931
REGINN:CGLS::k=10: rdisc=0.986, norm=0.0103
REGINN:CGLS::k=11: rdisc=0.984, norm=0.0123
REGINN:CGLS::k=12: rdisc=0.981, norm=0.0166
REGINN:CGLS::k=13: rdisc=0.979, norm=0.0191
REGINN:CGLS::k=14: rdisc=0.975, norm=0.0233
REGINN:CGLS::k=15: rdisc=0.972, norm=0.0273
REGINN:CGLS::k=16: rdisc=0.972, norm=0.0280
REGINN:CGLS::k=17: rdisc=0.970, norm=0.0304
REGINN:CGLS::k=18: rdisc=0.968, norm=0.0330
REGINN:CGLS::Unsuccessful termination after 18 iterations!
REGINN::Linear solver did not achieve desired discrepancy due to max_iter.
REGINN::i=47: rdisc=0.00257, rnorm=0.777, rerr=0.642
REGINN::-0.381 ≤ estimate ≤ 0.763
REGINN::
REGINN::Solving linear problem using rtol=0.944 and max_iter=28
REGINN:CGLS::k=0 : rdisc=1.00, norm=0.00
REGINN:CGLS::k=1 : rdisc=0.996, norm=0.000381
REGINN:CGLS::k=2 : rdisc=0.993, norm=0.000968
REGINN:CGLS::k=3 : rdisc=0.992, norm=0.00122
REGINN:CGLS::k=4 : rdisc=0.991, norm=0.00164
REGINN:CGLS::k=5 : rdisc=0.990, norm=0.00190
REGINN:CGLS::k=6 : rdisc=0.990, norm=0.00219
REGINN:CGLS::k=7 : rdisc=0.989, norm=0.00235
REGINN:CGLS::k=8 : rdisc=0.989, norm=0.00270
REGINN:CGLS::k=9 : rdisc=0.988, norm=0.00327
REGINN:CGLS::k=10: rdisc=0.988, norm=0.00362
REGINN:CGLS::k=11: rdisc=0.988, norm=0.00431
REGINN:CGLS::k=12: rdisc=0.987, norm=0.00496
REGINN:CGLS::k=13: rdisc=0.987, norm=0.00529
REGINN:CGLS::k=14: rdisc=0.986, norm=0.00637
REGINN:CGLS::k=15: rdisc=0.986, norm=0.00763
REGINN:CGLS::k=16: rdisc=0.985, norm=0.00862
REGINN:CGLS::k=17: rdisc=0.985, norm=0.0104
REGINN:CGLS::k=18: rdisc=0.984, norm=0.0112
REGINN:CGLS::k=19: rdisc=0.984, norm=0.0127
REGINN:CGLS::k=20: rdisc=0.983, norm=0.0137
REGINN:CGLS::k=21: rdisc=0.982, norm=0.0172
REGINN:CGLS::k=22: rdisc=0.981, norm=0.0195
REGINN:CGLS::k=23: rdisc=0.980, norm=0.0217
REGINN:CGLS::k=24: rdisc=0.979, norm=0.0231
REGINN:CGLS::k=25: rdisc=0.979, norm=0.0251
REGINN:CGLS::k=26: rdisc=0.978, norm=0.0279
REGINN:CGLS::k=27: rdisc=0.977, norm=0.0297
REGINN:CGLS::k=28: rdisc=0.976, norm=0.0330
REGINN:CGLS::Unsuccessful termination after 28 iterations!
REGINN::Linear solver did not achieve desired discrepancy due to max_iter.
REGINN::i=48: rdisc=0.00251, rnorm=0.778, rerr=0.641
REGINN::-0.388 ≤ estimate ≤ 0.775
REGINN::
REGINN::Solving linear problem using rtol=0.963 and max_iter=46
REGINN:CGLS::k=0 : rdisc=1.00, norm=0.00
REGINN:CGLS::k=1 : rdisc=0.998, norm=0.000467
REGINN:CGLS::k=2 : rdisc=0.997, norm=0.000767
REGINN:CGLS::k=3 : rdisc=0.997, norm=0.00100
REGINN:CGLS::k=4 : rdisc=0.997, norm=0.00118
REGINN:CGLS::k=5 : rdisc=0.996, norm=0.00176
REGINN:CGLS::k=6 : rdisc=0.995, norm=0.00212
REGINN:CGLS::k=7 : rdisc=0.995, norm=0.00301
REGINN:CGLS::k=8 : rdisc=0.994, norm=0.00344
REGINN:CGLS::k=9 : rdisc=0.994, norm=0.00407
REGINN:CGLS::k=10: rdisc=0.994, norm=0.00428
REGINN:CGLS::k=11: rdisc=0.993, norm=0.00508
REGINN:CGLS::k=12: rdisc=0.993, norm=0.00589
REGINN:CGLS::k=13: rdisc=0.992, norm=0.00663
REGINN:CGLS::k=14: rdisc=0.992, norm=0.00725
REGINN:CGLS::k=15: rdisc=0.991, norm=0.00819
REGINN:CGLS::k=16: rdisc=0.991, norm=0.00971
REGINN:CGLS::k=17: rdisc=0.990, norm=0.0103
REGINN:CGLS::k=18: rdisc=0.990, norm=0.0116
REGINN:CGLS::k=19: rdisc=0.989, norm=0.0123
REGINN:CGLS::k=20: rdisc=0.989, norm=0.0131
REGINN:CGLS::k=21: rdisc=0.989, norm=0.0142
REGINN:CGLS::k=22: rdisc=0.988, norm=0.0148
REGINN:CGLS::k=23: rdisc=0.988, norm=0.0155
REGINN:CGLS::k=24: rdisc=0.988, norm=0.0164
REGINN:CGLS::k=25: rdisc=0.987, norm=0.0176
REGINN:CGLS::k=26: rdisc=0.987, norm=0.0189
REGINN:CGLS::k=27: rdisc=0.986, norm=0.0203
REGINN:CGLS::k=28: rdisc=0.986, norm=0.0216
REGINN:CGLS::k=29: rdisc=0.986, norm=0.0225
REGINN:CGLS::k=30: rdisc=0.984, norm=0.0266
REGINN:CGLS::k=31: rdisc=0.983, norm=0.0306
REGINN:CGLS::k=32: rdisc=0.982, norm=0.0353
REGINN:CGLS::k=33: rdisc=0.981, norm=0.0388
REGINN:CGLS::k=34: rdisc=0.980, norm=0.0420
REGINN:CGLS::k=35: rdisc=0.978, norm=0.0485
REGINN:CGLS::k=36: rdisc=0.976, norm=0.0539
REGINN:CGLS::k=37: rdisc=0.974, norm=0.0606
REGINN:CGLS::k=38: rdisc=0.973, norm=0.0668
REGINN:CGLS::k=39: rdisc=0.970, norm=0.0758
REGINN:CGLS::k=40: rdisc=0.969, norm=0.0797
REGINN:CGLS::k=41: rdisc=0.965, norm=0.0924
REGINN:CGLS::k=42: rdisc=0.962, norm=0.105
REGINN:CGLS::Safeguarding: λ=0.531 ⇒ rdisc=0.963
REGINN:CGLS::Target discrepancy reached after 42 iterations.
REGINN::i=49: rdisc=0.00244, rnorm=0.779, rerr=0.640
REGINN::-0.403 ≤ estimate ≤ 0.807
REGINN::
REGINN::Solving linear problem using rtol=0.974 and max_iter=70
REGINN:CGLS::k=0 : rdisc=1.00, norm=0.00
REGINN:CGLS::k=1 : rdisc=0.995, norm=0.000626
REGINN:CGLS::k=2 : rdisc=0.991, norm=0.00112
REGINN:CGLS::k=3 : rdisc=0.988, norm=0.00160
REGINN:CGLS::k=4 : rdisc=0.986, norm=0.00211
REGINN:CGLS::k=5 : rdisc=0.983, norm=0.00345
REGINN:CGLS::k=6 : rdisc=0.981, norm=0.00406
REGINN:CGLS::k=7 : rdisc=0.980, norm=0.00490
REGINN:CGLS::k=8 : rdisc=0.979, norm=0.00528
REGINN:CGLS::k=9 : rdisc=0.978, norm=0.00608
REGINN:CGLS::k=10: rdisc=0.977, norm=0.00665
REGINN:CGLS::k=11: rdisc=0.976, norm=0.00726
REGINN:CGLS::k=12: rdisc=0.975, norm=0.00808
REGINN:CGLS::k=13: rdisc=0.975, norm=0.00832
REGINN:CGLS::k=14: rdisc=0.974, norm=0.00936
REGINN:CGLS::Safeguarding: λ=0.473 ⇒ rdisc=0.974
REGINN:CGLS::Target discrepancy reached after 14 iterations.
REGINN::Saving current residual in ./step-0050/
REGINN::Saving current estimate in ./step-0050/
REGINN::i=50: rdisc=0.00237, rnorm=0.779, rerr=0.640
REGINN::-0.403 ≤ estimate ≤ 0.807
REGINN::
REGINN::Solving linear problem using rtol=0.925 and max_iter=56
REGINN:CGLS::k=0 : rdisc=1.00, norm=0.00
REGINN:CGLS::k=1 : rdisc=0.999, norm=0.000186
REGINN:CGLS::k=2 : rdisc=0.999, norm=0.000259
REGINN:CGLS::k=3 : rdisc=0.999, norm=0.000397
REGINN:CGLS::k=4 : rdisc=0.999, norm=0.000633
REGINN:CGLS::k=5 : rdisc=0.998, norm=0.00104
REGINN:CGLS::k=6 : rdisc=0.998, norm=0.00151
REGINN:CGLS::k=7 : rdisc=0.998, norm=0.00206
REGINN:CGLS::k=8 : rdisc=0.997, norm=0.00255
REGINN:CGLS::k=9 : rdisc=0.997, norm=0.00410
REGINN:CGLS::k=10: rdisc=0.996, norm=0.00545
REGINN:CGLS::k=11: rdisc=0.995, norm=0.00700
REGINN:CGLS::k=12: rdisc=0.995, norm=0.00849
REGINN:CGLS::k=13: rdisc=0.994, norm=0.00904
REGINN:CGLS::k=14: rdisc=0.994, norm=0.0105
REGINN:CGLS::k=15: rdisc=0.993, norm=0.0113
REGINN:CGLS::k=16: rdisc=0.993, norm=0.0119
REGINN:CGLS::k=17: rdisc=0.993, norm=0.0130
REGINN:CGLS::k=18: rdisc=0.992, norm=0.0141
REGINN:CGLS::k=19: rdisc=0.992, norm=0.0147
REGINN:CGLS::k=20: rdisc=0.991, norm=0.0162
REGINN:CGLS::k=21: rdisc=0.991, norm=0.0171
REGINN:CGLS::k=22: rdisc=0.991, norm=0.0178
REGINN:CGLS::k=23: rdisc=0.990, norm=0.0200
REGINN:CGLS::k=24: rdisc=0.989, norm=0.0217
REGINN:CGLS::k=25: rdisc=0.989, norm=0.0236
REGINN:CGLS::k=26: rdisc=0.988, norm=0.0257
REGINN:CGLS::k=27: rdisc=0.987, norm=0.0280
REGINN:CGLS::k=28: rdisc=0.987, norm=0.0286
REGINN:CGLS::k=29: rdisc=0.986, norm=0.0307
REGINN:CGLS::k=30: rdisc=0.985, norm=0.0336
REGINN:CGLS::k=31: rdisc=0.984, norm=0.0362
REGINN:CGLS::k=32: rdisc=0.984, norm=0.0388
REGINN:CGLS::k=33: rdisc=0.983, norm=0.0409
REGINN:CGLS::k=34: rdisc=0.983, norm=0.0422
REGINN:CGLS::k=35: rdisc=0.981, norm=0.0455
REGINN:CGLS::k=36: rdisc=0.981, norm=0.0486
REGINN:CGLS::k=37: rdisc=0.980, norm=0.0513
REGINN:CGLS::k=38: rdisc=0.978, norm=0.0565
REGINN:CGLS::k=39: rdisc=0.977, norm=0.0618
REGINN:CGLS::k=40: rdisc=0.976, norm=0.0646
REGINN:CGLS::k=41: rdisc=0.974, norm=0.0697
REGINN:CGLS::k=42: rdisc=0.972, norm=0.0771
REGINN:CGLS::k=43: rdisc=0.969, norm=0.0884
REGINN:CGLS::k=44: rdisc=0.966, norm=0.0996
REGINN:CGLS::k=45: rdisc=0.963, norm=0.109
REGINN:CGLS::k=46: rdisc=0.962, norm=0.112
REGINN:CGLS::k=47: rdisc=0.959, norm=0.124
REGINN:CGLS::k=48: rdisc=0.956, norm=0.134
REGINN:CGLS::k=49: rdisc=0.952, norm=0.148
REGINN:CGLS::k=50: rdisc=0.949, norm=0.157
REGINN:CGLS::k=51: rdisc=0.948, norm=0.161
REGINN:CGLS::k=52: rdisc=0.947, norm=0.167
REGINN:CGLS::k=53: rdisc=0.943, norm=0.179
REGINN:CGLS::k=54: rdisc=0.941, norm=0.186
REGINN:CGLS::k=55: rdisc=0.939, norm=0.193
REGINN:CGLS::k=56: rdisc=0.937, norm=0.201
REGINN:CGLS::Unsuccessful termination after 56 iterations!
REGINN::Linear solver did not achieve desired discrepancy due to max_iter.
REGINN::i=51: rdisc=0.00230, rnorm=0.783, rerr=0.637
REGINN::-0.411 ≤ estimate ≤ 0.823
REGINN::
REGINN::Solving linear problem using rtol=0.980 and max_iter=70
REGINN:CGLS::k=0 : rdisc=1.00, norm=0.00
REGINN:CGLS::k=1 : rdisc=0.988, norm=0.000840
REGINN:CGLS::k=2 : rdisc=0.976, norm=0.00193
REGINN:CGLS::Safeguarding: λ=0.592 ⇒ rdisc=0.980
REGINN:CGLS::Target discrepancy reached after 2 iterations.
REGINN::i=52: rdisc=0.00226, rnorm=0.783, rerr=0.637
REGINN::-0.411 ≤ estimate ≤ 0.823
REGINN::
REGINN::Solving linear problem using rtol=0.930 and max_iter=58
REGINN:CGLS::k=0 : rdisc=1.00, norm=0.00
REGINN:CGLS::k=1 : rdisc=0.995, norm=0.000594
REGINN:CGLS::k=2 : rdisc=0.982, norm=0.00223
REGINN:CGLS::k=3 : rdisc=0.978, norm=0.00289
REGINN:CGLS::k=4 : rdisc=0.973, norm=0.00401
REGINN:CGLS::k=5 : rdisc=0.970, norm=0.00466
REGINN:CGLS::k=6 : rdisc=0.967, norm=0.00560
REGINN:CGLS::k=7 : rdisc=0.963, norm=0.00685
REGINN:CGLS::k=8 : rdisc=0.962, norm=0.00723
REGINN:CGLS::k=9 : rdisc=0.960, norm=0.00797
REGINN:CGLS::k=10: rdisc=0.958, norm=0.00879
REGINN:CGLS::k=11: rdisc=0.957, norm=0.00950
REGINN:CGLS::k=12: rdisc=0.955, norm=0.0103
REGINN:CGLS::k=13: rdisc=0.954, norm=0.0111
REGINN:CGLS::k=14: rdisc=0.954, norm=0.0114
REGINN:CGLS::k=15: rdisc=0.952, norm=0.0130
REGINN:CGLS::k=16: rdisc=0.951, norm=0.0137
REGINN:CGLS::k=17: rdisc=0.950, norm=0.0146
REGINN:CGLS::k=18: rdisc=0.948, norm=0.0159
REGINN:CGLS::k=19: rdisc=0.947, norm=0.0168
REGINN:CGLS::k=20: rdisc=0.947, norm=0.0173
REGINN:CGLS::k=21: rdisc=0.946, norm=0.0182
REGINN:CGLS::k=22: rdisc=0.945, norm=0.0193
REGINN:CGLS::k=23: rdisc=0.944, norm=0.0204
REGINN:CGLS::k=24: rdisc=0.943, norm=0.0218
REGINN:CGLS::k=25: rdisc=0.942, norm=0.0226
REGINN:CGLS::k=26: rdisc=0.942, norm=0.0231
REGINN:CGLS::k=27: rdisc=0.941, norm=0.0241
REGINN:CGLS::k=28: rdisc=0.941, norm=0.0250
REGINN:CGLS::k=29: rdisc=0.940, norm=0.0263
REGINN:CGLS::k=30: rdisc=0.939, norm=0.0272
REGINN:CGLS::k=31: rdisc=0.939, norm=0.0275
REGINN:CGLS::k=32: rdisc=0.938, norm=0.0285
REGINN:CGLS::k=33: rdisc=0.937, norm=0.0298
REGINN:CGLS::k=34: rdisc=0.937, norm=0.0306
REGINN:CGLS::k=35: rdisc=0.936, norm=0.0313
REGINN:CGLS::k=36: rdisc=0.936, norm=0.0318
REGINN:CGLS::k=37: rdisc=0.936, norm=0.0328
REGINN:CGLS::k=38: rdisc=0.935, norm=0.0339
REGINN:CGLS::k=39: rdisc=0.934, norm=0.0347
REGINN:CGLS::k=40: rdisc=0.934, norm=0.0358
REGINN:CGLS::k=41: rdisc=0.934, norm=0.0363
REGINN:CGLS::k=42: rdisc=0.934, norm=0.0366
REGINN:CGLS::k=43: rdisc=0.933, norm=0.0374
REGINN:CGLS::k=44: rdisc=0.933, norm=0.0381
REGINN:CGLS::k=45: rdisc=0.932, norm=0.0396
REGINN:CGLS::k=46: rdisc=0.932, norm=0.0405
REGINN:CGLS::k=47: rdisc=0.931, norm=0.0408
REGINN:CGLS::k=48: rdisc=0.931, norm=0.0417
REGINN:CGLS::k=49: rdisc=0.931, norm=0.0428
REGINN:CGLS::k=50: rdisc=0.930, norm=0.0439
REGINN:CGLS::Safeguarding: λ=0.470 ⇒ rdisc=0.930
REGINN:CGLS::Target discrepancy reached after 50 iterations.
REGINN::i=53: rdisc=0.00212, rnorm=0.783, rerr=0.637
REGINN::-0.418 ≤ estimate ≤ 0.836
REGINN::
REGINN::Solving linear problem using rtol=0.943 and max_iter=52
REGINN:CGLS::k=0 : rdisc=1.00, norm=0.00
REGINN:CGLS::k=1 : rdisc=0.997, norm=0.000346
REGINN:CGLS::k=2 : rdisc=0.994, norm=0.000658
REGINN:CGLS::k=3 : rdisc=0.993, norm=0.00101
REGINN:CGLS::k=4 : rdisc=0.992, norm=0.00139
REGINN:CGLS::k=5 : rdisc=0.991, norm=0.00183
REGINN:CGLS::k=6 : rdisc=0.990, norm=0.00215
REGINN:CGLS::k=7 : rdisc=0.989, norm=0.00251
REGINN:CGLS::k=8 : rdisc=0.989, norm=0.00275
REGINN:CGLS::k=9 : rdisc=0.989, norm=0.00307
REGINN:CGLS::k=10: rdisc=0.988, norm=0.00329
REGINN:CGLS::k=11: rdisc=0.988, norm=0.00364
REGINN:CGLS::k=12: rdisc=0.988, norm=0.00397
REGINN:CGLS::k=13: rdisc=0.988, norm=0.00408
REGINN:CGLS::k=14: rdisc=0.987, norm=0.00458
REGINN:CGLS::k=15: rdisc=0.987, norm=0.00492
REGINN:CGLS::k=16: rdisc=0.987, norm=0.00554
REGINN:CGLS::k=17: rdisc=0.986, norm=0.00640
REGINN:CGLS::k=18: rdisc=0.986, norm=0.00690
REGINN:CGLS::k=19: rdisc=0.986, norm=0.00721
REGINN:CGLS::k=20: rdisc=0.985, norm=0.00811
REGINN:CGLS::k=21: rdisc=0.985, norm=0.00879
REGINN:CGLS::k=22: rdisc=0.985, norm=0.00985
REGINN:CGLS::k=23: rdisc=0.984, norm=0.0105
REGINN:CGLS::k=24: rdisc=0.984, norm=0.0111
REGINN:CGLS::k=25: rdisc=0.984, norm=0.0119
REGINN:CGLS::k=26: rdisc=0.983, norm=0.0126
REGINN:CGLS::k=27: rdisc=0.983, norm=0.0137
REGINN:CGLS::k=28: rdisc=0.983, norm=0.0150
REGINN:CGLS::k=29: rdisc=0.982, norm=0.0162
REGINN:CGLS::k=30: rdisc=0.982, norm=0.0169
REGINN:CGLS::k=31: rdisc=0.981, norm=0.0195
REGINN:CGLS::k=32: rdisc=0.980, norm=0.0213
REGINN:CGLS::k=33: rdisc=0.980, norm=0.0242
REGINN:CGLS::k=34: rdisc=0.979, norm=0.0259
REGINN:CGLS::k=35: rdisc=0.978, norm=0.0276
REGINN:CGLS::k=36: rdisc=0.978, norm=0.0287
REGINN:CGLS::k=37: rdisc=0.977, norm=0.0317
REGINN:CGLS::k=38: rdisc=0.976, norm=0.0344
REGINN:CGLS::k=39: rdisc=0.976, norm=0.0368
REGINN:CGLS::k=40: rdisc=0.975, norm=0.0398
REGINN:CGLS::k=41: rdisc=0.974, norm=0.0407
REGINN:CGLS::k=42: rdisc=0.973, norm=0.0444
REGINN:CGLS::k=43: rdisc=0.973, norm=0.0469
REGINN:CGLS::k=44: rdisc=0.972, norm=0.0503
REGINN:CGLS::k=45: rdisc=0.971, norm=0.0536
REGINN:CGLS::k=46: rdisc=0.970, norm=0.0570
REGINN:CGLS::k=47: rdisc=0.969, norm=0.0584
REGINN:CGLS::k=48: rdisc=0.968, norm=0.0617
REGINN:CGLS::k=49: rdisc=0.967, norm=0.0652
REGINN:CGLS::k=50: rdisc=0.967, norm=0.0681
REGINN:CGLS::k=51: rdisc=0.966, norm=0.0715
REGINN:CGLS::k=52: rdisc=0.964, norm=0.0775
REGINN:CGLS::Unsuccessful termination after 52 iterations!
REGINN::Linear solver did not achieve desired discrepancy due to max_iter.
REGINN::i=54: rdisc=0.00208, rnorm=0.785, rerr=0.636
REGINN::-0.425 ≤ estimate ≤ 0.850
REGINN::
REGINN::Solving linear problem using rtol=0.959 and max_iter=102
REGINN:CGLS::k=0 : rdisc=1.00, norm=0.00
REGINN:CGLS::k=1 : rdisc=0.993, norm=0.000780
REGINN:CGLS::k=2 : rdisc=0.988, norm=0.00137
REGINN:CGLS::k=3 : rdisc=0.985, norm=0.00173
REGINN:CGLS::k=4 : rdisc=0.983, norm=0.00222
REGINN:CGLS::k=5 : rdisc=0.980, norm=0.00287
REGINN:CGLS::k=6 : rdisc=0.979, norm=0.00349
REGINN:CGLS::k=7 : rdisc=0.978, norm=0.00398
REGINN:CGLS::k=8 : rdisc=0.977, norm=0.00420
REGINN:CGLS::k=9 : rdisc=0.976, norm=0.00459
REGINN:CGLS::k=10: rdisc=0.975, norm=0.00523
REGINN:CGLS::k=11: rdisc=0.975, norm=0.00558
REGINN:CGLS::k=12: rdisc=0.974, norm=0.00619
REGINN:CGLS::k=13: rdisc=0.973, norm=0.00696
REGINN:CGLS::k=14: rdisc=0.972, norm=0.00754
REGINN:CGLS::k=15: rdisc=0.972, norm=0.00800
REGINN:CGLS::k=16: rdisc=0.971, norm=0.00868
REGINN:CGLS::k=17: rdisc=0.970, norm=0.00985
REGINN:CGLS::k=18: rdisc=0.969, norm=0.0108
REGINN:CGLS::k=19: rdisc=0.969, norm=0.0117
REGINN:CGLS::k=20: rdisc=0.968, norm=0.0124
REGINN:CGLS::k=21: rdisc=0.967, norm=0.0137
REGINN:CGLS::k=22: rdisc=0.967, norm=0.0143
REGINN:CGLS::k=23: rdisc=0.966, norm=0.0150
REGINN:CGLS::k=24: rdisc=0.966, norm=0.0157
REGINN:CGLS::k=25: rdisc=0.965, norm=0.0161
REGINN:CGLS::k=26: rdisc=0.965, norm=0.0166
REGINN:CGLS::k=27: rdisc=0.965, norm=0.0172
REGINN:CGLS::k=28: rdisc=0.964, norm=0.0181
REGINN:CGLS::k=29: rdisc=0.964, norm=0.0189
REGINN:CGLS::k=30: rdisc=0.963, norm=0.0202
REGINN:CGLS::k=31: rdisc=0.963, norm=0.0210
REGINN:CGLS::k=32: rdisc=0.962, norm=0.0218
REGINN:CGLS::k=33: rdisc=0.962, norm=0.0226
REGINN:CGLS::k=34: rdisc=0.961, norm=0.0238
REGINN:CGLS::k=35: rdisc=0.961, norm=0.0246
REGINN:CGLS::k=36: rdisc=0.960, norm=0.0253
REGINN:CGLS::k=37: rdisc=0.960, norm=0.0259
REGINN:CGLS::k=38: rdisc=0.960, norm=0.0264
REGINN:CGLS::k=39: rdisc=0.960, norm=0.0268
REGINN:CGLS::k=40: rdisc=0.959, norm=0.0273
REGINN:CGLS::k=41: rdisc=0.959, norm=0.0282
REGINN:CGLS::Safeguarding: λ=0.395 ⇒ rdisc=0.959
REGINN:CGLS::Target discrepancy reached after 41 iterations.
REGINN::i=55: rdisc=0.00201, rnorm=0.785, rerr=0.635
REGINN::-0.425 ≤ estimate ≤ 0.851
REGINN::
REGINN::Solving linear problem using rtol=0.996 and max_iter=93
REGINN:CGLS::k=0 : rdisc=1.00, norm=0.00
REGINN:CGLS::k=1 : rdisc=0.997, norm=0.000451
REGINN:CGLS::k=2 : rdisc=0.996, norm=0.000617
REGINN:CGLS::Safeguarding: λ=0.428 ⇒ rdisc=0.996
REGINN:CGLS::Target discrepancy reached after 2 iterations.
REGINN::i=56: rdisc=0.00200, rnorm=0.785, rerr=0.635
REGINN::-0.425 ≤ estimate ≤ 0.851
REGINN::
REGINN::Saving current residual in ./step-0056/
REGINN::Saving current estimate in ./step-0056/
REGINN::Target discrepancy reached after 56 iterations.
REGINN::-0.425 ≤ estimate ≤ 0.851
Relative error of the reconstruction: 0.217
stats::forward              : 58 calls, average 0.403 s per call
stats::linearization forward: 968 calls, average 0.380 s per call
stats::linearization adjoint: 968 calls, average 0.438 s per call
stats::measure forward      : 1026 calls, average 0.000182 s per call
stats::measure adjoint      : 968 calls, average 0.000209 s per call
stats::total wall time      : 15min 16s
