JobId arch-vm0 Mon Feb 26 14:19:12 2018
wavepi 1ea872c3
Release-Build, compiled on 2018-02-23T12:31:51Z from commit 1ea872c33a71efe2cbf2ea88da2d59999d0ca907 ("CubeBoundary") on branch master

initialize_mesh::Number of active cells: 4096
initialize_mesh::Number of degrees of freedom in the first spatial mesh: 4225
initialize_mesh::cell diameters: minimal = 0.177, maximal = 0.177
initialize_mesh::dt: 0.0235
initialize_mesh::expected size of a DiscretizedFunction<dim>: 8.25 MiB
parameters:LogTransform::lower bound: 0.0
parameters:WaveEquation::theta: 0.5
parameters:WaveEquation::tol: 1e-8
parameters:constraints::lower bound: 0.1
parameters:constraints::upper bound: 1e300
parameters:general::dimension: 2
parameters:general::finite element degree: 1
parameters:general::quadrature order: 3
parameters:inversion::method: REGINN
parameters:inversion::tau: 2
parameters:log::console depth: 2
parameters:log::file: wavepi.log
parameters:log::file depth: 4
parameters:mesh::end time: 6
parameters:mesh::initial refines: 6
parameters:mesh::initial time steps: 256
parameters:output::data: true
parameters:output::destination: ./step-{{i}}/
parameters:output::discrepancy decrease: 0.5
parameters:output::estimate: true
parameters:output::estimate transformed: false
parameters:output::exact: true
parameters:output::exact transformed: false
parameters:output::interval: 50
parameters:output::last: true
parameters:output::residual: true
parameters:output::statistics: history
parameters:problem::H1L2 alpha: 0.5
parameters:problem::H2L2 alpha: 0.5
parameters:problem::H2L2 beta: 0.25
parameters:problem::constants: 
parameters:problem::epsilon: 1e-3
parameters:problem::initial guess: 1.0
parameters:problem::norm of codomain: L2L2
parameters:problem::norm of domain: H1L2
parameters:problem::parameter a: 1.0
parameters:problem::parameter c: 1.5
parameters:problem::parameter nu: 0.0
parameters:problem::parameter q: 0.0
parameters:problem::transform: Identity
parameters:problem::type: c
parameters:watchdog::discrepancy increasing: false
parameters:watchdog::discrepancy slope min values: 40
parameters:watchdog::discrepancy slope percentage: 0.25
parameters:watchdog::discrepancy slope threshold: 0.0
parameters:watchdog::discrepancy threshold: 10.0
parameters:watchdog::maximum iteration count: 0
REGINN::Saving exact parameter in ./step-0000/
REGINN::Saving data in ./step-0000/
REGINN::Saving current residual in ./step-0000/
REGINN::Saving current estimate in ./step-0000/
REGINN::i=0 : rdisc=1.21, rnorm=0.667, rerr=0.333
REGINN::1.00 ≤ estimate ≤ 1.00
REGINN::Solving linear problem using rtol=0.900 and max_iter=1
REGINN:CGLS::k=0 : rdisc=1.00, norm=0.00
REGINN:CGLS::k=1 : rdisc=0.760, norm=1.34
REGINN:CGLS::Safeguarding: λ=0.741 ⇒ rdisc=0.900
REGINN:CGLS::Target discrepancy reached after 1 iteration.
REGINN::i=1 : rdisc=1.08, rnorm=0.670, rerr=0.330
REGINN::0.930 ≤ estimate ≤ 1.26
REGINN::
REGINN::Solving linear problem using rtol=0.900 and max_iter=2
REGINN:CGLS::k=0 : rdisc=1.00, norm=0.00
REGINN:CGLS::k=1 : rdisc=0.752, norm=1.32
REGINN:CGLS::Safeguarding: λ=0.750 ⇒ rdisc=0.900
REGINN:CGLS::Target discrepancy reached after 1 iteration.
REGINN::i=2 : rdisc=0.970, rnorm=0.674, rerr=0.327
REGINN::0.925 ≤ estimate ≤ 1.51
REGINN::
REGINN::Solving linear problem using rtol=0.809 and max_iter=2
REGINN:CGLS::k=0 : rdisc=1.00, norm=0.00
REGINN:CGLS::k=1 : rdisc=0.745, norm=1.30
REGINN:CGLS::Safeguarding: λ=0.474 ⇒ rdisc=0.809
REGINN:CGLS::Target discrepancy reached after 1 iteration.
REGINN::i=3 : rdisc=0.763, rnorm=0.683, rerr=0.322
REGINN::0.980 ≤ estimate ≤ 2.05
REGINN::
REGINN::Solving linear problem using rtol=0.728 and max_iter=2
REGINN:CGLS::k=0 : rdisc=1.00, norm=0.00
REGINN:CGLS::k=1 : rdisc=0.747, norm=1.20
REGINN:CGLS::k=2 : rdisc=0.589, norm=2.36
REGINN:CGLS::Safeguarding: λ=0.929 ⇒ rdisc=0.728
REGINN:CGLS::Target discrepancy reached after 2 iterations.
REGINN::Saving current residual in ./step-0004/
REGINN::Saving current estimate in ./step-0004/
REGINN::i=4 : rdisc=0.488, rnorm=0.703, rerr=0.312
REGINN::0.994 ≤ estimate ≤ 3.03
REGINN::
REGINN::Solving linear problem using rtol=0.654 and max_iter=3
REGINN:CGLS::k=0 : rdisc=1.00, norm=0.00
REGINN:CGLS::k=1 : rdisc=0.828, norm=0.886
REGINN:CGLS::k=2 : rdisc=0.615, norm=2.43
REGINN:CGLS::Safeguarding: λ=0.401 ⇒ rdisc=0.654
REGINN:CGLS::Target discrepancy reached after 2 iterations.
REGINN::i=5 : rdisc=0.305, rnorm=0.738, rerr=0.292
REGINN::0.129 ≤ estimate ≤ 3.71
REGINN::
REGINN::Solving linear problem using rtol=0.588 and max_iter=4
REGINN:CGLS::k=0 : rdisc=1.00, norm=0.00
REGINN:CGLS::k=1 : rdisc=0.846, norm=0.888
REGINN:CGLS::k=2 : rdisc=0.622, norm=2.19
REGINN:CGLS::k=3 : rdisc=0.469, norm=2.98
REGINN:CGLS::Safeguarding: λ=0.867 ⇒ rdisc=0.588
REGINN:CGLS::Target discrepancy reached after 3 iterations.
REGINN:post_processing::Adjusted lower bound of estimate from -0.570 to 0.100
REGINN::Saving current residual in ./step-0006/
REGINN::Saving current estimate in ./step-0006/
REGINN::i=6 : rdisc=0.206, rnorm=0.775, rerr=0.270
REGINN::0.100 ≤ estimate ≤ 2.68
REGINN::
REGINN::Solving linear problem using rtol=0.529 and max_iter=5
REGINN:CGLS::k=0 : rdisc=1.00, norm=0.00
REGINN:CGLS::k=1 : rdisc=0.724, norm=0.350
REGINN:CGLS::k=2 : rdisc=0.633, norm=0.600
REGINN:CGLS::k=3 : rdisc=0.522, norm=1.06
REGINN:CGLS::Safeguarding: λ=0.232 ⇒ rdisc=0.529
REGINN:CGLS::Target discrepancy reached after 3 iterations.
REGINN::i=7 : rdisc=0.108, rnorm=0.789, rerr=0.264
REGINN::0.266 ≤ estimate ≤ 2.31
REGINN::
REGINN::Solving linear problem using rtol=0.475 and max_iter=6
REGINN:CGLS::k=0 : rdisc=1.00, norm=0.00
REGINN:CGLS::k=1 : rdisc=0.880, norm=0.248
REGINN:CGLS::k=2 : rdisc=0.814, norm=0.390
REGINN:CGLS::k=3 : rdisc=0.709, norm=0.680
REGINN:CGLS::k=4 : rdisc=0.579, norm=1.06
REGINN:CGLS::k=5 : rdisc=0.515, norm=1.26
REGINN:CGLS::k=6 : rdisc=0.475, norm=1.40
REGINN:CGLS::Safeguarding: λ=0.126 ⇒ rdisc=0.475
REGINN:CGLS::Target discrepancy reached after 6 iterations.
REGINN::Saving current residual in ./step-0008/
REGINN::Saving current estimate in ./step-0008/
REGINN::i=8 : rdisc=0.0500, rnorm=0.815, rerr=0.255
REGINN::0.334 ≤ estimate ≤ 2.13
REGINN::
REGINN::Solving linear problem using rtol=0.427 and max_iter=9
REGINN:CGLS::k=0 : rdisc=1.00, norm=0.00
REGINN:CGLS::k=1 : rdisc=0.965, norm=0.0317
REGINN:CGLS::k=2 : rdisc=0.905, norm=0.129
REGINN:CGLS::k=3 : rdisc=0.868, norm=0.202
REGINN:CGLS::k=4 : rdisc=0.826, norm=0.303
REGINN:CGLS::k=5 : rdisc=0.747, norm=0.515
REGINN:CGLS::k=6 : rdisc=0.677, norm=0.718
REGINN:CGLS::k=7 : rdisc=0.615, norm=0.901
REGINN:CGLS::k=8 : rdisc=0.538, norm=1.12
REGINN:CGLS::k=9 : rdisc=0.500, norm=1.22
REGINN:CGLS::Unsuccessful termination after 9 iterations!
REGINN::Linear solver did not achieve desired discrepancy due to max_iter.
REGINN:post_processing::Adjusted lower bound of estimate from -0.444 to 0.100
REGINN::i=9 : rdisc=0.0254, rnorm=0.827, rerr=0.249
REGINN::0.100 ≤ estimate ≤ 2.22
REGINN::
REGINN::Solving linear problem using rtol=0.618 and max_iter=15
REGINN:CGLS::k=0 : rdisc=1.00, norm=0.00
REGINN:CGLS::k=1 : rdisc=0.957, norm=0.0240
REGINN:CGLS::k=2 : rdisc=0.944, norm=0.0346
REGINN:CGLS::k=3 : rdisc=0.921, norm=0.0633
REGINN:CGLS::k=4 : rdisc=0.892, norm=0.112
REGINN:CGLS::k=5 : rdisc=0.869, norm=0.155
REGINN:CGLS::k=6 : rdisc=0.833, norm=0.231
REGINN:CGLS::k=7 : rdisc=0.773, norm=0.370
REGINN:CGLS::k=8 : rdisc=0.744, norm=0.441
REGINN:CGLS::k=9 : rdisc=0.732, norm=0.469
REGINN:CGLS::k=10: rdisc=0.694, norm=0.567
REGINN:CGLS::k=11: rdisc=0.658, norm=0.662
REGINN:CGLS::k=12: rdisc=0.643, norm=0.702
REGINN:CGLS::k=13: rdisc=0.622, norm=0.757
REGINN:CGLS::k=14: rdisc=0.588, norm=0.849
REGINN:CGLS::Safeguarding: λ=0.934 ⇒ rdisc=0.618
REGINN:CGLS::Target discrepancy reached after 14 iterations.
REGINN:post_processing::Adjusted lower bound of estimate from -0.291 to 0.100
REGINN::Saving current residual in ./step-0010/
REGINN::Saving current estimate in ./step-0010/
REGINN::i=10: rdisc=0.0170, rnorm=0.831, rerr=0.246
REGINN::0.100 ≤ estimate ≤ 2.39
REGINN::
REGINN::Solving linear problem using rtol=0.753 and max_iter=23
REGINN:CGLS::k=0 : rdisc=1.00, norm=0.00
REGINN:CGLS::k=1 : rdisc=0.950, norm=0.0183
REGINN:CGLS::k=2 : rdisc=0.928, norm=0.0290
REGINN:CGLS::k=3 : rdisc=0.902, norm=0.0459
REGINN:CGLS::k=4 : rdisc=0.879, norm=0.0668
REGINN:CGLS::k=5 : rdisc=0.853, norm=0.0992
REGINN:CGLS::k=6 : rdisc=0.840, norm=0.119
REGINN:CGLS::k=7 : rdisc=0.821, norm=0.152
REGINN:CGLS::k=8 : rdisc=0.815, norm=0.164
REGINN:CGLS::k=9 : rdisc=0.806, norm=0.182
REGINN:CGLS::k=10: rdisc=0.786, norm=0.226
REGINN:CGLS::k=11: rdisc=0.769, norm=0.268
REGINN:CGLS::k=12: rdisc=0.753, norm=0.310
REGINN:CGLS::Safeguarding: λ=0.225 ⇒ rdisc=0.753
REGINN:CGLS::Target discrepancy reached after 12 iterations.
REGINN:post_processing::Adjusted lower bound of estimate from 0.00619 to 0.100
REGINN::i=11: rdisc=0.0128, rnorm=0.834, rerr=0.245
REGINN::0.100 ≤ estimate ≤ 2.45
REGINN::
REGINN::Solving linear problem using rtol=0.677 and max_iter=26
REGINN:CGLS::k=0 : rdisc=1.00, norm=0.00
REGINN:CGLS::k=1 : rdisc=0.995, norm=0.00486
REGINN:CGLS::k=2 : rdisc=0.988, norm=0.0122
REGINN:CGLS::k=3 : rdisc=0.976, norm=0.0294
REGINN:CGLS::k=4 : rdisc=0.967, norm=0.0458
REGINN:CGLS::k=5 : rdisc=0.954, norm=0.0694
REGINN:CGLS::k=6 : rdisc=0.936, norm=0.110
REGINN:CGLS::k=7 : rdisc=0.917, norm=0.155
REGINN:CGLS::k=8 : rdisc=0.902, norm=0.193
REGINN:CGLS::k=9 : rdisc=0.897, norm=0.205
REGINN:CGLS::k=10: rdisc=0.882, norm=0.244
REGINN:CGLS::k=11: rdisc=0.856, norm=0.314
REGINN:CGLS::k=12: rdisc=0.824, norm=0.403
REGINN:CGLS::k=13: rdisc=0.772, norm=0.544
REGINN:CGLS::k=14: rdisc=0.750, norm=0.605
REGINN:CGLS::k=15: rdisc=0.720, norm=0.683
REGINN:CGLS::k=16: rdisc=0.711, norm=0.706
REGINN:CGLS::k=17: rdisc=0.692, norm=0.755
REGINN:CGLS::k=18: rdisc=0.685, norm=0.773
REGINN:CGLS::k=19: rdisc=0.676, norm=0.796
REGINN:CGLS::Safeguarding: λ=0.364 ⇒ rdisc=0.677
REGINN:CGLS::Target discrepancy reached after 19 iterations.
REGINN:post_processing::Adjusted lower bound of estimate from -0.0660 to 0.100
REGINN::i=12: rdisc=0.00914, rnorm=0.841, rerr=0.242
REGINN::0.100 ≤ estimate ≤ 2.45
REGINN::
REGINN::Solving linear problem using rtol=0.795 and max_iter=31
REGINN:CGLS::k=0 : rdisc=1.00, norm=0.00
REGINN:CGLS::k=1 : rdisc=0.983, norm=0.00446
REGINN:CGLS::k=2 : rdisc=0.973, norm=0.00845
REGINN:CGLS::k=3 : rdisc=0.960, norm=0.0169
REGINN:CGLS::k=4 : rdisc=0.946, norm=0.0293
REGINN:CGLS::k=5 : rdisc=0.937, norm=0.0393
REGINN:CGLS::k=6 : rdisc=0.931, norm=0.0473
REGINN:CGLS::k=7 : rdisc=0.926, norm=0.0546
REGINN:CGLS::k=8 : rdisc=0.920, norm=0.0632
REGINN:CGLS::k=9 : rdisc=0.912, norm=0.0777
REGINN:CGLS::k=10: rdisc=0.900, norm=0.103
REGINN:CGLS::k=11: rdisc=0.891, norm=0.122
REGINN:CGLS::k=12: rdisc=0.884, norm=0.137
REGINN:CGLS::k=13: rdisc=0.881, norm=0.144
REGINN:CGLS::k=14: rdisc=0.874, norm=0.161
REGINN:CGLS::k=15: rdisc=0.868, norm=0.177
REGINN:CGLS::k=16: rdisc=0.854, norm=0.214
REGINN:CGLS::k=17: rdisc=0.840, norm=0.251
REGINN:CGLS::k=18: rdisc=0.837, norm=0.261
REGINN:CGLS::k=19: rdisc=0.829, norm=0.284
REGINN:CGLS::k=20: rdisc=0.823, norm=0.300
REGINN:CGLS::k=21: rdisc=0.813, norm=0.329
REGINN:CGLS::k=22: rdisc=0.806, norm=0.352
REGINN:CGLS::k=23: rdisc=0.797, norm=0.380
REGINN:CGLS::k=24: rdisc=0.793, norm=0.391
REGINN:CGLS::Safeguarding: λ=0.838 ⇒ rdisc=0.795
REGINN:CGLS::Target discrepancy reached after 24 iterations.
REGINN:post_processing::Adjusted lower bound of estimate from -0.320 to 0.100
REGINN::Saving current residual in ./step-0013/
REGINN::Saving current estimate in ./step-0013/
REGINN::i=13: rdisc=0.00766, rnorm=0.842, rerr=0.240
REGINN::0.100 ≤ estimate ≤ 2.49
REGINN::
REGINN::Solving linear problem using rtol=0.837 and max_iter=43
REGINN:CGLS::k=0 : rdisc=1.00, norm=0.00
REGINN:CGLS::k=1 : rdisc=0.983, norm=0.00541
REGINN:CGLS::k=2 : rdisc=0.969, norm=0.0122
REGINN:CGLS::k=3 : rdisc=0.960, norm=0.0171
REGINN:CGLS::k=4 : rdisc=0.949, norm=0.0243
REGINN:CGLS::k=5 : rdisc=0.942, norm=0.0311
REGINN:CGLS::k=6 : rdisc=0.934, norm=0.0403
REGINN:CGLS::k=7 : rdisc=0.928, norm=0.0482
REGINN:CGLS::k=8 : rdisc=0.926, norm=0.0505
REGINN:CGLS::k=9 : rdisc=0.924, norm=0.0553
REGINN:CGLS::k=10: rdisc=0.918, norm=0.0663
REGINN:CGLS::k=11: rdisc=0.912, norm=0.0772
REGINN:CGLS::k=12: rdisc=0.908, norm=0.0865
REGINN:CGLS::k=13: rdisc=0.903, norm=0.0985
REGINN:CGLS::k=14: rdisc=0.896, norm=0.118
REGINN:CGLS::k=15: rdisc=0.888, norm=0.138
REGINN:CGLS::k=16: rdisc=0.885, norm=0.147
REGINN:CGLS::k=17: rdisc=0.878, norm=0.170
REGINN:CGLS::k=18: rdisc=0.872, norm=0.186
REGINN:CGLS::k=19: rdisc=0.865, norm=0.210
REGINN:CGLS::k=20: rdisc=0.860, norm=0.225
REGINN:CGLS::k=21: rdisc=0.857, norm=0.235
REGINN:CGLS::k=22: rdisc=0.853, norm=0.247
REGINN:CGLS::k=23: rdisc=0.844, norm=0.276
REGINN:CGLS::k=24: rdisc=0.833, norm=0.314
REGINN:CGLS::Safeguarding: λ=0.605 ⇒ rdisc=0.837
REGINN:CGLS::Target discrepancy reached after 24 iterations.
REGINN:post_processing::Adjusted lower bound of estimate from -0.523 to 0.100
REGINN::i=14: rdisc=0.00803, rnorm=0.844, rerr=0.238
REGINN::0.100 ≤ estimate ≤ 2.59
REGINN::
REGINN::Solving linear problem using rtol=0.836 and max_iter=48
REGINN:CGLS::k=0 : rdisc=1.00, norm=0.00
REGINN:CGLS::k=1 : rdisc=0.939, norm=0.00848
REGINN:CGLS::k=2 : rdisc=0.890, norm=0.0172
REGINN:CGLS::k=3 : rdisc=0.834, norm=0.0308
REGINN:CGLS::Safeguarding: λ=0.204 ⇒ rdisc=0.836
REGINN:CGLS::Target discrepancy reached after 3 iterations.
REGINN:post_processing::Adjusted lower bound of estimate from -0.0152 to 0.100
REGINN::i=15: rdisc=0.00694, rnorm=0.844, rerr=0.238
REGINN::0.100 ≤ estimate ≤ 2.54
REGINN::
REGINN::Solving linear problem using rtol=0.752 and max_iter=27
REGINN:CGLS::k=0 : rdisc=1.00, norm=0.00
REGINN:CGLS::k=1 : rdisc=0.981, norm=0.00457
REGINN:CGLS::k=2 : rdisc=0.958, norm=0.0117
REGINN:CGLS::k=3 : rdisc=0.931, norm=0.0222
REGINN:CGLS::k=4 : rdisc=0.924, norm=0.0253
REGINN:CGLS::k=5 : rdisc=0.915, norm=0.0317
REGINN:CGLS::k=6 : rdisc=0.911, norm=0.0360
REGINN:CGLS::k=7 : rdisc=0.909, norm=0.0381
REGINN:CGLS::k=8 : rdisc=0.905, norm=0.0445
REGINN:CGLS::k=9 : rdisc=0.902, norm=0.0506
REGINN:CGLS::k=10: rdisc=0.899, norm=0.0560
REGINN:CGLS::k=11: rdisc=0.894, norm=0.0657
REGINN:CGLS::k=12: rdisc=0.891, norm=0.0735
REGINN:CGLS::k=13: rdisc=0.889, norm=0.0798
REGINN:CGLS::k=14: rdisc=0.885, norm=0.0886
REGINN:CGLS::k=15: rdisc=0.881, norm=0.101
REGINN:CGLS::k=16: rdisc=0.873, norm=0.125
REGINN:CGLS::k=17: rdisc=0.867, norm=0.144
REGINN:CGLS::k=18: rdisc=0.863, norm=0.158
REGINN:CGLS::k=19: rdisc=0.858, norm=0.173
REGINN:CGLS::k=20: rdisc=0.856, norm=0.181
REGINN:CGLS::k=21: rdisc=0.851, norm=0.195
REGINN:CGLS::k=22: rdisc=0.847, norm=0.212
REGINN:CGLS::k=23: rdisc=0.838, norm=0.243
REGINN:CGLS::k=24: rdisc=0.829, norm=0.276
REGINN:CGLS::k=25: rdisc=0.818, norm=0.317
REGINN:CGLS::k=26: rdisc=0.813, norm=0.334
REGINN:CGLS::k=27: rdisc=0.803, norm=0.374
REGINN:CGLS::Unsuccessful termination after 27 iterations!
REGINN::Linear solver did not achieve desired discrepancy due to max_iter.
REGINN:post_processing::Adjusted lower bound of estimate from -0.584 to 0.100
REGINN::i=16: rdisc=0.00731, rnorm=0.846, rerr=0.236
REGINN::0.100 ≤ estimate ≤ 2.85
REGINN::
REGINN::Solving linear problem using rtol=0.676 and max_iter=30
REGINN:CGLS::k=0 : rdisc=1.00, norm=0.00
REGINN:CGLS::k=1 : rdisc=0.914, norm=0.00830
REGINN:CGLS::k=2 : rdisc=0.859, norm=0.0154
REGINN:CGLS::k=3 : rdisc=0.803, norm=0.0264
REGINN:CGLS::k=4 : rdisc=0.763, norm=0.0364
REGINN:CGLS::k=5 : rdisc=0.757, norm=0.0385
REGINN:CGLS::k=6 : rdisc=0.751, norm=0.0414
REGINN:CGLS::k=7 : rdisc=0.749, norm=0.0426
REGINN:CGLS::k=8 : rdisc=0.743, norm=0.0471
REGINN:CGLS::k=9 : rdisc=0.738, norm=0.0522
REGINN:CGLS::k=10: rdisc=0.735, norm=0.0570
REGINN:CGLS::k=11: rdisc=0.731, norm=0.0620
REGINN:CGLS::k=12: rdisc=0.728, norm=0.0665
REGINN:CGLS::k=13: rdisc=0.727, norm=0.0688
REGINN:CGLS::k=14: rdisc=0.725, norm=0.0729
REGINN:CGLS::k=15: rdisc=0.722, norm=0.0777
REGINN:CGLS::k=16: rdisc=0.718, norm=0.0868
REGINN:CGLS::k=17: rdisc=0.715, norm=0.0957
REGINN:CGLS::k=18: rdisc=0.713, norm=0.0992
REGINN:CGLS::k=19: rdisc=0.710, norm=0.109
REGINN:CGLS::k=20: rdisc=0.708, norm=0.115
REGINN:CGLS::k=21: rdisc=0.705, norm=0.123
REGINN:CGLS::k=22: rdisc=0.704, norm=0.127
REGINN:CGLS::k=23: rdisc=0.702, norm=0.132
REGINN:CGLS::k=24: rdisc=0.702, norm=0.135
REGINN:CGLS::k=25: rdisc=0.699, norm=0.143
REGINN:CGLS::k=26: rdisc=0.696, norm=0.153
REGINN:CGLS::k=27: rdisc=0.694, norm=0.162
REGINN:CGLS::k=28: rdisc=0.691, norm=0.174
REGINN:CGLS::k=29: rdisc=0.687, norm=0.191
REGINN:CGLS::k=30: rdisc=0.685, norm=0.197
REGINN:CGLS::Unsuccessful termination after 30 iterations!
REGINN::Linear solver did not achieve desired discrepancy due to max_iter.
REGINN:post_processing::Adjusted lower bound of estimate from -0.341 to 0.100
REGINN::i=17: rdisc=0.00595, rnorm=0.848, rerr=0.235
REGINN::0.100 ≤ estimate ≤ 2.82
REGINN::
REGINN::Solving linear problem using rtol=0.708 and max_iter=57
REGINN:CGLS::k=0 : rdisc=1.00, norm=0.00
REGINN:CGLS::k=1 : rdisc=0.933, norm=0.00595
REGINN:CGLS::k=2 : rdisc=0.899, norm=0.0102
REGINN:CGLS::k=3 : rdisc=0.868, norm=0.0163
REGINN:CGLS::k=4 : rdisc=0.845, norm=0.0228
REGINN:CGLS::k=5 : rdisc=0.841, norm=0.0242
REGINN:CGLS::k=6 : rdisc=0.839, norm=0.0259
REGINN:CGLS::k=7 : rdisc=0.837, norm=0.0274
REGINN:CGLS::k=8 : rdisc=0.835, norm=0.0297
REGINN:CGLS::k=9 : rdisc=0.833, norm=0.0312
REGINN:CGLS::k=10: rdisc=0.829, norm=0.0370
REGINN:CGLS::k=11: rdisc=0.827, norm=0.0412
REGINN:CGLS::k=12: rdisc=0.826, norm=0.0430
REGINN:CGLS::k=13: rdisc=0.825, norm=0.0459
REGINN:CGLS::k=14: rdisc=0.823, norm=0.0499
REGINN:CGLS::k=15: rdisc=0.822, norm=0.0538
REGINN:CGLS::k=16: rdisc=0.818, norm=0.0635
REGINN:CGLS::k=17: rdisc=0.814, norm=0.0746
REGINN:CGLS::k=18: rdisc=0.812, norm=0.0824
REGINN:CGLS::k=19: rdisc=0.809, norm=0.0921
REGINN:CGLS::k=20: rdisc=0.806, norm=0.102
REGINN:CGLS::k=21: rdisc=0.804, norm=0.108
REGINN:CGLS::k=22: rdisc=0.800, norm=0.124
REGINN:CGLS::k=23: rdisc=0.796, norm=0.141
REGINN:CGLS::k=24: rdisc=0.794, norm=0.148
REGINN:CGLS::k=25: rdisc=0.791, norm=0.157
REGINN:CGLS::k=26: rdisc=0.788, norm=0.169
REGINN:CGLS::k=27: rdisc=0.784, norm=0.187
REGINN:CGLS::k=28: rdisc=0.779, norm=0.207
REGINN:CGLS::k=29: rdisc=0.773, norm=0.231
REGINN:CGLS::k=30: rdisc=0.767, norm=0.256
REGINN:CGLS::k=31: rdisc=0.765, norm=0.266
REGINN:CGLS::k=32: rdisc=0.740, norm=0.371
REGINN:CGLS::k=33: rdisc=0.734, norm=0.396
REGINN:CGLS::k=34: rdisc=0.724, norm=0.439
REGINN:CGLS::k=35: rdisc=0.714, norm=0.483
REGINN:CGLS::k=36: rdisc=0.709, norm=0.501
REGINN:CGLS::k=37: rdisc=0.704, norm=0.525
REGINN:CGLS::Safeguarding: λ=0.854 ⇒ rdisc=0.708
REGINN:CGLS::Target discrepancy reached after 37 iterations.
REGINN:post_processing::Adjusted lower bound of estimate from -0.728 to 0.100
REGINN::i=18: rdisc=0.00677, rnorm=0.851, rerr=0.233
REGINN::0.100 ≤ estimate ≤ 3.17
REGINN::
REGINN::Solving linear problem using rtol=0.762 and max_iter=67
REGINN:CGLS::k=0 : rdisc=1.00, norm=0.00
REGINN:CGLS::k=1 : rdisc=0.892, norm=0.00837
REGINN:CGLS::k=2 : rdisc=0.814, norm=0.0165
REGINN:CGLS::k=3 : rdisc=0.729, norm=0.0294
REGINN:CGLS::Safeguarding: λ=0.616 ⇒ rdisc=0.762
REGINN:CGLS::Target discrepancy reached after 3 iterations.
REGINN:post_processing::Adjusted lower bound of estimate from 0.0100 to 0.100
REGINN::i=19: rdisc=0.00537, rnorm=0.851, rerr=0.233
REGINN::0.100 ≤ estimate ≤ 3.12
REGINN::
REGINN::Solving linear problem using rtol=0.685 and max_iter=40
REGINN:CGLS::k=0 : rdisc=1.00, norm=0.00
REGINN:CGLS::k=1 : rdisc=0.972, norm=0.00409
REGINN:CGLS::k=2 : rdisc=0.834, norm=0.0282
REGINN:CGLS::k=3 : rdisc=0.818, norm=0.0311
REGINN:CGLS::k=4 : rdisc=0.805, norm=0.0339
REGINN:CGLS::k=5 : rdisc=0.782, norm=0.0410
REGINN:CGLS::k=6 : rdisc=0.771, norm=0.0455
REGINN:CGLS::k=7 : rdisc=0.766, norm=0.0478
REGINN:CGLS::k=8 : rdisc=0.762, norm=0.0505
REGINN:CGLS::k=9 : rdisc=0.757, norm=0.0536
REGINN:CGLS::k=10: rdisc=0.753, norm=0.0565
REGINN:CGLS::k=11: rdisc=0.745, norm=0.0624
REGINN:CGLS::k=12: rdisc=0.741, norm=0.0664
REGINN:CGLS::k=13: rdisc=0.739, norm=0.0687
REGINN:CGLS::k=14: rdisc=0.738, norm=0.0707
REGINN:CGLS::k=15: rdisc=0.736, norm=0.0722
REGINN:CGLS::k=16: rdisc=0.734, norm=0.0749
REGINN:CGLS::k=17: rdisc=0.732, norm=0.0777
REGINN:CGLS::k=18: rdisc=0.730, norm=0.0816
REGINN:CGLS::k=19: rdisc=0.729, norm=0.0832
REGINN:CGLS::k=20: rdisc=0.728, norm=0.0855
REGINN:CGLS::k=21: rdisc=0.727, norm=0.0868
REGINN:CGLS::k=22: rdisc=0.725, norm=0.0902
REGINN:CGLS::k=23: rdisc=0.724, norm=0.0931
REGINN:CGLS::k=24: rdisc=0.720, norm=0.102
REGINN:CGLS::k=25: rdisc=0.719, norm=0.105
REGINN:CGLS::k=26: rdisc=0.718, norm=0.108
REGINN:CGLS::k=27: rdisc=0.717, norm=0.110
REGINN:CGLS::k=28: rdisc=0.715, norm=0.115
REGINN:CGLS::k=29: rdisc=0.713, norm=0.122
REGINN:CGLS::k=30: rdisc=0.711, norm=0.129
REGINN:CGLS::k=31: rdisc=0.708, norm=0.137
REGINN:CGLS::k=32: rdisc=0.708, norm=0.139
REGINN:CGLS::k=33: rdisc=0.705, norm=0.150
REGINN:CGLS::k=34: rdisc=0.702, norm=0.159
REGINN:CGLS::k=35: rdisc=0.698, norm=0.176
REGINN:CGLS::k=36: rdisc=0.695, norm=0.189
REGINN:CGLS::k=37: rdisc=0.692, norm=0.200
REGINN:CGLS::k=38: rdisc=0.690, norm=0.209
REGINN:CGLS::k=39: rdisc=0.687, norm=0.222
REGINN:CGLS::k=40: rdisc=0.679, norm=0.257
REGINN:CGLS::Safeguarding: λ=0.891 ⇒ rdisc=0.685
REGINN:CGLS::Target discrepancy reached after 40 iterations.
REGINN:post_processing::Adjusted lower bound of estimate from -0.335 to 0.100
REGINN::i=20: rdisc=0.00458, rnorm=0.853, rerr=0.232
REGINN::0.100 ≤ estimate ≤ 3.14
REGINN::
REGINN::Solving linear problem using rtol=0.616 and max_iter=43
REGINN:CGLS::k=0 : rdisc=1.00, norm=0.00
REGINN:CGLS::k=1 : rdisc=0.964, norm=0.00376
REGINN:CGLS::k=2 : rdisc=0.914, norm=0.0107
REGINN:CGLS::k=3 : rdisc=0.856, norm=0.0203
REGINN:CGLS::k=4 : rdisc=0.833, norm=0.0248
REGINN:CGLS::k=5 : rdisc=0.818, norm=0.0285
REGINN:CGLS::k=6 : rdisc=0.809, norm=0.0320
REGINN:CGLS::k=7 : rdisc=0.807, norm=0.0327
REGINN:CGLS::k=8 : rdisc=0.805, norm=0.0334
REGINN:CGLS::k=9 : rdisc=0.802, norm=0.0353
REGINN:CGLS::k=10: rdisc=0.798, norm=0.0380
REGINN:CGLS::k=11: rdisc=0.795, norm=0.0400
REGINN:CGLS::k=12: rdisc=0.793, norm=0.0423
REGINN:CGLS::k=13: rdisc=0.792, norm=0.0435
REGINN:CGLS::k=14: rdisc=0.791, norm=0.0445
REGINN:CGLS::k=15: rdisc=0.789, norm=0.0475
REGINN:CGLS::k=16: rdisc=0.786, norm=0.0516
REGINN:CGLS::k=17: rdisc=0.783, norm=0.0560
REGINN:CGLS::k=18: rdisc=0.781, norm=0.0591
REGINN:CGLS::k=19: rdisc=0.781, norm=0.0607
REGINN:CGLS::k=20: rdisc=0.780, norm=0.0617
REGINN:CGLS::k=21: rdisc=0.778, norm=0.0655
REGINN:CGLS::k=22: rdisc=0.777, norm=0.0687
REGINN:CGLS::k=23: rdisc=0.775, norm=0.0726
REGINN:CGLS::k=24: rdisc=0.773, norm=0.0781
REGINN:CGLS::k=25: rdisc=0.771, norm=0.0824
REGINN:CGLS::k=26: rdisc=0.770, norm=0.0855
REGINN:CGLS::k=27: rdisc=0.768, norm=0.0910
REGINN:CGLS::k=28: rdisc=0.766, norm=0.0977
REGINN:CGLS::k=29: rdisc=0.764, norm=0.105
REGINN:CGLS::k=30: rdisc=0.761, norm=0.113
REGINN:CGLS::k=31: rdisc=0.759, norm=0.120
REGINN:CGLS::k=32: rdisc=0.758, norm=0.125
REGINN:CGLS::k=33: rdisc=0.757, norm=0.128
REGINN:CGLS::k=34: rdisc=0.755, norm=0.137
REGINN:CGLS::k=35: rdisc=0.751, norm=0.149
REGINN:CGLS::k=36: rdisc=0.748, norm=0.160
REGINN:CGLS::k=37: rdisc=0.745, norm=0.171
REGINN:CGLS::k=38: rdisc=0.743, norm=0.182
REGINN:CGLS::k=39: rdisc=0.740, norm=0.194
REGINN:CGLS::k=40: rdisc=0.735, norm=0.214
REGINN:CGLS::k=41: rdisc=0.729, norm=0.238
REGINN:CGLS::k=42: rdisc=0.720, norm=0.275
REGINN:CGLS::k=43: rdisc=0.716, norm=0.293
REGINN:CGLS::Unsuccessful termination after 43 iterations!
REGINN::Linear solver did not achieve desired discrepancy due to max_iter.
REGINN:post_processing::Adjusted lower bound of estimate from -0.377 to 0.100
REGINN::i=21: rdisc=0.00439, rnorm=0.855, rerr=0.230
REGINN::0.100 ≤ estimate ≤ 3.16
REGINN::
REGINN::Solving linear problem using rtol=0.642 and max_iter=83
REGINN:CGLS::k=0 : rdisc=1.00, norm=0.00
REGINN:CGLS::k=1 : rdisc=0.961, norm=0.00418
REGINN:CGLS::k=2 : rdisc=0.914, norm=0.0105
REGINN:CGLS::k=3 : rdisc=0.837, norm=0.0226
REGINN:CGLS::k=4 : rdisc=0.799, norm=0.0291
REGINN:CGLS::k=5 : rdisc=0.774, norm=0.0345
REGINN:CGLS::k=6 : rdisc=0.766, norm=0.0368
REGINN:CGLS::k=7 : rdisc=0.755, norm=0.0400
REGINN:CGLS::k=8 : rdisc=0.753, norm=0.0409
REGINN:CGLS::k=9 : rdisc=0.746, norm=0.0437
REGINN:CGLS::k=10: rdisc=0.740, norm=0.0464
REGINN:CGLS::k=11: rdisc=0.736, norm=0.0488
REGINN:CGLS::k=12: rdisc=0.733, norm=0.0509
REGINN:CGLS::k=13: rdisc=0.732, norm=0.0520
REGINN:CGLS::k=14: rdisc=0.731, norm=0.0530
REGINN:CGLS::k=15: rdisc=0.729, norm=0.0549
REGINN:CGLS::k=16: rdisc=0.725, norm=0.0589
REGINN:CGLS::k=17: rdisc=0.723, norm=0.0614
REGINN:CGLS::k=18: rdisc=0.721, norm=0.0634
REGINN:CGLS::k=19: rdisc=0.718, norm=0.0669
REGINN:CGLS::k=20: rdisc=0.717, norm=0.0683
REGINN:CGLS::k=21: rdisc=0.717, norm=0.0696
REGINN:CGLS::k=22: rdisc=0.716, norm=0.0711
REGINN:CGLS::k=23: rdisc=0.714, norm=0.0733
REGINN:CGLS::k=24: rdisc=0.712, norm=0.0766
REGINN:CGLS::k=25: rdisc=0.711, norm=0.0786
REGINN:CGLS::k=26: rdisc=0.710, norm=0.0809
REGINN:CGLS::k=27: rdisc=0.709, norm=0.0831
REGINN:CGLS::k=28: rdisc=0.708, norm=0.0865
REGINN:CGLS::k=29: rdisc=0.705, norm=0.0924
REGINN:CGLS::k=30: rdisc=0.703, norm=0.0971
REGINN:CGLS::k=31: rdisc=0.702, norm=0.102
REGINN:CGLS::k=32: rdisc=0.701, norm=0.104
REGINN:CGLS::k=33: rdisc=0.700, norm=0.107
REGINN:CGLS::k=34: rdisc=0.698, norm=0.113
REGINN:CGLS::k=35: rdisc=0.696, norm=0.118
REGINN:CGLS::k=36: rdisc=0.694, norm=0.124
REGINN:CGLS::k=37: rdisc=0.693, norm=0.128
REGINN:CGLS::k=38: rdisc=0.692, norm=0.131
REGINN:CGLS::k=39: rdisc=0.691, norm=0.135
REGINN:CGLS::k=40: rdisc=0.690, norm=0.140
REGINN:CGLS::k=41: rdisc=0.686, norm=0.153
REGINN:CGLS::k=42: rdisc=0.684, norm=0.161
REGINN:CGLS::k=43: rdisc=0.682, norm=0.171
REGINN:CGLS::k=44: rdisc=0.679, norm=0.180
REGINN:CGLS::k=45: rdisc=0.678, norm=0.186
REGINN:CGLS::k=46: rdisc=0.672, norm=0.210
REGINN:CGLS::k=47: rdisc=0.668, norm=0.226
REGINN:CGLS::k=48: rdisc=0.661, norm=0.256
REGINN:CGLS::k=49: rdisc=0.656, norm=0.278
REGINN:CGLS::k=50: rdisc=0.653, norm=0.290
REGINN:CGLS::k=51: rdisc=0.650, norm=0.305
REGINN:CGLS::k=52: rdisc=0.644, norm=0.333
REGINN:CGLS::k=53: rdisc=0.638, norm=0.359
REGINN:CGLS::Safeguarding: λ=0.864 ⇒ rdisc=0.642
REGINN:CGLS::Target discrepancy reached after 53 iterations.
REGINN:post_processing::Adjusted lower bound of estimate from -0.320 to 0.100
REGINN::Saving current residual in ./step-0022/
REGINN::Saving current estimate in ./step-0022/
REGINN::i=22: rdisc=0.00367, rnorm=0.857, rerr=0.229
REGINN::0.100 ≤ estimate ≤ 3.20
REGINN::
REGINN::Solving linear problem using rtol=0.709 and max_iter=96
REGINN:CGLS::k=0 : rdisc=1.00, norm=0.00
REGINN:CGLS::k=1 : rdisc=0.978, norm=0.00249
REGINN:CGLS::k=2 : rdisc=0.935, norm=0.00865
REGINN:CGLS::k=3 : rdisc=0.881, norm=0.0177
REGINN:CGLS::k=4 : rdisc=0.848, norm=0.0236
REGINN:CGLS::k=5 : rdisc=0.817, norm=0.0304
REGINN:CGLS::k=6 : rdisc=0.799, norm=0.0354
REGINN:CGLS::k=7 : rdisc=0.792, norm=0.0373
REGINN:CGLS::k=8 : rdisc=0.787, norm=0.0389
REGINN:CGLS::k=9 : rdisc=0.783, norm=0.0403
REGINN:CGLS::k=10: rdisc=0.774, norm=0.0441
REGINN:CGLS::k=11: rdisc=0.770, norm=0.0460
REGINN:CGLS::k=12: rdisc=0.766, norm=0.0479
REGINN:CGLS::k=13: rdisc=0.763, norm=0.0496
REGINN:CGLS::k=14: rdisc=0.762, norm=0.0505
REGINN:CGLS::k=15: rdisc=0.760, norm=0.0519
REGINN:CGLS::k=16: rdisc=0.756, norm=0.0549
REGINN:CGLS::k=17: rdisc=0.751, norm=0.0592
REGINN:CGLS::k=18: rdisc=0.748, norm=0.0625
REGINN:CGLS::k=19: rdisc=0.746, norm=0.0642
REGINN:CGLS::k=20: rdisc=0.745, norm=0.0656
REGINN:CGLS::k=21: rdisc=0.742, norm=0.0695
REGINN:CGLS::k=22: rdisc=0.740, norm=0.0714
REGINN:CGLS::k=23: rdisc=0.738, norm=0.0738
REGINN:CGLS::k=24: rdisc=0.737, norm=0.0761
REGINN:CGLS::k=25: rdisc=0.736, norm=0.0773
REGINN:CGLS::k=26: rdisc=0.735, norm=0.0783
REGINN:CGLS::k=27: rdisc=0.734, norm=0.0800
REGINN:CGLS::k=28: rdisc=0.733, norm=0.0808
REGINN:CGLS::k=29: rdisc=0.732, norm=0.0835
REGINN:CGLS::k=30: rdisc=0.730, norm=0.0864
REGINN:CGLS::k=31: rdisc=0.729, norm=0.0882
REGINN:CGLS::k=32: rdisc=0.728, norm=0.0915
REGINN:CGLS::k=33: rdisc=0.726, norm=0.0955
REGINN:CGLS::k=34: rdisc=0.725, norm=0.0967
REGINN:CGLS::k=35: rdisc=0.723, norm=0.103
REGINN:CGLS::k=36: rdisc=0.721, norm=0.107
REGINN:CGLS::k=37: rdisc=0.720, norm=0.110
REGINN:CGLS::k=38: rdisc=0.718, norm=0.114
REGINN:CGLS::k=39: rdisc=0.718, norm=0.115
REGINN:CGLS::k=40: rdisc=0.717, norm=0.117
REGINN:CGLS::k=41: rdisc=0.716, norm=0.121
REGINN:CGLS::k=42: rdisc=0.715, norm=0.124
REGINN:CGLS::k=43: rdisc=0.714, norm=0.126
REGINN:CGLS::k=44: rdisc=0.712, norm=0.132
REGINN:CGLS::k=45: rdisc=0.711, norm=0.133
REGINN:CGLS::k=46: rdisc=0.709, norm=0.142
REGINN:CGLS::Safeguarding: λ=0.275 ⇒ rdisc=0.709
REGINN:CGLS::Target discrepancy reached after 46 iterations.
REGINN:post_processing::Adjusted lower bound of estimate from 0.00430 to 0.100
REGINN::i=23: rdisc=0.00267, rnorm=0.858, rerr=0.228
REGINN::0.100 ≤ estimate ≤ 3.07
REGINN::
REGINN::Solving linear problem using rtol=0.748 and max_iter=99
REGINN:CGLS::k=0 : rdisc=1.00, norm=0.00
REGINN:CGLS::k=1 : rdisc=0.997, norm=0.000690
REGINN:CGLS::k=2 : rdisc=0.995, norm=0.00146
REGINN:CGLS::k=3 : rdisc=0.990, norm=0.00342
REGINN:CGLS::k=4 : rdisc=0.984, norm=0.00639
REGINN:CGLS::k=5 : rdisc=0.981, norm=0.00866
REGINN:CGLS::k=6 : rdisc=0.977, norm=0.0113
REGINN:CGLS::k=7 : rdisc=0.975, norm=0.0126
REGINN:CGLS::k=8 : rdisc=0.974, norm=0.0135
REGINN:CGLS::k=9 : rdisc=0.973, norm=0.0147
REGINN:CGLS::k=10: rdisc=0.972, norm=0.0159
REGINN:CGLS::k=11: rdisc=0.971, norm=0.0171
REGINN:CGLS::k=12: rdisc=0.969, norm=0.0186
REGINN:CGLS::k=13: rdisc=0.968, norm=0.0199
REGINN:CGLS::k=14: rdisc=0.968, norm=0.0207
REGINN:CGLS::k=15: rdisc=0.966, norm=0.0229
REGINN:CGLS::k=16: rdisc=0.965, norm=0.0246
REGINN:CGLS::k=17: rdisc=0.964, norm=0.0266
REGINN:CGLS::k=18: rdisc=0.962, norm=0.0307
REGINN:CGLS::k=19: rdisc=0.961, norm=0.0331
REGINN:CGLS::k=20: rdisc=0.960, norm=0.0353
REGINN:CGLS::k=21: rdisc=0.958, norm=0.0386
REGINN:CGLS::k=22: rdisc=0.957, norm=0.0408
REGINN:CGLS::k=23: rdisc=0.955, norm=0.0454
REGINN:CGLS::k=24: rdisc=0.953, norm=0.0518
REGINN:CGLS::k=25: rdisc=0.952, norm=0.0536
REGINN:CGLS::k=26: rdisc=0.950, norm=0.0596
REGINN:CGLS::k=27: rdisc=0.949, norm=0.0627
REGINN:CGLS::k=28: rdisc=0.948, norm=0.0655
REGINN:CGLS::k=29: rdisc=0.947, norm=0.0690
REGINN:CGLS::k=30: rdisc=0.945, norm=0.0720
REGINN:CGLS::k=31: rdisc=0.944, norm=0.0764
REGINN:CGLS::k=32: rdisc=0.942, norm=0.0813
REGINN:CGLS::k=33: rdisc=0.940, norm=0.0894
REGINN:CGLS::k=34: rdisc=0.938, norm=0.0937
REGINN:CGLS::k=35: rdisc=0.935, norm=0.103
REGINN:CGLS::k=36: rdisc=0.934, norm=0.105
REGINN:CGLS::k=37: rdisc=0.932, norm=0.114
REGINN:CGLS::k=38: rdisc=0.930, norm=0.121
REGINN:CGLS::k=39: rdisc=0.926, norm=0.131
REGINN:CGLS::k=40: rdisc=0.925, norm=0.136
REGINN:CGLS::k=41: rdisc=0.923, norm=0.143
REGINN:CGLS::k=42: rdisc=0.921, norm=0.148
REGINN:CGLS::k=43: rdisc=0.918, norm=0.159
REGINN:CGLS::k=44: rdisc=0.914, norm=0.172
REGINN:CGLS::k=45: rdisc=0.909, norm=0.189
REGINN:CGLS::k=46: rdisc=0.907, norm=0.196
REGINN:CGLS::k=47: rdisc=0.905, norm=0.205
REGINN:CGLS::k=48: rdisc=0.901, norm=0.216
REGINN:CGLS::k=49: rdisc=0.893, norm=0.246
REGINN:CGLS::k=50: rdisc=0.888, norm=0.265
REGINN:CGLS::k=51: rdisc=0.881, norm=0.290
REGINN:CGLS::k=52: rdisc=0.876, norm=0.306
REGINN:CGLS::k=53: rdisc=0.866, norm=0.342
REGINN:CGLS::k=54: rdisc=0.857, norm=0.371
REGINN:CGLS::k=55: rdisc=0.845, norm=0.415
REGINN:CGLS::k=56: rdisc=0.837, norm=0.440
REGINN:CGLS::k=57: rdisc=0.836, norm=0.446
REGINN:CGLS::k=58: rdisc=0.825, norm=0.481
REGINN:CGLS::k=59: rdisc=0.820, norm=0.500
REGINN:CGLS::k=60: rdisc=0.812, norm=0.528
REGINN:CGLS::k=61: rdisc=0.802, norm=0.559
REGINN:CGLS::k=62: rdisc=0.799, norm=0.568
REGINN:CGLS::k=63: rdisc=0.792, norm=0.594
REGINN:CGLS::k=64: rdisc=0.787, norm=0.611
REGINN:CGLS::k=65: rdisc=0.783, norm=0.624
REGINN:CGLS::k=66: rdisc=0.781, norm=0.630
REGINN:CGLS::k=67: rdisc=0.777, norm=0.641
REGINN:CGLS::k=68: rdisc=0.772, norm=0.657
REGINN:CGLS::k=69: rdisc=0.770, norm=0.665
REGINN:CGLS::k=70: rdisc=0.767, norm=0.675
REGINN:CGLS::k=71: rdisc=0.765, norm=0.682
REGINN:CGLS::k=72: rdisc=0.763, norm=0.688
REGINN:CGLS::k=73: rdisc=0.761, norm=0.694
REGINN:CGLS::k=74: rdisc=0.757, norm=0.708
REGINN:CGLS::k=75: rdisc=0.755, norm=0.714
REGINN:CGLS::k=76: rdisc=0.751, norm=0.725
REGINN:CGLS::k=77: rdisc=0.751, norm=0.727
REGINN:CGLS::k=78: rdisc=0.747, norm=0.740
REGINN:CGLS::Safeguarding: λ=0.515 ⇒ rdisc=0.748
REGINN:CGLS::Target discrepancy reached after 78 iterations.
REGINN:post_processing::Adjusted lower bound of estimate from -0.138 to 0.100
REGINN::i=24: rdisc=0.00299, rnorm=0.864, rerr=0.226
REGINN::0.100 ≤ estimate ≤ 2.89
REGINN::
REGINN::Solving linear problem using rtol=0.850 and max_iter=124
REGINN:CGLS::k=0 : rdisc=1.00, norm=0.00
REGINN:CGLS::k=1 : rdisc=0.951, norm=0.00271
REGINN:CGLS::k=2 : rdisc=0.914, norm=0.00549
REGINN:CGLS::k=3 : rdisc=0.855, norm=0.0119
REGINN:CGLS::k=4 : rdisc=0.772, norm=0.0224
REGINN:CGLS::Safeguarding: λ=0.973 ⇒ rdisc=0.850
REGINN:CGLS::Target discrepancy reached after 4 iterations.
REGINN:post_processing::Adjusted lower bound of estimate from 0.0897 to 0.100
REGINN::i=25: rdisc=0.00257, rnorm=0.864, rerr=0.226
REGINN::0.100 ≤ estimate ≤ 2.87
REGINN::
REGINN::Solving linear problem using rtol=0.778 and max_iter=82
REGINN:CGLS::k=0 : rdisc=1.00, norm=0.00
REGINN:CGLS::k=1 : rdisc=0.963, norm=0.00275
REGINN:CGLS::k=2 : rdisc=0.940, norm=0.00528
REGINN:CGLS::k=3 : rdisc=0.872, norm=0.0164
REGINN:CGLS::k=4 : rdisc=0.852, norm=0.0197
REGINN:CGLS::k=5 : rdisc=0.836, norm=0.0225
REGINN:CGLS::k=6 : rdisc=0.816, norm=0.0275
REGINN:CGLS::k=7 : rdisc=0.811, norm=0.0290
REGINN:CGLS::k=8 : rdisc=0.809, norm=0.0295
REGINN:CGLS::k=9 : rdisc=0.803, norm=0.0317
REGINN:CGLS::k=10: rdisc=0.797, norm=0.0338
REGINN:CGLS::k=11: rdisc=0.793, norm=0.0358
REGINN:CGLS::k=12: rdisc=0.789, norm=0.0375
REGINN:CGLS::k=13: rdisc=0.786, norm=0.0389
REGINN:CGLS::k=14: rdisc=0.784, norm=0.0402
REGINN:CGLS::k=15: rdisc=0.783, norm=0.0408
REGINN:CGLS::k=16: rdisc=0.780, norm=0.0427
REGINN:CGLS::k=17: rdisc=0.777, norm=0.0442
REGINN:CGLS::Safeguarding: λ=0.132 ⇒ rdisc=0.778
REGINN:CGLS::Target discrepancy reached after 17 iterations.
REGINN::i=26: rdisc=0.00201, rnorm=0.864, rerr=0.226
REGINN::0.136 ≤ estimate ≤ 2.84
REGINN::
REGINN::Solving linear problem using rtol=0.996 and max_iter=21
REGINN:CGLS::k=0 : rdisc=1.00, norm=0.00
REGINN:CGLS::k=1 : rdisc=0.998, norm=0.000338
REGINN:CGLS::k=2 : rdisc=0.997, norm=0.000824
REGINN:CGLS::k=3 : rdisc=0.995, norm=0.00154
REGINN:CGLS::Safeguarding: λ=0.865 ⇒ rdisc=0.996
REGINN:CGLS::Target discrepancy reached after 3 iterations.
REGINN::i=27: rdisc=0.00200, rnorm=0.864, rerr=0.226
REGINN::0.137 ≤ estimate ≤ 2.84
REGINN::
REGINN::Saving current residual in ./step-0027/
REGINN::Saving current estimate in ./step-0027/
REGINN::Target discrepancy reached after 27 iterations.
REGINN::0.137 ≤ estimate ≤ 2.84
Relative error of the reconstruction: 0.226
stats::forward              : 29 calls, average 2.69 s per call
stats::linearization forward: 505 calls, average 2.55 s per call
stats::linearization adjoint: 505 calls, average 2.85 s per call
stats::measure forward      : 534 calls, average 0.00150 s per call
stats::measure adjoint      : 505 calls, average 0.00154 s per call
stats::total wall time      : 50min 43s
