JobId thies-arch1 Sat Apr  7 23:33:23 2018
wavepi 3fa08ced-dirty
Release-Build, compiled on 2018-03-28T15:17:13Z from commit 3fa08cedb040cdd8a617b11f141a1a310502145c ("distribute random noise from root to everyone else") on branch master

working directory was dirty, git status: 
 M problems/q_banach/p1_1_h1h1.cfg
 M problems/q_banach/p1_5_h1h1.cfg
 M problems/q_banach/p2_h1h1.cfg
 M problems/q_banach/p2_h1h1_hilbert.cfg
 M problems/q_banach/p8_h1h1.cfg
 M problems/q_banach/rhs4_p1_1_h1h1.cfg
 M problems/q_banach/rhs4_p1_5_h1h1.cfg
 M problems/q_banach/rhs4_p2_h1h1_hilbert.cfg
 M problems/q_banach/rhs4_p8_h1h1.cfg
?? problems/q_banach/p1_1_h1h1/
?? problems/q_banach/p1_1_h1h1_gamma/
?? problems/q_banach/p1_1_l2l2/
?? problems/q_banach/p1_5_h1h1/
?? problems/q_banach/p1_5_h1h1_gamma/
?? problems/q_banach/rhs4_p1_1_h1h1/
?? problems/q_banach/rhs4_p1_1_h1h1_gamma/
?? problems/q_banach/rhs4_p1_1_l2l2/

initialize_mesh::Number of active cells: 1024
initialize_mesh::Number of degrees of freedom in the first spatial mesh: 1089
initialize_mesh::cell diameters: minimal = 0.354, maximal = 0.354
initialize_mesh::dt: 0.0235
initialize_mesh::expected size of a DiscretizedFunction<2>: 2.13 MiB
Initializing problem
Generating synthetic data (inverse crime)
generate_data:run::distributing noisy data to other nodes
generate_data:run::Distribution of data complete.
wall time for data synthesis        : 1.3s
wall time for mesh and problem init : 183.9ms
parameters:LogTransform::lower bound: 0.0
parameters:WaveEquation::max iter: 10000
parameters:WaveEquation::theta: 0.5
parameters:WaveEquation::tol: 1e-8
parameters:constraints::lower bound: -1e300
parameters:constraints::upper bound: 1e300
parameters:general::dimension: 2
parameters:general::finite element degree: 1
parameters:general::quadrature order: 3
parameters:inversion::method: REGINN
parameters:inversion::tau: 2
parameters:log::console depth: 2
parameters:log::file: wavepi.log
parameters:log::file depth: 3
parameters:log::file depth mpi: 3
parameters:mesh::end time: 6
parameters:mesh::initial refines: 5
parameters:mesh::initial time steps: 256
parameters:output::data: true
parameters:output::destination: ./step-{{i}}/
parameters:output::discrepancy decrease: 0.25
parameters:output::estimate: true
parameters:output::estimate transformed: false
parameters:output::exact: true
parameters:output::exact transformed: false
parameters:output::interval: 10
parameters:output::last: true
parameters:output::residual: true
parameters:output::statistics: history
parameters:problem::H1H1 beta: 0.25
parameters:problem::H1H1 gamma: 0.1
parameters:problem::H1L2 alpha: 0.5
parameters:problem::H2L2 alpha: 0.5
parameters:problem::H2L2 beta: 0.25
parameters:problem::H2L2+L2H1 alpha: 0.5
parameters:problem::H2L2+L2H1 beta: 0.25
parameters:problem::H2L2+L2H1 gamma: 0.5
parameters:problem::background parameter: 0.0
parameters:problem::constants: 
parameters:problem::domain lp wrapping: true
parameters:problem::domain p: 1.5
parameters:problem::epsilon: 5e-3
parameters:problem::initial guess: 0.0
parameters:problem::norm of codomain: L2L2
parameters:problem::norm of domain: H1H1
parameters:problem::parameter a: 1.0
parameters:problem::parameter c: 2.0
parameters:problem::parameter nu: 0.0
parameters:problem::parameter q: 2*if(norm{x|y|z} < 1.5, 2.0+abs(sin(t)), 0.0)
parameters:problem::transform: Identity
parameters:problem::type: q
parameters:watchdog::discrepancy increasing: false
parameters:watchdog::discrepancy slope min values: 40
parameters:watchdog::discrepancy slope percentage: 0.25
parameters:watchdog::discrepancy slope threshold: 0.0
parameters:watchdog::discrepancy threshold: 10.0
parameters:watchdog::maximum iteration count: 0
REGINN::Saving exact parameter in ./step-0000/
REGINN::Saving data in ./step-0000/
REGINN::Saving current residual in ./step-0000/
REGINN::Saving current estimate in ./step-0000/
REGINN::i=0 : rdisc=1.63 , rnorm=0.00 , rerr=1.00 
REGINN::0.00 ≤ estimate ≤ 0.00
REGINN::Solving linear problem using rtol=0.900 and max_iter=1
REGINN:Gradient::k=0 : rdisc=1.00 , norm=0.00 
REGINN:Gradient::k=1 : rdisc=0.696, norm=0.861
REGINN:Gradient::Target discrepancy reached after 1 iteration.
REGINN::i=1 : rdisc=1.15 , rnorm=0.0590, rerr=0.973
REGINN::4.57e-07 ≤ estimate ≤ 2.27
REGINN::
REGINN::Solving linear problem using rtol=0.900 and max_iter=2
REGINN:Gradient::k=0 : rdisc=1.00 , norm=0.00 
REGINN:Gradient::k=1 : rdisc=0.866, norm=0.966
REGINN:Gradient::Target discrepancy reached after 1 iteration.
REGINN::i=2 : rdisc=0.971, rnorm=0.123, rerr=0.950
REGINN::1.23e-06 ≤ estimate ≤ 4.34
REGINN::
REGINN::Solving linear problem using rtol=0.855 and max_iter=2
REGINN:Gradient::k=0 : rdisc=1.00 , norm=0.00 
REGINN:Gradient::k=1 : rdisc=0.732, norm=2.22 
REGINN:Gradient::Target discrepancy reached after 1 iteration.
REGINN::i=3 : rdisc=0.535, rnorm=0.248, rerr=0.939
REGINN::1.57e-06 ≤ estimate ≤ 9.43
REGINN::
REGINN::Solving linear problem using rtol=0.812 and max_iter=2
REGINN:Gradient::k=0 : rdisc=1.00 , norm=0.00 
REGINN:Gradient::k=1 : rdisc=0.755, norm=1.16 
REGINN:Gradient::Target discrepancy reached after 1 iteration.
REGINN::Saving current residual in ./step-0004/
REGINN::Saving current estimate in ./step-0004/
REGINN::i=4 : rdisc=0.377, rnorm=0.321, rerr=0.933
REGINN::2.15e-06 ≤ estimate ≤ 11.4
REGINN::
REGINN::Solving linear problem using rtol=0.772 and max_iter=2
REGINN:Gradient::k=0 : rdisc=1.00 , norm=0.00 
REGINN:Gradient::k=1 : rdisc=0.834, norm=1.15 
REGINN:Gradient::k=2 : rdisc=0.720, norm=1.39 
REGINN:Gradient::Target discrepancy reached after 2 iterations.
REGINN::i=5 : rdisc=0.275, rnorm=0.345, rerr=0.898
REGINN::2.66e-06 ≤ estimate ≤ 8.96
REGINN::
REGINN::Solving linear problem using rtol=0.733 and max_iter=3
REGINN:Gradient::k=0 : rdisc=1.00 , norm=0.00 
REGINN:Gradient::k=1 : rdisc=0.884, norm=0.650
REGINN:Gradient::k=2 : rdisc=0.806, norm=0.781
REGINN:Gradient::k=3 : rdisc=0.731, norm=1.25 
REGINN:Gradient::Target discrepancy reached after 3 iterations.
REGINN::i=6 : rdisc=0.201, rnorm=0.395, rerr=0.877
REGINN::3.08e-06 ≤ estimate ≤ 8.56
REGINN::
REGINN::Solving linear problem using rtol=0.696 and max_iter=5
REGINN:Gradient::k=0 : rdisc=1.00 , norm=0.00 
REGINN:Gradient::k=1 : rdisc=0.928, norm=0.255
REGINN:Gradient::k=2 : rdisc=0.854, norm=0.538
REGINN:Gradient::k=3 : rdisc=0.800, norm=0.678
REGINN:Gradient::k=4 : rdisc=0.737, norm=1.03 
REGINN:Gradient::k=5 : rdisc=0.689, norm=1.13 
REGINN:Gradient::Target discrepancy reached after 5 iterations.
REGINN::i=7 : rdisc=0.138, rnorm=0.421, rerr=0.859
REGINN::3.42e-06 ≤ estimate ≤ 7.82
REGINN::
REGINN::Solving linear problem using rtol=0.662 and max_iter=8
REGINN:Gradient::k=0 : rdisc=1.00 , norm=0.00 
REGINN:Gradient::k=1 : rdisc=0.929, norm=0.368
REGINN:Gradient::k=2 : rdisc=0.877, norm=0.408
REGINN:Gradient::k=3 : rdisc=0.807, norm=0.788
REGINN:Gradient::k=4 : rdisc=0.759, norm=0.832
REGINN:Gradient::k=5 : rdisc=0.711, norm=1.14 
REGINN:Gradient::k=6 : rdisc=0.679, norm=1.17 
REGINN:Gradient::k=7 : rdisc=0.646, norm=1.38 
REGINN:Gradient::Target discrepancy reached after 7 iterations.
REGINN::Saving current residual in ./step-0008/
REGINN::Saving current estimate in ./step-0008/
REGINN::i=8 : rdisc=0.0903, rnorm=0.474, rerr=0.832
REGINN::3.83e-06 ≤ estimate ≤ 7.38
REGINN::
REGINN::Solving linear problem using rtol=0.629 and max_iter=12
REGINN:Gradient::k=0 : rdisc=1.00 , norm=0.00 
REGINN:Gradient::k=1 : rdisc=0.959, norm=0.0844
REGINN:Gradient::k=2 : rdisc=0.941, norm=0.123
REGINN:Gradient::k=3 : rdisc=0.927, norm=0.157
REGINN:Gradient::k=4 : rdisc=0.908, norm=0.231
REGINN:Gradient::k=5 : rdisc=0.892, norm=0.260
REGINN:Gradient::k=6 : rdisc=0.868, norm=0.383
REGINN:Gradient::k=7 : rdisc=0.847, norm=0.408
REGINN:Gradient::k=8 : rdisc=0.818, norm=0.574
REGINN:Gradient::k=9 : rdisc=0.793, norm=0.596
REGINN:Gradient::k=10: rdisc=0.762, norm=0.791
REGINN:Gradient::k=11: rdisc=0.735, norm=0.810
REGINN:Gradient::k=12: rdisc=0.704, norm=1.03 
REGINN:Gradient::Unsuccessful termination after 12 iterations!
REGINN::Linear solver did not achieve desired discrepancy due to max_iter.
REGINN::i=9 : rdisc=0.0639, rnorm=0.499, rerr=0.814
REGINN::4.08e-06 ≤ estimate ≤ 7.14
REGINN::
REGINN::Solving linear problem using rtol=0.783 and max_iter=19
REGINN:Gradient::k=0 : rdisc=1.00 , norm=0.00 
REGINN:Gradient::k=1 : rdisc=0.964, norm=0.0506
REGINN:Gradient::k=2 : rdisc=0.923, norm=0.229
REGINN:Gradient::k=3 : rdisc=0.888, norm=0.247
REGINN:Gradient::k=4 : rdisc=0.851, norm=0.453
REGINN:Gradient::k=5 : rdisc=0.819, norm=0.467
REGINN:Gradient::k=6 : rdisc=0.800, norm=0.561
REGINN:Gradient::k=7 : rdisc=0.788, norm=0.573
REGINN:Gradient::k=8 : rdisc=0.781, norm=0.598
REGINN:Gradient::Target discrepancy reached after 8 iterations.
REGINN::Saving current residual in ./step-0010/
REGINN::Saving current estimate in ./step-0010/
REGINN::i=10: rdisc=0.0504, rnorm=0.511, rerr=0.807
REGINN::-0.00293 ≤ estimate ≤ 6.98
REGINN::
REGINN::Solving linear problem using rtol=0.744 and max_iter=20
REGINN:Gradient::k=0 : rdisc=1.00 , norm=0.00 
REGINN:Gradient::k=1 : rdisc=0.993, norm=0.0206
REGINN:Gradient::k=2 : rdisc=0.986, norm=0.0426
REGINN:Gradient::k=3 : rdisc=0.979, norm=0.0548
REGINN:Gradient::k=4 : rdisc=0.969, norm=0.0967
REGINN:Gradient::k=5 : rdisc=0.960, norm=0.106
REGINN:Gradient::k=6 : rdisc=0.943, norm=0.191
REGINN:Gradient::k=7 : rdisc=0.928, norm=0.198
REGINN:Gradient::k=8 : rdisc=0.885, norm=0.424
REGINN:Gradient::k=9 : rdisc=0.849, norm=0.430
REGINN:Gradient::k=10: rdisc=0.737, norm=1.06 
REGINN:Gradient::Target discrepancy reached after 10 iterations.
REGINN::i=11: rdisc=0.0380, rnorm=0.537, rerr=0.798
REGINN::-0.129 ≤ estimate ≤ 7.05
REGINN::
REGINN::Solving linear problem using rtol=0.795 and max_iter=18
REGINN:Gradient::k=0 : rdisc=1.00 , norm=0.00 
REGINN:Gradient::k=1 : rdisc=0.914, norm=0.0446
REGINN:Gradient::k=2 : rdisc=0.907, norm=0.0544
REGINN:Gradient::k=3 : rdisc=0.904, norm=0.0604
REGINN:Gradient::k=4 : rdisc=0.900, norm=0.0613
REGINN:Gradient::k=5 : rdisc=0.898, norm=0.0698
REGINN:Gradient::k=6 : rdisc=0.894, norm=0.0761
REGINN:Gradient::k=7 : rdisc=0.891, norm=0.0840
REGINN:Gradient::k=8 : rdisc=0.887, norm=0.0973
REGINN:Gradient::k=9 : rdisc=0.883, norm=0.105
REGINN:Gradient::k=10: rdisc=0.877, norm=0.130
REGINN:Gradient::k=11: rdisc=0.872, norm=0.137
REGINN:Gradient::k=12: rdisc=0.861, norm=0.190
REGINN:Gradient::k=13: rdisc=0.851, norm=0.197
REGINN:Gradient::k=14: rdisc=0.828, norm=0.326
REGINN:Gradient::k=15: rdisc=0.806, norm=0.332
REGINN:Gradient::k=16: rdisc=0.754, norm=0.637
REGINN:Gradient::Target discrepancy reached after 16 iterations.
REGINN::i=12: rdisc=0.0293, rnorm=0.551, rerr=0.791
REGINN::-0.235 ≤ estimate ≤ 7.11
REGINN::
REGINN::Solving linear problem using rtol=0.872 and max_iter=26
REGINN:Gradient::k=0 : rdisc=1.00 , norm=0.00 
REGINN:Gradient::k=1 : rdisc=0.940, norm=0.0284
REGINN:Gradient::k=2 : rdisc=0.913, norm=0.142
REGINN:Gradient::k=3 : rdisc=0.898, norm=0.146
REGINN:Gradient::k=4 : rdisc=0.892, norm=0.145
REGINN:Gradient::k=5 : rdisc=0.889, norm=0.149
REGINN:Gradient::k=6 : rdisc=0.887, norm=0.153
REGINN:Gradient::k=7 : rdisc=0.886, norm=0.158
REGINN:Gradient::k=8 : rdisc=0.884, norm=0.163
REGINN:Gradient::k=9 : rdisc=0.882, norm=0.167
REGINN:Gradient::k=10: rdisc=0.880, norm=0.173
REGINN:Gradient::k=11: rdisc=0.878, norm=0.177
REGINN:Gradient::k=12: rdisc=0.877, norm=0.183
REGINN:Gradient::k=13: rdisc=0.875, norm=0.187
REGINN:Gradient::k=14: rdisc=0.873, norm=0.194
REGINN:Gradient::k=15: rdisc=0.871, norm=0.198
REGINN:Gradient::Target discrepancy reached after 15 iterations.
REGINN::i=13: rdisc=0.0256, rnorm=0.554, rerr=0.789
REGINN::-0.265 ≤ estimate ≤ 7.09
REGINN::
REGINN::Solving linear problem using rtol=0.828 and max_iter=31
REGINN:Gradient::k=0 : rdisc=1.00 , norm=0.00 
REGINN:Gradient::k=1 : rdisc=0.987, norm=0.0605
REGINN:Gradient::k=2 : rdisc=0.976, norm=0.0616
REGINN:Gradient::k=3 : rdisc=0.973, norm=0.0730
REGINN:Gradient::k=4 : rdisc=0.970, norm=0.0753
REGINN:Gradient::k=5 : rdisc=0.968, norm=0.0821
REGINN:Gradient::k=6 : rdisc=0.966, norm=0.0851
REGINN:Gradient::k=7 : rdisc=0.964, norm=0.0922
REGINN:Gradient::k=8 : rdisc=0.963, norm=0.0951
REGINN:Gradient::k=9 : rdisc=0.960, norm=0.103
REGINN:Gradient::k=10: rdisc=0.958, norm=0.106
REGINN:Gradient::k=11: rdisc=0.956, norm=0.115
REGINN:Gradient::k=12: rdisc=0.954, norm=0.117
REGINN:Gradient::k=13: rdisc=0.951, norm=0.129
REGINN:Gradient::k=14: rdisc=0.949, norm=0.131
REGINN:Gradient::k=15: rdisc=0.945, norm=0.148
REGINN:Gradient::k=16: rdisc=0.942, norm=0.150
REGINN:Gradient::k=17: rdisc=0.935, norm=0.183
REGINN:Gradient::k=18: rdisc=0.928, norm=0.185
REGINN:Gradient::k=19: rdisc=0.908, norm=0.284
REGINN:Gradient::k=20: rdisc=0.891, norm=0.286
REGINN:Gradient::k=21: rdisc=0.833, norm=0.587
REGINN:Gradient::k=22: rdisc=0.789, norm=0.588
REGINN:Gradient::Target discrepancy reached after 22 iterations.
REGINN::i=14: rdisc=0.0206, rnorm=0.569, rerr=0.784
REGINN::-0.403 ≤ estimate ≤ 7.15
REGINN::
REGINN::Solving linear problem using rtol=0.883 and max_iter=37
REGINN:Gradient::k=0 : rdisc=1.00 , norm=0.00 
REGINN:Gradient::k=1 : rdisc=0.997, norm=0.00807
REGINN:Gradient::k=2 : rdisc=0.995, norm=0.00943
REGINN:Gradient::k=3 : rdisc=0.993, norm=0.0160
REGINN:Gradient::k=4 : rdisc=0.992, norm=0.0177
REGINN:Gradient::k=5 : rdisc=0.990, norm=0.0249
REGINN:Gradient::k=6 : rdisc=0.988, norm=0.0266
REGINN:Gradient::k=7 : rdisc=0.986, norm=0.0348
REGINN:Gradient::k=8 : rdisc=0.984, norm=0.0365
REGINN:Gradient::k=9 : rdisc=0.981, norm=0.0462
REGINN:Gradient::k=10: rdisc=0.979, norm=0.0479
REGINN:Gradient::k=11: rdisc=0.976, norm=0.0604
REGINN:Gradient::k=12: rdisc=0.974, norm=0.0620
REGINN:Gradient::k=13: rdisc=0.970, norm=0.0792
REGINN:Gradient::k=14: rdisc=0.966, norm=0.0808
REGINN:Gradient::k=15: rdisc=0.961, norm=0.106
REGINN:Gradient::k=16: rdisc=0.956, norm=0.108
REGINN:Gradient::k=17: rdisc=0.948, norm=0.148
REGINN:Gradient::k=18: rdisc=0.940, norm=0.149
REGINN:Gradient::k=19: rdisc=0.929, norm=0.210
REGINN:Gradient::k=20: rdisc=0.917, norm=0.212
REGINN:Gradient::k=21: rdisc=0.901, norm=0.302
REGINN:Gradient::k=22: rdisc=0.885, norm=0.304
REGINN:Gradient::k=23: rdisc=0.877, norm=0.351
REGINN:Gradient::Target discrepancy reached after 23 iterations.
REGINN::i=15: rdisc=0.0182, rnorm=0.577, rerr=0.780
REGINN::-0.485 ≤ estimate ≤ 7.17
REGINN::
REGINN::Solving linear problem using rtol=0.888 and max_iter=45
REGINN:Gradient::k=0 : rdisc=1.00 , norm=0.00 
REGINN:Gradient::k=1 : rdisc=0.993, norm=0.00617
REGINN:Gradient::k=2 : rdisc=0.992, norm=0.00805
REGINN:Gradient::k=3 : rdisc=0.991, norm=0.00989
REGINN:Gradient::k=4 : rdisc=0.990, norm=0.0115
REGINN:Gradient::k=5 : rdisc=0.989, norm=0.0132
REGINN:Gradient::k=6 : rdisc=0.988, norm=0.0166
REGINN:Gradient::k=7 : rdisc=0.987, norm=0.0182
REGINN:Gradient::k=8 : rdisc=0.986, norm=0.0242
REGINN:Gradient::k=9 : rdisc=0.984, norm=0.0257
REGINN:Gradient::k=10: rdisc=0.982, norm=0.0369
REGINN:Gradient::k=11: rdisc=0.979, norm=0.0382
REGINN:Gradient::k=12: rdisc=0.975, norm=0.0615
REGINN:Gradient::k=13: rdisc=0.970, norm=0.0628
REGINN:Gradient::k=14: rdisc=0.960, norm=0.114
REGINN:Gradient::k=15: rdisc=0.951, norm=0.115
REGINN:Gradient::k=16: rdisc=0.934, norm=0.207
REGINN:Gradient::k=17: rdisc=0.919, norm=0.208
REGINN:Gradient::k=18: rdisc=0.911, norm=0.252
REGINN:Gradient::k=19: rdisc=0.907, norm=0.253
REGINN:Gradient::k=20: rdisc=0.905, norm=0.254
REGINN:Gradient::k=21: rdisc=0.904, norm=0.255
REGINN:Gradient::k=22: rdisc=0.903, norm=0.257
REGINN:Gradient::k=23: rdisc=0.903, norm=0.258
REGINN:Gradient::k=24: rdisc=0.902, norm=0.261
REGINN:Gradient::k=25: rdisc=0.901, norm=0.262
REGINN:Gradient::k=26: rdisc=0.900, norm=0.267
REGINN:Gradient::k=27: rdisc=0.899, norm=0.268
REGINN:Gradient::k=28: rdisc=0.898, norm=0.276
REGINN:Gradient::k=29: rdisc=0.897, norm=0.277
REGINN:Gradient::k=30: rdisc=0.894, norm=0.294
REGINN:Gradient::k=31: rdisc=0.891, norm=0.294
REGINN:Gradient::k=32: rdisc=0.883, norm=0.339
REGINN:Gradient::Target discrepancy reached after 32 iterations.
REGINN::i=16: rdisc=0.0162, rnorm=0.585, rerr=0.776
REGINN::-0.552 ≤ estimate ≤ 7.17
REGINN::
REGINN::Solving linear problem using rtol=0.920 and max_iter=55
REGINN:Gradient::k=0 : rdisc=1.00 , norm=0.00 
REGINN:Gradient::k=1 : rdisc=0.993, norm=0.00534
REGINN:Gradient::k=2 : rdisc=0.983, norm=0.0525
REGINN:Gradient::k=3 : rdisc=0.976, norm=0.0538
REGINN:Gradient::k=4 : rdisc=0.973, norm=0.0626
REGINN:Gradient::k=5 : rdisc=0.972, norm=0.0637
REGINN:Gradient::k=6 : rdisc=0.971, norm=0.0645
REGINN:Gradient::k=7 : rdisc=0.970, norm=0.0660
REGINN:Gradient::k=8 : rdisc=0.970, norm=0.0674
REGINN:Gradient::k=9 : rdisc=0.969, norm=0.0688
REGINN:Gradient::k=10: rdisc=0.969, norm=0.0704
REGINN:Gradient::k=11: rdisc=0.968, norm=0.0717
REGINN:Gradient::k=12: rdisc=0.968, norm=0.0738
REGINN:Gradient::k=13: rdisc=0.967, norm=0.0748
REGINN:Gradient::k=14: rdisc=0.967, norm=0.0779
REGINN:Gradient::k=15: rdisc=0.966, norm=0.0788
REGINN:Gradient::k=16: rdisc=0.965, norm=0.0845
REGINN:Gradient::k=17: rdisc=0.964, norm=0.0854
REGINN:Gradient::k=18: rdisc=0.961, norm=0.100
REGINN:Gradient::k=19: rdisc=0.959, norm=0.101
REGINN:Gradient::k=20: rdisc=0.949, norm=0.153
REGINN:Gradient::k=21: rdisc=0.941, norm=0.153
REGINN:Gradient::k=22: rdisc=0.934, norm=0.193
REGINN:Gradient::k=23: rdisc=0.929, norm=0.194
REGINN:Gradient::k=24: rdisc=0.928, norm=0.195
REGINN:Gradient::k=25: rdisc=0.927, norm=0.196
REGINN:Gradient::k=26: rdisc=0.927, norm=0.197
REGINN:Gradient::k=27: rdisc=0.926, norm=0.198
REGINN:Gradient::k=28: rdisc=0.926, norm=0.200
REGINN:Gradient::k=29: rdisc=0.925, norm=0.201
REGINN:Gradient::k=30: rdisc=0.925, norm=0.204
REGINN:Gradient::k=31: rdisc=0.924, norm=0.205
REGINN:Gradient::k=32: rdisc=0.923, norm=0.210
REGINN:Gradient::k=33: rdisc=0.922, norm=0.210
REGINN:Gradient::k=34: rdisc=0.920, norm=0.222
REGINN:Gradient::k=35: rdisc=0.918, norm=0.222
REGINN:Gradient::Target discrepancy reached after 35 iterations.
REGINN::i=17: rdisc=0.0150, rnorm=0.590, rerr=0.773
REGINN::-0.586 ≤ estimate ≤ 7.16
REGINN::
REGINN::Solving linear problem using rtol=0.926 and max_iter=67
REGINN:Gradient::k=0 : rdisc=1.00 , norm=0.00 
REGINN:Gradient::k=1 : rdisc=0.993, norm=0.0391
REGINN:Gradient::k=2 : rdisc=0.987, norm=0.0394
REGINN:Gradient::k=3 : rdisc=0.982, norm=0.0618
REGINN:Gradient::k=4 : rdisc=0.980, norm=0.0624
REGINN:Gradient::k=5 : rdisc=0.979, norm=0.0636
REGINN:Gradient::k=6 : rdisc=0.979, norm=0.0643
REGINN:Gradient::k=7 : rdisc=0.978, norm=0.0667
REGINN:Gradient::k=8 : rdisc=0.977, norm=0.0673
REGINN:Gradient::k=9 : rdisc=0.976, norm=0.0717
REGINN:Gradient::k=10: rdisc=0.975, norm=0.0723
REGINN:Gradient::k=11: rdisc=0.973, norm=0.0824
REGINN:Gradient::k=12: rdisc=0.972, norm=0.0830
REGINN:Gradient::k=13: rdisc=0.966, norm=0.118
REGINN:Gradient::k=14: rdisc=0.960, norm=0.118
REGINN:Gradient::k=15: rdisc=0.955, norm=0.145
REGINN:Gradient::k=16: rdisc=0.952, norm=0.145
REGINN:Gradient::k=17: rdisc=0.949, norm=0.155
REGINN:Gradient::k=18: rdisc=0.948, norm=0.156
REGINN:Gradient::k=19: rdisc=0.947, norm=0.159
REGINN:Gradient::k=20: rdisc=0.946, norm=0.160
REGINN:Gradient::k=21: rdisc=0.946, norm=0.164
REGINN:Gradient::k=22: rdisc=0.945, norm=0.165
REGINN:Gradient::k=23: rdisc=0.943, norm=0.172
REGINN:Gradient::k=24: rdisc=0.942, norm=0.173
REGINN:Gradient::k=25: rdisc=0.940, norm=0.188
REGINN:Gradient::k=26: rdisc=0.937, norm=0.188
REGINN:Gradient::k=27: rdisc=0.937, norm=0.191
REGINN:Gradient::k=28: rdisc=0.936, norm=0.191
REGINN:Gradient::k=29: rdisc=0.936, norm=0.195
REGINN:Gradient::k=30: rdisc=0.935, norm=0.195
REGINN:Gradient::k=31: rdisc=0.934, norm=0.202
REGINN:Gradient::k=32: rdisc=0.933, norm=0.202
REGINN:Gradient::k=33: rdisc=0.929, norm=0.222
REGINN:Gradient::k=34: rdisc=0.926, norm=0.223
REGINN:Gradient::Target discrepancy reached after 34 iterations.
REGINN::i=18: rdisc=0.0139, rnorm=0.594, rerr=0.770
REGINN::-0.614 ≤ estimate ≤ 7.15
REGINN::
REGINN::Solving linear problem using rtol=0.880 and max_iter=69
REGINN:Gradient::k=0 : rdisc=1.00 , norm=0.00 
REGINN:Gradient::k=1 : rdisc=0.999, norm=0.00725
REGINN:Gradient::k=2 : rdisc=0.998, norm=0.00750
REGINN:Gradient::k=3 : rdisc=0.996, norm=0.0141
REGINN:Gradient::k=4 : rdisc=0.995, norm=0.0145
REGINN:Gradient::k=5 : rdisc=0.994, norm=0.0183
REGINN:Gradient::k=6 : rdisc=0.994, norm=0.0188
REGINN:Gradient::k=7 : rdisc=0.993, norm=0.0241
REGINN:Gradient::k=8 : rdisc=0.992, norm=0.0246
REGINN:Gradient::k=9 : rdisc=0.990, norm=0.0334
REGINN:Gradient::k=10: rdisc=0.989, norm=0.0339
REGINN:Gradient::k=11: rdisc=0.987, norm=0.0430
REGINN:Gradient::k=12: rdisc=0.986, norm=0.0435
REGINN:Gradient::k=13: rdisc=0.985, norm=0.0453
REGINN:Gradient::k=14: rdisc=0.985, norm=0.0460
REGINN:Gradient::k=15: rdisc=0.984, norm=0.0488
REGINN:Gradient::k=16: rdisc=0.983, norm=0.0494
REGINN:Gradient::k=17: rdisc=0.982, norm=0.0553
REGINN:Gradient::k=18: rdisc=0.981, norm=0.0558
REGINN:Gradient::k=19: rdisc=0.978, norm=0.0754
REGINN:Gradient::k=20: rdisc=0.975, norm=0.0760
REGINN:Gradient::k=21: rdisc=0.958, norm=0.176
REGINN:Gradient::k=22: rdisc=0.942, norm=0.176
REGINN:Gradient::k=23: rdisc=0.941, norm=0.180
REGINN:Gradient::k=24: rdisc=0.941, norm=0.181
REGINN:Gradient::k=25: rdisc=0.940, norm=0.182
REGINN:Gradient::k=26: rdisc=0.940, norm=0.182
REGINN:Gradient::k=27: rdisc=0.940, norm=0.184
REGINN:Gradient::k=28: rdisc=0.939, norm=0.185
REGINN:Gradient::k=29: rdisc=0.939, norm=0.188
REGINN:Gradient::k=30: rdisc=0.938, norm=0.188
REGINN:Gradient::k=31: rdisc=0.937, norm=0.195
REGINN:Gradient::k=32: rdisc=0.936, norm=0.195
REGINN:Gradient::k=33: rdisc=0.933, norm=0.214
REGINN:Gradient::k=34: rdisc=0.930, norm=0.214
REGINN:Gradient::k=35: rdisc=0.917, norm=0.293
REGINN:Gradient::k=36: rdisc=0.906, norm=0.294
REGINN:Gradient::k=37: rdisc=0.902, norm=0.318
REGINN:Gradient::k=38: rdisc=0.899, norm=0.319
REGINN:Gradient::k=39: rdisc=0.898, norm=0.322
REGINN:Gradient::k=40: rdisc=0.897, norm=0.322
REGINN:Gradient::k=41: rdisc=0.896, norm=0.328
REGINN:Gradient::k=42: rdisc=0.895, norm=0.328
REGINN:Gradient::k=43: rdisc=0.894, norm=0.337
REGINN:Gradient::k=44: rdisc=0.893, norm=0.337
REGINN:Gradient::k=45: rdisc=0.892, norm=0.339
REGINN:Gradient::k=46: rdisc=0.892, norm=0.340
REGINN:Gradient::k=47: rdisc=0.892, norm=0.342
REGINN:Gradient::k=48: rdisc=0.891, norm=0.342
REGINN:Gradient::k=49: rdisc=0.890, norm=0.347
REGINN:Gradient::k=50: rdisc=0.890, norm=0.347
REGINN:Gradient::k=51: rdisc=0.888, norm=0.360
REGINN:Gradient::k=52: rdisc=0.886, norm=0.360
REGINN:Gradient::k=53: rdisc=0.882, norm=0.384
REGINN:Gradient::k=54: rdisc=0.879, norm=0.385
REGINN:Gradient::Target discrepancy reached after 54 iterations.
REGINN::Saving current residual in ./step-0019/
REGINN::Saving current estimate in ./step-0019/
REGINN::i=19: rdisc=0.0123, rnorm=0.602, rerr=0.765
REGINN::-0.647 ≤ estimate ≤ 7.10
REGINN::
REGINN::Solving linear problem using rtol=0.925 and max_iter=88
REGINN:Gradient::k=0 : rdisc=1.00 , norm=0.00 
REGINN:Gradient::k=1 : rdisc=0.999, norm=0.00186
REGINN:Gradient::k=2 : rdisc=0.999, norm=0.00235
REGINN:Gradient::k=3 : rdisc=0.999, norm=0.00374
REGINN:Gradient::k=4 : rdisc=0.998, norm=0.00407
REGINN:Gradient::k=5 : rdisc=0.998, norm=0.00588
REGINN:Gradient::k=6 : rdisc=0.997, norm=0.00626
REGINN:Gradient::k=7 : rdisc=0.997, norm=0.00976
REGINN:Gradient::k=8 : rdisc=0.996, norm=0.0101
REGINN:Gradient::k=9 : rdisc=0.994, norm=0.0192
REGINN:Gradient::k=10: rdisc=0.993, norm=0.0196
REGINN:Gradient::k=11: rdisc=0.986, norm=0.0596
REGINN:Gradient::k=12: rdisc=0.980, norm=0.0600
REGINN:Gradient::k=13: rdisc=0.977, norm=0.0787
REGINN:Gradient::k=14: rdisc=0.974, norm=0.0792
REGINN:Gradient::k=15: rdisc=0.973, norm=0.0826
REGINN:Gradient::k=16: rdisc=0.973, norm=0.0830
REGINN:Gradient::k=17: rdisc=0.972, norm=0.0838
REGINN:Gradient::k=18: rdisc=0.972, norm=0.0845
REGINN:Gradient::k=19: rdisc=0.972, norm=0.0853
REGINN:Gradient::k=20: rdisc=0.972, norm=0.0860
REGINN:Gradient::k=21: rdisc=0.971, norm=0.0870
REGINN:Gradient::k=22: rdisc=0.971, norm=0.0876
REGINN:Gradient::k=23: rdisc=0.971, norm=0.0888
REGINN:Gradient::k=24: rdisc=0.971, norm=0.0893
REGINN:Gradient::k=25: rdisc=0.970, norm=0.0909
REGINN:Gradient::k=26: rdisc=0.970, norm=0.0914
REGINN:Gradient::k=27: rdisc=0.969, norm=0.0943
REGINN:Gradient::k=28: rdisc=0.969, norm=0.0947
REGINN:Gradient::k=29: rdisc=0.968, norm=0.102
REGINN:Gradient::k=30: rdisc=0.967, norm=0.102
REGINN:Gradient::k=31: rdisc=0.962, norm=0.129
REGINN:Gradient::k=32: rdisc=0.958, norm=0.130
REGINN:Gradient::k=33: rdisc=0.954, norm=0.157
REGINN:Gradient::k=34: rdisc=0.950, norm=0.157
REGINN:Gradient::k=35: rdisc=0.949, norm=0.159
REGINN:Gradient::k=36: rdisc=0.949, norm=0.160
REGINN:Gradient::k=37: rdisc=0.949, norm=0.160
REGINN:Gradient::k=38: rdisc=0.948, norm=0.161
REGINN:Gradient::k=39: rdisc=0.948, norm=0.162
REGINN:Gradient::k=40: rdisc=0.948, norm=0.163
REGINN:Gradient::k=41: rdisc=0.948, norm=0.164
REGINN:Gradient::k=42: rdisc=0.947, norm=0.165
REGINN:Gradient::k=43: rdisc=0.947, norm=0.167
REGINN:Gradient::k=44: rdisc=0.947, norm=0.167
REGINN:Gradient::k=45: rdisc=0.946, norm=0.172
REGINN:Gradient::k=46: rdisc=0.945, norm=0.172
REGINN:Gradient::k=47: rdisc=0.943, norm=0.186
REGINN:Gradient::k=48: rdisc=0.941, norm=0.187
REGINN:Gradient::k=49: rdisc=0.934, norm=0.231
REGINN:Gradient::k=50: rdisc=0.927, norm=0.232
REGINN:Gradient::k=51: rdisc=0.923, norm=0.256
REGINN:Gradient::Target discrepancy reached after 51 iterations.
REGINN::Saving current residual in ./step-0020/
REGINN::Saving current estimate in ./step-0020/
REGINN::i=20: rdisc=0.0115, rnorm=0.606, rerr=0.761
REGINN::-0.662 ≤ estimate ≤ 7.06
REGINN::
REGINN::Solving linear problem using rtol=0.878 and max_iter=105
REGINN:Gradient::k=0 : rdisc=1.00 , norm=0.00 
REGINN:Gradient::k=1 : rdisc=0.998, norm=0.00280
REGINN:Gradient::k=2 : rdisc=0.997, norm=0.00388
REGINN:Gradient::k=3 : rdisc=0.996, norm=0.00476
REGINN:Gradient::k=4 : rdisc=0.996, norm=0.00545
REGINN:Gradient::k=5 : rdisc=0.996, norm=0.00603
REGINN:Gradient::k=6 : rdisc=0.995, norm=0.00666
REGINN:Gradient::k=7 : rdisc=0.995, norm=0.00713
REGINN:Gradient::k=8 : rdisc=0.995, norm=0.00830
REGINN:Gradient::k=9 : rdisc=0.994, norm=0.00868
REGINN:Gradient::k=10: rdisc=0.994, norm=0.0110
REGINN:Gradient::k=11: rdisc=0.993, norm=0.0114
REGINN:Gradient::k=12: rdisc=0.992, norm=0.0176
REGINN:Gradient::k=13: rdisc=0.991, norm=0.0180
REGINN:Gradient::k=14: rdisc=0.986, norm=0.0451
REGINN:Gradient::k=15: rdisc=0.982, norm=0.0456
REGINN:Gradient::k=16: rdisc=0.981, norm=0.0517
REGINN:Gradient::k=17: rdisc=0.980, norm=0.0520
REGINN:Gradient::k=18: rdisc=0.980, norm=0.0535
REGINN:Gradient::k=19: rdisc=0.980, norm=0.0539
REGINN:Gradient::k=20: rdisc=0.979, norm=0.0560
REGINN:Gradient::k=21: rdisc=0.979, norm=0.0564
REGINN:Gradient::k=22: rdisc=0.978, norm=0.0606
REGINN:Gradient::k=23: rdisc=0.978, norm=0.0610
REGINN:Gradient::k=24: rdisc=0.976, norm=0.0724
REGINN:Gradient::k=25: rdisc=0.974, norm=0.0728
REGINN:Gradient::k=26: rdisc=0.973, norm=0.0764
REGINN:Gradient::k=27: rdisc=0.973, norm=0.0768
REGINN:Gradient::k=28: rdisc=0.973, norm=0.0776
REGINN:Gradient::k=29: rdisc=0.972, norm=0.0781
REGINN:Gradient::k=30: rdisc=0.972, norm=0.0791
REGINN:Gradient::k=31: rdisc=0.972, norm=0.0795
REGINN:Gradient::k=32: rdisc=0.972, norm=0.0808
REGINN:Gradient::k=33: rdisc=0.971, norm=0.0812
REGINN:Gradient::k=34: rdisc=0.971, norm=0.0835
REGINN:Gradient::k=35: rdisc=0.971, norm=0.0838
REGINN:Gradient::k=36: rdisc=0.970, norm=0.0890
REGINN:Gradient::k=37: rdisc=0.969, norm=0.0894
REGINN:Gradient::k=38: rdisc=0.966, norm=0.108
REGINN:Gradient::k=39: rdisc=0.963, norm=0.108
REGINN:Gradient::k=40: rdisc=0.959, norm=0.136
REGINN:Gradient::k=41: rdisc=0.955, norm=0.136
REGINN:Gradient::k=42: rdisc=0.955, norm=0.139
REGINN:Gradient::k=43: rdisc=0.954, norm=0.141
REGINN:Gradient::k=44: rdisc=0.954, norm=0.142
REGINN:Gradient::k=45: rdisc=0.953, norm=0.142
REGINN:Gradient::k=46: rdisc=0.953, norm=0.144
REGINN:Gradient::k=47: rdisc=0.953, norm=0.144
REGINN:Gradient::k=48: rdisc=0.952, norm=0.147
REGINN:Gradient::k=49: rdisc=0.952, norm=0.147
REGINN:Gradient::k=50: rdisc=0.951, norm=0.154
REGINN:Gradient::k=51: rdisc=0.950, norm=0.155
REGINN:Gradient::k=52: rdisc=0.946, norm=0.180
REGINN:Gradient::k=53: rdisc=0.942, norm=0.181
REGINN:Gradient::k=54: rdisc=0.941, norm=0.190
REGINN:Gradient::k=55: rdisc=0.940, norm=0.190
REGINN:Gradient::k=56: rdisc=0.940, norm=0.190
REGINN:Gradient::k=57: rdisc=0.940, norm=0.191
REGINN:Gradient::k=58: rdisc=0.939, norm=0.192
REGINN:Gradient::k=59: rdisc=0.939, norm=0.192
REGINN:Gradient::k=60: rdisc=0.939, norm=0.194
REGINN:Gradient::k=61: rdisc=0.939, norm=0.194
REGINN:Gradient::k=62: rdisc=0.938, norm=0.196
REGINN:Gradient::k=63: rdisc=0.938, norm=0.197
REGINN:Gradient::k=64: rdisc=0.937, norm=0.203
REGINN:Gradient::k=65: rdisc=0.936, norm=0.203
REGINN:Gradient::k=66: rdisc=0.933, norm=0.222
REGINN:Gradient::k=67: rdisc=0.931, norm=0.223
REGINN:Gradient::k=68: rdisc=0.928, norm=0.241
REGINN:Gradient::k=69: rdisc=0.926, norm=0.242
REGINN:Gradient::k=70: rdisc=0.925, norm=0.244
REGINN:Gradient::k=71: rdisc=0.925, norm=0.244
REGINN:Gradient::k=72: rdisc=0.925, norm=0.245
REGINN:Gradient::k=73: rdisc=0.924, norm=0.245
REGINN:Gradient::k=74: rdisc=0.924, norm=0.246
REGINN:Gradient::k=75: rdisc=0.924, norm=0.246
REGINN:Gradient::k=76: rdisc=0.924, norm=0.247
REGINN:Gradient::k=77: rdisc=0.924, norm=0.248
REGINN:Gradient::k=78: rdisc=0.924, norm=0.248
REGINN:Gradient::k=79: rdisc=0.924, norm=0.249
REGINN:Gradient::k=80: rdisc=0.923, norm=0.249
REGINN:Gradient::k=81: rdisc=0.923, norm=0.250
REGINN:Gradient::k=82: rdisc=0.923, norm=0.251
REGINN:Gradient::k=83: rdisc=0.923, norm=0.252
REGINN:Gradient::k=84: rdisc=0.922, norm=0.253
REGINN:Gradient::k=85: rdisc=0.922, norm=0.257
REGINN:Gradient::k=86: rdisc=0.921, norm=0.257
REGINN:Gradient::k=87: rdisc=0.918, norm=0.277
REGINN:Gradient::k=88: rdisc=0.916, norm=0.277
REGINN:Gradient::k=89: rdisc=0.899, norm=0.398
REGINN:Gradient::k=90: rdisc=0.889, norm=0.398
REGINN:Gradient::k=91: rdisc=0.887, norm=0.399
REGINN:Gradient::k=92: rdisc=0.886, norm=0.399
REGINN:Gradient::k=93: rdisc=0.885, norm=0.400
REGINN:Gradient::k=94: rdisc=0.885, norm=0.400
REGINN:Gradient::k=95: rdisc=0.884, norm=0.401
REGINN:Gradient::k=96: rdisc=0.884, norm=0.401
REGINN:Gradient::k=97: rdisc=0.884, norm=0.402
REGINN:Gradient::k=98: rdisc=0.883, norm=0.403
REGINN:Gradient::k=99: rdisc=0.883, norm=0.403
REGINN:Gradient::k=100: rdisc=0.883, norm=0.405
REGINN:Gradient::k=101: rdisc=0.883, norm=0.406
REGINN:Gradient::k=102: rdisc=0.882, norm=0.409
REGINN:Gradient::k=103: rdisc=0.882, norm=0.409
REGINN:Gradient::k=104: rdisc=0.881, norm=0.416
REGINN:Gradient::k=105: rdisc=0.880, norm=0.417
REGINN:Gradient::Unsuccessful termination after 105 iterations!
REGINN::Linear solver did not achieve desired discrepancy due to max_iter.
REGINN::i=21: rdisc=0.0101, rnorm=0.614, rerr=0.754
REGINN::-0.673 ≤ estimate ≤ 6.98
REGINN::
REGINN::Solving linear problem using rtol=0.985 and max_iter=156
REGINN:Gradient::k=0 : rdisc=1.00 , norm=0.00 
REGINN:Gradient::k=1 : rdisc=1.00 , norm=0.00201
REGINN:Gradient::k=2 : rdisc=0.999, norm=0.00218
REGINN:Gradient::k=3 : rdisc=0.999, norm=0.00351
REGINN:Gradient::k=4 : rdisc=0.999, norm=0.00380
REGINN:Gradient::k=5 : rdisc=0.999, norm=0.00560
REGINN:Gradient::k=6 : rdisc=0.998, norm=0.00586
REGINN:Gradient::k=7 : rdisc=0.998, norm=0.00870
REGINN:Gradient::k=8 : rdisc=0.997, norm=0.00897
REGINN:Gradient::k=9 : rdisc=0.997, norm=0.0142
REGINN:Gradient::k=10: rdisc=0.996, norm=0.0144
REGINN:Gradient::k=11: rdisc=0.995, norm=0.0180
REGINN:Gradient::k=12: rdisc=0.995, norm=0.0183
REGINN:Gradient::k=13: rdisc=0.995, norm=0.0190
REGINN:Gradient::k=14: rdisc=0.994, norm=0.0194
REGINN:Gradient::k=15: rdisc=0.994, norm=0.0203
REGINN:Gradient::k=16: rdisc=0.994, norm=0.0206
REGINN:Gradient::k=17: rdisc=0.994, norm=0.0220
REGINN:Gradient::k=18: rdisc=0.994, norm=0.0223
REGINN:Gradient::k=19: rdisc=0.993, norm=0.0252
REGINN:Gradient::k=20: rdisc=0.993, norm=0.0255
REGINN:Gradient::k=21: rdisc=0.992, norm=0.0329
REGINN:Gradient::k=22: rdisc=0.991, norm=0.0332
REGINN:Gradient::k=23: rdisc=0.988, norm=0.0500
REGINN:Gradient::k=24: rdisc=0.986, norm=0.0504
REGINN:Gradient::k=25: rdisc=0.983, norm=0.0708
REGINN:Gradient::Target discrepancy reached after 25 iterations.
REGINN::i=22: rdisc=0.00998, rnorm=0.615, rerr=0.753
REGINN::-0.674 ≤ estimate ≤ 6.97
REGINN::
REGINN::Saving current residual in ./step-0022/
REGINN::Saving current estimate in ./step-0022/
REGINN::Target discrepancy reached after 22 iterations.
REGINN::-0.674 ≤ estimate ≤ 6.97
Relative p-norm on top of H¹([0, T], H¹(Ω)) with p=1.500000 error of the reconstruction: 0.753
reconstruction error in other norms: 
Relative (ℝⁿ, ‖·‖₂) error of the reconstruction: 0.267
Relative L²([0,T], L²(Ω)) error of the reconstruction: 0.196
Relative H¹([0,T], L²(Ω)) error of the reconstruction: 0.270
Relative H¹([0, T], H¹(Ω)) error of the reconstruction: 0.484
Relative H²([0,T], L²(Ω)) error of the reconstruction: 0.781
Relative p-norm on top of H¹([0, T], H¹(Ω)) with p=1.500000 error of (reconstruction - initial guess): 0.753
reconstruction error in other norms: 
Relative (ℝⁿ, ‖·‖₂) error of (reconstruction - initial guess): 0.267
Relative L²([0,T], L²(Ω)) error of (reconstruction - initial guess): 0.196
Relative H¹([0,T], L²(Ω)) error of (reconstruction - initial guess): 0.270
Relative H¹([0, T], H¹(Ω)) error of (reconstruction - initial guess): 0.484
Relative H²([0,T], L²(Ω)) error of (reconstruction - initial guess): 0.781
stats::forward              : 24 calls, average 1.4s per call
stats::linearization forward: 463 calls, average 1.4s per call
stats::linearization adjoint: 463 calls, average 1.4s per call
stats::measure forward      : 487 calls, average 689.1µs per call
stats::measure adjoint      : 463 calls, average 474.3µs per call
stats::total wall time      : 27min 14s
