JobId thies-arch1 Fri Mar 23 11:38:03 2018
wavepi e5305cc0
Release-Build, compiled on 2018-03-23T10:36:14Z from commit e5305cc0c7cc0055bb481bdb634a9178ecfa25c1 ("paramq") on branch banach

initialize_mesh::Number of active cells: 1024
initialize_mesh::Number of degrees of freedom in the first spatial mesh: 1089
initialize_mesh::cell diameters: minimal = 0.354, maximal = 0.354
initialize_mesh::dt: 0.0235
initialize_mesh::expected size of a DiscretizedFunction<2>: 2.13 MiB
Initializing problem
Generating synthetic data (inverse crime)
wall time for data synthesis        : 1.1s
wall time for mesh and problem init : 3.3ms
parameters:LogTransform::lower bound: 0.0
parameters:WaveEquation::max iter: 10000
parameters:WaveEquation::theta: 0.5
parameters:WaveEquation::tol: 1e-8
parameters:constraints::lower bound: -1e300
parameters:constraints::upper bound: 1e300
parameters:general::dimension: 2
parameters:general::finite element degree: 1
parameters:general::quadrature order: 3
parameters:inversion::method: REGINN
parameters:inversion::tau: 2
parameters:log::console depth: 2
parameters:log::file: wavepi.log
parameters:log::file depth: 6
parameters:log::file depth mpi: 4
parameters:mesh::end time: 6
parameters:mesh::initial refines: 5
parameters:mesh::initial time steps: 256
parameters:output::data: true
parameters:output::destination: ./step-{{i}}/
parameters:output::discrepancy decrease: 0.25
parameters:output::estimate: true
parameters:output::estimate transformed: false
parameters:output::exact: true
parameters:output::exact transformed: false
parameters:output::interval: 0
parameters:output::last: true
parameters:output::residual: true
parameters:output::statistics: history
parameters:problem::H1H1 beta: 0.5
parameters:problem::H1H1 gamma: 0.5
parameters:problem::H1L2 alpha: 0.5
parameters:problem::H2L2 alpha: 0.5
parameters:problem::H2L2 beta: 0.25
parameters:problem::H2L2+L2H1 alpha: 0.5
parameters:problem::H2L2+L2H1 beta: 0.25
parameters:problem::H2L2+L2H1 gamma: 0.5
parameters:problem::constants: 
parameters:problem::epsilon: 1e-2
parameters:problem::initial guess: 0.0
parameters:problem::norm of codomain: L2L2
parameters:problem::norm of domain: Coefficients
parameters:problem::parameter a: 1.0
parameters:problem::parameter c: 2.0
parameters:problem::parameter nu: 0.0
parameters:problem::parameter q: 2*if(norm{x|y|z} < 2.0, 2.0+abs(sin(t)), 0.0)
parameters:problem::transform: Identity
parameters:problem::type: q
parameters:watchdog::discrepancy increasing: false
parameters:watchdog::discrepancy slope min values: 40
parameters:watchdog::discrepancy slope percentage: 0.25
parameters:watchdog::discrepancy slope threshold: 0.0
parameters:watchdog::discrepancy threshold: 10.0
parameters:watchdog::maximum iteration count: 0
REGINN::Saving exact parameter in ./step-0000/
REGINN::Saving data in ./step-0000/
REGINN::i=0 : rdisc=1.37 , rnorm=0.00 , rerr=1.00 
REGINN::0.00 ≤ estimate ≤ 0.00
REGINN::Solving linear problem using rtol=0.900 and max_iter=0
REGINN:Gradient::k=0 : rdisc=1.00 , norm=0.00 
REGINN:Gradient::k=1 : rdisc=0.829, norm=130. 
REGINN:Gradient::Target discrepancy reached after 1 iteration.
REGINN::i=1 : rdisc=1.15 , rnorm=0.109, rerr=0.968
REGINN::-0.467 ≤ estimate ≤ 0.623
REGINN::
REGINN::Solving linear problem using rtol=0.900 and max_iter=0
REGINN:Gradient::k=0 : rdisc=1.00 , norm=0.00 
REGINN:Gradient::k=1 : rdisc=0.706, norm=601. 
REGINN:Gradient::Target discrepancy reached after 1 iteration.
REGINN::i=2 : rdisc=0.754, rnorm=0.576, rerr=0.988
REGINN::-2.19 ≤ estimate ≤ 3.67
REGINN::
REGINN::Solving linear problem using rtol=0.855 and max_iter=0
REGINN:Gradient::k=0 : rdisc=1.00 , norm=0.00 
REGINN:Gradient::k=1 : rdisc=0.803, norm=242. 
REGINN:Gradient::Target discrepancy reached after 1 iteration.
REGINN::i=3 : rdisc=0.599, rnorm=0.569, rerr=0.966
REGINN::-3.15 ≤ estimate ≤ 4.81
REGINN::
REGINN::Solving linear problem using rtol=0.812 and max_iter=0
REGINN:Gradient::k=0 : rdisc=1.00 , norm=0.00 
REGINN:Gradient::k=1 : rdisc=0.740, norm=290. 
REGINN:Gradient::Target discrepancy reached after 1 iteration.
REGINN::i=4 : rdisc=0.392, rnorm=0.767, rerr=1.01 
REGINN::-3.79 ≤ estimate ≤ 6.37
REGINN::
REGINN::Solving linear problem using rtol=0.772 and max_iter=0
REGINN:Gradient::k=0 : rdisc=1.00 , norm=0.00 
REGINN:Gradient::k=1 : rdisc=0.703, norm=243. 
REGINN:Gradient::Target discrepancy reached after 1 iteration.
REGINN::Saving current residual in ./step-0005/
REGINN::Saving current estimate in ./step-0005/
REGINN::i=5 : rdisc=0.266, rnorm=0.796, rerr=0.983
REGINN::-4.49 ≤ estimate ≤ 7.58
REGINN::
REGINN::Solving linear problem using rtol=0.733 and max_iter=0
REGINN:Gradient::k=0 : rdisc=1.00 , norm=0.00 
REGINN:Gradient::k=1 : rdisc=0.808, norm=136. 
REGINN:Gradient::k=2 : rdisc=0.722, norm=147. 
REGINN:Gradient::Target discrepancy reached after 2 iterations.
REGINN::i=6 : rdisc=0.198, rnorm=0.828, rerr=0.968
REGINN::-4.67 ≤ estimate ≤ 8.52
REGINN::
REGINN::Solving linear problem using rtol=0.696 and max_iter=0
REGINN:Gradient::k=0 : rdisc=1.00 , norm=0.00 
REGINN:Gradient::k=1 : rdisc=0.836, norm=131. 
REGINN:Gradient::k=2 : rdisc=0.762, norm=149. 
REGINN:Gradient::k=3 : rdisc=0.689, norm=221. 
REGINN:Gradient::Target discrepancy reached after 3 iterations.
REGINN::i=7 : rdisc=0.139, rnorm=0.851, rerr=0.929
REGINN::-5.17 ≤ estimate ≤ 9.71
REGINN::
REGINN::Solving linear problem using rtol=0.662 and max_iter=0
REGINN:Gradient::k=0 : rdisc=1.00 , norm=0.00 
REGINN:Gradient::k=1 : rdisc=0.941, norm=34.4 
REGINN:Gradient::k=2 : rdisc=0.886, norm=79.3 
REGINN:Gradient::k=3 : rdisc=0.836, norm=104. 
REGINN:Gradient::k=4 : rdisc=0.806, norm=131. 
REGINN:Gradient::k=5 : rdisc=0.775, norm=150. 
REGINN:Gradient::k=6 : rdisc=0.756, norm=167. 
REGINN:Gradient::k=7 : rdisc=0.725, norm=191. 
REGINN:Gradient::k=8 : rdisc=0.707, norm=202. 
REGINN:Gradient::k=9 : rdisc=0.679, norm=233. 
REGINN:Gradient::k=10: rdisc=0.655, norm=245. 
REGINN:Gradient::Target discrepancy reached after 10 iterations.
REGINN::i=8 : rdisc=0.0925, rnorm=0.862, rerr=0.882
REGINN::-5.78 ≤ estimate ≤ 11.0
REGINN::
REGINN::Solving linear problem using rtol=0.629 and max_iter=0
REGINN:Gradient::k=0 : rdisc=1.00 , norm=0.00 
REGINN:Gradient::k=1 : rdisc=0.959, norm=29.9 
REGINN:Gradient::k=2 : rdisc=0.933, norm=36.3 
REGINN:Gradient::k=3 : rdisc=0.895, norm=64.8 
REGINN:Gradient::k=4 : rdisc=0.862, norm=75.6 
REGINN:Gradient::k=5 : rdisc=0.826, norm=105. 
REGINN:Gradient::k=6 : rdisc=0.796, norm=114. 
REGINN:Gradient::k=7 : rdisc=0.769, norm=137. 
REGINN:Gradient::k=8 : rdisc=0.745, norm=146. 
REGINN:Gradient::k=9 : rdisc=0.718, norm=166. 
REGINN:Gradient::k=10: rdisc=0.696, norm=173. 
REGINN:Gradient::k=11: rdisc=0.677, norm=190. 
REGINN:Gradient::k=12: rdisc=0.659, norm=197. 
REGINN:Gradient::k=13: rdisc=0.640, norm=208. 
REGINN:Gradient::k=14: rdisc=0.626, norm=214. 
REGINN:Gradient::Target discrepancy reached after 14 iterations.
REGINN::Saving current residual in ./step-0009/
REGINN::Saving current estimate in ./step-0009/
REGINN::i=9 : rdisc=0.0590, rnorm=0.896, rerr=0.859
REGINN::-6.67 ≤ estimate ≤ 12.1
REGINN::
REGINN::Solving linear problem using rtol=0.735 and max_iter=0
REGINN:Gradient::k=0 : rdisc=1.00 , norm=0.00 
REGINN:Gradient::k=1 : rdisc=0.975, norm=14.2 
REGINN:Gradient::k=2 : rdisc=0.954, norm=16.8 
REGINN:Gradient::k=3 : rdisc=0.935, norm=25.9 
REGINN:Gradient::k=4 : rdisc=0.916, norm=33.2 
REGINN:Gradient::k=5 : rdisc=0.901, norm=39.1 
REGINN:Gradient::k=6 : rdisc=0.884, norm=46.9 
REGINN:Gradient::k=7 : rdisc=0.869, norm=52.7 
REGINN:Gradient::k=8 : rdisc=0.854, norm=60.2 
REGINN:Gradient::k=9 : rdisc=0.840, norm=65.7 
REGINN:Gradient::k=10: rdisc=0.826, norm=73.3 
REGINN:Gradient::k=11: rdisc=0.813, norm=78.1 
REGINN:Gradient::k=12: rdisc=0.799, norm=86.2 
REGINN:Gradient::k=13: rdisc=0.786, norm=90.3 
REGINN:Gradient::k=14: rdisc=0.772, norm=98.7 
REGINN:Gradient::k=15: rdisc=0.760, norm=102. 
REGINN:Gradient::k=16: rdisc=0.748, norm=111. 
REGINN:Gradient::k=17: rdisc=0.736, norm=114. 
REGINN:Gradient::k=18: rdisc=0.723, norm=122. 
REGINN:Gradient::Target discrepancy reached after 18 iterations.
REGINN::i=10: rdisc=0.0437, rnorm=0.917, rerr=0.841
REGINN::-7.33 ≤ estimate ≤ 12.4
REGINN::
REGINN::Solving linear problem using rtol=0.794 and max_iter=0
REGINN:Gradient::k=0 : rdisc=1.00 , norm=0.00 
REGINN:Gradient::k=1 : rdisc=0.974, norm=7.28 
REGINN:Gradient::k=2 : rdisc=0.947, norm=19.7 
REGINN:Gradient::k=3 : rdisc=0.925, norm=22.1 
REGINN:Gradient::k=4 : rdisc=0.910, norm=29.9 
REGINN:Gradient::k=5 : rdisc=0.897, norm=32.8 
REGINN:Gradient::k=6 : rdisc=0.884, norm=40.2 
REGINN:Gradient::k=7 : rdisc=0.872, norm=42.7 
REGINN:Gradient::k=8 : rdisc=0.860, norm=50.4 
REGINN:Gradient::k=9 : rdisc=0.848, norm=53.0 
REGINN:Gradient::k=10: rdisc=0.838, norm=59.8 
REGINN:Gradient::k=11: rdisc=0.827, norm=62.2 
REGINN:Gradient::k=12: rdisc=0.817, norm=69.2 
REGINN:Gradient::k=13: rdisc=0.807, norm=71.6 
REGINN:Gradient::k=14: rdisc=0.798, norm=77.5 
REGINN:Gradient::k=15: rdisc=0.789, norm=79.8 
REGINN:Gradient::Target discrepancy reached after 15 iterations.
REGINN::i=11: rdisc=0.0348, rnorm=0.926, rerr=0.826
REGINN::-7.75 ≤ estimate ≤ 12.7
REGINN::
REGINN::Solving linear problem using rtol=0.754 and max_iter=0
REGINN:Gradient::k=0 : rdisc=1.00 , norm=0.00 
REGINN:Gradient::k=1 : rdisc=0.986, norm=8.42 
REGINN:Gradient::k=2 : rdisc=0.975, norm=11.1 
REGINN:Gradient::k=3 : rdisc=0.965, norm=14.5 
REGINN:Gradient::k=4 : rdisc=0.958, norm=16.5 
REGINN:Gradient::k=5 : rdisc=0.947, norm=22.4 
REGINN:Gradient::k=6 : rdisc=0.938, norm=24.5 
REGINN:Gradient::k=7 : rdisc=0.928, norm=30.1 
REGINN:Gradient::k=8 : rdisc=0.920, norm=32.0 
REGINN:Gradient::k=9 : rdisc=0.911, norm=36.5 
REGINN:Gradient::k=10: rdisc=0.904, norm=38.4 
REGINN:Gradient::k=11: rdisc=0.896, norm=43.2 
REGINN:Gradient::k=12: rdisc=0.889, norm=45.3 
REGINN:Gradient::k=13: rdisc=0.882, norm=49.1 
REGINN:Gradient::k=14: rdisc=0.875, norm=50.9 
REGINN:Gradient::k=15: rdisc=0.868, norm=55.3 
REGINN:Gradient::k=16: rdisc=0.862, norm=57.2 
REGINN:Gradient::k=17: rdisc=0.855, norm=61.6 
REGINN:Gradient::k=18: rdisc=0.848, norm=63.1 
REGINN:Gradient::k=19: rdisc=0.841, norm=68.0 
REGINN:Gradient::k=20: rdisc=0.835, norm=69.8 
REGINN:Gradient::k=21: rdisc=0.829, norm=73.0 
REGINN:Gradient::k=22: rdisc=0.824, norm=74.6 
REGINN:Gradient::k=23: rdisc=0.818, norm=77.9 
REGINN:Gradient::k=24: rdisc=0.813, norm=79.6 
REGINN:Gradient::k=25: rdisc=0.807, norm=83.8 
REGINN:Gradient::k=26: rdisc=0.802, norm=85.2 
REGINN:Gradient::k=27: rdisc=0.793, norm=91.3 
REGINN:Gradient::k=28: rdisc=0.786, norm=92.8 
REGINN:Gradient::k=29: rdisc=0.778, norm=99.2 
REGINN:Gradient::k=30: rdisc=0.770, norm=100. 
REGINN:Gradient::k=31: rdisc=0.764, norm=105. 
REGINN:Gradient::k=32: rdisc=0.758, norm=107. 
REGINN:Gradient::k=33: rdisc=0.753, norm=110. 
REGINN:Gradient::Target discrepancy reached after 33 iterations.
REGINN::i=12: rdisc=0.0269, rnorm=0.933, rerr=0.802
REGINN::-7.66 ≤ estimate ≤ 13.4
REGINN::
REGINN::Solving linear problem using rtol=0.888 and max_iter=0
REGINN:Gradient::k=0 : rdisc=1.00 , norm=0.00 
REGINN:Gradient::k=1 : rdisc=0.985, norm=4.27 
REGINN:Gradient::k=2 : rdisc=0.978, norm=6.89 
REGINN:Gradient::k=3 : rdisc=0.972, norm=8.75 
REGINN:Gradient::k=4 : rdisc=0.966, norm=11.6 
REGINN:Gradient::k=5 : rdisc=0.960, norm=13.5 
REGINN:Gradient::k=6 : rdisc=0.955, norm=16.4 
REGINN:Gradient::k=7 : rdisc=0.949, norm=18.2 
REGINN:Gradient::k=8 : rdisc=0.944, norm=20.8 
REGINN:Gradient::k=9 : rdisc=0.939, norm=22.5 
REGINN:Gradient::k=10: rdisc=0.935, norm=24.6 
REGINN:Gradient::k=11: rdisc=0.930, norm=26.3 
REGINN:Gradient::k=12: rdisc=0.927, norm=27.7 
REGINN:Gradient::k=13: rdisc=0.922, norm=29.9 
REGINN:Gradient::k=14: rdisc=0.919, norm=31.1 
REGINN:Gradient::k=15: rdisc=0.913, norm=34.8 
REGINN:Gradient::k=16: rdisc=0.907, norm=35.9 
REGINN:Gradient::k=17: rdisc=0.899, norm=41.7 
REGINN:Gradient::k=18: rdisc=0.891, norm=43.0 
REGINN:Gradient::k=19: rdisc=0.884, norm=48.7 
REGINN:Gradient::Target discrepancy reached after 19 iterations.
REGINN::i=13: rdisc=0.0239, rnorm=0.934, rerr=0.792
REGINN::-7.41 ≤ estimate ≤ 13.4
REGINN::
REGINN::Solving linear problem using rtol=0.844 and max_iter=0
REGINN:Gradient::k=0 : rdisc=1.00 , norm=0.00 
REGINN:Gradient::k=1 : rdisc=0.995, norm=2.22 
REGINN:Gradient::k=2 : rdisc=0.990, norm=4.14 
REGINN:Gradient::k=3 : rdisc=0.987, norm=5.75 
REGINN:Gradient::k=4 : rdisc=0.983, norm=7.19 
REGINN:Gradient::k=5 : rdisc=0.979, norm=8.66 
REGINN:Gradient::k=6 : rdisc=0.975, norm=10.5 
REGINN:Gradient::k=7 : rdisc=0.972, norm=11.8 
REGINN:Gradient::k=8 : rdisc=0.967, norm=14.5 
REGINN:Gradient::k=9 : rdisc=0.963, norm=15.6 
REGINN:Gradient::k=10: rdisc=0.956, norm=20.7 
REGINN:Gradient::k=11: rdisc=0.949, norm=21.9 
REGINN:Gradient::k=12: rdisc=0.942, norm=27.1 
REGINN:Gradient::k=13: rdisc=0.936, norm=28.2 
REGINN:Gradient::k=14: rdisc=0.932, norm=30.9 
REGINN:Gradient::k=15: rdisc=0.928, norm=31.9 
REGINN:Gradient::k=16: rdisc=0.925, norm=34.1 
REGINN:Gradient::k=17: rdisc=0.921, norm=35.3 
REGINN:Gradient::k=18: rdisc=0.918, norm=37.2 
REGINN:Gradient::k=19: rdisc=0.915, norm=38.2 
REGINN:Gradient::k=20: rdisc=0.912, norm=40.6 
REGINN:Gradient::k=21: rdisc=0.909, norm=41.4 
REGINN:Gradient::k=22: rdisc=0.904, norm=45.2 
REGINN:Gradient::k=23: rdisc=0.900, norm=46.1 
REGINN:Gradient::k=24: rdisc=0.896, norm=49.1 
REGINN:Gradient::k=25: rdisc=0.892, norm=50.0 
REGINN:Gradient::k=26: rdisc=0.890, norm=51.6 
REGINN:Gradient::k=27: rdisc=0.887, norm=52.5 
REGINN:Gradient::k=28: rdisc=0.885, norm=54.2 
REGINN:Gradient::k=29: rdisc=0.882, norm=55.2 
REGINN:Gradient::k=30: rdisc=0.880, norm=56.8 
REGINN:Gradient::k=31: rdisc=0.878, norm=57.7 
REGINN:Gradient::k=32: rdisc=0.875, norm=59.5 
REGINN:Gradient::k=33: rdisc=0.873, norm=60.2 
REGINN:Gradient::k=34: rdisc=0.869, norm=62.9 
REGINN:Gradient::k=35: rdisc=0.866, norm=63.7 
REGINN:Gradient::k=36: rdisc=0.863, norm=66.9 
REGINN:Gradient::k=37: rdisc=0.859, norm=67.7 
REGINN:Gradient::k=38: rdisc=0.857, norm=69.5 
REGINN:Gradient::k=39: rdisc=0.854, norm=70.3 
REGINN:Gradient::k=40: rdisc=0.852, norm=71.9 
REGINN:Gradient::k=41: rdisc=0.850, norm=72.9 
REGINN:Gradient::k=42: rdisc=0.848, norm=74.3 
REGINN:Gradient::k=43: rdisc=0.846, norm=75.1 
REGINN:Gradient::k=44: rdisc=0.844, norm=76.6 
REGINN:Gradient::k=45: rdisc=0.842, norm=77.3 
REGINN:Gradient::Target discrepancy reached after 45 iterations.
REGINN::i=14: rdisc=0.0206, rnorm=0.936, rerr=0.777
REGINN::-6.98 ≤ estimate ≤ 13.3
REGINN::
REGINN::Solving linear problem using rtol=0.971 and max_iter=0
REGINN:Gradient::k=0 : rdisc=1.00 , norm=0.00 
REGINN:Gradient::k=1 : rdisc=0.989, norm=2.50 
REGINN:Gradient::k=2 : rdisc=0.985, norm=4.17 
REGINN:Gradient::k=3 : rdisc=0.982, norm=5.13 
REGINN:Gradient::k=4 : rdisc=0.980, norm=6.46 
REGINN:Gradient::k=5 : rdisc=0.977, norm=7.46 
REGINN:Gradient::k=6 : rdisc=0.975, norm=8.72 
REGINN:Gradient::k=7 : rdisc=0.972, norm=9.75 
REGINN:Gradient::k=8 : rdisc=0.970, norm=10.9 
REGINN:Gradient::Target discrepancy reached after 8 iterations.
REGINN::i=15: rdisc=0.0200, rnorm=0.936, rerr=0.775
REGINN::-6.92 ≤ estimate ≤ 13.3
REGINN::
REGINN::Solving linear problem using rtol=0.999 and max_iter=0
REGINN:Gradient::k=0 : rdisc=1.00 , norm=0.00 
REGINN:Gradient::k=1 : rdisc=0.997, norm=1.43 
REGINN:Gradient::Target discrepancy reached after 1 iteration.
REGINN::i=16: rdisc=0.0200, rnorm=0.935, rerr=0.775
REGINN::-6.92 ≤ estimate ≤ 13.3
REGINN::
REGINN::Saving current residual in ./step-0016/
REGINN::Saving current estimate in ./step-0016/
REGINN::Target discrepancy reached after 16 iterations.
REGINN::-6.92 ≤ estimate ≤ 13.3
Relative (ℝⁿ, ‖·‖₂) error of the reconstruction: 0.775
Relative L²([0,T], L²(Ω)) error of the reconstruction: 0.667
Relative H¹([0,T], L²(Ω)) error of the reconstruction: 3.48
Relative H¹([0, T], H¹(Ω)) error of the reconstruction: 13.2
Relative H²([0,T], L²(Ω)) error of the reconstruction: 143.
Relative (ℝⁿ, ‖·‖₂) error of (reconstruction - initial guess): 0.775
Relative L²([0,T], L²(Ω)) error of (reconstruction - initial guess): 0.667
Relative H¹([0,T], L²(Ω)) error of (reconstruction - initial guess): 3.48
Relative H¹([0, T], H¹(Ω)) error of (reconstruction - initial guess): 13.2
Relative H²([0,T], L²(Ω)) error of (reconstruction - initial guess): 143.
stats::forward              : 18 calls, average 1.5s per call
stats::linearization forward: 173 calls, average 1.4s per call
stats::linearization adjoint: 173 calls, average 1.5s per call
stats::measure forward      : 191 calls, average 569.6µs per call
stats::measure adjoint      : 173 calls, average 642.9µs per call
stats::total wall time      : 9min 25s
