JobId thies-laptop Tue Dec 12 17:21:43 2017
wavepi 4650d1c0-dirty
initialize_mesh::Number of active cells: 1024
initialize_mesh::Number of degrees of freedom in the first spatial mesh: 1089
initialize_mesh::cell diameters: minimal = 0.354, maximal = 0.354
initialize_mesh::dt: 0.0235
parameters:WaveEquation::theta: 0.5
parameters:WaveEquation::tol: 1e-8
parameters:constraints::lower bound: 0.1
parameters:constraints::upper bound: 1e300
parameters:general::dimension: 2
parameters:general::finite element degree: 1
parameters:general::quadrature order: 3
parameters:inversion::method: REGINN
parameters:inversion::tau: 2
parameters:log::console depth: 2
parameters:log::file: wavepi.log
parameters:log::file depth: 100
parameters:mesh::end time: 6
parameters:mesh::initial refines: 5
parameters:mesh::initial time steps: 256
parameters:output::data: true
parameters:output::destination: ./step-{{i}}/
parameters:output::estimate: true
parameters:output::exact: true
parameters:output::interval: 50
parameters:output::last: true
parameters:output::residual: true
parameters:output::statistics: history
parameters:problem::constants: 
parameters:problem::epsilon: 1e-2
parameters:problem::initial guess: 1.0
parameters:problem::parameter a: 1.0
parameters:problem::parameter c: 1.5
parameters:problem::parameter nu: 0.0
parameters:problem::parameter q: 0.0
parameters:problem::type: L2C
parameters:watchdog::discrepancy slope min values: 40
parameters:watchdog::discrepancy slope percentage: 0.25
parameters:watchdog::discrepancy slope threshold: 0.0
parameters:watchdog::discrepancy threshold: 10.0
REGINN::i=0: rdisc=1.20, rnorm=0.667, rerr=0.333
REGINN::Saving exact parameter in ./step-0000/
REGINN::Saving data in ./step-0000/
REGINN::Saving current residual in ./step-0000/
REGINN::Saving current estimate in ./step-0000/
REGINN::1.00 <= estimate <= 1.00
REGINN::Solving linear problem using rtol=0.700
REGINN:CGLS::k=0: rdisc=1.00, norm=0.00
REGINN:CGLS::k=1: rdisc=0.584, norm=1.04
REGINN:CGLS::Target discrepancy reached after 1 iteration.
REGINN:post_processing::Adjusted lower bound of estimate from -1.02 to 0.100
REGINN::i=1: rdisc=0.780, rnorm=0.674, rerr=0.328
REGINN::0.100 <= estimate <= 2.68
REGINN::Solving linear problem using rtol=0.700
REGINN:CGLS::k=0: rdisc=1.00, norm=0.00
REGINN:CGLS::k=1: rdisc=0.924, norm=0.163
REGINN:CGLS::k=2: rdisc=0.761, norm=0.493
REGINN:CGLS::k=3: rdisc=0.655, norm=0.705
REGINN:CGLS::Target discrepancy reached after 3 iterations.
REGINN:post_processing::Adjusted lower bound of estimate from -2.99 to 0.100
REGINN::i=2: rdisc=0.586, rnorm=0.681, rerr=0.325
REGINN::0.100 <= estimate <= 3.17
REGINN::Solving linear problem using rtol=0.855
REGINN:CGLS::k=0: rdisc=1.00, norm=0.00
REGINN:CGLS::k=1: rdisc=0.981, norm=0.0311
REGINN:CGLS::k=2: rdisc=0.952, norm=0.102
REGINN:CGLS::k=3: rdisc=0.935, norm=0.209
REGINN:CGLS::k=4: rdisc=0.989, norm=0.394
REGINN:CGLS::Unsuccessful termination after 4 iterations!
REGINN::Linear solver did not converge to desired discrepancy!
REGINN::Unsuccessful termination after 2 iterations!
REGINN::Saving current residual in ./step-0002/
REGINN::Saving current estimate in ./step-0002/
REGINN::0.100 <= estimate <= 3.17
stats::forward              : 4 calls, average 9.87 s per call
stats::linearization forward: 8 calls, average 10.6 s per call
stats::linearization adjoint: 8 calls, average 10.4 s per call
stats::measure forward      : 12 calls, average 0.000374 s per call
stats::measure adjoint      : 8 calls, average 0.000367 s per call
