JobId thies-vm Wed Dec 20 06:49:46 2017
wavepi 9917bea4
Release-Build, compiled on 2017-12-19T14:07:29Z
from git commit 9917bea4c2d4d4b2d11b07e0f18f6cf79e5fe149 on branch master
initialize_mesh::Number of active cells: 4096
initialize_mesh::Number of degrees of freedom in the first spatial mesh: 4225
initialize_mesh::cell diameters: minimal = 0.177, maximal = 0.177
initialize_mesh::dt: 0.0235
parameters:WaveEquation::theta: 0.5
parameters:WaveEquation::tol: 1e-8
parameters:constraints::lower bound: -1e300
parameters:constraints::upper bound: 1e300
parameters:general::dimension: 2
parameters:general::finite element degree: 1
parameters:general::quadrature order: 3
parameters:inversion::method: REGINN
parameters:inversion::tau: 2
parameters:log::console depth: 2
parameters:log::file: wavepi.log
parameters:log::file depth: 100
parameters:mesh::end time: 6
parameters:mesh::initial refines: 6
parameters:mesh::initial time steps: 256
parameters:output::data: true
parameters:output::destination: ./step-{{i}}/
parameters:output::discrepancy decrease: 0.5
parameters:output::estimate: true
parameters:output::exact: true
parameters:output::interval: 50
parameters:output::last: true
parameters:output::residual: true
parameters:output::statistics: history
parameters:problem::constants: 
parameters:problem::epsilon: 1e-2
parameters:problem::initial guess: 1.0
parameters:problem::parameter a: 1.0
parameters:problem::parameter c: 1.5
parameters:problem::parameter nu: 1.5
parameters:problem::parameter q: 0.0
parameters:problem::type: L2Nu
parameters:watchdog::discrepancy increasing: false
parameters:watchdog::discrepancy slope min values: 40
parameters:watchdog::discrepancy slope percentage: 0.25
parameters:watchdog::discrepancy slope threshold: 0.0
parameters:watchdog::discrepancy threshold: 10.0
parameters:watchdog::maximum iteration count: 0
REGINN::i=0 : rdisc=0.143, rnorm=0.667, rerr=0.333
REGINN::Saving exact parameter in ./step-0000/
REGINN::Saving data in ./step-0000/
REGINN::Saving current residual in ./step-0000/
REGINN::Saving current estimate in ./step-0000/
REGINN::1.00 ≤ estimate ≤ 1.00
REGINN::Solving linear problem using rtol=0.700 and max_iter=0
REGINN:CGLS::k=0 : rdisc=1.00, norm=0.00
REGINN:CGLS::k=1 : rdisc=0.674, norm=0.273
REGINN:CGLS::Target discrepancy reached after 1 iteration.
REGINN::i=1 : rdisc=0.141, rnorm=0.667, rerr=0.333
REGINN::0.320 ≤ estimate ≤ 1.46
REGINN::Solving linear problem using rtol=0.700 and max_iter=0
REGINN:CGLS::k=0 : rdisc=1.00, norm=0.00
REGINN:CGLS::k=1 : rdisc=0.690, norm=0.265
REGINN:CGLS::Target discrepancy reached after 1 iteration.
REGINN::i=2 : rdisc=0.141, rnorm=0.667, rerr=0.333
REGINN::-0.442 ≤ estimate ≤ 1.75
REGINN::Solving linear problem using rtol=0.598 and max_iter=0
REGINN:CGLS::k=0 : rdisc=1.00, norm=0.00
REGINN:CGLS::k=1 : rdisc=0.699, norm=0.262
REGINN:CGLS::k=2 : rdisc=0.502, norm=0.427
REGINN:CGLS::Target discrepancy reached after 2 iterations.
REGINN::i=3 : rdisc=0.143, rnorm=0.668, rerr=0.334
REGINN::-1.67 ≤ estimate ≤ 2.03
REGINN::Solving linear problem using rtol=0.512 and max_iter=0
REGINN:CGLS::k=0 : rdisc=1.00, norm=0.00
REGINN:CGLS::k=1 : rdisc=0.694, norm=0.274
REGINN:CGLS::k=2 : rdisc=0.499, norm=0.437
REGINN:CGLS::Target discrepancy reached after 2 iterations.
REGINN::i=4 : rdisc=0.151, rnorm=0.669, rerr=0.336
REGINN::-3.12 ≤ estimate ≤ 2.42
REGINN::Solving linear problem using rtol=0.438 and max_iter=0
REGINN:CGLS::k=0 : rdisc=1.00, norm=0.00
REGINN:CGLS::k=1 : rdisc=0.675, norm=0.300
REGINN:CGLS::k=2 : rdisc=0.483, norm=0.459
REGINN:CGLS::k=3 : rdisc=0.438, norm=0.508
REGINN:CGLS::k=4 : rdisc=0.405, norm=0.561
REGINN:CGLS::Target discrepancy reached after 4 iterations.
REGINN::i=5 : rdisc=0.163, rnorm=0.671, rerr=0.338
REGINN::-5.09 ≤ estimate ≤ 2.90
REGINN::Solving linear problem using rtol=0.374 and max_iter=0
REGINN:CGLS::k=0 : rdisc=1.00, norm=0.00
REGINN:CGLS::k=1 : rdisc=0.635, norm=0.355
REGINN:CGLS::k=2 : rdisc=0.451, norm=0.502
REGINN:CGLS::k=3 : rdisc=0.410, norm=0.548
REGINN:CGLS::k=4 : rdisc=0.374, norm=0.609
REGINN:CGLS::Target discrepancy reached after 4 iterations.
REGINN::i=6 : rdisc=0.180, rnorm=0.674, rerr=0.342
REGINN::-7.64 ≤ estimate ≤ 3.47
REGINN::Solving linear problem using rtol=0.320 and max_iter=0
REGINN:CGLS::k=0 : rdisc=1.00, norm=0.00
REGINN:CGLS::k=1 : rdisc=0.590, norm=0.440
REGINN:CGLS::k=2 : rdisc=0.410, norm=0.561
REGINN:CGLS::k=3 : rdisc=0.375, norm=0.600
REGINN:CGLS::k=4 : rdisc=0.332, norm=0.676
REGINN:CGLS::k=5 : rdisc=0.303, norm=0.719
REGINN:CGLS::Target discrepancy reached after 5 iterations.
REGINN::i=7 : rdisc=0.202, rnorm=0.677, rerr=0.348
REGINN::-11.2 ≤ estimate ≤ 4.31
REGINN::Solving linear problem using rtol=0.273 and max_iter=0
REGINN:CGLS::k=0 : rdisc=1.00, norm=0.00
REGINN:CGLS::k=1 : rdisc=0.562, norm=0.591
REGINN:CGLS::k=2 : rdisc=0.362, norm=0.676
REGINN:CGLS::k=3 : rdisc=0.333, norm=0.679
REGINN:CGLS::k=4 : rdisc=0.290, norm=0.699
REGINN:CGLS::k=5 : rdisc=0.261, norm=0.808
REGINN:CGLS::Target discrepancy reached after 5 iterations.
REGINN::i=8 : rdisc=0.229, rnorm=0.682, rerr=0.356
REGINN::-15.6 ≤ estimate ≤ 5.49
REGINN::Solving linear problem using rtol=0.234 and max_iter=0
REGINN:CGLS::k=0 : rdisc=1.00, norm=0.00
REGINN:CGLS::k=1 : rdisc=0.689, norm=0.871
REGINN:CGLS::k=2 : rdisc=0.933, norm=1.20
REGINN:CGLS::Unsuccessful termination after 2 iterations!
REGINN::Linear solver did not achieve desired discrepancy due to max_iter.
REGINN::i=9 : rdisc=0.260, rnorm=0.690, rerr=0.370
REGINN::-19.7 ≤ estimate ≤ 6.57
REGINN::Solving linear problem using rtol=0.200 and max_iter=0
REGINN:CGLS::k=0 : rdisc=1.00, norm=0.00
REGINN:CGLS::k=1 : rdisc=1.24, norm=1.47
REGINN:CGLS::Unsuccessful termination after 1 iteration!
REGINN::Linear solver did not achieve desired discrepancy due to max_iter.
REGINN::i=10: rdisc=0.310, rnorm=0.699, rerr=0.391
REGINN::-26.1 ≤ estimate ≤ 8.90
REGINN::Solving linear problem using rtol=0.171 and max_iter=0
REGINN:CGLS::k=0 : rdisc=1.00, norm=0.00
REGINN:CGLS::k=1 : rdisc=5.90, norm=4.18
REGINN:CGLS::Unsuccessful termination after 1 iteration!
REGINN::Linear solver did not achieve desired discrepancy due to max_iter.
REGINN::i=11: rdisc=0.464, rnorm=0.733, rerr=0.453
REGINN::-43.7 ≤ estimate ≤ 14.9
REGINN::Solving linear problem using rtol=0.146 and max_iter=0
REGINN:CGLS::k=0 : rdisc=1.00, norm=0.00
REGINN:CGLS::k=1 : rdisc=560., norm=90.6
REGINN:CGLS::Unsuccessful termination after 1 iteration!
REGINN::Linear solver did not achieve desired discrepancy due to max_iter.
REGINN::i=12: rdisc=20.6, rnorm=3.25, rerr=3.21
REGINN::-1.92e+03 ≤ estimate ≤ 203.
REGINN:Watchdog::current discrepancy > 10.0 ⋅ initial discrepancy
REGINN:Watchdog::Aborting Iteration!
REGINN::Unsuccessful termination after 12 iterations!
REGINN::Saving current residual in ./step-0012/
REGINN::Saving current estimate in ./step-0012/
REGINN::-1.92e+03 ≤ estimate ≤ 203.
stats::forward              : 14 calls, average 11.3 s per call
stats::linearization forward: 29 calls, average 9.54 s per call
stats::linearization adjoint: 29 calls, average 10.7 s per call
stats::measure forward      : 43 calls, average 0.00248 s per call
stats::measure adjoint      : 29 calls, average 0.00414 s per call
