JobId arch-vm0 Tue Mar  6 21:24:44 2018
wavepi 3df43511
Release-Build, compiled on 2018-03-06T20:06:27Z from commit 3df435110a132efb4554aae2b6b64caf46dffd44 ("run small") on branch master

initialize_mesh::Number of active cells: 1024
initialize_mesh::Number of degrees of freedom in the first spatial mesh: 1089
initialize_mesh::cell diameters: minimal = 0.354, maximal = 0.354
initialize_mesh::dt: 0.0472
initialize_mesh::expected size of a DiscretizedFunction<dim>: 1.06 MiB
parameters:LogTransform::lower bound: 0.0
parameters:WaveEquation::max iter: 10000
parameters:WaveEquation::theta: 0.5
parameters:WaveEquation::tol: 1e-8
parameters:constraints::lower bound: 0.1
parameters:constraints::upper bound: 1e300
parameters:general::dimension: 2
parameters:general::finite element degree: 1
parameters:general::quadrature order: 3
parameters:inversion::method: REGINN
parameters:inversion::tau: 2
parameters:log::console depth: 2
parameters:log::file: wavepi.log
parameters:log::file depth: 4
parameters:mesh::end time: 6
parameters:mesh::initial refines: 5
parameters:mesh::initial time steps: 128
parameters:output::data: true
parameters:output::destination: ./step-{{i}}/
parameters:output::discrepancy decrease: 0.5
parameters:output::estimate: true
parameters:output::estimate transformed: false
parameters:output::exact: true
parameters:output::exact transformed: false
parameters:output::interval: 50
parameters:output::last: true
parameters:output::residual: true
parameters:output::statistics: history
parameters:problem::H1H1 beta: 0.5
parameters:problem::H1H1 gamma: 0.5
parameters:problem::H1L2 alpha: 0.5
parameters:problem::H2L2 alpha: 0.5
parameters:problem::H2L2 beta: 0.25
parameters:problem::constants: 
parameters:problem::epsilon: 1e-3
parameters:problem::initial guess: 1.0
parameters:problem::norm of codomain: L2L2
parameters:problem::norm of domain: H1H1
parameters:problem::parameter a: 1.5
parameters:problem::parameter c: 2.0
parameters:problem::parameter nu: 0.0
parameters:problem::parameter q: 0.0
parameters:problem::transform: Identity
parameters:problem::type: a
parameters:watchdog::discrepancy increasing: false
parameters:watchdog::discrepancy slope min values: 40
parameters:watchdog::discrepancy slope percentage: 0.25
parameters:watchdog::discrepancy slope threshold: 0.0
parameters:watchdog::discrepancy threshold: 10.0
parameters:watchdog::maximum iteration count: 0
REGINN::Saving exact parameter in ./step-0000/
REGINN::Saving data in ./step-0000/
REGINN::Saving current residual in ./step-0000/
REGINN::Saving current estimate in ./step-0000/
REGINN::i=0 : rdisc=1.18 , rnorm=0.667, rerr=0.333
REGINN::1.00 ≤ estimate ≤ 1.00
REGINN::Solving linear problem using rtol=0.900 and max_iter=1
REGINN:CGLS::k=0 : rdisc=1.00 , norm=0.00 
REGINN:CGLS::k=1 : rdisc=0.777, norm=1.71 
REGINN:CGLS::Safeguarding: λ=0.722 ⇒ rdisc=0.900
REGINN:CGLS::Target discrepancy reached after 1 iteration.
REGINN::i=1 : rdisc=1.05 , rnorm=0.673, rerr=0.328
REGINN::1.00 ≤ estimate ≤ 1.16
REGINN::
REGINN::Solving linear problem using rtol=0.900 and max_iter=2
REGINN:CGLS::k=0 : rdisc=1.00 , norm=0.00 
REGINN:CGLS::k=1 : rdisc=0.744, norm=1.88 
REGINN:CGLS::Safeguarding: λ=0.758 ⇒ rdisc=0.900
REGINN:CGLS::Target discrepancy reached after 1 iteration.
REGINN::i=2 : rdisc=0.945, rnorm=0.680, rerr=0.322
REGINN::1.00 ≤ estimate ≤ 1.30
REGINN::
REGINN::Solving linear problem using rtol=0.854 and max_iter=2
REGINN:CGLS::k=0 : rdisc=1.00 , norm=0.00 
REGINN:CGLS::k=1 : rdisc=0.714, norm=1.98 
REGINN:CGLS::Safeguarding: λ=0.670 ⇒ rdisc=0.854
REGINN:CGLS::Target discrepancy reached after 1 iteration.
REGINN::i=3 : rdisc=0.799, rnorm=0.691, rerr=0.315
REGINN::1.00 ≤ estimate ≤ 1.48
REGINN::
REGINN::Solving linear problem using rtol=0.811 and max_iter=2
REGINN:CGLS::k=0 : rdisc=1.00 , norm=0.00 
REGINN:CGLS::k=1 : rdisc=0.677, norm=2.02 
REGINN:CGLS::Safeguarding: λ=0.606 ⇒ rdisc=0.811
REGINN:CGLS::Target discrepancy reached after 1 iteration.
REGINN::i=4 : rdisc=0.638, rnorm=0.707, rerr=0.306
REGINN::1.00 ≤ estimate ≤ 1.69
REGINN::
REGINN::Solving linear problem using rtol=0.769 and max_iter=2
REGINN:CGLS::k=0 : rdisc=1.00 , norm=0.00 
REGINN:CGLS::k=1 : rdisc=0.654, norm=1.92 
REGINN:CGLS::Safeguarding: λ=0.535 ⇒ rdisc=0.769
REGINN:CGLS::Target discrepancy reached after 1 iteration.
REGINN::Saving current residual in ./step-0005/
REGINN::Saving current estimate in ./step-0005/
REGINN::i=5 : rdisc=0.482, rnorm=0.726, rerr=0.296
REGINN::1.00 ≤ estimate ≤ 1.88
REGINN::
REGINN::Solving linear problem using rtol=0.730 and max_iter=2
REGINN:CGLS::k=0 : rdisc=1.00 , norm=0.00 
REGINN:CGLS::k=1 : rdisc=0.678, norm=1.64 
REGINN:CGLS::Safeguarding: λ=0.368 ⇒ rdisc=0.730
REGINN:CGLS::Target discrepancy reached after 1 iteration.
REGINN::i=6 : rdisc=0.342, rnorm=0.752, rerr=0.286
REGINN::1.00 ≤ estimate ≤ 2.07
REGINN::
REGINN::Solving linear problem using rtol=0.693 and max_iter=2
REGINN:CGLS::k=0 : rdisc=1.00 , norm=0.00 
REGINN:CGLS::k=1 : rdisc=0.783, norm=1.20 
REGINN:CGLS::k=2 : rdisc=0.524, norm=3.50 
REGINN:CGLS::Safeguarding: λ=0.779 ⇒ rdisc=0.693
REGINN:CGLS::Target discrepancy reached after 2 iterations.
REGINN::Saving current residual in ./step-0007/
REGINN::Saving current estimate in ./step-0007/
REGINN::i=7 : rdisc=0.222, rnorm=0.791, rerr=0.262
REGINN::1.00 ≤ estimate ≤ 2.17
REGINN::
REGINN::Solving linear problem using rtol=0.658 and max_iter=3
REGINN:CGLS::k=0 : rdisc=1.00 , norm=0.00 
REGINN:CGLS::k=1 : rdisc=0.500, norm=2.92 
REGINN:CGLS::Safeguarding: λ=0.493 ⇒ rdisc=0.658
REGINN:CGLS::Target discrepancy reached after 1 iteration.
REGINN::i=8 : rdisc=0.142, rnorm=0.815, rerr=0.241
REGINN::1.00 ≤ estimate ≤ 2.01
REGINN::
REGINN::Solving linear problem using rtol=0.624 and max_iter=3
REGINN:CGLS::k=0 : rdisc=1.00 , norm=0.00 
REGINN:CGLS::k=1 : rdisc=0.745, norm=1.09 
REGINN:CGLS::k=2 : rdisc=0.513, norm=1.88 
REGINN:CGLS::Safeguarding: λ=0.659 ⇒ rdisc=0.624
REGINN:CGLS::Target discrepancy reached after 2 iterations.
REGINN::Saving current residual in ./step-0009/
REGINN::Saving current estimate in ./step-0009/
REGINN::i=9 : rdisc=0.0853, rnorm=0.842, rerr=0.229
REGINN::1.00 ≤ estimate ≤ 1.80
REGINN::
REGINN::Solving linear problem using rtol=0.592 and max_iter=3
REGINN:CGLS::k=0 : rdisc=1.00 , norm=0.00 
REGINN:CGLS::k=1 : rdisc=0.887, norm=0.236
REGINN:CGLS::k=2 : rdisc=0.732, norm=0.658
REGINN:CGLS::k=3 : rdisc=0.508, norm=1.32 
REGINN:CGLS::Safeguarding: λ=0.577 ⇒ rdisc=0.592
REGINN:CGLS::Target discrepancy reached after 3 iterations.
REGINN::i=10: rdisc=0.0497, rnorm=0.857, rerr=0.222
REGINN::1.00 ≤ estimate ≤ 1.73
REGINN::
REGINN::Solving linear problem using rtol=0.562 and max_iter=5
REGINN:CGLS::k=0 : rdisc=1.00 , norm=0.00 
REGINN:CGLS::k=1 : rdisc=0.923, norm=0.167
REGINN:CGLS::k=2 : rdisc=0.872, norm=0.302
REGINN:CGLS::k=3 : rdisc=0.675, norm=0.891
REGINN:CGLS::k=4 : rdisc=0.558, norm=1.28 
REGINN:CGLS::Safeguarding: λ=0.184 ⇒ rdisc=0.562
REGINN:CGLS::Target discrepancy reached after 4 iterations.
REGINN::Saving current residual in ./step-0011/
REGINN::Saving current estimate in ./step-0011/
REGINN::i=11: rdisc=0.0276, rnorm=0.876, rerr=0.212
REGINN::1.00 ≤ estimate ≤ 1.74
REGINN::
REGINN::Solving linear problem using rtol=0.533 and max_iter=7
REGINN:CGLS::k=0 : rdisc=1.00 , norm=0.00 
REGINN:CGLS::k=1 : rdisc=0.974, norm=0.0415
REGINN:CGLS::k=2 : rdisc=0.914, norm=0.160
REGINN:CGLS::k=3 : rdisc=0.878, norm=0.256
REGINN:CGLS::k=4 : rdisc=0.777, norm=0.592
REGINN:CGLS::k=5 : rdisc=0.643, norm=1.07 
REGINN:CGLS::k=6 : rdisc=0.593, norm=1.24 
REGINN:CGLS::k=7 : rdisc=0.576, norm=1.30 
REGINN:CGLS::Unsuccessful termination after 7 iterations!
REGINN::Linear solver did not achieve desired discrepancy due to max_iter.
REGINN::i=12: rdisc=0.0154, rnorm=0.889, rerr=0.200
REGINN::1.00 ≤ estimate ≤ 1.68
REGINN::
REGINN::Solving linear problem using rtol=0.506 and max_iter=11
REGINN:CGLS::k=0 : rdisc=1.00 , norm=0.00 
REGINN:CGLS::k=1 : rdisc=0.980, norm=0.0206
REGINN:CGLS::k=2 : rdisc=0.971, norm=0.0335
REGINN:CGLS::k=3 : rdisc=0.925, norm=0.142
REGINN:CGLS::k=4 : rdisc=0.836, norm=0.391
REGINN:CGLS::k=5 : rdisc=0.815, norm=0.450
REGINN:CGLS::k=6 : rdisc=0.773, norm=0.574
REGINN:CGLS::k=7 : rdisc=0.740, norm=0.672
REGINN:CGLS::k=8 : rdisc=0.695, norm=0.816
REGINN:CGLS::k=9 : rdisc=0.679, norm=0.868
REGINN:CGLS::k=10: rdisc=0.584, norm=1.17 
REGINN:CGLS::k=11: rdisc=0.557, norm=1.25 
REGINN:CGLS::Unsuccessful termination after 11 iterations!
REGINN::Linear solver did not achieve desired discrepancy due to max_iter.
REGINN::Saving current residual in ./step-0013/
REGINN::Saving current estimate in ./step-0013/
REGINN::i=13: rdisc=0.00825, rnorm=0.900, rerr=0.190
REGINN::1.00 ≤ estimate ≤ 1.56
REGINN::
REGINN::Solving linear problem using rtol=0.685 and max_iter=18
REGINN:CGLS::k=0 : rdisc=1.00 , norm=0.00 
REGINN:CGLS::k=1 : rdisc=0.973, norm=0.0148
REGINN:CGLS::k=2 : rdisc=0.966, norm=0.0201
REGINN:CGLS::k=3 : rdisc=0.929, norm=0.0631
REGINN:CGLS::k=4 : rdisc=0.910, norm=0.0912
REGINN:CGLS::k=5 : rdisc=0.892, norm=0.123
REGINN:CGLS::k=6 : rdisc=0.880, norm=0.149
REGINN:CGLS::k=7 : rdisc=0.859, norm=0.196
REGINN:CGLS::k=8 : rdisc=0.817, norm=0.307
REGINN:CGLS::k=9 : rdisc=0.795, norm=0.366
REGINN:CGLS::k=10: rdisc=0.781, norm=0.407
REGINN:CGLS::k=11: rdisc=0.769, norm=0.441
REGINN:CGLS::k=12: rdisc=0.725, norm=0.567
REGINN:CGLS::k=13: rdisc=0.683, norm=0.691
REGINN:CGLS::Safeguarding: λ=0.231 ⇒ rdisc=0.685
REGINN:CGLS::Target discrepancy reached after 13 iterations.
REGINN::i=14: rdisc=0.00559, rnorm=0.906, rerr=0.185
REGINN::1.00 ≤ estimate ≤ 1.57
REGINN::
REGINN::Solving linear problem using rtol=0.733 and max_iter=24
REGINN:CGLS::k=0 : rdisc=1.00 , norm=0.00 
REGINN:CGLS::k=1 : rdisc=0.989, norm=0.0110
REGINN:CGLS::k=2 : rdisc=0.967, norm=0.0351
REGINN:CGLS::k=3 : rdisc=0.954, norm=0.0509
REGINN:CGLS::k=4 : rdisc=0.942, norm=0.0673
REGINN:CGLS::k=5 : rdisc=0.923, norm=0.0965
REGINN:CGLS::k=6 : rdisc=0.908, norm=0.121
REGINN:CGLS::k=7 : rdisc=0.897, norm=0.143
REGINN:CGLS::k=8 : rdisc=0.873, norm=0.192
REGINN:CGLS::k=9 : rdisc=0.869, norm=0.201
REGINN:CGLS::k=10: rdisc=0.851, norm=0.243
REGINN:CGLS::k=11: rdisc=0.831, norm=0.293
REGINN:CGLS::k=12: rdisc=0.803, norm=0.366
REGINN:CGLS::k=13: rdisc=0.765, norm=0.473
REGINN:CGLS::k=14: rdisc=0.736, norm=0.553
REGINN:CGLS::k=15: rdisc=0.716, norm=0.608
REGINN:CGLS::Safeguarding: λ=0.921 ⇒ rdisc=0.733
REGINN:CGLS::Target discrepancy reached after 15 iterations.
REGINN::Saving current residual in ./step-0015/
REGINN::Saving current estimate in ./step-0015/
REGINN::i=15: rdisc=0.00406, rnorm=0.911, rerr=0.181
REGINN::1.01 ≤ estimate ≤ 1.57
REGINN::
REGINN::Solving linear problem using rtol=0.768 and max_iter=28
REGINN:CGLS::k=0 : rdisc=1.00 , norm=0.00 
REGINN:CGLS::k=1 : rdisc=0.985, norm=0.00656
REGINN:CGLS::k=2 : rdisc=0.978, norm=0.0106
REGINN:CGLS::k=3 : rdisc=0.966, norm=0.0194
REGINN:CGLS::k=4 : rdisc=0.951, norm=0.0333
REGINN:CGLS::k=5 : rdisc=0.935, norm=0.0508
REGINN:CGLS::k=6 : rdisc=0.924, norm=0.0648
REGINN:CGLS::k=7 : rdisc=0.905, norm=0.0929
REGINN:CGLS::k=8 : rdisc=0.894, norm=0.109
REGINN:CGLS::k=9 : rdisc=0.877, norm=0.139
REGINN:CGLS::k=10: rdisc=0.873, norm=0.148
REGINN:CGLS::k=11: rdisc=0.871, norm=0.151
REGINN:CGLS::k=12: rdisc=0.857, norm=0.178
REGINN:CGLS::k=13: rdisc=0.847, norm=0.200
REGINN:CGLS::k=14: rdisc=0.836, norm=0.225
REGINN:CGLS::k=15: rdisc=0.824, norm=0.254
REGINN:CGLS::k=16: rdisc=0.795, norm=0.331
REGINN:CGLS::k=17: rdisc=0.779, norm=0.372
REGINN:CGLS::k=18: rdisc=0.776, norm=0.380
REGINN:CGLS::k=19: rdisc=0.678, norm=0.649
REGINN:CGLS::Safeguarding: λ=0.952 ⇒ rdisc=0.768
REGINN:CGLS::Target discrepancy reached after 19 iterations.
REGINN::i=16: rdisc=0.00310, rnorm=0.913, rerr=0.178
REGINN::1.01 ≤ estimate ≤ 1.56
REGINN::
REGINN::Solving linear problem using rtol=0.816 and max_iter=34
REGINN:CGLS::k=0 : rdisc=1.00 , norm=0.00 
REGINN:CGLS::k=1 : rdisc=0.996, norm=0.00157
REGINN:CGLS::k=2 : rdisc=0.981, norm=0.0113
REGINN:CGLS::k=3 : rdisc=0.959, norm=0.0292
REGINN:CGLS::k=4 : rdisc=0.953, norm=0.0347
REGINN:CGLS::k=5 : rdisc=0.945, norm=0.0429
REGINN:CGLS::k=6 : rdisc=0.937, norm=0.0530
REGINN:CGLS::k=7 : rdisc=0.931, norm=0.0606
REGINN:CGLS::k=8 : rdisc=0.927, norm=0.0661
REGINN:CGLS::k=9 : rdisc=0.919, norm=0.0788
REGINN:CGLS::k=10: rdisc=0.916, norm=0.0843
REGINN:CGLS::k=11: rdisc=0.902, norm=0.111
REGINN:CGLS::k=12: rdisc=0.896, norm=0.123
REGINN:CGLS::k=13: rdisc=0.881, norm=0.157
REGINN:CGLS::k=14: rdisc=0.876, norm=0.169
REGINN:CGLS::k=15: rdisc=0.871, norm=0.181
REGINN:CGLS::k=16: rdisc=0.864, norm=0.199
REGINN:CGLS::k=17: rdisc=0.860, norm=0.210
REGINN:CGLS::k=18: rdisc=0.852, norm=0.230
REGINN:CGLS::k=19: rdisc=0.777, norm=0.439
REGINN:CGLS::Safeguarding: λ=0.711 ⇒ rdisc=0.816
REGINN:CGLS::Target discrepancy reached after 19 iterations.
REGINN::i=17: rdisc=0.00253, rnorm=0.916, rerr=0.176
REGINN::1.01 ≤ estimate ≤ 1.55
REGINN::
REGINN::Solving linear problem using rtol=0.815 and max_iter=38
REGINN:CGLS::k=0 : rdisc=1.00 , norm=0.00 
REGINN:CGLS::k=1 : rdisc=0.994, norm=0.00423
REGINN:CGLS::k=2 : rdisc=0.990, norm=0.00720
REGINN:CGLS::k=3 : rdisc=0.987, norm=0.00969
REGINN:CGLS::k=4 : rdisc=0.980, norm=0.0168
REGINN:CGLS::k=5 : rdisc=0.974, norm=0.0237
REGINN:CGLS::k=6 : rdisc=0.966, norm=0.0339
REGINN:CGLS::k=7 : rdisc=0.962, norm=0.0408
REGINN:CGLS::k=8 : rdisc=0.956, norm=0.0496
REGINN:CGLS::k=9 : rdisc=0.946, norm=0.0669
REGINN:CGLS::k=10: rdisc=0.946, norm=0.0682
REGINN:CGLS::k=11: rdisc=0.939, norm=0.0806
REGINN:CGLS::k=12: rdisc=0.933, norm=0.0929
REGINN:CGLS::k=13: rdisc=0.929, norm=0.103
REGINN:CGLS::k=14: rdisc=0.925, norm=0.112
REGINN:CGLS::k=15: rdisc=0.919, norm=0.126
REGINN:CGLS::k=16: rdisc=0.911, norm=0.148
REGINN:CGLS::k=17: rdisc=0.910, norm=0.151
REGINN:CGLS::k=18: rdisc=0.904, norm=0.167
REGINN:CGLS::k=19: rdisc=0.899, norm=0.180
REGINN:CGLS::k=20: rdisc=0.866, norm=0.275
REGINN:CGLS::k=21: rdisc=0.805, norm=0.450
REGINN:CGLS::Safeguarding: λ=0.407 ⇒ rdisc=0.815
REGINN:CGLS::Target discrepancy reached after 21 iterations.
REGINN::i=18: rdisc=0.00206, rnorm=0.918, rerr=0.173
REGINN::1.01 ≤ estimate ≤ 1.54
REGINN::
REGINN::Solving linear problem using rtol=0.972 and max_iter=40
REGINN:CGLS::k=0 : rdisc=1.00 , norm=0.00 
REGINN:CGLS::k=1 : rdisc=0.982, norm=0.00930
REGINN:CGLS::k=2 : rdisc=0.978, norm=0.0112
REGINN:CGLS::k=3 : rdisc=0.971, norm=0.0158
REGINN:CGLS::Safeguarding: λ=0.396 ⇒ rdisc=0.972
REGINN:CGLS::Target discrepancy reached after 3 iterations.
REGINN::Saving current residual in ./step-0019/
REGINN::Saving current estimate in ./step-0019/
REGINN::i=19: rdisc=0.00200, rnorm=0.918, rerr=0.173
REGINN::1.01 ≤ estimate ≤ 1.54
REGINN::
REGINN::Saving current residual in ./step-0019/
REGINN::Saving current estimate in ./step-0019/
REGINN::Target discrepancy reached after 19 iterations.
REGINN::1.01 ≤ estimate ≤ 1.54
Relative ℝⁿ error of the reconstruction: 0.154
Relative L²([0,T], L²(Ω)) error of the reconstruction: 0.150
Relative H¹([0,T], L²(Ω)) error of the reconstruction: 0.160
Relative H¹([0,T], H¹(Ω)) error of the reconstruction: 0.173
Relative H²([0,T], L²(Ω)) error of the reconstruction: 0.198
Relative ℝⁿ error of (reconstruction - initial guess): 0.463
Relative L²([0,T], L²(Ω)) error of (reconstruction - initial guess): 0.450
Relative H¹([0,T], L²(Ω)) error of (reconstruction - initial guess): 0.479
Relative H¹([0,T], H¹(Ω)) error of (reconstruction - initial guess): 0.519
Relative H²([0,T], L²(Ω)) error of (reconstruction - initial guess): 0.593
stats::forward              : 21 calls, average 761.5ms per call
stats::linearization forward: 126 calls, average 926.8ms per call
stats::linearization adjoint: 126 calls, average 1.2s per call
stats::measure forward      : 147 calls, average 320.2µs per call
stats::measure adjoint      : 126 calls, average 332.1µs per call
stats::total wall time      : 5min 21s
