JobId thies-arch0 Tue Mar 27 01:04:54 2018
wavepi 43eff3ab
Release-Build, compiled on 2018-03-26T14:41:31Z from commit 43eff3ab6831f421ac47c58b8241dd7cec13aad1 ("Merge branch 'banach' of git.thiesgerken.de:thies/wavepi into banach") on branch banach

initialize_mesh::Number of active cells: 1024
initialize_mesh::Number of degrees of freedom in the first spatial mesh: 1089
initialize_mesh::cell diameters: minimal = 0.354, maximal = 0.354
initialize_mesh::dt: 0.0235
initialize_mesh::expected size of a DiscretizedFunction<2>: 2.13 MiB
Initializing problem
Generating synthetic data (inverse crime)
wall time for data synthesis        : 4.1s
wall time for mesh and problem init : 4.1ms
parameters:LogTransform::lower bound: 0.0
parameters:WaveEquation::max iter: 10000
parameters:WaveEquation::theta: 0.5
parameters:WaveEquation::tol: 1e-8
parameters:constraints::lower bound: -1e300
parameters:constraints::upper bound: 1e300
parameters:general::dimension: 2
parameters:general::finite element degree: 1
parameters:general::quadrature order: 3
parameters:inversion::method: REGINN
parameters:inversion::tau: 2
parameters:log::console depth: 2
parameters:log::file: wavepi.log
parameters:log::file depth: 6
parameters:log::file depth mpi: 4
parameters:mesh::end time: 6
parameters:mesh::initial refines: 5
parameters:mesh::initial time steps: 256
parameters:output::data: true
parameters:output::destination: ./step-{{i}}/
parameters:output::discrepancy decrease: 0.25
parameters:output::estimate: true
parameters:output::estimate transformed: false
parameters:output::exact: true
parameters:output::exact transformed: false
parameters:output::interval: 10
parameters:output::last: true
parameters:output::residual: true
parameters:output::statistics: history
parameters:problem::H1H1 beta: 0.5
parameters:problem::H1H1 gamma: 0.5
parameters:problem::H1L2 alpha: 0.5
parameters:problem::H2L2 alpha: 0.5
parameters:problem::H2L2 beta: 0.25
parameters:problem::H2L2+L2H1 alpha: 0.5
parameters:problem::H2L2+L2H1 beta: 0.25
parameters:problem::H2L2+L2H1 gamma: 0.5
parameters:problem::constants: 
parameters:problem::domain lp wrapping: true
parameters:problem::domain p: 4
parameters:problem::epsilon: 5e-3
parameters:problem::initial guess: 0.0
parameters:problem::norm of codomain: L2L2
parameters:problem::norm of domain: Coefficients
parameters:problem::parameter a: 1.0
parameters:problem::parameter c: 2.0
parameters:problem::parameter nu: 0.0
parameters:problem::parameter q: 2*if(norm{x|y|z} < 1.5, 2.0+abs(sin(t)), 0.0)
parameters:problem::transform: Identity
parameters:problem::type: q
parameters:watchdog::discrepancy increasing: false
parameters:watchdog::discrepancy slope min values: 40
parameters:watchdog::discrepancy slope percentage: 0.25
parameters:watchdog::discrepancy slope threshold: 0.0
parameters:watchdog::discrepancy threshold: 10.0
parameters:watchdog::maximum iteration count: 0
REGINN::Saving exact parameter in ./step-0000/
REGINN::Saving data in ./step-0000/
REGINN::Saving current residual in ./step-0000/
REGINN::Saving current estimate in ./step-0000/
REGINN::i=0 : rdisc=0.572, rnorm=0.00 , rerr=1.00 
REGINN::0.00 ≤ estimate ≤ 0.00
REGINN::Solving linear problem using rtol=0.900 and max_iter=1
REGINN:Gradient::k=0 : rdisc=1.00 , norm=0.00 
REGINN:Gradient::k=1 : rdisc=0.782, norm=4.33 
REGINN:Gradient::Target discrepancy reached after 1 iteration.
REGINN::i=1 : rdisc=0.447, rnorm=0.0619, rerr=0.974
REGINN::-0.355 ≤ estimate ≤ 0.533
REGINN::
REGINN::Solving linear problem using rtol=0.900 and max_iter=2
REGINN:Gradient::k=0 : rdisc=1.00 , norm=0.00 
REGINN:Gradient::k=1 : rdisc=0.831, norm=8.55 
REGINN:Gradient::Target discrepancy reached after 1 iteration.
REGINN::i=2 : rdisc=0.353, rnorm=0.172, rerr=0.916
REGINN::-0.795 ≤ estimate ≤ 1.73
REGINN::
REGINN::Solving linear problem using rtol=0.855 and max_iter=2
REGINN:Gradient::k=0 : rdisc=1.00 , norm=0.00 
REGINN:Gradient::k=1 : rdisc=0.925, norm=3.03 
REGINN:Gradient::k=2 : rdisc=0.858, norm=4.55 
REGINN:Gradient::Unsuccessful termination after 2 iterations!
REGINN::Linear solver did not achieve desired discrepancy due to max_iter.
REGINN::i=3 : rdisc=0.306, rnorm=0.222, rerr=0.892
REGINN::-0.899 ≤ estimate ≤ 2.32
REGINN::
REGINN::Solving linear problem using rtol=0.812 and max_iter=3
REGINN:Gradient::k=0 : rdisc=1.00 , norm=0.00 
REGINN:Gradient::k=1 : rdisc=0.936, norm=2.41 
REGINN:Gradient::k=2 : rdisc=0.874, norm=3.78 
REGINN:Gradient::k=3 : rdisc=0.826, norm=5.35 
REGINN:Gradient::Unsuccessful termination after 3 iterations!
REGINN::Linear solver did not achieve desired discrepancy due to max_iter.
REGINN::i=4 : rdisc=0.255, rnorm=0.287, rerr=0.867
REGINN::-1.48 ≤ estimate ≤ 2.96
REGINN::
REGINN::Solving linear problem using rtol=0.772 and max_iter=5
REGINN:Gradient::k=0 : rdisc=1.00 , norm=0.00 
REGINN:Gradient::k=1 : rdisc=0.942, norm=2.15 
REGINN:Gradient::k=2 : rdisc=0.886, norm=3.13 
REGINN:Gradient::k=3 : rdisc=0.845, norm=4.44 
REGINN:Gradient::k=4 : rdisc=0.806, norm=5.50 
REGINN:Gradient::k=5 : rdisc=0.774, norm=6.52 
REGINN:Gradient::Unsuccessful termination after 5 iterations!
REGINN::Linear solver did not achieve desired discrepancy due to max_iter.
REGINN::i=5 : rdisc=0.199, rnorm=0.374, rerr=0.842
REGINN::-2.08 ≤ estimate ≤ 3.83
REGINN::
REGINN::Solving linear problem using rtol=0.733 and max_iter=8
REGINN:Gradient::k=0 : rdisc=1.00 , norm=0.00 
REGINN:Gradient::k=1 : rdisc=0.957, norm=1.45 
REGINN:Gradient::k=2 : rdisc=0.916, norm=2.08 
REGINN:Gradient::k=3 : rdisc=0.882, norm=3.09 
REGINN:Gradient::k=4 : rdisc=0.849, norm=3.81 
REGINN:Gradient::k=5 : rdisc=0.821, norm=4.64 
REGINN:Gradient::k=6 : rdisc=0.795, norm=5.31 
REGINN:Gradient::k=7 : rdisc=0.771, norm=6.02 
REGINN:Gradient::k=8 : rdisc=0.749, norm=6.63 
REGINN:Gradient::Unsuccessful termination after 8 iterations!
REGINN::Linear solver did not achieve desired discrepancy due to max_iter.
REGINN::i=6 : rdisc=0.150, rnorm=0.462, rerr=0.824
REGINN::-2.31 ≤ estimate ≤ 4.68
REGINN::
REGINN::Solving linear problem using rtol=0.696 and max_iter=13
REGINN:Gradient::k=0 : rdisc=1.00 , norm=0.00 
REGINN:Gradient::k=1 : rdisc=0.972, norm=0.797
REGINN:Gradient::k=2 : rdisc=0.945, norm=1.22 
REGINN:Gradient::k=3 : rdisc=0.921, norm=1.82 
REGINN:Gradient::k=4 : rdisc=0.897, norm=2.31 
REGINN:Gradient::k=5 : rdisc=0.876, norm=2.84 
REGINN:Gradient::k=6 : rdisc=0.856, norm=3.30 
REGINN:Gradient::k=7 : rdisc=0.837, norm=3.78 
REGINN:Gradient::k=8 : rdisc=0.819, norm=4.21 
REGINN:Gradient::k=9 : rdisc=0.802, norm=4.65 
REGINN:Gradient::k=10: rdisc=0.786, norm=5.04 
REGINN:Gradient::k=11: rdisc=0.772, norm=5.45 
REGINN:Gradient::k=12: rdisc=0.757, norm=5.81 
REGINN:Gradient::k=13: rdisc=0.744, norm=6.19 
REGINN:Gradient::Unsuccessful termination after 13 iterations!
REGINN::Linear solver did not achieve desired discrepancy due to max_iter.
REGINN::Saving current residual in ./step-0007/
REGINN::Saving current estimate in ./step-0007/
REGINN::i=7 : rdisc=0.113, rnorm=0.541, rerr=0.815
REGINN::-2.46 ≤ estimate ≤ 5.38
REGINN::
REGINN::Solving linear problem using rtol=0.813 and max_iter=21
REGINN:Gradient::k=0 : rdisc=1.00 , norm=0.00 
REGINN:Gradient::k=1 : rdisc=0.983, norm=0.438
REGINN:Gradient::k=2 : rdisc=0.965, norm=0.728
REGINN:Gradient::k=3 : rdisc=0.949, norm=1.06 
REGINN:Gradient::k=4 : rdisc=0.933, norm=1.40 
REGINN:Gradient::k=5 : rdisc=0.918, norm=1.70 
REGINN:Gradient::k=6 : rdisc=0.904, norm=2.02 
REGINN:Gradient::k=7 : rdisc=0.890, norm=2.31 
REGINN:Gradient::k=8 : rdisc=0.877, norm=2.61 
REGINN:Gradient::k=9 : rdisc=0.864, norm=2.89 
REGINN:Gradient::k=10: rdisc=0.852, norm=3.17 
REGINN:Gradient::k=11: rdisc=0.840, norm=3.43 
REGINN:Gradient::k=12: rdisc=0.828, norm=3.70 
REGINN:Gradient::k=13: rdisc=0.818, norm=3.95 
REGINN:Gradient::k=14: rdisc=0.807, norm=4.21 
REGINN:Gradient::Target discrepancy reached after 14 iterations.
REGINN::i=8 : rdisc=0.0919, rnorm=0.593, rerr=0.812
REGINN::-2.48 ≤ estimate ≤ 5.79
REGINN::
REGINN::Solving linear problem using rtol=0.827 and max_iter=27
REGINN:Gradient::k=0 : rdisc=1.00 , norm=0.00 
REGINN:Gradient::k=1 : rdisc=0.987, norm=0.301
REGINN:Gradient::k=2 : rdisc=0.974, norm=0.504
REGINN:Gradient::k=3 : rdisc=0.961, norm=0.744
REGINN:Gradient::k=4 : rdisc=0.949, norm=0.986
REGINN:Gradient::k=5 : rdisc=0.938, norm=1.21 
REGINN:Gradient::k=6 : rdisc=0.926, norm=1.45 
REGINN:Gradient::k=7 : rdisc=0.915, norm=1.66 
REGINN:Gradient::k=8 : rdisc=0.904, norm=1.89 
REGINN:Gradient::k=9 : rdisc=0.894, norm=2.10 
REGINN:Gradient::k=10: rdisc=0.884, norm=2.32 
REGINN:Gradient::k=11: rdisc=0.874, norm=2.52 
REGINN:Gradient::k=12: rdisc=0.864, norm=2.73 
REGINN:Gradient::k=13: rdisc=0.854, norm=2.92 
REGINN:Gradient::k=14: rdisc=0.845, norm=3.13 
REGINN:Gradient::k=15: rdisc=0.836, norm=3.31 
REGINN:Gradient::k=16: rdisc=0.827, norm=3.51 
REGINN:Gradient::k=17: rdisc=0.819, norm=3.69 
REGINN:Gradient::Target discrepancy reached after 17 iterations.
REGINN::i=9 : rdisc=0.0759, rnorm=0.636, rerr=0.811
REGINN::-2.48 ≤ estimate ≤ 6.19
REGINN::
REGINN::Solving linear problem using rtol=0.857 and max_iter=31
REGINN:Gradient::k=0 : rdisc=1.00 , norm=0.00 
REGINN:Gradient::k=1 : rdisc=0.989, norm=0.274
REGINN:Gradient::k=2 : rdisc=0.978, norm=0.405
REGINN:Gradient::k=3 : rdisc=0.967, norm=0.621
REGINN:Gradient::k=4 : rdisc=0.957, norm=0.785
REGINN:Gradient::k=5 : rdisc=0.947, norm=0.985
REGINN:Gradient::k=6 : rdisc=0.937, norm=1.15 
REGINN:Gradient::k=7 : rdisc=0.928, norm=1.34 
REGINN:Gradient::k=8 : rdisc=0.919, norm=1.50 
REGINN:Gradient::k=9 : rdisc=0.910, norm=1.68 
REGINN:Gradient::k=10: rdisc=0.901, norm=1.84 
REGINN:Gradient::k=11: rdisc=0.892, norm=2.01 
REGINN:Gradient::k=12: rdisc=0.884, norm=2.17 
REGINN:Gradient::k=13: rdisc=0.875, norm=2.34 
REGINN:Gradient::k=14: rdisc=0.867, norm=2.49 
REGINN:Gradient::k=15: rdisc=0.859, norm=2.65 
REGINN:Gradient::k=16: rdisc=0.851, norm=2.80 
REGINN:Gradient::Target discrepancy reached after 16 iterations.
REGINN::Saving current residual in ./step-0010/
REGINN::Saving current estimate in ./step-0010/
REGINN::i=10: rdisc=0.0653, rnorm=0.668, rerr=0.811
REGINN::-2.66 ≤ estimate ≤ 6.44
REGINN::
REGINN::Solving linear problem using rtol=0.814 and max_iter=33
REGINN:Gradient::k=0 : rdisc=1.00 , norm=0.00 
REGINN:Gradient::k=1 : rdisc=0.990, norm=0.192
REGINN:Gradient::k=2 : rdisc=0.981, norm=0.324
REGINN:Gradient::k=3 : rdisc=0.971, norm=0.480
REGINN:Gradient::k=4 : rdisc=0.962, norm=0.638
REGINN:Gradient::k=5 : rdisc=0.953, norm=0.789
REGINN:Gradient::k=6 : rdisc=0.944, norm=0.941
REGINN:Gradient::k=7 : rdisc=0.935, norm=1.09 
REGINN:Gradient::k=8 : rdisc=0.927, norm=1.24 
REGINN:Gradient::k=9 : rdisc=0.919, norm=1.38 
REGINN:Gradient::k=10: rdisc=0.910, norm=1.52 
REGINN:Gradient::k=11: rdisc=0.902, norm=1.67 
REGINN:Gradient::k=12: rdisc=0.895, norm=1.80 
REGINN:Gradient::k=13: rdisc=0.887, norm=1.94 
REGINN:Gradient::k=14: rdisc=0.879, norm=2.07 
REGINN:Gradient::k=15: rdisc=0.871, norm=2.21 
REGINN:Gradient::k=16: rdisc=0.864, norm=2.34 
REGINN:Gradient::k=17: rdisc=0.857, norm=2.48 
REGINN:Gradient::k=18: rdisc=0.849, norm=2.60 
REGINN:Gradient::k=19: rdisc=0.842, norm=2.73 
REGINN:Gradient::k=20: rdisc=0.835, norm=2.85 
REGINN:Gradient::k=21: rdisc=0.828, norm=2.99 
REGINN:Gradient::k=22: rdisc=0.821, norm=3.10 
REGINN:Gradient::k=23: rdisc=0.815, norm=3.23 
REGINN:Gradient::k=24: rdisc=0.808, norm=3.35 
REGINN:Gradient::Target discrepancy reached after 24 iterations.
REGINN::i=11: rdisc=0.0537, rnorm=0.703, rerr=0.810
REGINN::-2.87 ≤ estimate ≤ 6.71
REGINN::
REGINN::Solving linear problem using rtol=0.876 and max_iter=40
REGINN:Gradient::k=0 : rdisc=1.00 , norm=0.00 
REGINN:Gradient::k=1 : rdisc=0.990, norm=0.151
REGINN:Gradient::k=2 : rdisc=0.981, norm=0.278
REGINN:Gradient::k=3 : rdisc=0.972, norm=0.399
REGINN:Gradient::k=4 : rdisc=0.963, norm=0.541
REGINN:Gradient::k=5 : rdisc=0.954, norm=0.660
REGINN:Gradient::k=6 : rdisc=0.946, norm=0.788
REGINN:Gradient::k=7 : rdisc=0.938, norm=0.906
REGINN:Gradient::k=8 : rdisc=0.931, norm=1.02 
REGINN:Gradient::k=9 : rdisc=0.923, norm=1.14 
REGINN:Gradient::k=10: rdisc=0.915, norm=1.25 
REGINN:Gradient::k=11: rdisc=0.908, norm=1.37 
REGINN:Gradient::k=12: rdisc=0.901, norm=1.47 
REGINN:Gradient::k=13: rdisc=0.894, norm=1.59 
REGINN:Gradient::k=14: rdisc=0.887, norm=1.69 
REGINN:Gradient::k=15: rdisc=0.880, norm=1.81 
REGINN:Gradient::k=16: rdisc=0.873, norm=1.90 
REGINN:Gradient::Target discrepancy reached after 16 iterations.
REGINN::i=12: rdisc=0.0474, rnorm=0.722, rerr=0.810
REGINN::-3.00 ≤ estimate ≤ 6.87
REGINN::
REGINN::Solving linear problem using rtol=0.832 and max_iter=40
REGINN:Gradient::k=0 : rdisc=1.00 , norm=0.00 
REGINN:Gradient::k=1 : rdisc=0.991, norm=0.132
REGINN:Gradient::k=2 : rdisc=0.983, norm=0.228
REGINN:Gradient::k=3 : rdisc=0.975, norm=0.335
REGINN:Gradient::k=4 : rdisc=0.967, norm=0.444
REGINN:Gradient::k=5 : rdisc=0.959, norm=0.551
REGINN:Gradient::k=6 : rdisc=0.952, norm=0.653
REGINN:Gradient::k=7 : rdisc=0.945, norm=0.759
REGINN:Gradient::k=8 : rdisc=0.937, norm=0.855
REGINN:Gradient::k=9 : rdisc=0.930, norm=0.962
REGINN:Gradient::k=10: rdisc=0.923, norm=1.05 
REGINN:Gradient::k=11: rdisc=0.916, norm=1.16 
REGINN:Gradient::k=12: rdisc=0.910, norm=1.25 
REGINN:Gradient::k=13: rdisc=0.903, norm=1.35 
REGINN:Gradient::k=14: rdisc=0.896, norm=1.44 
REGINN:Gradient::k=15: rdisc=0.890, norm=1.54 
REGINN:Gradient::k=16: rdisc=0.883, norm=1.63 
REGINN:Gradient::k=17: rdisc=0.877, norm=1.73 
REGINN:Gradient::k=18: rdisc=0.870, norm=1.81 
REGINN:Gradient::k=19: rdisc=0.864, norm=1.91 
REGINN:Gradient::k=20: rdisc=0.858, norm=1.99 
REGINN:Gradient::k=21: rdisc=0.852, norm=2.09 
REGINN:Gradient::k=22: rdisc=0.846, norm=2.17 
REGINN:Gradient::k=23: rdisc=0.840, norm=2.27 
REGINN:Gradient::k=24: rdisc=0.834, norm=2.35 
REGINN:Gradient::k=25: rdisc=0.828, norm=2.44 
REGINN:Gradient::Target discrepancy reached after 25 iterations.
REGINN::i=13: rdisc=0.0397, rnorm=0.746, rerr=0.810
REGINN::-3.15 ≤ estimate ≤ 7.04
REGINN::
REGINN::Solving linear problem using rtol=0.893 and max_iter=41
REGINN:Gradient::k=0 : rdisc=1.00 , norm=0.00 
REGINN:Gradient::k=1 : rdisc=0.984, norm=0.322
REGINN:Gradient::k=2 : rdisc=0.968, norm=0.375
REGINN:Gradient::k=3 : rdisc=0.957, norm=0.577
REGINN:Gradient::k=4 : rdisc=0.946, norm=0.643
REGINN:Gradient::k=5 : rdisc=0.938, norm=0.787
REGINN:Gradient::k=6 : rdisc=0.929, norm=0.857
REGINN:Gradient::k=7 : rdisc=0.923, norm=0.954
REGINN:Gradient::k=8 : rdisc=0.916, norm=1.03 
REGINN:Gradient::k=9 : rdisc=0.910, norm=1.10 
REGINN:Gradient::k=10: rdisc=0.904, norm=1.18 
REGINN:Gradient::k=11: rdisc=0.899, norm=1.24 
REGINN:Gradient::k=12: rdisc=0.893, norm=1.33 
REGINN:Gradient::k=13: rdisc=0.887, norm=1.39 
REGINN:Gradient::Target discrepancy reached after 13 iterations.
REGINN::i=14: rdisc=0.0356, rnorm=0.759, rerr=0.810
REGINN::-3.24 ≤ estimate ≤ 7.11
REGINN::
REGINN::Solving linear problem using rtol=0.848 and max_iter=38
REGINN:Gradient::k=0 : rdisc=1.00 , norm=0.00 
REGINN:Gradient::k=1 : rdisc=0.993, norm=0.0971
REGINN:Gradient::k=2 : rdisc=0.987, norm=0.149
REGINN:Gradient::k=3 : rdisc=0.981, norm=0.232
REGINN:Gradient::k=4 : rdisc=0.974, norm=0.297
REGINN:Gradient::k=5 : rdisc=0.968, norm=0.378
REGINN:Gradient::k=6 : rdisc=0.962, norm=0.442
REGINN:Gradient::k=7 : rdisc=0.956, norm=0.523
REGINN:Gradient::k=8 : rdisc=0.950, norm=0.586
REGINN:Gradient::k=9 : rdisc=0.944, norm=0.665
REGINN:Gradient::k=10: rdisc=0.938, norm=0.727
REGINN:Gradient::k=11: rdisc=0.932, norm=0.804
REGINN:Gradient::k=12: rdisc=0.927, norm=0.866
REGINN:Gradient::k=13: rdisc=0.921, norm=0.941
REGINN:Gradient::k=14: rdisc=0.916, norm=1.00 
REGINN:Gradient::k=15: rdisc=0.910, norm=1.07 
REGINN:Gradient::k=16: rdisc=0.905, norm=1.13 
REGINN:Gradient::k=17: rdisc=0.899, norm=1.21 
REGINN:Gradient::k=18: rdisc=0.894, norm=1.27 
REGINN:Gradient::k=19: rdisc=0.889, norm=1.34 
REGINN:Gradient::k=20: rdisc=0.884, norm=1.39 
REGINN:Gradient::k=21: rdisc=0.879, norm=1.46 
REGINN:Gradient::k=22: rdisc=0.874, norm=1.52 
REGINN:Gradient::k=23: rdisc=0.869, norm=1.59 
REGINN:Gradient::k=24: rdisc=0.864, norm=1.64 
REGINN:Gradient::k=25: rdisc=0.859, norm=1.71 
REGINN:Gradient::k=26: rdisc=0.854, norm=1.76 
REGINN:Gradient::k=27: rdisc=0.849, norm=1.83 
REGINN:Gradient::k=28: rdisc=0.845, norm=1.88 
REGINN:Gradient::Target discrepancy reached after 28 iterations.
REGINN::i=15: rdisc=0.0305, rnorm=0.777, rerr=0.810
REGINN::-3.36 ≤ estimate ≤ 7.23
REGINN::
REGINN::Solving linear problem using rtol=0.929 and max_iter=41
REGINN:Gradient::k=0 : rdisc=1.00 , norm=0.00 
REGINN:Gradient::k=1 : rdisc=0.994, norm=0.0723
REGINN:Gradient::k=2 : rdisc=0.988, norm=0.127
REGINN:Gradient::k=3 : rdisc=0.982, norm=0.187
REGINN:Gradient::k=4 : rdisc=0.976, norm=0.247
REGINN:Gradient::k=5 : rdisc=0.971, norm=0.307
REGINN:Gradient::k=6 : rdisc=0.966, norm=0.363
REGINN:Gradient::k=7 : rdisc=0.960, norm=0.423
REGINN:Gradient::k=8 : rdisc=0.955, norm=0.475
REGINN:Gradient::k=9 : rdisc=0.950, norm=0.536
REGINN:Gradient::k=10: rdisc=0.945, norm=0.586
REGINN:Gradient::k=11: rdisc=0.940, norm=0.647
REGINN:Gradient::k=12: rdisc=0.935, norm=0.696
REGINN:Gradient::k=13: rdisc=0.930, norm=0.756
REGINN:Gradient::k=14: rdisc=0.925, norm=0.804
REGINN:Gradient::Target discrepancy reached after 14 iterations.
REGINN::i=16: rdisc=0.0284, rnorm=0.784, rerr=0.810
REGINN::-3.41 ≤ estimate ≤ 7.27
REGINN::
REGINN::Solving linear problem using rtol=0.883 and max_iter=42
REGINN:Gradient::k=0 : rdisc=1.00 , norm=0.00 
REGINN:Gradient::k=1 : rdisc=0.995, norm=0.0662
REGINN:Gradient::k=2 : rdisc=0.989, norm=0.109
REGINN:Gradient::k=3 : rdisc=0.984, norm=0.164
REGINN:Gradient::k=4 : rdisc=0.979, norm=0.215
REGINN:Gradient::k=5 : rdisc=0.974, norm=0.270
REGINN:Gradient::k=6 : rdisc=0.969, norm=0.319
REGINN:Gradient::k=7 : rdisc=0.964, norm=0.374
REGINN:Gradient::k=8 : rdisc=0.960, norm=0.420
REGINN:Gradient::k=9 : rdisc=0.955, norm=0.475
REGINN:Gradient::k=10: rdisc=0.950, norm=0.521
REGINN:Gradient::k=11: rdisc=0.946, norm=0.576
REGINN:Gradient::k=12: rdisc=0.941, norm=0.620
REGINN:Gradient::k=13: rdisc=0.937, norm=0.674
REGINN:Gradient::k=14: rdisc=0.932, norm=0.718
REGINN:Gradient::k=15: rdisc=0.928, norm=0.771
REGINN:Gradient::k=16: rdisc=0.923, norm=0.814
REGINN:Gradient::k=17: rdisc=0.919, norm=0.867
REGINN:Gradient::k=18: rdisc=0.915, norm=0.909
REGINN:Gradient::k=19: rdisc=0.911, norm=0.960
REGINN:Gradient::k=20: rdisc=0.906, norm=1.00 
REGINN:Gradient::k=21: rdisc=0.902, norm=1.05 
REGINN:Gradient::k=22: rdisc=0.898, norm=1.09 
REGINN:Gradient::k=23: rdisc=0.894, norm=1.14 
REGINN:Gradient::k=24: rdisc=0.890, norm=1.18 
REGINN:Gradient::k=25: rdisc=0.886, norm=1.23 
REGINN:Gradient::k=26: rdisc=0.883, norm=1.27 
REGINN:Gradient::Target discrepancy reached after 26 iterations.
REGINN::i=17: rdisc=0.0254, rnorm=0.796, rerr=0.810
REGINN::-3.50 ≤ estimate ≤ 7.35
REGINN::
REGINN::Solving linear problem using rtol=0.937 and max_iter=40
REGINN:Gradient::k=0 : rdisc=1.00 , norm=0.00 
REGINN:Gradient::k=1 : rdisc=0.995, norm=0.0534
REGINN:Gradient::k=2 : rdisc=0.990, norm=0.0952
REGINN:Gradient::k=3 : rdisc=0.986, norm=0.139
REGINN:Gradient::k=4 : rdisc=0.981, norm=0.186
REGINN:Gradient::k=5 : rdisc=0.977, norm=0.229
REGINN:Gradient::k=6 : rdisc=0.973, norm=0.272
REGINN:Gradient::k=7 : rdisc=0.968, norm=0.316
REGINN:Gradient::k=8 : rdisc=0.964, norm=0.356
REGINN:Gradient::k=9 : rdisc=0.960, norm=0.401
REGINN:Gradient::k=10: rdisc=0.956, norm=0.439
REGINN:Gradient::k=11: rdisc=0.952, norm=0.484
REGINN:Gradient::k=12: rdisc=0.948, norm=0.520
REGINN:Gradient::k=13: rdisc=0.944, norm=0.565
REGINN:Gradient::k=14: rdisc=0.940, norm=0.601
REGINN:Gradient::k=15: rdisc=0.937, norm=0.645
REGINN:Gradient::Target discrepancy reached after 15 iterations.
REGINN::i=18: rdisc=0.0239, rnorm=0.801, rerr=0.810
REGINN::-3.54 ≤ estimate ≤ 7.38
REGINN::
REGINN::Solving linear problem using rtol=0.890 and max_iter=41
REGINN:Gradient::k=0 : rdisc=1.00 , norm=0.00 
REGINN:Gradient::k=1 : rdisc=0.995, norm=0.0731
REGINN:Gradient::k=2 : rdisc=0.990, norm=0.0995
REGINN:Gradient::k=3 : rdisc=0.986, norm=0.152
REGINN:Gradient::k=4 : rdisc=0.981, norm=0.188
REGINN:Gradient::k=5 : rdisc=0.977, norm=0.230
REGINN:Gradient::k=6 : rdisc=0.973, norm=0.268
REGINN:Gradient::k=7 : rdisc=0.970, norm=0.306
REGINN:Gradient::k=8 : rdisc=0.966, norm=0.345
REGINN:Gradient::k=9 : rdisc=0.962, norm=0.379
REGINN:Gradient::k=10: rdisc=0.959, norm=0.419
REGINN:Gradient::k=11: rdisc=0.955, norm=0.452
REGINN:Gradient::k=12: rdisc=0.951, norm=0.493
REGINN:Gradient::k=13: rdisc=0.948, norm=0.525
REGINN:Gradient::k=14: rdisc=0.944, norm=0.566
REGINN:Gradient::k=15: rdisc=0.941, norm=0.597
REGINN:Gradient::k=16: rdisc=0.938, norm=0.637
REGINN:Gradient::k=17: rdisc=0.934, norm=0.669
REGINN:Gradient::k=18: rdisc=0.931, norm=0.708
REGINN:Gradient::k=19: rdisc=0.928, norm=0.739
REGINN:Gradient::k=20: rdisc=0.924, norm=0.778
REGINN:Gradient::k=21: rdisc=0.921, norm=0.809
REGINN:Gradient::k=22: rdisc=0.918, norm=0.847
REGINN:Gradient::k=23: rdisc=0.915, norm=0.878
REGINN:Gradient::k=24: rdisc=0.912, norm=0.915
REGINN:Gradient::k=25: rdisc=0.908, norm=0.946
REGINN:Gradient::k=26: rdisc=0.905, norm=0.982
REGINN:Gradient::k=27: rdisc=0.902, norm=1.01 
REGINN:Gradient::k=28: rdisc=0.899, norm=1.05 
REGINN:Gradient::k=29: rdisc=0.896, norm=1.08 
REGINN:Gradient::k=30: rdisc=0.893, norm=1.11 
REGINN:Gradient::k=31: rdisc=0.890, norm=1.14 
REGINN:Gradient::k=32: rdisc=0.888, norm=1.18 
REGINN:Gradient::Target discrepancy reached after 32 iterations.
REGINN::i=19: rdisc=0.0214, rnorm=0.812, rerr=0.810
REGINN::-3.61 ≤ estimate ≤ 7.46
REGINN::
REGINN::Solving linear problem using rtol=0.949 and max_iter=47
REGINN:Gradient::k=0 : rdisc=1.00 , norm=0.00 
REGINN:Gradient::k=1 : rdisc=0.996, norm=0.0620
REGINN:Gradient::k=2 : rdisc=0.991, norm=0.0830
REGINN:Gradient::k=3 : rdisc=0.988, norm=0.128
REGINN:Gradient::k=4 : rdisc=0.984, norm=0.156
REGINN:Gradient::k=5 : rdisc=0.981, norm=0.194
REGINN:Gradient::k=6 : rdisc=0.977, norm=0.224
REGINN:Gradient::k=7 : rdisc=0.974, norm=0.256
REGINN:Gradient::k=8 : rdisc=0.971, norm=0.287
REGINN:Gradient::k=9 : rdisc=0.968, norm=0.316
REGINN:Gradient::k=10: rdisc=0.965, norm=0.347
REGINN:Gradient::k=11: rdisc=0.962, norm=0.375
REGINN:Gradient::k=12: rdisc=0.959, norm=0.407
REGINN:Gradient::k=13: rdisc=0.956, norm=0.434
REGINN:Gradient::k=14: rdisc=0.953, norm=0.466
REGINN:Gradient::k=15: rdisc=0.951, norm=0.493
REGINN:Gradient::k=16: rdisc=0.948, norm=0.525
REGINN:Gradient::Target discrepancy reached after 16 iterations.
REGINN::Saving current residual in ./step-0020/
REGINN::Saving current estimate in ./step-0020/
REGINN::i=20: rdisc=0.0204, rnorm=0.817, rerr=0.810
REGINN::-3.64 ≤ estimate ≤ 7.49
REGINN::
REGINN::Solving linear problem using rtol=0.901 and max_iter=48
REGINN:Gradient::k=0 : rdisc=1.00 , norm=0.00 
REGINN:Gradient::k=1 : rdisc=0.997, norm=0.0397
REGINN:Gradient::k=2 : rdisc=0.994, norm=0.0609
REGINN:Gradient::k=3 : rdisc=0.991, norm=0.0925
REGINN:Gradient::k=4 : rdisc=0.988, norm=0.120
REGINN:Gradient::k=5 : rdisc=0.985, norm=0.149
REGINN:Gradient::k=6 : rdisc=0.982, norm=0.177
REGINN:Gradient::k=7 : rdisc=0.979, norm=0.205
REGINN:Gradient::k=8 : rdisc=0.977, norm=0.234
REGINN:Gradient::k=9 : rdisc=0.974, norm=0.261
REGINN:Gradient::k=10: rdisc=0.971, norm=0.290
REGINN:Gradient::k=11: rdisc=0.969, norm=0.316
REGINN:Gradient::k=12: rdisc=0.966, norm=0.345
REGINN:Gradient::k=13: rdisc=0.963, norm=0.370
REGINN:Gradient::k=14: rdisc=0.961, norm=0.399
REGINN:Gradient::k=15: rdisc=0.958, norm=0.424
REGINN:Gradient::k=16: rdisc=0.955, norm=0.452
REGINN:Gradient::k=17: rdisc=0.953, norm=0.477
REGINN:Gradient::k=18: rdisc=0.950, norm=0.505
REGINN:Gradient::k=19: rdisc=0.948, norm=0.530
REGINN:Gradient::k=20: rdisc=0.945, norm=0.558
REGINN:Gradient::k=21: rdisc=0.943, norm=0.582
REGINN:Gradient::k=22: rdisc=0.941, norm=0.609
REGINN:Gradient::k=23: rdisc=0.938, norm=0.633
REGINN:Gradient::k=24: rdisc=0.936, norm=0.660
REGINN:Gradient::k=25: rdisc=0.933, norm=0.684
REGINN:Gradient::k=26: rdisc=0.931, norm=0.711
REGINN:Gradient::k=27: rdisc=0.929, norm=0.734
REGINN:Gradient::k=28: rdisc=0.926, norm=0.760
REGINN:Gradient::k=29: rdisc=0.924, norm=0.784
REGINN:Gradient::k=30: rdisc=0.922, norm=0.810
REGINN:Gradient::k=31: rdisc=0.920, norm=0.833
REGINN:Gradient::k=32: rdisc=0.917, norm=0.858
REGINN:Gradient::k=33: rdisc=0.915, norm=0.881
REGINN:Gradient::k=34: rdisc=0.913, norm=0.906
REGINN:Gradient::k=35: rdisc=0.911, norm=0.929
REGINN:Gradient::k=36: rdisc=0.909, norm=0.954
REGINN:Gradient::k=37: rdisc=0.907, norm=0.976
REGINN:Gradient::k=38: rdisc=0.905, norm=1.00 
REGINN:Gradient::k=39: rdisc=0.903, norm=1.02 
REGINN:Gradient::k=40: rdisc=0.900, norm=1.05 
REGINN:Gradient::Target discrepancy reached after 40 iterations.
REGINN::i=21: rdisc=0.0185, rnorm=0.826, rerr=0.809
REGINN::-3.71 ≤ estimate ≤ 7.56
REGINN::
REGINN::Solving linear problem using rtol=0.960 and max_iter=56
REGINN:Gradient::k=0 : rdisc=1.00 , norm=0.00 
REGINN:Gradient::k=1 : rdisc=0.997, norm=0.0468
REGINN:Gradient::k=2 : rdisc=0.994, norm=0.0618
REGINN:Gradient::k=3 : rdisc=0.991, norm=0.0962
REGINN:Gradient::k=4 : rdisc=0.988, norm=0.117
REGINN:Gradient::k=5 : rdisc=0.986, norm=0.146
REGINN:Gradient::k=6 : rdisc=0.983, norm=0.167
REGINN:Gradient::k=7 : rdisc=0.981, norm=0.193
REGINN:Gradient::k=8 : rdisc=0.979, norm=0.215
REGINN:Gradient::k=9 : rdisc=0.976, norm=0.237
REGINN:Gradient::k=10: rdisc=0.974, norm=0.260
REGINN:Gradient::k=11: rdisc=0.972, norm=0.281
REGINN:Gradient::k=12: rdisc=0.970, norm=0.304
REGINN:Gradient::k=13: rdisc=0.968, norm=0.325
REGINN:Gradient::k=14: rdisc=0.966, norm=0.348
REGINN:Gradient::k=15: rdisc=0.964, norm=0.368
REGINN:Gradient::k=16: rdisc=0.962, norm=0.391
REGINN:Gradient::k=17: rdisc=0.960, norm=0.411
REGINN:Gradient::Target discrepancy reached after 17 iterations.
REGINN::i=22: rdisc=0.0178, rnorm=0.829, rerr=0.809
REGINN::-3.74 ≤ estimate ≤ 7.59
REGINN::
REGINN::Solving linear problem using rtol=0.912 and max_iter=57
REGINN:Gradient::k=0 : rdisc=1.00 , norm=0.00 
REGINN:Gradient::k=1 : rdisc=0.998, norm=0.0300
REGINN:Gradient::k=2 : rdisc=0.996, norm=0.0447
REGINN:Gradient::k=3 : rdisc=0.993, norm=0.0697
REGINN:Gradient::k=4 : rdisc=0.991, norm=0.0886
REGINN:Gradient::k=5 : rdisc=0.989, norm=0.112
REGINN:Gradient::k=6 : rdisc=0.987, norm=0.132
REGINN:Gradient::k=7 : rdisc=0.985, norm=0.155
REGINN:Gradient::k=8 : rdisc=0.983, norm=0.175
REGINN:Gradient::k=9 : rdisc=0.981, norm=0.197
REGINN:Gradient::k=10: rdisc=0.979, norm=0.217
REGINN:Gradient::k=11: rdisc=0.977, norm=0.238
REGINN:Gradient::k=12: rdisc=0.975, norm=0.258
REGINN:Gradient::k=13: rdisc=0.973, norm=0.279
REGINN:Gradient::k=14: rdisc=0.971, norm=0.299
REGINN:Gradient::k=15: rdisc=0.970, norm=0.319
REGINN:Gradient::k=16: rdisc=0.968, norm=0.339
REGINN:Gradient::k=17: rdisc=0.966, norm=0.359
REGINN:Gradient::k=18: rdisc=0.964, norm=0.379
REGINN:Gradient::k=19: rdisc=0.962, norm=0.399
REGINN:Gradient::k=20: rdisc=0.960, norm=0.418
REGINN:Gradient::k=21: rdisc=0.959, norm=0.438
REGINN:Gradient::k=22: rdisc=0.957, norm=0.457
REGINN:Gradient::k=23: rdisc=0.955, norm=0.477
REGINN:Gradient::k=24: rdisc=0.953, norm=0.496
REGINN:Gradient::k=25: rdisc=0.952, norm=0.515
REGINN:Gradient::k=26: rdisc=0.950, norm=0.534
REGINN:Gradient::k=27: rdisc=0.948, norm=0.553
REGINN:Gradient::k=28: rdisc=0.946, norm=0.572
REGINN:Gradient::k=29: rdisc=0.945, norm=0.591
REGINN:Gradient::k=30: rdisc=0.943, norm=0.609
REGINN:Gradient::k=31: rdisc=0.941, norm=0.628
REGINN:Gradient::k=32: rdisc=0.940, norm=0.646
REGINN:Gradient::k=33: rdisc=0.938, norm=0.665
REGINN:Gradient::k=34: rdisc=0.936, norm=0.683
REGINN:Gradient::k=35: rdisc=0.935, norm=0.702
REGINN:Gradient::k=36: rdisc=0.933, norm=0.719
REGINN:Gradient::k=37: rdisc=0.932, norm=0.738
REGINN:Gradient::k=38: rdisc=0.930, norm=0.755
REGINN:Gradient::k=39: rdisc=0.929, norm=0.774
REGINN:Gradient::k=40: rdisc=0.927, norm=0.791
REGINN:Gradient::k=41: rdisc=0.925, norm=0.810
REGINN:Gradient::k=42: rdisc=0.924, norm=0.827
REGINN:Gradient::k=43: rdisc=0.922, norm=0.845
REGINN:Gradient::k=44: rdisc=0.921, norm=0.862
REGINN:Gradient::k=45: rdisc=0.919, norm=0.880
REGINN:Gradient::k=46: rdisc=0.918, norm=0.897
REGINN:Gradient::k=47: rdisc=0.916, norm=0.914
REGINN:Gradient::k=48: rdisc=0.915, norm=0.931
REGINN:Gradient::k=49: rdisc=0.914, norm=0.949
REGINN:Gradient::k=50: rdisc=0.912, norm=0.965
REGINN:Gradient::Target discrepancy reached after 50 iterations.
REGINN::i=23: rdisc=0.0164, rnorm=0.837, rerr=0.809
REGINN::-3.80 ≤ estimate ≤ 7.65
REGINN::
REGINN::Solving linear problem using rtol=0.970 and max_iter=67
REGINN:Gradient::k=0 : rdisc=1.00 , norm=0.00 
REGINN:Gradient::k=1 : rdisc=0.998, norm=0.0212
REGINN:Gradient::k=2 : rdisc=0.996, norm=0.0391
REGINN:Gradient::k=3 : rdisc=0.994, norm=0.0561
REGINN:Gradient::k=4 : rdisc=0.993, norm=0.0762
REGINN:Gradient::k=5 : rdisc=0.991, norm=0.0929
REGINN:Gradient::k=6 : rdisc=0.989, norm=0.112
REGINN:Gradient::k=7 : rdisc=0.988, norm=0.129
REGINN:Gradient::k=8 : rdisc=0.986, norm=0.147
REGINN:Gradient::k=9 : rdisc=0.984, norm=0.164
REGINN:Gradient::k=10: rdisc=0.983, norm=0.181
REGINN:Gradient::k=11: rdisc=0.981, norm=0.198
REGINN:Gradient::k=12: rdisc=0.980, norm=0.214
REGINN:Gradient::k=13: rdisc=0.978, norm=0.231
REGINN:Gradient::k=14: rdisc=0.977, norm=0.247
REGINN:Gradient::k=15: rdisc=0.975, norm=0.264
REGINN:Gradient::k=16: rdisc=0.974, norm=0.279
REGINN:Gradient::k=17: rdisc=0.972, norm=0.297
REGINN:Gradient::k=18: rdisc=0.971, norm=0.311
REGINN:Gradient::k=19: rdisc=0.969, norm=0.329
REGINN:Gradient::Target discrepancy reached after 19 iterations.
REGINN::i=24: rdisc=0.0160, rnorm=0.839, rerr=0.809
REGINN::-3.82 ≤ estimate ≤ 7.67
REGINN::
REGINN::Solving linear problem using rtol=0.922 and max_iter=69
REGINN:Gradient::k=0 : rdisc=1.00 , norm=0.00 
REGINN:Gradient::k=1 : rdisc=0.998, norm=0.0277
REGINN:Gradient::k=2 : rdisc=0.996, norm=0.0382
REGINN:Gradient::k=3 : rdisc=0.995, norm=0.0602
REGINN:Gradient::k=4 : rdisc=0.993, norm=0.0743
REGINN:Gradient::k=5 : rdisc=0.992, norm=0.0938
REGINN:Gradient::k=6 : rdisc=0.990, norm=0.109
REGINN:Gradient::k=7 : rdisc=0.989, norm=0.126
REGINN:Gradient::k=8 : rdisc=0.987, norm=0.141
REGINN:Gradient::k=9 : rdisc=0.986, norm=0.157
REGINN:Gradient::k=10: rdisc=0.984, norm=0.173
REGINN:Gradient::k=11: rdisc=0.983, norm=0.188
REGINN:Gradient::k=12: rdisc=0.982, norm=0.204
REGINN:Gradient::k=13: rdisc=0.980, norm=0.218
REGINN:Gradient::k=14: rdisc=0.979, norm=0.234
REGINN:Gradient::k=15: rdisc=0.978, norm=0.248
REGINN:Gradient::k=16: rdisc=0.976, norm=0.265
REGINN:Gradient::k=17: rdisc=0.975, norm=0.278
REGINN:Gradient::k=18: rdisc=0.974, norm=0.295
REGINN:Gradient::k=19: rdisc=0.972, norm=0.308
REGINN:Gradient::k=20: rdisc=0.971, norm=0.325
REGINN:Gradient::k=21: rdisc=0.970, norm=0.338
REGINN:Gradient::k=22: rdisc=0.968, norm=0.355
REGINN:Gradient::k=23: rdisc=0.967, norm=0.368
REGINN:Gradient::k=24: rdisc=0.966, norm=0.384
REGINN:Gradient::k=25: rdisc=0.965, norm=0.398
REGINN:Gradient::k=26: rdisc=0.963, norm=0.413
REGINN:Gradient::k=27: rdisc=0.962, norm=0.427
REGINN:Gradient::k=28: rdisc=0.961, norm=0.442
REGINN:Gradient::k=29: rdisc=0.960, norm=0.456
REGINN:Gradient::k=30: rdisc=0.958, norm=0.471
REGINN:Gradient::k=31: rdisc=0.957, norm=0.485
REGINN:Gradient::k=32: rdisc=0.956, norm=0.500
REGINN:Gradient::k=33: rdisc=0.955, norm=0.513
REGINN:Gradient::k=34: rdisc=0.954, norm=0.528
REGINN:Gradient::k=35: rdisc=0.952, norm=0.541
REGINN:Gradient::k=36: rdisc=0.951, norm=0.556
REGINN:Gradient::k=37: rdisc=0.950, norm=0.569
REGINN:Gradient::k=38: rdisc=0.949, norm=0.584
REGINN:Gradient::k=39: rdisc=0.948, norm=0.597
REGINN:Gradient::k=40: rdisc=0.947, norm=0.612
REGINN:Gradient::k=41: rdisc=0.946, norm=0.625
REGINN:Gradient::k=42: rdisc=0.944, norm=0.639
REGINN:Gradient::k=43: rdisc=0.943, norm=0.652
REGINN:Gradient::k=44: rdisc=0.942, norm=0.666
REGINN:Gradient::k=45: rdisc=0.941, norm=0.679
REGINN:Gradient::k=46: rdisc=0.940, norm=0.693
REGINN:Gradient::k=47: rdisc=0.939, norm=0.706
REGINN:Gradient::k=48: rdisc=0.938, norm=0.720
REGINN:Gradient::k=49: rdisc=0.937, norm=0.733
REGINN:Gradient::k=50: rdisc=0.936, norm=0.747
REGINN:Gradient::k=51: rdisc=0.934, norm=0.760
REGINN:Gradient::k=52: rdisc=0.933, norm=0.773
REGINN:Gradient::k=53: rdisc=0.932, norm=0.786
REGINN:Gradient::k=54: rdisc=0.931, norm=0.800
REGINN:Gradient::k=55: rdisc=0.930, norm=0.812
REGINN:Gradient::k=56: rdisc=0.929, norm=0.826
REGINN:Gradient::k=57: rdisc=0.928, norm=0.838
REGINN:Gradient::k=58: rdisc=0.927, norm=0.852
REGINN:Gradient::k=59: rdisc=0.926, norm=0.864
REGINN:Gradient::k=60: rdisc=0.925, norm=0.878
REGINN:Gradient::k=61: rdisc=0.924, norm=0.890
REGINN:Gradient::k=62: rdisc=0.923, norm=0.903
REGINN:Gradient::k=63: rdisc=0.922, norm=0.916
REGINN:Gradient::k=64: rdisc=0.921, norm=0.929
REGINN:Gradient::Target discrepancy reached after 64 iterations.
REGINN::i=25: rdisc=0.0148, rnorm=0.845, rerr=0.808
REGINN::-3.88 ≤ estimate ≤ 7.72
REGINN::
REGINN::Solving linear problem using rtol=0.977 and max_iter=83
REGINN:Gradient::k=0 : rdisc=1.00 , norm=0.00 
REGINN:Gradient::k=1 : rdisc=0.998, norm=0.0260
REGINN:Gradient::k=2 : rdisc=0.997, norm=0.0345
REGINN:Gradient::k=3 : rdisc=0.996, norm=0.0532
REGINN:Gradient::k=4 : rdisc=0.994, norm=0.0646
REGINN:Gradient::k=5 : rdisc=0.993, norm=0.0810
REGINN:Gradient::k=6 : rdisc=0.992, norm=0.0930
REGINN:Gradient::k=7 : rdisc=0.991, norm=0.107
REGINN:Gradient::k=8 : rdisc=0.989, norm=0.120
REGINN:Gradient::k=9 : rdisc=0.988, norm=0.133
REGINN:Gradient::k=10: rdisc=0.987, norm=0.146
REGINN:Gradient::k=11: rdisc=0.986, norm=0.158
REGINN:Gradient::k=12: rdisc=0.985, norm=0.171
REGINN:Gradient::k=13: rdisc=0.984, norm=0.182
REGINN:Gradient::k=14: rdisc=0.983, norm=0.196
REGINN:Gradient::k=15: rdisc=0.982, norm=0.207
REGINN:Gradient::k=16: rdisc=0.981, norm=0.220
REGINN:Gradient::k=17: rdisc=0.980, norm=0.232
REGINN:Gradient::k=18: rdisc=0.979, norm=0.245
REGINN:Gradient::k=19: rdisc=0.978, norm=0.256
REGINN:Gradient::k=20: rdisc=0.977, norm=0.270
REGINN:Gradient::k=21: rdisc=0.976, norm=0.281
REGINN:Gradient::Target discrepancy reached after 21 iterations.
REGINN::i=26: rdisc=0.0145, rnorm=0.847, rerr=0.808
REGINN::-3.90 ≤ estimate ≤ 7.73
REGINN::
REGINN::Solving linear problem using rtol=0.928 and max_iter=85
REGINN:Gradient::k=0 : rdisc=1.00 , norm=0.00 
REGINN:Gradient::k=1 : rdisc=0.999, norm=0.0181
REGINN:Gradient::k=2 : rdisc=0.998, norm=0.0266
REGINN:Gradient::k=3 : rdisc=0.997, norm=0.0411
REGINN:Gradient::k=4 : rdisc=0.996, norm=0.0520
REGINN:Gradient::k=5 : rdisc=0.995, norm=0.0656
REGINN:Gradient::k=6 : rdisc=0.994, norm=0.0769
REGINN:Gradient::k=7 : rdisc=0.993, norm=0.0898
REGINN:Gradient::k=8 : rdisc=0.991, norm=0.101
REGINN:Gradient::k=9 : rdisc=0.991, norm=0.114
REGINN:Gradient::k=10: rdisc=0.990, norm=0.125
REGINN:Gradient::k=11: rdisc=0.989, norm=0.138
REGINN:Gradient::k=12: rdisc=0.988, norm=0.149
REGINN:Gradient::k=13: rdisc=0.987, norm=0.161
REGINN:Gradient::k=14: rdisc=0.986, norm=0.173
REGINN:Gradient::k=15: rdisc=0.985, norm=0.185
REGINN:Gradient::k=16: rdisc=0.984, norm=0.196
REGINN:Gradient::k=17: rdisc=0.983, norm=0.208
REGINN:Gradient::k=18: rdisc=0.982, norm=0.219
REGINN:Gradient::k=19: rdisc=0.981, norm=0.231
REGINN:Gradient::k=20: rdisc=0.980, norm=0.243
REGINN:Gradient::k=21: rdisc=0.979, norm=0.254
REGINN:Gradient::k=22: rdisc=0.978, norm=0.266
REGINN:Gradient::k=23: rdisc=0.977, norm=0.277
REGINN:Gradient::k=24: rdisc=0.976, norm=0.288
REGINN:Gradient::k=25: rdisc=0.975, norm=0.300
REGINN:Gradient::k=26: rdisc=0.974, norm=0.311
REGINN:Gradient::k=27: rdisc=0.973, norm=0.323
REGINN:Gradient::k=28: rdisc=0.973, norm=0.334
REGINN:Gradient::k=29: rdisc=0.972, norm=0.345
REGINN:Gradient::k=30: rdisc=0.971, norm=0.356
REGINN:Gradient::k=31: rdisc=0.970, norm=0.368
REGINN:Gradient::k=32: rdisc=0.969, norm=0.379
REGINN:Gradient::k=33: rdisc=0.968, norm=0.390
REGINN:Gradient::k=34: rdisc=0.967, norm=0.401
REGINN:Gradient::k=35: rdisc=0.966, norm=0.412
REGINN:Gradient::k=36: rdisc=0.965, norm=0.423
REGINN:Gradient::k=37: rdisc=0.965, norm=0.434
REGINN:Gradient::k=38: rdisc=0.964, norm=0.445
REGINN:Gradient::k=39: rdisc=0.963, norm=0.456
REGINN:Gradient::k=40: rdisc=0.962, norm=0.467
REGINN:Gradient::k=41: rdisc=0.961, norm=0.478
REGINN:Gradient::k=42: rdisc=0.960, norm=0.488
REGINN:Gradient::k=43: rdisc=0.959, norm=0.499
REGINN:Gradient::k=44: rdisc=0.959, norm=0.510
REGINN:Gradient::k=45: rdisc=0.958, norm=0.521
REGINN:Gradient::k=46: rdisc=0.957, norm=0.531
REGINN:Gradient::k=47: rdisc=0.956, norm=0.542
REGINN:Gradient::k=48: rdisc=0.955, norm=0.553
REGINN:Gradient::k=49: rdisc=0.955, norm=0.564
REGINN:Gradient::k=50: rdisc=0.954, norm=0.574
REGINN:Gradient::k=51: rdisc=0.953, norm=0.585
REGINN:Gradient::k=52: rdisc=0.952, norm=0.595
REGINN:Gradient::k=53: rdisc=0.951, norm=0.606
REGINN:Gradient::k=54: rdisc=0.950, norm=0.616
REGINN:Gradient::k=55: rdisc=0.950, norm=0.627
REGINN:Gradient::k=56: rdisc=0.949, norm=0.637
REGINN:Gradient::k=57: rdisc=0.948, norm=0.648
REGINN:Gradient::k=58: rdisc=0.947, norm=0.658
REGINN:Gradient::k=59: rdisc=0.946, norm=0.668
REGINN:Gradient::k=60: rdisc=0.946, norm=0.679
REGINN:Gradient::k=61: rdisc=0.945, norm=0.689
REGINN:Gradient::k=62: rdisc=0.944, norm=0.699
REGINN:Gradient::k=63: rdisc=0.943, norm=0.710
REGINN:Gradient::k=64: rdisc=0.943, norm=0.720
REGINN:Gradient::k=65: rdisc=0.942, norm=0.730
REGINN:Gradient::k=66: rdisc=0.941, norm=0.740
REGINN:Gradient::k=67: rdisc=0.940, norm=0.750
REGINN:Gradient::k=68: rdisc=0.940, norm=0.760
REGINN:Gradient::k=69: rdisc=0.939, norm=0.770
REGINN:Gradient::k=70: rdisc=0.938, norm=0.780
REGINN:Gradient::k=71: rdisc=0.937, norm=0.791
REGINN:Gradient::k=72: rdisc=0.937, norm=0.800
REGINN:Gradient::k=73: rdisc=0.936, norm=0.811
REGINN:Gradient::k=74: rdisc=0.935, norm=0.820
REGINN:Gradient::k=75: rdisc=0.934, norm=0.830
REGINN:Gradient::k=76: rdisc=0.934, norm=0.840
REGINN:Gradient::k=77: rdisc=0.933, norm=0.850
REGINN:Gradient::k=78: rdisc=0.932, norm=0.860
REGINN:Gradient::k=79: rdisc=0.931, norm=0.870
REGINN:Gradient::k=80: rdisc=0.931, norm=0.880
REGINN:Gradient::k=81: rdisc=0.930, norm=0.890
REGINN:Gradient::k=82: rdisc=0.929, norm=0.899
REGINN:Gradient::k=83: rdisc=0.928, norm=0.909
REGINN:Gradient::k=84: rdisc=0.928, norm=0.919
REGINN:Gradient::Target discrepancy reached after 84 iterations.
REGINN::i=27: rdisc=0.0136, rnorm=0.852, rerr=0.808
REGINN::-3.96 ≤ estimate ≤ 7.79
REGINN::
REGINN::Solving linear problem using rtol=0.982 and max_iter=105
REGINN:Gradient::k=0 : rdisc=1.00 , norm=0.00 
REGINN:Gradient::k=1 : rdisc=0.999, norm=0.0137
REGINN:Gradient::k=2 : rdisc=0.998, norm=0.0226
REGINN:Gradient::k=3 : rdisc=0.997, norm=0.0328
REGINN:Gradient::k=4 : rdisc=0.996, norm=0.0430
REGINN:Gradient::k=5 : rdisc=0.995, norm=0.0530
REGINN:Gradient::k=6 : rdisc=0.995, norm=0.0630
REGINN:Gradient::k=7 : rdisc=0.994, norm=0.0730
REGINN:Gradient::k=8 : rdisc=0.993, norm=0.0828
REGINN:Gradient::k=9 : rdisc=0.992, norm=0.0928
REGINN:Gradient::k=10: rdisc=0.991, norm=0.102
REGINN:Gradient::k=11: rdisc=0.991, norm=0.112
REGINN:Gradient::k=12: rdisc=0.990, norm=0.122
REGINN:Gradient::k=13: rdisc=0.989, norm=0.132
REGINN:Gradient::k=14: rdisc=0.988, norm=0.141
REGINN:Gradient::k=15: rdisc=0.988, norm=0.151
REGINN:Gradient::k=16: rdisc=0.987, norm=0.161
REGINN:Gradient::k=17: rdisc=0.986, norm=0.171
REGINN:Gradient::k=18: rdisc=0.985, norm=0.180
REGINN:Gradient::k=19: rdisc=0.985, norm=0.190
REGINN:Gradient::k=20: rdisc=0.984, norm=0.199
REGINN:Gradient::k=21: rdisc=0.983, norm=0.209
REGINN:Gradient::k=22: rdisc=0.982, norm=0.218
REGINN:Gradient::k=23: rdisc=0.982, norm=0.228
REGINN:Gradient::Target discrepancy reached after 23 iterations.
REGINN::i=28: rdisc=0.0133, rnorm=0.853, rerr=0.808
REGINN::-3.98 ≤ estimate ≤ 7.79
REGINN::
REGINN::Solving linear problem using rtol=0.933 and max_iter=107
REGINN:Gradient::k=0 : rdisc=1.00 , norm=0.00 
REGINN:Gradient::k=1 : rdisc=0.999, norm=0.0149
REGINN:Gradient::k=2 : rdisc=0.998, norm=0.0215
REGINN:Gradient::k=3 : rdisc=0.998, norm=0.0329
REGINN:Gradient::k=4 : rdisc=0.997, norm=0.0417
REGINN:Gradient::k=5 : rdisc=0.996, norm=0.0518
REGINN:Gradient::k=6 : rdisc=0.995, norm=0.0610
REGINN:Gradient::k=7 : rdisc=0.994, norm=0.0705
REGINN:Gradient::k=8 : rdisc=0.994, norm=0.0799
REGINN:Gradient::k=9 : rdisc=0.993, norm=0.0891
REGINN:Gradient::k=10: rdisc=0.992, norm=0.0987
REGINN:Gradient::k=11: rdisc=0.992, norm=0.108
REGINN:Gradient::k=12: rdisc=0.991, norm=0.117
REGINN:Gradient::k=13: rdisc=0.990, norm=0.126
REGINN:Gradient::k=14: rdisc=0.989, norm=0.136
REGINN:Gradient::k=15: rdisc=0.989, norm=0.145
REGINN:Gradient::k=16: rdisc=0.988, norm=0.154
REGINN:Gradient::k=17: rdisc=0.987, norm=0.163
REGINN:Gradient::k=18: rdisc=0.987, norm=0.173
REGINN:Gradient::k=19: rdisc=0.986, norm=0.182
REGINN:Gradient::k=20: rdisc=0.985, norm=0.191
REGINN:Gradient::k=21: rdisc=0.984, norm=0.200
REGINN:Gradient::k=22: rdisc=0.984, norm=0.209
REGINN:Gradient::k=23: rdisc=0.983, norm=0.218
REGINN:Gradient::k=24: rdisc=0.982, norm=0.228
REGINN:Gradient::k=25: rdisc=0.982, norm=0.236
REGINN:Gradient::k=26: rdisc=0.981, norm=0.246
REGINN:Gradient::k=27: rdisc=0.980, norm=0.254
REGINN:Gradient::k=28: rdisc=0.980, norm=0.264
REGINN:Gradient::k=29: rdisc=0.979, norm=0.272
REGINN:Gradient::k=30: rdisc=0.978, norm=0.281
REGINN:Gradient::k=31: rdisc=0.978, norm=0.290
REGINN:Gradient::k=32: rdisc=0.977, norm=0.299
REGINN:Gradient::k=33: rdisc=0.976, norm=0.308
REGINN:Gradient::k=34: rdisc=0.976, norm=0.317
REGINN:Gradient::k=35: rdisc=0.975, norm=0.326
REGINN:Gradient::k=36: rdisc=0.974, norm=0.335
REGINN:Gradient::k=37: rdisc=0.974, norm=0.343
REGINN:Gradient::k=38: rdisc=0.973, norm=0.352
REGINN:Gradient::k=39: rdisc=0.972, norm=0.361
REGINN:Gradient::k=40: rdisc=0.972, norm=0.370
REGINN:Gradient::k=41: rdisc=0.971, norm=0.378
REGINN:Gradient::k=42: rdisc=0.970, norm=0.387
REGINN:Gradient::k=43: rdisc=0.970, norm=0.396
REGINN:Gradient::k=44: rdisc=0.969, norm=0.404
REGINN:Gradient::k=45: rdisc=0.969, norm=0.413
REGINN:Gradient::k=46: rdisc=0.968, norm=0.422
REGINN:Gradient::k=47: rdisc=0.967, norm=0.430
REGINN:Gradient::k=48: rdisc=0.967, norm=0.439
REGINN:Gradient::k=49: rdisc=0.966, norm=0.447
REGINN:Gradient::k=50: rdisc=0.965, norm=0.456
REGINN:Gradient::k=51: rdisc=0.965, norm=0.464
REGINN:Gradient::k=52: rdisc=0.964, norm=0.473
REGINN:Gradient::k=53: rdisc=0.963, norm=0.482
REGINN:Gradient::k=54: rdisc=0.963, norm=0.490
REGINN:Gradient::k=55: rdisc=0.962, norm=0.498
REGINN:Gradient::k=56: rdisc=0.962, norm=0.507
REGINN:Gradient::k=57: rdisc=0.961, norm=0.515
REGINN:Gradient::k=58: rdisc=0.960, norm=0.524
REGINN:Gradient::k=59: rdisc=0.960, norm=0.532
REGINN:Gradient::k=60: rdisc=0.959, norm=0.541
REGINN:Gradient::k=61: rdisc=0.959, norm=0.549
REGINN:Gradient::k=62: rdisc=0.958, norm=0.557
REGINN:Gradient::k=63: rdisc=0.957, norm=0.566
REGINN:Gradient::k=64: rdisc=0.957, norm=0.574
REGINN:Gradient::k=65: rdisc=0.956, norm=0.582
REGINN:Gradient::k=66: rdisc=0.956, norm=0.591
REGINN:Gradient::k=67: rdisc=0.955, norm=0.599
REGINN:Gradient::k=68: rdisc=0.954, norm=0.607
REGINN:Gradient::k=69: rdisc=0.954, norm=0.615
REGINN:Gradient::k=70: rdisc=0.953, norm=0.624
REGINN:Gradient::k=71: rdisc=0.953, norm=0.632
REGINN:Gradient::k=72: rdisc=0.952, norm=0.640
REGINN:Gradient::k=73: rdisc=0.951, norm=0.648
REGINN:Gradient::k=74: rdisc=0.951, norm=0.656
REGINN:Gradient::k=75: rdisc=0.950, norm=0.664
REGINN:Gradient::k=76: rdisc=0.950, norm=0.673
REGINN:Gradient::k=77: rdisc=0.949, norm=0.681
REGINN:Gradient::k=78: rdisc=0.949, norm=0.689
REGINN:Gradient::k=79: rdisc=0.948, norm=0.697
REGINN:Gradient::k=80: rdisc=0.947, norm=0.705
REGINN:Gradient::k=81: rdisc=0.947, norm=0.713
REGINN:Gradient::k=82: rdisc=0.946, norm=0.721
REGINN:Gradient::k=83: rdisc=0.946, norm=0.729
REGINN:Gradient::k=84: rdisc=0.945, norm=0.737
REGINN:Gradient::k=85: rdisc=0.945, norm=0.745
REGINN:Gradient::k=86: rdisc=0.944, norm=0.753
REGINN:Gradient::k=87: rdisc=0.943, norm=0.761
REGINN:Gradient::k=88: rdisc=0.943, norm=0.769
REGINN:Gradient::k=89: rdisc=0.942, norm=0.777
REGINN:Gradient::k=90: rdisc=0.942, norm=0.785
REGINN:Gradient::k=91: rdisc=0.941, norm=0.793
REGINN:Gradient::k=92: rdisc=0.941, norm=0.801
REGINN:Gradient::k=93: rdisc=0.940, norm=0.808
REGINN:Gradient::k=94: rdisc=0.940, norm=0.816
REGINN:Gradient::k=95: rdisc=0.939, norm=0.824
REGINN:Gradient::k=96: rdisc=0.939, norm=0.832
REGINN:Gradient::k=97: rdisc=0.938, norm=0.840
REGINN:Gradient::k=98: rdisc=0.937, norm=0.848
REGINN:Gradient::k=99: rdisc=0.937, norm=0.855
REGINN:Gradient::k=100: rdisc=0.936, norm=0.863
REGINN:Gradient::k=101: rdisc=0.936, norm=0.871
REGINN:Gradient::k=102: rdisc=0.935, norm=0.879
REGINN:Gradient::k=103: rdisc=0.935, norm=0.886
REGINN:Gradient::k=104: rdisc=0.934, norm=0.894
REGINN:Gradient::k=105: rdisc=0.934, norm=0.902
REGINN:Gradient::k=106: rdisc=0.933, norm=0.910
REGINN:Gradient::k=107: rdisc=0.933, norm=0.917
REGINN:Gradient::Target discrepancy reached after 107 iterations.
REGINN::i=29: rdisc=0.0125, rnorm=0.857, rerr=0.807
REGINN::-4.04 ≤ estimate ≤ 7.83
REGINN::
REGINN::Solving linear problem using rtol=0.986 and max_iter=130
REGINN:Gradient::k=0 : rdisc=1.00 , norm=0.00 
REGINN:Gradient::k=1 : rdisc=0.999, norm=0.0123
REGINN:Gradient::k=2 : rdisc=0.998, norm=0.0189
REGINN:Gradient::k=3 : rdisc=0.998, norm=0.0275
REGINN:Gradient::k=4 : rdisc=0.997, norm=0.0352
REGINN:Gradient::k=5 : rdisc=0.996, norm=0.0434
REGINN:Gradient::k=6 : rdisc=0.996, norm=0.0511
REGINN:Gradient::k=7 : rdisc=0.995, norm=0.0592
REGINN:Gradient::k=8 : rdisc=0.995, norm=0.0669
REGINN:Gradient::k=9 : rdisc=0.994, norm=0.0749
REGINN:Gradient::k=10: rdisc=0.993, norm=0.0826
REGINN:Gradient::k=11: rdisc=0.993, norm=0.0905
REGINN:Gradient::k=12: rdisc=0.992, norm=0.0982
REGINN:Gradient::k=13: rdisc=0.992, norm=0.106
REGINN:Gradient::k=14: rdisc=0.991, norm=0.114
REGINN:Gradient::k=15: rdisc=0.991, norm=0.121
REGINN:Gradient::k=16: rdisc=0.990, norm=0.129
REGINN:Gradient::k=17: rdisc=0.989, norm=0.137
REGINN:Gradient::k=18: rdisc=0.989, norm=0.144
REGINN:Gradient::k=19: rdisc=0.988, norm=0.152
REGINN:Gradient::k=20: rdisc=0.988, norm=0.160
REGINN:Gradient::k=21: rdisc=0.987, norm=0.167
REGINN:Gradient::k=22: rdisc=0.987, norm=0.175
REGINN:Gradient::k=23: rdisc=0.986, norm=0.183
REGINN:Gradient::k=24: rdisc=0.986, norm=0.190
REGINN:Gradient::k=25: rdisc=0.985, norm=0.198
REGINN:Gradient::Target discrepancy reached after 25 iterations.
REGINN::Saving current residual in ./step-0030/
REGINN::Saving current estimate in ./step-0030/
REGINN::i=30: rdisc=0.0124, rnorm=0.858, rerr=0.807
REGINN::-4.05 ≤ estimate ≤ 7.83
REGINN::
REGINN::Solving linear problem using rtol=0.936 and max_iter=132
REGINN:Gradient::k=0 : rdisc=1.00 , norm=0.00 
REGINN:Gradient::k=1 : rdisc=0.999, norm=0.0116
REGINN:Gradient::k=2 : rdisc=0.999, norm=0.0171
REGINN:Gradient::k=3 : rdisc=0.998, norm=0.0257
REGINN:Gradient::k=4 : rdisc=0.998, norm=0.0328
REGINN:Gradient::k=5 : rdisc=0.997, norm=0.0407
REGINN:Gradient::k=6 : rdisc=0.996, norm=0.0481
REGINN:Gradient::k=7 : rdisc=0.996, norm=0.0557
REGINN:Gradient::k=8 : rdisc=0.995, norm=0.0632
REGINN:Gradient::k=9 : rdisc=0.995, norm=0.0706
REGINN:Gradient::k=10: rdisc=0.994, norm=0.0782
REGINN:Gradient::k=11: rdisc=0.994, norm=0.0856
REGINN:Gradient::k=12: rdisc=0.993, norm=0.0932
REGINN:Gradient::k=13: rdisc=0.993, norm=0.101
REGINN:Gradient::k=14: rdisc=0.992, norm=0.108
REGINN:Gradient::k=15: rdisc=0.992, norm=0.115
REGINN:Gradient::k=16: rdisc=0.991, norm=0.123
REGINN:Gradient::k=17: rdisc=0.991, norm=0.130
REGINN:Gradient::k=18: rdisc=0.990, norm=0.138
REGINN:Gradient::k=19: rdisc=0.989, norm=0.145
REGINN:Gradient::k=20: rdisc=0.989, norm=0.152
REGINN:Gradient::k=21: rdisc=0.988, norm=0.160
REGINN:Gradient::k=22: rdisc=0.988, norm=0.167
REGINN:Gradient::k=23: rdisc=0.987, norm=0.174
REGINN:Gradient::k=24: rdisc=0.987, norm=0.182
REGINN:Gradient::k=25: rdisc=0.986, norm=0.189
REGINN:Gradient::k=26: rdisc=0.986, norm=0.196
REGINN:Gradient::k=27: rdisc=0.985, norm=0.203
REGINN:Gradient::k=28: rdisc=0.985, norm=0.211
REGINN:Gradient::k=29: rdisc=0.984, norm=0.218
REGINN:Gradient::k=30: rdisc=0.984, norm=0.225
REGINN:Gradient::k=31: rdisc=0.983, norm=0.232
REGINN:Gradient::k=32: rdisc=0.983, norm=0.240
REGINN:Gradient::k=33: rdisc=0.982, norm=0.247
REGINN:Gradient::k=34: rdisc=0.982, norm=0.254
REGINN:Gradient::k=35: rdisc=0.981, norm=0.261
REGINN:Gradient::k=36: rdisc=0.981, norm=0.268
REGINN:Gradient::k=37: rdisc=0.980, norm=0.275
REGINN:Gradient::k=38: rdisc=0.980, norm=0.283
REGINN:Gradient::k=39: rdisc=0.979, norm=0.290
REGINN:Gradient::k=40: rdisc=0.979, norm=0.297
REGINN:Gradient::k=41: rdisc=0.978, norm=0.304
REGINN:Gradient::k=42: rdisc=0.978, norm=0.311
REGINN:Gradient::k=43: rdisc=0.977, norm=0.318
REGINN:Gradient::k=44: rdisc=0.977, norm=0.325
REGINN:Gradient::k=45: rdisc=0.976, norm=0.332
REGINN:Gradient::k=46: rdisc=0.976, norm=0.339
REGINN:Gradient::k=47: rdisc=0.975, norm=0.346
REGINN:Gradient::k=48: rdisc=0.975, norm=0.353
REGINN:Gradient::k=49: rdisc=0.974, norm=0.360
REGINN:Gradient::k=50: rdisc=0.974, norm=0.367
REGINN:Gradient::k=51: rdisc=0.973, norm=0.374
REGINN:Gradient::k=52: rdisc=0.973, norm=0.381
REGINN:Gradient::k=53: rdisc=0.972, norm=0.388
REGINN:Gradient::k=54: rdisc=0.972, norm=0.395
REGINN:Gradient::k=55: rdisc=0.971, norm=0.402
REGINN:Gradient::k=56: rdisc=0.971, norm=0.409
REGINN:Gradient::k=57: rdisc=0.970, norm=0.416
REGINN:Gradient::k=58: rdisc=0.970, norm=0.423
REGINN:Gradient::k=59: rdisc=0.969, norm=0.430
REGINN:Gradient::k=60: rdisc=0.969, norm=0.436
REGINN:Gradient::k=61: rdisc=0.968, norm=0.443
REGINN:Gradient::k=62: rdisc=0.968, norm=0.450
REGINN:Gradient::k=63: rdisc=0.967, norm=0.457
REGINN:Gradient::k=64: rdisc=0.967, norm=0.464
REGINN:Gradient::k=65: rdisc=0.967, norm=0.471
REGINN:Gradient::k=66: rdisc=0.966, norm=0.478
REGINN:Gradient::k=67: rdisc=0.966, norm=0.484
REGINN:Gradient::k=68: rdisc=0.965, norm=0.491
REGINN:Gradient::k=69: rdisc=0.965, norm=0.498
REGINN:Gradient::k=70: rdisc=0.964, norm=0.505
REGINN:Gradient::k=71: rdisc=0.964, norm=0.512
REGINN:Gradient::k=72: rdisc=0.963, norm=0.518
REGINN:Gradient::k=73: rdisc=0.963, norm=0.525
REGINN:Gradient::k=74: rdisc=0.962, norm=0.532
REGINN:Gradient::k=75: rdisc=0.962, norm=0.539
REGINN:Gradient::k=76: rdisc=0.961, norm=0.545
REGINN:Gradient::k=77: rdisc=0.961, norm=0.552
REGINN:Gradient::k=78: rdisc=0.961, norm=0.559
REGINN:Gradient::k=79: rdisc=0.960, norm=0.565
REGINN:Gradient::k=80: rdisc=0.960, norm=0.572
REGINN:Gradient::k=81: rdisc=0.959, norm=0.579
REGINN:Gradient::k=82: rdisc=0.959, norm=0.586
REGINN:Gradient::k=83: rdisc=0.958, norm=0.592
REGINN:Gradient::k=84: rdisc=0.958, norm=0.599
REGINN:Gradient::k=85: rdisc=0.957, norm=0.605
REGINN:Gradient::k=86: rdisc=0.957, norm=0.612
REGINN:Gradient::k=87: rdisc=0.956, norm=0.619
REGINN:Gradient::k=88: rdisc=0.956, norm=0.625
REGINN:Gradient::k=89: rdisc=0.956, norm=0.632
REGINN:Gradient::k=90: rdisc=0.955, norm=0.639
REGINN:Gradient::k=91: rdisc=0.955, norm=0.645
REGINN:Gradient::k=92: rdisc=0.954, norm=0.652
REGINN:Gradient::k=93: rdisc=0.954, norm=0.658
REGINN:Gradient::k=94: rdisc=0.953, norm=0.665
REGINN:Gradient::k=95: rdisc=0.953, norm=0.671
REGINN:Gradient::k=96: rdisc=0.952, norm=0.678
REGINN:Gradient::k=97: rdisc=0.952, norm=0.684
REGINN:Gradient::k=98: rdisc=0.952, norm=0.691
REGINN:Gradient::k=99: rdisc=0.951, norm=0.698
REGINN:Gradient::k=100: rdisc=0.951, norm=0.704
REGINN:Gradient::k=101: rdisc=0.950, norm=0.711
REGINN:Gradient::k=102: rdisc=0.950, norm=0.717
REGINN:Gradient::k=103: rdisc=0.949, norm=0.724
REGINN:Gradient::k=104: rdisc=0.949, norm=0.730
REGINN:Gradient::k=105: rdisc=0.949, norm=0.736
REGINN:Gradient::k=106: rdisc=0.948, norm=0.743
REGINN:Gradient::k=107: rdisc=0.948, norm=0.749
REGINN:Gradient::k=108: rdisc=0.947, norm=0.756
REGINN:Gradient::k=109: rdisc=0.947, norm=0.762
REGINN:Gradient::k=110: rdisc=0.946, norm=0.769
REGINN:Gradient::k=111: rdisc=0.946, norm=0.775
REGINN:Gradient::k=112: rdisc=0.946, norm=0.782
REGINN:Gradient::k=113: rdisc=0.945, norm=0.788
REGINN:Gradient::k=114: rdisc=0.945, norm=0.794
REGINN:Gradient::k=115: rdisc=0.944, norm=0.801
REGINN:Gradient::k=116: rdisc=0.944, norm=0.807
REGINN:Gradient::k=117: rdisc=0.943, norm=0.813
REGINN:Gradient::k=118: rdisc=0.943, norm=0.820
REGINN:Gradient::k=119: rdisc=0.943, norm=0.826
REGINN:Gradient::k=120: rdisc=0.942, norm=0.833
REGINN:Gradient::k=121: rdisc=0.942, norm=0.839
REGINN:Gradient::k=122: rdisc=0.941, norm=0.845
REGINN:Gradient::k=123: rdisc=0.941, norm=0.851
REGINN:Gradient::k=124: rdisc=0.941, norm=0.858
REGINN:Gradient::k=125: rdisc=0.940, norm=0.864
REGINN:Gradient::k=126: rdisc=0.940, norm=0.870
REGINN:Gradient::k=127: rdisc=0.939, norm=0.877
REGINN:Gradient::k=128: rdisc=0.939, norm=0.883
REGINN:Gradient::k=129: rdisc=0.938, norm=0.889
REGINN:Gradient::k=130: rdisc=0.938, norm=0.895
REGINN:Gradient::k=131: rdisc=0.938, norm=0.902
REGINN:Gradient::k=132: rdisc=0.937, norm=0.908
REGINN:Gradient::Unsuccessful termination after 132 iterations!
REGINN::Linear solver did not achieve desired discrepancy due to max_iter.
REGINN::i=31: rdisc=0.0117, rnorm=0.862, rerr=0.806
REGINN::-4.11 ≤ estimate ≤ 7.86
REGINN::
REGINN::Solving linear problem using rtol=0.988 and max_iter=157
REGINN:Gradient::k=0 : rdisc=1.00 , norm=0.00 
REGINN:Gradient::k=1 : rdisc=0.999, norm=0.0169
REGINN:Gradient::k=2 : rdisc=0.998, norm=0.0217
REGINN:Gradient::k=3 : rdisc=0.998, norm=0.0296
REGINN:Gradient::k=4 : rdisc=0.997, norm=0.0357
REGINN:Gradient::k=5 : rdisc=0.997, norm=0.0425
REGINN:Gradient::k=6 : rdisc=0.996, norm=0.0489
REGINN:Gradient::k=7 : rdisc=0.996, norm=0.0552
REGINN:Gradient::k=8 : rdisc=0.995, norm=0.0618
REGINN:Gradient::k=9 : rdisc=0.995, norm=0.0679
REGINN:Gradient::k=10: rdisc=0.994, norm=0.0745
REGINN:Gradient::k=11: rdisc=0.994, norm=0.0806
REGINN:Gradient::k=12: rdisc=0.994, norm=0.0872
REGINN:Gradient::k=13: rdisc=0.993, norm=0.0933
REGINN:Gradient::k=14: rdisc=0.993, norm=0.0997
REGINN:Gradient::k=15: rdisc=0.992, norm=0.106
REGINN:Gradient::k=16: rdisc=0.992, norm=0.112
REGINN:Gradient::k=17: rdisc=0.991, norm=0.118
REGINN:Gradient::k=18: rdisc=0.991, norm=0.125
REGINN:Gradient::k=19: rdisc=0.990, norm=0.131
REGINN:Gradient::k=20: rdisc=0.990, norm=0.137
REGINN:Gradient::k=21: rdisc=0.990, norm=0.143
REGINN:Gradient::k=22: rdisc=0.989, norm=0.150
REGINN:Gradient::k=23: rdisc=0.989, norm=0.156
REGINN:Gradient::k=24: rdisc=0.988, norm=0.162
REGINN:Gradient::k=25: rdisc=0.988, norm=0.168
REGINN:Gradient::Target discrepancy reached after 25 iterations.
REGINN::i=32: rdisc=0.0115, rnorm=0.863, rerr=0.806
REGINN::-4.12 ≤ estimate ≤ 7.86
REGINN::
REGINN::Solving linear problem using rtol=0.939 and max_iter=157
REGINN:Gradient::k=0 : rdisc=1.00 , norm=0.00 
REGINN:Gradient::k=1 : rdisc=1.00 , norm=0.00855
REGINN:Gradient::k=2 : rdisc=0.999, norm=0.0133
REGINN:Gradient::k=3 : rdisc=0.999, norm=0.0200
REGINN:Gradient::k=4 : rdisc=0.998, norm=0.0260
REGINN:Gradient::k=5 : rdisc=0.998, norm=0.0323
REGINN:Gradient::k=6 : rdisc=0.997, norm=0.0385
REGINN:Gradient::k=7 : rdisc=0.997, norm=0.0447
REGINN:Gradient::k=8 : rdisc=0.996, norm=0.0509
REGINN:Gradient::k=9 : rdisc=0.996, norm=0.0570
REGINN:Gradient::k=10: rdisc=0.996, norm=0.0632
REGINN:Gradient::k=11: rdisc=0.995, norm=0.0693
REGINN:Gradient::k=12: rdisc=0.995, norm=0.0755
REGINN:Gradient::k=13: rdisc=0.994, norm=0.0815
REGINN:Gradient::k=14: rdisc=0.994, norm=0.0877
REGINN:Gradient::k=15: rdisc=0.994, norm=0.0938
REGINN:Gradient::k=16: rdisc=0.993, norm=0.0999
REGINN:Gradient::k=17: rdisc=0.993, norm=0.106
REGINN:Gradient::k=18: rdisc=0.992, norm=0.112
REGINN:Gradient::k=19: rdisc=0.992, norm=0.118
REGINN:Gradient::k=20: rdisc=0.991, norm=0.124
REGINN:Gradient::k=21: rdisc=0.991, norm=0.130
REGINN:Gradient::k=22: rdisc=0.991, norm=0.136
REGINN:Gradient::k=23: rdisc=0.990, norm=0.142
REGINN:Gradient::k=24: rdisc=0.990, norm=0.148
REGINN:Gradient::k=25: rdisc=0.989, norm=0.154
REGINN:Gradient::k=26: rdisc=0.989, norm=0.160
REGINN:Gradient::k=27: rdisc=0.989, norm=0.166
REGINN:Gradient::k=28: rdisc=0.988, norm=0.172
REGINN:Gradient::k=29: rdisc=0.988, norm=0.178
REGINN:Gradient::k=30: rdisc=0.987, norm=0.184
REGINN:Gradient::k=31: rdisc=0.987, norm=0.190
REGINN:Gradient::k=32: rdisc=0.987, norm=0.196
REGINN:Gradient::k=33: rdisc=0.986, norm=0.202
REGINN:Gradient::k=34: rdisc=0.986, norm=0.208
REGINN:Gradient::k=35: rdisc=0.985, norm=0.214
REGINN:Gradient::k=36: rdisc=0.985, norm=0.220
REGINN:Gradient::k=37: rdisc=0.985, norm=0.226
REGINN:Gradient::k=38: rdisc=0.984, norm=0.232
REGINN:Gradient::k=39: rdisc=0.984, norm=0.238
REGINN:Gradient::k=40: rdisc=0.983, norm=0.244
REGINN:Gradient::k=41: rdisc=0.983, norm=0.250
REGINN:Gradient::k=42: rdisc=0.983, norm=0.256
REGINN:Gradient::k=43: rdisc=0.982, norm=0.262
REGINN:Gradient::k=44: rdisc=0.982, norm=0.267
REGINN:Gradient::k=45: rdisc=0.981, norm=0.273
REGINN:Gradient::k=46: rdisc=0.981, norm=0.279
REGINN:Gradient::k=47: rdisc=0.981, norm=0.285
REGINN:Gradient::k=48: rdisc=0.980, norm=0.291
REGINN:Gradient::k=49: rdisc=0.980, norm=0.297
REGINN:Gradient::k=50: rdisc=0.979, norm=0.303
REGINN:Gradient::k=51: rdisc=0.979, norm=0.308
REGINN:Gradient::k=52: rdisc=0.979, norm=0.314
REGINN:Gradient::k=53: rdisc=0.978, norm=0.320
REGINN:Gradient::k=54: rdisc=0.978, norm=0.326
REGINN:Gradient::k=55: rdisc=0.977, norm=0.332
REGINN:Gradient::k=56: rdisc=0.977, norm=0.338
REGINN:Gradient::k=57: rdisc=0.977, norm=0.343
REGINN:Gradient::k=58: rdisc=0.976, norm=0.349
REGINN:Gradient::k=59: rdisc=0.976, norm=0.355
REGINN:Gradient::k=60: rdisc=0.976, norm=0.361
REGINN:Gradient::k=61: rdisc=0.975, norm=0.366
REGINN:Gradient::k=62: rdisc=0.975, norm=0.372
REGINN:Gradient::k=63: rdisc=0.974, norm=0.378
REGINN:Gradient::k=64: rdisc=0.974, norm=0.384
REGINN:Gradient::k=65: rdisc=0.974, norm=0.389
REGINN:Gradient::k=66: rdisc=0.973, norm=0.395
REGINN:Gradient::k=67: rdisc=0.973, norm=0.401
REGINN:Gradient::k=68: rdisc=0.972, norm=0.407
REGINN:Gradient::k=69: rdisc=0.972, norm=0.412
REGINN:Gradient::k=70: rdisc=0.972, norm=0.418
REGINN:Gradient::k=71: rdisc=0.971, norm=0.424
REGINN:Gradient::k=72: rdisc=0.971, norm=0.429
REGINN:Gradient::k=73: rdisc=0.971, norm=0.435
REGINN:Gradient::k=74: rdisc=0.970, norm=0.441
REGINN:Gradient::k=75: rdisc=0.970, norm=0.447
REGINN:Gradient::k=76: rdisc=0.969, norm=0.452
REGINN:Gradient::k=77: rdisc=0.969, norm=0.458
REGINN:Gradient::k=78: rdisc=0.969, norm=0.464
REGINN:Gradient::k=79: rdisc=0.968, norm=0.469
REGINN:Gradient::k=80: rdisc=0.968, norm=0.475
REGINN:Gradient::k=81: rdisc=0.968, norm=0.480
REGINN:Gradient::k=82: rdisc=0.967, norm=0.486
REGINN:Gradient::k=83: rdisc=0.967, norm=0.492
REGINN:Gradient::k=84: rdisc=0.967, norm=0.497
REGINN:Gradient::k=85: rdisc=0.966, norm=0.503
REGINN:Gradient::k=86: rdisc=0.966, norm=0.509
REGINN:Gradient::k=87: rdisc=0.965, norm=0.514
REGINN:Gradient::k=88: rdisc=0.965, norm=0.520
REGINN:Gradient::k=89: rdisc=0.965, norm=0.525
REGINN:Gradient::k=90: rdisc=0.964, norm=0.531
REGINN:Gradient::k=91: rdisc=0.964, norm=0.537
REGINN:Gradient::k=92: rdisc=0.964, norm=0.542
REGINN:Gradient::k=93: rdisc=0.963, norm=0.548
REGINN:Gradient::k=94: rdisc=0.963, norm=0.553
REGINN:Gradient::k=95: rdisc=0.963, norm=0.559
REGINN:Gradient::k=96: rdisc=0.962, norm=0.564
REGINN:Gradient::k=97: rdisc=0.962, norm=0.570
REGINN:Gradient::k=98: rdisc=0.961, norm=0.575
REGINN:Gradient::k=99: rdisc=0.961, norm=0.581
REGINN:Gradient::k=100: rdisc=0.961, norm=0.586
REGINN:Gradient::k=101: rdisc=0.960, norm=0.592
REGINN:Gradient::k=102: rdisc=0.960, norm=0.597
REGINN:Gradient::k=103: rdisc=0.960, norm=0.603
REGINN:Gradient::k=104: rdisc=0.959, norm=0.608
REGINN:Gradient::k=105: rdisc=0.959, norm=0.614
REGINN:Gradient::k=106: rdisc=0.959, norm=0.619
REGINN:Gradient::k=107: rdisc=0.958, norm=0.625
REGINN:Gradient::k=108: rdisc=0.958, norm=0.630
REGINN:Gradient::k=109: rdisc=0.958, norm=0.636
REGINN:Gradient::k=110: rdisc=0.957, norm=0.641
REGINN:Gradient::k=111: rdisc=0.957, norm=0.647
REGINN:Gradient::k=112: rdisc=0.957, norm=0.652
REGINN:Gradient::k=113: rdisc=0.956, norm=0.658
REGINN:Gradient::k=114: rdisc=0.956, norm=0.663
REGINN:Gradient::k=115: rdisc=0.955, norm=0.669
REGINN:Gradient::k=116: rdisc=0.955, norm=0.674
REGINN:Gradient::k=117: rdisc=0.955, norm=0.679
REGINN:Gradient::k=118: rdisc=0.954, norm=0.685
REGINN:Gradient::k=119: rdisc=0.954, norm=0.690
REGINN:Gradient::k=120: rdisc=0.954, norm=0.696
REGINN:Gradient::k=121: rdisc=0.953, norm=0.701
REGINN:Gradient::k=122: rdisc=0.953, norm=0.707
REGINN:Gradient::k=123: rdisc=0.953, norm=0.712
REGINN:Gradient::k=124: rdisc=0.952, norm=0.717
REGINN:Gradient::k=125: rdisc=0.952, norm=0.723
REGINN:Gradient::k=126: rdisc=0.952, norm=0.728
REGINN:Gradient::k=127: rdisc=0.951, norm=0.733
REGINN:Gradient::k=128: rdisc=0.951, norm=0.739
REGINN:Gradient::k=129: rdisc=0.951, norm=0.744
REGINN:Gradient::k=130: rdisc=0.950, norm=0.749
REGINN:Gradient::k=131: rdisc=0.950, norm=0.755
REGINN:Gradient::k=132: rdisc=0.950, norm=0.760
REGINN:Gradient::k=133: rdisc=0.949, norm=0.766
REGINN:Gradient::k=134: rdisc=0.949, norm=0.771
REGINN:Gradient::k=135: rdisc=0.949, norm=0.776
REGINN:Gradient::k=136: rdisc=0.948, norm=0.781
REGINN:Gradient::k=137: rdisc=0.948, norm=0.787
REGINN:Gradient::k=138: rdisc=0.948, norm=0.792
REGINN:Gradient::k=139: rdisc=0.947, norm=0.797
REGINN:Gradient::k=140: rdisc=0.947, norm=0.803
REGINN:Gradient::k=141: rdisc=0.947, norm=0.808
REGINN:Gradient::k=142: rdisc=0.946, norm=0.813
REGINN:Gradient::k=143: rdisc=0.946, norm=0.819
REGINN:Gradient::k=144: rdisc=0.946, norm=0.824
REGINN:Gradient::k=145: rdisc=0.945, norm=0.829
REGINN:Gradient::k=146: rdisc=0.945, norm=0.834
REGINN:Gradient::k=147: rdisc=0.945, norm=0.840
REGINN:Gradient::k=148: rdisc=0.944, norm=0.845
REGINN:Gradient::k=149: rdisc=0.944, norm=0.850
REGINN:Gradient::k=150: rdisc=0.944, norm=0.855
REGINN:Gradient::k=151: rdisc=0.943, norm=0.861
REGINN:Gradient::k=152: rdisc=0.943, norm=0.866
REGINN:Gradient::k=153: rdisc=0.943, norm=0.871
REGINN:Gradient::k=154: rdisc=0.942, norm=0.876
REGINN:Gradient::k=155: rdisc=0.942, norm=0.882
REGINN:Gradient::k=156: rdisc=0.942, norm=0.887
REGINN:Gradient::k=157: rdisc=0.941, norm=0.892
REGINN:Gradient::Unsuccessful termination after 157 iterations!
REGINN::Linear solver did not achieve desired discrepancy due to max_iter.
REGINN::i=33: rdisc=0.0109, rnorm=0.867, rerr=0.806
REGINN::-4.17 ≤ estimate ≤ 7.87
REGINN::
REGINN::Solving linear problem using rtol=0.990 and max_iter=182
REGINN:Gradient::k=0 : rdisc=1.00 , norm=0.00 
REGINN:Gradient::k=1 : rdisc=0.999, norm=0.0233
REGINN:Gradient::k=2 : rdisc=0.998, norm=0.0276
REGINN:Gradient::k=3 : rdisc=0.998, norm=0.0335
REGINN:Gradient::k=4 : rdisc=0.997, norm=0.0387
REGINN:Gradient::k=5 : rdisc=0.997, norm=0.0441
REGINN:Gradient::k=6 : rdisc=0.996, norm=0.0495
REGINN:Gradient::k=7 : rdisc=0.996, norm=0.0546
REGINN:Gradient::k=8 : rdisc=0.996, norm=0.0601
REGINN:Gradient::k=9 : rdisc=0.995, norm=0.0652
REGINN:Gradient::k=10: rdisc=0.995, norm=0.0706
REGINN:Gradient::k=11: rdisc=0.995, norm=0.0758
REGINN:Gradient::k=12: rdisc=0.994, norm=0.0811
REGINN:Gradient::k=13: rdisc=0.994, norm=0.0863
REGINN:Gradient::k=14: rdisc=0.993, norm=0.0916
REGINN:Gradient::k=15: rdisc=0.993, norm=0.0968
REGINN:Gradient::k=16: rdisc=0.993, norm=0.102
REGINN:Gradient::k=17: rdisc=0.992, norm=0.107
REGINN:Gradient::k=18: rdisc=0.992, norm=0.112
REGINN:Gradient::k=19: rdisc=0.992, norm=0.118
REGINN:Gradient::k=20: rdisc=0.991, norm=0.123
REGINN:Gradient::k=21: rdisc=0.991, norm=0.128
REGINN:Gradient::k=22: rdisc=0.991, norm=0.133
REGINN:Gradient::k=23: rdisc=0.990, norm=0.138
REGINN:Gradient::k=24: rdisc=0.990, norm=0.144
REGINN:Gradient::Target discrepancy reached after 24 iterations.
REGINN::i=34: rdisc=0.0108, rnorm=0.867, rerr=0.806
REGINN::-4.18 ≤ estimate ≤ 7.87
REGINN::
REGINN::Solving linear problem using rtol=0.941 and max_iter=181
REGINN:Gradient::k=0 : rdisc=1.00 , norm=0.00 
REGINN:Gradient::k=1 : rdisc=1.00 , norm=0.00683
REGINN:Gradient::k=2 : rdisc=0.999, norm=0.0108
REGINN:Gradient::k=3 : rdisc=0.999, norm=0.0163
REGINN:Gradient::k=4 : rdisc=0.999, norm=0.0213
REGINN:Gradient::k=5 : rdisc=0.998, norm=0.0266
REGINN:Gradient::k=6 : rdisc=0.998, norm=0.0318
REGINN:Gradient::k=7 : rdisc=0.998, norm=0.0370
REGINN:Gradient::k=8 : rdisc=0.997, norm=0.0422
REGINN:Gradient::k=9 : rdisc=0.997, norm=0.0474
REGINN:Gradient::k=10: rdisc=0.997, norm=0.0526
REGINN:Gradient::k=11: rdisc=0.996, norm=0.0578
REGINN:Gradient::k=12: rdisc=0.996, norm=0.0629
REGINN:Gradient::k=13: rdisc=0.995, norm=0.0681
REGINN:Gradient::k=14: rdisc=0.995, norm=0.0732
REGINN:Gradient::k=15: rdisc=0.995, norm=0.0784
REGINN:Gradient::k=16: rdisc=0.994, norm=0.0835
REGINN:Gradient::k=17: rdisc=0.994, norm=0.0886
REGINN:Gradient::k=18: rdisc=0.994, norm=0.0937
REGINN:Gradient::k=19: rdisc=0.993, norm=0.0989
REGINN:Gradient::k=20: rdisc=0.993, norm=0.104
REGINN:Gradient::k=21: rdisc=0.993, norm=0.109
REGINN:Gradient::k=22: rdisc=0.992, norm=0.114
REGINN:Gradient::k=23: rdisc=0.992, norm=0.119
REGINN:Gradient::k=24: rdisc=0.992, norm=0.124
REGINN:Gradient::k=25: rdisc=0.991, norm=0.129
REGINN:Gradient::k=26: rdisc=0.991, norm=0.135
REGINN:Gradient::k=27: rdisc=0.991, norm=0.140
REGINN:Gradient::k=28: rdisc=0.990, norm=0.145
REGINN:Gradient::k=29: rdisc=0.990, norm=0.150
REGINN:Gradient::k=30: rdisc=0.990, norm=0.155
REGINN:Gradient::k=31: rdisc=0.989, norm=0.160
REGINN:Gradient::k=32: rdisc=0.989, norm=0.165
REGINN:Gradient::k=33: rdisc=0.989, norm=0.170
REGINN:Gradient::k=34: rdisc=0.989, norm=0.175
REGINN:Gradient::k=35: rdisc=0.988, norm=0.180
REGINN:Gradient::k=36: rdisc=0.988, norm=0.185
REGINN:Gradient::k=37: rdisc=0.988, norm=0.190
REGINN:Gradient::k=38: rdisc=0.987, norm=0.195
REGINN:Gradient::k=39: rdisc=0.987, norm=0.200
REGINN:Gradient::k=40: rdisc=0.987, norm=0.205
REGINN:Gradient::k=41: rdisc=0.986, norm=0.210
REGINN:Gradient::k=42: rdisc=0.986, norm=0.215
REGINN:Gradient::k=43: rdisc=0.986, norm=0.220
REGINN:Gradient::k=44: rdisc=0.985, norm=0.225
REGINN:Gradient::k=45: rdisc=0.985, norm=0.230
REGINN:Gradient::k=46: rdisc=0.985, norm=0.235
REGINN:Gradient::k=47: rdisc=0.984, norm=0.240
REGINN:Gradient::k=48: rdisc=0.984, norm=0.245
REGINN:Gradient::k=49: rdisc=0.984, norm=0.250
REGINN:Gradient::k=50: rdisc=0.983, norm=0.255
REGINN:Gradient::k=51: rdisc=0.983, norm=0.260
REGINN:Gradient::k=52: rdisc=0.983, norm=0.265
REGINN:Gradient::k=53: rdisc=0.982, norm=0.270
REGINN:Gradient::k=54: rdisc=0.982, norm=0.275
REGINN:Gradient::k=55: rdisc=0.982, norm=0.280
REGINN:Gradient::k=56: rdisc=0.981, norm=0.285
REGINN:Gradient::k=57: rdisc=0.981, norm=0.290
REGINN:Gradient::k=58: rdisc=0.981, norm=0.295
REGINN:Gradient::k=59: rdisc=0.981, norm=0.299
REGINN:Gradient::k=60: rdisc=0.980, norm=0.304
REGINN:Gradient::k=61: rdisc=0.980, norm=0.309
REGINN:Gradient::k=62: rdisc=0.980, norm=0.314
REGINN:Gradient::k=63: rdisc=0.979, norm=0.319
REGINN:Gradient::k=64: rdisc=0.979, norm=0.324
REGINN:Gradient::k=65: rdisc=0.979, norm=0.329
REGINN:Gradient::k=66: rdisc=0.978, norm=0.334
REGINN:Gradient::k=67: rdisc=0.978, norm=0.339
REGINN:Gradient::k=68: rdisc=0.978, norm=0.344
REGINN:Gradient::k=69: rdisc=0.977, norm=0.348
REGINN:Gradient::k=70: rdisc=0.977, norm=0.353
REGINN:Gradient::k=71: rdisc=0.977, norm=0.358
REGINN:Gradient::k=72: rdisc=0.976, norm=0.363
REGINN:Gradient::k=73: rdisc=0.976, norm=0.368
REGINN:Gradient::k=74: rdisc=0.976, norm=0.373
REGINN:Gradient::k=75: rdisc=0.976, norm=0.378
REGINN:Gradient::k=76: rdisc=0.975, norm=0.382
REGINN:Gradient::k=77: rdisc=0.975, norm=0.387
REGINN:Gradient::k=78: rdisc=0.975, norm=0.392
REGINN:Gradient::k=79: rdisc=0.974, norm=0.397
REGINN:Gradient::k=80: rdisc=0.974, norm=0.402
REGINN:Gradient::k=81: rdisc=0.974, norm=0.407
REGINN:Gradient::k=82: rdisc=0.973, norm=0.411
REGINN:Gradient::k=83: rdisc=0.973, norm=0.416
REGINN:Gradient::k=84: rdisc=0.973, norm=0.421
REGINN:Gradient::k=85: rdisc=0.972, norm=0.426
REGINN:Gradient::k=86: rdisc=0.972, norm=0.431
REGINN:Gradient::k=87: rdisc=0.972, norm=0.436
REGINN:Gradient::k=88: rdisc=0.972, norm=0.440
REGINN:Gradient::k=89: rdisc=0.971, norm=0.445
REGINN:Gradient::k=90: rdisc=0.971, norm=0.450
REGINN:Gradient::k=91: rdisc=0.971, norm=0.455
REGINN:Gradient::k=92: rdisc=0.970, norm=0.459
REGINN:Gradient::k=93: rdisc=0.970, norm=0.464
REGINN:Gradient::k=94: rdisc=0.970, norm=0.469
REGINN:Gradient::k=95: rdisc=0.969, norm=0.474
REGINN:Gradient::k=96: rdisc=0.969, norm=0.479
REGINN:Gradient::k=97: rdisc=0.969, norm=0.483
REGINN:Gradient::k=98: rdisc=0.969, norm=0.488
REGINN:Gradient::k=99: rdisc=0.968, norm=0.493
REGINN:Gradient::k=100: rdisc=0.968, norm=0.498
REGINN:Gradient::k=101: rdisc=0.968, norm=0.502
REGINN:Gradient::k=102: rdisc=0.967, norm=0.507
REGINN:Gradient::k=103: rdisc=0.967, norm=0.512
REGINN:Gradient::k=104: rdisc=0.967, norm=0.517
REGINN:Gradient::k=105: rdisc=0.966, norm=0.521
REGINN:Gradient::k=106: rdisc=0.966, norm=0.526
REGINN:Gradient::k=107: rdisc=0.966, norm=0.531
REGINN:Gradient::k=108: rdisc=0.966, norm=0.535
REGINN:Gradient::k=109: rdisc=0.965, norm=0.540
REGINN:Gradient::k=110: rdisc=0.965, norm=0.545
REGINN:Gradient::k=111: rdisc=0.965, norm=0.550
REGINN:Gradient::k=112: rdisc=0.964, norm=0.554
REGINN:Gradient::k=113: rdisc=0.964, norm=0.559
REGINN:Gradient::k=114: rdisc=0.964, norm=0.564
REGINN:Gradient::k=115: rdisc=0.964, norm=0.568
REGINN:Gradient::k=116: rdisc=0.963, norm=0.573
REGINN:Gradient::k=117: rdisc=0.963, norm=0.578
REGINN:Gradient::k=118: rdisc=0.963, norm=0.582
REGINN:Gradient::k=119: rdisc=0.962, norm=0.587
REGINN:Gradient::k=120: rdisc=0.962, norm=0.592
REGINN:Gradient::k=121: rdisc=0.962, norm=0.596
REGINN:Gradient::k=122: rdisc=0.962, norm=0.601
REGINN:Gradient::k=123: rdisc=0.961, norm=0.606
REGINN:Gradient::k=124: rdisc=0.961, norm=0.610
REGINN:Gradient::k=125: rdisc=0.961, norm=0.615
REGINN:Gradient::k=126: rdisc=0.960, norm=0.620
REGINN:Gradient::k=127: rdisc=0.960, norm=0.624
REGINN:Gradient::k=128: rdisc=0.960, norm=0.629
REGINN:Gradient::k=129: rdisc=0.960, norm=0.634
REGINN:Gradient::k=130: rdisc=0.959, norm=0.638
REGINN:Gradient::k=131: rdisc=0.959, norm=0.643
REGINN:Gradient::k=132: rdisc=0.959, norm=0.648
REGINN:Gradient::k=133: rdisc=0.958, norm=0.652
REGINN:Gradient::k=134: rdisc=0.958, norm=0.657
REGINN:Gradient::k=135: rdisc=0.958, norm=0.661
REGINN:Gradient::k=136: rdisc=0.958, norm=0.666
REGINN:Gradient::k=137: rdisc=0.957, norm=0.671
REGINN:Gradient::k=138: rdisc=0.957, norm=0.675
REGINN:Gradient::k=139: rdisc=0.957, norm=0.680
REGINN:Gradient::k=140: rdisc=0.956, norm=0.684
REGINN:Gradient::k=141: rdisc=0.956, norm=0.689
REGINN:Gradient::k=142: rdisc=0.956, norm=0.694
REGINN:Gradient::k=143: rdisc=0.956, norm=0.698
REGINN:Gradient::k=144: rdisc=0.955, norm=0.703
REGINN:Gradient::k=145: rdisc=0.955, norm=0.707
REGINN:Gradient::k=146: rdisc=0.955, norm=0.712
REGINN:Gradient::k=147: rdisc=0.954, norm=0.716
REGINN:Gradient::k=148: rdisc=0.954, norm=0.721
REGINN:Gradient::k=149: rdisc=0.954, norm=0.726
REGINN:Gradient::k=150: rdisc=0.954, norm=0.730
REGINN:Gradient::k=151: rdisc=0.953, norm=0.735
REGINN:Gradient::k=152: rdisc=0.953, norm=0.739
REGINN:Gradient::k=153: rdisc=0.953, norm=0.744
REGINN:Gradient::k=154: rdisc=0.952, norm=0.748
REGINN:Gradient::k=155: rdisc=0.952, norm=0.753
REGINN:Gradient::k=156: rdisc=0.952, norm=0.757
REGINN:Gradient::k=157: rdisc=0.952, norm=0.762
REGINN:Gradient::k=158: rdisc=0.951, norm=0.766
REGINN:Gradient::k=159: rdisc=0.951, norm=0.771
REGINN:Gradient::k=160: rdisc=0.951, norm=0.776
REGINN:Gradient::k=161: rdisc=0.951, norm=0.780
REGINN:Gradient::k=162: rdisc=0.950, norm=0.785
REGINN:Gradient::k=163: rdisc=0.950, norm=0.789
REGINN:Gradient::k=164: rdisc=0.950, norm=0.794
REGINN:Gradient::k=165: rdisc=0.949, norm=0.798
REGINN:Gradient::k=166: rdisc=0.949, norm=0.803
REGINN:Gradient::k=167: rdisc=0.949, norm=0.807
REGINN:Gradient::k=168: rdisc=0.949, norm=0.812
REGINN:Gradient::k=169: rdisc=0.948, norm=0.816
REGINN:Gradient::k=170: rdisc=0.948, norm=0.821
REGINN:Gradient::k=171: rdisc=0.948, norm=0.825
REGINN:Gradient::k=172: rdisc=0.948, norm=0.829
REGINN:Gradient::k=173: rdisc=0.947, norm=0.834
REGINN:Gradient::k=174: rdisc=0.947, norm=0.838
REGINN:Gradient::k=175: rdisc=0.947, norm=0.843
REGINN:Gradient::k=176: rdisc=0.946, norm=0.847
REGINN:Gradient::k=177: rdisc=0.946, norm=0.852
REGINN:Gradient::k=178: rdisc=0.946, norm=0.856
REGINN:Gradient::k=179: rdisc=0.946, norm=0.861
REGINN:Gradient::k=180: rdisc=0.945, norm=0.865
REGINN:Gradient::k=181: rdisc=0.945, norm=0.870
REGINN:Gradient::Unsuccessful termination after 181 iterations!
REGINN::Linear solver did not achieve desired discrepancy due to max_iter.
REGINN::i=35: rdisc=0.0103, rnorm=0.871, rerr=0.805
REGINN::-4.23 ≤ estimate ≤ 7.90
REGINN::
REGINN::Solving linear problem using rtol=0.992 and max_iter=205
REGINN:Gradient::k=0 : rdisc=1.00 , norm=0.00 
REGINN:Gradient::k=1 : rdisc=0.999, norm=0.00811
REGINN:Gradient::k=2 : rdisc=0.999, norm=0.0122
REGINN:Gradient::k=3 : rdisc=0.999, norm=0.0178
REGINN:Gradient::k=4 : rdisc=0.998, norm=0.0222
REGINN:Gradient::k=5 : rdisc=0.998, norm=0.0273
REGINN:Gradient::k=6 : rdisc=0.998, norm=0.0317
REGINN:Gradient::k=7 : rdisc=0.997, norm=0.0365
REGINN:Gradient::k=8 : rdisc=0.997, norm=0.0410
REGINN:Gradient::k=9 : rdisc=0.997, norm=0.0456
REGINN:Gradient::k=10: rdisc=0.996, norm=0.0501
REGINN:Gradient::k=11: rdisc=0.996, norm=0.0546
REGINN:Gradient::k=12: rdisc=0.996, norm=0.0592
REGINN:Gradient::k=13: rdisc=0.996, norm=0.0636
REGINN:Gradient::k=14: rdisc=0.995, norm=0.0682
REGINN:Gradient::k=15: rdisc=0.995, norm=0.0726
REGINN:Gradient::k=16: rdisc=0.995, norm=0.0772
REGINN:Gradient::k=17: rdisc=0.994, norm=0.0816
REGINN:Gradient::k=18: rdisc=0.994, norm=0.0861
REGINN:Gradient::k=19: rdisc=0.994, norm=0.0906
REGINN:Gradient::k=20: rdisc=0.993, norm=0.0951
REGINN:Gradient::k=21: rdisc=0.993, norm=0.0995
REGINN:Gradient::k=22: rdisc=0.993, norm=0.104
REGINN:Gradient::k=23: rdisc=0.993, norm=0.108
REGINN:Gradient::k=24: rdisc=0.992, norm=0.113
REGINN:Gradient::k=25: rdisc=0.992, norm=0.117
REGINN:Gradient::Target discrepancy reached after 25 iterations.
REGINN::i=36: rdisc=0.0102, rnorm=0.871, rerr=0.805
REGINN::-4.24 ≤ estimate ≤ 7.89
REGINN::
REGINN::Solving linear problem using rtol=0.977 and max_iter=206
REGINN:Gradient::k=0 : rdisc=1.00 , norm=0.00 
REGINN:Gradient::k=1 : rdisc=1.00 , norm=0.00666
REGINN:Gradient::k=2 : rdisc=0.999, norm=0.0100
REGINN:Gradient::k=3 : rdisc=0.999, norm=0.0150
REGINN:Gradient::k=4 : rdisc=0.999, norm=0.0193
REGINN:Gradient::k=5 : rdisc=0.998, norm=0.0239
REGINN:Gradient::k=6 : rdisc=0.998, norm=0.0283
REGINN:Gradient::k=7 : rdisc=0.998, norm=0.0328
REGINN:Gradient::k=8 : rdisc=0.998, norm=0.0372
REGINN:Gradient::k=9 : rdisc=0.997, norm=0.0416
REGINN:Gradient::k=10: rdisc=0.997, norm=0.0461
REGINN:Gradient::k=11: rdisc=0.997, norm=0.0505
REGINN:Gradient::k=12: rdisc=0.996, norm=0.0550
REGINN:Gradient::k=13: rdisc=0.996, norm=0.0594
REGINN:Gradient::k=14: rdisc=0.996, norm=0.0639
REGINN:Gradient::k=15: rdisc=0.996, norm=0.0682
REGINN:Gradient::k=16: rdisc=0.995, norm=0.0727
REGINN:Gradient::k=17: rdisc=0.995, norm=0.0771
REGINN:Gradient::k=18: rdisc=0.995, norm=0.0815
REGINN:Gradient::k=19: rdisc=0.995, norm=0.0859
REGINN:Gradient::k=20: rdisc=0.994, norm=0.0903
REGINN:Gradient::k=21: rdisc=0.994, norm=0.0947
REGINN:Gradient::k=22: rdisc=0.994, norm=0.0991
REGINN:Gradient::k=23: rdisc=0.993, norm=0.103
REGINN:Gradient::k=24: rdisc=0.993, norm=0.108
REGINN:Gradient::k=25: rdisc=0.993, norm=0.112
REGINN:Gradient::k=26: rdisc=0.993, norm=0.117
REGINN:Gradient::k=27: rdisc=0.992, norm=0.121
REGINN:Gradient::k=28: rdisc=0.992, norm=0.125
REGINN:Gradient::k=29: rdisc=0.992, norm=0.130
REGINN:Gradient::k=30: rdisc=0.991, norm=0.134
REGINN:Gradient::k=31: rdisc=0.991, norm=0.138
REGINN:Gradient::k=32: rdisc=0.991, norm=0.143
REGINN:Gradient::k=33: rdisc=0.991, norm=0.147
REGINN:Gradient::k=34: rdisc=0.990, norm=0.152
REGINN:Gradient::k=35: rdisc=0.990, norm=0.156
REGINN:Gradient::k=36: rdisc=0.990, norm=0.160
REGINN:Gradient::k=37: rdisc=0.990, norm=0.165
REGINN:Gradient::k=38: rdisc=0.989, norm=0.169
REGINN:Gradient::k=39: rdisc=0.989, norm=0.173
REGINN:Gradient::k=40: rdisc=0.989, norm=0.178
REGINN:Gradient::k=41: rdisc=0.988, norm=0.182
REGINN:Gradient::k=42: rdisc=0.988, norm=0.186
REGINN:Gradient::k=43: rdisc=0.988, norm=0.190
REGINN:Gradient::k=44: rdisc=0.988, norm=0.195
REGINN:Gradient::k=45: rdisc=0.987, norm=0.199
REGINN:Gradient::k=46: rdisc=0.987, norm=0.203
REGINN:Gradient::k=47: rdisc=0.987, norm=0.208
REGINN:Gradient::k=48: rdisc=0.987, norm=0.212
REGINN:Gradient::k=49: rdisc=0.986, norm=0.216
REGINN:Gradient::k=50: rdisc=0.986, norm=0.221
REGINN:Gradient::k=51: rdisc=0.986, norm=0.225
REGINN:Gradient::k=52: rdisc=0.986, norm=0.229
REGINN:Gradient::k=53: rdisc=0.985, norm=0.234
REGINN:Gradient::k=54: rdisc=0.985, norm=0.238
REGINN:Gradient::k=55: rdisc=0.985, norm=0.242
REGINN:Gradient::k=56: rdisc=0.984, norm=0.246
REGINN:Gradient::k=57: rdisc=0.984, norm=0.251
REGINN:Gradient::k=58: rdisc=0.984, norm=0.255
REGINN:Gradient::k=59: rdisc=0.984, norm=0.259
REGINN:Gradient::k=60: rdisc=0.983, norm=0.263
REGINN:Gradient::k=61: rdisc=0.983, norm=0.268
REGINN:Gradient::k=62: rdisc=0.983, norm=0.272
REGINN:Gradient::k=63: rdisc=0.983, norm=0.276
REGINN:Gradient::k=64: rdisc=0.982, norm=0.280
REGINN:Gradient::k=65: rdisc=0.982, norm=0.285
REGINN:Gradient::k=66: rdisc=0.982, norm=0.289
REGINN:Gradient::k=67: rdisc=0.982, norm=0.293
REGINN:Gradient::k=68: rdisc=0.981, norm=0.297
REGINN:Gradient::k=69: rdisc=0.981, norm=0.302
REGINN:Gradient::k=70: rdisc=0.981, norm=0.306
REGINN:Gradient::k=71: rdisc=0.981, norm=0.310
REGINN:Gradient::k=72: rdisc=0.980, norm=0.314
REGINN:Gradient::k=73: rdisc=0.980, norm=0.319
REGINN:Gradient::k=74: rdisc=0.980, norm=0.323
REGINN:Gradient::k=75: rdisc=0.979, norm=0.327
REGINN:Gradient::k=76: rdisc=0.979, norm=0.331
REGINN:Gradient::k=77: rdisc=0.979, norm=0.335
REGINN:Gradient::k=78: rdisc=0.979, norm=0.340
REGINN:Gradient::k=79: rdisc=0.978, norm=0.344
REGINN:Gradient::k=80: rdisc=0.978, norm=0.348
REGINN:Gradient::k=81: rdisc=0.978, norm=0.352
REGINN:Gradient::k=82: rdisc=0.978, norm=0.357
REGINN:Gradient::k=83: rdisc=0.977, norm=0.361
REGINN:Gradient::k=84: rdisc=0.977, norm=0.365
REGINN:Gradient::k=85: rdisc=0.977, norm=0.369
REGINN:Gradient::k=86: rdisc=0.977, norm=0.373
REGINN:Gradient::Target discrepancy reached after 86 iterations.
REGINN::i=37: rdisc=0.0100, rnorm=0.872, rerr=0.804
REGINN::-4.26 ≤ estimate ≤ 7.88
REGINN::
REGINN::Solving linear problem using rtol=0.998 and max_iter=111
REGINN:Gradient::k=0 : rdisc=1.00 , norm=0.00 
REGINN:Gradient::k=1 : rdisc=1.00 , norm=0.00680
REGINN:Gradient::k=2 : rdisc=0.999, norm=0.0101
REGINN:Gradient::k=3 : rdisc=0.999, norm=0.0147
REGINN:Gradient::k=4 : rdisc=0.999, norm=0.0189
REGINN:Gradient::k=5 : rdisc=0.999, norm=0.0232
REGINN:Gradient::k=6 : rdisc=0.998, norm=0.0275
REGINN:Gradient::k=7 : rdisc=0.998, norm=0.0317
REGINN:Gradient::k=8 : rdisc=0.998, norm=0.0360
REGINN:Gradient::k=9 : rdisc=0.997, norm=0.0402
REGINN:Gradient::Target discrepancy reached after 9 iterations.
REGINN::i=38: rdisc=0.0100, rnorm=0.873, rerr=0.804
REGINN::-4.26 ≤ estimate ≤ 7.88
REGINN::
REGINN::Solving linear problem using rtol=0.999 and max_iter=95
REGINN:Gradient::k=0 : rdisc=1.00 , norm=0.00 
REGINN:Gradient::k=1 : rdisc=1.00 , norm=0.00597
REGINN:Gradient::k=2 : rdisc=0.999, norm=0.00912
REGINN:Gradient::k=3 : rdisc=0.999, norm=0.0138
REGINN:Gradient::k=4 : rdisc=0.999, norm=0.0178
REGINN:Gradient::Target discrepancy reached after 4 iterations.
REGINN::i=39: rdisc=0.00999, rnorm=0.873, rerr=0.804
REGINN::-4.27 ≤ estimate ≤ 7.88
REGINN::
REGINN::Saving current residual in ./step-0039/
REGINN::Saving current estimate in ./step-0039/
REGINN::Target discrepancy reached after 39 iterations.
REGINN::-4.27 ≤ estimate ≤ 7.88
Relative p-norm on top of (ℝⁿ, ‖·‖₂) with p=4.000000 error of the reconstruction: 0.804
reconstruction error in other norms: 
Relative (ℝⁿ, ‖·‖₂) error of the reconstruction: 0.620
Relative L²([0,T], L²(Ω)) error of the reconstruction: 0.574
Relative H¹([0,T], L²(Ω)) error of the reconstruction: 1.36
Relative H¹([0, T], H¹(Ω)) error of the reconstruction: 4.04
Relative H²([0,T], L²(Ω)) error of the reconstruction: 23.8
Relative p-norm on top of (ℝⁿ, ‖·‖₂) with p=4.000000 error of (reconstruction - initial guess): 0.804
reconstruction error in other norms: 
Relative (ℝⁿ, ‖·‖₂) error of (reconstruction - initial guess): 0.620
Relative L²([0,T], L²(Ω)) error of (reconstruction - initial guess): 0.574
Relative H¹([0,T], L²(Ω)) error of (reconstruction - initial guess): 1.36
Relative H¹([0, T], H¹(Ω)) error of (reconstruction - initial guess): 4.04
Relative H²([0,T], L²(Ω)) error of (reconstruction - initial guess): 23.8
stats::forward              : 41 calls, average 3.9s per call
stats::linearization forward: 1382 calls, average 3.3s per call
stats::linearization adjoint: 1382 calls, average 3.3s per call
stats::measure forward      : 1423 calls, average 2.0ms per call
stats::measure adjoint      : 1382 calls, average 1.7ms per call
stats::total wall time      : 3h 37min 56s
