JobId thies-vm Tue Dec 19 15:15:44 2017
wavepi 9917bea4
Release-Build, compiled on 2017-12-19T14:07:29Z
from git commit 9917bea4c2d4d4b2d11b07e0f18f6cf79e5fe149 on branch master
initialize_mesh::Number of active cells: 4096
initialize_mesh::Number of degrees of freedom in the first spatial mesh: 4225
initialize_mesh::cell diameters: minimal = 0.177, maximal = 0.177
initialize_mesh::dt: 0.0235
parameters:WaveEquation::theta: 0.5
parameters:WaveEquation::tol: 1e-8
parameters:constraints::lower bound: 0.1
parameters:constraints::upper bound: 1e300
parameters:general::dimension: 2
parameters:general::finite element degree: 1
parameters:general::quadrature order: 3
parameters:inversion::method: REGINN
parameters:inversion::tau: 2
parameters:log::console depth: 2
parameters:log::file: wavepi.log
parameters:log::file depth: 100
parameters:mesh::end time: 6
parameters:mesh::initial refines: 6
parameters:mesh::initial time steps: 256
parameters:output::data: true
parameters:output::destination: ./step-{{i}}/
parameters:output::discrepancy decrease: 0.5
parameters:output::estimate: true
parameters:output::exact: true
parameters:output::interval: 50
parameters:output::last: true
parameters:output::residual: true
parameters:output::statistics: history
parameters:problem::constants: 
parameters:problem::epsilon: 1e-2
parameters:problem::initial guess: 1.0
parameters:problem::parameter a: 1.5
parameters:problem::parameter c: 1.5
parameters:problem::parameter nu: 0.0
parameters:problem::parameter q: 0.0
parameters:problem::type: L2A
parameters:watchdog::discrepancy increasing: false
parameters:watchdog::discrepancy slope min values: 40
parameters:watchdog::discrepancy slope percentage: 0.25
parameters:watchdog::discrepancy slope threshold: 0.0
parameters:watchdog::discrepancy threshold: 10.0
parameters:watchdog::maximum iteration count: 0
REGINN::i=0 : rdisc=1.21, rnorm=0.667, rerr=0.333
REGINN::Saving exact parameter in ./step-0000/
REGINN::Saving data in ./step-0000/
REGINN::Saving current residual in ./step-0000/
REGINN::Saving current estimate in ./step-0000/
REGINN::1.00 ≤ estimate ≤ 1.00
REGINN::Solving linear problem using rtol=0.700 and max_iter=0
REGINN:CGLS::k=0 : rdisc=1.00, norm=0.00
REGINN:CGLS::k=1 : rdisc=0.667, norm=1.03
REGINN:CGLS::Target discrepancy reached after 1 iteration.
REGINN::i=1 : rdisc=0.825, rnorm=0.674, rerr=0.329
REGINN::0.748 ≤ estimate ≤ 2.35
REGINN::Solving linear problem using rtol=0.700 and max_iter=0
REGINN:CGLS::k=0 : rdisc=1.00, norm=0.00
REGINN:CGLS::k=1 : rdisc=0.728, norm=1.17
REGINN:CGLS::k=2 : rdisc=0.587, norm=1.97
REGINN:CGLS::Target discrepancy reached after 2 iterations.
REGINN:post_processing::Adjusted lower bound of estimate from -2.55 to 0.100
REGINN::i=2 : rdisc=0.556, rnorm=0.688, rerr=0.329
REGINN::Saving current residual in ./step-0002/
REGINN::Saving current estimate in ./step-0002/
REGINN::0.100 ≤ estimate ≤ 4.36
REGINN::Solving linear problem using rtol=0.598 and max_iter=0
REGINN:CGLS::k=0 : rdisc=1.00, norm=0.00
REGINN:CGLS::k=1 : rdisc=0.859, norm=0.298
REGINN:CGLS::k=2 : rdisc=0.825, norm=0.411
REGINN:CGLS::k=3 : rdisc=0.734, norm=0.944
REGINN:CGLS::k=4 : rdisc=0.641, norm=1.58
REGINN:CGLS::k=5 : rdisc=0.598, norm=1.87
REGINN:CGLS::Target discrepancy reached after 5 iterations.
REGINN:post_processing::Adjusted lower bound of estimate from -4.02 to 0.100
REGINN::i=3 : rdisc=0.409, rnorm=0.693, rerr=0.333
REGINN::0.100 ≤ estimate ≤ 7.83
REGINN::Solving linear problem using rtol=0.512 and max_iter=0
REGINN:CGLS::k=0 : rdisc=1.00, norm=0.00
REGINN:CGLS::k=1 : rdisc=0.896, norm=0.269
REGINN:CGLS::k=2 : rdisc=0.857, norm=0.394
REGINN:CGLS::k=3 : rdisc=0.829, norm=0.520
REGINN:CGLS::k=4 : rdisc=0.795, norm=0.726
REGINN:CGLS::k=5 : rdisc=0.760, norm=0.984
REGINN:CGLS::k=6 : rdisc=0.710, norm=1.38
REGINN:CGLS::k=7 : rdisc=0.670, norm=1.71
REGINN:CGLS::k=8 : rdisc=0.646, norm=1.92
REGINN:CGLS::k=9 : rdisc=0.613, norm=2.21
REGINN:CGLS::k=10: rdisc=0.587, norm=2.45
REGINN:CGLS::k=11: rdisc=0.561, norm=2.68
REGINN:CGLS::k=12: rdisc=0.535, norm=2.94
REGINN:CGLS::k=13: rdisc=0.518, norm=3.11
REGINN:CGLS::k=14: rdisc=0.501, norm=3.29
REGINN:CGLS::Target discrepancy reached after 14 iterations.
REGINN:post_processing::Adjusted lower bound of estimate from -4.51 to 0.100
REGINN::i=4 : rdisc=0.444, rnorm=0.720, rerr=0.340
REGINN::0.100 ≤ estimate ≤ 8.20
REGINN::Solving linear problem using rtol=0.438 and max_iter=0
REGINN:CGLS::k=0 : rdisc=1.00, norm=0.00
REGINN:CGLS::k=1 : rdisc=0.728, norm=0.125
REGINN:CGLS::k=2 : rdisc=0.609, norm=0.227
REGINN:CGLS::k=3 : rdisc=0.561, norm=0.287
REGINN:CGLS::k=4 : rdisc=0.529, norm=0.341
REGINN:CGLS::k=5 : rdisc=0.511, norm=0.377
REGINN:CGLS::k=6 : rdisc=0.494, norm=0.424
REGINN:CGLS::k=7 : rdisc=0.480, norm=0.467
REGINN:CGLS::k=8 : rdisc=0.467, norm=0.519
REGINN:CGLS::k=9 : rdisc=0.462, norm=0.539
REGINN:CGLS::k=10: rdisc=0.451, norm=0.594
REGINN:CGLS::k=11: rdisc=0.441, norm=0.650
REGINN:CGLS::k=12: rdisc=0.431, norm=0.713
REGINN:CGLS::Target discrepancy reached after 12 iterations.
REGINN:post_processing::Adjusted lower bound of estimate from -1.46 to 0.100
REGINN::i=5 : rdisc=0.234, rnorm=0.720, rerr=0.340
REGINN::Saving current residual in ./step-0005/
REGINN::Saving current estimate in ./step-0005/
REGINN::0.100 ≤ estimate ≤ 8.78
REGINN::Solving linear problem using rtol=0.374 and max_iter=0
REGINN:CGLS::k=0 : rdisc=1.00, norm=0.00
REGINN:CGLS::k=1 : rdisc=0.945, norm=0.0790
REGINN:CGLS::k=2 : rdisc=0.918, norm=0.123
REGINN:CGLS::k=3 : rdisc=0.903, norm=0.152
REGINN:CGLS::k=4 : rdisc=0.887, norm=0.197
REGINN:CGLS::k=5 : rdisc=0.876, norm=0.232
REGINN:CGLS::k=6 : rdisc=0.860, norm=0.297
REGINN:CGLS::k=7 : rdisc=0.842, norm=0.383
REGINN:CGLS::k=8 : rdisc=0.831, norm=0.437
REGINN:CGLS::k=9 : rdisc=0.819, norm=0.510
REGINN:CGLS::k=10: rdisc=0.810, norm=0.562
REGINN:CGLS::k=11: rdisc=0.792, norm=0.684
REGINN:CGLS::k=12: rdisc=0.783, norm=0.745
REGINN:CGLS::k=13: rdisc=0.768, norm=0.860
REGINN:CGLS::k=14: rdisc=0.758, norm=0.934
REGINN:CGLS::k=15: rdisc=0.747, norm=1.02
REGINN:CGLS::k=16: rdisc=0.735, norm=1.12
REGINN:CGLS::k=17: rdisc=0.708, norm=1.35
REGINN:CGLS::k=18: rdisc=0.694, norm=1.47
REGINN:CGLS::k=19: rdisc=0.682, norm=1.58
REGINN:CGLS::k=20: rdisc=0.671, norm=1.68
REGINN:CGLS::k=21: rdisc=0.659, norm=1.79
REGINN:CGLS::k=22: rdisc=0.651, norm=1.86
REGINN:CGLS::k=23: rdisc=0.641, norm=1.95
REGINN:CGLS::k=24: rdisc=0.632, norm=2.04
REGINN:CGLS::k=25: rdisc=0.621, norm=2.15
REGINN:CGLS::k=26: rdisc=0.612, norm=2.23
REGINN:CGLS::k=27: rdisc=0.607, norm=2.28
REGINN:CGLS::k=28: rdisc=0.593, norm=2.41
REGINN:CGLS::k=29: rdisc=0.586, norm=2.49
REGINN:CGLS::k=30: rdisc=0.575, norm=2.59
REGINN:CGLS::k=31: rdisc=0.568, norm=2.66
REGINN:CGLS::k=32: rdisc=0.563, norm=2.71
REGINN:CGLS::k=33: rdisc=0.555, norm=2.79
REGINN:CGLS::k=34: rdisc=0.549, norm=2.85
REGINN:CGLS::k=35: rdisc=0.537, norm=2.97
REGINN:CGLS::k=36: rdisc=0.524, norm=3.11
REGINN:CGLS::k=37: rdisc=0.519, norm=3.16
REGINN:CGLS::k=38: rdisc=0.514, norm=3.21
REGINN:CGLS::k=39: rdisc=0.510, norm=3.26
REGINN:CGLS::k=40: rdisc=0.500, norm=3.37
REGINN:CGLS::k=41: rdisc=0.494, norm=3.43
REGINN:CGLS::k=42: rdisc=0.489, norm=3.48
REGINN:CGLS::k=43: rdisc=0.480, norm=3.58
REGINN:CGLS::k=44: rdisc=0.473, norm=3.66
REGINN:CGLS::k=45: rdisc=0.468, norm=3.72
REGINN:CGLS::k=46: rdisc=0.462, norm=3.79
REGINN:CGLS::k=47: rdisc=0.455, norm=3.87
REGINN:CGLS::k=48: rdisc=0.447, norm=3.95
REGINN:CGLS::k=49: rdisc=0.444, norm=3.99
REGINN:CGLS::k=50: rdisc=0.436, norm=4.08
REGINN:CGLS::k=51: rdisc=0.431, norm=4.13
REGINN:CGLS::k=52: rdisc=0.428, norm=4.18
REGINN:CGLS::k=53: rdisc=0.423, norm=4.23
REGINN:CGLS::k=54: rdisc=0.417, norm=4.30
REGINN:CGLS::k=55: rdisc=0.410, norm=4.38
REGINN:CGLS::k=56: rdisc=0.407, norm=4.42
REGINN:CGLS::k=57: rdisc=0.400, norm=4.49
REGINN:CGLS::k=58: rdisc=0.396, norm=4.54
REGINN:CGLS::k=59: rdisc=0.389, norm=4.63
REGINN:CGLS::k=60: rdisc=0.386, norm=4.66
REGINN:CGLS::k=61: rdisc=0.382, norm=4.72
REGINN:CGLS::k=62: rdisc=0.377, norm=4.77
REGINN:CGLS::k=63: rdisc=0.374, norm=4.81
REGINN:CGLS::k=64: rdisc=0.371, norm=4.85
REGINN:CGLS::Target discrepancy reached after 64 iterations.
REGINN:post_processing::Adjusted lower bound of estimate from -3.61 to 0.100
REGINN::i=6 : rdisc=0.869, rnorm=0.755, rerr=0.365
REGINN::0.100 ≤ estimate ≤ 8.20
REGINN::Solving linear problem using rtol=0.839 and max_iter=0
REGINN:CGLS::k=0 : rdisc=1.00, norm=0.00
REGINN:CGLS::k=1 : rdisc=0.601, norm=0.148
REGINN:CGLS::Target discrepancy reached after 1 iteration.
REGINN:post_processing::Adjusted lower bound of estimate from -0.158 to 0.100
REGINN::i=7 : rdisc=0.569, rnorm=0.760, rerr=0.364
REGINN::0.100 ≤ estimate ≤ 8.04
REGINN::Solving linear problem using rtol=0.717 and max_iter=0
REGINN:CGLS::k=0 : rdisc=1.00, norm=0.00
REGINN:CGLS::k=1 : rdisc=0.668, norm=0.167
REGINN:CGLS::Target discrepancy reached after 1 iteration.
REGINN:post_processing::Adjusted lower bound of estimate from -0.145 to 0.100
REGINN::i=8 : rdisc=0.405, rnorm=0.760, rerr=0.364
REGINN::0.100 ≤ estimate ≤ 8.00
REGINN::Solving linear problem using rtol=0.613 and max_iter=0
REGINN:CGLS::k=0 : rdisc=1.00, norm=0.00
REGINN:CGLS::k=1 : rdisc=0.858, norm=0.0825
REGINN:CGLS::k=2 : rdisc=0.623, norm=0.251
REGINN:CGLS::k=3 : rdisc=0.555, norm=0.304
REGINN:CGLS::Target discrepancy reached after 3 iterations.
REGINN:post_processing::Adjusted lower bound of estimate from -0.203 to 0.100
REGINN::i=9 : rdisc=0.259, rnorm=0.758, rerr=0.364
REGINN::0.100 ≤ estimate ≤ 7.82
REGINN::Solving linear problem using rtol=0.524 and max_iter=0
REGINN:CGLS::k=0 : rdisc=1.00, norm=0.00
REGINN:CGLS::k=1 : rdisc=0.949, norm=0.0299
REGINN:CGLS::k=2 : rdisc=0.910, norm=0.0772
REGINN:CGLS::k=3 : rdisc=0.847, norm=0.173
REGINN:CGLS::k=4 : rdisc=0.810, norm=0.233
REGINN:CGLS::k=5 : rdisc=0.786, norm=0.274
REGINN:CGLS::k=6 : rdisc=0.750, norm=0.346
REGINN:CGLS::k=7 : rdisc=0.724, norm=0.399
REGINN:CGLS::k=8 : rdisc=0.702, norm=0.449
REGINN:CGLS::k=9 : rdisc=0.683, norm=0.494
REGINN:CGLS::k=10: rdisc=0.669, norm=0.532
REGINN:CGLS::k=11: rdisc=0.646, norm=0.592
REGINN:CGLS::k=12: rdisc=0.635, norm=0.624
REGINN:CGLS::k=13: rdisc=0.613, norm=0.691
REGINN:CGLS::k=14: rdisc=0.602, norm=0.724
REGINN:CGLS::k=15: rdisc=0.589, norm=0.766
REGINN:CGLS::k=16: rdisc=0.580, norm=0.799
REGINN:CGLS::k=17: rdisc=0.567, norm=0.843
REGINN:CGLS::k=18: rdisc=0.557, norm=0.881
REGINN:CGLS::k=19: rdisc=0.548, norm=0.913
REGINN:CGLS::k=20: rdisc=0.540, norm=0.946
REGINN:CGLS::k=21: rdisc=0.536, norm=0.961
REGINN:CGLS::k=22: rdisc=0.532, norm=0.980
REGINN:CGLS::k=23: rdisc=0.521, norm=1.03
REGINN:CGLS::Target discrepancy reached after 23 iterations.
REGINN:post_processing::Adjusted lower bound of estimate from -0.889 to 0.100
REGINN::i=10: rdisc=0.195, rnorm=0.756, rerr=0.363
REGINN::0.100 ≤ estimate ≤ 7.88
REGINN::Solving linear problem using rtol=0.448 and max_iter=0
REGINN:CGLS::k=0 : rdisc=1.00, norm=0.00
REGINN:CGLS::k=1 : rdisc=0.822, norm=0.0326
REGINN:CGLS::k=2 : rdisc=0.802, norm=0.0380
REGINN:CGLS::k=3 : rdisc=0.787, norm=0.0463
REGINN:CGLS::k=4 : rdisc=0.774, norm=0.0587
REGINN:CGLS::k=5 : rdisc=0.767, norm=0.0684
REGINN:CGLS::k=6 : rdisc=0.757, norm=0.0853
REGINN:CGLS::k=7 : rdisc=0.751, norm=0.0985
REGINN:CGLS::k=8 : rdisc=0.743, norm=0.117
REGINN:CGLS::k=9 : rdisc=0.737, norm=0.133
REGINN:CGLS::k=10: rdisc=0.729, norm=0.157
REGINN:CGLS::k=11: rdisc=0.724, norm=0.175
REGINN:CGLS::k=12: rdisc=0.720, norm=0.190
REGINN:CGLS::k=13: rdisc=0.713, norm=0.216
REGINN:CGLS::k=14: rdisc=0.706, norm=0.243
REGINN:CGLS::k=15: rdisc=0.698, norm=0.276
REGINN:CGLS::k=16: rdisc=0.692, norm=0.304
REGINN:CGLS::k=17: rdisc=0.679, norm=0.363
REGINN:CGLS::k=18: rdisc=0.677, norm=0.375
REGINN:CGLS::k=19: rdisc=0.669, norm=0.412
REGINN:CGLS::k=20: rdisc=0.665, norm=0.434
REGINN:CGLS::k=21: rdisc=0.658, norm=0.471
REGINN:CGLS::k=22: rdisc=0.651, norm=0.507
REGINN:CGLS::k=23: rdisc=0.643, norm=0.551
REGINN:CGLS::k=24: rdisc=0.640, norm=0.569
REGINN:CGLS::k=25: rdisc=0.635, norm=0.598
REGINN:CGLS::k=26: rdisc=0.629, norm=0.631
REGINN:CGLS::k=27: rdisc=0.624, norm=0.659
REGINN:CGLS::k=28: rdisc=0.620, norm=0.684
REGINN:CGLS::k=29: rdisc=0.617, norm=0.702
REGINN:CGLS::k=30: rdisc=0.612, norm=0.733
REGINN:CGLS::k=31: rdisc=0.607, norm=0.767
REGINN:CGLS::k=32: rdisc=0.604, norm=0.784
REGINN:CGLS::k=33: rdisc=0.600, norm=0.811
REGINN:CGLS::k=34: rdisc=0.595, norm=0.843
REGINN:CGLS::k=35: rdisc=0.592, norm=0.860
REGINN:CGLS::k=36: rdisc=0.590, norm=0.876
REGINN:CGLS::k=37: rdisc=0.585, norm=0.908
REGINN:CGLS::k=38: rdisc=0.582, norm=0.932
REGINN:CGLS::k=39: rdisc=0.578, norm=0.957
REGINN:CGLS::k=40: rdisc=0.576, norm=0.973
REGINN:CGLS::k=41: rdisc=0.570, norm=1.02
REGINN:CGLS::k=42: rdisc=0.567, norm=1.04
REGINN:CGLS::k=43: rdisc=0.565, norm=1.06
REGINN:CGLS::k=44: rdisc=0.561, norm=1.09
REGINN:CGLS::k=45: rdisc=0.559, norm=1.10
REGINN:CGLS::k=46: rdisc=0.556, norm=1.13
REGINN:CGLS::k=47: rdisc=0.554, norm=1.14
REGINN:CGLS::k=48: rdisc=0.550, norm=1.17
REGINN:CGLS::k=49: rdisc=0.548, norm=1.19
REGINN:CGLS::k=50: rdisc=0.545, norm=1.22
REGINN:CGLS::k=51: rdisc=0.542, norm=1.24
REGINN:CGLS::k=52: rdisc=0.540, norm=1.25
REGINN:CGLS::k=53: rdisc=0.538, norm=1.27
REGINN:CGLS::k=54: rdisc=0.536, norm=1.29
REGINN:CGLS::k=55: rdisc=0.533, norm=1.32
REGINN:CGLS::k=56: rdisc=0.531, norm=1.33
REGINN:CGLS::k=57: rdisc=0.528, norm=1.36
REGINN:CGLS::k=58: rdisc=0.526, norm=1.38
REGINN:CGLS::k=59: rdisc=0.524, norm=1.39
REGINN:CGLS::k=60: rdisc=0.522, norm=1.42
REGINN:CGLS::k=61: rdisc=0.519, norm=1.44
REGINN:CGLS::k=62: rdisc=0.516, norm=1.47
REGINN:CGLS::k=63: rdisc=0.514, norm=1.49
REGINN:CGLS::k=64: rdisc=0.512, norm=1.51
REGINN:CGLS::k=65: rdisc=0.511, norm=1.52
REGINN:CGLS::k=66: rdisc=0.509, norm=1.54
REGINN:CGLS::k=67: rdisc=0.508, norm=1.55
REGINN:CGLS::k=68: rdisc=0.505, norm=1.58
REGINN:CGLS::k=69: rdisc=0.503, norm=1.59
REGINN:CGLS::k=70: rdisc=0.501, norm=1.62
REGINN:CGLS::k=71: rdisc=0.500, norm=1.63
REGINN:CGLS::k=72: rdisc=0.498, norm=1.65
REGINN:CGLS::k=73: rdisc=0.496, norm=1.67
REGINN:CGLS::k=74: rdisc=0.493, norm=1.70
REGINN:CGLS::k=75: rdisc=0.492, norm=1.72
REGINN:CGLS::k=76: rdisc=0.491, norm=1.73
REGINN:CGLS::k=77: rdisc=0.489, norm=1.75
REGINN:CGLS::k=78: rdisc=0.487, norm=1.77
REGINN:CGLS::k=79: rdisc=0.486, norm=1.79
REGINN:CGLS::k=80: rdisc=0.483, norm=1.82
REGINN:CGLS::k=81: rdisc=0.481, norm=1.84
REGINN:CGLS::k=82: rdisc=0.479, norm=1.86
REGINN:CGLS::k=83: rdisc=0.477, norm=1.88
REGINN:CGLS::k=84: rdisc=0.475, norm=1.91
REGINN:CGLS::k=85: rdisc=0.474, norm=1.92
REGINN:CGLS::k=86: rdisc=0.472, norm=1.94
REGINN:CGLS::k=87: rdisc=0.470, norm=1.97
REGINN:CGLS::k=88: rdisc=0.469, norm=1.98
REGINN:CGLS::k=89: rdisc=0.467, norm=2.01
REGINN:CGLS::k=90: rdisc=0.465, norm=2.03
REGINN:CGLS::k=91: rdisc=0.463, norm=2.05
REGINN:CGLS::k=92: rdisc=0.462, norm=2.07
REGINN:CGLS::k=93: rdisc=0.460, norm=2.09
REGINN:CGLS::k=94: rdisc=0.458, norm=2.11
REGINN:CGLS::k=95: rdisc=0.457, norm=2.13
REGINN:CGLS::k=96: rdisc=0.455, norm=2.15
REGINN:CGLS::k=97: rdisc=0.453, norm=2.18
REGINN:CGLS::k=98: rdisc=0.451, norm=2.20
REGINN:CGLS::k=99: rdisc=0.449, norm=2.23
REGINN:CGLS::k=100: rdisc=0.447, norm=2.26
REGINN:CGLS::Target discrepancy reached after 100 iterations.
REGINN:post_processing::Adjusted lower bound of estimate from -1.40 to 0.100
REGINN::i=11: rdisc=0.602, rnorm=0.765, rerr=0.367
REGINN::0.100 ≤ estimate ≤ 7.03
REGINN::Solving linear problem using rtol=0.829 and max_iter=0
REGINN:CGLS::k=0 : rdisc=1.00, norm=0.00
REGINN:CGLS::k=1 : rdisc=0.555, norm=0.0804
REGINN:CGLS::Target discrepancy reached after 1 iteration.
REGINN:post_processing::Adjusted lower bound of estimate from -0.106 to 0.100
REGINN::i=12: rdisc=0.355, rnorm=0.769, rerr=0.367
REGINN::0.100 ≤ estimate ≤ 7.15
REGINN::Solving linear problem using rtol=0.709 and max_iter=0
REGINN:CGLS::k=0 : rdisc=1.00, norm=0.00
REGINN:CGLS::k=1 : rdisc=0.773, norm=0.0640
REGINN:CGLS::k=2 : rdisc=0.663, norm=0.0980
REGINN:CGLS::Target discrepancy reached after 2 iterations.
REGINN:post_processing::Adjusted lower bound of estimate from -0.0272 to 0.100
REGINN::i=13: rdisc=0.246, rnorm=0.769, rerr=0.367
REGINN::0.100 ≤ estimate ≤ 7.28
REGINN::Solving linear problem using rtol=0.606 and max_iter=0
REGINN:CGLS::k=0 : rdisc=1.00, norm=0.00
REGINN:CGLS::k=1 : rdisc=0.951, norm=0.0132
REGINN:CGLS::k=2 : rdisc=0.762, norm=0.102
REGINN:CGLS::k=3 : rdisc=0.714, norm=0.124
REGINN:CGLS::k=4 : rdisc=0.661, norm=0.149
REGINN:CGLS::k=5 : rdisc=0.628, norm=0.167
REGINN:CGLS::k=6 : rdisc=0.611, norm=0.177
REGINN:CGLS::k=7 : rdisc=0.595, norm=0.186
REGINN:CGLS::Target discrepancy reached after 7 iterations.
REGINN:post_processing::Adjusted lower bound of estimate from -0.219 to 0.100
REGINN::i=14: rdisc=0.164, rnorm=0.768, rerr=0.367
REGINN::0.100 ≤ estimate ≤ 7.29
REGINN::Solving linear problem using rtol=0.518 and max_iter=0
REGINN:CGLS::k=0 : rdisc=1.00, norm=0.00
REGINN:CGLS::k=1 : rdisc=0.983, norm=0.00720
REGINN:CGLS::k=2 : rdisc=0.960, norm=0.0203
REGINN:CGLS::k=3 : rdisc=0.940, norm=0.0341
REGINN:CGLS::k=4 : rdisc=0.921, norm=0.0487
REGINN:CGLS::k=5 : rdisc=0.887, norm=0.0785
REGINN:CGLS::k=6 : rdisc=0.856, norm=0.107
REGINN:CGLS::k=7 : rdisc=0.842, norm=0.122
REGINN:CGLS::k=8 : rdisc=0.829, norm=0.135
REGINN:CGLS::k=9 : rdisc=0.807, norm=0.160
REGINN:CGLS::k=10: rdisc=0.800, norm=0.169
REGINN:CGLS::k=11: rdisc=0.791, norm=0.181
REGINN:CGLS::k=12: rdisc=0.785, norm=0.189
REGINN:CGLS::k=13: rdisc=0.774, norm=0.205
REGINN:CGLS::k=14: rdisc=0.767, norm=0.215
REGINN:CGLS::k=15: rdisc=0.763, norm=0.222
REGINN:CGLS::k=16: rdisc=0.756, norm=0.234
REGINN:CGLS::k=17: rdisc=0.753, norm=0.240
REGINN:CGLS::k=18: rdisc=0.748, norm=0.250
REGINN:CGLS::k=19: rdisc=0.741, norm=0.265
REGINN:CGLS::k=20: rdisc=0.736, norm=0.277
REGINN:CGLS::k=21: rdisc=0.729, norm=0.292
REGINN:CGLS::k=22: rdisc=0.724, norm=0.306
REGINN:CGLS::k=23: rdisc=0.716, norm=0.325
REGINN:CGLS::k=24: rdisc=0.714, norm=0.332
REGINN:CGLS::k=25: rdisc=0.707, norm=0.350
REGINN:CGLS::k=26: rdisc=0.704, norm=0.359
REGINN:CGLS::k=27: rdisc=0.701, norm=0.368
REGINN:CGLS::k=28: rdisc=0.696, norm=0.383
REGINN:CGLS::k=29: rdisc=0.693, norm=0.391
REGINN:CGLS::k=30: rdisc=0.690, norm=0.403
REGINN:CGLS::k=31: rdisc=0.686, norm=0.416
REGINN:CGLS::k=32: rdisc=0.682, norm=0.430
REGINN:CGLS::k=33: rdisc=0.678, norm=0.442
REGINN:CGLS::k=34: rdisc=0.675, norm=0.453
REGINN:CGLS::k=35: rdisc=0.674, norm=0.460
REGINN:CGLS::k=36: rdisc=0.672, norm=0.465
REGINN:CGLS::k=37: rdisc=0.669, norm=0.479
REGINN:CGLS::k=38: rdisc=0.667, norm=0.486
REGINN:CGLS::k=39: rdisc=0.665, norm=0.494
REGINN:CGLS::k=40: rdisc=0.663, norm=0.501
REGINN:CGLS::k=41: rdisc=0.660, norm=0.514
REGINN:CGLS::k=42: rdisc=0.658, norm=0.522
REGINN:CGLS::k=43: rdisc=0.657, norm=0.528
REGINN:CGLS::k=44: rdisc=0.655, norm=0.534
REGINN:CGLS::k=45: rdisc=0.654, norm=0.540
REGINN:CGLS::k=46: rdisc=0.650, norm=0.555
REGINN:CGLS::k=47: rdisc=0.647, norm=0.572
REGINN:CGLS::k=48: rdisc=0.645, norm=0.584
REGINN:CGLS::k=49: rdisc=0.642, norm=0.595
REGINN:CGLS::k=50: rdisc=0.641, norm=0.601
REGINN:CGLS::k=51: rdisc=0.639, norm=0.611
REGINN:CGLS::k=52: rdisc=0.637, norm=0.624
REGINN:CGLS::k=53: rdisc=0.636, norm=0.630
REGINN:CGLS::k=54: rdisc=0.632, norm=0.648
REGINN:CGLS::k=55: rdisc=0.631, norm=0.653
REGINN:CGLS::k=56: rdisc=0.629, norm=0.668
REGINN:CGLS::k=57: rdisc=0.627, norm=0.676
REGINN:CGLS::k=58: rdisc=0.626, norm=0.683
REGINN:CGLS::k=59: rdisc=0.624, norm=0.697
REGINN:CGLS::k=60: rdisc=0.623, norm=0.702
REGINN:CGLS::k=61: rdisc=0.622, norm=0.710
REGINN:CGLS::k=62: rdisc=0.620, norm=0.722
REGINN:CGLS::k=63: rdisc=0.619, norm=0.729
REGINN:CGLS::k=64: rdisc=0.618, norm=0.734
REGINN:CGLS::k=65: rdisc=0.616, norm=0.747
REGINN:CGLS::k=66: rdisc=0.615, norm=0.756
REGINN:CGLS::k=67: rdisc=0.613, norm=0.764
REGINN:CGLS::k=68: rdisc=0.611, norm=0.780
REGINN:CGLS::k=69: rdisc=0.610, norm=0.788
REGINN:CGLS::k=70: rdisc=0.609, norm=0.795
REGINN:CGLS::k=71: rdisc=0.607, norm=0.805
REGINN:CGLS::k=72: rdisc=0.606, norm=0.813
REGINN:CGLS::k=73: rdisc=0.605, norm=0.820
REGINN:CGLS::k=74: rdisc=0.604, norm=0.831
REGINN:CGLS::k=75: rdisc=0.601, norm=0.851
REGINN:CGLS::k=76: rdisc=0.600, norm=0.855
REGINN:CGLS::k=77: rdisc=0.599, norm=0.863
REGINN:CGLS::k=78: rdisc=0.598, norm=0.871
REGINN:CGLS::k=79: rdisc=0.597, norm=0.878
REGINN:CGLS::k=80: rdisc=0.596, norm=0.892
REGINN:CGLS::k=81: rdisc=0.595, norm=0.901
REGINN:CGLS::k=82: rdisc=0.593, norm=0.912
REGINN:CGLS::k=83: rdisc=0.592, norm=0.920
REGINN:CGLS::k=84: rdisc=0.591, norm=0.927
REGINN:CGLS::k=85: rdisc=0.590, norm=0.941
REGINN:CGLS::k=86: rdisc=0.588, norm=0.951
REGINN:CGLS::k=87: rdisc=0.587, norm=0.962
REGINN:CGLS::k=88: rdisc=0.585, norm=0.978
REGINN:CGLS::k=89: rdisc=0.585, norm=0.981
REGINN:CGLS::k=90: rdisc=0.584, norm=0.990
REGINN:CGLS::k=91: rdisc=0.583, norm=0.996
REGINN:CGLS::k=92: rdisc=0.582, norm=1.00
REGINN:CGLS::k=93: rdisc=0.581, norm=1.01
REGINN:CGLS::k=94: rdisc=0.580, norm=1.02
REGINN:CGLS::k=95: rdisc=0.579, norm=1.03
REGINN:CGLS::k=96: rdisc=0.578, norm=1.05
REGINN:CGLS::k=97: rdisc=0.577, norm=1.05
REGINN:CGLS::k=98: rdisc=0.575, norm=1.07
REGINN:CGLS::k=99: rdisc=0.573, norm=1.09
REGINN:CGLS::k=100: rdisc=0.572, norm=1.10
REGINN:CGLS::k=101: rdisc=0.571, norm=1.11
REGINN:CGLS::k=102: rdisc=0.570, norm=1.12
REGINN:CGLS::k=103: rdisc=0.569, norm=1.13
REGINN:CGLS::k=104: rdisc=0.568, norm=1.14
REGINN:CGLS::k=105: rdisc=0.567, norm=1.14
REGINN:CGLS::k=106: rdisc=0.566, norm=1.15
REGINN:CGLS::k=107: rdisc=0.565, norm=1.17
REGINN:CGLS::k=108: rdisc=0.562, norm=1.20
REGINN:CGLS::k=109: rdisc=0.561, norm=1.21
REGINN:CGLS::k=110: rdisc=0.559, norm=1.23
REGINN:CGLS::k=111: rdisc=0.558, norm=1.24
REGINN:CGLS::k=112: rdisc=0.558, norm=1.24
REGINN:CGLS::k=113: rdisc=0.557, norm=1.26
REGINN:CGLS::k=114: rdisc=0.556, norm=1.27
REGINN:CGLS::k=115: rdisc=0.555, norm=1.28
REGINN:CGLS::k=116: rdisc=0.553, norm=1.29
REGINN:CGLS::k=117: rdisc=0.552, norm=1.30
REGINN:CGLS::k=118: rdisc=0.551, norm=1.31
REGINN:CGLS::k=119: rdisc=0.550, norm=1.32
REGINN:CGLS::k=120: rdisc=0.549, norm=1.34
REGINN:CGLS::k=121: rdisc=0.548, norm=1.35
REGINN:CGLS::k=122: rdisc=0.547, norm=1.36
REGINN:CGLS::k=123: rdisc=0.545, norm=1.39
REGINN:CGLS::k=124: rdisc=0.544, norm=1.40
REGINN:CGLS::k=125: rdisc=0.543, norm=1.41
REGINN:CGLS::k=126: rdisc=0.541, norm=1.43
REGINN:CGLS::k=127: rdisc=0.540, norm=1.44
REGINN:CGLS::k=128: rdisc=0.539, norm=1.46
REGINN:CGLS::k=129: rdisc=0.537, norm=1.47
REGINN:CGLS::k=130: rdisc=0.537, norm=1.48
REGINN:CGLS::k=131: rdisc=0.536, norm=1.50
REGINN:CGLS::k=132: rdisc=0.535, norm=1.51
REGINN:CGLS::k=133: rdisc=0.534, norm=1.52
REGINN:CGLS::k=134: rdisc=0.532, norm=1.54
REGINN:CGLS::k=135: rdisc=0.531, norm=1.55
REGINN:CGLS::k=136: rdisc=0.530, norm=1.57
REGINN:CGLS::k=137: rdisc=0.529, norm=1.58
REGINN:CGLS::k=138: rdisc=0.528, norm=1.59
REGINN:CGLS::k=139: rdisc=0.527, norm=1.61
REGINN:CGLS::k=140: rdisc=0.526, norm=1.62
REGINN:CGLS::k=141: rdisc=0.524, norm=1.64
REGINN:CGLS::k=142: rdisc=0.524, norm=1.65
REGINN:CGLS::k=143: rdisc=0.523, norm=1.65
REGINN:CGLS::k=144: rdisc=0.522, norm=1.66
REGINN:CGLS::k=145: rdisc=0.521, norm=1.68
REGINN:CGLS::k=146: rdisc=0.519, norm=1.70
REGINN:CGLS::k=147: rdisc=0.518, norm=1.71
REGINN:CGLS::Target discrepancy reached after 147 iterations.
REGINN:post_processing::Adjusted lower bound of estimate from -1.49 to 0.100
REGINN::i=15: rdisc=0.624, rnorm=0.775, rerr=0.370
REGINN::0.100 ≤ estimate ≤ 6.83
REGINN::Solving linear problem using rtol=0.928 and max_iter=0
REGINN:CGLS::k=0 : rdisc=1.00, norm=0.00
REGINN:CGLS::k=1 : rdisc=0.780, norm=0.0319
REGINN:CGLS::Target discrepancy reached after 1 iteration.
REGINN:post_processing::Adjusted lower bound of estimate from 0.000118 to 0.100
REGINN::i=16: rdisc=0.486, rnorm=0.778, rerr=0.370
REGINN::0.100 ≤ estimate ≤ 6.83
REGINN::Solving linear problem using rtol=0.794 and max_iter=0
REGINN:CGLS::k=0 : rdisc=1.00, norm=0.00
REGINN:CGLS::k=1 : rdisc=0.729, norm=0.0560
REGINN:CGLS::Target discrepancy reached after 1 iteration.
REGINN:post_processing::Adjusted lower bound of estimate from 0.0458 to 0.100
REGINN::i=17: rdisc=0.365, rnorm=0.778, rerr=0.370
REGINN::0.100 ≤ estimate ≤ 6.89
REGINN::Solving linear problem using rtol=0.679 and max_iter=0
REGINN:CGLS::k=0 : rdisc=1.00, norm=0.00
REGINN:CGLS::k=1 : rdisc=0.885, norm=0.0153
REGINN:CGLS::k=2 : rdisc=0.741, norm=0.0455
REGINN:CGLS::k=3 : rdisc=0.603, norm=0.0761
REGINN:CGLS::Target discrepancy reached after 3 iterations.
REGINN:post_processing::Adjusted lower bound of estimate from 0.0191 to 0.100
REGINN::i=18: rdisc=0.233, rnorm=0.778, rerr=0.370
REGINN::0.100 ≤ estimate ≤ 6.96
REGINN::Solving linear problem using rtol=0.580 and max_iter=0
REGINN:CGLS::k=0 : rdisc=1.00, norm=0.00
REGINN:CGLS::k=1 : rdisc=0.954, norm=0.00796
REGINN:CGLS::k=2 : rdisc=0.896, norm=0.0216
REGINN:CGLS::k=3 : rdisc=0.822, norm=0.0426
REGINN:CGLS::k=4 : rdisc=0.775, norm=0.0565
REGINN:CGLS::k=5 : rdisc=0.711, norm=0.0762
REGINN:CGLS::k=6 : rdisc=0.699, norm=0.0802
REGINN:CGLS::k=7 : rdisc=0.663, norm=0.0943
REGINN:CGLS::k=8 : rdisc=0.645, norm=0.103
REGINN:CGLS::k=9 : rdisc=0.639, norm=0.106
REGINN:CGLS::k=10: rdisc=0.621, norm=0.116
REGINN:CGLS::k=11: rdisc=0.611, norm=0.122
REGINN:CGLS::k=12: rdisc=0.602, norm=0.128
REGINN:CGLS::k=13: rdisc=0.578, norm=0.146
REGINN:CGLS::Target discrepancy reached after 13 iterations.
REGINN:post_processing::Adjusted lower bound of estimate from -0.0871 to 0.100
REGINN::i=19: rdisc=0.154, rnorm=0.777, rerr=0.370
REGINN::0.100 ≤ estimate ≤ 6.89
REGINN::Solving linear problem using rtol=0.496 and max_iter=0
REGINN:CGLS::k=0 : rdisc=1.00, norm=0.00
REGINN:CGLS::k=1 : rdisc=0.974, norm=0.00586
REGINN:CGLS::k=2 : rdisc=0.948, norm=0.0121
REGINN:CGLS::k=3 : rdisc=0.934, norm=0.0161
REGINN:CGLS::k=4 : rdisc=0.918, norm=0.0220
REGINN:CGLS::k=5 : rdisc=0.908, norm=0.0261
REGINN:CGLS::k=6 : rdisc=0.899, norm=0.0301
REGINN:CGLS::k=7 : rdisc=0.891, norm=0.0347
REGINN:CGLS::k=8 : rdisc=0.883, norm=0.0397
REGINN:CGLS::k=9 : rdisc=0.877, norm=0.0444
REGINN:CGLS::k=10: rdisc=0.871, norm=0.0500
REGINN:CGLS::k=11: rdisc=0.859, norm=0.0616
REGINN:CGLS::k=12: rdisc=0.838, norm=0.0848
REGINN:CGLS::k=13: rdisc=0.829, norm=0.0947
REGINN:CGLS::k=14: rdisc=0.814, norm=0.113
REGINN:CGLS::k=15: rdisc=0.791, norm=0.141
REGINN:CGLS::k=16: rdisc=0.784, norm=0.150
REGINN:CGLS::k=17: rdisc=0.776, norm=0.159
REGINN:CGLS::k=18: rdisc=0.775, norm=0.161
REGINN:CGLS::k=19: rdisc=0.768, norm=0.170
REGINN:CGLS::k=20: rdisc=0.761, norm=0.179
REGINN:CGLS::k=21: rdisc=0.760, norm=0.180
REGINN:CGLS::k=22: rdisc=0.757, norm=0.183
REGINN:CGLS::k=23: rdisc=0.755, norm=0.186
REGINN:CGLS::k=24: rdisc=0.753, norm=0.190
REGINN:CGLS::k=25: rdisc=0.747, norm=0.198
REGINN:CGLS::k=26: rdisc=0.742, norm=0.206
REGINN:CGLS::k=27: rdisc=0.736, norm=0.216
REGINN:CGLS::k=28: rdisc=0.732, norm=0.223
REGINN:CGLS::k=29: rdisc=0.730, norm=0.226
REGINN:CGLS::k=30: rdisc=0.726, norm=0.233
REGINN:CGLS::k=31: rdisc=0.724, norm=0.237
REGINN:CGLS::k=32: rdisc=0.722, norm=0.240
REGINN:CGLS::k=33: rdisc=0.717, norm=0.249
REGINN:CGLS::k=34: rdisc=0.716, norm=0.251
REGINN:CGLS::k=35: rdisc=0.711, norm=0.263
REGINN:CGLS::k=36: rdisc=0.708, norm=0.269
REGINN:CGLS::k=37: rdisc=0.706, norm=0.273
REGINN:CGLS::k=38: rdisc=0.702, norm=0.282
REGINN:CGLS::k=39: rdisc=0.698, norm=0.289
REGINN:CGLS::k=40: rdisc=0.695, norm=0.297
REGINN:CGLS::k=41: rdisc=0.693, norm=0.302
REGINN:CGLS::k=42: rdisc=0.691, norm=0.306
REGINN:CGLS::k=43: rdisc=0.688, norm=0.313
REGINN:CGLS::k=44: rdisc=0.687, norm=0.315
REGINN:CGLS::k=45: rdisc=0.683, norm=0.327
REGINN:CGLS::k=46: rdisc=0.681, norm=0.331
REGINN:CGLS::k=47: rdisc=0.678, norm=0.339
REGINN:CGLS::k=48: rdisc=0.675, norm=0.345
REGINN:CGLS::k=49: rdisc=0.674, norm=0.349
REGINN:CGLS::k=50: rdisc=0.673, norm=0.351
REGINN:CGLS::k=51: rdisc=0.671, norm=0.356
REGINN:CGLS::k=52: rdisc=0.670, norm=0.359
REGINN:CGLS::k=53: rdisc=0.668, norm=0.367
REGINN:CGLS::k=54: rdisc=0.664, norm=0.376
REGINN:CGLS::k=55: rdisc=0.663, norm=0.379
REGINN:CGLS::k=56: rdisc=0.662, norm=0.382
REGINN:CGLS::k=57: rdisc=0.662, norm=0.384
REGINN:CGLS::k=58: rdisc=0.660, norm=0.389
REGINN:CGLS::k=59: rdisc=0.659, norm=0.392
REGINN:CGLS::k=60: rdisc=0.658, norm=0.395
REGINN:CGLS::k=61: rdisc=0.655, norm=0.405
REGINN:CGLS::k=62: rdisc=0.654, norm=0.409
REGINN:CGLS::k=63: rdisc=0.653, norm=0.412
REGINN:CGLS::k=64: rdisc=0.651, norm=0.419
REGINN:CGLS::k=65: rdisc=0.650, norm=0.421
REGINN:CGLS::k=66: rdisc=0.648, norm=0.427
REGINN:CGLS::k=67: rdisc=0.647, norm=0.432
REGINN:CGLS::k=68: rdisc=0.646, norm=0.434
REGINN:CGLS::k=69: rdisc=0.645, norm=0.438
REGINN:CGLS::k=70: rdisc=0.644, norm=0.441
REGINN:CGLS::k=71: rdisc=0.643, norm=0.447
REGINN:CGLS::k=72: rdisc=0.641, norm=0.451
REGINN:CGLS::k=73: rdisc=0.640, norm=0.455
REGINN:CGLS::k=74: rdisc=0.640, norm=0.457
REGINN:CGLS::k=75: rdisc=0.640, norm=0.458
REGINN:CGLS::k=76: rdisc=0.639, norm=0.460
REGINN:CGLS::k=77: rdisc=0.639, norm=0.462
REGINN:CGLS::k=78: rdisc=0.638, norm=0.464
REGINN:CGLS::k=79: rdisc=0.637, norm=0.470
REGINN:CGLS::k=80: rdisc=0.636, norm=0.474
REGINN:CGLS::k=81: rdisc=0.635, norm=0.475
REGINN:CGLS::k=82: rdisc=0.634, norm=0.480
REGINN:CGLS::k=83: rdisc=0.633, norm=0.483
REGINN:CGLS::k=84: rdisc=0.633, norm=0.485
REGINN:CGLS::k=85: rdisc=0.632, norm=0.488
REGINN:CGLS::k=86: rdisc=0.631, norm=0.494
REGINN:CGLS::k=87: rdisc=0.630, norm=0.499
REGINN:CGLS::k=88: rdisc=0.630, norm=0.500
REGINN:CGLS::k=89: rdisc=0.628, norm=0.508
REGINN:CGLS::k=90: rdisc=0.627, norm=0.512
REGINN:CGLS::k=91: rdisc=0.626, norm=0.515
REGINN:CGLS::k=92: rdisc=0.626, norm=0.518
REGINN:CGLS::k=93: rdisc=0.625, norm=0.522
REGINN:CGLS::k=94: rdisc=0.624, norm=0.525
REGINN:CGLS::k=95: rdisc=0.624, norm=0.527
REGINN:CGLS::k=96: rdisc=0.623, norm=0.530
REGINN:CGLS::k=97: rdisc=0.622, norm=0.535
REGINN:CGLS::k=98: rdisc=0.621, norm=0.539
REGINN:CGLS::k=99: rdisc=0.621, norm=0.540
REGINN:CGLS::k=100: rdisc=0.620, norm=0.546
REGINN:CGLS::k=101: rdisc=0.620, norm=0.548
REGINN:CGLS::k=102: rdisc=0.619, norm=0.552
REGINN:CGLS::k=103: rdisc=0.618, norm=0.557
REGINN:CGLS::k=104: rdisc=0.617, norm=0.561
REGINN:CGLS::k=105: rdisc=0.616, norm=0.566
REGINN:CGLS::k=106: rdisc=0.616, norm=0.567
REGINN:CGLS::k=107: rdisc=0.615, norm=0.572
REGINN:CGLS::k=108: rdisc=0.615, norm=0.575
REGINN:CGLS::k=109: rdisc=0.615, norm=0.576
REGINN:CGLS::k=110: rdisc=0.614, norm=0.580
REGINN:CGLS::k=111: rdisc=0.614, norm=0.582
REGINN:CGLS::k=112: rdisc=0.613, norm=0.584
REGINN:CGLS::k=113: rdisc=0.613, norm=0.587
REGINN:CGLS::k=114: rdisc=0.611, norm=0.596
REGINN:CGLS::k=115: rdisc=0.610, norm=0.601
REGINN:CGLS::k=116: rdisc=0.610, norm=0.602
REGINN:CGLS::k=117: rdisc=0.609, norm=0.608
REGINN:CGLS::k=118: rdisc=0.609, norm=0.609
REGINN:CGLS::k=119: rdisc=0.608, norm=0.617
REGINN:CGLS::k=120: rdisc=0.608, norm=0.618
REGINN:CGLS::k=121: rdisc=0.607, norm=0.621
REGINN:CGLS::k=122: rdisc=0.606, norm=0.627
REGINN:CGLS::k=123: rdisc=0.606, norm=0.629
REGINN:CGLS::k=124: rdisc=0.606, norm=0.631
REGINN:CGLS::k=125: rdisc=0.605, norm=0.634
REGINN:CGLS::k=126: rdisc=0.604, norm=0.641
REGINN:CGLS::k=127: rdisc=0.604, norm=0.643
REGINN:CGLS::k=128: rdisc=0.603, norm=0.648
REGINN:CGLS::k=129: rdisc=0.603, norm=0.650
REGINN:CGLS::k=130: rdisc=0.602, norm=0.652
REGINN:CGLS::k=131: rdisc=0.602, norm=0.656
REGINN:CGLS::k=132: rdisc=0.602, norm=0.659
REGINN:CGLS::k=133: rdisc=0.601, norm=0.661
REGINN:CGLS::k=134: rdisc=0.600, norm=0.668
REGINN:CGLS::k=135: rdisc=0.600, norm=0.671
REGINN:CGLS::k=136: rdisc=0.599, norm=0.676
REGINN:CGLS::k=137: rdisc=0.598, norm=0.681
REGINN:CGLS::k=138: rdisc=0.598, norm=0.685
REGINN:CGLS::k=139: rdisc=0.597, norm=0.690
REGINN:CGLS::k=140: rdisc=0.597, norm=0.693
REGINN:CGLS::k=141: rdisc=0.596, norm=0.696
REGINN:CGLS::k=142: rdisc=0.595, norm=0.703
REGINN:CGLS::k=143: rdisc=0.595, norm=0.708
REGINN:CGLS::k=144: rdisc=0.594, norm=0.712
REGINN:CGLS::k=145: rdisc=0.594, norm=0.715
REGINN:CGLS::k=146: rdisc=0.593, norm=0.719
REGINN:CGLS::k=147: rdisc=0.593, norm=0.723
REGINN:CGLS::k=148: rdisc=0.592, norm=0.728
REGINN:CGLS::k=149: rdisc=0.592, norm=0.732
REGINN:CGLS::k=150: rdisc=0.591, norm=0.736
REGINN:CGLS::k=151: rdisc=0.590, norm=0.743
REGINN:CGLS::k=152: rdisc=0.590, norm=0.746
REGINN:CGLS::k=153: rdisc=0.589, norm=0.752
REGINN:CGLS::k=154: rdisc=0.589, norm=0.759
REGINN:CGLS::k=155: rdisc=0.588, norm=0.764
REGINN:CGLS::k=156: rdisc=0.587, norm=0.770
REGINN:CGLS::k=157: rdisc=0.587, norm=0.771
REGINN:CGLS::k=158: rdisc=0.587, norm=0.774
REGINN:CGLS::k=159: rdisc=0.586, norm=0.778
REGINN:CGLS::k=160: rdisc=0.585, norm=0.789
REGINN:CGLS::k=161: rdisc=0.585, norm=0.791
REGINN:CGLS::k=162: rdisc=0.584, norm=0.795
REGINN:CGLS::k=163: rdisc=0.584, norm=0.799
REGINN:CGLS::k=164: rdisc=0.584, norm=0.801
REGINN:CGLS::k=165: rdisc=0.583, norm=0.806
REGINN:CGLS::k=166: rdisc=0.583, norm=0.810
REGINN:CGLS::k=167: rdisc=0.581, norm=0.820
REGINN:CGLS::k=168: rdisc=0.581, norm=0.822
REGINN:CGLS::k=169: rdisc=0.581, norm=0.828
REGINN:CGLS::k=170: rdisc=0.580, norm=0.834
REGINN:CGLS::k=171: rdisc=0.580, norm=0.837
REGINN:CGLS::k=172: rdisc=0.579, norm=0.842
REGINN:CGLS::k=173: rdisc=0.578, norm=0.848
REGINN:CGLS::k=174: rdisc=0.578, norm=0.854
REGINN:CGLS::k=175: rdisc=0.577, norm=0.860
REGINN:CGLS::k=176: rdisc=0.577, norm=0.865
REGINN:CGLS::k=177: rdisc=0.576, norm=0.874
REGINN:CGLS::k=178: rdisc=0.575, norm=0.876
REGINN:CGLS::k=179: rdisc=0.575, norm=0.879
REGINN:CGLS::k=180: rdisc=0.575, norm=0.882
REGINN:CGLS::k=181: rdisc=0.574, norm=0.889
REGINN:CGLS::k=182: rdisc=0.574, norm=0.894
REGINN:CGLS::k=183: rdisc=0.573, norm=0.903
REGINN:CGLS::k=184: rdisc=0.572, norm=0.909
REGINN:CGLS::k=185: rdisc=0.572, norm=0.911
REGINN:CGLS::k=186: rdisc=0.571, norm=0.922
REGINN:CGLS::k=187: rdisc=0.571, norm=0.924
REGINN:CGLS::k=188: rdisc=0.570, norm=0.932
REGINN:CGLS::k=189: rdisc=0.569, norm=0.937
REGINN:CGLS::k=190: rdisc=0.569, norm=0.944
REGINN:CGLS::k=191: rdisc=0.568, norm=0.948
REGINN:CGLS::k=192: rdisc=0.568, norm=0.952
REGINN:CGLS::k=193: rdisc=0.568, norm=0.955
REGINN:CGLS::k=194: rdisc=0.567, norm=0.960
REGINN:CGLS::k=195: rdisc=0.566, norm=0.966
REGINN:CGLS::k=196: rdisc=0.566, norm=0.972
REGINN:CGLS::k=197: rdisc=0.565, norm=0.979
REGINN:CGLS::k=198: rdisc=0.564, norm=0.988
REGINN:CGLS::k=199: rdisc=0.564, norm=0.992
REGINN:CGLS::k=200: rdisc=0.563, norm=1.00
REGINN:CGLS::k=201: rdisc=0.563, norm=1.01
REGINN:CGLS::k=202: rdisc=0.562, norm=1.01
REGINN:CGLS::k=203: rdisc=0.562, norm=1.02
REGINN:CGLS::k=204: rdisc=0.561, norm=1.03
REGINN:CGLS::k=205: rdisc=0.560, norm=1.04
REGINN:CGLS::k=206: rdisc=0.560, norm=1.04
REGINN:CGLS::k=207: rdisc=0.559, norm=1.04
REGINN:CGLS::k=208: rdisc=0.558, norm=1.05
REGINN:CGLS::k=209: rdisc=0.558, norm=1.06
REGINN:CGLS::k=210: rdisc=0.557, norm=1.07
REGINN:CGLS::k=211: rdisc=0.557, norm=1.07
REGINN:CGLS::k=212: rdisc=0.556, norm=1.08
REGINN:CGLS::k=213: rdisc=0.555, norm=1.09
REGINN:CGLS::k=214: rdisc=0.555, norm=1.09
REGINN:CGLS::k=215: rdisc=0.554, norm=1.10
REGINN:CGLS::k=216: rdisc=0.554, norm=1.11
REGINN:CGLS::k=217: rdisc=0.552, norm=1.12
REGINN:CGLS::k=218: rdisc=0.552, norm=1.13
REGINN:CGLS::k=219: rdisc=0.552, norm=1.13
REGINN:CGLS::k=220: rdisc=0.551, norm=1.13
REGINN:CGLS::k=221: rdisc=0.550, norm=1.14
REGINN:CGLS::k=222: rdisc=0.550, norm=1.15
REGINN:CGLS::k=223: rdisc=0.550, norm=1.15
REGINN:CGLS::k=224: rdisc=0.549, norm=1.16
REGINN:CGLS::k=225: rdisc=0.548, norm=1.17
REGINN:CGLS::k=226: rdisc=0.548, norm=1.18
REGINN:CGLS::k=227: rdisc=0.547, norm=1.18
REGINN:CGLS::k=228: rdisc=0.547, norm=1.19
REGINN:CGLS::k=229: rdisc=0.547, norm=1.19
REGINN:CGLS::k=230: rdisc=0.545, norm=1.20
REGINN:CGLS::k=231: rdisc=0.544, norm=1.22
REGINN:CGLS::k=232: rdisc=0.544, norm=1.22
REGINN:CGLS::k=233: rdisc=0.544, norm=1.22
REGINN:CGLS::k=234: rdisc=0.543, norm=1.23
REGINN:CGLS::k=235: rdisc=0.542, norm=1.24
REGINN:CGLS::k=236: rdisc=0.542, norm=1.25
REGINN:CGLS::k=237: rdisc=0.541, norm=1.25
REGINN:CGLS::k=238: rdisc=0.541, norm=1.26
REGINN:CGLS::k=239: rdisc=0.540, norm=1.27
REGINN:CGLS::k=240: rdisc=0.539, norm=1.27
REGINN:CGLS::k=241: rdisc=0.539, norm=1.28
REGINN:CGLS::k=242: rdisc=0.538, norm=1.29
REGINN:CGLS::k=243: rdisc=0.537, norm=1.30
REGINN:CGLS::k=244: rdisc=0.537, norm=1.30
REGINN:CGLS::k=245: rdisc=0.536, norm=1.31
REGINN:CGLS::k=246: rdisc=0.536, norm=1.32
REGINN:CGLS::k=247: rdisc=0.536, norm=1.32
REGINN:CGLS::k=248: rdisc=0.535, norm=1.33
REGINN:CGLS::k=249: rdisc=0.535, norm=1.33
REGINN:CGLS::k=250: rdisc=0.534, norm=1.34
REGINN:CGLS::k=251: rdisc=0.533, norm=1.35
REGINN:CGLS::k=252: rdisc=0.532, norm=1.36
REGINN:CGLS::k=253: rdisc=0.532, norm=1.37
REGINN:CGLS::k=254: rdisc=0.531, norm=1.38
REGINN:CGLS::k=255: rdisc=0.530, norm=1.39
REGINN:CGLS::k=256: rdisc=0.530, norm=1.40
REGINN:CGLS::k=257: rdisc=0.529, norm=1.40
REGINN:CGLS::k=258: rdisc=0.529, norm=1.41
REGINN:CGLS::k=259: rdisc=0.529, norm=1.41
REGINN:CGLS::k=260: rdisc=0.528, norm=1.42
REGINN:CGLS::k=261: rdisc=0.527, norm=1.43
REGINN:CGLS::k=262: rdisc=0.526, norm=1.44
REGINN:CGLS::k=263: rdisc=0.526, norm=1.44
REGINN:CGLS::k=264: rdisc=0.526, norm=1.45
REGINN:CGLS::k=265: rdisc=0.525, norm=1.45
REGINN:CGLS::k=266: rdisc=0.525, norm=1.46
REGINN:CGLS::k=267: rdisc=0.524, norm=1.47
REGINN:CGLS::k=268: rdisc=0.523, norm=1.47
REGINN:CGLS::k=269: rdisc=0.523, norm=1.48
REGINN:CGLS::k=270: rdisc=0.522, norm=1.49
REGINN:CGLS::k=271: rdisc=0.522, norm=1.50
REGINN:CGLS::k=272: rdisc=0.521, norm=1.51
REGINN:CGLS::k=273: rdisc=0.521, norm=1.51
REGINN:CGLS::k=274: rdisc=0.520, norm=1.52
REGINN:CGLS::k=275: rdisc=0.519, norm=1.53
REGINN:CGLS::k=276: rdisc=0.519, norm=1.53
REGINN:CGLS::k=277: rdisc=0.517, norm=1.55
REGINN:CGLS::k=278: rdisc=0.517, norm=1.56
REGINN:CGLS::k=279: rdisc=0.517, norm=1.56
REGINN:CGLS::k=280: rdisc=0.516, norm=1.57
REGINN:CGLS::k=281: rdisc=0.516, norm=1.58
REGINN:CGLS::k=282: rdisc=0.515, norm=1.58
REGINN:CGLS::k=283: rdisc=0.514, norm=1.59
REGINN:CGLS::k=284: rdisc=0.514, norm=1.60
REGINN:CGLS::k=285: rdisc=0.514, norm=1.60
REGINN:CGLS::k=286: rdisc=0.513, norm=1.61
REGINN:CGLS::k=287: rdisc=0.513, norm=1.61
REGINN:CGLS::k=288: rdisc=0.512, norm=1.63
REGINN:CGLS::k=289: rdisc=0.511, norm=1.64
REGINN:CGLS::k=290: rdisc=0.511, norm=1.64
REGINN:CGLS::k=291: rdisc=0.510, norm=1.65
REGINN:CGLS::k=292: rdisc=0.510, norm=1.66
REGINN:CGLS::k=293: rdisc=0.509, norm=1.66
REGINN:CGLS::k=294: rdisc=0.508, norm=1.68
REGINN:CGLS::k=295: rdisc=0.508, norm=1.68
REGINN:CGLS::k=296: rdisc=0.507, norm=1.69
REGINN:CGLS::k=297: rdisc=0.507, norm=1.70
REGINN:CGLS::k=298: rdisc=0.506, norm=1.70
REGINN:CGLS::k=299: rdisc=0.506, norm=1.71
REGINN:CGLS::k=300: rdisc=0.505, norm=1.71
REGINN:CGLS::k=301: rdisc=0.505, norm=1.72
REGINN:CGLS::k=302: rdisc=0.504, norm=1.73
REGINN:CGLS::k=303: rdisc=0.504, norm=1.74
REGINN:CGLS::k=304: rdisc=0.502, norm=1.76
REGINN:CGLS::k=305: rdisc=0.502, norm=1.76
REGINN:CGLS::k=306: rdisc=0.502, norm=1.76
REGINN:CGLS::k=307: rdisc=0.501, norm=1.77
REGINN:CGLS::k=308: rdisc=0.501, norm=1.78
REGINN:CGLS::k=309: rdisc=0.500, norm=1.78
REGINN:CGLS::k=310: rdisc=0.500, norm=1.79
REGINN:CGLS::k=311: rdisc=0.499, norm=1.80
REGINN:CGLS::k=312: rdisc=0.499, norm=1.81
REGINN:CGLS::k=313: rdisc=0.498, norm=1.81
REGINN:CGLS::k=314: rdisc=0.498, norm=1.82
REGINN:CGLS::k=315: rdisc=0.497, norm=1.82
REGINN:CGLS::k=316: rdisc=0.497, norm=1.83
REGINN:CGLS::k=317: rdisc=0.497, norm=1.83
REGINN:CGLS::k=318: rdisc=0.496, norm=1.84
REGINN:CGLS::Target discrepancy reached after 318 iterations.
REGINN:post_processing::Adjusted lower bound of estimate from -1.82 to 0.100
REGINN::i=20: rdisc=1.12, rnorm=0.787, rerr=0.372
REGINN::0.100 ≤ estimate ≤ 6.56
REGINN::Solving linear problem using rtol=0.930 and max_iter=0
REGINN:CGLS::k=0 : rdisc=1.00, norm=0.00
REGINN:CGLS::k=1 : rdisc=0.727, norm=0.0321
REGINN:CGLS::Target discrepancy reached after 1 iteration.
REGINN:post_processing::Adjusted lower bound of estimate from -0.00874 to 0.100
REGINN::i=21: rdisc=0.815, rnorm=0.791, rerr=0.372
REGINN::0.100 ≤ estimate ≤ 6.55
REGINN::Solving linear problem using rtol=0.796 and max_iter=0
REGINN:CGLS::k=0 : rdisc=1.00, norm=0.00
REGINN:CGLS::k=1 : rdisc=0.846, norm=0.0313
REGINN:CGLS::k=2 : rdisc=0.645, norm=0.0745
REGINN:CGLS::Target discrepancy reached after 2 iterations.
REGINN:post_processing::Adjusted lower bound of estimate from -0.0641 to 0.100
REGINN::i=22: rdisc=0.552, rnorm=0.791, rerr=0.372
REGINN::0.100 ≤ estimate ≤ 6.77
REGINN::Solving linear problem using rtol=0.680 and max_iter=0
REGINN:CGLS::k=0 : rdisc=1.00, norm=0.00
REGINN:CGLS::k=1 : rdisc=0.898, norm=0.0122
REGINN:CGLS::k=2 : rdisc=0.834, norm=0.0238
REGINN:CGLS::k=3 : rdisc=0.684, norm=0.0620
REGINN:CGLS::k=4 : rdisc=0.642, norm=0.0729
REGINN:CGLS::Target discrepancy reached after 4 iterations.
REGINN:post_processing::Adjusted lower bound of estimate from -0.149 to 0.100
REGINN::i=23: rdisc=0.373, rnorm=0.791, rerr=0.371
REGINN::0.100 ≤ estimate ≤ 7.21
REGINN::Solving linear problem using rtol=0.582 and max_iter=0
REGINN:CGLS::k=0 : rdisc=1.00, norm=0.00
REGINN:CGLS::k=1 : rdisc=0.973, norm=0.00641
REGINN:CGLS::k=2 : rdisc=0.871, norm=0.0361
REGINN:CGLS::k=3 : rdisc=0.788, norm=0.0597
REGINN:CGLS::k=4 : rdisc=0.746, norm=0.0715
REGINN:CGLS::k=5 : rdisc=0.606, norm=0.110
REGINN:CGLS::k=6 : rdisc=0.580, norm=0.116
REGINN:CGLS::Target discrepancy reached after 6 iterations.
REGINN:post_processing::Adjusted lower bound of estimate from -0.0941 to 0.100
REGINN::i=24: rdisc=0.240, rnorm=0.790, rerr=0.371
REGINN::0.100 ≤ estimate ≤ 7.05
REGINN::Solving linear problem using rtol=0.497 and max_iter=0
REGINN:CGLS::k=0 : rdisc=1.00, norm=0.00
REGINN:CGLS::k=1 : rdisc=0.984, norm=0.00404
REGINN:CGLS::k=2 : rdisc=0.966, norm=0.00900
REGINN:CGLS::k=3 : rdisc=0.926, norm=0.0219
REGINN:CGLS::k=4 : rdisc=0.902, norm=0.0301
REGINN:CGLS::k=5 : rdisc=0.848, norm=0.0493
REGINN:CGLS::k=6 : rdisc=0.770, norm=0.0774
REGINN:CGLS::k=7 : rdisc=0.750, norm=0.0846
REGINN:CGLS::k=8 : rdisc=0.741, norm=0.0877
REGINN:CGLS::k=9 : rdisc=0.738, norm=0.0890
REGINN:CGLS::k=10: rdisc=0.725, norm=0.0940
REGINN:CGLS::k=11: rdisc=0.710, norm=0.100
REGINN:CGLS::k=12: rdisc=0.695, norm=0.108
REGINN:CGLS::k=13: rdisc=0.658, norm=0.128
REGINN:CGLS::k=14: rdisc=0.648, norm=0.134
REGINN:CGLS::k=15: rdisc=0.633, norm=0.142
REGINN:CGLS::k=16: rdisc=0.623, norm=0.148
REGINN:CGLS::k=17: rdisc=0.614, norm=0.154
REGINN:CGLS::k=18: rdisc=0.608, norm=0.158
REGINN:CGLS::k=19: rdisc=0.599, norm=0.163
REGINN:CGLS::k=20: rdisc=0.595, norm=0.166
REGINN:CGLS::k=21: rdisc=0.593, norm=0.168
REGINN:CGLS::k=22: rdisc=0.584, norm=0.174
REGINN:CGLS::k=23: rdisc=0.577, norm=0.179
REGINN:CGLS::k=24: rdisc=0.563, norm=0.190
REGINN:CGLS::k=25: rdisc=0.561, norm=0.192
REGINN:CGLS::k=26: rdisc=0.557, norm=0.195
REGINN:CGLS::k=27: rdisc=0.551, norm=0.200
REGINN:CGLS::k=28: rdisc=0.550, norm=0.201
REGINN:CGLS::k=29: rdisc=0.539, norm=0.211
REGINN:CGLS::k=30: rdisc=0.534, norm=0.216
REGINN:CGLS::k=31: rdisc=0.531, norm=0.219
REGINN:CGLS::k=32: rdisc=0.530, norm=0.220
REGINN:CGLS::k=33: rdisc=0.522, norm=0.229
REGINN:CGLS::k=34: rdisc=0.517, norm=0.234
REGINN:CGLS::k=35: rdisc=0.515, norm=0.237
REGINN:CGLS::k=36: rdisc=0.512, norm=0.240
REGINN:CGLS::k=37: rdisc=0.510, norm=0.242
REGINN:CGLS::k=38: rdisc=0.503, norm=0.251
REGINN:CGLS::k=39: rdisc=0.497, norm=0.258
REGINN:CGLS::Target discrepancy reached after 39 iterations.
REGINN:post_processing::Adjusted lower bound of estimate from -0.154 to 0.100
REGINN::i=25: rdisc=0.174, rnorm=0.788, rerr=0.371
REGINN::0.100 ≤ estimate ≤ 6.55
REGINN::Solving linear problem using rtol=0.877 and max_iter=0
REGINN:CGLS::k=0 : rdisc=1.00, norm=0.00
REGINN:CGLS::k=1 : rdisc=0.963, norm=0.00285
REGINN:CGLS::k=2 : rdisc=0.880, norm=0.0116
REGINN:CGLS::k=3 : rdisc=0.844, norm=0.0156
REGINN:CGLS::Target discrepancy reached after 3 iterations.
REGINN:post_processing::Adjusted lower bound of estimate from 0.0751 to 0.100
REGINN::i=26: rdisc=0.148, rnorm=0.789, rerr=0.371
REGINN::0.100 ≤ estimate ≤ 6.57
REGINN::Solving linear problem using rtol=0.749 and max_iter=0
REGINN:CGLS::k=0 : rdisc=1.00, norm=0.00
REGINN:CGLS::k=1 : rdisc=0.993, norm=0.00123
REGINN:CGLS::k=2 : rdisc=0.980, norm=0.00421
REGINN:CGLS::k=3 : rdisc=0.957, norm=0.0106
REGINN:CGLS::k=4 : rdisc=0.942, norm=0.0152
REGINN:CGLS::k=5 : rdisc=0.930, norm=0.0187
REGINN:CGLS::k=6 : rdisc=0.915, norm=0.0237
REGINN:CGLS::k=7 : rdisc=0.907, norm=0.0268
REGINN:CGLS::k=8 : rdisc=0.899, norm=0.0301
REGINN:CGLS::k=9 : rdisc=0.896, norm=0.0318
REGINN:CGLS::k=10: rdisc=0.890, norm=0.0344
REGINN:CGLS::k=11: rdisc=0.889, norm=0.0351
REGINN:CGLS::k=12: rdisc=0.882, norm=0.0392
REGINN:CGLS::k=13: rdisc=0.879, norm=0.0415
REGINN:CGLS::k=14: rdisc=0.877, norm=0.0423
REGINN:CGLS::k=15: rdisc=0.871, norm=0.0477
REGINN:CGLS::k=16: rdisc=0.869, norm=0.0494
REGINN:CGLS::k=17: rdisc=0.862, norm=0.0556
REGINN:CGLS::k=18: rdisc=0.856, norm=0.0617
REGINN:CGLS::k=19: rdisc=0.854, norm=0.0644
REGINN:CGLS::k=20: rdisc=0.850, norm=0.0687
REGINN:CGLS::k=21: rdisc=0.841, norm=0.0799
REGINN:CGLS::k=22: rdisc=0.839, norm=0.0820
REGINN:CGLS::k=23: rdisc=0.829, norm=0.0956
REGINN:CGLS::k=24: rdisc=0.825, norm=0.101
REGINN:CGLS::k=25: rdisc=0.824, norm=0.102
REGINN:CGLS::k=26: rdisc=0.820, norm=0.108
REGINN:CGLS::k=27: rdisc=0.814, norm=0.116
REGINN:CGLS::k=28: rdisc=0.812, norm=0.120
REGINN:CGLS::k=29: rdisc=0.804, norm=0.132
REGINN:CGLS::k=30: rdisc=0.798, norm=0.140
REGINN:CGLS::k=31: rdisc=0.796, norm=0.143
REGINN:CGLS::k=32: rdisc=0.793, norm=0.148
REGINN:CGLS::k=33: rdisc=0.779, norm=0.171
REGINN:CGLS::k=34: rdisc=0.776, norm=0.176
REGINN:CGLS::k=35: rdisc=0.772, norm=0.181
REGINN:CGLS::k=36: rdisc=0.769, norm=0.187
REGINN:CGLS::k=37: rdisc=0.766, norm=0.192
REGINN:CGLS::k=38: rdisc=0.764, norm=0.196
REGINN:CGLS::k=39: rdisc=0.755, norm=0.210
REGINN:CGLS::k=40: rdisc=0.753, norm=0.214
REGINN:CGLS::k=41: rdisc=0.751, norm=0.217
REGINN:CGLS::k=42: rdisc=0.748, norm=0.222
REGINN:CGLS::Target discrepancy reached after 42 iterations.
REGINN:post_processing::Adjusted lower bound of estimate from -0.132 to 0.100
REGINN::i=27: rdisc=0.137, rnorm=0.787, rerr=0.371
REGINN::0.100 ≤ estimate ≤ 6.61
REGINN::Solving linear problem using rtol=0.641 and max_iter=0
REGINN:CGLS::k=0 : rdisc=1.00, norm=0.00
REGINN:CGLS::k=1 : rdisc=0.965, norm=0.00257
REGINN:CGLS::k=2 : rdisc=0.904, norm=0.00802
REGINN:CGLS::k=3 : rdisc=0.881, norm=0.0103
REGINN:CGLS::k=4 : rdisc=0.874, norm=0.0111
REGINN:CGLS::k=5 : rdisc=0.865, norm=0.0125
REGINN:CGLS::k=6 : rdisc=0.857, norm=0.0145
REGINN:CGLS::k=7 : rdisc=0.849, norm=0.0168
REGINN:CGLS::k=8 : rdisc=0.845, norm=0.0181
REGINN:CGLS::k=9 : rdisc=0.841, norm=0.0196
REGINN:CGLS::k=10: rdisc=0.840, norm=0.0202
REGINN:CGLS::k=11: rdisc=0.839, norm=0.0207
REGINN:CGLS::k=12: rdisc=0.835, norm=0.0231
REGINN:CGLS::k=13: rdisc=0.833, norm=0.0243
REGINN:CGLS::k=14: rdisc=0.832, norm=0.0250
REGINN:CGLS::k=15: rdisc=0.832, norm=0.0256
REGINN:CGLS::k=16: rdisc=0.831, norm=0.0264
REGINN:CGLS::k=17: rdisc=0.830, norm=0.0267
REGINN:CGLS::k=18: rdisc=0.830, norm=0.0274
REGINN:CGLS::k=19: rdisc=0.828, norm=0.0292
REGINN:CGLS::k=20: rdisc=0.825, norm=0.0320
REGINN:CGLS::k=21: rdisc=0.823, norm=0.0359
REGINN:CGLS::k=22: rdisc=0.822, norm=0.0363
REGINN:CGLS::k=23: rdisc=0.821, norm=0.0392
REGINN:CGLS::k=24: rdisc=0.819, norm=0.0420
REGINN:CGLS::k=25: rdisc=0.818, norm=0.0438
REGINN:CGLS::k=26: rdisc=0.815, norm=0.0503
REGINN:CGLS::k=27: rdisc=0.812, norm=0.0569
REGINN:CGLS::k=28: rdisc=0.811, norm=0.0584
REGINN:CGLS::k=29: rdisc=0.810, norm=0.0608
REGINN:CGLS::k=30: rdisc=0.805, norm=0.0723
REGINN:CGLS::k=31: rdisc=0.804, norm=0.0749
REGINN:CGLS::k=32: rdisc=0.799, norm=0.0852
REGINN:CGLS::k=33: rdisc=0.798, norm=0.0886
REGINN:CGLS::k=34: rdisc=0.795, norm=0.0967
REGINN:CGLS::k=35: rdisc=0.787, norm=0.117
REGINN:CGLS::k=36: rdisc=0.785, norm=0.122
REGINN:CGLS::k=37: rdisc=0.782, norm=0.129
REGINN:CGLS::k=38: rdisc=0.778, norm=0.140
REGINN:CGLS::k=39: rdisc=0.775, norm=0.147
REGINN:CGLS::k=40: rdisc=0.772, norm=0.154
REGINN:CGLS::k=41: rdisc=0.768, norm=0.164
REGINN:CGLS::k=42: rdisc=0.759, norm=0.189
REGINN:CGLS::k=43: rdisc=0.757, norm=0.193
REGINN:CGLS::k=44: rdisc=0.752, norm=0.208
REGINN:CGLS::k=45: rdisc=0.748, norm=0.217
REGINN:CGLS::k=46: rdisc=0.746, norm=0.223
REGINN:CGLS::k=47: rdisc=0.742, norm=0.234
REGINN:CGLS::k=48: rdisc=0.739, norm=0.240
REGINN:CGLS::k=49: rdisc=0.738, norm=0.245
REGINN:CGLS::k=50: rdisc=0.737, norm=0.247
REGINN:CGLS::k=51: rdisc=0.734, norm=0.255
REGINN:CGLS::k=52: rdisc=0.732, norm=0.260
REGINN:CGLS::k=53: rdisc=0.727, norm=0.274
REGINN:CGLS::k=54: rdisc=0.724, norm=0.281
REGINN:CGLS::k=55: rdisc=0.723, norm=0.283
REGINN:CGLS::k=56: rdisc=0.722, norm=0.286
REGINN:CGLS::k=57: rdisc=0.720, norm=0.292
REGINN:CGLS::k=58: rdisc=0.719, norm=0.294
REGINN:CGLS::k=59: rdisc=0.717, norm=0.299
REGINN:CGLS::k=60: rdisc=0.716, norm=0.303
REGINN:CGLS::k=61: rdisc=0.714, norm=0.307
REGINN:CGLS::k=62: rdisc=0.713, norm=0.309
REGINN:CGLS::k=63: rdisc=0.711, norm=0.315
REGINN:CGLS::k=64: rdisc=0.710, norm=0.317
REGINN:CGLS::k=65: rdisc=0.709, norm=0.320
REGINN:CGLS::k=66: rdisc=0.706, norm=0.329
REGINN:CGLS::k=67: rdisc=0.704, norm=0.333
REGINN:CGLS::k=68: rdisc=0.703, norm=0.336
REGINN:CGLS::k=69: rdisc=0.702, norm=0.339
REGINN:CGLS::k=70: rdisc=0.702, norm=0.341
REGINN:CGLS::k=71: rdisc=0.701, norm=0.343
REGINN:CGLS::k=72: rdisc=0.700, norm=0.344
REGINN:CGLS::k=73: rdisc=0.700, norm=0.346
REGINN:CGLS::k=74: rdisc=0.699, norm=0.349
REGINN:CGLS::k=75: rdisc=0.698, norm=0.350
REGINN:CGLS::k=76: rdisc=0.697, norm=0.352
REGINN:CGLS::k=77: rdisc=0.697, norm=0.355
REGINN:CGLS::k=78: rdisc=0.696, norm=0.356
REGINN:CGLS::k=79: rdisc=0.695, norm=0.360
REGINN:CGLS::k=80: rdisc=0.693, norm=0.367
REGINN:CGLS::k=81: rdisc=0.692, norm=0.369
REGINN:CGLS::k=82: rdisc=0.691, norm=0.370
REGINN:CGLS::k=83: rdisc=0.690, norm=0.374
REGINN:CGLS::k=84: rdisc=0.689, norm=0.376
REGINN:CGLS::k=85: rdisc=0.688, norm=0.379
REGINN:CGLS::k=86: rdisc=0.688, norm=0.381
REGINN:CGLS::k=87: rdisc=0.685, norm=0.389
REGINN:CGLS::k=88: rdisc=0.684, norm=0.392
REGINN:CGLS::k=89: rdisc=0.683, norm=0.396
REGINN:CGLS::k=90: rdisc=0.682, norm=0.398
REGINN:CGLS::k=91: rdisc=0.681, norm=0.401
REGINN:CGLS::k=92: rdisc=0.681, norm=0.402
REGINN:CGLS::k=93: rdisc=0.680, norm=0.404
REGINN:CGLS::k=94: rdisc=0.679, norm=0.409
REGINN:CGLS::k=95: rdisc=0.678, norm=0.412
REGINN:CGLS::k=96: rdisc=0.677, norm=0.416
REGINN:CGLS::k=97: rdisc=0.676, norm=0.417
REGINN:CGLS::k=98: rdisc=0.676, norm=0.419
REGINN:CGLS::k=99: rdisc=0.675, norm=0.422
REGINN:CGLS::k=100: rdisc=0.674, norm=0.426
REGINN:CGLS::k=101: rdisc=0.672, norm=0.432
REGINN:CGLS::k=102: rdisc=0.671, norm=0.433
REGINN:CGLS::k=103: rdisc=0.670, norm=0.437
REGINN:CGLS::k=104: rdisc=0.670, norm=0.439
REGINN:CGLS::k=105: rdisc=0.669, norm=0.442
REGINN:CGLS::k=106: rdisc=0.669, norm=0.442
REGINN:CGLS::k=107: rdisc=0.668, norm=0.444
REGINN:CGLS::k=108: rdisc=0.668, norm=0.446
REGINN:CGLS::k=109: rdisc=0.666, norm=0.451
REGINN:CGLS::k=110: rdisc=0.666, norm=0.453
REGINN:CGLS::k=111: rdisc=0.665, norm=0.456
REGINN:CGLS::k=112: rdisc=0.665, norm=0.457
REGINN:CGLS::k=113: rdisc=0.664, norm=0.460
REGINN:CGLS::k=114: rdisc=0.663, norm=0.465
REGINN:CGLS::k=115: rdisc=0.662, norm=0.468
REGINN:CGLS::k=116: rdisc=0.661, norm=0.469
REGINN:CGLS::k=117: rdisc=0.661, norm=0.471
REGINN:CGLS::k=118: rdisc=0.660, norm=0.473
REGINN:CGLS::k=119: rdisc=0.659, norm=0.476
REGINN:CGLS::k=120: rdisc=0.659, norm=0.478
REGINN:CGLS::k=121: rdisc=0.658, norm=0.481
REGINN:CGLS::k=122: rdisc=0.657, norm=0.486
REGINN:CGLS::k=123: rdisc=0.656, norm=0.489
REGINN:CGLS::k=124: rdisc=0.656, norm=0.490
REGINN:CGLS::k=125: rdisc=0.655, norm=0.491
REGINN:CGLS::k=126: rdisc=0.655, norm=0.493
REGINN:CGLS::k=127: rdisc=0.654, norm=0.497
REGINN:CGLS::k=128: rdisc=0.654, norm=0.499
REGINN:CGLS::k=129: rdisc=0.653, norm=0.502
REGINN:CGLS::k=130: rdisc=0.652, norm=0.504
REGINN:CGLS::k=131: rdisc=0.652, norm=0.506
REGINN:CGLS::k=132: rdisc=0.651, norm=0.507
REGINN:CGLS::k=133: rdisc=0.651, norm=0.509
REGINN:CGLS::k=134: rdisc=0.650, norm=0.511
REGINN:CGLS::k=135: rdisc=0.650, norm=0.513
REGINN:CGLS::k=136: rdisc=0.650, norm=0.515
REGINN:CGLS::k=137: rdisc=0.649, norm=0.520
REGINN:CGLS::k=138: rdisc=0.648, norm=0.521
REGINN:CGLS::k=139: rdisc=0.648, norm=0.524
REGINN:CGLS::k=140: rdisc=0.647, norm=0.524
REGINN:CGLS::k=141: rdisc=0.647, norm=0.527
REGINN:CGLS::k=142: rdisc=0.646, norm=0.529
REGINN:CGLS::k=143: rdisc=0.646, norm=0.530
REGINN:CGLS::k=144: rdisc=0.645, norm=0.535
REGINN:CGLS::k=145: rdisc=0.644, norm=0.539
REGINN:CGLS::k=146: rdisc=0.644, norm=0.541
REGINN:CGLS::k=147: rdisc=0.643, norm=0.542
REGINN:CGLS::k=148: rdisc=0.643, norm=0.545
REGINN:CGLS::k=149: rdisc=0.641, norm=0.551
REGINN:CGLS::k=150: rdisc=0.641, norm=0.552
REGINN:CGLS::k=151: rdisc=0.641, norm=0.554
REGINN:CGLS::Target discrepancy reached after 151 iterations.
REGINN:post_processing::Adjusted lower bound of estimate from -0.480 to 0.100
REGINN::i=28: rdisc=0.227, rnorm=0.785, rerr=0.370
REGINN::0.100 ≤ estimate ≤ 6.61
REGINN::Solving linear problem using rtol=0.855 and max_iter=0
REGINN:CGLS::k=0 : rdisc=1.00, norm=0.00
REGINN:CGLS::k=1 : rdisc=0.738, norm=0.00636
REGINN:CGLS::Target discrepancy reached after 1 iteration.
REGINN:post_processing::Adjusted lower bound of estimate from 0.0770 to 0.100
REGINN::i=29: rdisc=0.167, rnorm=0.786, rerr=0.370
REGINN::0.100 ≤ estimate ≤ 6.59
REGINN::Solving linear problem using rtol=0.731 and max_iter=0
REGINN:CGLS::k=0 : rdisc=1.00, norm=0.00
REGINN:CGLS::k=1 : rdisc=0.894, norm=0.00519
REGINN:CGLS::k=2 : rdisc=0.775, norm=0.0120
REGINN:CGLS::k=3 : rdisc=0.689, norm=0.0173
REGINN:CGLS::Target discrepancy reached after 3 iterations.
REGINN:post_processing::Adjusted lower bound of estimate from 0.0754 to 0.100
REGINN::i=30: rdisc=0.117, rnorm=0.786, rerr=0.370
REGINN::Saving current residual in ./step-0030/
REGINN::Saving current estimate in ./step-0030/
REGINN::0.100 ≤ estimate ≤ 6.58
REGINN::Solving linear problem using rtol=0.625 and max_iter=0
REGINN:CGLS::k=0 : rdisc=1.00, norm=0.00
REGINN:CGLS::k=1 : rdisc=0.981, norm=0.00103
REGINN:CGLS::k=2 : rdisc=0.967, norm=0.00238
REGINN:CGLS::k=3 : rdisc=0.946, norm=0.00517
REGINN:CGLS::k=4 : rdisc=0.929, norm=0.00780
REGINN:CGLS::k=5 : rdisc=0.924, norm=0.00868
REGINN:CGLS::k=6 : rdisc=0.899, norm=0.0146
REGINN:CGLS::k=7 : rdisc=0.885, norm=0.0185
REGINN:CGLS::k=8 : rdisc=0.872, norm=0.0224
REGINN:CGLS::k=9 : rdisc=0.867, norm=0.0237
REGINN:CGLS::k=10: rdisc=0.860, norm=0.0262
REGINN:CGLS::k=11: rdisc=0.858, norm=0.0271
REGINN:CGLS::k=12: rdisc=0.855, norm=0.0281
REGINN:CGLS::k=13: rdisc=0.852, norm=0.0293
REGINN:CGLS::k=14: rdisc=0.850, norm=0.0300
REGINN:CGLS::k=15: rdisc=0.849, norm=0.0305
REGINN:CGLS::k=16: rdisc=0.846, norm=0.0319
REGINN:CGLS::k=17: rdisc=0.845, norm=0.0327
REGINN:CGLS::k=18: rdisc=0.844, norm=0.0333
REGINN:CGLS::k=19: rdisc=0.841, norm=0.0351
REGINN:CGLS::k=20: rdisc=0.836, norm=0.0387
REGINN:CGLS::k=21: rdisc=0.832, norm=0.0417
REGINN:CGLS::k=22: rdisc=0.830, norm=0.0431
REGINN:CGLS::k=23: rdisc=0.828, norm=0.0451
REGINN:CGLS::k=24: rdisc=0.827, norm=0.0459
REGINN:CGLS::k=25: rdisc=0.825, norm=0.0478
REGINN:CGLS::k=26: rdisc=0.824, norm=0.0492
REGINN:CGLS::k=27: rdisc=0.823, norm=0.0501
REGINN:CGLS::k=28: rdisc=0.822, norm=0.0511
REGINN:CGLS::k=29: rdisc=0.821, norm=0.0524
REGINN:CGLS::k=30: rdisc=0.820, norm=0.0535
REGINN:CGLS::k=31: rdisc=0.818, norm=0.0549
REGINN:CGLS::k=32: rdisc=0.817, norm=0.0568
REGINN:CGLS::k=33: rdisc=0.816, norm=0.0577
REGINN:CGLS::k=34: rdisc=0.815, norm=0.0588
REGINN:CGLS::k=35: rdisc=0.813, norm=0.0617
REGINN:CGLS::k=36: rdisc=0.811, norm=0.0642
REGINN:CGLS::k=37: rdisc=0.811, norm=0.0646
REGINN:CGLS::k=38: rdisc=0.810, norm=0.0662
REGINN:CGLS::k=39: rdisc=0.808, norm=0.0683
REGINN:CGLS::k=40: rdisc=0.808, norm=0.0691
REGINN:CGLS::k=41: rdisc=0.807, norm=0.0701
REGINN:CGLS::k=42: rdisc=0.806, norm=0.0717
REGINN:CGLS::k=43: rdisc=0.805, norm=0.0736
REGINN:CGLS::k=44: rdisc=0.805, norm=0.0745
REGINN:CGLS::k=45: rdisc=0.804, norm=0.0752
REGINN:CGLS::k=46: rdisc=0.803, norm=0.0768
REGINN:CGLS::k=47: rdisc=0.803, norm=0.0774
REGINN:CGLS::k=48: rdisc=0.802, norm=0.0787
REGINN:CGLS::k=49: rdisc=0.801, norm=0.0814
REGINN:CGLS::k=50: rdisc=0.800, norm=0.0824
REGINN:CGLS::k=51: rdisc=0.800, norm=0.0835
REGINN:CGLS::k=52: rdisc=0.799, norm=0.0842
REGINN:CGLS::k=53: rdisc=0.798, norm=0.0865
REGINN:CGLS::k=54: rdisc=0.798, norm=0.0872
REGINN:CGLS::k=55: rdisc=0.797, norm=0.0903
REGINN:CGLS::k=56: rdisc=0.796, norm=0.0911
REGINN:CGLS::k=57: rdisc=0.796, norm=0.0919
REGINN:CGLS::k=58: rdisc=0.795, norm=0.0938
REGINN:CGLS::k=59: rdisc=0.795, norm=0.0943
REGINN:CGLS::k=60: rdisc=0.794, norm=0.0961
REGINN:CGLS::k=61: rdisc=0.794, norm=0.0973
REGINN:CGLS::k=62: rdisc=0.793, norm=0.0982
REGINN:CGLS::k=63: rdisc=0.793, norm=0.0984
REGINN:CGLS::k=64: rdisc=0.793, norm=0.0995
REGINN:CGLS::k=65: rdisc=0.791, norm=0.103
REGINN:CGLS::k=66: rdisc=0.791, norm=0.104
REGINN:CGLS::k=67: rdisc=0.791, norm=0.105
REGINN:CGLS::k=68: rdisc=0.790, norm=0.106
REGINN:CGLS::k=69: rdisc=0.790, norm=0.107
REGINN:CGLS::k=70: rdisc=0.790, norm=0.108
REGINN:CGLS::k=71: rdisc=0.789, norm=0.110
REGINN:CGLS::k=72: rdisc=0.789, norm=0.110
REGINN:CGLS::k=73: rdisc=0.788, norm=0.113
REGINN:CGLS::k=74: rdisc=0.787, norm=0.116
REGINN:CGLS::k=75: rdisc=0.787, norm=0.116
REGINN:CGLS::k=76: rdisc=0.786, norm=0.117
REGINN:CGLS::k=77: rdisc=0.786, norm=0.119
REGINN:CGLS::k=78: rdisc=0.785, norm=0.120
REGINN:CGLS::k=79: rdisc=0.785, norm=0.121
REGINN:CGLS::k=80: rdisc=0.784, norm=0.125
REGINN:CGLS::k=81: rdisc=0.783, norm=0.127
REGINN:CGLS::k=82: rdisc=0.783, norm=0.128
REGINN:CGLS::k=83: rdisc=0.782, norm=0.131
REGINN:CGLS::k=84: rdisc=0.782, norm=0.132
REGINN:CGLS::k=85: rdisc=0.781, norm=0.134
REGINN:CGLS::k=86: rdisc=0.781, norm=0.136
REGINN:CGLS::k=87: rdisc=0.780, norm=0.140
REGINN:CGLS::k=88: rdisc=0.779, norm=0.142
REGINN:CGLS::k=89: rdisc=0.778, norm=0.145
REGINN:CGLS::k=90: rdisc=0.778, norm=0.146
REGINN:CGLS::k=91: rdisc=0.778, norm=0.147
REGINN:CGLS::k=92: rdisc=0.777, norm=0.149
REGINN:CGLS::k=93: rdisc=0.777, norm=0.151
REGINN:CGLS::k=94: rdisc=0.776, norm=0.155
REGINN:CGLS::k=95: rdisc=0.775, norm=0.157
REGINN:CGLS::k=96: rdisc=0.775, norm=0.158
REGINN:CGLS::k=97: rdisc=0.774, norm=0.163
REGINN:CGLS::k=98: rdisc=0.773, norm=0.166
REGINN:CGLS::k=99: rdisc=0.773, norm=0.167
REGINN:CGLS::k=100: rdisc=0.772, norm=0.170
REGINN:CGLS::k=101: rdisc=0.772, norm=0.171
REGINN:CGLS::k=102: rdisc=0.771, norm=0.173
REGINN:CGLS::k=103: rdisc=0.771, norm=0.176
REGINN:CGLS::k=104: rdisc=0.771, norm=0.177
REGINN:CGLS::k=105: rdisc=0.770, norm=0.178
REGINN:CGLS::k=106: rdisc=0.770, norm=0.178
REGINN:CGLS::k=107: rdisc=0.770, norm=0.181
REGINN:CGLS::k=108: rdisc=0.770, norm=0.181
REGINN:CGLS::k=109: rdisc=0.769, norm=0.185
REGINN:CGLS::k=110: rdisc=0.769, norm=0.186
REGINN:CGLS::k=111: rdisc=0.768, norm=0.187
REGINN:CGLS::k=112: rdisc=0.767, norm=0.191
REGINN:CGLS::k=113: rdisc=0.767, norm=0.192
REGINN:CGLS::k=114: rdisc=0.766, norm=0.197
REGINN:CGLS::k=115: rdisc=0.766, norm=0.199
REGINN:CGLS::k=116: rdisc=0.765, norm=0.201
REGINN:CGLS::k=117: rdisc=0.765, norm=0.204
REGINN:CGLS::k=118: rdisc=0.764, norm=0.205
REGINN:CGLS::k=119: rdisc=0.764, norm=0.207
REGINN:CGLS::k=120: rdisc=0.764, norm=0.208
REGINN:CGLS::k=121: rdisc=0.763, norm=0.214
REGINN:CGLS::k=122: rdisc=0.762, norm=0.216
REGINN:CGLS::k=123: rdisc=0.761, norm=0.220
REGINN:CGLS::k=124: rdisc=0.760, norm=0.224
REGINN:CGLS::k=125: rdisc=0.760, norm=0.226
REGINN:CGLS::k=126: rdisc=0.760, norm=0.229
REGINN:CGLS::k=127: rdisc=0.759, norm=0.232
REGINN:CGLS::k=128: rdisc=0.758, norm=0.238
REGINN:CGLS::k=129: rdisc=0.757, norm=0.243
REGINN:CGLS::k=130: rdisc=0.756, norm=0.246
REGINN:CGLS::k=131: rdisc=0.756, norm=0.248
REGINN:CGLS::k=132: rdisc=0.755, norm=0.251
REGINN:CGLS::k=133: rdisc=0.754, norm=0.256
REGINN:CGLS::k=134: rdisc=0.753, norm=0.262
REGINN:CGLS::k=135: rdisc=0.752, norm=0.267
REGINN:CGLS::k=136: rdisc=0.752, norm=0.268
REGINN:CGLS::k=137: rdisc=0.751, norm=0.274
REGINN:CGLS::k=138: rdisc=0.750, norm=0.277
REGINN:CGLS::k=139: rdisc=0.750, norm=0.279
REGINN:CGLS::k=140: rdisc=0.750, norm=0.281
REGINN:CGLS::k=141: rdisc=0.749, norm=0.285
REGINN:CGLS::k=142: rdisc=0.749, norm=0.286
REGINN:CGLS::k=143: rdisc=0.749, norm=0.287
REGINN:CGLS::k=144: rdisc=0.748, norm=0.291
REGINN:CGLS::k=145: rdisc=0.747, norm=0.298
REGINN:CGLS::k=146: rdisc=0.747, norm=0.299
REGINN:CGLS::k=147: rdisc=0.746, norm=0.302
REGINN:CGLS::k=148: rdisc=0.746, norm=0.304
REGINN:CGLS::k=149: rdisc=0.745, norm=0.305
REGINN:CGLS::k=150: rdisc=0.744, norm=0.311
REGINN:CGLS::k=151: rdisc=0.744, norm=0.313
REGINN:CGLS::k=152: rdisc=0.744, norm=0.315
REGINN:CGLS::k=153: rdisc=0.743, norm=0.320
REGINN:CGLS::k=154: rdisc=0.742, norm=0.323
REGINN:CGLS::k=155: rdisc=0.742, norm=0.324
REGINN:CGLS::k=156: rdisc=0.742, norm=0.325
REGINN:CGLS::k=157: rdisc=0.740, norm=0.335
REGINN:CGLS::k=158: rdisc=0.740, norm=0.338
REGINN:CGLS::k=159: rdisc=0.739, norm=0.341
REGINN:CGLS::k=160: rdisc=0.738, norm=0.347
REGINN:CGLS::k=161: rdisc=0.738, norm=0.350
REGINN:CGLS::k=162: rdisc=0.737, norm=0.352
REGINN:CGLS::k=163: rdisc=0.737, norm=0.355
REGINN:CGLS::k=164: rdisc=0.736, norm=0.359
REGINN:CGLS::k=165: rdisc=0.736, norm=0.361
REGINN:CGLS::k=166: rdisc=0.735, norm=0.364
REGINN:CGLS::k=167: rdisc=0.735, norm=0.368
REGINN:CGLS::k=168: rdisc=0.734, norm=0.370
REGINN:CGLS::k=169: rdisc=0.734, norm=0.372
REGINN:CGLS::k=170: rdisc=0.733, norm=0.375
REGINN:CGLS::k=171: rdisc=0.733, norm=0.379
REGINN:CGLS::k=172: rdisc=0.732, norm=0.384
REGINN:CGLS::k=173: rdisc=0.732, norm=0.386
REGINN:CGLS::k=174: rdisc=0.731, norm=0.389
REGINN:CGLS::k=175: rdisc=0.731, norm=0.391
REGINN:CGLS::k=176: rdisc=0.730, norm=0.395
REGINN:CGLS::k=177: rdisc=0.729, norm=0.400
REGINN:CGLS::k=178: rdisc=0.729, norm=0.402
REGINN:CGLS::k=179: rdisc=0.729, norm=0.405
REGINN:CGLS::k=180: rdisc=0.729, norm=0.405
REGINN:CGLS::k=181: rdisc=0.728, norm=0.407
REGINN:CGLS::k=182: rdisc=0.728, norm=0.411
REGINN:CGLS::k=183: rdisc=0.727, norm=0.417
REGINN:CGLS::k=184: rdisc=0.726, norm=0.419
REGINN:CGLS::k=185: rdisc=0.726, norm=0.421
REGINN:CGLS::k=186: rdisc=0.726, norm=0.422
REGINN:CGLS::k=187: rdisc=0.726, norm=0.422
REGINN:CGLS::k=188: rdisc=0.726, norm=0.424
REGINN:CGLS::k=189: rdisc=0.725, norm=0.428
REGINN:CGLS::k=190: rdisc=0.725, norm=0.430
REGINN:CGLS::k=191: rdisc=0.724, norm=0.435
REGINN:CGLS::k=192: rdisc=0.724, norm=0.436
REGINN:CGLS::k=193: rdisc=0.723, norm=0.438
REGINN:CGLS::k=194: rdisc=0.723, norm=0.440
REGINN:CGLS::k=195: rdisc=0.723, norm=0.444
REGINN:CGLS::k=196: rdisc=0.722, norm=0.447
REGINN:CGLS::k=197: rdisc=0.721, norm=0.451
REGINN:CGLS::k=198: rdisc=0.721, norm=0.452
REGINN:CGLS::k=199: rdisc=0.721, norm=0.454
REGINN:CGLS::k=200: rdisc=0.721, norm=0.455
REGINN:CGLS::k=201: rdisc=0.720, norm=0.457
REGINN:CGLS::k=202: rdisc=0.720, norm=0.461
REGINN:CGLS::k=203: rdisc=0.720, norm=0.463
REGINN:CGLS::k=204: rdisc=0.719, norm=0.467
REGINN:CGLS::k=205: rdisc=0.719, norm=0.467
REGINN:CGLS::k=206: rdisc=0.719, norm=0.469
REGINN:CGLS::k=207: rdisc=0.718, norm=0.472
REGINN:CGLS::k=208: rdisc=0.718, norm=0.475
REGINN:CGLS::k=209: rdisc=0.717, norm=0.477
REGINN:CGLS::k=210: rdisc=0.717, norm=0.479
REGINN:CGLS::k=211: rdisc=0.717, norm=0.481
REGINN:CGLS::k=212: rdisc=0.717, norm=0.483
REGINN:CGLS::k=213: rdisc=0.716, norm=0.485
REGINN:CGLS::k=214: rdisc=0.716, norm=0.488
REGINN:CGLS::k=215: rdisc=0.715, norm=0.495
REGINN:CGLS::k=216: rdisc=0.715, norm=0.497
REGINN:CGLS::k=217: rdisc=0.714, norm=0.498
REGINN:CGLS::k=218: rdisc=0.714, norm=0.499
REGINN:CGLS::k=219: rdisc=0.714, norm=0.500
REGINN:CGLS::k=220: rdisc=0.713, norm=0.506
REGINN:CGLS::k=221: rdisc=0.713, norm=0.507
REGINN:CGLS::k=222: rdisc=0.713, norm=0.510
REGINN:CGLS::k=223: rdisc=0.712, norm=0.511
REGINN:CGLS::k=224: rdisc=0.712, norm=0.514
REGINN:CGLS::k=225: rdisc=0.712, norm=0.515
REGINN:CGLS::k=226: rdisc=0.711, norm=0.518
REGINN:CGLS::k=227: rdisc=0.711, norm=0.520
REGINN:CGLS::k=228: rdisc=0.711, norm=0.522
REGINN:CGLS::k=229: rdisc=0.711, norm=0.524
REGINN:CGLS::k=230: rdisc=0.710, norm=0.525
REGINN:CGLS::k=231: rdisc=0.710, norm=0.530
REGINN:CGLS::k=232: rdisc=0.709, norm=0.534
REGINN:CGLS::k=233: rdisc=0.709, norm=0.535
REGINN:CGLS::k=234: rdisc=0.709, norm=0.537
REGINN:CGLS::k=235: rdisc=0.709, norm=0.538
REGINN:CGLS::k=236: rdisc=0.708, norm=0.540
REGINN:CGLS::k=237: rdisc=0.708, norm=0.541
REGINN:CGLS::k=238: rdisc=0.707, norm=0.548
REGINN:CGLS::k=239: rdisc=0.707, norm=0.550
REGINN:CGLS::k=240: rdisc=0.707, norm=0.551
REGINN:CGLS::k=241: rdisc=0.707, norm=0.553
REGINN:CGLS::k=242: rdisc=0.707, norm=0.553
REGINN:CGLS::k=243: rdisc=0.706, norm=0.556
REGINN:CGLS::k=244: rdisc=0.706, norm=0.559
REGINN:CGLS::k=245: rdisc=0.706, norm=0.560
REGINN:CGLS::k=246: rdisc=0.705, norm=0.562
REGINN:CGLS::k=247: rdisc=0.705, norm=0.563
REGINN:CGLS::k=248: rdisc=0.705, norm=0.566
REGINN:CGLS::k=249: rdisc=0.705, norm=0.567
REGINN:CGLS::k=250: rdisc=0.704, norm=0.570
REGINN:CGLS::k=251: rdisc=0.703, norm=0.576
REGINN:CGLS::k=252: rdisc=0.703, norm=0.577
REGINN:CGLS::k=253: rdisc=0.702, norm=0.583
REGINN:CGLS::k=254: rdisc=0.702, norm=0.585
REGINN:CGLS::k=255: rdisc=0.702, norm=0.586
REGINN:CGLS::k=256: rdisc=0.702, norm=0.590
REGINN:CGLS::k=257: rdisc=0.701, norm=0.592
REGINN:CGLS::k=258: rdisc=0.701, norm=0.592
REGINN:CGLS::k=259: rdisc=0.701, norm=0.594
REGINN:CGLS::k=260: rdisc=0.700, norm=0.600
REGINN:CGLS::k=261: rdisc=0.700, norm=0.600
REGINN:CGLS::k=262: rdisc=0.700, norm=0.604
REGINN:CGLS::k=263: rdisc=0.700, norm=0.605
REGINN:CGLS::k=264: rdisc=0.699, norm=0.608
REGINN:CGLS::k=265: rdisc=0.699, norm=0.612
REGINN:CGLS::k=266: rdisc=0.698, norm=0.614
REGINN:CGLS::k=267: rdisc=0.698, norm=0.614
REGINN:CGLS::k=268: rdisc=0.698, norm=0.616
REGINN:CGLS::k=269: rdisc=0.698, norm=0.618
REGINN:CGLS::k=270: rdisc=0.698, norm=0.620
REGINN:CGLS::k=271: rdisc=0.697, norm=0.622
REGINN:CGLS::k=272: rdisc=0.697, norm=0.625
REGINN:CGLS::k=273: rdisc=0.697, norm=0.627
REGINN:CGLS::k=274: rdisc=0.697, norm=0.628
REGINN:CGLS::k=275: rdisc=0.696, norm=0.631
REGINN:CGLS::k=276: rdisc=0.696, norm=0.635
REGINN:CGLS::k=277: rdisc=0.695, norm=0.638
REGINN:CGLS::k=278: rdisc=0.695, norm=0.645
REGINN:CGLS::k=279: rdisc=0.695, norm=0.645
REGINN:CGLS::k=280: rdisc=0.694, norm=0.647
REGINN:CGLS::k=281: rdisc=0.694, norm=0.651
REGINN:CGLS::k=282: rdisc=0.693, norm=0.656
REGINN:CGLS::k=283: rdisc=0.693, norm=0.658
REGINN:CGLS::k=284: rdisc=0.693, norm=0.660
REGINN:CGLS::k=285: rdisc=0.692, norm=0.662
REGINN:CGLS::k=286: rdisc=0.692, norm=0.665
REGINN:CGLS::k=287: rdisc=0.692, norm=0.666
REGINN:CGLS::k=288: rdisc=0.692, norm=0.667
REGINN:CGLS::k=289: rdisc=0.692, norm=0.669
REGINN:CGLS::k=290: rdisc=0.691, norm=0.672
REGINN:CGLS::k=291: rdisc=0.691, norm=0.674
REGINN:CGLS::k=292: rdisc=0.691, norm=0.675
REGINN:CGLS::k=293: rdisc=0.691, norm=0.676
REGINN:CGLS::k=294: rdisc=0.690, norm=0.680
REGINN:CGLS::k=295: rdisc=0.690, norm=0.684
REGINN:CGLS::k=296: rdisc=0.690, norm=0.685
REGINN:CGLS::k=297: rdisc=0.689, norm=0.687
REGINN:CGLS::k=298: rdisc=0.689, norm=0.688
REGINN:CGLS::k=299: rdisc=0.689, norm=0.690
REGINN:CGLS::k=300: rdisc=0.689, norm=0.692
REGINN:CGLS::k=301: rdisc=0.689, norm=0.694
REGINN:CGLS::k=302: rdisc=0.688, norm=0.699
REGINN:CGLS::k=303: rdisc=0.688, norm=0.700
REGINN:CGLS::k=304: rdisc=0.687, norm=0.703
REGINN:CGLS::k=305: rdisc=0.687, norm=0.705
REGINN:CGLS::k=306: rdisc=0.687, norm=0.710
REGINN:CGLS::k=307: rdisc=0.686, norm=0.711
REGINN:CGLS::k=308: rdisc=0.686, norm=0.713
REGINN:CGLS::k=309: rdisc=0.686, norm=0.716
REGINN:CGLS::k=310: rdisc=0.686, norm=0.716
REGINN:CGLS::k=311: rdisc=0.686, norm=0.720
REGINN:CGLS::k=312: rdisc=0.685, norm=0.725
REGINN:CGLS::k=313: rdisc=0.684, norm=0.730
REGINN:CGLS::k=314: rdisc=0.684, norm=0.732
REGINN:CGLS::k=315: rdisc=0.684, norm=0.734
REGINN:CGLS::k=316: rdisc=0.683, norm=0.737
REGINN:CGLS::k=317: rdisc=0.683, norm=0.740
REGINN:CGLS::k=318: rdisc=0.683, norm=0.743
REGINN:CGLS::k=319: rdisc=0.683, norm=0.744
REGINN:CGLS::k=320: rdisc=0.682, norm=0.746
REGINN:CGLS::k=321: rdisc=0.682, norm=0.747
REGINN:CGLS::k=322: rdisc=0.682, norm=0.749
REGINN:CGLS::k=323: rdisc=0.681, norm=0.757
REGINN:CGLS::k=324: rdisc=0.681, norm=0.758
REGINN:CGLS::k=325: rdisc=0.681, norm=0.761
REGINN:CGLS::k=326: rdisc=0.680, norm=0.764
REGINN:CGLS::k=327: rdisc=0.680, norm=0.765
REGINN:CGLS::k=328: rdisc=0.680, norm=0.767
REGINN:CGLS::k=329: rdisc=0.680, norm=0.768
REGINN:CGLS::k=330: rdisc=0.678, norm=0.781
REGINN:CGLS::k=331: rdisc=0.678, norm=0.783
REGINN:CGLS::k=332: rdisc=0.678, norm=0.784
REGINN:CGLS::k=333: rdisc=0.678, norm=0.785
REGINN:CGLS::k=334: rdisc=0.677, norm=0.791
REGINN:CGLS::k=335: rdisc=0.677, norm=0.796
REGINN:CGLS::k=336: rdisc=0.677, norm=0.797
REGINN:CGLS::k=337: rdisc=0.677, norm=0.798
REGINN:CGLS::k=338: rdisc=0.676, norm=0.800
REGINN:CGLS::k=339: rdisc=0.676, norm=0.801
REGINN:CGLS::k=340: rdisc=0.676, norm=0.807
REGINN:CGLS::k=341: rdisc=0.675, norm=0.809
REGINN:CGLS::k=342: rdisc=0.675, norm=0.814
REGINN:CGLS::k=343: rdisc=0.675, norm=0.815
REGINN:CGLS::k=344: rdisc=0.675, norm=0.816
REGINN:CGLS::k=345: rdisc=0.675, norm=0.817
REGINN:CGLS::k=346: rdisc=0.674, norm=0.819
REGINN:CGLS::k=347: rdisc=0.674, norm=0.823
REGINN:CGLS::k=348: rdisc=0.674, norm=0.824
REGINN:CGLS::k=349: rdisc=0.673, norm=0.830
REGINN:CGLS::k=350: rdisc=0.673, norm=0.832
REGINN:CGLS::k=351: rdisc=0.673, norm=0.836
REGINN:CGLS::k=352: rdisc=0.672, norm=0.837
REGINN:CGLS::k=353: rdisc=0.672, norm=0.842
REGINN:CGLS::k=354: rdisc=0.672, norm=0.845
REGINN:CGLS::k=355: rdisc=0.671, norm=0.847
REGINN:CGLS::k=356: rdisc=0.671, norm=0.848
REGINN:CGLS::k=357: rdisc=0.671, norm=0.852
REGINN:CGLS::k=358: rdisc=0.670, norm=0.855
REGINN:CGLS::k=359: rdisc=0.670, norm=0.857
REGINN:CGLS::k=360: rdisc=0.670, norm=0.860
REGINN:CGLS::k=361: rdisc=0.669, norm=0.865
REGINN:CGLS::k=362: rdisc=0.669, norm=0.866
REGINN:CGLS::k=363: rdisc=0.669, norm=0.868
REGINN:CGLS::k=364: rdisc=0.669, norm=0.870
REGINN:CGLS::k=365: rdisc=0.668, norm=0.874
REGINN:CGLS::k=366: rdisc=0.668, norm=0.875
REGINN:CGLS::k=367: rdisc=0.668, norm=0.878
REGINN:CGLS::Unsuccessful termination after 367 iterations!
REGINN::Linear solver did not achieve desired discrepancy due to max_iter.
REGINN:post_processing::Adjusted lower bound of estimate from -1.17 to 0.100
REGINN::i=31: rdisc=0.503, rnorm=0.790, rerr=0.370
REGINN::0.100 ≤ estimate ≤ 6.52
REGINN::Unsuccessful termination after 31 iterations!
REGINN::Saving current residual in ./step-0031/
REGINN::Saving current estimate in ./step-0031/
REGINN::0.100 ≤ estimate ≤ 6.52
stats::forward              : 33 calls, average 12.4 s per call
stats::linearization forward: 1338 calls, average 11.9 s per call
stats::linearization adjoint: 1338 calls, average 14.5 s per call
stats::measure forward      : 1371 calls, average 0.00339 s per call
stats::measure adjoint      : 1338 calls, average 0.00325 s per call
