JobId thies-arch1 Wed Mar 21 15:20:56 2018
wavepi 76c36a0a
Release-Build, compiled on 2018-03-21T13:06:21Z from commit 76c36a0ab1ae287044d62313a4f0b1040e0262bb ("cosmetics") on branch banach

initialize_mesh::Number of active cells: 1024
initialize_mesh::Number of degrees of freedom in the first spatial mesh: 1089
initialize_mesh::cell diameters: minimal = 0.354, maximal = 0.354
initialize_mesh::dt: 0.0235
initialize_mesh::expected size of a DiscretizedFunction<2>: 2.13 MiB
Initializing problem
Generating synthetic data (inverse crime)
wall time for data synthesis        : 1.2s
wall time for mesh and problem init : 3.2ms
parameters:LogTransform::lower bound: 0.0
parameters:WaveEquation::max iter: 10000
parameters:WaveEquation::theta: 0.5
parameters:WaveEquation::tol: 1e-8
parameters:constraints::lower bound: -1e300
parameters:constraints::upper bound: 1e300
parameters:general::dimension: 2
parameters:general::finite element degree: 1
parameters:general::quadrature order: 3
parameters:inversion::method: NonlinearLandweber
parameters:inversion::tau: 2
parameters:log::console depth: 2
parameters:log::file: wavepi.log
parameters:log::file depth: 6
parameters:log::file depth mpi: 4
parameters:mesh::end time: 6
parameters:mesh::initial refines: 5
parameters:mesh::initial time steps: 256
parameters:output::data: true
parameters:output::destination: ./step-{{i}}/
parameters:output::discrepancy decrease: 0.25
parameters:output::estimate: true
parameters:output::estimate transformed: false
parameters:output::exact: true
parameters:output::exact transformed: false
parameters:output::interval: 75
parameters:output::last: true
parameters:output::residual: true
parameters:output::statistics: history
parameters:problem::H1H1 beta: 0.5
parameters:problem::H1H1 gamma: 0.5
parameters:problem::H1L2 alpha: 0.5
parameters:problem::H2L2 alpha: 0.5
parameters:problem::H2L2 beta: 0.25
parameters:problem::H2L2+L2H1 alpha: 0.5
parameters:problem::H2L2+L2H1 beta: 0.25
parameters:problem::H2L2+L2H1 gamma: 0.5
parameters:problem::constants: 
parameters:problem::epsilon: 1e-2
parameters:problem::initial guess: 0.0
parameters:problem::norm of codomain: L2L2
parameters:problem::norm of domain: L2L2
parameters:problem::parameter a: 1.0
parameters:problem::parameter c: 2.0
parameters:problem::parameter nu: 0.0
parameters:problem::parameter q: 2*if(norm{x|y|z} < 2.0, 2.0+abs(sin(t)), 0.0)
parameters:problem::transform: Identity
parameters:problem::type: q
parameters:watchdog::discrepancy increasing: false
parameters:watchdog::discrepancy slope min values: 40
parameters:watchdog::discrepancy slope percentage: 0.25
parameters:watchdog::discrepancy slope threshold: 0.0
parameters:watchdog::discrepancy threshold: 10.0
parameters:watchdog::maximum iteration count: 0
Landweber::Saving exact parameter in ./step-0000/
Landweber::Saving data in ./step-0000/
Landweber::Saving current residual in ./step-0000/
Landweber::Saving current estimate in ./step-0000/
Landweber::i=0 : rdisc=1.37 , rnorm=0.00 , rerr=1.00 
Landweber::0.00 ≤ estimate ≤ 0.00
Landweber::i=1 : rdisc=1.37 , rnorm=2.69e-11, rerr=1.00 
Landweber::-4.16e-20 ≤ estimate ≤ 1.69e-08
Landweber::i=2 : rdisc=1.37 , rnorm=2.76e-08, rerr=1.00 
Landweber::-4.26e-17 ≤ estimate ≤ 1.73e-05
Landweber::i=3 : rdisc=1.37 , rnorm=1.59e-06, rerr=1.00 
Landweber::-2.45e-15 ≤ estimate ≤ 0.000996
Landweber::i=4 : rdisc=1.37 , rnorm=2.82e-05, rerr=1.00 
Landweber::-4.36e-14 ≤ estimate ≤ 0.0177
Landweber::i=5 : rdisc=1.37 , rnorm=0.000263, rerr=1.00 
Landweber::-4.06e-13 ≤ estimate ≤ 0.165
Landweber::i=6 : rdisc=1.37 , rnorm=0.00162, rerr=1.00 
Landweber::-2.51e-12 ≤ estimate ≤ 1.02
Landweber::i=7 : rdisc=1.36 , rnorm=0.00739, rerr=1.00 
Landweber::-1.17e-11 ≤ estimate ≤ 4.64
Landweber::i=8 : rdisc=1.32 , rnorm=0.0257, rerr=1.00 
Landweber::-4.38e-11 ≤ estimate ≤ 16.1
Landweber::i=9 : rdisc=1.26 , rnorm=0.0645, rerr=1.00 
Landweber::-1.36e-10 ≤ estimate ≤ 40.6
Landweber::i=10: rdisc=1.19 , rnorm=0.113, rerr=1.00 
Landweber::-3.59e-10 ≤ estimate ≤ 72.0
Landweber::i=11: rdisc=1.14 , rnorm=0.154, rerr=1.01 
Landweber::-8.24e-10 ≤ estimate ≤ 97.8
Landweber::i=12: rdisc=1.10 , rnorm=0.186, rerr=1.01 
Landweber::-1.65e-09 ≤ estimate ≤ 115.
Landweber::i=13: rdisc=1.08 , rnorm=0.212, rerr=1.01 
Landweber::-2.96e-09 ≤ estimate ≤ 130.
Landweber::i=14: rdisc=1.07 , rnorm=0.232, rerr=1.02 
Landweber::-4.72e-09 ≤ estimate ≤ 139.
Landweber::i=15: rdisc=1.06 , rnorm=0.247, rerr=1.02 
Landweber::-7.11e-09 ≤ estimate ≤ 145.
Landweber::i=16: rdisc=1.06 , rnorm=0.258, rerr=1.02 
Landweber::-1.01e-08 ≤ estimate ≤ 148.
Landweber::i=17: rdisc=1.05 , rnorm=0.265, rerr=1.02 
Landweber::-1.39e-08 ≤ estimate ≤ 150.
Landweber::i=18: rdisc=1.05 , rnorm=0.271, rerr=1.02 
Landweber::-1.89e-08 ≤ estimate ≤ 150.
Landweber::i=19: rdisc=1.04 , rnorm=0.276, rerr=1.03 
Landweber::-2.49e-08 ≤ estimate ≤ 152.
Landweber::i=20: rdisc=1.04 , rnorm=0.280, rerr=1.03 
Landweber::-3.29e-08 ≤ estimate ≤ 153.
Landweber::i=21: rdisc=1.03 , rnorm=0.283, rerr=1.03 
Landweber::-4.26e-08 ≤ estimate ≤ 153.
Landweber::i=22: rdisc=1.03 , rnorm=0.286, rerr=1.03 
Landweber::-5.40e-08 ≤ estimate ≤ 154.
Landweber::i=23: rdisc=1.02 , rnorm=0.290, rerr=1.03 
Landweber::-6.85e-08 ≤ estimate ≤ 154.
Landweber::i=24: rdisc=1.02 , rnorm=0.294, rerr=1.03 
Landweber::-8.43e-08 ≤ estimate ≤ 153.
Landweber::i=25: rdisc=1.01 , rnorm=0.298, rerr=1.03 
Landweber::-1.02e-07 ≤ estimate ≤ 153.
Landweber::i=26: rdisc=0.999, rnorm=0.303, rerr=1.03 
Landweber::-1.23e-07 ≤ estimate ≤ 152.
Landweber::i=27: rdisc=0.990, rnorm=0.309, rerr=1.03 
Landweber::-1.43e-07 ≤ estimate ≤ 152.
Landweber::i=28: rdisc=0.979, rnorm=0.316, rerr=1.03 
Landweber::-1.65e-07 ≤ estimate ≤ 152.
Landweber::i=29: rdisc=0.965, rnorm=0.323, rerr=1.04 
Landweber::-1.90e-07 ≤ estimate ≤ 153.
Landweber::i=30: rdisc=0.949, rnorm=0.331, rerr=1.04 
Landweber::-2.14e-07 ≤ estimate ≤ 154.
Landweber::i=31: rdisc=0.929, rnorm=0.340, rerr=1.04 
Landweber::-2.41e-07 ≤ estimate ≤ 155.
Landweber::i=32: rdisc=0.906, rnorm=0.351, rerr=1.04 
Landweber::-2.79e-07 ≤ estimate ≤ 155.
Landweber::i=33: rdisc=0.883, rnorm=0.362, rerr=1.04 
Landweber::-3.20e-07 ≤ estimate ≤ 155.
Landweber::i=34: rdisc=0.859, rnorm=0.374, rerr=1.05 
Landweber::-3.61e-07 ≤ estimate ≤ 155.
Landweber::i=35: rdisc=0.835, rnorm=0.387, rerr=1.05 
Landweber::-4.01e-07 ≤ estimate ≤ 155.
Landweber::i=36: rdisc=0.812, rnorm=0.400, rerr=1.05 
Landweber::-4.38e-07 ≤ estimate ≤ 154.
Landweber::i=37: rdisc=0.789, rnorm=0.413, rerr=1.06 
Landweber::-4.75e-07 ≤ estimate ≤ 154.
Landweber::i=38: rdisc=0.765, rnorm=0.426, rerr=1.06 
Landweber::-5.14e-07 ≤ estimate ≤ 154.
Landweber::i=39: rdisc=0.742, rnorm=0.439, rerr=1.07 
Landweber::-5.47e-07 ≤ estimate ≤ 159.
Landweber::i=40: rdisc=0.719, rnorm=0.452, rerr=1.07 
Landweber::-5.72e-07 ≤ estimate ≤ 163.
Landweber::i=41: rdisc=0.699, rnorm=0.465, rerr=1.07 
Landweber::-5.96e-07 ≤ estimate ≤ 166.
Landweber::i=42: rdisc=0.680, rnorm=0.478, rerr=1.08 
Landweber::-6.26e-07 ≤ estimate ≤ 168.
Landweber::i=43: rdisc=0.665, rnorm=0.490, rerr=1.08 
Landweber::-6.57e-07 ≤ estimate ≤ 168.
Landweber::i=44: rdisc=0.652, rnorm=0.501, rerr=1.09 
Landweber::-6.98e-07 ≤ estimate ≤ 168.
Landweber::i=45: rdisc=0.642, rnorm=0.510, rerr=1.09 
Landweber::-7.41e-07 ≤ estimate ≤ 167.
Landweber::i=46: rdisc=0.634, rnorm=0.519, rerr=1.09 
Landweber::-7.84e-07 ≤ estimate ≤ 165.
Landweber::i=47: rdisc=0.628, rnorm=0.526, rerr=1.09 
Landweber::-8.27e-07 ≤ estimate ≤ 163.
Landweber::i=48: rdisc=0.624, rnorm=0.531, rerr=1.10 
Landweber::-8.71e-07 ≤ estimate ≤ 160.
Landweber::i=49: rdisc=0.620, rnorm=0.536, rerr=1.10 
Landweber::-9.15e-07 ≤ estimate ≤ 157.
Landweber::i=50: rdisc=0.617, rnorm=0.540, rerr=1.10 
Landweber::-9.59e-07 ≤ estimate ≤ 153.
Landweber::i=51: rdisc=0.614, rnorm=0.543, rerr=1.10 
Landweber::-1.00e-06 ≤ estimate ≤ 150.
Landweber::i=52: rdisc=0.611, rnorm=0.546, rerr=1.10 
Landweber::-1.05e-06 ≤ estimate ≤ 146.
Landweber::i=53: rdisc=0.609, rnorm=0.548, rerr=1.10 
Landweber::-1.09e-06 ≤ estimate ≤ 142.
Landweber::i=54: rdisc=0.607, rnorm=0.550, rerr=1.10 
Landweber::-1.14e-06 ≤ estimate ≤ 141.
Landweber::i=55: rdisc=0.605, rnorm=0.552, rerr=1.10 
Landweber::-1.18e-06 ≤ estimate ≤ 140.
Landweber::i=56: rdisc=0.603, rnorm=0.553, rerr=1.10 
Landweber::-1.23e-06 ≤ estimate ≤ 140.
Landweber::i=57: rdisc=0.602, rnorm=0.554, rerr=1.10 
Landweber::-1.27e-06 ≤ estimate ≤ 139.
Landweber::i=58: rdisc=0.600, rnorm=0.556, rerr=1.11 
Landweber::-1.31e-06 ≤ estimate ≤ 139.
Landweber::i=59: rdisc=0.598, rnorm=0.557, rerr=1.11 
Landweber::-1.36e-06 ≤ estimate ≤ 138.
Landweber::i=60: rdisc=0.597, rnorm=0.558, rerr=1.11 
Landweber::-1.40e-06 ≤ estimate ≤ 137.
Landweber::i=61: rdisc=0.595, rnorm=0.560, rerr=1.11 
Landweber::-1.45e-06 ≤ estimate ≤ 137.
Landweber::i=62: rdisc=0.593, rnorm=0.561, rerr=1.11 
Landweber::-1.49e-06 ≤ estimate ≤ 136.
Landweber::i=63: rdisc=0.592, rnorm=0.563, rerr=1.11 
Landweber::-1.54e-06 ≤ estimate ≤ 136.
Landweber::i=64: rdisc=0.590, rnorm=0.564, rerr=1.11 
Landweber::-1.58e-06 ≤ estimate ≤ 135.
Landweber::i=65: rdisc=0.589, rnorm=0.566, rerr=1.11 
Landweber::-1.62e-06 ≤ estimate ≤ 135.
Landweber::i=66: rdisc=0.587, rnorm=0.567, rerr=1.11 
Landweber::-1.66e-06 ≤ estimate ≤ 134.
Landweber::i=67: rdisc=0.586, rnorm=0.569, rerr=1.11 
Landweber::-1.70e-06 ≤ estimate ≤ 134.
Landweber::i=68: rdisc=0.584, rnorm=0.571, rerr=1.11 
Landweber::-1.75e-06 ≤ estimate ≤ 133.
Landweber::i=69: rdisc=0.583, rnorm=0.573, rerr=1.11 
Landweber::-1.78e-06 ≤ estimate ≤ 132.
Landweber::i=70: rdisc=0.581, rnorm=0.575, rerr=1.11 
Landweber::-1.82e-06 ≤ estimate ≤ 132.
Landweber::i=71: rdisc=0.580, rnorm=0.577, rerr=1.11 
Landweber::-1.86e-06 ≤ estimate ≤ 131.
Landweber::i=72: rdisc=0.578, rnorm=0.580, rerr=1.11 
Landweber::-1.90e-06 ≤ estimate ≤ 134.
Landweber::i=73: rdisc=0.577, rnorm=0.582, rerr=1.11 
Landweber::-1.93e-06 ≤ estimate ≤ 139.
Landweber::i=74: rdisc=0.576, rnorm=0.585, rerr=1.12 
Landweber::-1.97e-06 ≤ estimate ≤ 144.
Landweber::Saving current residual in ./step-0075/
Landweber::Saving current estimate in ./step-0075/
Landweber::i=75: rdisc=0.574, rnorm=0.587, rerr=1.12 
Landweber::-2.00e-06 ≤ estimate ≤ 148.
Landweber::i=76: rdisc=0.573, rnorm=0.590, rerr=1.12 
Landweber::-2.03e-06 ≤ estimate ≤ 153.
Landweber::i=77: rdisc=0.571, rnorm=0.593, rerr=1.12 
Landweber::-2.06e-06 ≤ estimate ≤ 158.
Landweber::i=78: rdisc=0.570, rnorm=0.596, rerr=1.12 
Landweber::-2.09e-06 ≤ estimate ≤ 163.
Landweber::i=79: rdisc=0.569, rnorm=0.599, rerr=1.12 
Landweber::-2.12e-06 ≤ estimate ≤ 168.
Landweber::i=80: rdisc=0.567, rnorm=0.603, rerr=1.12 
Landweber::-2.15e-06 ≤ estimate ≤ 174.
Landweber::i=81: rdisc=0.566, rnorm=0.606, rerr=1.12 
Landweber::-2.17e-06 ≤ estimate ≤ 179.
Landweber::i=82: rdisc=0.565, rnorm=0.609, rerr=1.13 
Landweber::-2.20e-06 ≤ estimate ≤ 185.
Landweber::i=83: rdisc=0.563, rnorm=0.613, rerr=1.13 
Landweber::-2.22e-06 ≤ estimate ≤ 190.
Landweber::i=84: rdisc=0.562, rnorm=0.617, rerr=1.13 
Landweber::-2.24e-06 ≤ estimate ≤ 196.
Landweber::i=85: rdisc=0.561, rnorm=0.621, rerr=1.13 
Landweber::-2.27e-06 ≤ estimate ≤ 202.
Landweber::i=86: rdisc=0.559, rnorm=0.624, rerr=1.13 
Landweber::-2.29e-06 ≤ estimate ≤ 207.
Landweber::i=87: rdisc=0.558, rnorm=0.628, rerr=1.13 
Landweber::-2.30e-06 ≤ estimate ≤ 213.
Landweber::i=88: rdisc=0.557, rnorm=0.632, rerr=1.14 
Landweber::-2.32e-06 ≤ estimate ≤ 219.
Landweber::i=89: rdisc=0.556, rnorm=0.637, rerr=1.14 
Landweber::-2.34e-06 ≤ estimate ≤ 225.
Landweber::i=90: rdisc=0.554, rnorm=0.641, rerr=1.14 
Landweber::-2.36e-06 ≤ estimate ≤ 231.
Landweber::i=91: rdisc=0.553, rnorm=0.645, rerr=1.14 
Landweber::-2.37e-06 ≤ estimate ≤ 238.
Landweber::i=92: rdisc=0.552, rnorm=0.649, rerr=1.14 
Landweber::-2.38e-06 ≤ estimate ≤ 244.
Landweber::i=93: rdisc=0.551, rnorm=0.654, rerr=1.15 
Landweber::-2.40e-06 ≤ estimate ≤ 250.
Landweber::i=94: rdisc=0.550, rnorm=0.658, rerr=1.15 
Landweber::-2.41e-06 ≤ estimate ≤ 256.
Landweber::i=95: rdisc=0.549, rnorm=0.663, rerr=1.15 
Landweber::-2.42e-06 ≤ estimate ≤ 262.
Landweber::i=96: rdisc=0.547, rnorm=0.667, rerr=1.15 
Landweber::-2.43e-06 ≤ estimate ≤ 269.
Landweber::i=97: rdisc=0.546, rnorm=0.672, rerr=1.16 
Landweber::-2.44e-06 ≤ estimate ≤ 275.
Landweber::i=98: rdisc=0.545, rnorm=0.676, rerr=1.16 
Landweber::-2.46e-06 ≤ estimate ≤ 281.
Landweber::i=99: rdisc=0.544, rnorm=0.681, rerr=1.16 
Landweber::-2.46e-06 ≤ estimate ≤ 288.
Landweber::i=100: rdisc=0.543, rnorm=0.685, rerr=1.16 
Landweber::-2.47e-06 ≤ estimate ≤ 294.
Landweber::i=101: rdisc=0.542, rnorm=0.690, rerr=1.17 
Landweber::-2.48e-06 ≤ estimate ≤ 300.
Landweber::i=102: rdisc=0.541, rnorm=0.694, rerr=1.17 
Landweber::-2.49e-06 ≤ estimate ≤ 306.
Landweber::i=103: rdisc=0.540, rnorm=0.699, rerr=1.17 
Landweber::-2.50e-06 ≤ estimate ≤ 313.
Landweber::i=104: rdisc=0.539, rnorm=0.704, rerr=1.17 
Landweber::-2.51e-06 ≤ estimate ≤ 319.
Landweber::i=105: rdisc=0.538, rnorm=0.708, rerr=1.18 
Landweber::-2.52e-06 ≤ estimate ≤ 325.
Landweber::i=106: rdisc=0.537, rnorm=0.713, rerr=1.18 
Landweber::-2.52e-06 ≤ estimate ≤ 331.
Landweber::i=107: rdisc=0.536, rnorm=0.717, rerr=1.18 
Landweber::-2.53e-06 ≤ estimate ≤ 337.
Landweber::i=108: rdisc=0.535, rnorm=0.722, rerr=1.18 
Landweber::-2.54e-06 ≤ estimate ≤ 343.
Landweber::i=109: rdisc=0.534, rnorm=0.726, rerr=1.18 
Landweber::-2.58e-06 ≤ estimate ≤ 350.
Landweber::i=110: rdisc=0.534, rnorm=0.730, rerr=1.19 
Landweber::-2.99e-06 ≤ estimate ≤ 356.
Landweber::i=111: rdisc=0.533, rnorm=0.735, rerr=1.19 
Landweber::-3.45e-06 ≤ estimate ≤ 362.
Landweber::i=112: rdisc=0.532, rnorm=0.739, rerr=1.19 
Landweber::-3.95e-06 ≤ estimate ≤ 368.
Landweber::i=113: rdisc=0.531, rnorm=0.744, rerr=1.19 
Landweber::-4.50e-06 ≤ estimate ≤ 373.
Landweber::i=114: rdisc=0.530, rnorm=0.748, rerr=1.20 
Landweber::-5.10e-06 ≤ estimate ≤ 379.
Landweber::i=115: rdisc=0.529, rnorm=0.752, rerr=1.20 
Landweber::-5.75e-06 ≤ estimate ≤ 385.
Landweber::i=116: rdisc=0.529, rnorm=0.756, rerr=1.20 
Landweber::-6.45e-06 ≤ estimate ≤ 391.
Landweber::i=117: rdisc=0.528, rnorm=0.761, rerr=1.20 
Landweber::-7.21e-06 ≤ estimate ≤ 397.
Landweber::i=118: rdisc=0.527, rnorm=0.765, rerr=1.21 
Landweber::-8.02e-06 ≤ estimate ≤ 402.
Landweber::i=119: rdisc=0.526, rnorm=0.769, rerr=1.21 
Landweber::-8.88e-06 ≤ estimate ≤ 408.
Landweber::i=120: rdisc=0.526, rnorm=0.773, rerr=1.21 
Landweber::-9.80e-06 ≤ estimate ≤ 414.
Landweber::i=121: rdisc=0.525, rnorm=0.777, rerr=1.21 
Landweber::-1.08e-05 ≤ estimate ≤ 419.
Landweber::i=122: rdisc=0.524, rnorm=0.781, rerr=1.22 
Landweber::-1.19e-05 ≤ estimate ≤ 425.
Landweber::i=123: rdisc=0.523, rnorm=0.785, rerr=1.22 
Landweber::-1.31e-05 ≤ estimate ≤ 430.
Landweber::i=124: rdisc=0.523, rnorm=0.789, rerr=1.22 
Landweber::-1.44e-05 ≤ estimate ≤ 436.
Landweber::i=125: rdisc=0.522, rnorm=0.793, rerr=1.22 
Landweber::-1.57e-05 ≤ estimate ≤ 441.
Landweber::i=126: rdisc=0.521, rnorm=0.797, rerr=1.23 
Landweber::-1.71e-05 ≤ estimate ≤ 447.
Landweber::i=127: rdisc=0.521, rnorm=0.801, rerr=1.23 
Landweber::-1.85e-05 ≤ estimate ≤ 452.
Landweber::i=128: rdisc=0.520, rnorm=0.805, rerr=1.23 
Landweber::-2.00e-05 ≤ estimate ≤ 458.
Landweber::i=129: rdisc=0.519, rnorm=0.809, rerr=1.23 
Landweber::-2.15e-05 ≤ estimate ≤ 463.
Landweber::i=130: rdisc=0.519, rnorm=0.813, rerr=1.24 
Landweber::-2.30e-05 ≤ estimate ≤ 468.
Landweber::i=131: rdisc=0.518, rnorm=0.817, rerr=1.24 
Landweber::-2.46e-05 ≤ estimate ≤ 473.
Landweber::i=132: rdisc=0.518, rnorm=0.820, rerr=1.24 
Landweber::-2.63e-05 ≤ estimate ≤ 479.
Landweber::i=133: rdisc=0.517, rnorm=0.824, rerr=1.24 
Landweber::-2.79e-05 ≤ estimate ≤ 484.
Landweber::i=134: rdisc=0.516, rnorm=0.828, rerr=1.24 
Landweber::-2.96e-05 ≤ estimate ≤ 489.
Landweber::i=135: rdisc=0.516, rnorm=0.832, rerr=1.25 
Landweber::-3.13e-05 ≤ estimate ≤ 494.
Landweber::i=136: rdisc=0.515, rnorm=0.835, rerr=1.25 
Landweber::-3.30e-05 ≤ estimate ≤ 499.
Landweber::i=137: rdisc=0.515, rnorm=0.839, rerr=1.25 
Landweber::-3.47e-05 ≤ estimate ≤ 504.
Landweber::i=138: rdisc=0.514, rnorm=0.843, rerr=1.25 
Landweber::-3.64e-05 ≤ estimate ≤ 509.
Landweber::i=139: rdisc=0.514, rnorm=0.846, rerr=1.26 
Landweber::-3.80e-05 ≤ estimate ≤ 514.
Landweber::i=140: rdisc=0.513, rnorm=0.850, rerr=1.26 
Landweber::-3.97e-05 ≤ estimate ≤ 519.
Landweber::i=141: rdisc=0.513, rnorm=0.854, rerr=1.26 
Landweber::-4.14e-05 ≤ estimate ≤ 524.
Landweber::i=142: rdisc=0.512, rnorm=0.857, rerr=1.26 
Landweber::-4.30e-05 ≤ estimate ≤ 529.
Landweber::i=143: rdisc=0.512, rnorm=0.861, rerr=1.27 
Landweber::-4.46e-05 ≤ estimate ≤ 534.
Landweber::i=144: rdisc=0.511, rnorm=0.865, rerr=1.27 
Landweber::-4.61e-05 ≤ estimate ≤ 539.
Landweber::i=145: rdisc=0.511, rnorm=0.868, rerr=1.27 
Landweber::-4.76e-05 ≤ estimate ≤ 544.
Landweber::i=146: rdisc=0.510, rnorm=0.872, rerr=1.27 
Landweber::-4.91e-05 ≤ estimate ≤ 549.
Landweber::i=147: rdisc=0.510, rnorm=0.875, rerr=1.27 
Landweber::-5.05e-05 ≤ estimate ≤ 554.
Landweber::i=148: rdisc=0.509, rnorm=0.879, rerr=1.28 
Landweber::-5.18e-05 ≤ estimate ≤ 559.
Landweber::i=149: rdisc=0.509, rnorm=0.882, rerr=1.28 
Landweber::-5.31e-05 ≤ estimate ≤ 564.
Landweber::Saving current residual in ./step-0150/
Landweber::Saving current estimate in ./step-0150/
Landweber::i=150: rdisc=0.508, rnorm=0.886, rerr=1.28 
Landweber::-5.44e-05 ≤ estimate ≤ 568.
Landweber::i=151: rdisc=0.508, rnorm=0.889, rerr=1.28 
Landweber::-5.55e-05 ≤ estimate ≤ 573.
Landweber::i=152: rdisc=0.507, rnorm=0.893, rerr=1.29 
Landweber::-5.66e-05 ≤ estimate ≤ 578.
Landweber::i=153: rdisc=0.507, rnorm=0.896, rerr=1.29 
Landweber::-5.76e-05 ≤ estimate ≤ 583.
Landweber::i=154: rdisc=0.507, rnorm=0.900, rerr=1.29 
Landweber::-5.86e-05 ≤ estimate ≤ 588.
Landweber::i=155: rdisc=0.506, rnorm=0.903, rerr=1.29 
Landweber::-5.95e-05 ≤ estimate ≤ 592.
Landweber::i=156: rdisc=0.506, rnorm=0.907, rerr=1.29 
Landweber::-6.02e-05 ≤ estimate ≤ 597.
Landweber::i=157: rdisc=0.505, rnorm=0.910, rerr=1.30 
Landweber::-6.10e-05 ≤ estimate ≤ 602.
Landweber::i=158: rdisc=0.505, rnorm=0.914, rerr=1.30 
Landweber::-6.16e-05 ≤ estimate ≤ 606.
Landweber::i=159: rdisc=0.505, rnorm=0.917, rerr=1.30 
Landweber::-6.22e-05 ≤ estimate ≤ 611.
Landweber::i=160: rdisc=0.504, rnorm=0.921, rerr=1.30 
Landweber::-6.26e-05 ≤ estimate ≤ 616.
Landweber::i=161: rdisc=0.504, rnorm=0.924, rerr=1.31 
Landweber::-6.30e-05 ≤ estimate ≤ 621.
Landweber::i=162: rdisc=0.503, rnorm=0.928, rerr=1.31 
Landweber::-6.33e-05 ≤ estimate ≤ 625.
Landweber::i=163: rdisc=0.503, rnorm=0.931, rerr=1.31 
Landweber::-6.36e-05 ≤ estimate ≤ 630.
Landweber::i=164: rdisc=0.503, rnorm=0.934, rerr=1.31 
Landweber::-6.38e-05 ≤ estimate ≤ 635.
Landweber::i=165: rdisc=0.502, rnorm=0.938, rerr=1.32 
Landweber::-6.38e-05 ≤ estimate ≤ 639.
Landweber::i=166: rdisc=0.502, rnorm=0.941, rerr=1.32 
Landweber::-6.39e-05 ≤ estimate ≤ 644.
Landweber::i=167: rdisc=0.502, rnorm=0.945, rerr=1.32 
Landweber::-6.38e-05 ≤ estimate ≤ 648.
Landweber::i=168: rdisc=0.501, rnorm=0.948, rerr=1.32 
Landweber::-6.37e-05 ≤ estimate ≤ 653.
Landweber::i=169: rdisc=0.501, rnorm=0.951, rerr=1.32 
Landweber::-6.35e-05 ≤ estimate ≤ 658.
Landweber::i=170: rdisc=0.501, rnorm=0.955, rerr=1.33 
Landweber::-6.32e-05 ≤ estimate ≤ 662.
Landweber::i=171: rdisc=0.500, rnorm=0.958, rerr=1.33 
Landweber::-6.29e-05 ≤ estimate ≤ 667.
Landweber::i=172: rdisc=0.500, rnorm=0.961, rerr=1.33 
Landweber::-6.25e-05 ≤ estimate ≤ 672.
Landweber::i=173: rdisc=0.500, rnorm=0.965, rerr=1.33 
Landweber::-6.21e-05 ≤ estimate ≤ 676.
Landweber::i=174: rdisc=0.499, rnorm=0.968, rerr=1.34 
Landweber::-6.16e-05 ≤ estimate ≤ 681.
Landweber::i=175: rdisc=0.499, rnorm=0.971, rerr=1.34 
Landweber::-6.10e-05 ≤ estimate ≤ 685.
Landweber::i=176: rdisc=0.499, rnorm=0.975, rerr=1.34 
Landweber::-6.04e-05 ≤ estimate ≤ 690.
Landweber::i=177: rdisc=0.498, rnorm=0.978, rerr=1.34 
Landweber::-5.98e-05 ≤ estimate ≤ 694.
Landweber::i=178: rdisc=0.498, rnorm=0.981, rerr=1.35 
Landweber::-5.91e-05 ≤ estimate ≤ 699.
Landweber::i=179: rdisc=0.498, rnorm=0.985, rerr=1.35 
Landweber::-5.83e-05 ≤ estimate ≤ 703.
Landweber::i=180: rdisc=0.497, rnorm=0.988, rerr=1.35 
Landweber::-5.76e-05 ≤ estimate ≤ 708.
Landweber::i=181: rdisc=0.497, rnorm=0.991, rerr=1.35 
Landweber::-5.68e-05 ≤ estimate ≤ 712.
Landweber::i=182: rdisc=0.497, rnorm=0.995, rerr=1.35 
Landweber::-5.59e-05 ≤ estimate ≤ 717.
Landweber::i=183: rdisc=0.496, rnorm=0.998, rerr=1.36 
Landweber::-5.50e-05 ≤ estimate ≤ 722.
Landweber::i=184: rdisc=0.496, rnorm=1.00 , rerr=1.36 
Landweber::-5.41e-05 ≤ estimate ≤ 726.
Landweber::i=185: rdisc=0.496, rnorm=1.00 , rerr=1.36 
Landweber::-5.32e-05 ≤ estimate ≤ 731.
Landweber::i=186: rdisc=0.496, rnorm=1.01 , rerr=1.36 
Landweber::-5.23e-05 ≤ estimate ≤ 735.
Landweber::i=187: rdisc=0.495, rnorm=1.01 , rerr=1.37 
Landweber::-5.13e-05 ≤ estimate ≤ 740.
Landweber::i=188: rdisc=0.495, rnorm=1.01 , rerr=1.37 
Landweber::-5.03e-05 ≤ estimate ≤ 744.
Landweber::i=189: rdisc=0.495, rnorm=1.02 , rerr=1.37 
Landweber::-4.93e-05 ≤ estimate ≤ 748.
Landweber::i=190: rdisc=0.494, rnorm=1.02 , rerr=1.37 
Landweber::-4.83e-05 ≤ estimate ≤ 753.
Landweber::i=191: rdisc=0.494, rnorm=1.02 , rerr=1.37 
Landweber::-4.73e-05 ≤ estimate ≤ 757.
Landweber::i=192: rdisc=0.494, rnorm=1.03 , rerr=1.38 
Landweber::-4.62e-05 ≤ estimate ≤ 762.
Landweber::i=193: rdisc=0.494, rnorm=1.03 , rerr=1.38 
Landweber::-4.52e-05 ≤ estimate ≤ 766.
Landweber::i=194: rdisc=0.493, rnorm=1.03 , rerr=1.38 
Landweber::-4.41e-05 ≤ estimate ≤ 771.
Landweber::i=195: rdisc=0.493, rnorm=1.04 , rerr=1.38 
Landweber::-4.31e-05 ≤ estimate ≤ 775.
Landweber::i=196: rdisc=0.493, rnorm=1.04 , rerr=1.39 
Landweber::-4.21e-05 ≤ estimate ≤ 780.
Landweber::i=197: rdisc=0.493, rnorm=1.04 , rerr=1.39 
Landweber::-4.10e-05 ≤ estimate ≤ 784.
Landweber::i=198: rdisc=0.492, rnorm=1.05 , rerr=1.39 
Landweber::-4.00e-05 ≤ estimate ≤ 789.
Landweber::i=199: rdisc=0.492, rnorm=1.05 , rerr=1.39 
Landweber::-3.89e-05 ≤ estimate ≤ 793.
Landweber::i=200: rdisc=0.492, rnorm=1.05 , rerr=1.40 
Landweber::-3.79e-05 ≤ estimate ≤ 797.
Landweber::i=201: rdisc=0.492, rnorm=1.06 , rerr=1.40 
Landweber::-3.69e-05 ≤ estimate ≤ 802.
Landweber::i=202: rdisc=0.491, rnorm=1.06 , rerr=1.40 
Landweber::-3.59e-05 ≤ estimate ≤ 806.
Landweber::i=203: rdisc=0.491, rnorm=1.06 , rerr=1.40 
Landweber::-3.49e-05 ≤ estimate ≤ 811.
Landweber::i=204: rdisc=0.491, rnorm=1.07 , rerr=1.40 
Landweber::-3.39e-05 ≤ estimate ≤ 815.
Landweber::i=205: rdisc=0.491, rnorm=1.07 , rerr=1.41 
Landweber::-3.29e-05 ≤ estimate ≤ 819.
Landweber::i=206: rdisc=0.490, rnorm=1.07 , rerr=1.41 
Landweber::-3.19e-05 ≤ estimate ≤ 824.
Landweber::i=207: rdisc=0.490, rnorm=1.07 , rerr=1.41 
Landweber::-3.09e-05 ≤ estimate ≤ 828.
Landweber::i=208: rdisc=0.490, rnorm=1.08 , rerr=1.41 
Landweber::-3.00e-05 ≤ estimate ≤ 833.
Landweber::i=209: rdisc=0.490, rnorm=1.08 , rerr=1.42 
Landweber::-2.91e-05 ≤ estimate ≤ 837.
Landweber::i=210: rdisc=0.489, rnorm=1.08 , rerr=1.42 
Landweber::-2.82e-05 ≤ estimate ≤ 841.
Landweber::i=211: rdisc=0.489, rnorm=1.09 , rerr=1.42 
Landweber::-2.73e-05 ≤ estimate ≤ 846.
Landweber::i=212: rdisc=0.489, rnorm=1.09 , rerr=1.42 
Landweber::-2.64e-05 ≤ estimate ≤ 850.
Landweber::i=213: rdisc=0.489, rnorm=1.09 , rerr=1.43 
Landweber::-2.55e-05 ≤ estimate ≤ 854.
Landweber::i=214: rdisc=0.489, rnorm=1.10 , rerr=1.43 
Landweber::-2.47e-05 ≤ estimate ≤ 859.
Landweber::i=215: rdisc=0.488, rnorm=1.10 , rerr=1.43 
Landweber::-2.39e-05 ≤ estimate ≤ 863.
Landweber::i=216: rdisc=0.488, rnorm=1.10 , rerr=1.43 
Landweber::-2.30e-05 ≤ estimate ≤ 868.
Landweber::i=217: rdisc=0.488, rnorm=1.11 , rerr=1.43 
Landweber::-2.23e-05 ≤ estimate ≤ 872.
Landweber::i=218: rdisc=0.488, rnorm=1.11 , rerr=1.44 
Landweber::-2.15e-05 ≤ estimate ≤ 876.
Landweber::i=219: rdisc=0.487, rnorm=1.11 , rerr=1.44 
Landweber::-2.07e-05 ≤ estimate ≤ 881.
Landweber::i=220: rdisc=0.487, rnorm=1.11 , rerr=1.44 
Landweber::-2.00e-05 ≤ estimate ≤ 885.
Landweber::i=221: rdisc=0.487, rnorm=1.12 , rerr=1.44 
Landweber::-1.93e-05 ≤ estimate ≤ 889.
Landweber::i=222: rdisc=0.487, rnorm=1.12 , rerr=1.45 
Landweber::-1.86e-05 ≤ estimate ≤ 894.
Landweber::i=223: rdisc=0.487, rnorm=1.12 , rerr=1.45 
Landweber::-1.79e-05 ≤ estimate ≤ 898.
Landweber::i=224: rdisc=0.486, rnorm=1.13 , rerr=1.45 
Landweber::-1.72e-05 ≤ estimate ≤ 902.
Landweber::Saving current residual in ./step-0225/
Landweber::Saving current estimate in ./step-0225/
Landweber::i=225: rdisc=0.486, rnorm=1.13 , rerr=1.45 
Landweber::-1.66e-05 ≤ estimate ≤ 907.
Landweber::i=226: rdisc=0.486, rnorm=1.13 , rerr=1.45 
Landweber::-1.60e-05 ≤ estimate ≤ 911.
Landweber::i=227: rdisc=0.486, rnorm=1.14 , rerr=1.46 
Landweber::-1.54e-05 ≤ estimate ≤ 915.
Landweber::i=228: rdisc=0.486, rnorm=1.14 , rerr=1.46 
Landweber::-1.48e-05 ≤ estimate ≤ 920.
Landweber::i=229: rdisc=0.485, rnorm=1.14 , rerr=1.46 
Landweber::-1.52e-05 ≤ estimate ≤ 924.
Landweber::i=230: rdisc=0.485, rnorm=1.14 , rerr=1.46 
Landweber::-1.56e-05 ≤ estimate ≤ 928.
Landweber::i=231: rdisc=0.485, rnorm=1.15 , rerr=1.47 
Landweber::-1.61e-05 ≤ estimate ≤ 932.
Landweber::i=232: rdisc=0.485, rnorm=1.15 , rerr=1.47 
Landweber::-1.66e-05 ≤ estimate ≤ 937.
Landweber::i=233: rdisc=0.485, rnorm=1.15 , rerr=1.47 
Landweber::-1.70e-05 ≤ estimate ≤ 941.
Landweber::i=234: rdisc=0.484, rnorm=1.16 , rerr=1.47 
Landweber::-1.75e-05 ≤ estimate ≤ 945.
Landweber::i=235: rdisc=0.484, rnorm=1.16 , rerr=1.47 
Landweber::-1.80e-05 ≤ estimate ≤ 950.
Landweber::i=236: rdisc=0.484, rnorm=1.16 , rerr=1.48 
Landweber::-1.86e-05 ≤ estimate ≤ 954.
Landweber::i=237: rdisc=0.484, rnorm=1.17 , rerr=1.48 
Landweber::-1.91e-05 ≤ estimate ≤ 958.
Landweber::i=238: rdisc=0.484, rnorm=1.17 , rerr=1.48 
Landweber::-1.96e-05 ≤ estimate ≤ 963.
Landweber::i=239: rdisc=0.483, rnorm=1.17 , rerr=1.48 
Landweber::-2.02e-05 ≤ estimate ≤ 967.
Landweber::i=240: rdisc=0.483, rnorm=1.17 , rerr=1.49 
Landweber::-2.08e-05 ≤ estimate ≤ 971.
Landweber::i=241: rdisc=0.483, rnorm=1.18 , rerr=1.49 
Landweber::-2.14e-05 ≤ estimate ≤ 975.
Landweber::i=242: rdisc=0.483, rnorm=1.18 , rerr=1.49 
Landweber::-2.20e-05 ≤ estimate ≤ 980.
Landweber::i=243: rdisc=0.483, rnorm=1.18 , rerr=1.49 
Landweber::-2.26e-05 ≤ estimate ≤ 984.
Landweber::i=244: rdisc=0.482, rnorm=1.19 , rerr=1.49 
Landweber::-2.32e-05 ≤ estimate ≤ 988.
Landweber::i=245: rdisc=0.482, rnorm=1.19 , rerr=1.50 
Landweber::-2.39e-05 ≤ estimate ≤ 993.
Landweber::i=246: rdisc=0.482, rnorm=1.19 , rerr=1.50 
Landweber::-2.46e-05 ≤ estimate ≤ 997.
Landweber::i=247: rdisc=0.482, rnorm=1.19 , rerr=1.50 
Landweber::-2.52e-05 ≤ estimate ≤ 1.00e+03
Landweber::i=248: rdisc=0.482, rnorm=1.20 , rerr=1.50 
Landweber::-2.59e-05 ≤ estimate ≤ 1.01e+03
Landweber::i=249: rdisc=0.482, rnorm=1.20 , rerr=1.51 
Landweber::-2.67e-05 ≤ estimate ≤ 1.01e+03
Landweber::i=250: rdisc=0.481, rnorm=1.20 , rerr=1.51 
Landweber::-2.74e-05 ≤ estimate ≤ 1.01e+03
Landweber::i=251: rdisc=0.481, rnorm=1.21 , rerr=1.51 
Landweber::-2.82e-05 ≤ estimate ≤ 1.02e+03
Landweber::i=252: rdisc=0.481, rnorm=1.21 , rerr=1.51 
Landweber::-2.90e-05 ≤ estimate ≤ 1.02e+03
Landweber::i=253: rdisc=0.481, rnorm=1.21 , rerr=1.51 
Landweber::-2.98e-05 ≤ estimate ≤ 1.03e+03
Landweber::i=254: rdisc=0.481, rnorm=1.21 , rerr=1.52 
Landweber::-3.06e-05 ≤ estimate ≤ 1.03e+03
Landweber::i=255: rdisc=0.481, rnorm=1.22 , rerr=1.52 
Landweber::-3.14e-05 ≤ estimate ≤ 1.04e+03
Landweber::i=256: rdisc=0.480, rnorm=1.22 , rerr=1.52 
Landweber::-3.23e-05 ≤ estimate ≤ 1.04e+03
Landweber::i=257: rdisc=0.480, rnorm=1.22 , rerr=1.52 
Landweber::-3.32e-05 ≤ estimate ≤ 1.04e+03
Landweber::i=258: rdisc=0.480, rnorm=1.23 , rerr=1.53 
Landweber::-3.41e-05 ≤ estimate ≤ 1.05e+03
Landweber::i=259: rdisc=0.480, rnorm=1.23 , rerr=1.53 
Landweber::-3.50e-05 ≤ estimate ≤ 1.05e+03
Landweber::i=260: rdisc=0.480, rnorm=1.23 , rerr=1.53 
Landweber::-3.60e-05 ≤ estimate ≤ 1.06e+03
Landweber::i=261: rdisc=0.479, rnorm=1.24 , rerr=1.53 
Landweber::-3.69e-05 ≤ estimate ≤ 1.06e+03
Landweber::i=262: rdisc=0.479, rnorm=1.24 , rerr=1.54 
Landweber::-3.79e-05 ≤ estimate ≤ 1.06e+03
Landweber::i=263: rdisc=0.479, rnorm=1.24 , rerr=1.54 
Landweber::-3.89e-05 ≤ estimate ≤ 1.07e+03
Landweber::i=264: rdisc=0.479, rnorm=1.24 , rerr=1.54 
Landweber::-4.00e-05 ≤ estimate ≤ 1.07e+03
Landweber::i=265: rdisc=0.479, rnorm=1.25 , rerr=1.54 
Landweber::-4.11e-05 ≤ estimate ≤ 1.08e+03
Landweber::i=266: rdisc=0.479, rnorm=1.25 , rerr=1.54 
Landweber::-4.22e-05 ≤ estimate ≤ 1.08e+03
Landweber::i=267: rdisc=0.478, rnorm=1.25 , rerr=1.55 
Landweber::-4.33e-05 ≤ estimate ≤ 1.09e+03
Landweber::i=268: rdisc=0.478, rnorm=1.26 , rerr=1.55 
Landweber::-4.44e-05 ≤ estimate ≤ 1.09e+03
Landweber::i=269: rdisc=0.478, rnorm=1.26 , rerr=1.55 
Landweber::-4.56e-05 ≤ estimate ≤ 1.09e+03
Landweber::i=270: rdisc=0.478, rnorm=1.26 , rerr=1.55 
Landweber::-4.68e-05 ≤ estimate ≤ 1.10e+03
Landweber::i=271: rdisc=0.478, rnorm=1.26 , rerr=1.56 
Landweber::-4.81e-05 ≤ estimate ≤ 1.10e+03
Landweber::i=272: rdisc=0.478, rnorm=1.27 , rerr=1.56 
Landweber::-4.93e-05 ≤ estimate ≤ 1.11e+03
Landweber::i=273: rdisc=0.477, rnorm=1.27 , rerr=1.56 
Landweber::-5.06e-05 ≤ estimate ≤ 1.11e+03
Landweber::i=274: rdisc=0.477, rnorm=1.27 , rerr=1.56 
Landweber::-5.20e-05 ≤ estimate ≤ 1.12e+03
Landweber::i=275: rdisc=0.477, rnorm=1.27 , rerr=1.56 
Landweber::-5.33e-05 ≤ estimate ≤ 1.12e+03
Landweber::i=276: rdisc=0.477, rnorm=1.28 , rerr=1.57 
Landweber::-5.47e-05 ≤ estimate ≤ 1.12e+03
Landweber::i=277: rdisc=0.477, rnorm=1.28 , rerr=1.57 
Landweber::-5.62e-05 ≤ estimate ≤ 1.13e+03
Landweber::i=278: rdisc=0.477, rnorm=1.28 , rerr=1.57 
Landweber::-5.76e-05 ≤ estimate ≤ 1.13e+03
Landweber::i=279: rdisc=0.476, rnorm=1.29 , rerr=1.57 
Landweber::-5.91e-05 ≤ estimate ≤ 1.14e+03
Landweber::i=280: rdisc=0.476, rnorm=1.29 , rerr=1.58 
Landweber::-6.06e-05 ≤ estimate ≤ 1.14e+03
Landweber::i=281: rdisc=0.476, rnorm=1.29 , rerr=1.58 
Landweber::-6.22e-05 ≤ estimate ≤ 1.15e+03
Landweber::i=282: rdisc=0.476, rnorm=1.29 , rerr=1.58 
Landweber::-6.38e-05 ≤ estimate ≤ 1.15e+03
Landweber::i=283: rdisc=0.476, rnorm=1.30 , rerr=1.58 
Landweber::-6.54e-05 ≤ estimate ≤ 1.15e+03
Landweber::i=284: rdisc=0.476, rnorm=1.30 , rerr=1.58 
Landweber::-6.71e-05 ≤ estimate ≤ 1.16e+03
Landweber::i=285: rdisc=0.475, rnorm=1.30 , rerr=1.59 
Landweber::-6.88e-05 ≤ estimate ≤ 1.16e+03
Landweber::i=286: rdisc=0.475, rnorm=1.31 , rerr=1.59 
Landweber::-7.06e-05 ≤ estimate ≤ 1.17e+03
Landweber::i=287: rdisc=0.475, rnorm=1.31 , rerr=1.59 
Landweber::-7.24e-05 ≤ estimate ≤ 1.17e+03
Landweber::i=288: rdisc=0.475, rnorm=1.31 , rerr=1.59 
Landweber::-7.42e-05 ≤ estimate ≤ 1.18e+03
Landweber::i=289: rdisc=0.475, rnorm=1.31 , rerr=1.60 
Landweber::-7.61e-05 ≤ estimate ≤ 1.18e+03
Landweber::i=290: rdisc=0.475, rnorm=1.32 , rerr=1.60 
Landweber::-7.80e-05 ≤ estimate ≤ 1.18e+03
Landweber::i=291: rdisc=0.474, rnorm=1.32 , rerr=1.60 
Landweber::-8.00e-05 ≤ estimate ≤ 1.19e+03
Landweber::i=292: rdisc=0.474, rnorm=1.32 , rerr=1.60 
Landweber::-8.20e-05 ≤ estimate ≤ 1.19e+03
Landweber::i=293: rdisc=0.474, rnorm=1.33 , rerr=1.60 
Landweber::-8.40e-05 ≤ estimate ≤ 1.20e+03
Landweber::i=294: rdisc=0.474, rnorm=1.33 , rerr=1.61 
Landweber::-8.61e-05 ≤ estimate ≤ 1.20e+03
Landweber::i=295: rdisc=0.474, rnorm=1.33 , rerr=1.61 
Landweber::-8.82e-05 ≤ estimate ≤ 1.21e+03
Landweber::i=296: rdisc=0.474, rnorm=1.33 , rerr=1.61 
Landweber::-9.04e-05 ≤ estimate ≤ 1.21e+03
Landweber::i=297: rdisc=0.473, rnorm=1.34 , rerr=1.61 
Landweber::-9.27e-05 ≤ estimate ≤ 1.21e+03
Landweber::i=298: rdisc=0.473, rnorm=1.34 , rerr=1.62 
Landweber::-9.50e-05 ≤ estimate ≤ 1.22e+03
Landweber::i=299: rdisc=0.473, rnorm=1.34 , rerr=1.62 
Landweber::-9.73e-05 ≤ estimate ≤ 1.22e+03
Landweber::Saving current residual in ./step-0300/
Landweber::Saving current estimate in ./step-0300/
Landweber::i=300: rdisc=0.473, rnorm=1.34 , rerr=1.62 
Landweber::-9.97e-05 ≤ estimate ≤ 1.23e+03
Landweber::i=301: rdisc=0.473, rnorm=1.35 , rerr=1.62 
Landweber::-0.000102 ≤ estimate ≤ 1.23e+03
Landweber::i=302: rdisc=0.473, rnorm=1.35 , rerr=1.62 
Landweber::-0.000105 ≤ estimate ≤ 1.24e+03
Landweber::i=303: rdisc=0.472, rnorm=1.35 , rerr=1.63 
Landweber::-0.000107 ≤ estimate ≤ 1.24e+03
Landweber::i=304: rdisc=0.472, rnorm=1.36 , rerr=1.63 
Landweber::-0.000110 ≤ estimate ≤ 1.24e+03
Landweber::i=305: rdisc=0.472, rnorm=1.36 , rerr=1.63 
Landweber::-0.000112 ≤ estimate ≤ 1.25e+03
Landweber::i=306: rdisc=0.472, rnorm=1.36 , rerr=1.63 
Landweber::-0.000115 ≤ estimate ≤ 1.25e+03
Landweber::i=307: rdisc=0.472, rnorm=1.36 , rerr=1.64 
Landweber::-0.000118 ≤ estimate ≤ 1.26e+03
Landweber::i=308: rdisc=0.472, rnorm=1.37 , rerr=1.64 
Landweber::-0.000121 ≤ estimate ≤ 1.26e+03
Landweber::i=309: rdisc=0.471, rnorm=1.37 , rerr=1.64 
Landweber::-0.000124 ≤ estimate ≤ 1.26e+03
Landweber::i=310: rdisc=0.471, rnorm=1.37 , rerr=1.64 
Landweber::-0.000127 ≤ estimate ≤ 1.27e+03
Landweber::i=311: rdisc=0.471, rnorm=1.38 , rerr=1.64 
Landweber::-0.000130 ≤ estimate ≤ 1.27e+03
Landweber::i=312: rdisc=0.471, rnorm=1.38 , rerr=1.65 
Landweber::-0.000133 ≤ estimate ≤ 1.28e+03
Landweber::i=313: rdisc=0.471, rnorm=1.38 , rerr=1.65 
Landweber::-0.000136 ≤ estimate ≤ 1.28e+03
Landweber::i=314: rdisc=0.471, rnorm=1.38 , rerr=1.65 
Landweber::-0.000139 ≤ estimate ≤ 1.29e+03
Landweber::i=315: rdisc=0.470, rnorm=1.39 , rerr=1.65 
Landweber::-0.000143 ≤ estimate ≤ 1.29e+03
Landweber::i=316: rdisc=0.470, rnorm=1.39 , rerr=1.66 
Landweber::-0.000146 ≤ estimate ≤ 1.30e+03
Landweber::i=317: rdisc=0.470, rnorm=1.39 , rerr=1.66 
Landweber::-0.000149 ≤ estimate ≤ 1.30e+03
Landweber::i=318: rdisc=0.470, rnorm=1.40 , rerr=1.66 
Landweber::-0.000153 ≤ estimate ≤ 1.30e+03
Landweber::i=319: rdisc=0.470, rnorm=1.40 , rerr=1.66 
Landweber::-0.000156 ≤ estimate ≤ 1.31e+03
Landweber::i=320: rdisc=0.470, rnorm=1.40 , rerr=1.67 
Landweber::-0.000160 ≤ estimate ≤ 1.31e+03
Landweber::i=321: rdisc=0.469, rnorm=1.40 , rerr=1.67 
Landweber::-0.000164 ≤ estimate ≤ 1.32e+03
Landweber::i=322: rdisc=0.469, rnorm=1.41 , rerr=1.67 
Landweber::-0.000168 ≤ estimate ≤ 1.32e+03
Landweber::i=323: rdisc=0.469, rnorm=1.41 , rerr=1.67 
Landweber::-0.000172 ≤ estimate ≤ 1.33e+03
Landweber::i=324: rdisc=0.469, rnorm=1.41 , rerr=1.67 
Landweber::-0.000176 ≤ estimate ≤ 1.33e+03
Landweber::i=325: rdisc=0.469, rnorm=1.41 , rerr=1.68 
Landweber::-0.000180 ≤ estimate ≤ 1.33e+03
Landweber::i=326: rdisc=0.469, rnorm=1.42 , rerr=1.68 
Landweber::-0.000184 ≤ estimate ≤ 1.34e+03
Landweber::i=327: rdisc=0.468, rnorm=1.42 , rerr=1.68 
Landweber::-0.000188 ≤ estimate ≤ 1.34e+03
Landweber::i=328: rdisc=0.468, rnorm=1.42 , rerr=1.68 
Landweber::-0.000192 ≤ estimate ≤ 1.35e+03
Landweber::i=329: rdisc=0.468, rnorm=1.43 , rerr=1.69 
Landweber::-0.000197 ≤ estimate ≤ 1.35e+03
Landweber::i=330: rdisc=0.468, rnorm=1.43 , rerr=1.69 
Landweber::-0.000201 ≤ estimate ≤ 1.36e+03
Landweber::i=331: rdisc=0.468, rnorm=1.43 , rerr=1.69 
Landweber::-0.000206 ≤ estimate ≤ 1.36e+03
Landweber::i=332: rdisc=0.468, rnorm=1.43 , rerr=1.69 
Landweber::-0.000211 ≤ estimate ≤ 1.36e+03
Landweber::i=333: rdisc=0.467, rnorm=1.44 , rerr=1.69 
Landweber::-0.000215 ≤ estimate ≤ 1.37e+03
Landweber::i=334: rdisc=0.467, rnorm=1.44 , rerr=1.70 
Landweber::-0.000220 ≤ estimate ≤ 1.37e+03
Landweber::i=335: rdisc=0.467, rnorm=1.44 , rerr=1.70 
Landweber::-0.000225 ≤ estimate ≤ 1.38e+03
Landweber::i=336: rdisc=0.467, rnorm=1.45 , rerr=1.70 
Landweber::-0.000230 ≤ estimate ≤ 1.38e+03
Landweber::i=337: rdisc=0.467, rnorm=1.45 , rerr=1.70 
Landweber::-0.000235 ≤ estimate ≤ 1.39e+03
Landweber::i=338: rdisc=0.467, rnorm=1.45 , rerr=1.71 
Landweber::-0.000241 ≤ estimate ≤ 1.39e+03
Landweber::i=339: rdisc=0.466, rnorm=1.45 , rerr=1.71 
Landweber::-0.000246 ≤ estimate ≤ 1.39e+03
Landweber::i=340: rdisc=0.466, rnorm=1.46 , rerr=1.71 
Landweber::-0.000252 ≤ estimate ≤ 1.40e+03
Landweber::i=341: rdisc=0.466, rnorm=1.46 , rerr=1.71 
Landweber::-0.000257 ≤ estimate ≤ 1.40e+03
Landweber::i=342: rdisc=0.466, rnorm=1.46 , rerr=1.72 
Landweber::-0.000263 ≤ estimate ≤ 1.41e+03
Landweber::i=343: rdisc=0.466, rnorm=1.47 , rerr=1.72 
Landweber::-0.000269 ≤ estimate ≤ 1.41e+03
Landweber::i=344: rdisc=0.465, rnorm=1.47 , rerr=1.72 
Landweber::-0.000275 ≤ estimate ≤ 1.42e+03
Landweber::i=345: rdisc=0.465, rnorm=1.47 , rerr=1.72 
Landweber::-0.000281 ≤ estimate ≤ 1.42e+03
Landweber::i=346: rdisc=0.465, rnorm=1.47 , rerr=1.73 
Landweber::-0.000287 ≤ estimate ≤ 1.43e+03
Landweber::i=347: rdisc=0.465, rnorm=1.48 , rerr=1.73 
Landweber::-0.000293 ≤ estimate ≤ 1.43e+03
Landweber::i=348: rdisc=0.465, rnorm=1.48 , rerr=1.73 
Landweber::-0.000300 ≤ estimate ≤ 1.43e+03
Landweber::i=349: rdisc=0.465, rnorm=1.48 , rerr=1.73 
Landweber::-0.000306 ≤ estimate ≤ 1.44e+03
Landweber::i=350: rdisc=0.464, rnorm=1.49 , rerr=1.73 
Landweber::-0.000313 ≤ estimate ≤ 1.44e+03
Landweber::i=351: rdisc=0.464, rnorm=1.49 , rerr=1.74 
Landweber::-0.000320 ≤ estimate ≤ 1.45e+03
Landweber::i=352: rdisc=0.464, rnorm=1.49 , rerr=1.74 
Landweber::-0.000327 ≤ estimate ≤ 1.45e+03
Landweber::i=353: rdisc=0.464, rnorm=1.49 , rerr=1.74 
Landweber::-0.000334 ≤ estimate ≤ 1.46e+03
Landweber::i=354: rdisc=0.464, rnorm=1.50 , rerr=1.74 
Landweber::-0.000341 ≤ estimate ≤ 1.46e+03
Landweber::i=355: rdisc=0.463, rnorm=1.50 , rerr=1.75 
Landweber::-0.000348 ≤ estimate ≤ 1.47e+03
Landweber::i=356: rdisc=0.463, rnorm=1.50 , rerr=1.75 
Landweber::-0.000356 ≤ estimate ≤ 1.47e+03
Landweber::i=357: rdisc=0.463, rnorm=1.51 , rerr=1.75 
Landweber::-0.000363 ≤ estimate ≤ 1.47e+03
Landweber::i=358: rdisc=0.463, rnorm=1.51 , rerr=1.75 
Landweber::-0.000371 ≤ estimate ≤ 1.48e+03
Landweber::i=359: rdisc=0.463, rnorm=1.51 , rerr=1.76 
Landweber::-0.000379 ≤ estimate ≤ 1.48e+03
Landweber::i=360: rdisc=0.462, rnorm=1.51 , rerr=1.76 
Landweber::-0.000387 ≤ estimate ≤ 1.49e+03
Landweber::i=361: rdisc=0.462, rnorm=1.52 , rerr=1.76 
Landweber::-0.000395 ≤ estimate ≤ 1.49e+03
Landweber::i=362: rdisc=0.462, rnorm=1.52 , rerr=1.76 
Landweber::-0.000404 ≤ estimate ≤ 1.50e+03
Landweber::i=363: rdisc=0.462, rnorm=1.52 , rerr=1.77 
Landweber::-0.000412 ≤ estimate ≤ 1.50e+03
Landweber::i=364: rdisc=0.462, rnorm=1.53 , rerr=1.77 
Landweber::-0.000421 ≤ estimate ≤ 1.51e+03
Landweber::i=365: rdisc=0.461, rnorm=1.53 , rerr=1.77 
Landweber::-0.000430 ≤ estimate ≤ 1.51e+03
Landweber::i=366: rdisc=0.461, rnorm=1.53 , rerr=1.77 
Landweber::-0.000439 ≤ estimate ≤ 1.52e+03
Landweber::i=367: rdisc=0.461, rnorm=1.53 , rerr=1.78 
Landweber::-0.000448 ≤ estimate ≤ 1.52e+03
Landweber::i=368: rdisc=0.461, rnorm=1.54 , rerr=1.78 
Landweber::-0.000457 ≤ estimate ≤ 1.52e+03
Landweber::i=369: rdisc=0.461, rnorm=1.54 , rerr=1.78 
Landweber::-0.000467 ≤ estimate ≤ 1.53e+03
Landweber::i=370: rdisc=0.460, rnorm=1.54 , rerr=1.78 
Landweber::-0.000476 ≤ estimate ≤ 1.53e+03
Landweber::i=371: rdisc=0.460, rnorm=1.55 , rerr=1.79 
Landweber::-0.000486 ≤ estimate ≤ 1.54e+03
Landweber::i=372: rdisc=0.460, rnorm=1.55 , rerr=1.79 
Landweber::-0.000496 ≤ estimate ≤ 1.54e+03
Landweber::i=373: rdisc=0.460, rnorm=1.55 , rerr=1.79 
Landweber::-0.000506 ≤ estimate ≤ 1.55e+03
Landweber::i=374: rdisc=0.460, rnorm=1.55 , rerr=1.79 
Landweber::-0.000517 ≤ estimate ≤ 1.55e+03
Landweber::Saving current residual in ./step-0375/
Landweber::Saving current estimate in ./step-0375/
Landweber::i=375: rdisc=0.459, rnorm=1.56 , rerr=1.80 
Landweber::-0.000527 ≤ estimate ≤ 1.56e+03
Landweber::i=376: rdisc=0.459, rnorm=1.56 , rerr=1.80 
Landweber::-0.000538 ≤ estimate ≤ 1.56e+03
Landweber::i=377: rdisc=0.459, rnorm=1.56 , rerr=1.80 
Landweber::-0.000549 ≤ estimate ≤ 1.57e+03
Landweber::i=378: rdisc=0.459, rnorm=1.57 , rerr=1.80 
Landweber::-0.000560 ≤ estimate ≤ 1.57e+03
Landweber::i=379: rdisc=0.458, rnorm=1.57 , rerr=1.81 
Landweber::-0.000572 ≤ estimate ≤ 1.57e+03
Landweber::i=380: rdisc=0.458, rnorm=1.57 , rerr=1.81 
Landweber::-0.000583 ≤ estimate ≤ 1.58e+03
Landweber::i=381: rdisc=0.458, rnorm=1.58 , rerr=1.81 
Landweber::-0.000595 ≤ estimate ≤ 1.58e+03
Landweber::i=382: rdisc=0.458, rnorm=1.58 , rerr=1.81 
Landweber::-0.000607 ≤ estimate ≤ 1.59e+03
Landweber::i=383: rdisc=0.458, rnorm=1.58 , rerr=1.82 
Landweber::-0.000619 ≤ estimate ≤ 1.59e+03
Landweber::i=384: rdisc=0.457, rnorm=1.58 , rerr=1.82 
Landweber::-0.000632 ≤ estimate ≤ 1.60e+03
Landweber::i=385: rdisc=0.457, rnorm=1.59 , rerr=1.82 
Landweber::-0.000644 ≤ estimate ≤ 1.60e+03
Landweber::i=386: rdisc=0.457, rnorm=1.59 , rerr=1.82 
Landweber::-0.000657 ≤ estimate ≤ 1.61e+03
Landweber::i=387: rdisc=0.457, rnorm=1.59 , rerr=1.83 
Landweber::-0.000670 ≤ estimate ≤ 1.61e+03
Landweber::i=388: rdisc=0.456, rnorm=1.60 , rerr=1.83 
Landweber::-0.000684 ≤ estimate ≤ 1.62e+03
Landweber::i=389: rdisc=0.456, rnorm=1.60 , rerr=1.83 
Landweber::-0.000697 ≤ estimate ≤ 1.62e+03
Landweber::i=390: rdisc=0.456, rnorm=1.60 , rerr=1.83 
Landweber::-0.000711 ≤ estimate ≤ 1.63e+03
Landweber::i=391: rdisc=0.456, rnorm=1.61 , rerr=1.84 
Landweber::-0.000725 ≤ estimate ≤ 1.63e+03
Landweber::i=392: rdisc=0.455, rnorm=1.61 , rerr=1.84 
Landweber::-0.000739 ≤ estimate ≤ 1.63e+03
Landweber::i=393: rdisc=0.455, rnorm=1.61 , rerr=1.84 
Landweber::-0.000754 ≤ estimate ≤ 1.64e+03
Landweber::i=394: rdisc=0.455, rnorm=1.61 , rerr=1.84 
Landweber::-0.000768 ≤ estimate ≤ 1.64e+03
Landweber::i=395: rdisc=0.455, rnorm=1.62 , rerr=1.85 
Landweber::-0.000783 ≤ estimate ≤ 1.65e+03
Landweber::i=396: rdisc=0.455, rnorm=1.62 , rerr=1.85 
Landweber::-0.000798 ≤ estimate ≤ 1.65e+03
Landweber::i=397: rdisc=0.454, rnorm=1.62 , rerr=1.85 
Landweber::-0.000814 ≤ estimate ≤ 1.66e+03
Landweber::i=398: rdisc=0.454, rnorm=1.63 , rerr=1.85 
Landweber::-0.000829 ≤ estimate ≤ 1.66e+03
Landweber::i=399: rdisc=0.454, rnorm=1.63 , rerr=1.86 
Landweber::-0.000845 ≤ estimate ≤ 1.67e+03
Landweber::i=400: rdisc=0.454, rnorm=1.63 , rerr=1.86 
Landweber::-0.000862 ≤ estimate ≤ 1.67e+03
Landweber::i=401: rdisc=0.453, rnorm=1.64 , rerr=1.86 
Landweber::-0.000878 ≤ estimate ≤ 1.68e+03
Landweber::i=402: rdisc=0.453, rnorm=1.64 , rerr=1.86 
Landweber::-0.000895 ≤ estimate ≤ 1.68e+03
Landweber::i=403: rdisc=0.453, rnorm=1.64 , rerr=1.87 
Landweber::-0.000912 ≤ estimate ≤ 1.69e+03
Landweber::i=404: rdisc=0.453, rnorm=1.64 , rerr=1.87 
Landweber::-0.000929 ≤ estimate ≤ 1.69e+03
Landweber::i=405: rdisc=0.452, rnorm=1.65 , rerr=1.87 
Landweber::-0.000947 ≤ estimate ≤ 1.70e+03
Landweber::i=406: rdisc=0.452, rnorm=1.65 , rerr=1.87 
Landweber::-0.000965 ≤ estimate ≤ 1.70e+03
Landweber::i=407: rdisc=0.452, rnorm=1.65 , rerr=1.88 
Landweber::-0.000983 ≤ estimate ≤ 1.71e+03
Landweber::i=408: rdisc=0.451, rnorm=1.66 , rerr=1.88 
Landweber::-0.00100 ≤ estimate ≤ 1.71e+03
Landweber::i=409: rdisc=0.451, rnorm=1.66 , rerr=1.88 
Landweber::-0.00102 ≤ estimate ≤ 1.72e+03
Landweber::i=410: rdisc=0.451, rnorm=1.66 , rerr=1.88 
Landweber::-0.00104 ≤ estimate ≤ 1.72e+03
Landweber::i=411: rdisc=0.451, rnorm=1.67 , rerr=1.89 
Landweber::-0.00106 ≤ estimate ≤ 1.73e+03
Landweber::i=412: rdisc=0.450, rnorm=1.67 , rerr=1.89 
Landweber::-0.00108 ≤ estimate ≤ 1.73e+03
Landweber::i=413: rdisc=0.450, rnorm=1.67 , rerr=1.89 
Landweber::-0.00110 ≤ estimate ≤ 1.73e+03
Landweber::i=414: rdisc=0.450, rnorm=1.68 , rerr=1.90 
Landweber::-0.00112 ≤ estimate ≤ 1.74e+03
Landweber::i=415: rdisc=0.450, rnorm=1.68 , rerr=1.90 
Landweber::-0.00114 ≤ estimate ≤ 1.74e+03
Landweber::i=416: rdisc=0.449, rnorm=1.68 , rerr=1.90 
Landweber::-0.00116 ≤ estimate ≤ 1.75e+03
Landweber::i=417: rdisc=0.449, rnorm=1.68 , rerr=1.90 
Landweber::-0.00118 ≤ estimate ≤ 1.75e+03
Landweber::i=418: rdisc=0.449, rnorm=1.69 , rerr=1.91 
Landweber::-0.00120 ≤ estimate ≤ 1.76e+03
Landweber::i=419: rdisc=0.448, rnorm=1.69 , rerr=1.91 
Landweber::-0.00122 ≤ estimate ≤ 1.76e+03
Landweber::i=420: rdisc=0.448, rnorm=1.69 , rerr=1.91 
Landweber::-0.00125 ≤ estimate ≤ 1.77e+03
Landweber::i=421: rdisc=0.448, rnorm=1.70 , rerr=1.91 
Landweber::-0.00127 ≤ estimate ≤ 1.77e+03
Landweber::i=422: rdisc=0.448, rnorm=1.70 , rerr=1.92 
Landweber::-0.00129 ≤ estimate ≤ 1.78e+03
Landweber::i=423: rdisc=0.447, rnorm=1.70 , rerr=1.92 
Landweber::-0.00131 ≤ estimate ≤ 1.78e+03
Landweber::i=424: rdisc=0.447, rnorm=1.71 , rerr=1.92 
Landweber::-0.00134 ≤ estimate ≤ 1.79e+03
Landweber::i=425: rdisc=0.447, rnorm=1.71 , rerr=1.92 
Landweber::-0.00136 ≤ estimate ≤ 1.79e+03
Landweber::i=426: rdisc=0.446, rnorm=1.71 , rerr=1.93 
Landweber::-0.00139 ≤ estimate ≤ 1.80e+03
Landweber::i=427: rdisc=0.446, rnorm=1.72 , rerr=1.93 
Landweber::-0.00141 ≤ estimate ≤ 1.80e+03
Landweber::i=428: rdisc=0.446, rnorm=1.72 , rerr=1.93 
Landweber::-0.00143 ≤ estimate ≤ 1.81e+03
Landweber::i=429: rdisc=0.446, rnorm=1.72 , rerr=1.94 
Landweber::-0.00146 ≤ estimate ≤ 1.81e+03
Landweber::i=430: rdisc=0.445, rnorm=1.73 , rerr=1.94 
Landweber::-0.00149 ≤ estimate ≤ 1.82e+03
Landweber::i=431: rdisc=0.445, rnorm=1.73 , rerr=1.94 
Landweber::-0.00151 ≤ estimate ≤ 1.82e+03
Landweber::i=432: rdisc=0.445, rnorm=1.73 , rerr=1.94 
Landweber::-0.00154 ≤ estimate ≤ 1.83e+03
Landweber::i=433: rdisc=0.444, rnorm=1.74 , rerr=1.95 
Landweber::-0.00156 ≤ estimate ≤ 1.83e+03
Landweber::i=434: rdisc=0.444, rnorm=1.74 , rerr=1.95 
Landweber::-0.00159 ≤ estimate ≤ 1.84e+03
Landweber::i=435: rdisc=0.444, rnorm=1.74 , rerr=1.95 
Landweber::-0.00162 ≤ estimate ≤ 1.84e+03
Landweber::i=436: rdisc=0.443, rnorm=1.75 , rerr=1.95 
Landweber::-0.00165 ≤ estimate ≤ 1.85e+03
Landweber::i=437: rdisc=0.443, rnorm=1.75 , rerr=1.96 
Landweber::-0.00167 ≤ estimate ≤ 1.85e+03
Landweber::i=438: rdisc=0.443, rnorm=1.75 , rerr=1.96 
Landweber::-0.00170 ≤ estimate ≤ 1.86e+03
Landweber::i=439: rdisc=0.442, rnorm=1.75 , rerr=1.96 
Landweber::-0.00173 ≤ estimate ≤ 1.86e+03
Landweber::i=440: rdisc=0.442, rnorm=1.76 , rerr=1.97 
Landweber::-0.00176 ≤ estimate ≤ 1.87e+03
Landweber::i=441: rdisc=0.442, rnorm=1.76 , rerr=1.97 
Landweber::-0.00179 ≤ estimate ≤ 1.87e+03
Landweber::i=442: rdisc=0.441, rnorm=1.76 , rerr=1.97 
Landweber::-0.00182 ≤ estimate ≤ 1.88e+03
Landweber::i=443: rdisc=0.441, rnorm=1.77 , rerr=1.97 
Landweber::-0.00185 ≤ estimate ≤ 1.88e+03
Landweber::i=444: rdisc=0.441, rnorm=1.77 , rerr=1.98 
Landweber::-0.00188 ≤ estimate ≤ 1.89e+03
Landweber::i=445: rdisc=0.440, rnorm=1.77 , rerr=1.98 
Landweber::-0.00191 ≤ estimate ≤ 1.89e+03
Landweber::i=446: rdisc=0.440, rnorm=1.78 , rerr=1.98 
Landweber::-0.00194 ≤ estimate ≤ 1.90e+03
Landweber::i=447: rdisc=0.440, rnorm=1.78 , rerr=1.99 
Landweber::-0.00197 ≤ estimate ≤ 1.90e+03
Landweber::i=448: rdisc=0.439, rnorm=1.78 , rerr=1.99 
Landweber::-0.00201 ≤ estimate ≤ 1.91e+03
Landweber::i=449: rdisc=0.439, rnorm=1.79 , rerr=1.99 
Landweber::-0.00204 ≤ estimate ≤ 1.91e+03
Landweber::Saving current residual in ./step-0450/
Landweber::Saving current estimate in ./step-0450/
Landweber::i=450: rdisc=0.439, rnorm=1.79 , rerr=1.99 
Landweber::-0.00207 ≤ estimate ≤ 1.92e+03
Landweber::i=451: rdisc=0.438, rnorm=1.79 , rerr=2.00 
Landweber::-0.00210 ≤ estimate ≤ 1.92e+03
Landweber::i=452: rdisc=0.438, rnorm=1.80 , rerr=2.00 
Landweber::-0.00214 ≤ estimate ≤ 1.93e+03
Landweber::Saving current residual in ./step-0452/
Landweber::Saving current estimate in ./step-0452/
Landweber::Unsuccessful termination after 452 iterations!
Landweber::-0.00214 ≤ estimate ≤ 1.93e+03
Relative (ℝⁿ, ‖·‖₂) error of the reconstruction: 2.72
Relative L²([0,T], L²(Ω)) error of the reconstruction: 2.00
Relative H¹([0,T], L²(Ω)) error of the reconstruction: 23.0
Relative H¹([0, T], H¹(Ω)) error of the reconstruction: 90.0
Relative H²([0,T], L²(Ω)) error of the reconstruction: 555.
Relative (ℝⁿ, ‖·‖₂) error of (reconstruction - initial guess): 2.72
Relative L²([0,T], L²(Ω)) error of (reconstruction - initial guess): 2.00
Relative H¹([0,T], L²(Ω)) error of (reconstruction - initial guess): 23.0
Relative H¹([0, T], H¹(Ω)) error of (reconstruction - initial guess): 90.0
Relative H²([0,T], L²(Ω)) error of (reconstruction - initial guess): 555.
stats::forward              : 454 calls, average 2.2s per call
stats::linearization forward: 0 calls, average 0s per call
stats::linearization adjoint: 452 calls, average 2.2s per call
stats::measure forward      : 454 calls, average 1.7ms per call
stats::measure adjoint      : 452 calls, average 1.9ms per call
stats::total wall time      : 38min 47s
