JobId arch-vm1 Mon Mar  5 11:18:22 2018
wavepi a4eb428e
Release-Build, compiled on 2018-03-05T10:16:15Z from commit a4eb428ee27d04fefe83b3d22e7a48329af474d8 ("param_a problems") on branch master

initialize_mesh::Number of active cells: 1024
initialize_mesh::Number of degrees of freedom in the first spatial mesh: 1089
initialize_mesh::cell diameters: minimal = 0.354, maximal = 0.354
initialize_mesh::dt: 0.0472
initialize_mesh::expected size of a DiscretizedFunction<dim>: 1.06 MiB
parameters:LogTransform::lower bound: 0.0
parameters:WaveEquation::max iter: 10000
parameters:WaveEquation::theta: 0.5
parameters:WaveEquation::tol: 1e-8
parameters:constraints::lower bound: 0.1
parameters:constraints::upper bound: 1e300
parameters:general::dimension: 2
parameters:general::finite element degree: 1
parameters:general::quadrature order: 3
parameters:inversion::method: REGINN
parameters:inversion::tau: 2
parameters:log::console depth: 2
parameters:log::file: wavepi.log
parameters:log::file depth: 4
parameters:mesh::end time: 6
parameters:mesh::initial refines: 5
parameters:mesh::initial time steps: 128
parameters:output::data: true
parameters:output::destination: ./step-{{i}}/
parameters:output::discrepancy decrease: 0.5
parameters:output::estimate: true
parameters:output::estimate transformed: false
parameters:output::exact: true
parameters:output::exact transformed: false
parameters:output::interval: 50
parameters:output::last: true
parameters:output::residual: true
parameters:output::statistics: history
parameters:problem::H1H1 beta: 0.5
parameters:problem::H1H1 gamma: 0.5
parameters:problem::H1L2 alpha: 0.5
parameters:problem::H2L2 alpha: 0.5
parameters:problem::H2L2 beta: 0.25
parameters:problem::constants: 
parameters:problem::epsilon: 1e-3
parameters:problem::initial guess: 1.0
parameters:problem::norm of codomain: L2L2
parameters:problem::norm of domain: H1H1
parameters:problem::parameter a: 1.5
parameters:problem::parameter c: 2.0
parameters:problem::parameter nu: 0.0
parameters:problem::parameter q: 0.0
parameters:problem::transform: Identity
parameters:problem::type: a
parameters:watchdog::discrepancy increasing: false
parameters:watchdog::discrepancy slope min values: 40
parameters:watchdog::discrepancy slope percentage: 0.25
parameters:watchdog::discrepancy slope threshold: 0.0
parameters:watchdog::discrepancy threshold: 10.0
parameters:watchdog::maximum iteration count: 0
REGINN::Saving exact parameter in ./step-0000/
REGINN::Saving data in ./step-0000/
REGINN::Saving current residual in ./step-0000/
REGINN::Saving current estimate in ./step-0000/
REGINN::i=0 : rdisc=1.18 , rnorm=0.667, rerr=0.333
REGINN::1.00 ≤ estimate ≤ 1.00
REGINN::Solving linear problem using rtol=0.900 and max_iter=1
REGINN:CGLS::k=0 : rdisc=1.00 , norm=0.00 
REGINN:CGLS::k=1 : rdisc=0.777, norm=1.56 
REGINN:CGLS::Safeguarding: λ=0.693 ⇒ rdisc=0.900
REGINN:CGLS::Target discrepancy reached after 1 iteration.
REGINN::i=1 : rdisc=1.06 , rnorm=0.673, rerr=0.328
REGINN::1.00 ≤ estimate ≤ 1.16
REGINN::
REGINN::Solving linear problem using rtol=0.900 and max_iter=2
REGINN:CGLS::k=0 : rdisc=1.00 , norm=0.00 
REGINN:CGLS::k=1 : rdisc=0.746, norm=1.71 
REGINN:CGLS::Safeguarding: λ=0.733 ⇒ rdisc=0.900
REGINN:CGLS::Target discrepancy reached after 1 iteration.
REGINN::i=2 : rdisc=0.946, rnorm=0.679, rerr=0.323
REGINN::1.00 ≤ estimate ≤ 1.29
REGINN::
REGINN::Solving linear problem using rtol=0.854 and max_iter=2
REGINN:CGLS::k=0 : rdisc=1.00 , norm=0.00 
REGINN:CGLS::k=1 : rdisc=0.717, norm=1.81 
REGINN:CGLS::Safeguarding: λ=0.637 ⇒ rdisc=0.854
REGINN:CGLS::Target discrepancy reached after 1 iteration.
REGINN::i=3 : rdisc=0.800, rnorm=0.690, rerr=0.315
REGINN::1.00 ≤ estimate ≤ 1.48
REGINN::
REGINN::Solving linear problem using rtol=0.811 and max_iter=2
REGINN:CGLS::k=0 : rdisc=1.00 , norm=0.00 
REGINN:CGLS::k=1 : rdisc=0.681, norm=1.86 
REGINN:CGLS::Safeguarding: λ=0.566 ⇒ rdisc=0.811
REGINN:CGLS::Target discrepancy reached after 1 iteration.
REGINN::i=4 : rdisc=0.639, rnorm=0.706, rerr=0.307
REGINN::1.00 ≤ estimate ≤ 1.67
REGINN::
REGINN::Solving linear problem using rtol=0.769 and max_iter=2
REGINN:CGLS::k=0 : rdisc=1.00 , norm=0.00 
REGINN:CGLS::k=1 : rdisc=0.660, norm=1.77 
REGINN:CGLS::Safeguarding: λ=0.487 ⇒ rdisc=0.769
REGINN:CGLS::Target discrepancy reached after 1 iteration.
REGINN::Saving current residual in ./step-0005/
REGINN::Saving current estimate in ./step-0005/
REGINN::i=5 : rdisc=0.483, rnorm=0.726, rerr=0.297
REGINN::1.00 ≤ estimate ≤ 1.87
REGINN::
REGINN::Solving linear problem using rtol=0.730 and max_iter=2
REGINN:CGLS::k=0 : rdisc=1.00 , norm=0.00 
REGINN:CGLS::k=1 : rdisc=0.684, norm=1.51 
REGINN:CGLS::Safeguarding: λ=0.300 ⇒ rdisc=0.730
REGINN:CGLS::Target discrepancy reached after 1 iteration.
REGINN::i=6 : rdisc=0.342, rnorm=0.751, rerr=0.287
REGINN::1.00 ≤ estimate ≤ 2.07
REGINN::
REGINN::Solving linear problem using rtol=0.693 and max_iter=2
REGINN:CGLS::k=0 : rdisc=1.00 , norm=0.00 
REGINN:CGLS::k=1 : rdisc=0.789, norm=1.12 
REGINN:CGLS::k=2 : rdisc=0.627, norm=2.72 
REGINN:CGLS::Safeguarding: λ=0.573 ⇒ rdisc=0.693
REGINN:CGLS::Target discrepancy reached after 2 iterations.
REGINN::Saving current residual in ./step-0007/
REGINN::Saving current estimate in ./step-0007/
REGINN::i=7 : rdisc=0.218, rnorm=0.795, rerr=0.262
REGINN::1.00 ≤ estimate ≤ 2.17
REGINN::
REGINN::Solving linear problem using rtol=0.658 and max_iter=3
REGINN:CGLS::k=0 : rdisc=1.00 , norm=0.00 
REGINN:CGLS::k=1 : rdisc=0.649, norm=2.05 
REGINN:CGLS::Safeguarding: λ=0.0916 ⇒ rdisc=0.658
REGINN:CGLS::Target discrepancy reached after 1 iteration.
REGINN::i=8 : rdisc=0.156, rnorm=0.812, rerr=0.241
REGINN::1.00 ≤ estimate ≤ 1.91
REGINN::
REGINN::Solving linear problem using rtol=0.624 and max_iter=3
REGINN:CGLS::k=0 : rdisc=1.00 , norm=0.00 
REGINN:CGLS::k=1 : rdisc=0.758, norm=0.443
REGINN:CGLS::k=2 : rdisc=0.642, norm=0.894
REGINN:CGLS::k=3 : rdisc=0.485, norm=1.40 
REGINN:CGLS::Safeguarding: λ=0.915 ⇒ rdisc=0.624
REGINN:CGLS::Target discrepancy reached after 3 iterations.
REGINN::Saving current residual in ./step-0009/
REGINN::Saving current estimate in ./step-0009/
REGINN::i=9 : rdisc=0.0931, rnorm=0.836, rerr=0.234
REGINN::1.00 ≤ estimate ≤ 1.84
REGINN::
REGINN::Solving linear problem using rtol=0.592 and max_iter=4
REGINN:CGLS::k=0 : rdisc=1.00 , norm=0.00 
REGINN:CGLS::k=1 : rdisc=0.898, norm=0.222
REGINN:CGLS::k=2 : rdisc=0.606, norm=1.03 
REGINN:CGLS::k=3 : rdisc=0.560, norm=1.13 
REGINN:CGLS::Safeguarding: λ=0.797 ⇒ rdisc=0.592
REGINN:CGLS::Target discrepancy reached after 3 iterations.
REGINN::i=10: rdisc=0.0556, rnorm=0.854, rerr=0.227
REGINN::1.00 ≤ estimate ≤ 1.72
REGINN::
REGINN::Solving linear problem using rtol=0.562 and max_iter=6
REGINN:CGLS::k=0 : rdisc=1.00 , norm=0.00 
REGINN:CGLS::k=1 : rdisc=0.937, norm=0.0861
REGINN:CGLS::k=2 : rdisc=0.858, norm=0.287
REGINN:CGLS::k=3 : rdisc=0.800, norm=0.420
REGINN:CGLS::k=4 : rdisc=0.713, norm=0.628
REGINN:CGLS::k=5 : rdisc=0.695, norm=0.680
REGINN:CGLS::k=6 : rdisc=0.627, norm=0.889
REGINN:CGLS::Unsuccessful termination after 6 iterations!
REGINN::Linear solver did not achieve desired discrepancy due to max_iter.
REGINN::Saving current residual in ./step-0011/
REGINN::Saving current estimate in ./step-0011/
REGINN::i=11: rdisc=0.0343, rnorm=0.869, rerr=0.220
REGINN::1.00 ≤ estimate ≤ 1.78
REGINN::
REGINN::Solving linear problem using rtol=0.533 and max_iter=9
REGINN:CGLS::k=0 : rdisc=1.00 , norm=0.00 
REGINN:CGLS::k=1 : rdisc=0.987, norm=0.0293
REGINN:CGLS::k=2 : rdisc=0.942, norm=0.177
REGINN:CGLS::k=3 : rdisc=0.852, norm=0.438
REGINN:CGLS::k=4 : rdisc=0.786, norm=0.608
REGINN:CGLS::k=5 : rdisc=0.765, norm=0.671
REGINN:CGLS::k=6 : rdisc=0.704, norm=0.834
REGINN:CGLS::k=7 : rdisc=0.686, norm=0.889
REGINN:CGLS::k=8 : rdisc=0.667, norm=0.947
REGINN:CGLS::k=9 : rdisc=0.643, norm=1.03 
REGINN:CGLS::Unsuccessful termination after 9 iterations!
REGINN::Linear solver did not achieve desired discrepancy due to max_iter.
REGINN::i=12: rdisc=0.0219, rnorm=0.878, rerr=0.211
REGINN::1.00 ≤ estimate ≤ 1.75
REGINN::
REGINN::Solving linear problem using rtol=0.688 and max_iter=15
REGINN:CGLS::k=0 : rdisc=1.00 , norm=0.00 
REGINN:CGLS::k=1 : rdisc=0.994, norm=0.00981
REGINN:CGLS::k=2 : rdisc=0.976, norm=0.0609
REGINN:CGLS::k=3 : rdisc=0.961, norm=0.109
REGINN:CGLS::k=4 : rdisc=0.928, norm=0.208
REGINN:CGLS::k=5 : rdisc=0.910, norm=0.257
REGINN:CGLS::k=6 : rdisc=0.839, norm=0.453
REGINN:CGLS::k=7 : rdisc=0.830, norm=0.478
REGINN:CGLS::k=8 : rdisc=0.789, norm=0.590
REGINN:CGLS::k=9 : rdisc=0.772, norm=0.631
REGINN:CGLS::k=10: rdisc=0.759, norm=0.665
REGINN:CGLS::k=11: rdisc=0.746, norm=0.706
REGINN:CGLS::k=12: rdisc=0.702, norm=0.844
REGINN:CGLS::k=13: rdisc=0.691, norm=0.882
REGINN:CGLS::k=14: rdisc=0.680, norm=0.920
REGINN:CGLS::Safeguarding: λ=0.798 ⇒ rdisc=0.688
REGINN:CGLS::Target discrepancy reached after 14 iterations.
REGINN::Saving current residual in ./step-0013/
REGINN::Saving current estimate in ./step-0013/
REGINN::i=13: rdisc=0.0148, rnorm=0.886, rerr=0.203
REGINN::1.00 ≤ estimate ≤ 1.71
REGINN::
REGINN::Solving linear problem using rtol=0.799 and max_iter=23
REGINN:CGLS::k=0 : rdisc=1.00 , norm=0.00 
REGINN:CGLS::k=1 : rdisc=0.994, norm=0.0133
REGINN:CGLS::k=2 : rdisc=0.987, norm=0.0318
REGINN:CGLS::k=3 : rdisc=0.962, norm=0.106
REGINN:CGLS::k=4 : rdisc=0.949, norm=0.141
REGINN:CGLS::k=5 : rdisc=0.866, norm=0.366
REGINN:CGLS::k=6 : rdisc=0.848, norm=0.406
REGINN:CGLS::k=7 : rdisc=0.798, norm=0.520
REGINN:CGLS::Safeguarding: λ=0.0347 ⇒ rdisc=0.799
REGINN:CGLS::Target discrepancy reached after 7 iterations.
REGINN::i=14: rdisc=0.0118, rnorm=0.890, rerr=0.199
REGINN::1.00 ≤ estimate ≤ 1.66
REGINN::
REGINN::Solving linear problem using rtol=0.758 and max_iter=21
REGINN:CGLS::k=0 : rdisc=1.00 , norm=0.00 
REGINN:CGLS::k=1 : rdisc=0.995, norm=0.00450
REGINN:CGLS::k=2 : rdisc=0.988, norm=0.0165
REGINN:CGLS::k=3 : rdisc=0.983, norm=0.0267
REGINN:CGLS::k=4 : rdisc=0.973, norm=0.0474
REGINN:CGLS::k=5 : rdisc=0.968, norm=0.0569
REGINN:CGLS::k=6 : rdisc=0.949, norm=0.0944
REGINN:CGLS::k=7 : rdisc=0.937, norm=0.121
REGINN:CGLS::k=8 : rdisc=0.902, norm=0.197
REGINN:CGLS::k=9 : rdisc=0.881, norm=0.247
REGINN:CGLS::k=10: rdisc=0.850, norm=0.319
REGINN:CGLS::k=11: rdisc=0.842, norm=0.335
REGINN:CGLS::k=12: rdisc=0.810, norm=0.407
REGINN:CGLS::k=13: rdisc=0.783, norm=0.473
REGINN:CGLS::k=14: rdisc=0.773, norm=0.500
REGINN:CGLS::k=15: rdisc=0.749, norm=0.556
REGINN:CGLS::Safeguarding: λ=0.421 ⇒ rdisc=0.758
REGINN:CGLS::Target discrepancy reached after 15 iterations.
REGINN::i=15: rdisc=0.00882, rnorm=0.896, rerr=0.195
REGINN::1.00 ≤ estimate ≤ 1.66
REGINN::
REGINN::Solving linear problem using rtol=0.886 and max_iter=22
REGINN:CGLS::k=0 : rdisc=1.00 , norm=0.00 
REGINN:CGLS::k=1 : rdisc=0.999, norm=0.00224
REGINN:CGLS::k=2 : rdisc=0.993, norm=0.0172
REGINN:CGLS::k=3 : rdisc=0.980, norm=0.0439
REGINN:CGLS::k=4 : rdisc=0.971, norm=0.0611
REGINN:CGLS::k=5 : rdisc=0.960, norm=0.0865
REGINN:CGLS::k=6 : rdisc=0.925, norm=0.160
REGINN:CGLS::k=7 : rdisc=0.909, norm=0.196
REGINN:CGLS::k=8 : rdisc=0.898, norm=0.222
REGINN:CGLS::k=9 : rdisc=0.885, norm=0.251
REGINN:CGLS::Safeguarding: λ=0.152 ⇒ rdisc=0.886
REGINN:CGLS::Target discrepancy reached after 9 iterations.
REGINN::i=16: rdisc=0.00780, rnorm=0.898, rerr=0.193
REGINN::1.00 ≤ estimate ≤ 1.65
REGINN::
REGINN::Solving linear problem using rtol=0.841 and max_iter=24
REGINN:CGLS::k=0 : rdisc=1.00 , norm=0.00 
REGINN:CGLS::k=1 : rdisc=0.996, norm=0.00684
REGINN:CGLS::k=2 : rdisc=0.994, norm=0.0118
REGINN:CGLS::k=3 : rdisc=0.990, norm=0.0190
REGINN:CGLS::k=4 : rdisc=0.975, norm=0.0533
REGINN:CGLS::k=5 : rdisc=0.966, norm=0.0758
REGINN:CGLS::k=6 : rdisc=0.958, norm=0.0950
REGINN:CGLS::k=7 : rdisc=0.949, norm=0.112
REGINN:CGLS::k=8 : rdisc=0.937, norm=0.137
REGINN:CGLS::k=9 : rdisc=0.932, norm=0.146
REGINN:CGLS::k=10: rdisc=0.917, norm=0.174
REGINN:CGLS::k=11: rdisc=0.888, norm=0.231
REGINN:CGLS::k=12: rdisc=0.882, norm=0.246
REGINN:CGLS::k=13: rdisc=0.865, norm=0.279
REGINN:CGLS::k=14: rdisc=0.850, norm=0.307
REGINN:CGLS::k=15: rdisc=0.843, norm=0.323
REGINN:CGLS::k=16: rdisc=0.834, norm=0.343
REGINN:CGLS::Safeguarding: λ=0.853 ⇒ rdisc=0.841
REGINN:CGLS::Target discrepancy reached after 16 iterations.
REGINN::Saving current residual in ./step-0017/
REGINN::Saving current estimate in ./step-0017/
REGINN::i=17: rdisc=0.00654, rnorm=0.901, rerr=0.191
REGINN::1.00 ≤ estimate ≤ 1.66
REGINN::
REGINN::Solving linear problem using rtol=0.910 and max_iter=25
REGINN:CGLS::k=0 : rdisc=1.00 , norm=0.00 
REGINN:CGLS::k=1 : rdisc=1.00 , norm=0.00132
REGINN:CGLS::k=2 : rdisc=0.998, norm=0.00728
REGINN:CGLS::k=3 : rdisc=0.993, norm=0.0173
REGINN:CGLS::k=4 : rdisc=0.991, norm=0.0234
REGINN:CGLS::k=5 : rdisc=0.982, norm=0.0455
REGINN:CGLS::k=6 : rdisc=0.977, norm=0.0551
REGINN:CGLS::k=7 : rdisc=0.971, norm=0.0664
REGINN:CGLS::k=8 : rdisc=0.967, norm=0.0750
REGINN:CGLS::k=9 : rdisc=0.960, norm=0.0910
REGINN:CGLS::k=10: rdisc=0.956, norm=0.0972
REGINN:CGLS::k=11: rdisc=0.938, norm=0.132
REGINN:CGLS::k=12: rdisc=0.934, norm=0.140
REGINN:CGLS::k=13: rdisc=0.923, norm=0.161
REGINN:CGLS::k=14: rdisc=0.919, norm=0.167
REGINN:CGLS::k=15: rdisc=0.909, norm=0.187
REGINN:CGLS::Safeguarding: λ=0.0558 ⇒ rdisc=0.910
REGINN:CGLS::Target discrepancy reached after 15 iterations.
REGINN::i=18: rdisc=0.00594, rnorm=0.903, rerr=0.190
REGINN::1.00 ≤ estimate ≤ 1.66
REGINN::
REGINN::Solving linear problem using rtol=0.863 and max_iter=31
REGINN:CGLS::k=0 : rdisc=1.00 , norm=0.00 
REGINN:CGLS::k=1 : rdisc=0.999, norm=0.00169
REGINN:CGLS::k=2 : rdisc=0.998, norm=0.00346
REGINN:CGLS::k=3 : rdisc=0.995, norm=0.0119
REGINN:CGLS::k=4 : rdisc=0.993, norm=0.0176
REGINN:CGLS::k=5 : rdisc=0.985, norm=0.0355
REGINN:CGLS::k=6 : rdisc=0.980, norm=0.0465
REGINN:CGLS::k=7 : rdisc=0.972, norm=0.0601
REGINN:CGLS::k=8 : rdisc=0.967, norm=0.0709
REGINN:CGLS::k=9 : rdisc=0.954, norm=0.0948
REGINN:CGLS::k=10: rdisc=0.946, norm=0.111
REGINN:CGLS::k=11: rdisc=0.942, norm=0.118
REGINN:CGLS::k=12: rdisc=0.933, norm=0.134
REGINN:CGLS::k=13: rdisc=0.924, norm=0.152
REGINN:CGLS::k=14: rdisc=0.914, norm=0.171
REGINN:CGLS::k=15: rdisc=0.908, norm=0.182
REGINN:CGLS::k=16: rdisc=0.872, norm=0.254
REGINN:CGLS::k=17: rdisc=0.863, norm=0.273
REGINN:CGLS::Safeguarding: λ=0.0755 ⇒ rdisc=0.863
REGINN:CGLS::Target discrepancy reached after 17 iterations.
REGINN::i=19: rdisc=0.00512, rnorm=0.905, rerr=0.188
REGINN::1.00 ≤ estimate ≤ 1.67
REGINN::
REGINN::Solving linear problem using rtol=0.879 and max_iter=32
REGINN:CGLS::k=0 : rdisc=1.00 , norm=0.00 
REGINN:CGLS::k=1 : rdisc=1.00 , norm=0.00114
REGINN:CGLS::k=2 : rdisc=0.996, norm=0.00648
REGINN:CGLS::k=3 : rdisc=0.993, norm=0.0134
REGINN:CGLS::k=4 : rdisc=0.992, norm=0.0171
REGINN:CGLS::k=5 : rdisc=0.990, norm=0.0213
REGINN:CGLS::k=6 : rdisc=0.983, norm=0.0362
REGINN:CGLS::k=7 : rdisc=0.977, norm=0.0516
REGINN:CGLS::k=8 : rdisc=0.965, norm=0.0760
REGINN:CGLS::k=9 : rdisc=0.958, norm=0.0916
REGINN:CGLS::k=10: rdisc=0.942, norm=0.122
REGINN:CGLS::k=11: rdisc=0.937, norm=0.131
REGINN:CGLS::k=12: rdisc=0.915, norm=0.170
REGINN:CGLS::k=13: rdisc=0.904, norm=0.190
REGINN:CGLS::k=14: rdisc=0.900, norm=0.197
REGINN:CGLS::k=15: rdisc=0.894, norm=0.208
REGINN:CGLS::k=16: rdisc=0.886, norm=0.224
REGINN:CGLS::k=17: rdisc=0.882, norm=0.231
REGINN:CGLS::k=18: rdisc=0.863, norm=0.268
REGINN:CGLS::Safeguarding: λ=0.831 ⇒ rdisc=0.879
REGINN:CGLS::Target discrepancy reached after 18 iterations.
REGINN::i=20: rdisc=0.00449, rnorm=0.907, rerr=0.186
REGINN::1.00 ≤ estimate ≤ 1.66
REGINN::
REGINN::Solving linear problem using rtol=0.884 and max_iter=35
REGINN:CGLS::k=0 : rdisc=1.00 , norm=0.00 
REGINN:CGLS::k=1 : rdisc=1.00 , norm=0.000979
REGINN:CGLS::k=2 : rdisc=0.998, norm=0.00378
REGINN:CGLS::k=3 : rdisc=0.996, norm=0.00676
REGINN:CGLS::k=4 : rdisc=0.994, norm=0.00955
REGINN:CGLS::k=5 : rdisc=0.992, norm=0.0154
REGINN:CGLS::k=6 : rdisc=0.987, norm=0.0243
REGINN:CGLS::k=7 : rdisc=0.984, norm=0.0312
REGINN:CGLS::k=8 : rdisc=0.978, norm=0.0440
REGINN:CGLS::k=9 : rdisc=0.974, norm=0.0514
REGINN:CGLS::k=10: rdisc=0.971, norm=0.0581
REGINN:CGLS::k=11: rdisc=0.959, norm=0.0803
REGINN:CGLS::k=12: rdisc=0.952, norm=0.0923
REGINN:CGLS::k=13: rdisc=0.943, norm=0.107
REGINN:CGLS::k=14: rdisc=0.938, norm=0.117
REGINN:CGLS::k=15: rdisc=0.935, norm=0.123
REGINN:CGLS::k=16: rdisc=0.923, norm=0.144
REGINN:CGLS::k=17: rdisc=0.909, norm=0.170
REGINN:CGLS::k=18: rdisc=0.903, norm=0.183
REGINN:CGLS::k=19: rdisc=0.893, norm=0.202
REGINN:CGLS::k=20: rdisc=0.874, norm=0.236
REGINN:CGLS::Safeguarding: λ=0.573 ⇒ rdisc=0.884
REGINN:CGLS::Target discrepancy reached after 20 iterations.
REGINN::i=21: rdisc=0.00397, rnorm=0.909, rerr=0.185
REGINN::1.00 ≤ estimate ≤ 1.66
REGINN::
REGINN::Solving linear problem using rtol=0.895 and max_iter=38
REGINN:CGLS::k=0 : rdisc=1.00 , norm=0.00 
REGINN:CGLS::k=1 : rdisc=0.999, norm=0.000830
REGINN:CGLS::k=2 : rdisc=0.999, norm=0.00205
REGINN:CGLS::k=3 : rdisc=0.997, norm=0.00529
REGINN:CGLS::k=4 : rdisc=0.996, norm=0.00627
REGINN:CGLS::k=5 : rdisc=0.994, norm=0.0107
REGINN:CGLS::k=6 : rdisc=0.990, norm=0.0188
REGINN:CGLS::k=7 : rdisc=0.986, norm=0.0296
REGINN:CGLS::k=8 : rdisc=0.983, norm=0.0361
REGINN:CGLS::k=9 : rdisc=0.972, norm=0.0576
REGINN:CGLS::k=10: rdisc=0.961, norm=0.0800
REGINN:CGLS::k=11: rdisc=0.947, norm=0.104
REGINN:CGLS::k=12: rdisc=0.943, norm=0.111
REGINN:CGLS::k=13: rdisc=0.930, norm=0.133
REGINN:CGLS::k=14: rdisc=0.927, norm=0.138
REGINN:CGLS::k=15: rdisc=0.923, norm=0.147
REGINN:CGLS::k=16: rdisc=0.917, norm=0.156
REGINN:CGLS::k=17: rdisc=0.915, norm=0.159
REGINN:CGLS::k=18: rdisc=0.910, norm=0.169
REGINN:CGLS::k=19: rdisc=0.903, norm=0.181
REGINN:CGLS::k=20: rdisc=0.895, norm=0.196
REGINN:CGLS::Safeguarding: λ=0.00959 ⇒ rdisc=0.895
REGINN:CGLS::Target discrepancy reached after 20 iterations.
REGINN::i=22: rdisc=0.00355, rnorm=0.910, rerr=0.184
REGINN::1.01 ≤ estimate ≤ 1.64
REGINN::
REGINN::Solving linear problem using rtol=0.894 and max_iter=40
REGINN:CGLS::k=0 : rdisc=1.00 , norm=0.00 
REGINN:CGLS::k=1 : rdisc=0.999, norm=0.000491
REGINN:CGLS::k=2 : rdisc=0.999, norm=0.00166
REGINN:CGLS::k=3 : rdisc=0.998, norm=0.00263
REGINN:CGLS::k=4 : rdisc=0.997, norm=0.00447
REGINN:CGLS::k=5 : rdisc=0.996, norm=0.00542
REGINN:CGLS::k=6 : rdisc=0.995, norm=0.00813
REGINN:CGLS::k=7 : rdisc=0.994, norm=0.00956
REGINN:CGLS::k=8 : rdisc=0.993, norm=0.0123
REGINN:CGLS::k=9 : rdisc=0.990, norm=0.0190
REGINN:CGLS::k=10: rdisc=0.988, norm=0.0222
REGINN:CGLS::k=11: rdisc=0.982, norm=0.0329
REGINN:CGLS::k=12: rdisc=0.978, norm=0.0409
REGINN:CGLS::k=13: rdisc=0.974, norm=0.0486
REGINN:CGLS::k=14: rdisc=0.970, norm=0.0549
REGINN:CGLS::k=15: rdisc=0.958, norm=0.0767
REGINN:CGLS::k=16: rdisc=0.956, norm=0.0815
REGINN:CGLS::k=17: rdisc=0.952, norm=0.0881
REGINN:CGLS::k=18: rdisc=0.946, norm=0.0987
REGINN:CGLS::k=19: rdisc=0.944, norm=0.102
REGINN:CGLS::k=20: rdisc=0.937, norm=0.114
REGINN:CGLS::k=21: rdisc=0.936, norm=0.116
REGINN:CGLS::k=22: rdisc=0.930, norm=0.127
REGINN:CGLS::k=23: rdisc=0.928, norm=0.131
REGINN:CGLS::k=24: rdisc=0.924, norm=0.137
REGINN:CGLS::k=25: rdisc=0.921, norm=0.144
REGINN:CGLS::k=26: rdisc=0.917, norm=0.150
REGINN:CGLS::k=27: rdisc=0.915, norm=0.156
REGINN:CGLS::k=28: rdisc=0.907, norm=0.170
REGINN:CGLS::k=29: rdisc=0.903, norm=0.178
REGINN:CGLS::k=30: rdisc=0.901, norm=0.181
REGINN:CGLS::k=31: rdisc=0.898, norm=0.188
REGINN:CGLS::k=32: rdisc=0.897, norm=0.191
REGINN:CGLS::k=33: rdisc=0.891, norm=0.203
REGINN:CGLS::Safeguarding: λ=0.555 ⇒ rdisc=0.894
REGINN:CGLS::Target discrepancy reached after 33 iterations.
REGINN::Saving current residual in ./step-0023/
REGINN::Saving current estimate in ./step-0023/
REGINN::i=23: rdisc=0.00317, rnorm=0.912, rerr=0.182
REGINN::1.01 ≤ estimate ≤ 1.63
REGINN::
REGINN::Solving linear problem using rtol=0.935 and max_iter=53
REGINN:CGLS::k=0 : rdisc=1.00 , norm=0.00 
REGINN:CGLS::k=1 : rdisc=1.00 , norm=0.000297
REGINN:CGLS::k=2 : rdisc=0.999, norm=0.00133
REGINN:CGLS::k=3 : rdisc=0.997, norm=0.00575
REGINN:CGLS::k=4 : rdisc=0.992, norm=0.0161
REGINN:CGLS::k=5 : rdisc=0.991, norm=0.0177
REGINN:CGLS::k=6 : rdisc=0.987, norm=0.0267
REGINN:CGLS::k=7 : rdisc=0.982, norm=0.0362
REGINN:CGLS::k=8 : rdisc=0.979, norm=0.0428
REGINN:CGLS::k=9 : rdisc=0.973, norm=0.0529
REGINN:CGLS::k=10: rdisc=0.965, norm=0.0679
REGINN:CGLS::k=11: rdisc=0.963, norm=0.0714
REGINN:CGLS::k=12: rdisc=0.957, norm=0.0811
REGINN:CGLS::k=13: rdisc=0.953, norm=0.0895
REGINN:CGLS::k=14: rdisc=0.949, norm=0.0970
REGINN:CGLS::k=15: rdisc=0.943, norm=0.106
REGINN:CGLS::k=16: rdisc=0.935, norm=0.121
REGINN:CGLS::k=17: rdisc=0.934, norm=0.124
REGINN:CGLS::Safeguarding: λ=0.746 ⇒ rdisc=0.935
REGINN:CGLS::Target discrepancy reached after 17 iterations.
REGINN::i=24: rdisc=0.00296, rnorm=0.913, rerr=0.182
REGINN::1.01 ≤ estimate ≤ 1.62
REGINN::
REGINN::Solving linear problem using rtol=0.887 and max_iter=50
REGINN:CGLS::k=0 : rdisc=1.00 , norm=0.00 
REGINN:CGLS::k=1 : rdisc=1.00 , norm=0.000566
REGINN:CGLS::k=2 : rdisc=0.999, norm=0.00141
REGINN:CGLS::k=3 : rdisc=0.998, norm=0.00291
REGINN:CGLS::k=4 : rdisc=0.997, norm=0.00678
REGINN:CGLS::k=5 : rdisc=0.996, norm=0.00781
REGINN:CGLS::k=6 : rdisc=0.995, norm=0.0108
REGINN:CGLS::k=7 : rdisc=0.992, norm=0.0155
REGINN:CGLS::k=8 : rdisc=0.991, norm=0.0186
REGINN:CGLS::k=9 : rdisc=0.986, norm=0.0277
REGINN:CGLS::k=10: rdisc=0.978, norm=0.0444
REGINN:CGLS::k=11: rdisc=0.976, norm=0.0483
REGINN:CGLS::k=12: rdisc=0.971, norm=0.0592
REGINN:CGLS::k=13: rdisc=0.969, norm=0.0626
REGINN:CGLS::k=14: rdisc=0.964, norm=0.0711
REGINN:CGLS::k=15: rdisc=0.962, norm=0.0759
REGINN:CGLS::k=16: rdisc=0.957, norm=0.0839
REGINN:CGLS::k=17: rdisc=0.956, norm=0.0872
REGINN:CGLS::k=18: rdisc=0.951, norm=0.0947
REGINN:CGLS::k=19: rdisc=0.950, norm=0.0965
REGINN:CGLS::k=20: rdisc=0.943, norm=0.109
REGINN:CGLS::k=21: rdisc=0.941, norm=0.112
REGINN:CGLS::k=22: rdisc=0.940, norm=0.114
REGINN:CGLS::k=23: rdisc=0.939, norm=0.117
REGINN:CGLS::k=24: rdisc=0.936, norm=0.121
REGINN:CGLS::k=25: rdisc=0.933, norm=0.126
REGINN:CGLS::k=26: rdisc=0.932, norm=0.128
REGINN:CGLS::k=27: rdisc=0.930, norm=0.132
REGINN:CGLS::k=28: rdisc=0.929, norm=0.133
REGINN:CGLS::k=29: rdisc=0.927, norm=0.137
REGINN:CGLS::k=30: rdisc=0.926, norm=0.139
REGINN:CGLS::k=31: rdisc=0.925, norm=0.142
REGINN:CGLS::k=32: rdisc=0.919, norm=0.153
REGINN:CGLS::k=33: rdisc=0.918, norm=0.157
REGINN:CGLS::k=34: rdisc=0.915, norm=0.162
REGINN:CGLS::k=35: rdisc=0.913, norm=0.167
REGINN:CGLS::k=36: rdisc=0.907, norm=0.180
REGINN:CGLS::k=37: rdisc=0.905, norm=0.182
REGINN:CGLS::k=38: rdisc=0.902, norm=0.189
REGINN:CGLS::k=39: rdisc=0.900, norm=0.194
REGINN:CGLS::k=40: rdisc=0.893, norm=0.209
REGINN:CGLS::k=41: rdisc=0.881, norm=0.235
REGINN:CGLS::Safeguarding: λ=0.557 ⇒ rdisc=0.887
REGINN:CGLS::Target discrepancy reached after 41 iterations.
REGINN::i=25: rdisc=0.00263, rnorm=0.914, rerr=0.180
REGINN::1.01 ≤ estimate ≤ 1.61
REGINN::
REGINN::Solving linear problem using rtol=0.952 and max_iter=58
REGINN:CGLS::k=0 : rdisc=1.00 , norm=0.00 
REGINN:CGLS::k=1 : rdisc=1.00 , norm=0.000378
REGINN:CGLS::k=2 : rdisc=0.999, norm=0.000909
REGINN:CGLS::k=3 : rdisc=0.999, norm=0.00198
REGINN:CGLS::k=4 : rdisc=0.999, norm=0.00270
REGINN:CGLS::k=5 : rdisc=0.998, norm=0.00514
REGINN:CGLS::k=6 : rdisc=0.997, norm=0.00732
REGINN:CGLS::k=7 : rdisc=0.996, norm=0.00877
REGINN:CGLS::k=8 : rdisc=0.995, norm=0.0109
REGINN:CGLS::k=9 : rdisc=0.992, norm=0.0163
REGINN:CGLS::k=10: rdisc=0.992, norm=0.0174
REGINN:CGLS::k=11: rdisc=0.990, norm=0.0220
REGINN:CGLS::k=12: rdisc=0.988, norm=0.0262
REGINN:CGLS::k=13: rdisc=0.985, norm=0.0326
REGINN:CGLS::k=14: rdisc=0.983, norm=0.0370
REGINN:CGLS::k=15: rdisc=0.980, norm=0.0433
REGINN:CGLS::k=16: rdisc=0.975, norm=0.0528
REGINN:CGLS::k=17: rdisc=0.969, norm=0.0654
REGINN:CGLS::k=18: rdisc=0.960, norm=0.0818
REGINN:CGLS::k=19: rdisc=0.955, norm=0.0931
REGINN:CGLS::k=20: rdisc=0.950, norm=0.102
REGINN:CGLS::Safeguarding: λ=0.533 ⇒ rdisc=0.952
REGINN:CGLS::Target discrepancy reached after 20 iterations.
REGINN::i=26: rdisc=0.00250, rnorm=0.915, rerr=0.180
REGINN::1.01 ≤ estimate ≤ 1.60
REGINN::
REGINN::Solving linear problem using rtol=0.904 and max_iter=61
REGINN:CGLS::k=0 : rdisc=1.00 , norm=0.00 
REGINN:CGLS::k=1 : rdisc=1.00 , norm=0.000536
REGINN:CGLS::k=2 : rdisc=0.999, norm=0.000879
REGINN:CGLS::k=3 : rdisc=0.998, norm=0.00244
REGINN:CGLS::k=4 : rdisc=0.997, norm=0.00439
REGINN:CGLS::k=5 : rdisc=0.996, norm=0.00631
REGINN:CGLS::k=6 : rdisc=0.996, norm=0.00744
REGINN:CGLS::k=7 : rdisc=0.995, norm=0.00856
REGINN:CGLS::k=8 : rdisc=0.994, norm=0.0105
REGINN:CGLS::k=9 : rdisc=0.993, norm=0.0135
REGINN:CGLS::k=10: rdisc=0.992, norm=0.0155
REGINN:CGLS::k=11: rdisc=0.991, norm=0.0170
REGINN:CGLS::k=12: rdisc=0.989, norm=0.0202
REGINN:CGLS::k=13: rdisc=0.987, norm=0.0251
REGINN:CGLS::k=14: rdisc=0.986, norm=0.0264
REGINN:CGLS::k=15: rdisc=0.984, norm=0.0316
REGINN:CGLS::k=16: rdisc=0.982, norm=0.0365
REGINN:CGLS::k=17: rdisc=0.979, norm=0.0427
REGINN:CGLS::k=18: rdisc=0.974, norm=0.0520
REGINN:CGLS::k=19: rdisc=0.972, norm=0.0547
REGINN:CGLS::k=20: rdisc=0.968, norm=0.0645
REGINN:CGLS::k=21: rdisc=0.963, norm=0.0727
REGINN:CGLS::k=22: rdisc=0.957, norm=0.0844
REGINN:CGLS::k=23: rdisc=0.955, norm=0.0890
REGINN:CGLS::k=24: rdisc=0.951, norm=0.0963
REGINN:CGLS::k=25: rdisc=0.950, norm=0.0982
REGINN:CGLS::k=26: rdisc=0.944, norm=0.110
REGINN:CGLS::k=27: rdisc=0.941, norm=0.117
REGINN:CGLS::k=28: rdisc=0.940, norm=0.118
REGINN:CGLS::k=29: rdisc=0.936, norm=0.126
REGINN:CGLS::k=30: rdisc=0.934, norm=0.130
REGINN:CGLS::k=31: rdisc=0.932, norm=0.134
REGINN:CGLS::k=32: rdisc=0.931, norm=0.135
REGINN:CGLS::k=33: rdisc=0.929, norm=0.140
REGINN:CGLS::k=34: rdisc=0.928, norm=0.141
REGINN:CGLS::k=35: rdisc=0.927, norm=0.145
REGINN:CGLS::k=36: rdisc=0.926, norm=0.147
REGINN:CGLS::k=37: rdisc=0.924, norm=0.150
REGINN:CGLS::k=38: rdisc=0.923, norm=0.152
REGINN:CGLS::k=39: rdisc=0.921, norm=0.157
REGINN:CGLS::k=40: rdisc=0.919, norm=0.161
REGINN:CGLS::k=41: rdisc=0.918, norm=0.164
REGINN:CGLS::k=42: rdisc=0.915, norm=0.170
REGINN:CGLS::k=43: rdisc=0.914, norm=0.171
REGINN:CGLS::k=44: rdisc=0.912, norm=0.175
REGINN:CGLS::k=45: rdisc=0.911, norm=0.178
REGINN:CGLS::k=46: rdisc=0.909, norm=0.182
REGINN:CGLS::k=47: rdisc=0.908, norm=0.185
REGINN:CGLS::k=48: rdisc=0.906, norm=0.191
REGINN:CGLS::k=49: rdisc=0.903, norm=0.196
REGINN:CGLS::Safeguarding: λ=0.162 ⇒ rdisc=0.904
REGINN:CGLS::Target discrepancy reached after 49 iterations.
REGINN::i=27: rdisc=0.00226, rnorm=0.916, rerr=0.178
REGINN::1.01 ≤ estimate ≤ 1.60
REGINN::
REGINN::Solving linear problem using rtol=0.960 and max_iter=69
REGINN:CGLS::k=0 : rdisc=1.00 , norm=0.00 
REGINN:CGLS::k=1 : rdisc=1.00 , norm=0.000188
REGINN:CGLS::k=2 : rdisc=1.00 , norm=0.000887
REGINN:CGLS::k=3 : rdisc=0.999, norm=0.00247
REGINN:CGLS::k=4 : rdisc=0.999, norm=0.00333
REGINN:CGLS::k=5 : rdisc=0.998, norm=0.00466
REGINN:CGLS::k=6 : rdisc=0.996, norm=0.00853
REGINN:CGLS::k=7 : rdisc=0.996, norm=0.00962
REGINN:CGLS::k=8 : rdisc=0.993, norm=0.0150
REGINN:CGLS::k=9 : rdisc=0.992, norm=0.0179
REGINN:CGLS::k=10: rdisc=0.991, norm=0.0194
REGINN:CGLS::k=11: rdisc=0.990, norm=0.0219
REGINN:CGLS::k=12: rdisc=0.989, norm=0.0237
REGINN:CGLS::k=13: rdisc=0.988, norm=0.0247
REGINN:CGLS::k=14: rdisc=0.986, norm=0.0295
REGINN:CGLS::k=15: rdisc=0.984, norm=0.0326
REGINN:CGLS::k=16: rdisc=0.983, norm=0.0361
REGINN:CGLS::k=17: rdisc=0.981, norm=0.0385
REGINN:CGLS::k=18: rdisc=0.979, norm=0.0445
REGINN:CGLS::k=19: rdisc=0.977, norm=0.0468
REGINN:CGLS::k=20: rdisc=0.973, norm=0.0555
REGINN:CGLS::k=21: rdisc=0.972, norm=0.0580
REGINN:CGLS::k=22: rdisc=0.968, norm=0.0657
REGINN:CGLS::k=23: rdisc=0.966, norm=0.0705
REGINN:CGLS::k=24: rdisc=0.964, norm=0.0730
REGINN:CGLS::k=25: rdisc=0.962, norm=0.0770
REGINN:CGLS::k=26: rdisc=0.961, norm=0.0804
REGINN:CGLS::k=27: rdisc=0.959, norm=0.0833
REGINN:CGLS::Safeguarding: λ=0.455 ⇒ rdisc=0.960
REGINN:CGLS::Target discrepancy reached after 27 iterations.
REGINN::i=28: rdisc=0.00217, rnorm=0.917, rerr=0.178
REGINN::1.01 ≤ estimate ≤ 1.59
REGINN::
REGINN::Solving linear problem using rtol=0.922 and max_iter=76
REGINN:CGLS::k=0 : rdisc=1.00 , norm=0.00 
REGINN:CGLS::k=1 : rdisc=1.00 , norm=0.000113
REGINN:CGLS::k=2 : rdisc=1.00 , norm=0.000756
REGINN:CGLS::k=3 : rdisc=0.999, norm=0.00140
REGINN:CGLS::k=4 : rdisc=0.999, norm=0.00223
REGINN:CGLS::k=5 : rdisc=0.999, norm=0.00278
REGINN:CGLS::k=6 : rdisc=0.998, norm=0.00558
REGINN:CGLS::k=7 : rdisc=0.997, norm=0.00706
REGINN:CGLS::k=8 : rdisc=0.996, norm=0.0101
REGINN:CGLS::k=9 : rdisc=0.995, norm=0.0112
REGINN:CGLS::k=10: rdisc=0.994, norm=0.0141
REGINN:CGLS::k=11: rdisc=0.993, norm=0.0158
REGINN:CGLS::k=12: rdisc=0.992, norm=0.0180
REGINN:CGLS::k=13: rdisc=0.990, norm=0.0218
REGINN:CGLS::k=14: rdisc=0.990, norm=0.0232
REGINN:CGLS::k=15: rdisc=0.987, norm=0.0287
REGINN:CGLS::k=16: rdisc=0.986, norm=0.0313
REGINN:CGLS::k=17: rdisc=0.985, norm=0.0334
REGINN:CGLS::k=18: rdisc=0.984, norm=0.0344
REGINN:CGLS::k=19: rdisc=0.982, norm=0.0399
REGINN:CGLS::k=20: rdisc=0.980, norm=0.0428
REGINN:CGLS::k=21: rdisc=0.979, norm=0.0448
REGINN:CGLS::k=22: rdisc=0.976, norm=0.0511
REGINN:CGLS::k=23: rdisc=0.975, norm=0.0543
REGINN:CGLS::k=24: rdisc=0.970, norm=0.0636
REGINN:CGLS::k=25: rdisc=0.968, norm=0.0679
REGINN:CGLS::k=26: rdisc=0.967, norm=0.0701
REGINN:CGLS::k=27: rdisc=0.963, norm=0.0775
REGINN:CGLS::k=28: rdisc=0.961, norm=0.0820
REGINN:CGLS::k=29: rdisc=0.959, norm=0.0871
REGINN:CGLS::k=30: rdisc=0.958, norm=0.0885
REGINN:CGLS::k=31: rdisc=0.957, norm=0.0911
REGINN:CGLS::k=32: rdisc=0.955, norm=0.0948
REGINN:CGLS::k=33: rdisc=0.954, norm=0.0972
REGINN:CGLS::k=34: rdisc=0.951, norm=0.103
REGINN:CGLS::k=35: rdisc=0.950, norm=0.105
REGINN:CGLS::k=36: rdisc=0.949, norm=0.107
REGINN:CGLS::k=37: rdisc=0.947, norm=0.112
REGINN:CGLS::k=38: rdisc=0.945, norm=0.117
REGINN:CGLS::k=39: rdisc=0.943, norm=0.121
REGINN:CGLS::k=40: rdisc=0.941, norm=0.125
REGINN:CGLS::k=41: rdisc=0.939, norm=0.129
REGINN:CGLS::k=42: rdisc=0.938, norm=0.131
REGINN:CGLS::k=43: rdisc=0.936, norm=0.136
REGINN:CGLS::k=44: rdisc=0.934, norm=0.141
REGINN:CGLS::k=45: rdisc=0.933, norm=0.145
REGINN:CGLS::k=46: rdisc=0.931, norm=0.148
REGINN:CGLS::k=47: rdisc=0.929, norm=0.152
REGINN:CGLS::k=48: rdisc=0.925, norm=0.162
REGINN:CGLS::k=49: rdisc=0.921, norm=0.171
REGINN:CGLS::Safeguarding: λ=0.194 ⇒ rdisc=0.922
REGINN:CGLS::Target discrepancy reached after 49 iterations.
REGINN::i=29: rdisc=0.00200, rnorm=0.918, rerr=0.177
REGINN::1.01 ≤ estimate ≤ 1.59
REGINN::
REGINN::Saving current residual in ./step-0029/
REGINN::Saving current estimate in ./step-0029/
REGINN::Target discrepancy reached after 29 iterations.
REGINN::1.01 ≤ estimate ≤ 1.59
Relative ℝⁿ error of the reconstruction: 0.156
Relative L²([0,T], L²(Ω)) error of the reconstruction: 0.152
Relative H¹([0,T], L²(Ω)) error of the reconstruction: 0.161
Relative H¹([0,T], H¹(Ω)) error of the reconstruction: 0.177
Relative H²([0,T], L²(Ω)) error of the reconstruction: 0.200
stats::forward              : 31 calls, average 565.5ms per call
stats::linearization forward: 417 calls, average 588.0ms per call
stats::linearization adjoint: 417 calls, average 814.0ms per call
stats::measure forward      : 448 calls, average 236.7µs per call
stats::measure adjoint      : 417 calls, average 284.0µs per call
stats::total wall time      : 11min 40s
