JobId arch-vm0 Tue Mar  6 21:46:57 2018
wavepi 3df43511
Release-Build, compiled on 2018-03-06T20:06:27Z from commit 3df435110a132efb4554aae2b6b64caf46dffd44 ("run small") on branch master

initialize_mesh::Number of active cells: 1024
initialize_mesh::Number of degrees of freedom in the first spatial mesh: 1089
initialize_mesh::cell diameters: minimal = 0.354, maximal = 0.354
initialize_mesh::dt: 0.0472
initialize_mesh::expected size of a DiscretizedFunction<dim>: 1.06 MiB
parameters:LogTransform::lower bound: 0.1
parameters:WaveEquation::max iter: 10000
parameters:WaveEquation::theta: 0.5
parameters:WaveEquation::tol: 1e-8
parameters:constraints::lower bound: -1e300
parameters:constraints::upper bound: 1e300
parameters:general::dimension: 2
parameters:general::finite element degree: 1
parameters:general::quadrature order: 3
parameters:inversion::method: REGINN
parameters:inversion::tau: 2
parameters:log::console depth: 2
parameters:log::file: wavepi.log
parameters:log::file depth: 4
parameters:mesh::end time: 6
parameters:mesh::initial refines: 5
parameters:mesh::initial time steps: 128
parameters:output::data: true
parameters:output::destination: ./step-{{i}}/
parameters:output::discrepancy decrease: 0.5
parameters:output::estimate: true
parameters:output::estimate transformed: false
parameters:output::exact: true
parameters:output::exact transformed: false
parameters:output::interval: 50
parameters:output::last: true
parameters:output::residual: true
parameters:output::statistics: history
parameters:problem::H1H1 beta: 0.5
parameters:problem::H1H1 gamma: 0.5
parameters:problem::H1L2 alpha: 0.5
parameters:problem::H2L2 alpha: 0.5
parameters:problem::H2L2 beta: 0.25
parameters:problem::constants: 
parameters:problem::epsilon: 1e-3
parameters:problem::initial guess: 1.0
parameters:problem::norm of codomain: L2L2
parameters:problem::norm of domain: H1H1
parameters:problem::parameter a: 1.5
parameters:problem::parameter c: 2.0
parameters:problem::parameter nu: 0.0
parameters:problem::parameter q: 0.0
parameters:problem::transform: Log
parameters:problem::type: a
parameters:watchdog::discrepancy increasing: false
parameters:watchdog::discrepancy slope min values: 40
parameters:watchdog::discrepancy slope percentage: 0.25
parameters:watchdog::discrepancy slope threshold: 0.0
parameters:watchdog::discrepancy threshold: 10.0
parameters:watchdog::maximum iteration count: 0
REGINN::Saving exact parameter in ./step-0000/
REGINN::Saving data in ./step-0000/
REGINN::Saving current residual in ./step-0000/
REGINN::Saving current estimate in ./step-0000/
REGINN::i=0 : rdisc=1.18 , rnorm=0.313, rerr=1.31 
REGINN::-0.105 ≤ estimate ≤ -0.105
REGINN::Solving linear problem using rtol=0.900 and max_iter=1
REGINN:CGLS::k=0 : rdisc=1.00 , norm=0.00 
REGINN:CGLS::k=1 : rdisc=0.777, norm=1.91 
REGINN:CGLS::Safeguarding: λ=0.722 ⇒ rdisc=0.900
REGINN:CGLS::Target discrepancy reached after 1 iteration.
REGINN::i=1 : rdisc=1.05 , rnorm=0.293, rerr=1.29 
REGINN::-0.105 ≤ estimate ≤ 0.0736
REGINN::
REGINN::Solving linear problem using rtol=0.900 and max_iter=2
REGINN:CGLS::k=0 : rdisc=1.00 , norm=0.00 
REGINN:CGLS::k=1 : rdisc=0.737, norm=1.93 
REGINN:CGLS::Safeguarding: λ=0.764 ⇒ rdisc=0.900
REGINN:CGLS::Target discrepancy reached after 1 iteration.
REGINN::i=2 : rdisc=0.936, rnorm=0.290, rerr=1.26 
REGINN::-0.105 ≤ estimate ≤ 0.217
REGINN::
REGINN::Solving linear problem using rtol=0.854 and max_iter=2
REGINN:CGLS::k=0 : rdisc=1.00 , norm=0.00 
REGINN:CGLS::k=1 : rdisc=0.706, norm=1.90 
REGINN:CGLS::Safeguarding: λ=0.679 ⇒ rdisc=0.854
REGINN:CGLS::Target discrepancy reached after 1 iteration.
REGINN::i=3 : rdisc=0.787, rnorm=0.309, rerr=1.24 
REGINN::-0.105 ≤ estimate ≤ 0.399
REGINN::
REGINN::Solving linear problem using rtol=0.811 and max_iter=2
REGINN:CGLS::k=0 : rdisc=1.00 , norm=0.00 
REGINN:CGLS::k=1 : rdisc=0.679, norm=1.78 
REGINN:CGLS::Safeguarding: λ=0.603 ⇒ rdisc=0.811
REGINN:CGLS::Target discrepancy reached after 1 iteration.
REGINN::i=4 : rdisc=0.627, rnorm=0.355, rerr=1.21 
REGINN::-0.105 ≤ estimate ≤ 0.592
REGINN::
REGINN::Solving linear problem using rtol=0.769 and max_iter=2
REGINN:CGLS::k=0 : rdisc=1.00 , norm=0.00 
REGINN:CGLS::k=1 : rdisc=0.688, norm=1.53 
REGINN:CGLS::Safeguarding: λ=0.475 ⇒ rdisc=0.769
REGINN:CGLS::Target discrepancy reached after 1 iteration.
REGINN::Saving current residual in ./step-0005/
REGINN::Saving current estimate in ./step-0005/
REGINN::i=5 : rdisc=0.471, rnorm=0.428, rerr=1.18 
REGINN::-0.105 ≤ estimate ≤ 0.787
REGINN::
REGINN::Solving linear problem using rtol=0.730 and max_iter=2
REGINN:CGLS::k=0 : rdisc=1.00 , norm=0.00 
REGINN:CGLS::k=1 : rdisc=0.769, norm=1.15 
REGINN:CGLS::k=2 : rdisc=0.580, norm=3.25 
REGINN:CGLS::Safeguarding: λ=0.877 ⇒ rdisc=0.730
REGINN:CGLS::Target discrepancy reached after 2 iterations.
REGINN::i=6 : rdisc=0.323, rnorm=0.536, rerr=1.11 
REGINN::-0.104 ≤ estimate ≤ 0.989
REGINN::
REGINN::Solving linear problem using rtol=0.693 and max_iter=3
REGINN:CGLS::k=0 : rdisc=1.00 , norm=0.00 
REGINN:CGLS::k=1 : rdisc=0.695, norm=2.28 
REGINN:CGLS::k=2 : rdisc=0.529, norm=3.26 
REGINN:CGLS::Safeguarding: λ=0.994 ⇒ rdisc=0.693
REGINN:CGLS::Target discrepancy reached after 2 iterations.
REGINN::Saving current residual in ./step-0007/
REGINN::Saving current estimate in ./step-0007/
REGINN::i=7 : rdisc=0.202, rnorm=0.634, rerr=0.971
REGINN::-0.104 ≤ estimate ≤ 0.912
REGINN::
REGINN::Solving linear problem using rtol=0.658 and max_iter=4
REGINN:CGLS::k=0 : rdisc=1.00 , norm=0.00 
REGINN:CGLS::k=1 : rdisc=0.824, norm=0.506
REGINN:CGLS::k=2 : rdisc=0.668, norm=1.09 
REGINN:CGLS::k=3 : rdisc=0.385, norm=2.29 
REGINN:CGLS::Safeguarding: λ=0.976 ⇒ rdisc=0.658
REGINN:CGLS::Target discrepancy reached after 3 iterations.
REGINN::i=8 : rdisc=0.129, rnorm=0.634, rerr=0.927
REGINN::-0.104 ≤ estimate ≤ 0.644
REGINN::
REGINN::Solving linear problem using rtol=0.624 and max_iter=5
REGINN:CGLS::k=0 : rdisc=1.00 , norm=0.00 
REGINN:CGLS::k=1 : rdisc=0.820, norm=0.477
REGINN:CGLS::k=2 : rdisc=0.701, norm=0.833
REGINN:CGLS::k=3 : rdisc=0.519, norm=1.40 
REGINN:CGLS::Safeguarding: λ=0.736 ⇒ rdisc=0.624
REGINN:CGLS::Target discrepancy reached after 3 iterations.
REGINN::Saving current residual in ./step-0009/
REGINN::Saving current estimate in ./step-0009/
REGINN::i=9 : rdisc=0.0782, rnorm=0.695, rerr=0.892
REGINN::-0.103 ≤ estimate ≤ 0.562
REGINN::
REGINN::Solving linear problem using rtol=0.592 and max_iter=6
REGINN:CGLS::k=0 : rdisc=1.00 , norm=0.00 
REGINN:CGLS::k=1 : rdisc=0.912, norm=0.111
REGINN:CGLS::k=2 : rdisc=0.816, norm=0.344
REGINN:CGLS::k=3 : rdisc=0.612, norm=0.927
REGINN:CGLS::k=4 : rdisc=0.534, norm=1.18 
REGINN:CGLS::Safeguarding: λ=0.855 ⇒ rdisc=0.592
REGINN:CGLS::Target discrepancy reached after 4 iterations.
REGINN::i=10: rdisc=0.0450, rnorm=0.764, rerr=0.861
REGINN::-0.103 ≤ estimate ≤ 0.587
REGINN::
REGINN::Solving linear problem using rtol=0.562 and max_iter=7
REGINN:CGLS::k=0 : rdisc=1.00 , norm=0.00 
REGINN:CGLS::k=1 : rdisc=0.972, norm=0.0799
REGINN:CGLS::k=2 : rdisc=0.815, norm=0.531
REGINN:CGLS::k=3 : rdisc=0.702, norm=0.848
REGINN:CGLS::k=4 : rdisc=0.654, norm=0.983
REGINN:CGLS::k=5 : rdisc=0.581, norm=1.19 
REGINN:CGLS::k=6 : rdisc=0.536, norm=1.33 
REGINN:CGLS::Safeguarding: λ=0.758 ⇒ rdisc=0.562
REGINN:CGLS::Target discrepancy reached after 6 iterations.
REGINN::Saving current residual in ./step-0011/
REGINN::Saving current estimate in ./step-0011/
REGINN::i=11: rdisc=0.0246, rnorm=0.784, rerr=0.817
REGINN::-0.103 ≤ estimate ≤ 0.505
REGINN::
REGINN::Solving linear problem using rtol=0.533 and max_iter=10
REGINN:CGLS::k=0 : rdisc=1.00 , norm=0.00 
REGINN:CGLS::k=1 : rdisc=0.963, norm=0.0896
REGINN:CGLS::k=2 : rdisc=0.943, norm=0.140
REGINN:CGLS::k=3 : rdisc=0.922, norm=0.199
REGINN:CGLS::k=4 : rdisc=0.843, norm=0.429
REGINN:CGLS::k=5 : rdisc=0.766, norm=0.659
REGINN:CGLS::k=6 : rdisc=0.713, norm=0.822
REGINN:CGLS::k=7 : rdisc=0.651, norm=1.02 
REGINN:CGLS::k=8 : rdisc=0.590, norm=1.20 
REGINN:CGLS::k=9 : rdisc=0.571, norm=1.26 
REGINN:CGLS::k=10: rdisc=0.557, norm=1.30 
REGINN:CGLS::Unsuccessful termination after 10 iterations!
REGINN::Linear solver did not achieve desired discrepancy due to max_iter.
REGINN::i=12: rdisc=0.0127, rnorm=0.814, rerr=0.769
REGINN::-0.102 ≤ estimate ≤ 0.414
REGINN::
REGINN::Solving linear problem using rtol=0.719 and max_iter=16
REGINN:CGLS::k=0 : rdisc=1.00 , norm=0.00 
REGINN:CGLS::k=1 : rdisc=0.993, norm=0.0101
REGINN:CGLS::k=2 : rdisc=0.977, norm=0.0356
REGINN:CGLS::k=3 : rdisc=0.955, norm=0.0733
REGINN:CGLS::k=4 : rdisc=0.923, norm=0.139
REGINN:CGLS::k=5 : rdisc=0.863, norm=0.276
REGINN:CGLS::k=6 : rdisc=0.837, norm=0.337
REGINN:CGLS::k=7 : rdisc=0.808, norm=0.408
REGINN:CGLS::k=8 : rdisc=0.782, norm=0.474
REGINN:CGLS::k=9 : rdisc=0.749, norm=0.558
REGINN:CGLS::k=10: rdisc=0.739, norm=0.584
REGINN:CGLS::k=11: rdisc=0.717, norm=0.641
REGINN:CGLS::Safeguarding: λ=0.354 ⇒ rdisc=0.719
REGINN:CGLS::Target discrepancy reached after 11 iterations.
REGINN::Saving current residual in ./step-0013/
REGINN::Saving current estimate in ./step-0013/
REGINN::i=13: rdisc=0.00905, rnorm=0.817, rerr=0.748
REGINN::-0.102 ≤ estimate ≤ 0.387
REGINN::
REGINN::Solving linear problem using rtol=0.744 and max_iter=21
REGINN:CGLS::k=0 : rdisc=1.00 , norm=0.00 
REGINN:CGLS::k=1 : rdisc=0.988, norm=0.0152
REGINN:CGLS::k=2 : rdisc=0.977, norm=0.0282
REGINN:CGLS::k=3 : rdisc=0.952, norm=0.0659
REGINN:CGLS::k=4 : rdisc=0.932, norm=0.101
REGINN:CGLS::k=5 : rdisc=0.911, norm=0.138
REGINN:CGLS::k=6 : rdisc=0.890, norm=0.177
REGINN:CGLS::k=7 : rdisc=0.873, norm=0.209
REGINN:CGLS::k=8 : rdisc=0.856, norm=0.245
REGINN:CGLS::k=9 : rdisc=0.833, norm=0.298
REGINN:CGLS::k=10: rdisc=0.824, norm=0.319
REGINN:CGLS::k=11: rdisc=0.817, norm=0.334
REGINN:CGLS::k=12: rdisc=0.778, norm=0.432
REGINN:CGLS::k=13: rdisc=0.734, norm=0.552
REGINN:CGLS::Safeguarding: λ=0.474 ⇒ rdisc=0.744
REGINN:CGLS::Target discrepancy reached after 13 iterations.
REGINN::i=14: rdisc=0.00662, rnorm=0.832, rerr=0.731
REGINN::-0.101 ≤ estimate ≤ 0.392
REGINN::
REGINN::Solving linear problem using rtol=0.783 and max_iter=24
REGINN:CGLS::k=0 : rdisc=1.00 , norm=0.00 
REGINN:CGLS::k=1 : rdisc=0.991, norm=0.00568
REGINN:CGLS::k=2 : rdisc=0.971, norm=0.0263
REGINN:CGLS::k=3 : rdisc=0.956, norm=0.0426
REGINN:CGLS::k=4 : rdisc=0.944, norm=0.0572
REGINN:CGLS::k=5 : rdisc=0.932, norm=0.0752
REGINN:CGLS::k=6 : rdisc=0.922, norm=0.0908
REGINN:CGLS::k=7 : rdisc=0.905, norm=0.122
REGINN:CGLS::k=8 : rdisc=0.884, norm=0.164
REGINN:CGLS::k=9 : rdisc=0.870, norm=0.194
REGINN:CGLS::k=10: rdisc=0.865, norm=0.204
REGINN:CGLS::k=11: rdisc=0.848, norm=0.243
REGINN:CGLS::k=12: rdisc=0.835, norm=0.273
REGINN:CGLS::k=13: rdisc=0.826, norm=0.297
REGINN:CGLS::k=14: rdisc=0.769, norm=0.439
REGINN:CGLS::Safeguarding: λ=0.486 ⇒ rdisc=0.783
REGINN:CGLS::Target discrepancy reached after 14 iterations.
REGINN::i=15: rdisc=0.00516, rnorm=0.834, rerr=0.719
REGINN::-0.101 ≤ estimate ≤ 0.387
REGINN::
REGINN::Solving linear problem using rtol=0.797 and max_iter=27
REGINN:CGLS::k=0 : rdisc=1.00 , norm=0.00 
REGINN:CGLS::k=1 : rdisc=0.989, norm=0.00723
REGINN:CGLS::k=2 : rdisc=0.974, norm=0.0182
REGINN:CGLS::k=3 : rdisc=0.970, norm=0.0219
REGINN:CGLS::k=4 : rdisc=0.957, norm=0.0353
REGINN:CGLS::k=5 : rdisc=0.945, norm=0.0499
REGINN:CGLS::k=6 : rdisc=0.938, norm=0.0604
REGINN:CGLS::k=7 : rdisc=0.922, norm=0.0840
REGINN:CGLS::k=8 : rdisc=0.910, norm=0.104
REGINN:CGLS::k=9 : rdisc=0.900, norm=0.122
REGINN:CGLS::k=10: rdisc=0.892, norm=0.137
REGINN:CGLS::k=11: rdisc=0.889, norm=0.143
REGINN:CGLS::k=12: rdisc=0.881, norm=0.160
REGINN:CGLS::k=13: rdisc=0.873, norm=0.177
REGINN:CGLS::k=14: rdisc=0.854, norm=0.218
REGINN:CGLS::k=15: rdisc=0.798, norm=0.352
REGINN:CGLS::k=16: rdisc=0.744, norm=0.483
REGINN:CGLS::Safeguarding: λ=0.990 ⇒ rdisc=0.797
REGINN:CGLS::Target discrepancy reached after 16 iterations.
REGINN::Saving current residual in ./step-0016/
REGINN::Saving current estimate in ./step-0016/
REGINN::i=16: rdisc=0.00408, rnorm=0.843, rerr=0.707
REGINN::-0.100 ≤ estimate ≤ 0.387
REGINN::
REGINN::Solving linear problem using rtol=0.822 and max_iter=30
REGINN:CGLS::k=0 : rdisc=1.00 , norm=0.00 
REGINN:CGLS::k=1 : rdisc=0.965, norm=0.0115
REGINN:CGLS::k=2 : rdisc=0.960, norm=0.0133
REGINN:CGLS::k=3 : rdisc=0.947, norm=0.0202
REGINN:CGLS::k=4 : rdisc=0.943, norm=0.0225
REGINN:CGLS::k=5 : rdisc=0.928, norm=0.0369
REGINN:CGLS::k=6 : rdisc=0.923, norm=0.0418
REGINN:CGLS::k=7 : rdisc=0.916, norm=0.0499
REGINN:CGLS::k=8 : rdisc=0.908, norm=0.0614
REGINN:CGLS::k=9 : rdisc=0.902, norm=0.0703
REGINN:CGLS::k=10: rdisc=0.898, norm=0.0764
REGINN:CGLS::k=11: rdisc=0.891, norm=0.0891
REGINN:CGLS::k=12: rdisc=0.884, norm=0.102
REGINN:CGLS::k=13: rdisc=0.876, norm=0.119
REGINN:CGLS::k=14: rdisc=0.867, norm=0.138
REGINN:CGLS::k=15: rdisc=0.849, norm=0.178
REGINN:CGLS::k=16: rdisc=0.840, norm=0.199
REGINN:CGLS::k=17: rdisc=0.819, norm=0.251
REGINN:CGLS::Safeguarding: λ=0.387 ⇒ rdisc=0.822
REGINN:CGLS::Target discrepancy reached after 17 iterations.
REGINN::i=17: rdisc=0.00335, rnorm=0.846, rerr=0.700
REGINN::-0.100 ≤ estimate ≤ 0.376
REGINN::
REGINN::Solving linear problem using rtol=0.832 and max_iter=33
REGINN:CGLS::k=0 : rdisc=1.00 , norm=0.00 
REGINN:CGLS::k=1 : rdisc=0.994, norm=0.00128
REGINN:CGLS::k=2 : rdisc=0.990, norm=0.00304
REGINN:CGLS::k=3 : rdisc=0.975, norm=0.0131
REGINN:CGLS::k=4 : rdisc=0.960, norm=0.0266
REGINN:CGLS::k=5 : rdisc=0.956, norm=0.0300
REGINN:CGLS::k=6 : rdisc=0.952, norm=0.0340
REGINN:CGLS::k=7 : rdisc=0.947, norm=0.0403
REGINN:CGLS::k=8 : rdisc=0.939, norm=0.0513
REGINN:CGLS::k=9 : rdisc=0.936, norm=0.0562
REGINN:CGLS::k=10: rdisc=0.933, norm=0.0612
REGINN:CGLS::k=11: rdisc=0.925, norm=0.0737
REGINN:CGLS::k=12: rdisc=0.922, norm=0.0803
REGINN:CGLS::k=13: rdisc=0.915, norm=0.0931
REGINN:CGLS::k=14: rdisc=0.911, norm=0.102
REGINN:CGLS::k=15: rdisc=0.898, norm=0.131
REGINN:CGLS::k=16: rdisc=0.887, norm=0.156
REGINN:CGLS::k=17: rdisc=0.876, norm=0.183
REGINN:CGLS::k=18: rdisc=0.847, norm=0.254
REGINN:CGLS::k=19: rdisc=0.825, norm=0.306
REGINN:CGLS::Safeguarding: λ=0.532 ⇒ rdisc=0.832
REGINN:CGLS::Target discrepancy reached after 19 iterations.
REGINN::i=18: rdisc=0.00278, rnorm=0.853, rerr=0.691
REGINN::-0.0998 ≤ estimate ≤ 0.373
REGINN::
REGINN::Solving linear problem using rtol=0.848 and max_iter=36
REGINN:CGLS::k=0 : rdisc=1.00 , norm=0.00 
REGINN:CGLS::k=1 : rdisc=0.987, norm=0.00362
REGINN:CGLS::k=2 : rdisc=0.968, norm=0.00984
REGINN:CGLS::k=3 : rdisc=0.962, norm=0.0122
REGINN:CGLS::k=4 : rdisc=0.954, norm=0.0155
REGINN:CGLS::k=5 : rdisc=0.946, norm=0.0211
REGINN:CGLS::k=6 : rdisc=0.941, norm=0.0257
REGINN:CGLS::k=7 : rdisc=0.939, norm=0.0281
REGINN:CGLS::k=8 : rdisc=0.935, norm=0.0317
REGINN:CGLS::k=9 : rdisc=0.932, norm=0.0357
REGINN:CGLS::k=10: rdisc=0.931, norm=0.0371
REGINN:CGLS::k=11: rdisc=0.927, norm=0.0442
REGINN:CGLS::k=12: rdisc=0.923, norm=0.0512
REGINN:CGLS::k=13: rdisc=0.918, norm=0.0587
REGINN:CGLS::k=14: rdisc=0.916, norm=0.0632
REGINN:CGLS::k=15: rdisc=0.908, norm=0.0799
REGINN:CGLS::k=16: rdisc=0.906, norm=0.0849
REGINN:CGLS::k=17: rdisc=0.905, norm=0.0886
REGINN:CGLS::k=18: rdisc=0.898, norm=0.104
REGINN:CGLS::k=19: rdisc=0.826, norm=0.295
REGINN:CGLS::Safeguarding: λ=0.546 ⇒ rdisc=0.848
REGINN:CGLS::Target discrepancy reached after 19 iterations.
REGINN::i=19: rdisc=0.00235, rnorm=0.855, rerr=0.684
REGINN::-0.0996 ≤ estimate ≤ 0.363
REGINN::
REGINN::Solving linear problem using rtol=0.849 and max_iter=38
REGINN:CGLS::k=0 : rdisc=1.00 , norm=0.00 
REGINN:CGLS::k=1 : rdisc=0.991, norm=0.00453
REGINN:CGLS::k=2 : rdisc=0.989, norm=0.00566
REGINN:CGLS::k=3 : rdisc=0.987, norm=0.00694
REGINN:CGLS::k=4 : rdisc=0.982, norm=0.0102
REGINN:CGLS::k=5 : rdisc=0.979, norm=0.0131
REGINN:CGLS::k=6 : rdisc=0.976, norm=0.0170
REGINN:CGLS::k=7 : rdisc=0.972, norm=0.0213
REGINN:CGLS::k=8 : rdisc=0.969, norm=0.0252
REGINN:CGLS::k=9 : rdisc=0.966, norm=0.0304
REGINN:CGLS::k=10: rdisc=0.965, norm=0.0320
REGINN:CGLS::k=11: rdisc=0.961, norm=0.0394
REGINN:CGLS::k=12: rdisc=0.959, norm=0.0439
REGINN:CGLS::k=13: rdisc=0.956, norm=0.0487
REGINN:CGLS::k=14: rdisc=0.954, norm=0.0538
REGINN:CGLS::k=15: rdisc=0.948, norm=0.0668
REGINN:CGLS::k=16: rdisc=0.944, norm=0.0749
REGINN:CGLS::k=17: rdisc=0.941, norm=0.0833
REGINN:CGLS::k=18: rdisc=0.933, norm=0.103
REGINN:CGLS::k=19: rdisc=0.926, norm=0.121
REGINN:CGLS::k=20: rdisc=0.892, norm=0.214
REGINN:CGLS::k=21: rdisc=0.867, norm=0.279
REGINN:CGLS::k=22: rdisc=0.850, norm=0.324
REGINN:CGLS::k=23: rdisc=0.811, norm=0.425
REGINN:CGLS::Safeguarding: λ=0.984 ⇒ rdisc=0.849
REGINN:CGLS::Target discrepancy reached after 23 iterations.
REGINN::Saving current residual in ./step-0020/
REGINN::Saving current estimate in ./step-0020/
REGINN::i=20: rdisc=0.00200, rnorm=0.859, rerr=0.674
REGINN::-0.0992 ≤ estimate ≤ 0.367
REGINN::
REGINN::Saving current residual in ./step-0020/
REGINN::Saving current estimate in ./step-0020/
REGINN::Target discrepancy reached after 20 iterations.
REGINN::-0.0992 ≤ estimate ≤ 0.367
Relative ℝⁿ error of the reconstruction: 0.159
Relative L²([0,T], L²(Ω)) error of the reconstruction: 0.155
Relative H¹([0,T], L²(Ω)) error of the reconstruction: 0.165
Relative H¹([0,T], H¹(Ω)) error of the reconstruction: 0.181
Relative H²([0,T], L²(Ω)) error of the reconstruction: 0.218
Relative ℝⁿ error of (reconstruction - initial guess): 0.476
Relative L²([0,T], L²(Ω)) error of (reconstruction - initial guess): 0.464
Relative H¹([0,T], L²(Ω)) error of (reconstruction - initial guess): 0.495
Relative H¹([0,T], H¹(Ω)) error of (reconstruction - initial guess): 0.543
Relative H²([0,T], L²(Ω)) error of (reconstruction - initial guess): 0.655
stats::forward              : 22 calls, average 867.7ms per call
stats::linearization forward: 167 calls, average 945.4ms per call
stats::linearization adjoint: 167 calls, average 1.3s per call
stats::measure forward      : 189 calls, average 328.4µs per call
stats::measure adjoint      : 167 calls, average 419.8µs per call
stats::total wall time      : 8min 38s
