JobId thies-vm Wed Dec 20 07:18:06 2017
wavepi 9917bea4
Release-Build, compiled on 2017-12-19T14:07:29Z
from git commit 9917bea4c2d4d4b2d11b07e0f18f6cf79e5fe149 on branch master
initialize_mesh::Number of active cells: 4096
initialize_mesh::Number of degrees of freedom in the first spatial mesh: 4225
initialize_mesh::cell diameters: minimal = 0.177, maximal = 0.177
initialize_mesh::dt: 0.0235
parameters:WaveEquation::theta: 0.5
parameters:WaveEquation::tol: 1e-8
parameters:constraints::lower bound: -1e300
parameters:constraints::upper bound: 1e300
parameters:general::dimension: 2
parameters:general::finite element degree: 1
parameters:general::quadrature order: 3
parameters:inversion::method: REGINN
parameters:inversion::tau: 2
parameters:log::console depth: 2
parameters:log::file: wavepi.log
parameters:log::file depth: 100
parameters:mesh::end time: 6
parameters:mesh::initial refines: 6
parameters:mesh::initial time steps: 256
parameters:output::data: true
parameters:output::destination: ./step-{{i}}/
parameters:output::discrepancy decrease: 0.5
parameters:output::estimate: true
parameters:output::exact: true
parameters:output::interval: 50
parameters:output::last: true
parameters:output::residual: true
parameters:output::statistics: history
parameters:problem::constants: 
parameters:problem::epsilon: 1e-4
parameters:problem::initial guess: 1.0
parameters:problem::parameter a: 1.0
parameters:problem::parameter c: 1.5
parameters:problem::parameter nu: 0.0
parameters:problem::parameter q: 1.5
parameters:problem::type: L2Q
parameters:watchdog::discrepancy increasing: false
parameters:watchdog::discrepancy slope min values: 40
parameters:watchdog::discrepancy slope percentage: 0.25
parameters:watchdog::discrepancy slope threshold: 0.0
parameters:watchdog::discrepancy threshold: 10.0
parameters:watchdog::maximum iteration count: 0
REGINN::i=0 : rdisc=0.205, rnorm=0.667, rerr=0.333
REGINN::Saving exact parameter in ./step-0000/
REGINN::Saving data in ./step-0000/
REGINN::Saving current residual in ./step-0000/
REGINN::Saving current estimate in ./step-0000/
REGINN::1.00 ≤ estimate ≤ 1.00
REGINN::Solving linear problem using rtol=0.700 and max_iter=0
REGINN:CGLS::k=0 : rdisc=1.00, norm=0.00
REGINN:CGLS::k=1 : rdisc=0.519, norm=1.19
REGINN:CGLS::Target discrepancy reached after 1 iteration.
REGINN::i=1 : rdisc=0.106, rnorm=0.675, rerr=0.329
REGINN::0.705 ≤ estimate ≤ 3.85
REGINN::Solving linear problem using rtol=0.700 and max_iter=0
REGINN:CGLS::k=0 : rdisc=1.00, norm=0.00
REGINN:CGLS::k=1 : rdisc=0.710, norm=0.740
REGINN:CGLS::k=2 : rdisc=0.647, norm=0.906
REGINN:CGLS::Target discrepancy reached after 2 iterations.
REGINN::i=2 : rdisc=0.0689, rnorm=0.684, rerr=0.324
REGINN::Saving current residual in ./step-0002/
REGINN::Saving current estimate in ./step-0002/
REGINN::0.787 ≤ estimate ≤ 4.47
REGINN::Solving linear problem using rtol=0.598 and max_iter=0
REGINN:CGLS::k=0 : rdisc=1.00, norm=0.00
REGINN:CGLS::k=1 : rdisc=0.937, norm=0.292
REGINN:CGLS::k=2 : rdisc=0.679, norm=1.50
REGINN:CGLS::k=3 : rdisc=0.489, norm=2.21
REGINN:CGLS::Target discrepancy reached after 3 iterations.
REGINN::i=3 : rdisc=0.0347, rnorm=0.714, rerr=0.309
REGINN::-0.842 ≤ estimate ≤ 3.18
REGINN::Solving linear problem using rtol=0.512 and max_iter=0
REGINN:CGLS::k=0 : rdisc=1.00, norm=0.00
REGINN:CGLS::k=1 : rdisc=0.905, norm=0.143
REGINN:CGLS::k=2 : rdisc=0.767, norm=0.399
REGINN:CGLS::k=3 : rdisc=0.731, norm=0.472
REGINN:CGLS::k=4 : rdisc=0.614, norm=0.788
REGINN:CGLS::k=5 : rdisc=0.544, norm=0.995
REGINN:CGLS::k=6 : rdisc=0.462, norm=1.25
REGINN:CGLS::Target discrepancy reached after 6 iterations.
REGINN::i=4 : rdisc=0.0163, rnorm=0.731, rerr=0.302
REGINN::Saving current residual in ./step-0004/
REGINN::Saving current estimate in ./step-0004/
REGINN::-0.856 ≤ estimate ≤ 3.64
REGINN::Solving linear problem using rtol=0.438 and max_iter=0
REGINN:CGLS::k=0 : rdisc=1.00, norm=0.00
REGINN:CGLS::k=1 : rdisc=0.942, norm=0.0740
REGINN:CGLS::k=2 : rdisc=0.918, norm=0.107
REGINN:CGLS::k=3 : rdisc=0.876, norm=0.195
REGINN:CGLS::k=4 : rdisc=0.837, norm=0.297
REGINN:CGLS::k=5 : rdisc=0.774, norm=0.472
REGINN:CGLS::k=6 : rdisc=0.671, norm=0.766
REGINN:CGLS::k=7 : rdisc=0.591, norm=0.988
REGINN:CGLS::k=8 : rdisc=0.555, norm=1.09
REGINN:CGLS::k=9 : rdisc=0.538, norm=1.13
REGINN:CGLS::k=10: rdisc=0.475, norm=1.31
REGINN:CGLS::k=11: rdisc=0.470, norm=1.33
REGINN:CGLS::k=12: rdisc=0.406, norm=1.53
REGINN:CGLS::Target discrepancy reached after 12 iterations.
REGINN::i=5 : rdisc=0.00687, rnorm=0.750, rerr=0.294
REGINN::Saving current residual in ./step-0005/
REGINN::Saving current estimate in ./step-0005/
REGINN::-0.492 ≤ estimate ≤ 3.77
REGINN::Solving linear problem using rtol=0.683 and max_iter=0
REGINN:CGLS::k=0 : rdisc=1.00, norm=0.00
REGINN:CGLS::k=1 : rdisc=0.983, norm=0.0152
REGINN:CGLS::k=2 : rdisc=0.923, norm=0.0787
REGINN:CGLS::k=3 : rdisc=0.906, norm=0.0986
REGINN:CGLS::k=4 : rdisc=0.887, norm=0.126
REGINN:CGLS::k=5 : rdisc=0.868, norm=0.161
REGINN:CGLS::k=6 : rdisc=0.853, norm=0.193
REGINN:CGLS::k=7 : rdisc=0.800, norm=0.319
REGINN:CGLS::k=8 : rdisc=0.779, norm=0.373
REGINN:CGLS::k=9 : rdisc=0.766, norm=0.407
REGINN:CGLS::k=10: rdisc=0.680, norm=0.630
REGINN:CGLS::Target discrepancy reached after 10 iterations.
REGINN::i=6 : rdisc=0.00470, rnorm=0.753, rerr=0.292
REGINN::-0.870 ≤ estimate ≤ 3.57
REGINN::Solving linear problem using rtol=0.584 and max_iter=0
REGINN:CGLS::k=0 : rdisc=1.00, norm=0.00
REGINN:CGLS::k=1 : rdisc=0.973, norm=0.0182
REGINN:CGLS::k=2 : rdisc=0.963, norm=0.0253
REGINN:CGLS::k=3 : rdisc=0.953, norm=0.0347
REGINN:CGLS::k=4 : rdisc=0.942, norm=0.0491
REGINN:CGLS::k=5 : rdisc=0.915, norm=0.0909
REGINN:CGLS::k=6 : rdisc=0.891, norm=0.133
REGINN:CGLS::k=7 : rdisc=0.869, norm=0.172
REGINN:CGLS::k=8 : rdisc=0.850, norm=0.209
REGINN:CGLS::k=9 : rdisc=0.842, norm=0.227
REGINN:CGLS::k=10: rdisc=0.833, norm=0.245
REGINN:CGLS::k=11: rdisc=0.823, norm=0.266
REGINN:CGLS::k=12: rdisc=0.802, norm=0.313
REGINN:CGLS::k=13: rdisc=0.779, norm=0.369
REGINN:CGLS::k=14: rdisc=0.722, norm=0.515
REGINN:CGLS::k=15: rdisc=0.714, norm=0.536
REGINN:CGLS::k=16: rdisc=0.645, norm=0.712
REGINN:CGLS::k=17: rdisc=0.611, norm=0.794
REGINN:CGLS::k=18: rdisc=0.602, norm=0.817
REGINN:CGLS::k=19: rdisc=0.579, norm=0.870
REGINN:CGLS::Target discrepancy reached after 19 iterations.
REGINN::i=7 : rdisc=0.00282, rnorm=0.764, rerr=0.288
REGINN::Saving current residual in ./step-0007/
REGINN::Saving current estimate in ./step-0007/
REGINN::-1.35 ≤ estimate ≤ 3.51
REGINN::Solving linear problem using rtol=0.742 and max_iter=0
REGINN:CGLS::k=0 : rdisc=1.00, norm=0.00
REGINN:CGLS::k=1 : rdisc=0.989, norm=0.00375
REGINN:CGLS::k=2 : rdisc=0.980, norm=0.00870
REGINN:CGLS::k=3 : rdisc=0.973, norm=0.0135
REGINN:CGLS::k=4 : rdisc=0.964, norm=0.0221
REGINN:CGLS::k=5 : rdisc=0.949, norm=0.0381
REGINN:CGLS::k=6 : rdisc=0.934, norm=0.0579
REGINN:CGLS::k=7 : rdisc=0.918, norm=0.0809
REGINN:CGLS::k=8 : rdisc=0.911, norm=0.0921
REGINN:CGLS::k=9 : rdisc=0.908, norm=0.0967
REGINN:CGLS::k=10: rdisc=0.897, norm=0.116
REGINN:CGLS::k=11: rdisc=0.889, norm=0.129
REGINN:CGLS::k=12: rdisc=0.878, norm=0.151
REGINN:CGLS::k=13: rdisc=0.860, norm=0.188
REGINN:CGLS::k=14: rdisc=0.850, norm=0.208
REGINN:CGLS::k=15: rdisc=0.834, norm=0.246
REGINN:CGLS::k=16: rdisc=0.827, norm=0.261
REGINN:CGLS::k=17: rdisc=0.807, norm=0.307
REGINN:CGLS::k=18: rdisc=0.795, norm=0.336
REGINN:CGLS::k=19: rdisc=0.778, norm=0.375
REGINN:CGLS::k=20: rdisc=0.773, norm=0.388
REGINN:CGLS::k=21: rdisc=0.738, norm=0.472
REGINN:CGLS::Target discrepancy reached after 21 iterations.
REGINN::i=8 : rdisc=0.00210, rnorm=0.765, rerr=0.286
REGINN::-0.655 ≤ estimate ≤ 3.31
REGINN::Solving linear problem using rtol=0.728 and max_iter=0
REGINN:CGLS::k=0 : rdisc=1.00, norm=0.00
REGINN:CGLS::k=1 : rdisc=0.983, norm=0.00612
REGINN:CGLS::k=2 : rdisc=0.973, norm=0.00983
REGINN:CGLS::k=3 : rdisc=0.970, norm=0.0112
REGINN:CGLS::k=4 : rdisc=0.965, norm=0.0151
REGINN:CGLS::k=5 : rdisc=0.954, norm=0.0255
REGINN:CGLS::k=6 : rdisc=0.946, norm=0.0351
REGINN:CGLS::k=7 : rdisc=0.939, norm=0.0442
REGINN:CGLS::k=8 : rdisc=0.932, norm=0.0548
REGINN:CGLS::k=9 : rdisc=0.924, norm=0.0677
REGINN:CGLS::k=10: rdisc=0.921, norm=0.0715
REGINN:CGLS::k=11: rdisc=0.911, norm=0.0888
REGINN:CGLS::k=12: rdisc=0.909, norm=0.0924
REGINN:CGLS::k=13: rdisc=0.900, norm=0.111
REGINN:CGLS::k=14: rdisc=0.887, norm=0.138
REGINN:CGLS::k=15: rdisc=0.875, norm=0.163
REGINN:CGLS::k=16: rdisc=0.862, norm=0.190
REGINN:CGLS::k=17: rdisc=0.859, norm=0.198
REGINN:CGLS::k=18: rdisc=0.849, norm=0.221
REGINN:CGLS::k=19: rdisc=0.844, norm=0.232
REGINN:CGLS::k=20: rdisc=0.836, norm=0.250
REGINN:CGLS::k=21: rdisc=0.824, norm=0.277
REGINN:CGLS::k=22: rdisc=0.804, norm=0.325
REGINN:CGLS::k=23: rdisc=0.801, norm=0.333
REGINN:CGLS::k=24: rdisc=0.776, norm=0.394
REGINN:CGLS::k=25: rdisc=0.761, norm=0.430
REGINN:CGLS::k=26: rdisc=0.754, norm=0.447
REGINN:CGLS::k=27: rdisc=0.751, norm=0.453
REGINN:CGLS::k=28: rdisc=0.732, norm=0.500
REGINN:CGLS::k=29: rdisc=0.728, norm=0.510
REGINN:CGLS::Target discrepancy reached after 29 iterations.
REGINN::i=9 : rdisc=0.00157, rnorm=0.771, rerr=0.285
REGINN::-1.10 ≤ estimate ≤ 3.49
REGINN::Solving linear problem using rtol=0.763 and max_iter=0
REGINN:CGLS::k=0 : rdisc=1.00, norm=0.00
REGINN:CGLS::k=1 : rdisc=0.995, norm=0.00177
REGINN:CGLS::k=2 : rdisc=0.986, norm=0.00538
REGINN:CGLS::k=3 : rdisc=0.982, norm=0.00748
REGINN:CGLS::k=4 : rdisc=0.980, norm=0.00904
REGINN:CGLS::k=5 : rdisc=0.967, norm=0.0200
REGINN:CGLS::k=6 : rdisc=0.958, norm=0.0292
REGINN:CGLS::k=7 : rdisc=0.944, norm=0.0453
REGINN:CGLS::k=8 : rdisc=0.926, norm=0.0660
REGINN:CGLS::k=9 : rdisc=0.923, norm=0.0696
REGINN:CGLS::k=10: rdisc=0.918, norm=0.0756
REGINN:CGLS::k=11: rdisc=0.916, norm=0.0787
REGINN:CGLS::k=12: rdisc=0.908, norm=0.0892
REGINN:CGLS::k=13: rdisc=0.901, norm=0.0979
REGINN:CGLS::k=14: rdisc=0.895, norm=0.106
REGINN:CGLS::k=15: rdisc=0.887, norm=0.118
REGINN:CGLS::k=16: rdisc=0.885, norm=0.122
REGINN:CGLS::k=17: rdisc=0.880, norm=0.130
REGINN:CGLS::k=18: rdisc=0.878, norm=0.132
REGINN:CGLS::k=19: rdisc=0.876, norm=0.136
REGINN:CGLS::k=20: rdisc=0.872, norm=0.143
REGINN:CGLS::k=21: rdisc=0.866, norm=0.154
REGINN:CGLS::k=22: rdisc=0.855, norm=0.174
REGINN:CGLS::k=23: rdisc=0.853, norm=0.177
REGINN:CGLS::k=24: rdisc=0.850, norm=0.185
REGINN:CGLS::k=25: rdisc=0.848, norm=0.188
REGINN:CGLS::k=26: rdisc=0.843, norm=0.200
REGINN:CGLS::k=27: rdisc=0.837, norm=0.212
REGINN:CGLS::k=28: rdisc=0.824, norm=0.242
REGINN:CGLS::k=29: rdisc=0.816, norm=0.261
REGINN:CGLS::k=30: rdisc=0.810, norm=0.277
REGINN:CGLS::k=31: rdisc=0.799, norm=0.305
REGINN:CGLS::k=32: rdisc=0.784, norm=0.343
REGINN:CGLS::k=33: rdisc=0.769, norm=0.381
REGINN:CGLS::k=34: rdisc=0.749, norm=0.432
REGINN:CGLS::Target discrepancy reached after 34 iterations.
REGINN::i=10: rdisc=0.00118, rnorm=0.773, rerr=0.283
REGINN::Saving current residual in ./step-0010/
REGINN::Saving current estimate in ./step-0010/
REGINN::-0.791 ≤ estimate ≤ 3.33
REGINN::Solving linear problem using rtol=0.758 and max_iter=0
REGINN:CGLS::k=0 : rdisc=1.00, norm=0.00
REGINN:CGLS::k=1 : rdisc=0.994, norm=0.00139
REGINN:CGLS::k=2 : rdisc=0.984, norm=0.00459
REGINN:CGLS::k=3 : rdisc=0.979, norm=0.00639
REGINN:CGLS::k=4 : rdisc=0.972, norm=0.00942
REGINN:CGLS::k=5 : rdisc=0.962, norm=0.0144
REGINN:CGLS::k=6 : rdisc=0.955, norm=0.0186
REGINN:CGLS::k=7 : rdisc=0.947, norm=0.0244
REGINN:CGLS::k=8 : rdisc=0.941, norm=0.0295
REGINN:CGLS::k=9 : rdisc=0.938, norm=0.0323
REGINN:CGLS::k=10: rdisc=0.935, norm=0.0349
REGINN:CGLS::k=11: rdisc=0.932, norm=0.0373
REGINN:CGLS::k=12: rdisc=0.930, norm=0.0396
REGINN:CGLS::k=13: rdisc=0.927, norm=0.0424
REGINN:CGLS::k=14: rdisc=0.921, norm=0.0492
REGINN:CGLS::k=15: rdisc=0.916, norm=0.0559
REGINN:CGLS::k=16: rdisc=0.915, norm=0.0572
REGINN:CGLS::k=17: rdisc=0.913, norm=0.0609
REGINN:CGLS::k=18: rdisc=0.912, norm=0.0621
REGINN:CGLS::k=19: rdisc=0.903, norm=0.0777
REGINN:CGLS::k=20: rdisc=0.900, norm=0.0831
REGINN:CGLS::k=21: rdisc=0.896, norm=0.0896
REGINN:CGLS::k=22: rdisc=0.891, norm=0.0986
REGINN:CGLS::k=23: rdisc=0.890, norm=0.101
REGINN:CGLS::k=24: rdisc=0.887, norm=0.108
REGINN:CGLS::k=25: rdisc=0.885, norm=0.112
REGINN:CGLS::k=26: rdisc=0.883, norm=0.117
REGINN:CGLS::k=27: rdisc=0.876, norm=0.130
REGINN:CGLS::k=28: rdisc=0.872, norm=0.141
REGINN:CGLS::k=29: rdisc=0.867, norm=0.152
REGINN:CGLS::k=30: rdisc=0.866, norm=0.154
REGINN:CGLS::k=31: rdisc=0.861, norm=0.165
REGINN:CGLS::k=32: rdisc=0.860, norm=0.168
REGINN:CGLS::k=33: rdisc=0.853, norm=0.185
REGINN:CGLS::k=34: rdisc=0.845, norm=0.205
REGINN:CGLS::k=35: rdisc=0.831, norm=0.239
REGINN:CGLS::k=36: rdisc=0.829, norm=0.247
REGINN:CGLS::k=37: rdisc=0.819, norm=0.271
REGINN:CGLS::k=38: rdisc=0.815, norm=0.282
REGINN:CGLS::k=39: rdisc=0.806, norm=0.306
REGINN:CGLS::k=40: rdisc=0.779, norm=0.374
REGINN:CGLS::k=41: rdisc=0.755, norm=0.436
REGINN:CGLS::Target discrepancy reached after 41 iterations.
REGINN::i=11: rdisc=0.000924, rnorm=0.778, rerr=0.281
REGINN::-0.652 ≤ estimate ≤ 3.53
REGINN::Solving linear problem using rtol=0.759 and max_iter=0
REGINN:CGLS::k=0 : rdisc=1.00, norm=0.00
REGINN:CGLS::k=1 : rdisc=0.990, norm=0.00136
REGINN:CGLS::k=2 : rdisc=0.984, norm=0.00262
REGINN:CGLS::k=3 : rdisc=0.974, norm=0.00545
REGINN:CGLS::k=4 : rdisc=0.963, norm=0.0102
REGINN:CGLS::k=5 : rdisc=0.959, norm=0.0120
REGINN:CGLS::k=6 : rdisc=0.954, norm=0.0143
REGINN:CGLS::k=7 : rdisc=0.950, norm=0.0170
REGINN:CGLS::k=8 : rdisc=0.941, norm=0.0223
REGINN:CGLS::k=9 : rdisc=0.939, norm=0.0241
REGINN:CGLS::k=10: rdisc=0.932, norm=0.0291
REGINN:CGLS::k=11: rdisc=0.923, norm=0.0362
REGINN:CGLS::k=12: rdisc=0.921, norm=0.0381
REGINN:CGLS::k=13: rdisc=0.917, norm=0.0410
REGINN:CGLS::k=14: rdisc=0.914, norm=0.0440
REGINN:CGLS::k=15: rdisc=0.907, norm=0.0510
REGINN:CGLS::k=16: rdisc=0.906, norm=0.0520
REGINN:CGLS::k=17: rdisc=0.902, norm=0.0559
REGINN:CGLS::k=18: rdisc=0.901, norm=0.0579
REGINN:CGLS::k=19: rdisc=0.899, norm=0.0596
REGINN:CGLS::k=20: rdisc=0.897, norm=0.0623
REGINN:CGLS::k=21: rdisc=0.895, norm=0.0651
REGINN:CGLS::k=22: rdisc=0.893, norm=0.0666
REGINN:CGLS::k=23: rdisc=0.890, norm=0.0707
REGINN:CGLS::k=24: rdisc=0.890, norm=0.0717
REGINN:CGLS::k=25: rdisc=0.887, norm=0.0755
REGINN:CGLS::k=26: rdisc=0.887, norm=0.0764
REGINN:CGLS::k=27: rdisc=0.883, norm=0.0819
REGINN:CGLS::k=28: rdisc=0.881, norm=0.0854
REGINN:CGLS::k=29: rdisc=0.879, norm=0.0892
REGINN:CGLS::k=30: rdisc=0.877, norm=0.0920
REGINN:CGLS::k=31: rdisc=0.875, norm=0.0954
REGINN:CGLS::k=32: rdisc=0.874, norm=0.0972
REGINN:CGLS::k=33: rdisc=0.873, norm=0.101
REGINN:CGLS::k=34: rdisc=0.870, norm=0.106
REGINN:CGLS::k=35: rdisc=0.867, norm=0.111
REGINN:CGLS::k=36: rdisc=0.866, norm=0.115
REGINN:CGLS::k=37: rdisc=0.864, norm=0.119
REGINN:CGLS::k=38: rdisc=0.862, norm=0.123
REGINN:CGLS::k=39: rdisc=0.859, norm=0.130
REGINN:CGLS::k=40: rdisc=0.857, norm=0.134
REGINN:CGLS::k=41: rdisc=0.852, norm=0.148
REGINN:CGLS::k=42: rdisc=0.840, norm=0.177
REGINN:CGLS::k=43: rdisc=0.828, norm=0.210
REGINN:CGLS::k=44: rdisc=0.823, norm=0.224
REGINN:CGLS::k=45: rdisc=0.818, norm=0.237
REGINN:CGLS::k=46: rdisc=0.809, norm=0.260
REGINN:CGLS::k=47: rdisc=0.799, norm=0.288
REGINN:CGLS::k=48: rdisc=0.792, norm=0.308
REGINN:CGLS::k=49: rdisc=0.782, norm=0.333
REGINN:CGLS::k=50: rdisc=0.769, norm=0.370
REGINN:CGLS::k=51: rdisc=0.764, norm=0.382
REGINN:CGLS::k=52: rdisc=0.751, norm=0.416
REGINN:CGLS::Target discrepancy reached after 52 iterations.
REGINN::i=12: rdisc=0.000714, rnorm=0.780, rerr=0.280
REGINN::-1.28 ≤ estimate ≤ 3.67
REGINN::Solving linear problem using rtol=0.770 and max_iter=0
REGINN:CGLS::k=0 : rdisc=1.00, norm=0.00
REGINN:CGLS::k=1 : rdisc=0.994, norm=0.000781
REGINN:CGLS::k=2 : rdisc=0.990, norm=0.00161
REGINN:CGLS::k=3 : rdisc=0.985, norm=0.00282
REGINN:CGLS::k=4 : rdisc=0.978, norm=0.00493
REGINN:CGLS::k=5 : rdisc=0.970, norm=0.00834
REGINN:CGLS::k=6 : rdisc=0.963, norm=0.0109
REGINN:CGLS::k=7 : rdisc=0.956, norm=0.0144
REGINN:CGLS::k=8 : rdisc=0.949, norm=0.0183
REGINN:CGLS::k=9 : rdisc=0.946, norm=0.0202
REGINN:CGLS::k=10: rdisc=0.941, norm=0.0229
REGINN:CGLS::k=11: rdisc=0.934, norm=0.0275
REGINN:CGLS::k=12: rdisc=0.932, norm=0.0283
REGINN:CGLS::k=13: rdisc=0.930, norm=0.0302
REGINN:CGLS::k=14: rdisc=0.926, norm=0.0333
REGINN:CGLS::k=15: rdisc=0.921, norm=0.0367
REGINN:CGLS::k=16: rdisc=0.919, norm=0.0387
REGINN:CGLS::k=17: rdisc=0.917, norm=0.0398
REGINN:CGLS::k=18: rdisc=0.916, norm=0.0412
REGINN:CGLS::k=19: rdisc=0.914, norm=0.0432
REGINN:CGLS::k=20: rdisc=0.913, norm=0.0437
REGINN:CGLS::k=21: rdisc=0.911, norm=0.0459
REGINN:CGLS::k=22: rdisc=0.910, norm=0.0473
REGINN:CGLS::k=23: rdisc=0.908, norm=0.0490
REGINN:CGLS::k=24: rdisc=0.907, norm=0.0509
REGINN:CGLS::k=25: rdisc=0.904, norm=0.0549
REGINN:CGLS::k=26: rdisc=0.902, norm=0.0567
REGINN:CGLS::k=27: rdisc=0.901, norm=0.0588
REGINN:CGLS::k=28: rdisc=0.899, norm=0.0617
REGINN:CGLS::k=29: rdisc=0.896, norm=0.0661
REGINN:CGLS::k=30: rdisc=0.895, norm=0.0677
REGINN:CGLS::k=31: rdisc=0.893, norm=0.0715
REGINN:CGLS::k=32: rdisc=0.889, norm=0.0769
REGINN:CGLS::k=33: rdisc=0.887, norm=0.0802
REGINN:CGLS::k=34: rdisc=0.887, norm=0.0813
REGINN:CGLS::k=35: rdisc=0.886, norm=0.0837
REGINN:CGLS::k=36: rdisc=0.884, norm=0.0859
REGINN:CGLS::k=37: rdisc=0.883, norm=0.0887
REGINN:CGLS::k=38: rdisc=0.881, norm=0.0920
REGINN:CGLS::k=39: rdisc=0.879, norm=0.0953
REGINN:CGLS::k=40: rdisc=0.877, norm=0.100
REGINN:CGLS::k=41: rdisc=0.876, norm=0.102
REGINN:CGLS::k=42: rdisc=0.874, norm=0.107
REGINN:CGLS::k=43: rdisc=0.873, norm=0.108
REGINN:CGLS::k=44: rdisc=0.870, norm=0.115
REGINN:CGLS::k=45: rdisc=0.867, norm=0.122
REGINN:CGLS::k=46: rdisc=0.865, norm=0.127
REGINN:CGLS::k=47: rdisc=0.863, norm=0.132
REGINN:CGLS::k=48: rdisc=0.861, norm=0.135
REGINN:CGLS::k=49: rdisc=0.860, norm=0.138
REGINN:CGLS::k=50: rdisc=0.858, norm=0.142
REGINN:CGLS::k=51: rdisc=0.857, norm=0.145
REGINN:CGLS::k=52: rdisc=0.851, norm=0.161
REGINN:CGLS::k=53: rdisc=0.847, norm=0.169
REGINN:CGLS::k=54: rdisc=0.842, norm=0.184
REGINN:CGLS::k=55: rdisc=0.833, norm=0.205
REGINN:CGLS::k=56: rdisc=0.831, norm=0.210
REGINN:CGLS::k=57: rdisc=0.821, norm=0.239
REGINN:CGLS::k=58: rdisc=0.817, norm=0.249
REGINN:CGLS::k=59: rdisc=0.813, norm=0.259
REGINN:CGLS::k=60: rdisc=0.805, norm=0.282
REGINN:CGLS::k=61: rdisc=0.789, norm=0.322
REGINN:CGLS::k=62: rdisc=0.785, norm=0.334
REGINN:CGLS::k=63: rdisc=0.783, norm=0.340
REGINN:CGLS::k=64: rdisc=0.779, norm=0.350
REGINN:CGLS::k=65: rdisc=0.776, norm=0.357
REGINN:CGLS::k=66: rdisc=0.771, norm=0.372
REGINN:CGLS::k=67: rdisc=0.761, norm=0.397
REGINN:CGLS::Target discrepancy reached after 67 iterations.
REGINN::i=13: rdisc=0.000563, rnorm=0.783, rerr=0.278
REGINN::Saving current residual in ./step-0013/
REGINN::Saving current estimate in ./step-0013/
REGINN::-1.49 ≤ estimate ≤ 3.97
REGINN::Solving linear problem using rtol=0.780 and max_iter=0
REGINN:CGLS::k=0 : rdisc=1.00, norm=0.00
REGINN:CGLS::k=1 : rdisc=0.993, norm=0.000759
REGINN:CGLS::k=2 : rdisc=0.990, norm=0.00112
REGINN:CGLS::k=3 : rdisc=0.985, norm=0.00218
REGINN:CGLS::k=4 : rdisc=0.982, norm=0.00312
REGINN:CGLS::k=5 : rdisc=0.975, norm=0.00537
REGINN:CGLS::k=6 : rdisc=0.970, norm=0.00724
REGINN:CGLS::k=7 : rdisc=0.963, norm=0.0105
REGINN:CGLS::k=8 : rdisc=0.961, norm=0.0118
REGINN:CGLS::k=9 : rdisc=0.959, norm=0.0129
REGINN:CGLS::k=10: rdisc=0.954, norm=0.0153
REGINN:CGLS::k=11: rdisc=0.950, norm=0.0175
REGINN:CGLS::k=12: rdisc=0.948, norm=0.0189
REGINN:CGLS::k=13: rdisc=0.945, norm=0.0212
REGINN:CGLS::k=14: rdisc=0.940, norm=0.0247
REGINN:CGLS::k=15: rdisc=0.939, norm=0.0253
REGINN:CGLS::k=16: rdisc=0.930, norm=0.0318
REGINN:CGLS::k=17: rdisc=0.928, norm=0.0338
REGINN:CGLS::k=18: rdisc=0.925, norm=0.0364
REGINN:CGLS::k=19: rdisc=0.924, norm=0.0374
REGINN:CGLS::k=20: rdisc=0.920, norm=0.0409
REGINN:CGLS::k=21: rdisc=0.918, norm=0.0423
REGINN:CGLS::k=22: rdisc=0.917, norm=0.0435
REGINN:CGLS::k=23: rdisc=0.914, norm=0.0465
REGINN:CGLS::k=24: rdisc=0.912, norm=0.0485
REGINN:CGLS::k=25: rdisc=0.910, norm=0.0503
REGINN:CGLS::k=26: rdisc=0.909, norm=0.0517
REGINN:CGLS::k=27: rdisc=0.905, norm=0.0551
REGINN:CGLS::k=28: rdisc=0.905, norm=0.0560
REGINN:CGLS::k=29: rdisc=0.904, norm=0.0572
REGINN:CGLS::k=30: rdisc=0.902, norm=0.0590
REGINN:CGLS::k=31: rdisc=0.901, norm=0.0604
REGINN:CGLS::k=32: rdisc=0.900, norm=0.0612
REGINN:CGLS::k=33: rdisc=0.900, norm=0.0618
REGINN:CGLS::k=34: rdisc=0.899, norm=0.0630
REGINN:CGLS::k=35: rdisc=0.898, norm=0.0641
REGINN:CGLS::k=36: rdisc=0.896, norm=0.0665
REGINN:CGLS::k=37: rdisc=0.894, norm=0.0692
REGINN:CGLS::k=38: rdisc=0.893, norm=0.0710
REGINN:CGLS::k=39: rdisc=0.892, norm=0.0718
REGINN:CGLS::k=40: rdisc=0.890, norm=0.0749
REGINN:CGLS::k=41: rdisc=0.889, norm=0.0768
REGINN:CGLS::k=42: rdisc=0.886, norm=0.0806
REGINN:CGLS::k=43: rdisc=0.885, norm=0.0826
REGINN:CGLS::k=44: rdisc=0.882, norm=0.0874
REGINN:CGLS::k=45: rdisc=0.882, norm=0.0880
REGINN:CGLS::k=46: rdisc=0.881, norm=0.0902
REGINN:CGLS::k=47: rdisc=0.880, norm=0.0910
REGINN:CGLS::k=48: rdisc=0.879, norm=0.0924
REGINN:CGLS::k=49: rdisc=0.878, norm=0.0949
REGINN:CGLS::k=50: rdisc=0.877, norm=0.0978
REGINN:CGLS::k=51: rdisc=0.876, norm=0.0991
REGINN:CGLS::k=52: rdisc=0.875, norm=0.100
REGINN:CGLS::k=53: rdisc=0.873, norm=0.105
REGINN:CGLS::k=54: rdisc=0.872, norm=0.106
REGINN:CGLS::k=55: rdisc=0.870, norm=0.110
REGINN:CGLS::k=56: rdisc=0.869, norm=0.113
REGINN:CGLS::k=57: rdisc=0.868, norm=0.114
REGINN:CGLS::k=58: rdisc=0.866, norm=0.118
REGINN:CGLS::k=59: rdisc=0.865, norm=0.121
REGINN:CGLS::k=60: rdisc=0.863, norm=0.125
REGINN:CGLS::k=61: rdisc=0.862, norm=0.127
REGINN:CGLS::k=62: rdisc=0.861, norm=0.130
REGINN:CGLS::k=63: rdisc=0.859, norm=0.134
REGINN:CGLS::k=64: rdisc=0.857, norm=0.140
REGINN:CGLS::k=65: rdisc=0.853, norm=0.148
REGINN:CGLS::k=66: rdisc=0.850, norm=0.157
REGINN:CGLS::k=67: rdisc=0.846, norm=0.165
REGINN:CGLS::k=68: rdisc=0.845, norm=0.167
REGINN:CGLS::k=69: rdisc=0.842, norm=0.177
REGINN:CGLS::k=70: rdisc=0.838, norm=0.186
REGINN:CGLS::k=71: rdisc=0.837, norm=0.189
REGINN:CGLS::k=72: rdisc=0.830, norm=0.206
REGINN:CGLS::k=73: rdisc=0.828, norm=0.213
REGINN:CGLS::k=74: rdisc=0.825, norm=0.220
REGINN:CGLS::k=75: rdisc=0.821, norm=0.230
REGINN:CGLS::k=76: rdisc=0.816, norm=0.244
REGINN:CGLS::k=77: rdisc=0.804, norm=0.275
REGINN:CGLS::k=78: rdisc=0.803, norm=0.279
REGINN:CGLS::k=79: rdisc=0.797, norm=0.293
REGINN:CGLS::k=80: rdisc=0.791, norm=0.311
REGINN:CGLS::k=81: rdisc=0.787, norm=0.322
REGINN:CGLS::k=82: rdisc=0.771, norm=0.364
REGINN:CGLS::Target discrepancy reached after 82 iterations.
REGINN::i=14: rdisc=0.000455, rnorm=0.786, rerr=0.277
REGINN::-1.60 ≤ estimate ≤ 4.00
REGINN::Solving linear problem using rtol=0.779 and max_iter=0
REGINN:CGLS::k=0 : rdisc=1.00, norm=0.00
REGINN:CGLS::k=1 : rdisc=0.990, norm=0.000480
REGINN:CGLS::k=2 : rdisc=0.984, norm=0.00109
REGINN:CGLS::k=3 : rdisc=0.973, norm=0.00290
REGINN:CGLS::k=4 : rdisc=0.968, norm=0.00406
REGINN:CGLS::k=5 : rdisc=0.966, norm=0.00453
REGINN:CGLS::k=6 : rdisc=0.963, norm=0.00554
REGINN:CGLS::k=7 : rdisc=0.961, norm=0.00609
REGINN:CGLS::k=8 : rdisc=0.958, norm=0.00702
REGINN:CGLS::k=9 : rdisc=0.954, norm=0.00859
REGINN:CGLS::k=10: rdisc=0.950, norm=0.0106
REGINN:CGLS::k=11: rdisc=0.947, norm=0.0121
REGINN:CGLS::k=12: rdisc=0.945, norm=0.0134
REGINN:CGLS::k=13: rdisc=0.943, norm=0.0143
REGINN:CGLS::k=14: rdisc=0.941, norm=0.0152
REGINN:CGLS::k=15: rdisc=0.939, norm=0.0168
REGINN:CGLS::k=16: rdisc=0.936, norm=0.0188
REGINN:CGLS::k=17: rdisc=0.933, norm=0.0206
REGINN:CGLS::k=18: rdisc=0.932, norm=0.0217
REGINN:CGLS::k=19: rdisc=0.931, norm=0.0225
REGINN:CGLS::k=20: rdisc=0.928, norm=0.0248
REGINN:CGLS::k=21: rdisc=0.927, norm=0.0254
REGINN:CGLS::k=22: rdisc=0.924, norm=0.0279
REGINN:CGLS::k=23: rdisc=0.922, norm=0.0300
REGINN:CGLS::k=24: rdisc=0.918, norm=0.0336
REGINN:CGLS::k=25: rdisc=0.917, norm=0.0344
REGINN:CGLS::k=26: rdisc=0.916, norm=0.0358
REGINN:CGLS::k=27: rdisc=0.913, norm=0.0381
REGINN:CGLS::k=28: rdisc=0.912, norm=0.0395
REGINN:CGLS::k=29: rdisc=0.910, norm=0.0421
REGINN:CGLS::k=30: rdisc=0.908, norm=0.0434
REGINN:CGLS::k=31: rdisc=0.908, norm=0.0442
REGINN:CGLS::k=32: rdisc=0.906, norm=0.0460
REGINN:CGLS::k=33: rdisc=0.904, norm=0.0485
REGINN:CGLS::k=34: rdisc=0.903, norm=0.0498
REGINN:CGLS::k=35: rdisc=0.901, norm=0.0516
REGINN:CGLS::k=36: rdisc=0.901, norm=0.0526
REGINN:CGLS::k=37: rdisc=0.900, norm=0.0538
REGINN:CGLS::k=38: rdisc=0.899, norm=0.0541
REGINN:CGLS::k=39: rdisc=0.898, norm=0.0564
REGINN:CGLS::k=40: rdisc=0.897, norm=0.0575
REGINN:CGLS::k=41: rdisc=0.895, norm=0.0603
REGINN:CGLS::k=42: rdisc=0.894, norm=0.0608
REGINN:CGLS::k=43: rdisc=0.893, norm=0.0622
REGINN:CGLS::k=44: rdisc=0.893, norm=0.0631
REGINN:CGLS::k=45: rdisc=0.892, norm=0.0640
REGINN:CGLS::k=46: rdisc=0.890, norm=0.0667
REGINN:CGLS::k=47: rdisc=0.888, norm=0.0695
REGINN:CGLS::k=48: rdisc=0.888, norm=0.0703
REGINN:CGLS::k=49: rdisc=0.887, norm=0.0711
REGINN:CGLS::k=50: rdisc=0.885, norm=0.0744
REGINN:CGLS::k=51: rdisc=0.885, norm=0.0754
REGINN:CGLS::k=52: rdisc=0.885, norm=0.0758
REGINN:CGLS::k=53: rdisc=0.883, norm=0.0782
REGINN:CGLS::k=54: rdisc=0.882, norm=0.0800
REGINN:CGLS::k=55: rdisc=0.882, norm=0.0807
REGINN:CGLS::k=56: rdisc=0.881, norm=0.0828
REGINN:CGLS::k=57: rdisc=0.879, norm=0.0851
REGINN:CGLS::k=58: rdisc=0.879, norm=0.0864
REGINN:CGLS::k=59: rdisc=0.878, norm=0.0873
REGINN:CGLS::k=60: rdisc=0.877, norm=0.0890
REGINN:CGLS::k=61: rdisc=0.876, norm=0.0905
REGINN:CGLS::k=62: rdisc=0.876, norm=0.0914
REGINN:CGLS::k=63: rdisc=0.874, norm=0.0949
REGINN:CGLS::k=64: rdisc=0.873, norm=0.0978
REGINN:CGLS::k=65: rdisc=0.872, norm=0.100
REGINN:CGLS::k=66: rdisc=0.871, norm=0.102
REGINN:CGLS::k=67: rdisc=0.870, norm=0.104
REGINN:CGLS::k=68: rdisc=0.870, norm=0.104
REGINN:CGLS::k=69: rdisc=0.868, norm=0.108
REGINN:CGLS::k=70: rdisc=0.867, norm=0.111
REGINN:CGLS::k=71: rdisc=0.864, norm=0.116
REGINN:CGLS::k=72: rdisc=0.863, norm=0.119
REGINN:CGLS::k=73: rdisc=0.862, norm=0.120
REGINN:CGLS::k=74: rdisc=0.860, norm=0.126
REGINN:CGLS::k=75: rdisc=0.859, norm=0.127
REGINN:CGLS::k=76: rdisc=0.858, norm=0.131
REGINN:CGLS::k=77: rdisc=0.856, norm=0.136
REGINN:CGLS::k=78: rdisc=0.853, norm=0.143
REGINN:CGLS::k=79: rdisc=0.853, norm=0.144
REGINN:CGLS::k=80: rdisc=0.851, norm=0.148
REGINN:CGLS::k=81: rdisc=0.847, norm=0.158
REGINN:CGLS::k=82: rdisc=0.847, norm=0.159
REGINN:CGLS::k=83: rdisc=0.842, norm=0.171
REGINN:CGLS::k=84: rdisc=0.840, norm=0.177
REGINN:CGLS::k=85: rdisc=0.838, norm=0.182
REGINN:CGLS::k=86: rdisc=0.835, norm=0.189
REGINN:CGLS::k=87: rdisc=0.832, norm=0.199
REGINN:CGLS::k=88: rdisc=0.829, norm=0.206
REGINN:CGLS::k=89: rdisc=0.828, norm=0.209
REGINN:CGLS::k=90: rdisc=0.822, norm=0.224
REGINN:CGLS::k=91: rdisc=0.821, norm=0.228
REGINN:CGLS::k=92: rdisc=0.817, norm=0.238
REGINN:CGLS::k=93: rdisc=0.811, norm=0.254
REGINN:CGLS::k=94: rdisc=0.805, norm=0.271
REGINN:CGLS::k=95: rdisc=0.798, norm=0.289
REGINN:CGLS::k=96: rdisc=0.797, norm=0.292
REGINN:CGLS::k=97: rdisc=0.792, norm=0.307
REGINN:CGLS::k=98: rdisc=0.789, norm=0.314
REGINN:CGLS::k=99: rdisc=0.784, norm=0.329
REGINN:CGLS::k=100: rdisc=0.779, norm=0.341
REGINN:CGLS::Target discrepancy reached after 100 iterations.
REGINN::i=15: rdisc=0.000374, rnorm=0.789, rerr=0.276
REGINN::-1.93 ≤ estimate ≤ 4.07
REGINN::Solving linear problem using rtol=0.778 and max_iter=0
REGINN:CGLS::k=0 : rdisc=1.00, norm=0.00
REGINN:CGLS::k=1 : rdisc=0.990, norm=0.000429
REGINN:CGLS::k=2 : rdisc=0.984, norm=0.000914
REGINN:CGLS::k=3 : rdisc=0.979, norm=0.00142
REGINN:CGLS::k=4 : rdisc=0.975, norm=0.00210
REGINN:CGLS::k=5 : rdisc=0.969, norm=0.00315
REGINN:CGLS::k=6 : rdisc=0.964, norm=0.00445
REGINN:CGLS::k=7 : rdisc=0.960, norm=0.00558
REGINN:CGLS::k=8 : rdisc=0.958, norm=0.00595
REGINN:CGLS::k=9 : rdisc=0.954, norm=0.00734
REGINN:CGLS::k=10: rdisc=0.952, norm=0.00819
REGINN:CGLS::k=11: rdisc=0.950, norm=0.00920
REGINN:CGLS::k=12: rdisc=0.949, norm=0.00948
REGINN:CGLS::k=13: rdisc=0.947, norm=0.0105
REGINN:CGLS::k=14: rdisc=0.945, norm=0.0115
REGINN:CGLS::k=15: rdisc=0.943, norm=0.0126
REGINN:CGLS::k=16: rdisc=0.938, norm=0.0153
REGINN:CGLS::k=17: rdisc=0.936, norm=0.0168
REGINN:CGLS::k=18: rdisc=0.932, norm=0.0191
REGINN:CGLS::k=19: rdisc=0.931, norm=0.0202
REGINN:CGLS::k=20: rdisc=0.929, norm=0.0212
REGINN:CGLS::k=21: rdisc=0.927, norm=0.0225
REGINN:CGLS::k=22: rdisc=0.927, norm=0.0229
REGINN:CGLS::k=23: rdisc=0.924, norm=0.0255
REGINN:CGLS::k=24: rdisc=0.921, norm=0.0275
REGINN:CGLS::k=25: rdisc=0.920, norm=0.0285
REGINN:CGLS::k=26: rdisc=0.919, norm=0.0292
REGINN:CGLS::k=27: rdisc=0.918, norm=0.0302
REGINN:CGLS::k=28: rdisc=0.916, norm=0.0317
REGINN:CGLS::k=29: rdisc=0.914, norm=0.0334
REGINN:CGLS::k=30: rdisc=0.914, norm=0.0339
REGINN:CGLS::k=31: rdisc=0.913, norm=0.0351
REGINN:CGLS::k=32: rdisc=0.911, norm=0.0368
REGINN:CGLS::k=33: rdisc=0.910, norm=0.0374
REGINN:CGLS::k=34: rdisc=0.909, norm=0.0385
REGINN:CGLS::k=35: rdisc=0.908, norm=0.0394
REGINN:CGLS::k=36: rdisc=0.906, norm=0.0421
REGINN:CGLS::k=37: rdisc=0.906, norm=0.0424
REGINN:CGLS::k=38: rdisc=0.904, norm=0.0440
REGINN:CGLS::k=39: rdisc=0.904, norm=0.0442
REGINN:CGLS::k=40: rdisc=0.902, norm=0.0461
REGINN:CGLS::k=41: rdisc=0.901, norm=0.0473
REGINN:CGLS::k=42: rdisc=0.901, norm=0.0484
REGINN:CGLS::k=43: rdisc=0.900, norm=0.0495
REGINN:CGLS::k=44: rdisc=0.899, norm=0.0500
REGINN:CGLS::k=45: rdisc=0.899, norm=0.0507
REGINN:CGLS::k=46: rdisc=0.898, norm=0.0518
REGINN:CGLS::k=47: rdisc=0.897, norm=0.0531
REGINN:CGLS::k=48: rdisc=0.896, norm=0.0540
REGINN:CGLS::k=49: rdisc=0.895, norm=0.0551
REGINN:CGLS::k=50: rdisc=0.895, norm=0.0559
REGINN:CGLS::k=51: rdisc=0.894, norm=0.0565
REGINN:CGLS::k=52: rdisc=0.894, norm=0.0577
REGINN:CGLS::k=53: rdisc=0.893, norm=0.0589
REGINN:CGLS::k=54: rdisc=0.892, norm=0.0604
REGINN:CGLS::k=55: rdisc=0.890, norm=0.0626
REGINN:CGLS::k=56: rdisc=0.889, norm=0.0646
REGINN:CGLS::k=57: rdisc=0.889, norm=0.0653
REGINN:CGLS::k=58: rdisc=0.888, norm=0.0662
REGINN:CGLS::k=59: rdisc=0.887, norm=0.0681
REGINN:CGLS::k=60: rdisc=0.886, norm=0.0688
REGINN:CGLS::k=61: rdisc=0.885, norm=0.0719
REGINN:CGLS::k=62: rdisc=0.883, norm=0.0752
REGINN:CGLS::k=63: rdisc=0.882, norm=0.0757
REGINN:CGLS::k=64: rdisc=0.881, norm=0.0775
REGINN:CGLS::k=65: rdisc=0.881, norm=0.0779
REGINN:CGLS::k=66: rdisc=0.881, norm=0.0787
REGINN:CGLS::k=67: rdisc=0.880, norm=0.0803
REGINN:CGLS::k=68: rdisc=0.879, norm=0.0818
REGINN:CGLS::k=69: rdisc=0.878, norm=0.0836
REGINN:CGLS::k=70: rdisc=0.878, norm=0.0843
REGINN:CGLS::k=71: rdisc=0.877, norm=0.0856
REGINN:CGLS::k=72: rdisc=0.877, norm=0.0866
REGINN:CGLS::k=73: rdisc=0.876, norm=0.0874
REGINN:CGLS::k=74: rdisc=0.875, norm=0.0898
REGINN:CGLS::k=75: rdisc=0.874, norm=0.0917
REGINN:CGLS::k=76: rdisc=0.873, norm=0.0936
REGINN:CGLS::k=77: rdisc=0.873, norm=0.0940
REGINN:CGLS::k=78: rdisc=0.872, norm=0.0963
REGINN:CGLS::k=79: rdisc=0.871, norm=0.0971
REGINN:CGLS::k=80: rdisc=0.870, norm=0.0992
REGINN:CGLS::k=81: rdisc=0.869, norm=0.101
REGINN:CGLS::k=82: rdisc=0.869, norm=0.103
REGINN:CGLS::k=83: rdisc=0.868, norm=0.105
REGINN:CGLS::k=84: rdisc=0.868, norm=0.105
REGINN:CGLS::k=85: rdisc=0.867, norm=0.107
REGINN:CGLS::k=86: rdisc=0.867, norm=0.108
REGINN:CGLS::k=87: rdisc=0.866, norm=0.109
REGINN:CGLS::k=88: rdisc=0.865, norm=0.111
REGINN:CGLS::k=89: rdisc=0.864, norm=0.114
REGINN:CGLS::k=90: rdisc=0.863, norm=0.115
REGINN:CGLS::k=91: rdisc=0.863, norm=0.117
REGINN:CGLS::k=92: rdisc=0.862, norm=0.119
REGINN:CGLS::k=93: rdisc=0.861, norm=0.121
REGINN:CGLS::k=94: rdisc=0.859, norm=0.125
REGINN:CGLS::k=95: rdisc=0.858, norm=0.129
REGINN:CGLS::k=96: rdisc=0.856, norm=0.133
REGINN:CGLS::k=97: rdisc=0.856, norm=0.134
REGINN:CGLS::k=98: rdisc=0.854, norm=0.137
REGINN:CGLS::k=99: rdisc=0.854, norm=0.139
REGINN:CGLS::k=100: rdisc=0.853, norm=0.141
REGINN:CGLS::k=101: rdisc=0.850, norm=0.150
REGINN:CGLS::k=102: rdisc=0.844, norm=0.165
REGINN:CGLS::k=103: rdisc=0.843, norm=0.168
REGINN:CGLS::k=104: rdisc=0.841, norm=0.172
REGINN:CGLS::k=105: rdisc=0.839, norm=0.180
REGINN:CGLS::k=106: rdisc=0.838, norm=0.182
REGINN:CGLS::k=107: rdisc=0.835, norm=0.190
REGINN:CGLS::k=108: rdisc=0.831, norm=0.202
REGINN:CGLS::k=109: rdisc=0.828, norm=0.210
REGINN:CGLS::k=110: rdisc=0.825, norm=0.216
REGINN:CGLS::k=111: rdisc=0.823, norm=0.224
REGINN:CGLS::k=112: rdisc=0.820, norm=0.231
REGINN:CGLS::k=113: rdisc=0.818, norm=0.237
REGINN:CGLS::k=114: rdisc=0.811, norm=0.257
REGINN:CGLS::k=115: rdisc=0.804, norm=0.279
REGINN:CGLS::k=116: rdisc=0.800, norm=0.290
REGINN:CGLS::k=117: rdisc=0.798, norm=0.296
REGINN:CGLS::k=118: rdisc=0.794, norm=0.305
REGINN:CGLS::k=119: rdisc=0.793, norm=0.308
REGINN:CGLS::k=120: rdisc=0.786, norm=0.328
REGINN:CGLS::k=121: rdisc=0.783, norm=0.336
REGINN:CGLS::k=122: rdisc=0.776, norm=0.357
REGINN:CGLS::Target discrepancy reached after 122 iterations.
REGINN::i=16: rdisc=0.000308, rnorm=0.791, rerr=0.275
REGINN::-1.57 ≤ estimate ≤ 4.17
REGINN::Solving linear problem using rtol=0.777 and max_iter=0
REGINN:CGLS::k=0 : rdisc=1.00, norm=0.00
REGINN:CGLS::k=1 : rdisc=0.988, norm=0.000414
REGINN:CGLS::k=2 : rdisc=0.982, norm=0.000715
REGINN:CGLS::k=3 : rdisc=0.979, norm=0.000966
REGINN:CGLS::k=4 : rdisc=0.974, norm=0.00160
REGINN:CGLS::k=5 : rdisc=0.967, norm=0.00266
REGINN:CGLS::k=6 : rdisc=0.963, norm=0.00366
REGINN:CGLS::k=7 : rdisc=0.959, norm=0.00453
REGINN:CGLS::k=8 : rdisc=0.958, norm=0.00500
REGINN:CGLS::k=9 : rdisc=0.953, norm=0.00634
REGINN:CGLS::k=10: rdisc=0.951, norm=0.00724
REGINN:CGLS::k=11: rdisc=0.949, norm=0.00796
REGINN:CGLS::k=12: rdisc=0.947, norm=0.00870
REGINN:CGLS::k=13: rdisc=0.943, norm=0.0103
REGINN:CGLS::k=14: rdisc=0.942, norm=0.0109
REGINN:CGLS::k=15: rdisc=0.940, norm=0.0115
REGINN:CGLS::k=16: rdisc=0.938, norm=0.0127
REGINN:CGLS::k=17: rdisc=0.936, norm=0.0135
REGINN:CGLS::k=18: rdisc=0.934, norm=0.0145
REGINN:CGLS::k=19: rdisc=0.932, norm=0.0156
REGINN:CGLS::k=20: rdisc=0.931, norm=0.0163
REGINN:CGLS::k=21: rdisc=0.930, norm=0.0165
REGINN:CGLS::k=22: rdisc=0.928, norm=0.0180
REGINN:CGLS::k=23: rdisc=0.926, norm=0.0193
REGINN:CGLS::k=24: rdisc=0.922, norm=0.0217
REGINN:CGLS::k=25: rdisc=0.921, norm=0.0224
REGINN:CGLS::k=26: rdisc=0.920, norm=0.0230
REGINN:CGLS::k=27: rdisc=0.919, norm=0.0240
REGINN:CGLS::k=28: rdisc=0.918, norm=0.0245
REGINN:CGLS::k=29: rdisc=0.916, norm=0.0258
REGINN:CGLS::k=30: rdisc=0.915, norm=0.0269
REGINN:CGLS::k=31: rdisc=0.913, norm=0.0284
REGINN:CGLS::k=32: rdisc=0.911, norm=0.0302
REGINN:CGLS::k=33: rdisc=0.911, norm=0.0307
REGINN:CGLS::k=34: rdisc=0.910, norm=0.0315
REGINN:CGLS::k=35: rdisc=0.909, norm=0.0319
REGINN:CGLS::k=36: rdisc=0.907, norm=0.0335
REGINN:CGLS::k=37: rdisc=0.905, norm=0.0353
REGINN:CGLS::k=38: rdisc=0.904, norm=0.0363
REGINN:CGLS::k=39: rdisc=0.903, norm=0.0374
REGINN:CGLS::k=40: rdisc=0.903, norm=0.0379
REGINN:CGLS::k=41: rdisc=0.902, norm=0.0387
REGINN:CGLS::k=42: rdisc=0.901, norm=0.0393
REGINN:CGLS::k=43: rdisc=0.901, norm=0.0398
REGINN:CGLS::k=44: rdisc=0.900, norm=0.0408
REGINN:CGLS::k=45: rdisc=0.899, norm=0.0422
REGINN:CGLS::k=46: rdisc=0.898, norm=0.0432
REGINN:CGLS::k=47: rdisc=0.897, norm=0.0440
REGINN:CGLS::k=48: rdisc=0.897, norm=0.0445
REGINN:CGLS::k=49: rdisc=0.896, norm=0.0449
REGINN:CGLS::k=50: rdisc=0.896, norm=0.0455
REGINN:CGLS::k=51: rdisc=0.895, norm=0.0465
REGINN:CGLS::k=52: rdisc=0.894, norm=0.0480
REGINN:CGLS::k=53: rdisc=0.893, norm=0.0481
REGINN:CGLS::k=54: rdisc=0.893, norm=0.0484
REGINN:CGLS::k=55: rdisc=0.892, norm=0.0494
REGINN:CGLS::k=56: rdisc=0.892, norm=0.0496
REGINN:CGLS::k=57: rdisc=0.892, norm=0.0503
REGINN:CGLS::k=58: rdisc=0.891, norm=0.0509
REGINN:CGLS::k=59: rdisc=0.891, norm=0.0511
REGINN:CGLS::k=60: rdisc=0.891, norm=0.0519
REGINN:CGLS::k=61: rdisc=0.890, norm=0.0528
REGINN:CGLS::k=62: rdisc=0.889, norm=0.0540
REGINN:CGLS::k=63: rdisc=0.889, norm=0.0543
REGINN:CGLS::k=64: rdisc=0.888, norm=0.0553
REGINN:CGLS::k=65: rdisc=0.888, norm=0.0557
REGINN:CGLS::k=66: rdisc=0.887, norm=0.0567
REGINN:CGLS::k=67: rdisc=0.886, norm=0.0580
REGINN:CGLS::k=68: rdisc=0.885, norm=0.0594
REGINN:CGLS::k=69: rdisc=0.885, norm=0.0606
REGINN:CGLS::k=70: rdisc=0.884, norm=0.0617
REGINN:CGLS::k=71: rdisc=0.883, norm=0.0629
REGINN:CGLS::k=72: rdisc=0.883, norm=0.0633
REGINN:CGLS::k=73: rdisc=0.882, norm=0.0648
REGINN:CGLS::k=74: rdisc=0.881, norm=0.0676
REGINN:CGLS::k=75: rdisc=0.880, norm=0.0688
REGINN:CGLS::k=76: rdisc=0.880, norm=0.0693
REGINN:CGLS::k=77: rdisc=0.879, norm=0.0712
REGINN:CGLS::k=78: rdisc=0.878, norm=0.0727
REGINN:CGLS::k=79: rdisc=0.878, norm=0.0732
REGINN:CGLS::k=80: rdisc=0.877, norm=0.0740
REGINN:CGLS::k=81: rdisc=0.877, norm=0.0752
REGINN:CGLS::k=82: rdisc=0.876, norm=0.0770
REGINN:CGLS::k=83: rdisc=0.875, norm=0.0776
REGINN:CGLS::k=84: rdisc=0.875, norm=0.0789
REGINN:CGLS::k=85: rdisc=0.874, norm=0.0797
REGINN:CGLS::k=86: rdisc=0.874, norm=0.0808
REGINN:CGLS::k=87: rdisc=0.873, norm=0.0816
REGINN:CGLS::k=88: rdisc=0.873, norm=0.0830
REGINN:CGLS::k=89: rdisc=0.872, norm=0.0842
REGINN:CGLS::k=90: rdisc=0.872, norm=0.0848
REGINN:CGLS::k=91: rdisc=0.871, norm=0.0858
REGINN:CGLS::k=92: rdisc=0.870, norm=0.0886
REGINN:CGLS::k=93: rdisc=0.870, norm=0.0896
REGINN:CGLS::k=94: rdisc=0.869, norm=0.0904
REGINN:CGLS::k=95: rdisc=0.868, norm=0.0927
REGINN:CGLS::k=96: rdisc=0.867, norm=0.0951
REGINN:CGLS::k=97: rdisc=0.867, norm=0.0961
REGINN:CGLS::k=98: rdisc=0.866, norm=0.0977
REGINN:CGLS::k=99: rdisc=0.866, norm=0.0992
REGINN:CGLS::k=100: rdisc=0.865, norm=0.101
REGINN:CGLS::k=101: rdisc=0.864, norm=0.102
REGINN:CGLS::k=102: rdisc=0.864, norm=0.103
REGINN:CGLS::k=103: rdisc=0.863, norm=0.105
REGINN:CGLS::k=104: rdisc=0.863, norm=0.106
REGINN:CGLS::k=105: rdisc=0.862, norm=0.107
REGINN:CGLS::k=106: rdisc=0.862, norm=0.109
REGINN:CGLS::k=107: rdisc=0.861, norm=0.111
REGINN:CGLS::k=108: rdisc=0.860, norm=0.113
REGINN:CGLS::k=109: rdisc=0.860, norm=0.114
REGINN:CGLS::k=110: rdisc=0.859, norm=0.115
REGINN:CGLS::k=111: rdisc=0.858, norm=0.118
REGINN:CGLS::k=112: rdisc=0.857, norm=0.120
REGINN:CGLS::k=113: rdisc=0.856, norm=0.124
REGINN:CGLS::k=114: rdisc=0.855, norm=0.126
REGINN:CGLS::k=115: rdisc=0.854, norm=0.128
REGINN:CGLS::k=116: rdisc=0.853, norm=0.130
REGINN:CGLS::k=117: rdisc=0.853, norm=0.131
REGINN:CGLS::k=118: rdisc=0.852, norm=0.133
REGINN:CGLS::k=119: rdisc=0.851, norm=0.137
REGINN:CGLS::k=120: rdisc=0.849, norm=0.141
REGINN:CGLS::k=121: rdisc=0.848, norm=0.145
REGINN:CGLS::k=122: rdisc=0.847, norm=0.148
REGINN:CGLS::k=123: rdisc=0.846, norm=0.150
REGINN:CGLS::k=124: rdisc=0.845, norm=0.154
REGINN:CGLS::k=125: rdisc=0.844, norm=0.155
REGINN:CGLS::k=126: rdisc=0.841, norm=0.163
REGINN:CGLS::k=127: rdisc=0.840, norm=0.168
REGINN:CGLS::k=128: rdisc=0.839, norm=0.171
REGINN:CGLS::k=129: rdisc=0.836, norm=0.178
REGINN:CGLS::k=130: rdisc=0.835, norm=0.183
REGINN:CGLS::k=131: rdisc=0.833, norm=0.186
REGINN:CGLS::k=132: rdisc=0.832, norm=0.190
REGINN:CGLS::k=133: rdisc=0.830, norm=0.196
REGINN:CGLS::k=134: rdisc=0.829, norm=0.199
REGINN:CGLS::k=135: rdisc=0.826, norm=0.208
REGINN:CGLS::k=136: rdisc=0.824, norm=0.215
REGINN:CGLS::k=137: rdisc=0.822, norm=0.220
REGINN:CGLS::k=138: rdisc=0.821, norm=0.222
REGINN:CGLS::k=139: rdisc=0.820, norm=0.226
REGINN:CGLS::k=140: rdisc=0.818, norm=0.232
REGINN:CGLS::k=141: rdisc=0.815, norm=0.240
REGINN:CGLS::k=142: rdisc=0.811, norm=0.254
REGINN:CGLS::k=143: rdisc=0.807, norm=0.264
REGINN:CGLS::k=144: rdisc=0.805, norm=0.271
REGINN:CGLS::k=145: rdisc=0.804, norm=0.274
REGINN:CGLS::k=146: rdisc=0.802, norm=0.280
REGINN:CGLS::k=147: rdisc=0.800, norm=0.287
REGINN:CGLS::k=148: rdisc=0.798, norm=0.292
REGINN:CGLS::k=149: rdisc=0.792, norm=0.311
REGINN:CGLS::k=150: rdisc=0.791, norm=0.313
REGINN:CGLS::k=151: rdisc=0.788, norm=0.324
REGINN:CGLS::k=152: rdisc=0.785, norm=0.332
REGINN:CGLS::k=153: rdisc=0.784, norm=0.335
REGINN:CGLS::k=154: rdisc=0.782, norm=0.340
REGINN:CGLS::k=155: rdisc=0.779, norm=0.350
REGINN:CGLS::k=156: rdisc=0.778, norm=0.352
REGINN:CGLS::k=157: rdisc=0.775, norm=0.361
REGINN:CGLS::Target discrepancy reached after 157 iterations.
REGINN::i=17: rdisc=0.000257, rnorm=0.794, rerr=0.274
REGINN::Saving current residual in ./step-0017/
REGINN::Saving current estimate in ./step-0017/
REGINN::-1.32 ≤ estimate ≤ 3.99
REGINN::Solving linear problem using rtol=0.786 and max_iter=0
REGINN:CGLS::k=0 : rdisc=1.00, norm=0.00
REGINN:CGLS::k=1 : rdisc=0.981, norm=0.000379
REGINN:CGLS::k=2 : rdisc=0.975, norm=0.000620
REGINN:CGLS::k=3 : rdisc=0.971, norm=0.000841
REGINN:CGLS::k=4 : rdisc=0.963, norm=0.00172
REGINN:CGLS::k=5 : rdisc=0.960, norm=0.00209
REGINN:CGLS::k=6 : rdisc=0.955, norm=0.00290
REGINN:CGLS::k=7 : rdisc=0.954, norm=0.00312
REGINN:CGLS::k=8 : rdisc=0.951, norm=0.00377
REGINN:CGLS::k=9 : rdisc=0.948, norm=0.00452
REGINN:CGLS::k=10: rdisc=0.946, norm=0.00515
REGINN:CGLS::k=11: rdisc=0.945, norm=0.00541
REGINN:CGLS::k=12: rdisc=0.943, norm=0.00616
REGINN:CGLS::k=13: rdisc=0.941, norm=0.00667
REGINN:CGLS::k=14: rdisc=0.941, norm=0.00687
REGINN:CGLS::k=15: rdisc=0.938, norm=0.00784
REGINN:CGLS::k=16: rdisc=0.936, norm=0.00864
REGINN:CGLS::k=17: rdisc=0.935, norm=0.00939
REGINN:CGLS::k=18: rdisc=0.933, norm=0.0103
REGINN:CGLS::k=19: rdisc=0.932, norm=0.0108
REGINN:CGLS::k=20: rdisc=0.929, norm=0.0122
REGINN:CGLS::k=21: rdisc=0.928, norm=0.0127
REGINN:CGLS::k=22: rdisc=0.927, norm=0.0133
REGINN:CGLS::k=23: rdisc=0.925, norm=0.0150
REGINN:CGLS::k=24: rdisc=0.923, norm=0.0158
REGINN:CGLS::k=25: rdisc=0.923, norm=0.0162
REGINN:CGLS::k=26: rdisc=0.922, norm=0.0167
REGINN:CGLS::k=27: rdisc=0.921, norm=0.0174
REGINN:CGLS::k=28: rdisc=0.920, norm=0.0178
REGINN:CGLS::k=29: rdisc=0.919, norm=0.0185
REGINN:CGLS::k=30: rdisc=0.918, norm=0.0196
REGINN:CGLS::k=31: rdisc=0.917, norm=0.0206
REGINN:CGLS::k=32: rdisc=0.916, norm=0.0215
REGINN:CGLS::k=33: rdisc=0.915, norm=0.0218
REGINN:CGLS::k=34: rdisc=0.914, norm=0.0224
REGINN:CGLS::k=35: rdisc=0.913, norm=0.0237
REGINN:CGLS::k=36: rdisc=0.911, norm=0.0252
REGINN:CGLS::k=37: rdisc=0.910, norm=0.0260
REGINN:CGLS::k=38: rdisc=0.909, norm=0.0272
REGINN:CGLS::k=39: rdisc=0.909, norm=0.0274
REGINN:CGLS::k=40: rdisc=0.908, norm=0.0282
REGINN:CGLS::k=41: rdisc=0.907, norm=0.0287
REGINN:CGLS::k=42: rdisc=0.906, norm=0.0301
REGINN:CGLS::k=43: rdisc=0.905, norm=0.0309
REGINN:CGLS::k=44: rdisc=0.904, norm=0.0322
REGINN:CGLS::k=45: rdisc=0.903, norm=0.0328
REGINN:CGLS::k=46: rdisc=0.902, norm=0.0335
REGINN:CGLS::k=47: rdisc=0.902, norm=0.0344
REGINN:CGLS::k=48: rdisc=0.901, norm=0.0347
REGINN:CGLS::k=49: rdisc=0.900, norm=0.0355
REGINN:CGLS::k=50: rdisc=0.900, norm=0.0364
REGINN:CGLS::k=51: rdisc=0.898, norm=0.0380
REGINN:CGLS::k=52: rdisc=0.898, norm=0.0382
REGINN:CGLS::k=53: rdisc=0.897, norm=0.0393
REGINN:CGLS::k=54: rdisc=0.896, norm=0.0401
REGINN:CGLS::k=55: rdisc=0.896, norm=0.0406
REGINN:CGLS::k=56: rdisc=0.896, norm=0.0412
REGINN:CGLS::k=57: rdisc=0.894, norm=0.0425
REGINN:CGLS::k=58: rdisc=0.894, norm=0.0427
REGINN:CGLS::k=59: rdisc=0.894, norm=0.0434
REGINN:CGLS::k=60: rdisc=0.893, norm=0.0443
REGINN:CGLS::k=61: rdisc=0.893, norm=0.0446
REGINN:CGLS::k=62: rdisc=0.892, norm=0.0454
REGINN:CGLS::k=63: rdisc=0.891, norm=0.0464
REGINN:CGLS::k=64: rdisc=0.891, norm=0.0470
REGINN:CGLS::k=65: rdisc=0.891, norm=0.0473
REGINN:CGLS::k=66: rdisc=0.890, norm=0.0481
REGINN:CGLS::k=67: rdisc=0.890, norm=0.0487
REGINN:CGLS::k=68: rdisc=0.889, norm=0.0494
REGINN:CGLS::k=69: rdisc=0.889, norm=0.0497
REGINN:CGLS::k=70: rdisc=0.888, norm=0.0505
REGINN:CGLS::k=71: rdisc=0.888, norm=0.0509
REGINN:CGLS::k=72: rdisc=0.888, norm=0.0516
REGINN:CGLS::k=73: rdisc=0.887, norm=0.0518
REGINN:CGLS::k=74: rdisc=0.887, norm=0.0528
REGINN:CGLS::k=75: rdisc=0.886, norm=0.0538
REGINN:CGLS::k=76: rdisc=0.886, norm=0.0542
REGINN:CGLS::k=77: rdisc=0.885, norm=0.0549
REGINN:CGLS::k=78: rdisc=0.885, norm=0.0551
REGINN:CGLS::k=79: rdisc=0.885, norm=0.0558
REGINN:CGLS::k=80: rdisc=0.884, norm=0.0563
REGINN:CGLS::k=81: rdisc=0.884, norm=0.0572
REGINN:CGLS::k=82: rdisc=0.883, norm=0.0584
REGINN:CGLS::k=83: rdisc=0.883, norm=0.0593
REGINN:CGLS::k=84: rdisc=0.882, norm=0.0600
REGINN:CGLS::k=85: rdisc=0.882, norm=0.0610
REGINN:CGLS::k=86: rdisc=0.881, norm=0.0619
REGINN:CGLS::k=87: rdisc=0.881, norm=0.0630
REGINN:CGLS::k=88: rdisc=0.880, norm=0.0644
REGINN:CGLS::k=89: rdisc=0.879, norm=0.0662
REGINN:CGLS::k=90: rdisc=0.879, norm=0.0665
REGINN:CGLS::k=91: rdisc=0.878, norm=0.0674
REGINN:CGLS::k=92: rdisc=0.877, norm=0.0690
REGINN:CGLS::k=93: rdisc=0.877, norm=0.0694
REGINN:CGLS::k=94: rdisc=0.876, norm=0.0714
REGINN:CGLS::k=95: rdisc=0.876, norm=0.0720
REGINN:CGLS::k=96: rdisc=0.876, norm=0.0723
REGINN:CGLS::k=97: rdisc=0.875, norm=0.0727
REGINN:CGLS::k=98: rdisc=0.875, norm=0.0741
REGINN:CGLS::k=99: rdisc=0.874, norm=0.0752
REGINN:CGLS::k=100: rdisc=0.874, norm=0.0755
REGINN:CGLS::k=101: rdisc=0.874, norm=0.0759
REGINN:CGLS::k=102: rdisc=0.874, norm=0.0761
REGINN:CGLS::k=103: rdisc=0.873, norm=0.0774
REGINN:CGLS::k=104: rdisc=0.873, norm=0.0784
REGINN:CGLS::k=105: rdisc=0.872, norm=0.0792
REGINN:CGLS::k=106: rdisc=0.872, norm=0.0796
REGINN:CGLS::k=107: rdisc=0.871, norm=0.0808
REGINN:CGLS::k=108: rdisc=0.871, norm=0.0817
REGINN:CGLS::k=109: rdisc=0.871, norm=0.0822
REGINN:CGLS::k=110: rdisc=0.870, norm=0.0833
REGINN:CGLS::k=111: rdisc=0.870, norm=0.0838
REGINN:CGLS::k=112: rdisc=0.869, norm=0.0856
REGINN:CGLS::k=113: rdisc=0.869, norm=0.0858
REGINN:CGLS::k=114: rdisc=0.869, norm=0.0870
REGINN:CGLS::k=115: rdisc=0.868, norm=0.0885
REGINN:CGLS::k=116: rdisc=0.868, norm=0.0896
REGINN:CGLS::k=117: rdisc=0.867, norm=0.0899
REGINN:CGLS::k=118: rdisc=0.867, norm=0.0907
REGINN:CGLS::k=119: rdisc=0.866, norm=0.0922
REGINN:CGLS::k=120: rdisc=0.866, norm=0.0928
REGINN:CGLS::k=121: rdisc=0.865, norm=0.0952
REGINN:CGLS::k=122: rdisc=0.865, norm=0.0958
REGINN:CGLS::k=123: rdisc=0.865, norm=0.0966
REGINN:CGLS::k=124: rdisc=0.864, norm=0.0974
REGINN:CGLS::k=125: rdisc=0.864, norm=0.0985
REGINN:CGLS::k=126: rdisc=0.863, norm=0.101
REGINN:CGLS::k=127: rdisc=0.863, norm=0.101
REGINN:CGLS::k=128: rdisc=0.863, norm=0.102
REGINN:CGLS::k=129: rdisc=0.862, norm=0.102
REGINN:CGLS::k=130: rdisc=0.862, norm=0.104
REGINN:CGLS::k=131: rdisc=0.861, norm=0.106
REGINN:CGLS::k=132: rdisc=0.860, norm=0.108
REGINN:CGLS::k=133: rdisc=0.860, norm=0.109
REGINN:CGLS::k=134: rdisc=0.859, norm=0.110
REGINN:CGLS::k=135: rdisc=0.859, norm=0.111
REGINN:CGLS::k=136: rdisc=0.859, norm=0.112
REGINN:CGLS::k=137: rdisc=0.858, norm=0.114
REGINN:CGLS::k=138: rdisc=0.857, norm=0.116
REGINN:CGLS::k=139: rdisc=0.857, norm=0.117
REGINN:CGLS::k=140: rdisc=0.856, norm=0.118
REGINN:CGLS::k=141: rdisc=0.856, norm=0.120
REGINN:CGLS::k=142: rdisc=0.855, norm=0.122
REGINN:CGLS::k=143: rdisc=0.854, norm=0.124
REGINN:CGLS::k=144: rdisc=0.853, norm=0.127
REGINN:CGLS::k=145: rdisc=0.853, norm=0.128
REGINN:CGLS::k=146: rdisc=0.851, norm=0.133
REGINN:CGLS::k=147: rdisc=0.851, norm=0.134
REGINN:CGLS::k=148: rdisc=0.850, norm=0.136
REGINN:CGLS::k=149: rdisc=0.850, norm=0.137
REGINN:CGLS::k=150: rdisc=0.849, norm=0.139
REGINN:CGLS::k=151: rdisc=0.849, norm=0.140
REGINN:CGLS::k=152: rdisc=0.846, norm=0.148
REGINN:CGLS::k=153: rdisc=0.845, norm=0.152
REGINN:CGLS::k=154: rdisc=0.843, norm=0.158
REGINN:CGLS::k=155: rdisc=0.843, norm=0.159
REGINN:CGLS::k=156: rdisc=0.841, norm=0.163
REGINN:CGLS::k=157: rdisc=0.841, norm=0.163
REGINN:CGLS::k=158: rdisc=0.839, norm=0.168
REGINN:CGLS::k=159: rdisc=0.838, norm=0.173
REGINN:CGLS::k=160: rdisc=0.837, norm=0.176
REGINN:CGLS::k=161: rdisc=0.836, norm=0.178
REGINN:CGLS::k=162: rdisc=0.834, norm=0.185
REGINN:CGLS::k=163: rdisc=0.832, norm=0.192
REGINN:CGLS::k=164: rdisc=0.831, norm=0.193
REGINN:CGLS::k=165: rdisc=0.829, norm=0.201
REGINN:CGLS::k=166: rdisc=0.828, norm=0.204
REGINN:CGLS::k=167: rdisc=0.827, norm=0.207
REGINN:CGLS::k=168: rdisc=0.825, norm=0.213
REGINN:CGLS::k=169: rdisc=0.824, norm=0.216
REGINN:CGLS::k=170: rdisc=0.824, norm=0.218
REGINN:CGLS::k=171: rdisc=0.820, norm=0.229
REGINN:CGLS::k=172: rdisc=0.819, norm=0.233
REGINN:CGLS::k=173: rdisc=0.818, norm=0.236
REGINN:CGLS::k=174: rdisc=0.817, norm=0.239
REGINN:CGLS::k=175: rdisc=0.815, norm=0.246
REGINN:CGLS::k=176: rdisc=0.814, norm=0.249
REGINN:CGLS::k=177: rdisc=0.813, norm=0.254
REGINN:CGLS::k=178: rdisc=0.811, norm=0.261
REGINN:CGLS::k=179: rdisc=0.808, norm=0.270
REGINN:CGLS::k=180: rdisc=0.807, norm=0.273
REGINN:CGLS::k=181: rdisc=0.804, norm=0.283
REGINN:CGLS::k=182: rdisc=0.803, norm=0.284
REGINN:CGLS::k=183: rdisc=0.801, norm=0.292
REGINN:CGLS::k=184: rdisc=0.798, norm=0.302
REGINN:CGLS::k=185: rdisc=0.798, norm=0.304
REGINN:CGLS::k=186: rdisc=0.797, norm=0.307
REGINN:CGLS::k=187: rdisc=0.793, norm=0.320
REGINN:CGLS::k=188: rdisc=0.790, norm=0.327
REGINN:CGLS::k=189: rdisc=0.790, norm=0.329
REGINN:CGLS::k=190: rdisc=0.788, norm=0.334
REGINN:CGLS::k=191: rdisc=0.787, norm=0.338
REGINN:CGLS::k=192: rdisc=0.786, norm=0.342
REGINN:CGLS::k=193: rdisc=0.784, norm=0.346
REGINN:CGLS::Target discrepancy reached after 193 iterations.
REGINN::i=18: rdisc=0.000219, rnorm=0.797, rerr=0.273
REGINN::-1.05 ≤ estimate ≤ 3.86
REGINN::Solving linear problem using rtol=0.868 and max_iter=0
REGINN:CGLS::k=0 : rdisc=1.00, norm=0.00
REGINN:CGLS::k=1 : rdisc=0.991, norm=0.000237
REGINN:CGLS::k=2 : rdisc=0.984, norm=0.000545
REGINN:CGLS::k=3 : rdisc=0.977, norm=0.00101
REGINN:CGLS::k=4 : rdisc=0.969, norm=0.00169
REGINN:CGLS::k=5 : rdisc=0.957, norm=0.00290
REGINN:CGLS::k=6 : rdisc=0.953, norm=0.00343
REGINN:CGLS::k=7 : rdisc=0.949, norm=0.00394
REGINN:CGLS::k=8 : rdisc=0.947, norm=0.00425
REGINN:CGLS::k=9 : rdisc=0.944, norm=0.00478
REGINN:CGLS::k=10: rdisc=0.942, norm=0.00501
REGINN:CGLS::k=11: rdisc=0.941, norm=0.00535
REGINN:CGLS::k=12: rdisc=0.940, norm=0.00550
REGINN:CGLS::k=13: rdisc=0.938, norm=0.00587
REGINN:CGLS::k=14: rdisc=0.936, norm=0.00637
REGINN:CGLS::k=15: rdisc=0.935, norm=0.00685
REGINN:CGLS::k=16: rdisc=0.932, norm=0.00762
REGINN:CGLS::k=17: rdisc=0.931, norm=0.00808
REGINN:CGLS::k=18: rdisc=0.930, norm=0.00842
REGINN:CGLS::k=19: rdisc=0.930, norm=0.00862
REGINN:CGLS::k=20: rdisc=0.928, norm=0.00921
REGINN:CGLS::k=21: rdisc=0.928, norm=0.00929
REGINN:CGLS::k=22: rdisc=0.926, norm=0.0100
REGINN:CGLS::k=23: rdisc=0.924, norm=0.0113
REGINN:CGLS::k=24: rdisc=0.922, norm=0.0121
REGINN:CGLS::k=25: rdisc=0.922, norm=0.0124
REGINN:CGLS::k=26: rdisc=0.921, norm=0.0127
REGINN:CGLS::k=27: rdisc=0.920, norm=0.0132
REGINN:CGLS::k=28: rdisc=0.920, norm=0.0135
REGINN:CGLS::k=29: rdisc=0.919, norm=0.0142
REGINN:CGLS::k=30: rdisc=0.918, norm=0.0146
REGINN:CGLS::k=31: rdisc=0.918, norm=0.0148
REGINN:CGLS::k=32: rdisc=0.917, norm=0.0152
REGINN:CGLS::k=33: rdisc=0.916, norm=0.0158
REGINN:CGLS::k=34: rdisc=0.915, norm=0.0168
REGINN:CGLS::k=35: rdisc=0.915, norm=0.0170
REGINN:CGLS::k=36: rdisc=0.914, norm=0.0175
REGINN:CGLS::k=37: rdisc=0.914, norm=0.0177
REGINN:CGLS::k=38: rdisc=0.913, norm=0.0181
REGINN:CGLS::k=39: rdisc=0.912, norm=0.0193
REGINN:CGLS::k=40: rdisc=0.910, norm=0.0205
REGINN:CGLS::k=41: rdisc=0.910, norm=0.0208
REGINN:CGLS::k=42: rdisc=0.909, norm=0.0214
REGINN:CGLS::k=43: rdisc=0.908, norm=0.0221
REGINN:CGLS::k=44: rdisc=0.908, norm=0.0229
REGINN:CGLS::k=45: rdisc=0.907, norm=0.0235
REGINN:CGLS::k=46: rdisc=0.906, norm=0.0249
REGINN:CGLS::k=47: rdisc=0.905, norm=0.0253
REGINN:CGLS::k=48: rdisc=0.905, norm=0.0259
REGINN:CGLS::k=49: rdisc=0.903, norm=0.0271
REGINN:CGLS::k=50: rdisc=0.903, norm=0.0280
REGINN:CGLS::k=51: rdisc=0.902, norm=0.0282
REGINN:CGLS::k=52: rdisc=0.902, norm=0.0291
REGINN:CGLS::k=53: rdisc=0.901, norm=0.0293
REGINN:CGLS::k=54: rdisc=0.901, norm=0.0300
REGINN:CGLS::k=55: rdisc=0.900, norm=0.0311
REGINN:CGLS::k=56: rdisc=0.899, norm=0.0322
REGINN:CGLS::k=57: rdisc=0.898, norm=0.0326
REGINN:CGLS::k=58: rdisc=0.898, norm=0.0330
REGINN:CGLS::k=59: rdisc=0.897, norm=0.0339
REGINN:CGLS::k=60: rdisc=0.897, norm=0.0346
REGINN:CGLS::k=61: rdisc=0.896, norm=0.0351
REGINN:CGLS::k=62: rdisc=0.896, norm=0.0361
REGINN:CGLS::k=63: rdisc=0.895, norm=0.0369
REGINN:CGLS::k=64: rdisc=0.895, norm=0.0371
REGINN:CGLS::k=65: rdisc=0.894, norm=0.0379
REGINN:CGLS::k=66: rdisc=0.894, norm=0.0387
REGINN:CGLS::k=67: rdisc=0.893, norm=0.0395
REGINN:CGLS::k=68: rdisc=0.893, norm=0.0397
REGINN:CGLS::k=69: rdisc=0.892, norm=0.0408
REGINN:CGLS::k=70: rdisc=0.892, norm=0.0411
REGINN:CGLS::k=71: rdisc=0.891, norm=0.0419
REGINN:CGLS::k=72: rdisc=0.891, norm=0.0422
REGINN:CGLS::k=73: rdisc=0.890, norm=0.0438
REGINN:CGLS::k=74: rdisc=0.890, norm=0.0439
REGINN:CGLS::k=75: rdisc=0.889, norm=0.0446
REGINN:CGLS::k=76: rdisc=0.889, norm=0.0450
REGINN:CGLS::k=77: rdisc=0.889, norm=0.0454
REGINN:CGLS::k=78: rdisc=0.888, norm=0.0461
REGINN:CGLS::k=79: rdisc=0.888, norm=0.0470
REGINN:CGLS::k=80: rdisc=0.887, norm=0.0472
REGINN:CGLS::k=81: rdisc=0.887, norm=0.0482
REGINN:CGLS::k=82: rdisc=0.886, norm=0.0486
REGINN:CGLS::k=83: rdisc=0.886, norm=0.0489
REGINN:CGLS::k=84: rdisc=0.886, norm=0.0494
REGINN:CGLS::k=85: rdisc=0.885, norm=0.0502
REGINN:CGLS::k=86: rdisc=0.885, norm=0.0508
REGINN:CGLS::k=87: rdisc=0.885, norm=0.0512
REGINN:CGLS::k=88: rdisc=0.884, norm=0.0519
REGINN:CGLS::k=89: rdisc=0.884, norm=0.0525
REGINN:CGLS::k=90: rdisc=0.884, norm=0.0531
REGINN:CGLS::k=91: rdisc=0.883, norm=0.0535
REGINN:CGLS::k=92: rdisc=0.883, norm=0.0543
REGINN:CGLS::k=93: rdisc=0.883, norm=0.0544
REGINN:CGLS::k=94: rdisc=0.882, norm=0.0557
REGINN:CGLS::k=95: rdisc=0.882, norm=0.0561
REGINN:CGLS::k=96: rdisc=0.882, norm=0.0565
REGINN:CGLS::k=97: rdisc=0.882, norm=0.0567
REGINN:CGLS::k=98: rdisc=0.881, norm=0.0573
REGINN:CGLS::k=99: rdisc=0.881, norm=0.0576
REGINN:CGLS::k=100: rdisc=0.881, norm=0.0581
REGINN:CGLS::k=101: rdisc=0.880, norm=0.0586
REGINN:CGLS::k=102: rdisc=0.880, norm=0.0594
REGINN:CGLS::k=103: rdisc=0.880, norm=0.0598
REGINN:CGLS::k=104: rdisc=0.880, norm=0.0601
REGINN:CGLS::k=105: rdisc=0.879, norm=0.0613
REGINN:CGLS::k=106: rdisc=0.879, norm=0.0617
REGINN:CGLS::k=107: rdisc=0.878, norm=0.0630
REGINN:CGLS::k=108: rdisc=0.877, norm=0.0643
REGINN:CGLS::k=109: rdisc=0.877, norm=0.0648
REGINN:CGLS::k=110: rdisc=0.877, norm=0.0653
REGINN:CGLS::k=111: rdisc=0.876, norm=0.0666
REGINN:CGLS::k=112: rdisc=0.876, norm=0.0671
REGINN:CGLS::k=113: rdisc=0.876, norm=0.0679
REGINN:CGLS::k=114: rdisc=0.875, norm=0.0686
REGINN:CGLS::k=115: rdisc=0.875, norm=0.0701
REGINN:CGLS::k=116: rdisc=0.874, norm=0.0703
REGINN:CGLS::k=117: rdisc=0.874, norm=0.0713
REGINN:CGLS::k=118: rdisc=0.873, norm=0.0725
REGINN:CGLS::k=119: rdisc=0.873, norm=0.0727
REGINN:CGLS::k=120: rdisc=0.873, norm=0.0734
REGINN:CGLS::k=121: rdisc=0.872, norm=0.0745
REGINN:CGLS::k=122: rdisc=0.872, norm=0.0748
REGINN:CGLS::k=123: rdisc=0.872, norm=0.0752
REGINN:CGLS::k=124: rdisc=0.871, norm=0.0767
REGINN:CGLS::k=125: rdisc=0.871, norm=0.0773
REGINN:CGLS::k=126: rdisc=0.871, norm=0.0778
REGINN:CGLS::k=127: rdisc=0.871, norm=0.0788
REGINN:CGLS::k=128: rdisc=0.870, norm=0.0790
REGINN:CGLS::k=129: rdisc=0.870, norm=0.0797
REGINN:CGLS::k=130: rdisc=0.870, norm=0.0802
REGINN:CGLS::k=131: rdisc=0.869, norm=0.0817
REGINN:CGLS::k=132: rdisc=0.869, norm=0.0819
REGINN:CGLS::k=133: rdisc=0.869, norm=0.0822
REGINN:CGLS::k=134: rdisc=0.869, norm=0.0828
REGINN:CGLS::k=135: rdisc=0.868, norm=0.0835
REGINN:CGLS::k=136: rdisc=0.868, norm=0.0841
REGINN:CGLS::Target discrepancy reached after 136 iterations.
REGINN::i=19: rdisc=0.000192, rnorm=0.797, rerr=0.272
REGINN::-0.904 ≤ estimate ≤ 3.85
REGINN::Target discrepancy reached after 19 iterations.
REGINN::Saving current residual in ./step-0019/
REGINN::Saving current estimate in ./step-0019/
REGINN::-0.904 ≤ estimate ≤ 3.85
stats::forward              : 21 calls, average 11.0 s per call
stats::linearization forward: 1087 calls, average 8.72 s per call
stats::linearization adjoint: 1087 calls, average 9.85 s per call
stats::measure forward      : 1108 calls, average 0.00285 s per call
stats::measure adjoint      : 1087 calls, average 0.00341 s per call
