JobId arch-vm0 Wed Mar  7 19:32:11 2018
wavepi cbd1f0d6
Release-Build, compiled on 2018-03-07T13:30:56Z from commit cbd1f0d62252788efb4b378cf0937ff8fbdbd134 ("Last output differently") on branch master

initialize_mesh::Number of active cells: 1024
initialize_mesh::Number of degrees of freedom in the first spatial mesh: 1089
initialize_mesh::cell diameters: minimal = 0.354, maximal = 0.354
initialize_mesh::dt: 0.0235
initialize_mesh::expected size of a DiscretizedFunction<dim>: 2.13 MiB
parameters:LogTransform::lower bound: 0.0
parameters:WaveEquation::max iter: 10000
parameters:WaveEquation::theta: 0.5
parameters:WaveEquation::tol: 1e-8
parameters:constraints::lower bound: 0.0
parameters:constraints::upper bound: 1e300
parameters:general::dimension: 2
parameters:general::finite element degree: 1
parameters:general::quadrature order: 3
parameters:inversion::method: REGINN
parameters:inversion::tau: 2
parameters:log::console depth: 2
parameters:log::file: wavepi.log
parameters:log::file depth: 4
parameters:mesh::end time: 6
parameters:mesh::initial refines: 5
parameters:mesh::initial time steps: 256
parameters:output::data: true
parameters:output::destination: ./step-{{i}}/
parameters:output::discrepancy decrease: 0.5
parameters:output::estimate: true
parameters:output::estimate transformed: false
parameters:output::exact: true
parameters:output::exact transformed: false
parameters:output::interval: 50
parameters:output::last: true
parameters:output::residual: true
parameters:output::statistics: history
parameters:problem::H1H1 beta: 0.5
parameters:problem::H1H1 gamma: 0.5
parameters:problem::H1L2 alpha: 0.5
parameters:problem::H2L2 alpha: 0.5
parameters:problem::H2L2 beta: 0.25
parameters:problem::constants: 
parameters:problem::epsilon: 1e-3
parameters:problem::initial guess: 1.0
parameters:problem::norm of codomain: L2L2
parameters:problem::norm of domain: H1H1
parameters:problem::parameter a: 1.0
parameters:problem::parameter c: 2.0
parameters:problem::parameter nu: 0.0
parameters:problem::parameter q: 1.5
parameters:problem::transform: Identity
parameters:problem::type: q
parameters:watchdog::discrepancy increasing: false
parameters:watchdog::discrepancy slope min values: 40
parameters:watchdog::discrepancy slope percentage: 0.25
parameters:watchdog::discrepancy slope threshold: 0.0
parameters:watchdog::discrepancy threshold: 10.0
parameters:watchdog::maximum iteration count: 0
REGINN::Saving exact parameter in ./step-0000/
REGINN::Saving data in ./step-0000/
REGINN::Saving current residual in ./step-0000/
REGINN::Saving current estimate in ./step-0000/
REGINN::i=0 : rdisc=0.175, rnorm=0.667, rerr=0.333
REGINN::1.00 ≤ estimate ≤ 1.00
REGINN::Solving linear problem using rtol=0.900 and max_iter=1
REGINN:CGLS::k=0 : rdisc=1.00 , norm=0.00 
REGINN:CGLS::k=1 : rdisc=0.428, norm=2.61 
REGINN:CGLS::Safeguarding: λ=0.876 ⇒ rdisc=0.900
REGINN:CGLS::Target discrepancy reached after 1 iteration.
REGINN::i=1 : rdisc=0.158, rnorm=0.671, rerr=0.330
REGINN::1.00 ≤ estimate ≤ 1.14
REGINN::
REGINN::Solving linear problem using rtol=0.900 and max_iter=2
REGINN:CGLS::k=0 : rdisc=1.00 , norm=0.00 
REGINN:CGLS::k=1 : rdisc=0.450, norm=2.40 
REGINN:CGLS::Safeguarding: λ=0.873 ⇒ rdisc=0.900
REGINN:CGLS::Target discrepancy reached after 1 iteration.
REGINN::i=2 : rdisc=0.142, rnorm=0.675, rerr=0.326
REGINN::1.00 ≤ estimate ≤ 1.27
REGINN::
REGINN::Solving linear problem using rtol=0.854 and max_iter=2
REGINN:CGLS::k=0 : rdisc=1.00 , norm=0.00 
REGINN:CGLS::k=1 : rdisc=0.476, norm=2.19 
REGINN:CGLS::Safeguarding: λ=0.806 ⇒ rdisc=0.854
REGINN:CGLS::Target discrepancy reached after 1 iteration.
REGINN::i=3 : rdisc=0.122, rnorm=0.680, rerr=0.322
REGINN::1.00 ≤ estimate ≤ 1.44
REGINN::
REGINN::Solving linear problem using rtol=0.811 and max_iter=2
REGINN:CGLS::k=0 : rdisc=1.00 , norm=0.00 
REGINN:CGLS::k=1 : rdisc=0.523, norm=1.89 
REGINN:CGLS::Safeguarding: λ=0.727 ⇒ rdisc=0.811
REGINN:CGLS::Target discrepancy reached after 1 iteration.
REGINN::i=4 : rdisc=0.0999, rnorm=0.688, rerr=0.318
REGINN::1.00 ≤ estimate ≤ 1.66
REGINN::
REGINN::Solving linear problem using rtol=0.769 and max_iter=2
REGINN:CGLS::k=0 : rdisc=1.00 , norm=0.00 
REGINN:CGLS::k=1 : rdisc=0.596, norm=1.54 
REGINN:CGLS::Safeguarding: λ=0.605 ⇒ rdisc=0.769
REGINN:CGLS::Target discrepancy reached after 1 iteration.
REGINN::Saving current residual in ./step-0005/
REGINN::Saving current estimate in ./step-0005/
REGINN::i=5 : rdisc=0.0775, rnorm=0.698, rerr=0.313
REGINN::1.00 ≤ estimate ≤ 1.90
REGINN::
REGINN::Solving linear problem using rtol=0.730 and max_iter=2
REGINN:CGLS::k=0 : rdisc=1.00 , norm=0.00 
REGINN:CGLS::k=1 : rdisc=0.694, norm=1.20 
REGINN:CGLS::Safeguarding: λ=0.314 ⇒ rdisc=0.730
REGINN:CGLS::Target discrepancy reached after 1 iteration.
REGINN::i=6 : rdisc=0.0570, rnorm=0.713, rerr=0.307
REGINN::1.00 ≤ estimate ≤ 2.17
REGINN::
REGINN::Solving linear problem using rtol=0.693 and max_iter=2
REGINN:CGLS::k=0 : rdisc=1.00 , norm=0.00 
REGINN:CGLS::k=1 : rdisc=0.639, norm=1.60 
REGINN:CGLS::Safeguarding: λ=0.348 ⇒ rdisc=0.693
REGINN:CGLS::Target discrepancy reached after 1 iteration.
REGINN::i=7 : rdisc=0.0401, rnorm=0.731, rerr=0.298
REGINN::1.00 ≤ estimate ≤ 2.20
REGINN::
REGINN::Solving linear problem using rtol=0.658 and max_iter=2
REGINN:CGLS::k=0 : rdisc=1.00 , norm=0.00 
REGINN:CGLS::k=1 : rdisc=0.860, norm=0.672
REGINN:CGLS::k=2 : rdisc=0.680, norm=1.54 
REGINN:CGLS::Unsuccessful termination after 2 iterations!
REGINN::Linear solver did not achieve desired discrepancy due to max_iter.
REGINN::Saving current residual in ./step-0008/
REGINN::Saving current estimate in ./step-0008/
REGINN::i=8 : rdisc=0.0268, rnorm=0.760, rerr=0.284
REGINN::1.00 ≤ estimate ≤ 2.08
REGINN::
REGINN::Solving linear problem using rtol=0.624 and max_iter=3
REGINN:CGLS::k=0 : rdisc=1.00 , norm=0.00 
REGINN:CGLS::k=1 : rdisc=0.896, norm=0.406
REGINN:CGLS::k=2 : rdisc=0.744, norm=1.02 
REGINN:CGLS::k=3 : rdisc=0.557, norm=1.79 
REGINN:CGLS::Safeguarding: λ=0.569 ⇒ rdisc=0.624
REGINN:CGLS::Target discrepancy reached after 3 iterations.
REGINN::i=9 : rdisc=0.0164, rnorm=0.774, rerr=0.272
REGINN::1.00 ≤ estimate ≤ 1.80
REGINN::
REGINN::Solving linear problem using rtol=0.592 and max_iter=5
REGINN:CGLS::k=0 : rdisc=1.00 , norm=0.00 
REGINN:CGLS::k=1 : rdisc=0.850, norm=0.512
REGINN:CGLS::k=2 : rdisc=0.735, norm=0.918
REGINN:CGLS::k=3 : rdisc=0.488, norm=1.72 
REGINN:CGLS::Safeguarding: λ=0.610 ⇒ rdisc=0.592
REGINN:CGLS::Target discrepancy reached after 3 iterations.
REGINN::Saving current residual in ./step-0010/
REGINN::Saving current estimate in ./step-0010/
REGINN::i=10: rdisc=0.00976, rnorm=0.799, rerr=0.263
REGINN::1.00 ≤ estimate ≤ 1.72
REGINN::
REGINN::Solving linear problem using rtol=0.562 and max_iter=6
REGINN:CGLS::k=0 : rdisc=1.00 , norm=0.00 
REGINN:CGLS::k=1 : rdisc=0.939, norm=0.0655
REGINN:CGLS::k=2 : rdisc=0.854, norm=0.275
REGINN:CGLS::k=3 : rdisc=0.656, norm=0.880
REGINN:CGLS::k=4 : rdisc=0.584, norm=1.08 
REGINN:CGLS::k=5 : rdisc=0.495, norm=1.34 
REGINN:CGLS::Safeguarding: λ=0.858 ⇒ rdisc=0.562
REGINN:CGLS::Target discrepancy reached after 5 iterations.
REGINN::i=11: rdisc=0.00553, rnorm=0.813, rerr=0.257
REGINN::1.00 ≤ estimate ≤ 1.85
REGINN::
REGINN::Solving linear problem using rtol=0.533 and max_iter=8
REGINN:CGLS::k=0 : rdisc=1.00 , norm=0.00 
REGINN:CGLS::k=1 : rdisc=0.974, norm=0.0583
REGINN:CGLS::k=2 : rdisc=0.912, norm=0.204
REGINN:CGLS::k=3 : rdisc=0.843, norm=0.380
REGINN:CGLS::k=4 : rdisc=0.799, norm=0.498
REGINN:CGLS::k=5 : rdisc=0.618, norm=1.01 
REGINN:CGLS::k=6 : rdisc=0.533, norm=1.23 
REGINN:CGLS::Safeguarding: λ=0.0852 ⇒ rdisc=0.533
REGINN:CGLS::Target discrepancy reached after 6 iterations.
REGINN::Saving current residual in ./step-0012/
REGINN::Saving current estimate in ./step-0012/
REGINN::i=12: rdisc=0.00297, rnorm=0.825, rerr=0.250
REGINN::1.00 ≤ estimate ≤ 1.72
REGINN::
REGINN::Solving linear problem using rtol=0.672 and max_iter=11
REGINN:CGLS::k=0 : rdisc=1.00 , norm=0.00 
REGINN:CGLS::k=1 : rdisc=0.973, norm=0.0133
REGINN:CGLS::k=2 : rdisc=0.949, norm=0.0448
REGINN:CGLS::k=3 : rdisc=0.916, norm=0.103
REGINN:CGLS::k=4 : rdisc=0.876, norm=0.204
REGINN:CGLS::k=5 : rdisc=0.855, norm=0.264
REGINN:CGLS::k=6 : rdisc=0.809, norm=0.413
REGINN:CGLS::k=7 : rdisc=0.787, norm=0.489
REGINN:CGLS::k=8 : rdisc=0.752, norm=0.613
REGINN:CGLS::k=9 : rdisc=0.708, norm=0.770
REGINN:CGLS::k=10: rdisc=0.641, norm=1.02 
REGINN:CGLS::Safeguarding: λ=0.671 ⇒ rdisc=0.672
REGINN:CGLS::Target discrepancy reached after 10 iterations.
REGINN::i=13: rdisc=0.00205, rnorm=0.834, rerr=0.245
REGINN::1.00 ≤ estimate ≤ 1.71
REGINN::
REGINN::Solving linear problem using rtol=0.973 and max_iter=16
REGINN:CGLS::k=0 : rdisc=1.00 , norm=0.00 
REGINN:CGLS::k=1 : rdisc=0.985, norm=0.00669
REGINN:CGLS::k=2 : rdisc=0.978, norm=0.0166
REGINN:CGLS::k=3 : rdisc=0.951, norm=0.0898
REGINN:CGLS::Safeguarding: λ=0.909 ⇒ rdisc=0.973
REGINN:CGLS::Target discrepancy reached after 3 iterations.
REGINN::i=14: rdisc=0.00200, rnorm=0.834, rerr=0.245
REGINN::1.00 ≤ estimate ≤ 1.70
REGINN::
REGINN::Saving current residual in ./step-0014/
REGINN::Saving current estimate in ./step-0014/
REGINN::Target discrepancy reached after 14 iterations.
REGINN::1.00 ≤ estimate ≤ 1.70
Relative ℝⁿ error of the reconstruction: 0.227
Relative L²([0,T], L²(Ω)) error of the reconstruction: 0.223
Relative H¹([0,T], L²(Ω)) error of the reconstruction: 0.229
Relative H¹([0,T], H¹(Ω)) error of the reconstruction: 0.245
Relative H²([0,T], L²(Ω)) error of the reconstruction: 0.248
Relative ℝⁿ error of (reconstruction - initial guess): 0.682
Relative L²([0,T], L²(Ω)) error of (reconstruction - initial guess): 0.669
Relative H¹([0,T], L²(Ω)) error of (reconstruction - initial guess): 0.687
Relative H¹([0,T], H¹(Ω)) error of (reconstruction - initial guess): 0.734
Relative H²([0,T], L²(Ω)) error of (reconstruction - initial guess): 0.744
stats::forward              : 16 calls, average 1.5s per call
stats::linearization forward: 39 calls, average 1.5s per call
stats::linearization adjoint: 39 calls, average 1.8s per call
stats::measure forward      : 55 calls, average 845.4µs per call
stats::measure adjoint      : 39 calls, average 1.1ms per call
stats::total wall time      : 3min 10s
