JobId thies-laptop Tue Mar 27 14:24:00 2018
wavepi b5eb776e
Release-Build, compiled on 2018-03-27T10:44:27Z from commit b5eb776eadab4327ea609b8e9b0c49f72c157ae6 ("new mpi allreduce") on branch master

initialize_mesh::Number of active cells: 1024
initialize_mesh::Number of degrees of freedom in the first spatial mesh: 1089
initialize_mesh::cell diameters: minimal = 0.354, maximal = 0.354
initialize_mesh::dt: 0.0235
initialize_mesh::expected size of a DiscretizedFunction<2>: 2.13 MiB
Initializing problem
Generating synthetic data (inverse crime)
wall time for data synthesis        : 1.6s
wall time for mesh and problem init : 39.7ms
parameters:LogTransform::lower bound: 0.0
parameters:WaveEquation::max iter: 10000
parameters:WaveEquation::theta: 0.5
parameters:WaveEquation::tol: 1e-8
parameters:constraints::lower bound: -1e300
parameters:constraints::upper bound: 1e300
parameters:general::dimension: 2
parameters:general::finite element degree: 1
parameters:general::quadrature order: 3
parameters:inversion::method: REGINN
parameters:inversion::tau: 2
parameters:log::console depth: 2
parameters:log::file: wavepi.log
parameters:log::file depth: 6
parameters:log::file depth mpi: 4
parameters:mesh::end time: 6
parameters:mesh::initial refines: 5
parameters:mesh::initial time steps: 256
parameters:output::data: true
parameters:output::destination: ./step-{{i}}/
parameters:output::discrepancy decrease: 0.25
parameters:output::estimate: true
parameters:output::estimate transformed: false
parameters:output::exact: true
parameters:output::exact transformed: false
parameters:output::interval: 10
parameters:output::last: true
parameters:output::residual: true
parameters:output::statistics: history
parameters:problem::H1H1 beta: 0.25
parameters:problem::H1H1 gamma: 5
parameters:problem::H1L2 alpha: 0.5
parameters:problem::H2L2 alpha: 0.5
parameters:problem::H2L2 beta: 0.25
parameters:problem::H2L2+L2H1 alpha: 0.5
parameters:problem::H2L2+L2H1 beta: 0.25
parameters:problem::H2L2+L2H1 gamma: 0.5
parameters:problem::constants: 
parameters:problem::domain lp wrapping: true
parameters:problem::domain p: 1.5
parameters:problem::epsilon: 5e-3
parameters:problem::initial guess: 0.0
parameters:problem::norm of codomain: L2L2
parameters:problem::norm of domain: Coefficients
parameters:problem::parameter a: 1.0
parameters:problem::parameter c: 2.0
parameters:problem::parameter nu: 0.0
parameters:problem::parameter q: 2*if(norm{x|y|z} < 1.5, 2.0+abs(sin(t)), 0.0)
parameters:problem::transform: Identity
parameters:problem::type: q
parameters:watchdog::discrepancy increasing: false
parameters:watchdog::discrepancy slope min values: 40
parameters:watchdog::discrepancy slope percentage: 0.25
parameters:watchdog::discrepancy slope threshold: 0.0
parameters:watchdog::discrepancy threshold: 10.0
parameters:watchdog::maximum iteration count: 0
REGINN::Saving exact parameter in ./step-0000/
REGINN::Saving data in ./step-0000/
REGINN::Saving current residual in ./step-0000/
REGINN::Saving current estimate in ./step-0000/
REGINN::i=0 : rdisc=1.63 , rnorm=0.00 , rerr=1.00 
REGINN::0.00 ≤ estimate ≤ 0.00
REGINN::Solving linear problem using rtol=0.900 and max_iter=1
REGINN:Gradient::k=0 : rdisc=1.00 , norm=0.00 
REGINN:Gradient::k=1 : rdisc=0.698, norm=384. 
REGINN:Gradient::Target discrepancy reached after 1 iteration.
REGINN::i=1 : rdisc=1.15 , rnorm=0.0783, rerr=0.958
REGINN::-0.127 ≤ estimate ≤ 5.58
REGINN::
REGINN::Solving linear problem using rtol=0.900 and max_iter=2
REGINN:Gradient::k=0 : rdisc=1.00 , norm=0.00 
REGINN:Gradient::k=1 : rdisc=0.796, norm=612. 
REGINN:Gradient::Target discrepancy reached after 1 iteration.
REGINN::i=2 : rdisc=0.913, rnorm=0.189, rerr=0.921
REGINN::-0.378 ≤ estimate ≤ 12.7
REGINN::
REGINN::Solving linear problem using rtol=0.855 and max_iter=2
REGINN:Gradient::k=0 : rdisc=1.00 , norm=0.00 
REGINN:Gradient::k=1 : rdisc=0.801, norm=315. 
REGINN:Gradient::Target discrepancy reached after 1 iteration.
REGINN::i=3 : rdisc=0.736, rnorm=0.210, rerr=0.917
REGINN::-0.324 ≤ estimate ≤ 16.3
REGINN::
REGINN::Solving linear problem using rtol=0.812 and max_iter=2
REGINN:Gradient::k=0 : rdisc=1.00 , norm=0.00 
REGINN:Gradient::k=1 : rdisc=0.732, norm=600. 
REGINN:Gradient::Target discrepancy reached after 1 iteration.
REGINN::i=4 : rdisc=0.536, rnorm=0.314, rerr=0.901
REGINN::-0.449 ≤ estimate ≤ 21.7
REGINN::
REGINN::Solving linear problem using rtol=0.772 and max_iter=2
REGINN:Gradient::k=0 : rdisc=1.00 , norm=0.00 
REGINN:Gradient::k=1 : rdisc=0.878, norm=242. 
REGINN:Gradient::k=2 : rdisc=0.783, norm=408. 
REGINN:Gradient::Unsuccessful termination after 2 iterations!
REGINN::Linear solver did not achieve desired discrepancy due to max_iter.
REGINN::i=5 : rdisc=0.422, rnorm=0.361, rerr=0.877
REGINN::-4.62 ≤ estimate ≤ 20.7
REGINN::
REGINN::Solving linear problem using rtol=0.733 and max_iter=3
REGINN:Gradient::k=0 : rdisc=1.00 , norm=0.00 
REGINN:Gradient::k=1 : rdisc=0.908, norm=195. 
REGINN:Gradient::k=2 : rdisc=0.853, norm=265. 
REGINN:Gradient::k=3 : rdisc=0.799, norm=382. 
REGINN:Gradient::Unsuccessful termination after 3 iterations!
REGINN::Linear solver did not achieve desired discrepancy due to max_iter.
REGINN::Saving current residual in ./step-0006/
REGINN::Saving current estimate in ./step-0006/
REGINN::i=6 : rdisc=0.339, rnorm=0.408, rerr=0.856
REGINN::-8.97 ≤ estimate ≤ 19.5
REGINN::
REGINN::Solving linear problem using rtol=0.696 and max_iter=5
REGINN:Gradient::k=0 : rdisc=1.00 , norm=0.00 
REGINN:Gradient::k=1 : rdisc=0.955, norm=121. 
REGINN:Gradient::k=2 : rdisc=0.912, norm=162. 
REGINN:Gradient::k=3 : rdisc=0.881, norm=235. 
REGINN:Gradient::k=4 : rdisc=0.846, norm=293. 
REGINN:Gradient::k=5 : rdisc=0.822, norm=341. 
REGINN:Gradient::Unsuccessful termination after 5 iterations!
REGINN::Linear solver did not achieve desired discrepancy due to max_iter.
REGINN::i=7 : rdisc=0.283, rnorm=0.439, rerr=0.834
REGINN::-12.5 ≤ estimate ≤ 16.8
REGINN::
REGINN::Solving linear problem using rtol=0.662 and max_iter=8
REGINN:Gradient::k=0 : rdisc=1.00 , norm=0.00 
REGINN:Gradient::k=1 : rdisc=0.971, norm=68.6 
REGINN:Gradient::k=2 : rdisc=0.950, norm=86.5 
REGINN:Gradient::k=3 : rdisc=0.921, norm=155. 
REGINN:Gradient::k=4 : rdisc=0.902, norm=171. 
REGINN:Gradient::k=5 : rdisc=0.859, norm=303. 
REGINN:Gradient::k=6 : rdisc=0.828, norm=313. 
REGINN:Gradient::k=7 : rdisc=0.728, norm=661. 
REGINN:Gradient::k=8 : rdisc=0.659, norm=669. 
REGINN:Gradient::Target discrepancy reached after 8 iterations.
REGINN::i=8 : rdisc=0.191, rnorm=0.507, rerr=0.779
REGINN::-7.76 ≤ estimate ≤ 13.3
REGINN::
REGINN::Solving linear problem using rtol=0.629 and max_iter=13
REGINN:Gradient::k=0 : rdisc=1.00 , norm=0.00 
REGINN:Gradient::k=1 : rdisc=0.984, norm=29.3 
REGINN:Gradient::k=2 : rdisc=0.969, norm=47.9 
REGINN:Gradient::k=3 : rdisc=0.955, norm=68.2 
REGINN:Gradient::k=4 : rdisc=0.939, norm=93.1 
REGINN:Gradient::k=5 : rdisc=0.926, norm=110. 
REGINN:Gradient::k=6 : rdisc=0.909, norm=144. 
REGINN:Gradient::k=7 : rdisc=0.895, norm=156. 
REGINN:Gradient::k=8 : rdisc=0.866, norm=227. 
REGINN:Gradient::k=9 : rdisc=0.843, norm=234. 
REGINN:Gradient::k=10: rdisc=0.707, norm=605. 
REGINN:Gradient::k=11: rdisc=0.622, norm=609. 
REGINN:Gradient::Target discrepancy reached after 11 iterations.
REGINN::i=9 : rdisc=0.120, rnorm=0.562, rerr=0.736
REGINN::-4.12 ≤ estimate ≤ 12.1
REGINN::
REGINN::Solving linear problem using rtol=0.730 and max_iter=19
REGINN:Gradient::k=0 : rdisc=1.00 , norm=0.00 
REGINN:Gradient::k=1 : rdisc=0.989, norm=15.1 
REGINN:Gradient::k=2 : rdisc=0.980, norm=21.2 
REGINN:Gradient::k=3 : rdisc=0.972, norm=32.6 
REGINN:Gradient::k=4 : rdisc=0.964, norm=39.7 
REGINN:Gradient::k=5 : rdisc=0.955, norm=51.3 
REGINN:Gradient::k=6 : rdisc=0.948, norm=57.6 
REGINN:Gradient::k=7 : rdisc=0.939, norm=71.9 
REGINN:Gradient::k=8 : rdisc=0.932, norm=76.3 
REGINN:Gradient::k=9 : rdisc=0.917, norm=104. 
REGINN:Gradient::k=10: rdisc=0.905, norm=107. 
REGINN:Gradient::k=11: rdisc=0.841, norm=244. 
REGINN:Gradient::k=12: rdisc=0.793, norm=246. 
REGINN:Gradient::k=13: rdisc=0.650, norm=577. 
REGINN:Gradient::Target discrepancy reached after 13 iterations.
REGINN::Saving current residual in ./step-0010/
REGINN::Saving current estimate in ./step-0010/
REGINN::i=10: rdisc=0.0800, rnorm=0.620, rerr=0.707
REGINN::-4.14 ≤ estimate ≤ 11.8
REGINN::
REGINN::Solving linear problem using rtol=0.771 and max_iter=24
REGINN:Gradient::k=0 : rdisc=1.00 , norm=0.00 
REGINN:Gradient::k=1 : rdisc=0.947, norm=21.5 
REGINN:Gradient::k=2 : rdisc=0.928, norm=23.9 
REGINN:Gradient::k=3 : rdisc=0.917, norm=33.2 
REGINN:Gradient::k=4 : rdisc=0.911, norm=35.5 
REGINN:Gradient::k=5 : rdisc=0.906, norm=40.7 
REGINN:Gradient::k=6 : rdisc=0.903, norm=42.3 
REGINN:Gradient::k=7 : rdisc=0.898, norm=48.0 
REGINN:Gradient::k=8 : rdisc=0.895, norm=48.8 
REGINN:Gradient::k=9 : rdisc=0.884, norm=66.0 
REGINN:Gradient::k=10: rdisc=0.876, norm=65.7 
REGINN:Gradient::k=11: rdisc=0.772, norm=285. 
REGINN:Gradient::k=12: rdisc=0.732, norm=284. 
REGINN:Gradient::Target discrepancy reached after 12 iterations.
REGINN::i=11: rdisc=0.0597, rnorm=0.647, rerr=0.691
REGINN::-3.86 ≤ estimate ≤ 10.7
REGINN::
REGINN::Solving linear problem using rtol=0.733 and max_iter=25
REGINN:Gradient::k=0 : rdisc=1.00 , norm=0.00 
REGINN:Gradient::k=1 : rdisc=0.987, norm=8.52 
REGINN:Gradient::k=2 : rdisc=0.983, norm=9.62 
REGINN:Gradient::k=3 : rdisc=0.978, norm=15.8 
REGINN:Gradient::k=4 : rdisc=0.974, norm=17.0 
REGINN:Gradient::k=5 : rdisc=0.969, norm=24.6 
REGINN:Gradient::k=6 : rdisc=0.966, norm=25.5 
REGINN:Gradient::k=7 : rdisc=0.955, norm=46.3 
REGINN:Gradient::k=8 : rdisc=0.946, norm=47.1 
REGINN:Gradient::k=9 : rdisc=0.923, norm=94.2 
REGINN:Gradient::k=10: rdisc=0.912, norm=94.6 
REGINN:Gradient::k=11: rdisc=0.906, norm=96.4 
REGINN:Gradient::k=12: rdisc=0.904, norm=97.4 
REGINN:Gradient::k=13: rdisc=0.901, norm=102. 
REGINN:Gradient::k=14: rdisc=0.899, norm=102. 
REGINN:Gradient::k=15: rdisc=0.891, norm=121. 
REGINN:Gradient::k=16: rdisc=0.884, norm=121. 
REGINN:Gradient::k=17: rdisc=0.865, norm=167. 
REGINN:Gradient::k=18: rdisc=0.855, norm=167. 
REGINN:Gradient::k=19: rdisc=0.851, norm=168. 
REGINN:Gradient::k=20: rdisc=0.849, norm=169. 
REGINN:Gradient::k=21: rdisc=0.847, norm=171. 
REGINN:Gradient::k=22: rdisc=0.846, norm=172. 
REGINN:Gradient::k=23: rdisc=0.844, norm=177. 
REGINN:Gradient::k=24: rdisc=0.842, norm=178. 
REGINN:Gradient::k=25: rdisc=0.824, norm=223. 
REGINN:Gradient::Unsuccessful termination after 25 iterations!
REGINN::Linear solver did not achieve desired discrepancy due to max_iter.
REGINN::i=12: rdisc=0.0503, rnorm=0.657, rerr=0.673
REGINN::-2.96 ≤ estimate ≤ 10.8
REGINN::
REGINN::Solving linear problem using rtol=0.872 and max_iter=37
REGINN:Gradient::k=0 : rdisc=1.00 , norm=0.00 
REGINN:Gradient::k=1 : rdisc=0.975, norm=6.55 
REGINN:Gradient::k=2 : rdisc=0.938, norm=84.1 
REGINN:Gradient::k=3 : rdisc=0.929, norm=84.1 
REGINN:Gradient::k=4 : rdisc=0.924, norm=83.5 
REGINN:Gradient::k=5 : rdisc=0.920, norm=84.3 
REGINN:Gradient::k=6 : rdisc=0.917, norm=84.4 
REGINN:Gradient::k=7 : rdisc=0.915, norm=85.6 
REGINN:Gradient::k=8 : rdisc=0.913, norm=85.9 
REGINN:Gradient::k=9 : rdisc=0.911, norm=87.4 
REGINN:Gradient::k=10: rdisc=0.910, norm=87.9 
REGINN:Gradient::k=11: rdisc=0.908, norm=89.7 
REGINN:Gradient::k=12: rdisc=0.907, norm=90.2 
REGINN:Gradient::k=13: rdisc=0.905, norm=93.5 
REGINN:Gradient::k=14: rdisc=0.903, norm=93.7 
REGINN:Gradient::k=15: rdisc=0.894, norm=114. 
REGINN:Gradient::k=16: rdisc=0.887, norm=114. 
REGINN:Gradient::k=17: rdisc=0.872, norm=149. 
REGINN:Gradient::k=18: rdisc=0.864, norm=149. 
REGINN:Gradient::Target discrepancy reached after 18 iterations.
REGINN::i=13: rdisc=0.0437, rnorm=0.665, rerr=0.662
REGINN::-2.46 ≤ estimate ≤ 11.3
REGINN::
REGINN::Solving linear problem using rtol=0.828 and max_iter=43
REGINN:Gradient::k=0 : rdisc=1.00 , norm=0.00 
REGINN:Gradient::k=1 : rdisc=0.997, norm=5.59 
REGINN:Gradient::k=2 : rdisc=0.995, norm=5.88 
REGINN:Gradient::k=3 : rdisc=0.992, norm=10.7 
REGINN:Gradient::k=4 : rdisc=0.990, norm=11.0 
REGINN:Gradient::k=5 : rdisc=0.967, norm=63.2 
REGINN:Gradient::k=6 : rdisc=0.950, norm=62.9 
REGINN:Gradient::k=7 : rdisc=0.947, norm=63.9 
REGINN:Gradient::k=8 : rdisc=0.946, norm=65.2 
REGINN:Gradient::k=9 : rdisc=0.945, norm=65.8 
REGINN:Gradient::k=10: rdisc=0.944, norm=68.7 
REGINN:Gradient::k=11: rdisc=0.942, norm=69.0 
REGINN:Gradient::k=12: rdisc=0.936, norm=84.1 
REGINN:Gradient::k=13: rdisc=0.930, norm=84.4 
REGINN:Gradient::k=14: rdisc=0.880, norm=205. 
REGINN:Gradient::k=15: rdisc=0.862, norm=205. 
REGINN:Gradient::k=16: rdisc=0.852, norm=205. 
REGINN:Gradient::k=17: rdisc=0.848, norm=205. 
REGINN:Gradient::k=18: rdisc=0.845, norm=207. 
REGINN:Gradient::k=19: rdisc=0.843, norm=207. 
REGINN:Gradient::k=20: rdisc=0.840, norm=211. 
REGINN:Gradient::k=21: rdisc=0.838, norm=211. 
REGINN:Gradient::k=22: rdisc=0.834, norm=221. 
REGINN:Gradient::k=23: rdisc=0.831, norm=221. 
REGINN:Gradient::k=24: rdisc=0.806, norm=285. 
REGINN:Gradient::Target discrepancy reached after 24 iterations.
REGINN::i=14: rdisc=0.0360, rnorm=0.685, rerr=0.641
REGINN::-1.81 ≤ estimate ≤ 11.2
REGINN::
REGINN::Solving linear problem using rtol=0.871 and max_iter=42
REGINN:Gradient::k=0 : rdisc=1.00 , norm=0.00 
REGINN:Gradient::k=1 : rdisc=0.985, norm=5.38 
REGINN:Gradient::k=2 : rdisc=0.979, norm=6.35 
REGINN:Gradient::k=3 : rdisc=0.977, norm=7.95 
REGINN:Gradient::k=4 : rdisc=0.975, norm=8.96 
REGINN:Gradient::k=5 : rdisc=0.974, norm=9.75 
REGINN:Gradient::k=6 : rdisc=0.973, norm=10.8 
REGINN:Gradient::k=7 : rdisc=0.972, norm=11.4 
REGINN:Gradient::k=8 : rdisc=0.971, norm=12.9 
REGINN:Gradient::k=9 : rdisc=0.970, norm=13.3 
REGINN:Gradient::k=10: rdisc=0.968, norm=17.5 
REGINN:Gradient::k=11: rdisc=0.965, norm=18.0 
REGINN:Gradient::k=12: rdisc=0.947, norm=58.9 
REGINN:Gradient::k=13: rdisc=0.932, norm=59.4 
REGINN:Gradient::k=14: rdisc=0.929, norm=65.2 
REGINN:Gradient::k=15: rdisc=0.927, norm=65.4 
REGINN:Gradient::k=16: rdisc=0.926, norm=65.8 
REGINN:Gradient::k=17: rdisc=0.926, norm=67.0 
REGINN:Gradient::k=18: rdisc=0.925, norm=67.3 
REGINN:Gradient::k=19: rdisc=0.924, norm=70.7 
REGINN:Gradient::k=20: rdisc=0.922, norm=70.8 
REGINN:Gradient::k=21: rdisc=0.911, norm=99.3 
REGINN:Gradient::k=22: rdisc=0.901, norm=99.2 
REGINN:Gradient::k=23: rdisc=0.880, norm=155. 
REGINN:Gradient::k=24: rdisc=0.867, norm=155. 
REGINN:Gradient::Target discrepancy reached after 24 iterations.
REGINN::i=15: rdisc=0.0315, rnorm=0.694, rerr=0.629
REGINN::-1.26 ≤ estimate ≤ 12.3
REGINN::
REGINN::Solving linear problem using rtol=0.871 and max_iter=48
REGINN:Gradient::k=0 : rdisc=1.00 , norm=0.00 
REGINN:Gradient::k=1 : rdisc=0.995, norm=2.09 
REGINN:Gradient::k=2 : rdisc=0.993, norm=4.16 
REGINN:Gradient::k=3 : rdisc=0.992, norm=4.68 
REGINN:Gradient::k=4 : rdisc=0.989, norm=11.1 
REGINN:Gradient::k=5 : rdisc=0.986, norm=11.5 
REGINN:Gradient::k=6 : rdisc=0.985, norm=13.4 
REGINN:Gradient::k=7 : rdisc=0.984, norm=13.8 
REGINN:Gradient::k=8 : rdisc=0.984, norm=14.8 
REGINN:Gradient::k=9 : rdisc=0.983, norm=15.2 
REGINN:Gradient::k=10: rdisc=0.981, norm=19.7 
REGINN:Gradient::k=11: rdisc=0.979, norm=19.9 
REGINN:Gradient::k=12: rdisc=0.941, norm=117. 
REGINN:Gradient::k=13: rdisc=0.913, norm=117. 
REGINN:Gradient::k=14: rdisc=0.910, norm=118. 
REGINN:Gradient::k=15: rdisc=0.909, norm=119. 
REGINN:Gradient::k=16: rdisc=0.909, norm=119. 
REGINN:Gradient::k=17: rdisc=0.908, norm=120. 
REGINN:Gradient::k=18: rdisc=0.908, norm=120. 
REGINN:Gradient::k=19: rdisc=0.908, norm=121. 
REGINN:Gradient::k=20: rdisc=0.907, norm=123. 
REGINN:Gradient::k=21: rdisc=0.906, norm=123. 
REGINN:Gradient::k=22: rdisc=0.902, norm=132. 
REGINN:Gradient::k=23: rdisc=0.899, norm=132. 
REGINN:Gradient::k=24: rdisc=0.850, norm=272. 
REGINN:Gradient::Target discrepancy reached after 24 iterations.
REGINN::i=16: rdisc=0.0271, rnorm=0.714, rerr=0.608
REGINN::-0.875 ≤ estimate ≤ 14.2
REGINN::
REGINN::Solving linear problem using rtol=0.871 and max_iter=48
REGINN:Gradient::k=0 : rdisc=1.00 , norm=0.00 
REGINN:Gradient::k=1 : rdisc=0.986, norm=3.92 
REGINN:Gradient::k=2 : rdisc=0.979, norm=5.12 
REGINN:Gradient::k=3 : rdisc=0.976, norm=6.57 
REGINN:Gradient::k=4 : rdisc=0.972, norm=8.00 
REGINN:Gradient::k=5 : rdisc=0.970, norm=8.92 
REGINN:Gradient::k=6 : rdisc=0.968, norm=10.5 
REGINN:Gradient::k=7 : rdisc=0.966, norm=11.1 
REGINN:Gradient::k=8 : rdisc=0.964, norm=13.3 
REGINN:Gradient::k=9 : rdisc=0.963, norm=13.7 
REGINN:Gradient::k=10: rdisc=0.960, norm=17.4 
REGINN:Gradient::k=11: rdisc=0.958, norm=17.7 
REGINN:Gradient::k=12: rdisc=0.953, norm=27.5 
REGINN:Gradient::k=13: rdisc=0.951, norm=27.7 
REGINN:Gradient::k=14: rdisc=0.950, norm=27.8 
REGINN:Gradient::k=15: rdisc=0.949, norm=28.2 
REGINN:Gradient::k=16: rdisc=0.949, norm=28.3 
REGINN:Gradient::k=17: rdisc=0.948, norm=28.9 
REGINN:Gradient::k=18: rdisc=0.948, norm=29.0 
REGINN:Gradient::k=19: rdisc=0.947, norm=31.1 
REGINN:Gradient::k=20: rdisc=0.946, norm=31.1 
REGINN:Gradient::k=21: rdisc=0.939, norm=47.9 
REGINN:Gradient::k=22: rdisc=0.933, norm=47.7 
REGINN:Gradient::k=23: rdisc=0.931, norm=52.3 
REGINN:Gradient::k=24: rdisc=0.930, norm=52.3 
REGINN:Gradient::k=25: rdisc=0.930, norm=52.5 
REGINN:Gradient::k=26: rdisc=0.929, norm=53.0 
REGINN:Gradient::k=27: rdisc=0.929, norm=53.3 
REGINN:Gradient::k=28: rdisc=0.929, norm=54.3 
REGINN:Gradient::k=29: rdisc=0.928, norm=54.5 
REGINN:Gradient::k=30: rdisc=0.926, norm=59.5 
REGINN:Gradient::k=31: rdisc=0.924, norm=59.7 
REGINN:Gradient::k=32: rdisc=0.893, norm=150. 
REGINN:Gradient::k=33: rdisc=0.877, norm=150. 
REGINN:Gradient::k=34: rdisc=0.870, norm=150. 
REGINN:Gradient::Target discrepancy reached after 34 iterations.
REGINN::i=17: rdisc=0.0237, rnorm=0.722, rerr=0.594
REGINN::-0.862 ≤ estimate ≤ 14.7
REGINN::
REGINN::Solving linear problem using rtol=0.909 and max_iter=58
REGINN:Gradient::k=0 : rdisc=1.00 , norm=0.00 
REGINN:Gradient::k=1 : rdisc=0.997, norm=1.24 
REGINN:Gradient::k=2 : rdisc=0.995, norm=2.63 
REGINN:Gradient::k=3 : rdisc=0.995, norm=3.02 
REGINN:Gradient::k=4 : rdisc=0.993, norm=4.97 
REGINN:Gradient::k=5 : rdisc=0.992, norm=5.28 
REGINN:Gradient::k=6 : rdisc=0.991, norm=7.35 
REGINN:Gradient::k=7 : rdisc=0.991, norm=7.60 
REGINN:Gradient::k=8 : rdisc=0.990, norm=8.46 
REGINN:Gradient::k=9 : rdisc=0.990, norm=8.72 
REGINN:Gradient::k=10: rdisc=0.989, norm=9.43 
REGINN:Gradient::k=11: rdisc=0.989, norm=9.67 
REGINN:Gradient::k=12: rdisc=0.988, norm=11.4 
REGINN:Gradient::k=13: rdisc=0.987, norm=11.7 
REGINN:Gradient::k=14: rdisc=0.981, norm=27.3 
REGINN:Gradient::k=15: rdisc=0.976, norm=27.5 
REGINN:Gradient::k=16: rdisc=0.975, norm=28.7 
REGINN:Gradient::k=17: rdisc=0.974, norm=29.3 
REGINN:Gradient::k=18: rdisc=0.974, norm=29.6 
REGINN:Gradient::k=19: rdisc=0.974, norm=30.0 
REGINN:Gradient::k=20: rdisc=0.974, norm=30.2 
REGINN:Gradient::k=21: rdisc=0.973, norm=30.8 
REGINN:Gradient::k=22: rdisc=0.973, norm=30.9 
REGINN:Gradient::k=23: rdisc=0.972, norm=32.0 
REGINN:Gradient::k=24: rdisc=0.972, norm=32.1 
REGINN:Gradient::k=25: rdisc=0.971, norm=35.8 
REGINN:Gradient::k=26: rdisc=0.969, norm=35.9 
REGINN:Gradient::k=27: rdisc=0.963, norm=52.4 
REGINN:Gradient::k=28: rdisc=0.958, norm=52.4 
REGINN:Gradient::k=29: rdisc=0.956, norm=55.6 
REGINN:Gradient::k=30: rdisc=0.956, norm=55.9 
REGINN:Gradient::k=31: rdisc=0.955, norm=56.1 
REGINN:Gradient::k=32: rdisc=0.955, norm=56.4 
REGINN:Gradient::k=33: rdisc=0.955, norm=56.8 
REGINN:Gradient::k=34: rdisc=0.955, norm=57.1 
REGINN:Gradient::k=35: rdisc=0.954, norm=57.7 
REGINN:Gradient::k=36: rdisc=0.954, norm=57.9 
REGINN:Gradient::k=37: rdisc=0.953, norm=59.6 
REGINN:Gradient::k=38: rdisc=0.953, norm=59.7 
REGINN:Gradient::k=39: rdisc=0.950, norm=67.2 
REGINN:Gradient::k=40: rdisc=0.948, norm=67.3 
REGINN:Gradient::k=41: rdisc=0.934, norm=107. 
REGINN:Gradient::k=42: rdisc=0.923, norm=107. 
REGINN:Gradient::k=43: rdisc=0.921, norm=108. 
REGINN:Gradient::k=44: rdisc=0.921, norm=108. 
REGINN:Gradient::k=45: rdisc=0.920, norm=109. 
REGINN:Gradient::k=46: rdisc=0.920, norm=109. 
REGINN:Gradient::k=47: rdisc=0.919, norm=111. 
REGINN:Gradient::k=48: rdisc=0.918, norm=111. 
REGINN:Gradient::k=49: rdisc=0.917, norm=115. 
REGINN:Gradient::k=50: rdisc=0.916, norm=115. 
REGINN:Gradient::k=51: rdisc=0.915, norm=116. 
REGINN:Gradient::k=52: rdisc=0.915, norm=116. 
REGINN:Gradient::k=53: rdisc=0.915, norm=117. 
REGINN:Gradient::k=54: rdisc=0.914, norm=117. 
REGINN:Gradient::k=55: rdisc=0.914, norm=119. 
REGINN:Gradient::k=56: rdisc=0.913, norm=119. 
REGINN:Gradient::k=57: rdisc=0.910, norm=128. 
REGINN:Gradient::k=58: rdisc=0.907, norm=128. 
REGINN:Gradient::Target discrepancy reached after 58 iterations.
REGINN::i=18: rdisc=0.0216, rnorm=0.730, rerr=0.583
REGINN::-1.00 ≤ estimate ≤ 15.0
REGINN::
REGINN::Solving linear problem using rtol=0.947 and max_iter=92
REGINN:Gradient::k=0 : rdisc=1.00 , norm=0.00 
REGINN:Gradient::k=1 : rdisc=0.999, norm=3.27 
REGINN:Gradient::k=2 : rdisc=0.998, norm=3.32 
REGINN:Gradient::k=3 : rdisc=0.998, norm=3.52 
REGINN:Gradient::k=4 : rdisc=0.997, norm=3.85 
REGINN:Gradient::k=5 : rdisc=0.997, norm=4.09 
REGINN:Gradient::k=6 : rdisc=0.997, norm=4.56 
REGINN:Gradient::k=7 : rdisc=0.997, norm=4.75 
REGINN:Gradient::k=8 : rdisc=0.996, norm=5.67 
REGINN:Gradient::k=9 : rdisc=0.996, norm=5.81 
REGINN:Gradient::k=10: rdisc=0.994, norm=9.19 
REGINN:Gradient::k=11: rdisc=0.993, norm=9.31 
REGINN:Gradient::k=12: rdisc=0.986, norm=29.8 
REGINN:Gradient::k=13: rdisc=0.979, norm=29.9 
REGINN:Gradient::k=14: rdisc=0.977, norm=33.3 
REGINN:Gradient::k=15: rdisc=0.976, norm=33.4 
REGINN:Gradient::k=16: rdisc=0.976, norm=34.2 
REGINN:Gradient::k=17: rdisc=0.975, norm=34.3 
REGINN:Gradient::k=18: rdisc=0.975, norm=35.7 
REGINN:Gradient::k=19: rdisc=0.974, norm=35.9 
REGINN:Gradient::k=20: rdisc=0.972, norm=41.6 
REGINN:Gradient::k=21: rdisc=0.970, norm=41.7 
REGINN:Gradient::k=22: rdisc=0.968, norm=47.8 
REGINN:Gradient::k=23: rdisc=0.966, norm=48.1 
REGINN:Gradient::k=24: rdisc=0.966, norm=48.2 
REGINN:Gradient::k=25: rdisc=0.966, norm=48.6 
REGINN:Gradient::k=26: rdisc=0.965, norm=48.8 
REGINN:Gradient::k=27: rdisc=0.965, norm=49.3 
REGINN:Gradient::k=28: rdisc=0.965, norm=49.5 
REGINN:Gradient::k=29: rdisc=0.965, norm=50.2 
REGINN:Gradient::k=30: rdisc=0.964, norm=50.3 
REGINN:Gradient::k=31: rdisc=0.963, norm=52.5 
REGINN:Gradient::k=32: rdisc=0.963, norm=52.6 
REGINN:Gradient::k=33: rdisc=0.946, norm=100. 
REGINN:Gradient::Target discrepancy reached after 33 iterations.
REGINN::i=19: rdisc=0.0205, rnorm=0.736, rerr=0.574
REGINN::-1.09 ≤ estimate ≤ 15.1
REGINN::
REGINN::Solving linear problem using rtol=0.899 and max_iter=91
REGINN:Gradient::k=0 : rdisc=1.00 , norm=0.00 
REGINN:Gradient::k=1 : rdisc=0.987, norm=2.25 
REGINN:Gradient::k=2 : rdisc=0.986, norm=3.32 
REGINN:Gradient::k=3 : rdisc=0.985, norm=3.73 
REGINN:Gradient::k=4 : rdisc=0.984, norm=4.53 
REGINN:Gradient::k=5 : rdisc=0.984, norm=4.82 
REGINN:Gradient::k=6 : rdisc=0.983, norm=5.69 
REGINN:Gradient::k=7 : rdisc=0.983, norm=5.97 
REGINN:Gradient::k=8 : rdisc=0.982, norm=7.49 
REGINN:Gradient::k=9 : rdisc=0.981, norm=7.76 
REGINN:Gradient::k=10: rdisc=0.980, norm=9.10 
REGINN:Gradient::k=11: rdisc=0.980, norm=9.35 
REGINN:Gradient::k=12: rdisc=0.980, norm=9.56 
REGINN:Gradient::k=13: rdisc=0.980, norm=9.87 
REGINN:Gradient::k=14: rdisc=0.979, norm=10.1 
REGINN:Gradient::k=15: rdisc=0.979, norm=10.4 
REGINN:Gradient::k=16: rdisc=0.979, norm=10.6 
REGINN:Gradient::k=17: rdisc=0.979, norm=10.9 
REGINN:Gradient::k=18: rdisc=0.978, norm=11.1 
REGINN:Gradient::k=19: rdisc=0.978, norm=11.4 
REGINN:Gradient::k=20: rdisc=0.978, norm=11.7 
REGINN:Gradient::k=21: rdisc=0.978, norm=12.0 
REGINN:Gradient::k=22: rdisc=0.978, norm=12.2 
REGINN:Gradient::k=23: rdisc=0.977, norm=12.6 
REGINN:Gradient::k=24: rdisc=0.977, norm=12.7 
REGINN:Gradient::k=25: rdisc=0.977, norm=13.3 
REGINN:Gradient::k=26: rdisc=0.977, norm=13.3 
REGINN:Gradient::k=27: rdisc=0.976, norm=14.9 
REGINN:Gradient::k=28: rdisc=0.976, norm=14.9 
REGINN:Gradient::k=29: rdisc=0.973, norm=22.1 
REGINN:Gradient::k=30: rdisc=0.970, norm=22.1 
REGINN:Gradient::k=31: rdisc=0.957, norm=58.6 
REGINN:Gradient::k=32: rdisc=0.949, norm=58.5 
REGINN:Gradient::k=33: rdisc=0.946, norm=58.6 
REGINN:Gradient::k=34: rdisc=0.945, norm=58.7 
REGINN:Gradient::k=35: rdisc=0.945, norm=59.0 
REGINN:Gradient::k=36: rdisc=0.944, norm=59.1 
REGINN:Gradient::k=37: rdisc=0.944, norm=59.8 
REGINN:Gradient::k=38: rdisc=0.943, norm=59.9 
REGINN:Gradient::k=39: rdisc=0.943, norm=62.0 
REGINN:Gradient::k=40: rdisc=0.942, norm=62.1 
REGINN:Gradient::k=41: rdisc=0.940, norm=65.5 
REGINN:Gradient::k=42: rdisc=0.940, norm=65.6 
REGINN:Gradient::k=43: rdisc=0.939, norm=65.9 
REGINN:Gradient::k=44: rdisc=0.939, norm=66.1 
REGINN:Gradient::k=45: rdisc=0.939, norm=66.7 
REGINN:Gradient::k=46: rdisc=0.938, norm=66.8 
REGINN:Gradient::k=47: rdisc=0.938, norm=68.7 
REGINN:Gradient::k=48: rdisc=0.937, norm=68.8 
REGINN:Gradient::k=49: rdisc=0.933, norm=79.1 
REGINN:Gradient::k=50: rdisc=0.930, norm=79.2 
REGINN:Gradient::k=51: rdisc=0.928, norm=84.8 
REGINN:Gradient::k=52: rdisc=0.926, norm=85.2 
REGINN:Gradient::k=53: rdisc=0.926, norm=85.3 
REGINN:Gradient::k=54: rdisc=0.926, norm=85.7 
REGINN:Gradient::k=55: rdisc=0.925, norm=85.9 
REGINN:Gradient::k=56: rdisc=0.925, norm=86.4 
REGINN:Gradient::k=57: rdisc=0.925, norm=86.6 
REGINN:Gradient::k=58: rdisc=0.924, norm=88.0 
REGINN:Gradient::k=59: rdisc=0.924, norm=88.1 
REGINN:Gradient::k=60: rdisc=0.915, norm=112. 
REGINN:Gradient::k=61: rdisc=0.908, norm=112. 
REGINN:Gradient::k=62: rdisc=0.907, norm=113. 
REGINN:Gradient::k=63: rdisc=0.907, norm=113. 
REGINN:Gradient::k=64: rdisc=0.907, norm=114. 
REGINN:Gradient::k=65: rdisc=0.906, norm=114. 
REGINN:Gradient::k=66: rdisc=0.906, norm=115. 
REGINN:Gradient::k=67: rdisc=0.905, norm=115. 
REGINN:Gradient::k=68: rdisc=0.904, norm=117. 
REGINN:Gradient::k=69: rdisc=0.904, norm=118. 
REGINN:Gradient::k=70: rdisc=0.904, norm=118. 
REGINN:Gradient::k=71: rdisc=0.903, norm=118. 
REGINN:Gradient::k=72: rdisc=0.903, norm=119. 
REGINN:Gradient::k=73: rdisc=0.903, norm=119. 
REGINN:Gradient::k=74: rdisc=0.903, norm=120. 
REGINN:Gradient::k=75: rdisc=0.902, norm=120. 
REGINN:Gradient::k=76: rdisc=0.899, norm=130. 
REGINN:Gradient::Target discrepancy reached after 76 iterations.
REGINN::Saving current residual in ./step-0020/
REGINN::Saving current estimate in ./step-0020/
REGINN::i=20: rdisc=0.0186, rnorm=0.744, rerr=0.563
REGINN::-1.16 ≤ estimate ≤ 15.2
REGINN::
REGINN::Solving linear problem using rtol=0.956 and max_iter=109
REGINN:Gradient::k=0 : rdisc=1.00 , norm=0.00 
REGINN:Gradient::k=1 : rdisc=0.997, norm=1.08 
REGINN:Gradient::k=2 : rdisc=0.996, norm=2.28 
REGINN:Gradient::k=3 : rdisc=0.995, norm=2.46 
REGINN:Gradient::k=4 : rdisc=0.995, norm=2.69 
REGINN:Gradient::k=5 : rdisc=0.995, norm=2.92 
REGINN:Gradient::k=6 : rdisc=0.994, norm=3.47 
REGINN:Gradient::k=7 : rdisc=0.994, norm=3.68 
REGINN:Gradient::k=8 : rdisc=0.992, norm=7.21 
REGINN:Gradient::k=9 : rdisc=0.991, norm=7.41 
REGINN:Gradient::k=10: rdisc=0.988, norm=14.2 
REGINN:Gradient::k=11: rdisc=0.986, norm=14.3 
REGINN:Gradient::k=12: rdisc=0.986, norm=14.5 
REGINN:Gradient::k=13: rdisc=0.986, norm=14.7 
REGINN:Gradient::k=14: rdisc=0.985, norm=15.1 
REGINN:Gradient::k=15: rdisc=0.985, norm=15.3 
REGINN:Gradient::k=16: rdisc=0.985, norm=15.9 
REGINN:Gradient::k=17: rdisc=0.985, norm=16.0 
REGINN:Gradient::k=18: rdisc=0.984, norm=18.2 
REGINN:Gradient::k=19: rdisc=0.983, norm=18.3 
REGINN:Gradient::k=20: rdisc=0.940, norm=130. 
REGINN:Gradient::Target discrepancy reached after 20 iterations.
REGINN::i=21: rdisc=0.0175, rnorm=0.754, rerr=0.553
REGINN::-1.24 ≤ estimate ≤ 15.2
REGINN::
REGINN::Solving linear problem using rtol=0.908 and max_iter=96
REGINN:Gradient::k=0 : rdisc=1.00 , norm=0.00 
REGINN:Gradient::k=1 : rdisc=0.985, norm=2.33 
REGINN:Gradient::k=2 : rdisc=0.976, norm=3.76 
REGINN:Gradient::k=3 : rdisc=0.971, norm=4.80 
REGINN:Gradient::k=4 : rdisc=0.968, norm=5.95 
REGINN:Gradient::k=5 : rdisc=0.966, norm=6.57 
REGINN:Gradient::k=6 : rdisc=0.965, norm=7.37 
REGINN:Gradient::k=7 : rdisc=0.964, norm=7.77 
REGINN:Gradient::k=8 : rdisc=0.963, norm=8.44 
REGINN:Gradient::k=9 : rdisc=0.962, norm=8.70 
REGINN:Gradient::k=10: rdisc=0.962, norm=9.36 
REGINN:Gradient::k=11: rdisc=0.961, norm=9.54 
REGINN:Gradient::k=12: rdisc=0.961, norm=10.4 
REGINN:Gradient::k=13: rdisc=0.960, norm=10.5 
REGINN:Gradient::k=14: rdisc=0.958, norm=13.3 
REGINN:Gradient::k=15: rdisc=0.957, norm=13.5 
REGINN:Gradient::k=16: rdisc=0.947, norm=34.6 
REGINN:Gradient::k=17: rdisc=0.944, norm=34.8 
REGINN:Gradient::k=18: rdisc=0.942, norm=35.1 
REGINN:Gradient::k=19: rdisc=0.941, norm=35.4 
REGINN:Gradient::k=20: rdisc=0.941, norm=35.6 
REGINN:Gradient::k=21: rdisc=0.940, norm=35.9 
REGINN:Gradient::k=22: rdisc=0.940, norm=36.1 
REGINN:Gradient::k=23: rdisc=0.939, norm=36.5 
REGINN:Gradient::k=24: rdisc=0.939, norm=36.7 
REGINN:Gradient::k=25: rdisc=0.938, norm=37.3 
REGINN:Gradient::k=26: rdisc=0.938, norm=37.4 
REGINN:Gradient::k=27: rdisc=0.937, norm=38.8 
REGINN:Gradient::k=28: rdisc=0.937, norm=38.9 
REGINN:Gradient::k=29: rdisc=0.929, norm=57.2 
REGINN:Gradient::k=30: rdisc=0.924, norm=57.3 
REGINN:Gradient::k=31: rdisc=0.923, norm=57.7 
REGINN:Gradient::k=32: rdisc=0.923, norm=57.9 
REGINN:Gradient::k=33: rdisc=0.923, norm=58.2 
REGINN:Gradient::k=34: rdisc=0.923, norm=58.4 
REGINN:Gradient::k=35: rdisc=0.922, norm=59.2 
REGINN:Gradient::k=36: rdisc=0.922, norm=59.3 
REGINN:Gradient::k=37: rdisc=0.919, norm=65.2 
REGINN:Gradient::k=38: rdisc=0.917, norm=65.4 
REGINN:Gradient::k=39: rdisc=0.916, norm=67.1 
REGINN:Gradient::k=40: rdisc=0.916, norm=67.3 
REGINN:Gradient::k=41: rdisc=0.916, norm=67.4 
REGINN:Gradient::k=42: rdisc=0.915, norm=67.8 
REGINN:Gradient::k=43: rdisc=0.915, norm=67.9 
REGINN:Gradient::k=44: rdisc=0.915, norm=69.1 
REGINN:Gradient::k=45: rdisc=0.914, norm=69.2 
REGINN:Gradient::k=46: rdisc=0.912, norm=75.3 
REGINN:Gradient::k=47: rdisc=0.910, norm=75.3 
REGINN:Gradient::k=48: rdisc=0.909, norm=77.2 
REGINN:Gradient::k=49: rdisc=0.909, norm=77.4 
REGINN:Gradient::k=50: rdisc=0.908, norm=77.8 
REGINN:Gradient::Target discrepancy reached after 50 iterations.
REGINN::i=22: rdisc=0.0160, rnorm=0.758, rerr=0.547
REGINN::-1.26 ≤ estimate ≤ 15.2
REGINN::
REGINN::Solving linear problem using rtol=0.963 and max_iter=70
REGINN:Gradient::k=0 : rdisc=1.00 , norm=0.00 
REGINN:Gradient::k=1 : rdisc=0.999, norm=2.88 
REGINN:Gradient::k=2 : rdisc=0.998, norm=2.98 
REGINN:Gradient::k=3 : rdisc=0.998, norm=3.01 
REGINN:Gradient::k=4 : rdisc=0.998, norm=3.51 
REGINN:Gradient::k=5 : rdisc=0.997, norm=3.58 
REGINN:Gradient::k=6 : rdisc=0.996, norm=5.48 
REGINN:Gradient::k=7 : rdisc=0.996, norm=5.56 
REGINN:Gradient::k=8 : rdisc=0.992, norm=15.5 
REGINN:Gradient::k=9 : rdisc=0.989, norm=15.6 
REGINN:Gradient::k=10: rdisc=0.988, norm=15.8 
REGINN:Gradient::k=11: rdisc=0.988, norm=15.9 
REGINN:Gradient::k=12: rdisc=0.988, norm=16.3 
REGINN:Gradient::k=13: rdisc=0.987, norm=16.4 
REGINN:Gradient::k=14: rdisc=0.987, norm=17.7 
REGINN:Gradient::k=15: rdisc=0.986, norm=17.8 
REGINN:Gradient::k=16: rdisc=0.984, norm=23.5 
REGINN:Gradient::k=17: rdisc=0.982, norm=23.6 
REGINN:Gradient::k=18: rdisc=0.982, norm=24.4 
REGINN:Gradient::k=19: rdisc=0.981, norm=24.7 
REGINN:Gradient::k=20: rdisc=0.981, norm=26.0 
REGINN:Gradient::k=21: rdisc=0.980, norm=26.3 
REGINN:Gradient::k=22: rdisc=0.980, norm=27.0 
REGINN:Gradient::k=23: rdisc=0.979, norm=27.1 
REGINN:Gradient::k=24: rdisc=0.978, norm=29.9 
REGINN:Gradient::k=25: rdisc=0.977, norm=30.0 
REGINN:Gradient::k=26: rdisc=0.977, norm=30.8 
REGINN:Gradient::k=27: rdisc=0.977, norm=30.9 
REGINN:Gradient::k=28: rdisc=0.976, norm=31.3 
REGINN:Gradient::k=29: rdisc=0.976, norm=31.4 
REGINN:Gradient::k=30: rdisc=0.976, norm=32.8 
REGINN:Gradient::k=31: rdisc=0.975, norm=32.9 
REGINN:Gradient::k=32: rdisc=0.972, norm=41.7 
REGINN:Gradient::k=33: rdisc=0.969, norm=41.9 
REGINN:Gradient::k=34: rdisc=0.968, norm=42.1 
REGINN:Gradient::k=35: rdisc=0.968, norm=42.3 
REGINN:Gradient::k=36: rdisc=0.968, norm=42.5 
REGINN:Gradient::k=37: rdisc=0.968, norm=42.7 
REGINN:Gradient::k=38: rdisc=0.968, norm=43.0 
REGINN:Gradient::k=39: rdisc=0.967, norm=43.1 
REGINN:Gradient::k=40: rdisc=0.967, norm=43.9 
REGINN:Gradient::k=41: rdisc=0.967, norm=44.0 
REGINN:Gradient::k=42: rdisc=0.965, norm=48.5 
REGINN:Gradient::k=43: rdisc=0.963, norm=48.6 
REGINN:Gradient::Target discrepancy reached after 43 iterations.
REGINN::i=23: rdisc=0.0154, rnorm=0.761, rerr=0.544
REGINN::-1.27 ≤ estimate ≤ 15.1
REGINN::
REGINN::Solving linear problem using rtol=0.915 and max_iter=93
REGINN:Gradient::k=0 : rdisc=1.00 , norm=0.00 
REGINN:Gradient::k=1 : rdisc=0.999, norm=1.37 
REGINN:Gradient::k=2 : rdisc=0.999, norm=1.40 
REGINN:Gradient::k=3 : rdisc=0.999, norm=2.10 
REGINN:Gradient::k=4 : rdisc=0.998, norm=2.19 
REGINN:Gradient::k=5 : rdisc=0.998, norm=2.75 
REGINN:Gradient::k=6 : rdisc=0.998, norm=2.83 
REGINN:Gradient::k=7 : rdisc=0.997, norm=5.10 
REGINN:Gradient::k=8 : rdisc=0.996, norm=5.15 
REGINN:Gradient::k=9 : rdisc=0.995, norm=7.11 
REGINN:Gradient::k=10: rdisc=0.995, norm=7.18 
REGINN:Gradient::k=11: rdisc=0.994, norm=7.32 
REGINN:Gradient::k=12: rdisc=0.994, norm=7.60 
REGINN:Gradient::k=13: rdisc=0.994, norm=7.71 
REGINN:Gradient::k=14: rdisc=0.994, norm=8.30 
REGINN:Gradient::k=15: rdisc=0.994, norm=8.37 
REGINN:Gradient::k=16: rdisc=0.992, norm=11.0 
REGINN:Gradient::k=17: rdisc=0.991, norm=11.1 
REGINN:Gradient::k=18: rdisc=0.981, norm=36.7 
REGINN:Gradient::k=19: rdisc=0.973, norm=36.7 
REGINN:Gradient::k=20: rdisc=0.972, norm=37.1 
REGINN:Gradient::k=21: rdisc=0.972, norm=37.2 
REGINN:Gradient::k=22: rdisc=0.971, norm=38.2 
REGINN:Gradient::k=23: rdisc=0.971, norm=38.3 
REGINN:Gradient::k=24: rdisc=0.969, norm=42.4 
REGINN:Gradient::k=25: rdisc=0.968, norm=42.5 
REGINN:Gradient::k=26: rdisc=0.967, norm=43.6 
REGINN:Gradient::k=27: rdisc=0.967, norm=43.7 
REGINN:Gradient::k=28: rdisc=0.966, norm=44.5 
REGINN:Gradient::k=29: rdisc=0.966, norm=44.6 
REGINN:Gradient::k=30: rdisc=0.965, norm=46.1 
REGINN:Gradient::k=31: rdisc=0.965, norm=46.1 
REGINN:Gradient::k=32: rdisc=0.964, norm=47.8 
REGINN:Gradient::k=33: rdisc=0.964, norm=47.9 
REGINN:Gradient::k=34: rdisc=0.964, norm=48.2 
REGINN:Gradient::k=35: rdisc=0.963, norm=48.3 
REGINN:Gradient::k=36: rdisc=0.963, norm=48.8 
REGINN:Gradient::k=37: rdisc=0.963, norm=48.9 
REGINN:Gradient::k=38: rdisc=0.962, norm=51.1 
REGINN:Gradient::k=39: rdisc=0.961, norm=51.2 
REGINN:Gradient::k=40: rdisc=0.957, norm=61.3 
REGINN:Gradient::k=41: rdisc=0.954, norm=61.4 
REGINN:Gradient::k=42: rdisc=0.954, norm=61.6 
REGINN:Gradient::k=43: rdisc=0.953, norm=61.7 
REGINN:Gradient::k=44: rdisc=0.953, norm=62.7 
REGINN:Gradient::k=45: rdisc=0.953, norm=62.8 
REGINN:Gradient::k=46: rdisc=0.952, norm=65.1 
REGINN:Gradient::k=47: rdisc=0.951, norm=65.2 
REGINN:Gradient::k=48: rdisc=0.950, norm=66.5 
REGINN:Gradient::k=49: rdisc=0.950, norm=66.6 
REGINN:Gradient::k=50: rdisc=0.950, norm=66.8 
REGINN:Gradient::k=51: rdisc=0.950, norm=66.9 
REGINN:Gradient::k=52: rdisc=0.949, norm=67.4 
REGINN:Gradient::k=53: rdisc=0.949, norm=67.5 
REGINN:Gradient::k=54: rdisc=0.948, norm=69.7 
REGINN:Gradient::k=55: rdisc=0.947, norm=69.8 
REGINN:Gradient::k=56: rdisc=0.943, norm=81.8 
REGINN:Gradient::k=57: rdisc=0.939, norm=81.8 
REGINN:Gradient::k=58: rdisc=0.939, norm=82.1 
REGINN:Gradient::k=59: rdisc=0.938, norm=82.1 
REGINN:Gradient::k=60: rdisc=0.938, norm=83.1 
REGINN:Gradient::k=61: rdisc=0.938, norm=83.2 
REGINN:Gradient::k=62: rdisc=0.937, norm=85.5 
REGINN:Gradient::k=63: rdisc=0.936, norm=85.6 
REGINN:Gradient::k=64: rdisc=0.935, norm=87.1 
REGINN:Gradient::k=65: rdisc=0.935, norm=87.2 
REGINN:Gradient::k=66: rdisc=0.935, norm=87.4 
REGINN:Gradient::k=67: rdisc=0.935, norm=87.5 
REGINN:Gradient::k=68: rdisc=0.934, norm=87.9 
REGINN:Gradient::k=69: rdisc=0.934, norm=88.0 
REGINN:Gradient::k=70: rdisc=0.934, norm=89.5 
REGINN:Gradient::k=71: rdisc=0.933, norm=89.5 
REGINN:Gradient::k=72: rdisc=0.927, norm=105. 
REGINN:Gradient::k=73: rdisc=0.922, norm=105. 
REGINN:Gradient::k=74: rdisc=0.921, norm=107. 
REGINN:Gradient::k=75: rdisc=0.920, norm=107. 
REGINN:Gradient::k=76: rdisc=0.920, norm=107. 
REGINN:Gradient::k=77: rdisc=0.920, norm=107. 
REGINN:Gradient::k=78: rdisc=0.920, norm=108. 
REGINN:Gradient::k=79: rdisc=0.920, norm=108. 
REGINN:Gradient::k=80: rdisc=0.920, norm=108. 
REGINN:Gradient::k=81: rdisc=0.920, norm=108. 
REGINN:Gradient::k=82: rdisc=0.919, norm=110. 
REGINN:Gradient::k=83: rdisc=0.918, norm=110. 
REGINN:Gradient::k=84: rdisc=0.912, norm=128. 
REGINN:Gradient::Target discrepancy reached after 84 iterations.
REGINN::i=24: rdisc=0.0142, rnorm=0.770, rerr=0.535
REGINN::-1.30 ≤ estimate ≤ 15.0
REGINN::
REGINN::Solving linear problem using rtol=0.957 and max_iter=127
REGINN:Gradient::k=0 : rdisc=1.00 , norm=0.00 
REGINN:Gradient::k=1 : rdisc=0.993, norm=1.19 
REGINN:Gradient::k=2 : rdisc=0.993, norm=1.48 
REGINN:Gradient::k=3 : rdisc=0.992, norm=1.56 
REGINN:Gradient::k=4 : rdisc=0.992, norm=1.83 
REGINN:Gradient::k=5 : rdisc=0.992, norm=1.83 
REGINN:Gradient::k=6 : rdisc=0.992, norm=2.07 
REGINN:Gradient::k=7 : rdisc=0.992, norm=2.10 
REGINN:Gradient::k=8 : rdisc=0.992, norm=2.33 
REGINN:Gradient::k=9 : rdisc=0.992, norm=2.39 
REGINN:Gradient::k=10: rdisc=0.992, norm=2.60 
REGINN:Gradient::k=11: rdisc=0.991, norm=2.71 
REGINN:Gradient::k=12: rdisc=0.991, norm=2.88 
REGINN:Gradient::k=13: rdisc=0.991, norm=3.19 
REGINN:Gradient::k=14: rdisc=0.991, norm=3.34 
REGINN:Gradient::k=15: rdisc=0.990, norm=5.18 
REGINN:Gradient::k=16: rdisc=0.989, norm=5.37 
REGINN:Gradient::k=17: rdisc=0.978, norm=32.0 
REGINN:Gradient::k=18: rdisc=0.970, norm=32.1 
REGINN:Gradient::k=19: rdisc=0.969, norm=32.3 
REGINN:Gradient::k=20: rdisc=0.969, norm=32.4 
REGINN:Gradient::k=21: rdisc=0.968, norm=32.9 
REGINN:Gradient::k=22: rdisc=0.968, norm=33.0 
REGINN:Gradient::k=23: rdisc=0.968, norm=34.1 
REGINN:Gradient::k=24: rdisc=0.967, norm=34.2 
REGINN:Gradient::k=25: rdisc=0.967, norm=35.1 
REGINN:Gradient::k=26: rdisc=0.966, norm=35.2 
REGINN:Gradient::k=27: rdisc=0.966, norm=35.5 
REGINN:Gradient::k=28: rdisc=0.966, norm=35.6 
REGINN:Gradient::k=29: rdisc=0.966, norm=36.2 
REGINN:Gradient::k=30: rdisc=0.965, norm=36.2 
REGINN:Gradient::k=31: rdisc=0.964, norm=39.3 
REGINN:Gradient::k=32: rdisc=0.963, norm=39.4 
REGINN:Gradient::k=33: rdisc=0.952, norm=66.5 
REGINN:Gradient::Target discrepancy reached after 33 iterations.
REGINN::i=25: rdisc=0.0135, rnorm=0.774, rerr=0.530
REGINN::-1.32 ≤ estimate ≤ 14.9
REGINN::
REGINN::Solving linear problem using rtol=0.909 and max_iter=117
REGINN:Gradient::k=0 : rdisc=1.00 , norm=0.00 
REGINN:Gradient::k=1 : rdisc=0.995, norm=1.43 
REGINN:Gradient::k=2 : rdisc=0.992, norm=1.80 
REGINN:Gradient::k=3 : rdisc=0.992, norm=2.13 
REGINN:Gradient::k=4 : rdisc=0.991, norm=2.43 
REGINN:Gradient::k=5 : rdisc=0.991, norm=2.60 
REGINN:Gradient::k=6 : rdisc=0.990, norm=2.89 
REGINN:Gradient::k=7 : rdisc=0.990, norm=3.00 
REGINN:Gradient::k=8 : rdisc=0.990, norm=3.59 
REGINN:Gradient::k=9 : rdisc=0.989, norm=3.65 
REGINN:Gradient::k=10: rdisc=0.988, norm=6.04 
REGINN:Gradient::k=11: rdisc=0.987, norm=6.11 
REGINN:Gradient::k=12: rdisc=0.985, norm=8.83 
REGINN:Gradient::k=13: rdisc=0.985, norm=8.94 
REGINN:Gradient::k=14: rdisc=0.984, norm=9.08 
REGINN:Gradient::k=15: rdisc=0.984, norm=9.19 
REGINN:Gradient::k=16: rdisc=0.984, norm=9.50 
REGINN:Gradient::k=17: rdisc=0.984, norm=9.58 
REGINN:Gradient::k=18: rdisc=0.983, norm=10.7 
REGINN:Gradient::k=19: rdisc=0.983, norm=10.7 
REGINN:Gradient::k=20: rdisc=0.980, norm=16.7 
REGINN:Gradient::k=21: rdisc=0.978, norm=16.8 
REGINN:Gradient::k=22: rdisc=0.977, norm=17.5 
REGINN:Gradient::k=23: rdisc=0.977, norm=17.7 
REGINN:Gradient::k=24: rdisc=0.977, norm=18.0 
REGINN:Gradient::k=25: rdisc=0.977, norm=18.0 
REGINN:Gradient::k=26: rdisc=0.977, norm=18.6 
REGINN:Gradient::k=27: rdisc=0.976, norm=18.6 
REGINN:Gradient::k=28: rdisc=0.973, norm=26.6 
REGINN:Gradient::k=29: rdisc=0.970, norm=26.5 
REGINN:Gradient::k=30: rdisc=0.970, norm=26.8 
REGINN:Gradient::k=31: rdisc=0.970, norm=27.1 
REGINN:Gradient::k=32: rdisc=0.970, norm=27.2 
REGINN:Gradient::k=33: rdisc=0.970, norm=27.5 
REGINN:Gradient::k=34: rdisc=0.969, norm=27.6 
REGINN:Gradient::k=35: rdisc=0.969, norm=29.2 
REGINN:Gradient::k=36: rdisc=0.968, norm=29.3 
REGINN:Gradient::k=37: rdisc=0.959, norm=52.6 
REGINN:Gradient::k=38: rdisc=0.951, norm=52.8 
REGINN:Gradient::k=39: rdisc=0.951, norm=53.0 
REGINN:Gradient::k=40: rdisc=0.950, norm=53.1 
REGINN:Gradient::k=41: rdisc=0.950, norm=53.2 
REGINN:Gradient::k=42: rdisc=0.950, norm=53.3 
REGINN:Gradient::k=43: rdisc=0.950, norm=53.8 
REGINN:Gradient::k=44: rdisc=0.950, norm=53.8 
REGINN:Gradient::k=45: rdisc=0.949, norm=55.9 
REGINN:Gradient::k=46: rdisc=0.948, norm=56.0 
REGINN:Gradient::k=47: rdisc=0.946, norm=61.7 
REGINN:Gradient::k=48: rdisc=0.945, norm=61.8 
REGINN:Gradient::k=49: rdisc=0.944, norm=61.9 
REGINN:Gradient::k=50: rdisc=0.944, norm=61.9 
REGINN:Gradient::k=51: rdisc=0.944, norm=62.2 
REGINN:Gradient::k=52: rdisc=0.943, norm=62.3 
REGINN:Gradient::k=53: rdisc=0.943, norm=63.1 
REGINN:Gradient::k=54: rdisc=0.943, norm=63.2 
REGINN:Gradient::k=55: rdisc=0.941, norm=68.1 
REGINN:Gradient::k=56: rdisc=0.939, norm=68.2 
REGINN:Gradient::k=57: rdisc=0.938, norm=69.2 
REGINN:Gradient::k=58: rdisc=0.938, norm=69.4 
REGINN:Gradient::k=59: rdisc=0.938, norm=69.5 
REGINN:Gradient::k=60: rdisc=0.938, norm=69.9 
REGINN:Gradient::k=61: rdisc=0.938, norm=70.0 
REGINN:Gradient::k=62: rdisc=0.937, norm=72.0 
REGINN:Gradient::k=63: rdisc=0.936, norm=72.0 
REGINN:Gradient::k=64: rdisc=0.936, norm=72.9 
REGINN:Gradient::k=65: rdisc=0.935, norm=73.0 
REGINN:Gradient::k=66: rdisc=0.935, norm=73.1 
REGINN:Gradient::k=67: rdisc=0.935, norm=73.3 
REGINN:Gradient::k=68: rdisc=0.935, norm=73.4 
REGINN:Gradient::k=69: rdisc=0.935, norm=73.5 
REGINN:Gradient::k=70: rdisc=0.935, norm=73.7 
REGINN:Gradient::k=71: rdisc=0.935, norm=73.8 
REGINN:Gradient::k=72: rdisc=0.935, norm=74.4 
REGINN:Gradient::k=73: rdisc=0.934, norm=74.4 
REGINN:Gradient::k=74: rdisc=0.933, norm=79.1 
REGINN:Gradient::k=75: rdisc=0.931, norm=79.2 
REGINN:Gradient::k=76: rdisc=0.928, norm=86.9 
REGINN:Gradient::k=77: rdisc=0.926, norm=86.9 
REGINN:Gradient::k=78: rdisc=0.926, norm=86.9 
REGINN:Gradient::k=79: rdisc=0.926, norm=87.0 
REGINN:Gradient::k=80: rdisc=0.925, norm=87.1 
REGINN:Gradient::k=81: rdisc=0.925, norm=87.2 
REGINN:Gradient::k=82: rdisc=0.925, norm=87.4 
REGINN:Gradient::k=83: rdisc=0.925, norm=87.4 
REGINN:Gradient::k=84: rdisc=0.925, norm=87.8 
REGINN:Gradient::k=85: rdisc=0.925, norm=87.9 
REGINN:Gradient::k=86: rdisc=0.924, norm=90.3 
REGINN:Gradient::k=87: rdisc=0.923, norm=90.4 
REGINN:Gradient::k=88: rdisc=0.921, norm=94.5 
REGINN:Gradient::k=89: rdisc=0.921, norm=94.5 
REGINN:Gradient::k=90: rdisc=0.920, norm=94.6 
REGINN:Gradient::k=91: rdisc=0.920, norm=94.7 
REGINN:Gradient::k=92: rdisc=0.920, norm=94.9 
REGINN:Gradient::k=93: rdisc=0.920, norm=95.0 
REGINN:Gradient::k=94: rdisc=0.919, norm=95.9 
REGINN:Gradient::k=95: rdisc=0.919, norm=96.0 
REGINN:Gradient::k=96: rdisc=0.917, norm=102. 
REGINN:Gradient::k=97: rdisc=0.915, norm=102. 
REGINN:Gradient::k=98: rdisc=0.914, norm=102. 
REGINN:Gradient::k=99: rdisc=0.914, norm=102. 
REGINN:Gradient::k=100: rdisc=0.914, norm=103. 
REGINN:Gradient::k=101: rdisc=0.914, norm=103. 
REGINN:Gradient::k=102: rdisc=0.914, norm=103. 
REGINN:Gradient::k=103: rdisc=0.914, norm=103. 
REGINN:Gradient::k=104: rdisc=0.914, norm=103. 
REGINN:Gradient::k=105: rdisc=0.913, norm=105. 
REGINN:Gradient::k=106: rdisc=0.913, norm=105. 
REGINN:Gradient::k=107: rdisc=0.884, norm=183. 
REGINN:Gradient::Target discrepancy reached after 107 iterations.
REGINN::i=26: rdisc=0.0121, rnorm=0.788, rerr=0.518
REGINN::-1.34 ≤ estimate ≤ 14.3
REGINN::
REGINN::Solving linear problem using rtol=0.972 and max_iter=140
REGINN:Gradient::k=0 : rdisc=1.00 , norm=0.00 
REGINN:Gradient::k=1 : rdisc=0.990, norm=2.06 
REGINN:Gradient::k=2 : rdisc=0.984, norm=2.59 
REGINN:Gradient::k=3 : rdisc=0.981, norm=3.18 
REGINN:Gradient::k=4 : rdisc=0.979, norm=3.84 
REGINN:Gradient::k=5 : rdisc=0.978, norm=4.14 
REGINN:Gradient::k=6 : rdisc=0.976, norm=4.81 
REGINN:Gradient::k=7 : rdisc=0.976, norm=5.01 
REGINN:Gradient::k=8 : rdisc=0.975, norm=5.69 
REGINN:Gradient::k=9 : rdisc=0.974, norm=5.81 
REGINN:Gradient::k=10: rdisc=0.973, norm=6.58 
REGINN:Gradient::k=11: rdisc=0.973, norm=6.65 
REGINN:Gradient::k=12: rdisc=0.972, norm=7.92 
REGINN:Gradient::Target discrepancy reached after 12 iterations.
REGINN::i=27: rdisc=0.0117, rnorm=0.788, rerr=0.518
REGINN::-1.34 ≤ estimate ≤ 14.3
REGINN::
REGINN::Solving linear problem using rtol=0.923 and max_iter=119
REGINN:Gradient::k=0 : rdisc=1.00 , norm=0.00 
REGINN:Gradient::k=1 : rdisc=0.999, norm=0.402
REGINN:Gradient::k=2 : rdisc=0.996, norm=7.64 
REGINN:Gradient::k=3 : rdisc=0.994, norm=7.61 
REGINN:Gradient::k=4 : rdisc=0.994, norm=7.61 
REGINN:Gradient::k=5 : rdisc=0.993, norm=7.70 
REGINN:Gradient::k=6 : rdisc=0.993, norm=7.76 
REGINN:Gradient::k=7 : rdisc=0.993, norm=7.88 
REGINN:Gradient::k=8 : rdisc=0.993, norm=7.95 
REGINN:Gradient::k=9 : rdisc=0.993, norm=8.11 
REGINN:Gradient::k=10: rdisc=0.993, norm=8.18 
REGINN:Gradient::k=11: rdisc=0.993, norm=8.45 
REGINN:Gradient::k=12: rdisc=0.992, norm=8.49 
REGINN:Gradient::k=13: rdisc=0.992, norm=9.65 
REGINN:Gradient::k=14: rdisc=0.991, norm=9.66 
REGINN:Gradient::k=15: rdisc=0.987, norm=20.3 
REGINN:Gradient::k=16: rdisc=0.983, norm=20.3 
REGINN:Gradient::k=17: rdisc=0.983, norm=20.7 
REGINN:Gradient::k=18: rdisc=0.983, norm=21.0 
REGINN:Gradient::k=19: rdisc=0.983, norm=21.3 
REGINN:Gradient::k=20: rdisc=0.982, norm=21.4 
REGINN:Gradient::k=21: rdisc=0.982, norm=21.5 
REGINN:Gradient::k=22: rdisc=0.982, norm=21.6 
REGINN:Gradient::k=23: rdisc=0.982, norm=21.8 
REGINN:Gradient::k=24: rdisc=0.982, norm=21.9 
REGINN:Gradient::k=25: rdisc=0.982, norm=22.0 
REGINN:Gradient::k=26: rdisc=0.982, norm=22.2 
REGINN:Gradient::k=27: rdisc=0.982, norm=22.2 
REGINN:Gradient::k=28: rdisc=0.982, norm=22.8 
REGINN:Gradient::k=29: rdisc=0.981, norm=22.8 
REGINN:Gradient::k=30: rdisc=0.979, norm=28.3 
REGINN:Gradient::k=31: rdisc=0.977, norm=28.3 
REGINN:Gradient::k=32: rdisc=0.976, norm=31.2 
REGINN:Gradient::k=33: rdisc=0.975, norm=31.3 
REGINN:Gradient::k=34: rdisc=0.975, norm=31.3 
REGINN:Gradient::k=35: rdisc=0.975, norm=31.5 
REGINN:Gradient::k=36: rdisc=0.975, norm=31.6 
REGINN:Gradient::k=37: rdisc=0.974, norm=32.2 
REGINN:Gradient::k=38: rdisc=0.974, norm=32.2 
REGINN:Gradient::k=39: rdisc=0.967, norm=51.7 
REGINN:Gradient::k=40: rdisc=0.960, norm=51.7 
REGINN:Gradient::k=41: rdisc=0.960, norm=52.0 
REGINN:Gradient::k=42: rdisc=0.959, norm=52.0 
REGINN:Gradient::k=43: rdisc=0.959, norm=52.2 
REGINN:Gradient::k=44: rdisc=0.959, norm=52.2 
REGINN:Gradient::k=45: rdisc=0.959, norm=52.6 
REGINN:Gradient::k=46: rdisc=0.959, norm=52.7 
REGINN:Gradient::k=47: rdisc=0.957, norm=56.7 
REGINN:Gradient::k=48: rdisc=0.956, norm=56.7 
REGINN:Gradient::k=49: rdisc=0.954, norm=60.9 
REGINN:Gradient::k=50: rdisc=0.953, norm=61.0 
REGINN:Gradient::k=51: rdisc=0.953, norm=61.1 
REGINN:Gradient::k=52: rdisc=0.953, norm=61.2 
REGINN:Gradient::k=53: rdisc=0.953, norm=61.3 
REGINN:Gradient::k=54: rdisc=0.953, norm=61.4 
REGINN:Gradient::k=55: rdisc=0.952, norm=61.5 
REGINN:Gradient::k=56: rdisc=0.952, norm=61.9 
REGINN:Gradient::k=57: rdisc=0.952, norm=62.0 
REGINN:Gradient::k=58: rdisc=0.951, norm=65.5 
REGINN:Gradient::k=59: rdisc=0.950, norm=65.6 
REGINN:Gradient::k=60: rdisc=0.949, norm=66.0 
REGINN:Gradient::k=61: rdisc=0.949, norm=66.1 
REGINN:Gradient::k=62: rdisc=0.949, norm=66.2 
REGINN:Gradient::k=63: rdisc=0.949, norm=66.3 
REGINN:Gradient::k=64: rdisc=0.949, norm=66.4 
REGINN:Gradient::k=65: rdisc=0.949, norm=66.6 
REGINN:Gradient::k=66: rdisc=0.949, norm=66.6 
REGINN:Gradient::k=67: rdisc=0.948, norm=67.4 
REGINN:Gradient::k=68: rdisc=0.948, norm=67.4 
REGINN:Gradient::k=69: rdisc=0.944, norm=77.5 
REGINN:Gradient::k=70: rdisc=0.941, norm=77.5 
REGINN:Gradient::k=71: rdisc=0.940, norm=78.0 
REGINN:Gradient::k=72: rdisc=0.940, norm=78.1 
REGINN:Gradient::k=73: rdisc=0.940, norm=78.2 
REGINN:Gradient::k=74: rdisc=0.940, norm=78.3 
REGINN:Gradient::k=75: rdisc=0.940, norm=78.4 
REGINN:Gradient::k=76: rdisc=0.940, norm=78.5 
REGINN:Gradient::k=77: rdisc=0.940, norm=78.8 
REGINN:Gradient::k=78: rdisc=0.940, norm=78.9 
REGINN:Gradient::k=79: rdisc=0.939, norm=81.0 
REGINN:Gradient::k=80: rdisc=0.938, norm=81.0 
REGINN:Gradient::k=81: rdisc=0.934, norm=90.7 
REGINN:Gradient::k=82: rdisc=0.933, norm=90.6 
REGINN:Gradient::k=83: rdisc=0.932, norm=90.7 
REGINN:Gradient::k=84: rdisc=0.932, norm=90.7 
REGINN:Gradient::k=85: rdisc=0.931, norm=90.8 
REGINN:Gradient::k=86: rdisc=0.931, norm=90.9 
REGINN:Gradient::k=87: rdisc=0.931, norm=91.1 
REGINN:Gradient::k=88: rdisc=0.931, norm=91.2 
REGINN:Gradient::k=89: rdisc=0.930, norm=92.5 
REGINN:Gradient::k=90: rdisc=0.930, norm=92.5 
REGINN:Gradient::k=91: rdisc=0.929, norm=95.0 
REGINN:Gradient::k=92: rdisc=0.928, norm=95.1 
REGINN:Gradient::k=93: rdisc=0.928, norm=95.2 
REGINN:Gradient::k=94: rdisc=0.928, norm=95.2 
REGINN:Gradient::k=95: rdisc=0.928, norm=95.5 
REGINN:Gradient::k=96: rdisc=0.928, norm=95.5 
REGINN:Gradient::k=97: rdisc=0.927, norm=96.9 
REGINN:Gradient::k=98: rdisc=0.927, norm=96.9 
REGINN:Gradient::k=99: rdisc=0.925, norm=101. 
REGINN:Gradient::k=100: rdisc=0.925, norm=101. 
REGINN:Gradient::k=101: rdisc=0.924, norm=101. 
REGINN:Gradient::k=102: rdisc=0.924, norm=101. 
REGINN:Gradient::k=103: rdisc=0.924, norm=101. 
REGINN:Gradient::k=104: rdisc=0.924, norm=101. 
REGINN:Gradient::k=105: rdisc=0.923, norm=102. 
REGINN:Gradient::k=106: rdisc=0.923, norm=102. 
REGINN:Gradient::Target discrepancy reached after 106 iterations.
REGINN::i=28: rdisc=0.0109, rnorm=0.795, rerr=0.512
REGINN::-1.35 ≤ estimate ≤ 13.6
REGINN::
REGINN::Solving linear problem using rtol=0.991 and max_iter=118
REGINN:Gradient::k=0 : rdisc=1.00 , norm=0.00 
REGINN:Gradient::k=1 : rdisc=1.00 , norm=0.510
REGINN:Gradient::k=2 : rdisc=0.999, norm=0.568
REGINN:Gradient::k=3 : rdisc=0.999, norm=0.643
REGINN:Gradient::k=4 : rdisc=0.999, norm=0.787
REGINN:Gradient::k=5 : rdisc=0.999, norm=0.846
REGINN:Gradient::k=6 : rdisc=0.999, norm=1.08 
REGINN:Gradient::k=7 : rdisc=0.999, norm=1.12 
REGINN:Gradient::k=8 : rdisc=0.998, norm=2.28 
REGINN:Gradient::k=9 : rdisc=0.998, norm=2.29 
REGINN:Gradient::k=10: rdisc=0.988, norm=26.0 
REGINN:Gradient::Target discrepancy reached after 10 iterations.
REGINN::i=29: rdisc=0.0108, rnorm=0.796, rerr=0.510
REGINN::-1.35 ≤ estimate ≤ 13.4
REGINN::
REGINN::Solving linear problem using rtol=0.942 and max_iter=116
REGINN:Gradient::k=0 : rdisc=1.00 , norm=0.00 
REGINN:Gradient::k=1 : rdisc=0.993, norm=0.909
REGINN:Gradient::k=2 : rdisc=0.993, norm=1.13 
REGINN:Gradient::k=3 : rdisc=0.993, norm=1.33 
REGINN:Gradient::k=4 : rdisc=0.992, norm=1.54 
REGINN:Gradient::k=5 : rdisc=0.992, norm=1.58 
REGINN:Gradient::k=6 : rdisc=0.992, norm=1.69 
REGINN:Gradient::k=7 : rdisc=0.992, norm=1.91 
REGINN:Gradient::k=8 : rdisc=0.992, norm=2.02 
REGINN:Gradient::k=9 : rdisc=0.991, norm=3.13 
REGINN:Gradient::k=10: rdisc=0.991, norm=3.27 
REGINN:Gradient::k=11: rdisc=0.990, norm=4.24 
REGINN:Gradient::k=12: rdisc=0.990, norm=4.32 
REGINN:Gradient::k=13: rdisc=0.990, norm=4.39 
REGINN:Gradient::k=14: rdisc=0.990, norm=4.48 
REGINN:Gradient::k=15: rdisc=0.990, norm=4.64 
REGINN:Gradient::k=16: rdisc=0.990, norm=4.72 
REGINN:Gradient::k=17: rdisc=0.989, norm=5.49 
REGINN:Gradient::k=18: rdisc=0.989, norm=5.58 
REGINN:Gradient::k=19: rdisc=0.983, norm=19.3 
REGINN:Gradient::k=20: rdisc=0.979, norm=19.4 
REGINN:Gradient::k=21: rdisc=0.979, norm=19.5 
REGINN:Gradient::k=22: rdisc=0.978, norm=19.6 
REGINN:Gradient::k=23: rdisc=0.978, norm=19.6 
REGINN:Gradient::k=24: rdisc=0.978, norm=19.7 
REGINN:Gradient::k=25: rdisc=0.978, norm=19.8 
REGINN:Gradient::k=26: rdisc=0.978, norm=19.9 
REGINN:Gradient::k=27: rdisc=0.978, norm=20.0 
REGINN:Gradient::k=28: rdisc=0.978, norm=20.1 
REGINN:Gradient::k=29: rdisc=0.978, norm=20.2 
REGINN:Gradient::k=30: rdisc=0.978, norm=20.3 
REGINN:Gradient::k=31: rdisc=0.978, norm=20.4 
REGINN:Gradient::k=32: rdisc=0.977, norm=20.7 
REGINN:Gradient::k=33: rdisc=0.977, norm=20.7 
REGINN:Gradient::k=34: rdisc=0.976, norm=23.9 
REGINN:Gradient::k=35: rdisc=0.975, norm=23.8 
REGINN:Gradient::k=36: rdisc=0.973, norm=27.4 
REGINN:Gradient::k=37: rdisc=0.973, norm=27.4 
REGINN:Gradient::k=38: rdisc=0.972, norm=27.5 
REGINN:Gradient::k=39: rdisc=0.972, norm=27.6 
REGINN:Gradient::k=40: rdisc=0.972, norm=27.7 
REGINN:Gradient::k=41: rdisc=0.972, norm=28.2 
REGINN:Gradient::k=42: rdisc=0.972, norm=28.2 
REGINN:Gradient::k=43: rdisc=0.971, norm=30.2 
REGINN:Gradient::k=44: rdisc=0.970, norm=30.2 
REGINN:Gradient::k=45: rdisc=0.970, norm=30.5 
REGINN:Gradient::k=46: rdisc=0.970, norm=30.7 
REGINN:Gradient::k=47: rdisc=0.970, norm=31.0 
REGINN:Gradient::k=48: rdisc=0.970, norm=31.1 
REGINN:Gradient::k=49: rdisc=0.969, norm=31.2 
REGINN:Gradient::k=50: rdisc=0.969, norm=31.3 
REGINN:Gradient::k=51: rdisc=0.969, norm=31.4 
REGINN:Gradient::k=52: rdisc=0.969, norm=31.5 
REGINN:Gradient::k=53: rdisc=0.969, norm=31.7 
REGINN:Gradient::k=54: rdisc=0.969, norm=31.7 
REGINN:Gradient::k=55: rdisc=0.969, norm=33.1 
REGINN:Gradient::k=56: rdisc=0.968, norm=33.1 
REGINN:Gradient::k=57: rdisc=0.950, norm=80.8 
REGINN:Gradient::k=58: rdisc=0.939, norm=80.7 
REGINN:Gradient::Target discrepancy reached after 58 iterations.
REGINN::Saving current residual in ./step-0030/
REGINN::Saving current estimate in ./step-0030/
REGINN::i=30: rdisc=0.0102, rnorm=0.802, rerr=0.505
REGINN::-1.35 ≤ estimate ≤ 12.8
REGINN::
REGINN::Solving linear problem using rtol=0.990 and max_iter=68
REGINN:Gradient::k=0 : rdisc=1.00 , norm=0.00 
REGINN:Gradient::k=1 : rdisc=0.996, norm=0.729
REGINN:Gradient::k=2 : rdisc=0.995, norm=0.854
REGINN:Gradient::k=3 : rdisc=0.995, norm=1.23 
REGINN:Gradient::k=4 : rdisc=0.994, norm=1.32 
REGINN:Gradient::k=5 : rdisc=0.994, norm=1.69 
REGINN:Gradient::k=6 : rdisc=0.993, norm=1.74 
REGINN:Gradient::k=7 : rdisc=0.993, norm=2.15 
REGINN:Gradient::k=8 : rdisc=0.993, norm=2.18 
REGINN:Gradient::k=9 : rdisc=0.992, norm=2.70 
REGINN:Gradient::k=10: rdisc=0.992, norm=2.72 
REGINN:Gradient::k=11: rdisc=0.991, norm=4.51 
REGINN:Gradient::k=12: rdisc=0.991, norm=4.54 
REGINN:Gradient::k=13: rdisc=0.990, norm=5.86 
REGINN:Gradient::Target discrepancy reached after 13 iterations.
REGINN::i=31: rdisc=0.0101, rnorm=0.802, rerr=0.505
REGINN::-1.35 ≤ estimate ≤ 12.7
REGINN::
REGINN::Solving linear problem using rtol=0.993 and max_iter=71
REGINN:Gradient::k=0 : rdisc=1.00 , norm=0.00 
REGINN:Gradient::k=1 : rdisc=1.00 , norm=0.273
REGINN:Gradient::k=2 : rdisc=1.00 , norm=0.315
REGINN:Gradient::k=3 : rdisc=0.999, norm=0.445
REGINN:Gradient::k=4 : rdisc=0.999, norm=0.492
REGINN:Gradient::k=5 : rdisc=0.999, norm=0.630
REGINN:Gradient::k=6 : rdisc=0.999, norm=0.662
REGINN:Gradient::k=7 : rdisc=0.999, norm=0.994
REGINN:Gradient::k=8 : rdisc=0.999, norm=1.01 
REGINN:Gradient::k=9 : rdisc=0.997, norm=4.89 
REGINN:Gradient::k=10: rdisc=0.996, norm=4.89 
REGINN:Gradient::k=11: rdisc=0.995, norm=6.28 
REGINN:Gradient::k=12: rdisc=0.995, norm=6.29 
REGINN:Gradient::k=13: rdisc=0.995, norm=6.36 
REGINN:Gradient::k=14: rdisc=0.995, norm=6.40 
REGINN:Gradient::k=15: rdisc=0.995, norm=6.57 
REGINN:Gradient::k=16: rdisc=0.995, norm=6.60 
REGINN:Gradient::k=17: rdisc=0.994, norm=7.32 
REGINN:Gradient::k=18: rdisc=0.994, norm=7.34 
REGINN:Gradient::k=19: rdisc=0.992, norm=13.5 
REGINN:Gradient::Target discrepancy reached after 19 iterations.
REGINN::i=32: rdisc=0.00999, rnorm=0.803, rerr=0.504
REGINN::-1.35 ≤ estimate ≤ 12.6
REGINN::
REGINN::Saving current residual in ./step-0032/
REGINN::Saving current estimate in ./step-0032/
REGINN::Target discrepancy reached after 32 iterations.
REGINN::-1.35 ≤ estimate ≤ 12.6
Relative p-norm on top of (ℝⁿ, ‖·‖₂) with p=1.500000 error of the reconstruction: 0.504
reconstruction error in other norms: 
Relative (ℝⁿ, ‖·‖₂) error of the reconstruction: 0.541
Relative L²([0,T], L²(Ω)) error of the reconstruction: 0.485
Relative H¹([0,T], L²(Ω)) error of the reconstruction: 1.64
Relative H¹([0, T], H¹(Ω)) error of the reconstruction: 3.07
Relative H²([0,T], L²(Ω)) error of the reconstruction: 9.51
Relative p-norm on top of (ℝⁿ, ‖·‖₂) with p=1.500000 error of (reconstruction - initial guess): 0.504
reconstruction error in other norms: 
Relative (ℝⁿ, ‖·‖₂) error of (reconstruction - initial guess): 0.541
Relative L²([0,T], L²(Ω)) error of (reconstruction - initial guess): 0.485
Relative H¹([0,T], L²(Ω)) error of (reconstruction - initial guess): 1.64
Relative H¹([0, T], H¹(Ω)) error of (reconstruction - initial guess): 3.07
Relative H²([0,T], L²(Ω)) error of (reconstruction - initial guess): 9.51
stats::forward              : 34 calls, average 1.4s per call
stats::linearization forward: 929 calls, average 1.3s per call
stats::linearization adjoint: 929 calls, average 1.3s per call
stats::measure forward      : 963 calls, average 344.9µs per call
stats::measure adjoint      : 929 calls, average 273.3µs per call
stats::total wall time      : 42min 9s
