JobId arch-vm0 Wed Mar  7 15:02:46 2018
wavepi cbd1f0d6
Release-Build, compiled on 2018-03-07T13:30:56Z from commit cbd1f0d62252788efb4b378cf0937ff8fbdbd134 ("Last output differently") on branch master

initialize_mesh::Number of active cells: 4096
initialize_mesh::Number of degrees of freedom in the first spatial mesh: 4225
initialize_mesh::cell diameters: minimal = 0.177, maximal = 0.177
initialize_mesh::dt: 0.0235
initialize_mesh::expected size of a DiscretizedFunction<dim>: 8.25 MiB
parameters:LogTransform::lower bound: 0.0
parameters:WaveEquation::max iter: 10000
parameters:WaveEquation::theta: 0.5
parameters:WaveEquation::tol: 1e-8
parameters:constraints::lower bound: 0.0
parameters:constraints::upper bound: 1e300
parameters:general::dimension: 2
parameters:general::finite element degree: 1
parameters:general::quadrature order: 3
parameters:inversion::method: REGINN
parameters:inversion::tau: 2
parameters:log::console depth: 2
parameters:log::file: wavepi.log
parameters:log::file depth: 4
parameters:mesh::end time: 6
parameters:mesh::initial refines: 6
parameters:mesh::initial time steps: 256
parameters:output::data: true
parameters:output::destination: ./step-{{i}}/
parameters:output::discrepancy decrease: 0.5
parameters:output::estimate: true
parameters:output::estimate transformed: false
parameters:output::exact: true
parameters:output::exact transformed: false
parameters:output::interval: 50
parameters:output::last: true
parameters:output::residual: true
parameters:output::statistics: history
parameters:problem::H1H1 beta: 0.5
parameters:problem::H1H1 gamma: 0.5
parameters:problem::H1L2 alpha: 0.5
parameters:problem::H2L2 alpha: 0.5
parameters:problem::H2L2 beta: 0.25
parameters:problem::constants: 
parameters:problem::epsilon: 1e-3
parameters:problem::initial guess: 1.0
parameters:problem::norm of codomain: L2L2
parameters:problem::norm of domain: H1L2
parameters:problem::parameter a: 1.0
parameters:problem::parameter c: 2.0
parameters:problem::parameter nu: 0.0
parameters:problem::parameter q: 1.5
parameters:problem::transform: Identity
parameters:problem::type: q
parameters:watchdog::discrepancy increasing: false
parameters:watchdog::discrepancy slope min values: 40
parameters:watchdog::discrepancy slope percentage: 0.25
parameters:watchdog::discrepancy slope threshold: 0.0
parameters:watchdog::discrepancy threshold: 10.0
parameters:watchdog::maximum iteration count: 0
REGINN::Saving exact parameter in ./step-0000/
REGINN::Saving data in ./step-0000/
REGINN::Saving current residual in ./step-0000/
REGINN::Saving current estimate in ./step-0000/
REGINN::i=0 : rdisc=0.172, rnorm=0.667, rerr=0.333
REGINN::1.00 ≤ estimate ≤ 1.00
REGINN::Solving linear problem using rtol=0.900 and max_iter=1
REGINN:CGLS::k=0 : rdisc=1.00 , norm=0.00 
REGINN:CGLS::k=1 : rdisc=0.412, norm=3.25 
REGINN:CGLS::Safeguarding: λ=0.878 ⇒ rdisc=0.900
REGINN:CGLS::Target discrepancy reached after 1 iteration.
REGINN::i=1 : rdisc=0.155, rnorm=0.672, rerr=0.328
REGINN::0.999 ≤ estimate ≤ 1.26
REGINN::
REGINN::Solving linear problem using rtol=0.900 and max_iter=2
REGINN:CGLS::k=0 : rdisc=1.00 , norm=0.00 
REGINN:CGLS::k=1 : rdisc=0.437, norm=2.97 
REGINN:CGLS::Safeguarding: λ=0.875 ⇒ rdisc=0.900
REGINN:CGLS::Target discrepancy reached after 1 iteration.
REGINN::i=2 : rdisc=0.140, rnorm=0.678, rerr=0.323
REGINN::0.999 ≤ estimate ≤ 1.50
REGINN::
REGINN::Solving linear problem using rtol=0.854 and max_iter=2
REGINN:CGLS::k=0 : rdisc=1.00 , norm=0.00 
REGINN:CGLS::k=1 : rdisc=0.467, norm=2.70 
REGINN:CGLS::Safeguarding: λ=0.809 ⇒ rdisc=0.854
REGINN:CGLS::Target discrepancy reached after 1 iteration.
REGINN::i=3 : rdisc=0.120, rnorm=0.687, rerr=0.317
REGINN::0.998 ≤ estimate ≤ 1.84
REGINN::
REGINN::Solving linear problem using rtol=0.811 and max_iter=2
REGINN:CGLS::k=0 : rdisc=1.00 , norm=0.00 
REGINN:CGLS::k=1 : rdisc=0.517, norm=2.33 
REGINN:CGLS::Safeguarding: λ=0.730 ⇒ rdisc=0.811
REGINN:CGLS::Target discrepancy reached after 1 iteration.
REGINN::i=4 : rdisc=0.0980, rnorm=0.698, rerr=0.310
REGINN::0.997 ≤ estimate ≤ 2.23
REGINN::
REGINN::Solving linear problem using rtol=0.769 and max_iter=2
REGINN:CGLS::k=0 : rdisc=1.00 , norm=0.00 
REGINN:CGLS::k=1 : rdisc=0.593, norm=1.89 
REGINN:CGLS::Safeguarding: λ=0.609 ⇒ rdisc=0.769
REGINN:CGLS::Target discrepancy reached after 1 iteration.
REGINN::Saving current residual in ./step-0005/
REGINN::Saving current estimate in ./step-0005/
REGINN::i=5 : rdisc=0.0759, rnorm=0.712, rerr=0.303
REGINN::0.995 ≤ estimate ≤ 2.68
REGINN::
REGINN::Solving linear problem using rtol=0.730 and max_iter=2
REGINN:CGLS::k=0 : rdisc=1.00 , norm=0.00 
REGINN:CGLS::k=1 : rdisc=0.695, norm=1.46 
REGINN:CGLS::Safeguarding: λ=0.310 ⇒ rdisc=0.730
REGINN:CGLS::Target discrepancy reached after 1 iteration.
REGINN::i=6 : rdisc=0.0558, rnorm=0.735, rerr=0.294
REGINN::0.992 ≤ estimate ≤ 3.19
REGINN::
REGINN::Solving linear problem using rtol=0.693 and max_iter=2
REGINN:CGLS::k=0 : rdisc=1.00 , norm=0.00 
REGINN:CGLS::k=1 : rdisc=0.767, norm=1.42 
REGINN:CGLS::k=2 : rdisc=0.342, norm=4.19 
REGINN:CGLS::Safeguarding: λ=0.878 ⇒ rdisc=0.693
REGINN:CGLS::Target discrepancy reached after 2 iterations.
REGINN::i=7 : rdisc=0.0385, rnorm=0.771, rerr=0.271
REGINN::0.984 ≤ estimate ≤ 3.05
REGINN::
REGINN::Solving linear problem using rtol=0.658 and max_iter=3
REGINN:CGLS::k=0 : rdisc=1.00 , norm=0.00 
REGINN:CGLS::k=1 : rdisc=0.780, norm=1.36 
REGINN:CGLS::k=2 : rdisc=0.570, norm=2.48 
REGINN:CGLS::Safeguarding: λ=0.615 ⇒ rdisc=0.658
REGINN:CGLS::Target discrepancy reached after 2 iterations.
REGINN::Saving current residual in ./step-0008/
REGINN::Saving current estimate in ./step-0008/
REGINN::i=8 : rdisc=0.0249, rnorm=0.797, rerr=0.248
REGINN::0.973 ≤ estimate ≤ 2.15
REGINN::
REGINN::Solving linear problem using rtol=0.624 and max_iter=4
REGINN:CGLS::k=0 : rdisc=1.00 , norm=0.00 
REGINN:CGLS::k=1 : rdisc=0.833, norm=0.548
REGINN:CGLS::k=2 : rdisc=0.743, norm=0.883
REGINN:CGLS::k=3 : rdisc=0.467, norm=1.99 
REGINN:CGLS::Safeguarding: λ=0.717 ⇒ rdisc=0.624
REGINN:CGLS::Target discrepancy reached after 3 iterations.
REGINN::i=9 : rdisc=0.0154, rnorm=0.825, rerr=0.237
REGINN::0.965 ≤ estimate ≤ 1.99
REGINN::
REGINN::Solving linear problem using rtol=0.592 and max_iter=5
REGINN:CGLS::k=0 : rdisc=1.00 , norm=0.00 
REGINN:CGLS::k=1 : rdisc=0.930, norm=0.165
REGINN:CGLS::k=2 : rdisc=0.822, norm=0.500
REGINN:CGLS::k=3 : rdisc=0.523, norm=1.48 
REGINN:CGLS::Safeguarding: λ=0.438 ⇒ rdisc=0.592
REGINN:CGLS::Target discrepancy reached after 3 iterations.
REGINN::Saving current residual in ./step-0010/
REGINN::Saving current estimate in ./step-0010/
REGINN::i=10: rdisc=0.00908, rnorm=0.846, rerr=0.229
REGINN::0.957 ≤ estimate ≤ 1.81
REGINN::
REGINN::Solving linear problem using rtol=0.562 and max_iter=6
REGINN:CGLS::k=0 : rdisc=1.00 , norm=0.00 
REGINN:CGLS::k=1 : rdisc=0.950, norm=0.126
REGINN:CGLS::k=2 : rdisc=0.900, norm=0.264
REGINN:CGLS::k=3 : rdisc=0.652, norm=0.997
REGINN:CGLS::k=4 : rdisc=0.585, norm=1.16 
REGINN:CGLS::k=5 : rdisc=0.529, norm=1.31 
REGINN:CGLS::Safeguarding: λ=0.759 ⇒ rdisc=0.562
REGINN:CGLS::Target discrepancy reached after 5 iterations.
REGINN::i=11: rdisc=0.00513, rnorm=0.865, rerr=0.221
REGINN::0.948 ≤ estimate ≤ 1.82
REGINN::
REGINN::Solving linear problem using rtol=0.533 and max_iter=8
REGINN:CGLS::k=0 : rdisc=1.00 , norm=0.00 
REGINN:CGLS::k=1 : rdisc=0.960, norm=0.0905
REGINN:CGLS::k=2 : rdisc=0.834, norm=0.390
REGINN:CGLS::k=3 : rdisc=0.814, norm=0.438
REGINN:CGLS::k=4 : rdisc=0.763, norm=0.567
REGINN:CGLS::k=5 : rdisc=0.710, norm=0.708
REGINN:CGLS::k=6 : rdisc=0.671, norm=0.818
REGINN:CGLS::k=7 : rdisc=0.586, norm=1.05 
REGINN:CGLS::k=8 : rdisc=0.530, norm=1.20 
REGINN:CGLS::Safeguarding: λ=0.259 ⇒ rdisc=0.533
REGINN:CGLS::Target discrepancy reached after 8 iterations.
REGINN::Saving current residual in ./step-0012/
REGINN::Saving current estimate in ./step-0012/
REGINN::i=12: rdisc=0.00276, rnorm=0.875, rerr=0.213
REGINN::0.940 ≤ estimate ≤ 1.77
REGINN::
REGINN::Solving linear problem using rtol=0.723 and max_iter=13
REGINN:CGLS::k=0 : rdisc=1.00 , norm=0.00 
REGINN:CGLS::k=1 : rdisc=0.982, norm=0.0147
REGINN:CGLS::k=2 : rdisc=0.950, norm=0.0531
REGINN:CGLS::k=3 : rdisc=0.920, norm=0.0983
REGINN:CGLS::k=4 : rdisc=0.909, norm=0.118
REGINN:CGLS::k=5 : rdisc=0.894, norm=0.147
REGINN:CGLS::k=6 : rdisc=0.858, norm=0.229
REGINN:CGLS::k=7 : rdisc=0.806, norm=0.362
REGINN:CGLS::k=8 : rdisc=0.784, norm=0.419
REGINN:CGLS::k=9 : rdisc=0.761, norm=0.477
REGINN:CGLS::k=10: rdisc=0.732, norm=0.554
REGINN:CGLS::k=11: rdisc=0.686, norm=0.681
REGINN:CGLS::Safeguarding: λ=0.890 ⇒ rdisc=0.723
REGINN:CGLS::Target discrepancy reached after 11 iterations.
REGINN::i=13: rdisc=0.00200, rnorm=0.879, rerr=0.210
REGINN::0.935 ≤ estimate ≤ 1.77
REGINN::
REGINN::Saving current residual in ./step-0013/
REGINN::Saving current estimate in ./step-0013/
REGINN::Target discrepancy reached after 13 iterations.
REGINN::0.935 ≤ estimate ≤ 1.77
Relative ℝⁿ error of the reconstruction: 0.201
Relative L²([0,T], L²(Ω)) error of the reconstruction: 0.194
Relative H¹([0,T], L²(Ω)) error of the reconstruction: 0.210
Relative H¹([0,T], H¹(Ω)) error of the reconstruction: 0.425
Relative H²([0,T], L²(Ω)) error of the reconstruction: 0.283
Relative ℝⁿ error of (reconstruction - initial guess): 0.602
Relative L²([0,T], L²(Ω)) error of (reconstruction - initial guess): 0.581
Relative H¹([0,T], L²(Ω)) error of (reconstruction - initial guess): 0.631
Relative H¹([0,T], H¹(Ω)) error of (reconstruction - initial guess): 1.27
Relative H²([0,T], L²(Ω)) error of (reconstruction - initial guess): 0.850
stats::forward              : 15 calls, average 17.1s per call
stats::linearization forward: 40 calls, average 17.5s per call
stats::linearization adjoint: 40 calls, average 19.2s per call
stats::measure forward      : 55 calls, average 10.5ms per call
stats::measure adjoint      : 40 calls, average 7.7ms per call
stats::total wall time      : 35min 36s
