JobId arch-vm0 Wed Mar  7 15:52:45 2018
wavepi cbd1f0d6
Release-Build, compiled on 2018-03-07T13:30:56Z from commit cbd1f0d62252788efb4b378cf0937ff8fbdbd134 ("Last output differently") on branch master

initialize_mesh::Number of active cells: 1024
initialize_mesh::Number of degrees of freedom in the first spatial mesh: 1089
initialize_mesh::cell diameters: minimal = 0.354, maximal = 0.354
initialize_mesh::dt: 0.0235
initialize_mesh::expected size of a DiscretizedFunction<dim>: 2.13 MiB
parameters:LogTransform::lower bound: 0.0
parameters:WaveEquation::max iter: 10000
parameters:WaveEquation::theta: 0.5
parameters:WaveEquation::tol: 1e-8
parameters:constraints::lower bound: -1e300
parameters:constraints::upper bound: 1e300
parameters:general::dimension: 2
parameters:general::finite element degree: 1
parameters:general::quadrature order: 3
parameters:inversion::method: REGINN
parameters:inversion::tau: 2
parameters:log::console depth: 2
parameters:log::file: wavepi.log
parameters:log::file depth: 4
parameters:mesh::end time: 6
parameters:mesh::initial refines: 5
parameters:mesh::initial time steps: 256
parameters:output::data: true
parameters:output::destination: ./step-{{i}}/
parameters:output::discrepancy decrease: 0.5
parameters:output::estimate: true
parameters:output::estimate transformed: false
parameters:output::exact: true
parameters:output::exact transformed: false
parameters:output::interval: 50
parameters:output::last: true
parameters:output::residual: true
parameters:output::statistics: history
parameters:problem::H1H1 beta: 0.5
parameters:problem::H1H1 gamma: 0.5
parameters:problem::H1L2 alpha: 0.5
parameters:problem::H2L2 alpha: 0.5
parameters:problem::H2L2 beta: 0.25
parameters:problem::constants: 
parameters:problem::epsilon: 1e-3
parameters:problem::initial guess: 1.0
parameters:problem::norm of codomain: L2L2
parameters:problem::norm of domain: H1L2
parameters:problem::parameter a: 1.0
parameters:problem::parameter c: 2.0
parameters:problem::parameter nu: 0.0
parameters:problem::parameter q: 1.5
parameters:problem::transform: Log
parameters:problem::type: q
parameters:watchdog::discrepancy increasing: false
parameters:watchdog::discrepancy slope min values: 40
parameters:watchdog::discrepancy slope percentage: 0.25
parameters:watchdog::discrepancy slope threshold: 0.0
parameters:watchdog::discrepancy threshold: 10.0
parameters:watchdog::maximum iteration count: 0
REGINN::Saving exact parameter in ./step-0000/
REGINN::Saving data in ./step-0000/
REGINN::Saving current residual in ./step-0000/
REGINN::Saving current estimate in ./step-0000/
REGINN::i=0 : rdisc=0.175, rnorm=0.00 , rerr=1.00 
REGINN::0.00 ≤ estimate ≤ 0.00
REGINN::Solving linear problem using rtol=0.900 and max_iter=1
REGINN:CGLS::k=0 : rdisc=1.00 , norm=0.00 
REGINN:CGLS::k=1 : rdisc=0.457, norm=1.55 
REGINN:CGLS::Safeguarding: λ=0.872 ⇒ rdisc=0.900
REGINN:CGLS::Target discrepancy reached after 1 iteration.
REGINN::i=1 : rdisc=0.158, rnorm=0.0250, rerr=0.995
REGINN::-0.000303 ≤ estimate ≤ 0.356
REGINN::
REGINN::Solving linear problem using rtol=0.900 and max_iter=2
REGINN:CGLS::k=0 : rdisc=1.00 , norm=0.00 
REGINN:CGLS::k=1 : rdisc=0.510, norm=1.17 
REGINN:CGLS::Safeguarding: λ=0.862 ⇒ rdisc=0.900
REGINN:CGLS::Target discrepancy reached after 1 iteration.
REGINN::i=2 : rdisc=0.142, rnorm=0.0452, rerr=0.992
REGINN::-0.000531 ≤ estimate ≤ 0.740
REGINN::
REGINN::Solving linear problem using rtol=0.854 and max_iter=2
REGINN:CGLS::k=0 : rdisc=1.00 , norm=0.00 
REGINN:CGLS::k=1 : rdisc=0.585, norm=0.828
REGINN:CGLS::Safeguarding: λ=0.767 ⇒ rdisc=0.854
REGINN:CGLS::Target discrepancy reached after 1 iteration.
REGINN::i=3 : rdisc=0.121, rnorm=0.0690, rerr=0.989
REGINN::-0.000777 ≤ estimate ≤ 1.36
REGINN::
REGINN::Solving linear problem using rtol=0.811 and max_iter=2
REGINN:CGLS::k=0 : rdisc=1.00 , norm=0.00 
REGINN:CGLS::k=1 : rdisc=0.735, norm=0.388
REGINN:CGLS::Safeguarding: λ=0.504 ⇒ rdisc=0.811
REGINN:CGLS::Target discrepancy reached after 1 iteration.
REGINN::i=4 : rdisc=0.0959, rnorm=0.0913, rerr=0.987
REGINN::-0.000973 ≤ estimate ≤ 2.22
REGINN::
REGINN::Solving linear problem using rtol=0.769 and max_iter=2
REGINN:CGLS::k=0 : rdisc=1.00 , norm=0.00 
REGINN:CGLS::k=1 : rdisc=0.945, norm=0.0731
REGINN:CGLS::k=2 : rdisc=0.763, norm=0.670
REGINN:CGLS::Safeguarding: λ=0.172 ⇒ rdisc=0.769
REGINN:CGLS::Target discrepancy reached after 2 iterations.
REGINN::Saving current residual in ./step-0005/
REGINN::Saving current estimate in ./step-0005/
REGINN::i=5 : rdisc=0.0758, rnorm=0.141, rerr=0.975
REGINN::-0.00737 ≤ estimate ≤ 2.80
REGINN::
REGINN::Solving linear problem using rtol=0.730 and max_iter=3
REGINN:CGLS::k=0 : rdisc=1.00 , norm=0.00 
REGINN:CGLS::k=1 : rdisc=0.956, norm=0.0407
REGINN:CGLS::k=2 : rdisc=0.885, norm=0.285
REGINN:CGLS::k=3 : rdisc=0.774, norm=0.765
REGINN:CGLS::Unsuccessful termination after 3 iterations!
REGINN::Linear solver did not achieve desired discrepancy due to max_iter.
REGINN::i=6 : rdisc=0.0625, rnorm=0.213, rerr=0.952
REGINN::-0.00568 ≤ estimate ≤ 2.15
REGINN::
REGINN::Solving linear problem using rtol=0.693 and max_iter=5
REGINN:CGLS::k=0 : rdisc=1.00 , norm=0.00 
REGINN:CGLS::k=1 : rdisc=0.915, norm=0.0633
REGINN:CGLS::k=2 : rdisc=0.867, norm=0.199
REGINN:CGLS::k=3 : rdisc=0.812, norm=0.462
REGINN:CGLS::k=4 : rdisc=0.560, norm=1.70 
REGINN:CGLS::Safeguarding: λ=0.695 ⇒ rdisc=0.693
REGINN:CGLS::Target discrepancy reached after 4 iterations.
REGINN::i=7 : rdisc=0.0470, rnorm=0.272, rerr=0.924
REGINN::-0.0124 ≤ estimate ≤ 1.78
REGINN::
REGINN::Solving linear problem using rtol=0.658 and max_iter=7
REGINN:CGLS::k=0 : rdisc=1.00 , norm=0.00 
REGINN:CGLS::k=1 : rdisc=0.904, norm=0.0859
REGINN:CGLS::k=2 : rdisc=0.884, norm=0.112
REGINN:CGLS::k=3 : rdisc=0.770, norm=0.556
REGINN:CGLS::k=4 : rdisc=0.535, norm=1.46 
REGINN:CGLS::Safeguarding: λ=0.690 ⇒ rdisc=0.658
REGINN:CGLS::Target discrepancy reached after 4 iterations.
REGINN::Saving current residual in ./step-0008/
REGINN::Saving current estimate in ./step-0008/
REGINN::i=8 : rdisc=0.0318, rnorm=0.340, rerr=0.902
REGINN::-0.0206 ≤ estimate ≤ 1.63
REGINN::
REGINN::Solving linear problem using rtol=0.624 and max_iter=8
REGINN:CGLS::k=0 : rdisc=1.00 , norm=0.00 
REGINN:CGLS::k=1 : rdisc=0.928, norm=0.0529
REGINN:CGLS::k=2 : rdisc=0.897, norm=0.116
REGINN:CGLS::k=3 : rdisc=0.847, norm=0.274
REGINN:CGLS::k=4 : rdisc=0.656, norm=0.907
REGINN:CGLS::k=5 : rdisc=0.529, norm=1.27 
REGINN:CGLS::Safeguarding: λ=0.853 ⇒ rdisc=0.624
REGINN:CGLS::Target discrepancy reached after 5 iterations.
REGINN::i=9 : rdisc=0.0229, rnorm=0.429, rerr=0.881
REGINN::-0.0346 ≤ estimate ≤ 1.41
REGINN::
REGINN::Solving linear problem using rtol=0.592 and max_iter=9
REGINN:CGLS::k=0 : rdisc=1.00 , norm=0.00 
REGINN:CGLS::k=1 : rdisc=0.832, norm=0.0761
REGINN:CGLS::k=2 : rdisc=0.798, norm=0.110
REGINN:CGLS::k=3 : rdisc=0.754, norm=0.189
REGINN:CGLS::k=4 : rdisc=0.643, norm=0.535
REGINN:CGLS::k=5 : rdisc=0.538, norm=0.868
REGINN:CGLS::Safeguarding: λ=0.702 ⇒ rdisc=0.592
REGINN:CGLS::Target discrepancy reached after 5 iterations.
REGINN::Saving current residual in ./step-0010/
REGINN::Saving current estimate in ./step-0010/
REGINN::i=10: rdisc=0.0147, rnorm=0.456, rerr=0.868
REGINN::-0.0495 ≤ estimate ≤ 1.40
REGINN::
REGINN::Solving linear problem using rtol=0.562 and max_iter=10
REGINN:CGLS::k=0 : rdisc=1.00 , norm=0.00 
REGINN:CGLS::k=1 : rdisc=0.900, norm=0.0465
REGINN:CGLS::k=2 : rdisc=0.879, norm=0.0596
REGINN:CGLS::k=3 : rdisc=0.855, norm=0.0950
REGINN:CGLS::k=4 : rdisc=0.810, norm=0.214
REGINN:CGLS::k=5 : rdisc=0.631, norm=0.726
REGINN:CGLS::k=6 : rdisc=0.577, norm=0.863
REGINN:CGLS::k=7 : rdisc=0.510, norm=1.03 
REGINN:CGLS::Safeguarding: λ=0.877 ⇒ rdisc=0.562
REGINN:CGLS::Target discrepancy reached after 7 iterations.
REGINN::i=11: rdisc=0.00984, rnorm=0.517, rerr=0.852
REGINN::-0.0822 ≤ estimate ≤ 1.36
REGINN::
REGINN::Solving linear problem using rtol=0.533 and max_iter=12
REGINN:CGLS::k=0 : rdisc=1.00 , norm=0.00 
REGINN:CGLS::k=1 : rdisc=0.874, norm=0.0316
REGINN:CGLS::k=2 : rdisc=0.843, norm=0.0446
REGINN:CGLS::k=3 : rdisc=0.794, norm=0.0978
REGINN:CGLS::k=4 : rdisc=0.770, norm=0.135
REGINN:CGLS::k=5 : rdisc=0.744, norm=0.188
REGINN:CGLS::k=6 : rdisc=0.677, norm=0.354
REGINN:CGLS::k=7 : rdisc=0.632, norm=0.472
REGINN:CGLS::k=8 : rdisc=0.594, norm=0.571
REGINN:CGLS::k=9 : rdisc=0.572, norm=0.631
REGINN:CGLS::k=10: rdisc=0.521, norm=0.768
REGINN:CGLS::Safeguarding: λ=0.489 ⇒ rdisc=0.533
REGINN:CGLS::Target discrepancy reached after 10 iterations.
REGINN::Saving current residual in ./step-0012/
REGINN::Saving current estimate in ./step-0012/
REGINN::i=12: rdisc=0.00602, rnorm=0.531, rerr=0.840
REGINN::-0.166 ≤ estimate ≤ 1.39
REGINN::
REGINN::Solving linear problem using rtol=0.673 and max_iter=17
REGINN:CGLS::k=0 : rdisc=1.00 , norm=0.00 
REGINN:CGLS::k=1 : rdisc=0.875, norm=0.0192
REGINN:CGLS::k=2 : rdisc=0.860, norm=0.0259
REGINN:CGLS::k=3 : rdisc=0.844, norm=0.0465
REGINN:CGLS::k=4 : rdisc=0.825, norm=0.0822
REGINN:CGLS::k=5 : rdisc=0.814, norm=0.108
REGINN:CGLS::k=6 : rdisc=0.791, norm=0.161
REGINN:CGLS::k=7 : rdisc=0.759, norm=0.241
REGINN:CGLS::k=8 : rdisc=0.719, norm=0.349
REGINN:CGLS::k=9 : rdisc=0.709, norm=0.378
REGINN:CGLS::k=10: rdisc=0.695, norm=0.416
REGINN:CGLS::k=11: rdisc=0.614, norm=0.642
REGINN:CGLS::Safeguarding: λ=0.844 ⇒ rdisc=0.673
REGINN:CGLS::Target discrepancy reached after 11 iterations.
REGINN::i=13: rdisc=0.00428, rnorm=0.553, rerr=0.832
REGINN::-0.168 ≤ estimate ≤ 1.34
REGINN::
REGINN::Solving linear problem using rtol=0.702 and max_iter=21
REGINN:CGLS::k=0 : rdisc=1.00 , norm=0.00 
REGINN:CGLS::k=1 : rdisc=0.966, norm=0.0108
REGINN:CGLS::k=2 : rdisc=0.958, norm=0.0146
REGINN:CGLS::k=3 : rdisc=0.947, norm=0.0224
REGINN:CGLS::k=4 : rdisc=0.921, norm=0.0518
REGINN:CGLS::k=5 : rdisc=0.911, norm=0.0648
REGINN:CGLS::k=6 : rdisc=0.892, norm=0.0973
REGINN:CGLS::k=7 : rdisc=0.879, norm=0.123
REGINN:CGLS::k=8 : rdisc=0.858, norm=0.169
REGINN:CGLS::k=9 : rdisc=0.843, norm=0.206
REGINN:CGLS::k=10: rdisc=0.821, norm=0.265
REGINN:CGLS::k=11: rdisc=0.796, norm=0.337
REGINN:CGLS::k=12: rdisc=0.750, norm=0.468
REGINN:CGLS::k=13: rdisc=0.713, norm=0.571
REGINN:CGLS::k=14: rdisc=0.684, norm=0.649
REGINN:CGLS::Safeguarding: λ=0.781 ⇒ rdisc=0.702
REGINN:CGLS::Target discrepancy reached after 14 iterations.
REGINN::i=14: rdisc=0.00322, rnorm=0.567, rerr=0.820
REGINN::-0.309 ≤ estimate ≤ 1.40
REGINN::
REGINN::Solving linear problem using rtol=0.765 and max_iter=25
REGINN:CGLS::k=0 : rdisc=1.00 , norm=0.00 
REGINN:CGLS::k=1 : rdisc=0.961, norm=0.00956
REGINN:CGLS::k=2 : rdisc=0.949, norm=0.0132
REGINN:CGLS::k=3 : rdisc=0.941, norm=0.0170
REGINN:CGLS::k=4 : rdisc=0.932, norm=0.0241
REGINN:CGLS::k=5 : rdisc=0.919, norm=0.0386
REGINN:CGLS::k=6 : rdisc=0.913, norm=0.0465
REGINN:CGLS::k=7 : rdisc=0.907, norm=0.0584
REGINN:CGLS::k=8 : rdisc=0.902, norm=0.0694
REGINN:CGLS::k=9 : rdisc=0.891, norm=0.0959
REGINN:CGLS::k=10: rdisc=0.886, norm=0.112
REGINN:CGLS::k=11: rdisc=0.865, norm=0.174
REGINN:CGLS::k=12: rdisc=0.837, norm=0.261
REGINN:CGLS::k=13: rdisc=0.810, norm=0.348
REGINN:CGLS::k=14: rdisc=0.796, norm=0.393
REGINN:CGLS::k=15: rdisc=0.777, norm=0.450
REGINN:CGLS::k=16: rdisc=0.764, norm=0.491
REGINN:CGLS::Safeguarding: λ=0.247 ⇒ rdisc=0.765
REGINN:CGLS::Target discrepancy reached after 16 iterations.
REGINN::Saving current residual in ./step-0015/
REGINN::Saving current estimate in ./step-0015/
REGINN::i=15: rdisc=0.00277, rnorm=0.577, rerr=0.810
REGINN::-0.431 ≤ estimate ≤ 1.43
REGINN::
REGINN::Solving linear problem using rtol=0.794 and max_iter=30
REGINN:CGLS::k=0 : rdisc=1.00 , norm=0.00 
REGINN:CGLS::k=1 : rdisc=0.922, norm=0.00747
REGINN:CGLS::k=2 : rdisc=0.904, norm=0.0112
REGINN:CGLS::k=3 : rdisc=0.899, norm=0.0134
REGINN:CGLS::k=4 : rdisc=0.895, norm=0.0161
REGINN:CGLS::k=5 : rdisc=0.887, norm=0.0252
REGINN:CGLS::k=6 : rdisc=0.883, norm=0.0307
REGINN:CGLS::k=7 : rdisc=0.878, norm=0.0408
REGINN:CGLS::k=8 : rdisc=0.869, norm=0.0606
REGINN:CGLS::k=9 : rdisc=0.862, norm=0.0795
REGINN:CGLS::k=10: rdisc=0.860, norm=0.0831
REGINN:CGLS::k=11: rdisc=0.850, norm=0.112
REGINN:CGLS::k=12: rdisc=0.842, norm=0.140
REGINN:CGLS::k=13: rdisc=0.830, norm=0.177
REGINN:CGLS::k=14: rdisc=0.821, norm=0.207
REGINN:CGLS::k=15: rdisc=0.814, norm=0.232
REGINN:CGLS::k=16: rdisc=0.811, norm=0.241
REGINN:CGLS::k=17: rdisc=0.795, norm=0.299
REGINN:CGLS::k=18: rdisc=0.785, norm=0.334
REGINN:CGLS::Safeguarding: λ=0.937 ⇒ rdisc=0.794
REGINN:CGLS::Target discrepancy reached after 18 iterations.
REGINN::i=16: rdisc=0.00230, rnorm=0.584, rerr=0.804
REGINN::-0.448 ≤ estimate ≤ 1.44
REGINN::
REGINN::Solving linear problem using rtol=0.870 and max_iter=34
REGINN:CGLS::k=0 : rdisc=1.00 , norm=0.00 
REGINN:CGLS::k=1 : rdisc=0.976, norm=0.00524
REGINN:CGLS::k=2 : rdisc=0.971, norm=0.00674
REGINN:CGLS::k=3 : rdisc=0.967, norm=0.00856
REGINN:CGLS::k=4 : rdisc=0.963, norm=0.0115
REGINN:CGLS::k=5 : rdisc=0.957, norm=0.0187
REGINN:CGLS::k=6 : rdisc=0.952, norm=0.0260
REGINN:CGLS::k=7 : rdisc=0.946, norm=0.0394
REGINN:CGLS::k=8 : rdisc=0.943, norm=0.0454
REGINN:CGLS::k=9 : rdisc=0.937, norm=0.0596
REGINN:CGLS::k=10: rdisc=0.924, norm=0.0959
REGINN:CGLS::k=11: rdisc=0.922, norm=0.102
REGINN:CGLS::k=12: rdisc=0.908, norm=0.145
REGINN:CGLS::k=13: rdisc=0.905, norm=0.154
REGINN:CGLS::k=14: rdisc=0.900, norm=0.169
REGINN:CGLS::k=15: rdisc=0.894, norm=0.187
REGINN:CGLS::k=16: rdisc=0.884, norm=0.221
REGINN:CGLS::k=17: rdisc=0.878, norm=0.241
REGINN:CGLS::k=18: rdisc=0.869, norm=0.272
REGINN:CGLS::Safeguarding: λ=0.340 ⇒ rdisc=0.870
REGINN:CGLS::Target discrepancy reached after 18 iterations.
REGINN::i=17: rdisc=0.00225, rnorm=0.590, rerr=0.798
REGINN::-0.479 ≤ estimate ≤ 1.40
REGINN::
REGINN::Solving linear problem using rtol=0.890 and max_iter=36
REGINN:CGLS::k=0 : rdisc=1.00 , norm=0.00 
REGINN:CGLS::k=1 : rdisc=0.916, norm=0.00616
REGINN:CGLS::k=2 : rdisc=0.905, norm=0.00867
REGINN:CGLS::k=3 : rdisc=0.901, norm=0.0105
REGINN:CGLS::k=4 : rdisc=0.898, norm=0.0125
REGINN:CGLS::k=5 : rdisc=0.891, norm=0.0208
REGINN:CGLS::k=6 : rdisc=0.888, norm=0.0254
REGINN:CGLS::Safeguarding: λ=0.796 ⇒ rdisc=0.890
REGINN:CGLS::Target discrepancy reached after 6 iterations.
REGINN::i=18: rdisc=0.00201, rnorm=0.589, rerr=0.798
REGINN::-0.474 ≤ estimate ≤ 1.36
REGINN::
REGINN::Solving linear problem using rtol=0.995 and max_iter=24
REGINN:CGLS::k=0 : rdisc=1.00 , norm=0.00 
REGINN:CGLS::k=1 : rdisc=0.997, norm=0.00114
REGINN:CGLS::k=2 : rdisc=0.994, norm=0.00339
REGINN:CGLS::Safeguarding: λ=0.491 ⇒ rdisc=0.995
REGINN:CGLS::Target discrepancy reached after 2 iterations.
REGINN::i=19: rdisc=0.00200, rnorm=0.589, rerr=0.798
REGINN::-0.473 ≤ estimate ≤ 1.35
REGINN::
REGINN::Saving current residual in ./step-0019/
REGINN::Saving current estimate in ./step-0019/
REGINN::Target discrepancy reached after 19 iterations.
REGINN::-0.473 ≤ estimate ≤ 1.35
Relative ℝⁿ error of the reconstruction: 0.266
Relative L²([0,T], L²(Ω)) error of the reconstruction: 0.257
Relative H¹([0,T], L²(Ω)) error of the reconstruction: 0.271
Relative H¹([0,T], H¹(Ω)) error of the reconstruction: 0.585
Relative H²([0,T], L²(Ω)) error of the reconstruction: 0.436
Relative ℝⁿ error of (reconstruction - initial guess): 0.799
Relative L²([0,T], L²(Ω)) error of (reconstruction - initial guess): 0.771
Relative H¹([0,T], L²(Ω)) error of (reconstruction - initial guess): 0.814
Relative H¹([0,T], H¹(Ω)) error of (reconstruction - initial guess): 1.76
Relative H²([0,T], L²(Ω)) error of (reconstruction - initial guess): 1.31
stats::forward              : 21 calls, average 1.6s per call
stats::linearization forward: 129 calls, average 1.5s per call
stats::linearization adjoint: 129 calls, average 1.7s per call
stats::measure forward      : 150 calls, average 801.1µs per call
stats::measure adjoint      : 129 calls, average 707.0µs per call
stats::total wall time      : 9min 44s
